ARM GAS  C:\Users\Martin\AppData\Local\Temp\cc7vr5rA.s 			page 1


   1              		.syntax unified
   2              		.cpu cortex-m3
   3              		.fpu softvfp
   4              		.eabi_attribute 20, 1
   5              		.eabi_attribute 21, 1
   6              		.eabi_attribute 23, 3
   7              		.eabi_attribute 24, 1
   8              		.eabi_attribute 25, 1
   9              		.eabi_attribute 26, 1
  10              		.eabi_attribute 30, 6
  11              		.eabi_attribute 18, 4
  12              		.thumb
  13              		.file	"bal.c"
  14              		.section	.debug_abbrev,"",%progbits
  15              	.Ldebug_abbrev0:
  16              		.section	.debug_info,"",%progbits
  17              	.Ldebug_info0:
  18              		.section	.debug_line,"",%progbits
  19              	.Ldebug_line0:
  20 0000 44010000 		.text
  20      0200D900 
  20      00000201 
  20      FB0E0D00 
  20      01010101 
  21              	.Ltext0:
  22              		.cfi_sections	.debug_frame
  23              		.section	.text.BAL_ServoMsg,"ax",%progbits
  24              		.align	2
  25              		.global	BAL_ServoMsg
  26              		.thumb
  27              		.thumb_func
  28              		.type	BAL_ServoMsg, %function
  29              	BAL_ServoMsg:
  30              	.LFB29:
  31              		.file 1 "..\\..\\..\\Drive_Platform\\DrivePlatform.cydsn\\bal.c"
   1:..\..\..\Drive_Platform\DrivePlatform.cydsn/bal.c **** /* Copyright (C) <2014> <Martin Schalk>
   2:..\..\..\Drive_Platform\DrivePlatform.cydsn/bal.c ****  * All rights reserved.
   3:..\..\..\Drive_Platform\DrivePlatform.cydsn/bal.c ****  *
   4:..\..\..\Drive_Platform\DrivePlatform.cydsn/bal.c ****  * This software may be modified and distributed under the terms
   5:..\..\..\Drive_Platform\DrivePlatform.cydsn/bal.c ****  * of the BSD license.  See the LICENSE file for details.
   6:..\..\..\Drive_Platform\DrivePlatform.cydsn/bal.c ****  */
   7:..\..\..\Drive_Platform\DrivePlatform.cydsn/bal.c **** 
   8:..\..\..\Drive_Platform\DrivePlatform.cydsn/bal.c **** #include <project.h>
   9:..\..\..\Drive_Platform\DrivePlatform.cydsn/bal.c **** #include <stdio.h>
  10:..\..\..\Drive_Platform\DrivePlatform.cydsn/bal.c **** #include "bal.h"
  11:..\..\..\Drive_Platform\DrivePlatform.cydsn/bal.c **** #include "bpl.h"
  12:..\..\..\Drive_Platform\DrivePlatform.cydsn/bal.c **** 
  13:..\..\..\Drive_Platform\DrivePlatform.cydsn/bal.c **** #include "servo_cds5500.h"
  14:..\..\..\Drive_Platform\DrivePlatform.cydsn/bal.c **** #include "global.h"
  15:..\..\..\Drive_Platform\DrivePlatform.cydsn/bal.c **** #include "tmr.h"
  16:..\..\..\Drive_Platform\DrivePlatform.cydsn/bal.c **** 
  17:..\..\..\Drive_Platform\DrivePlatform.cydsn/bal.c **** //static uint8 MsgReceiveBuffer[BAL_MSG_RECEIVE_BUFFER_SIZE];
  18:..\..\..\Drive_Platform\DrivePlatform.cydsn/bal.c **** //static uint8 MsgTransmitBuffer[BAL_MSG_RECEIVE_BUFFER_SIZE];
  19:..\..\..\Drive_Platform\DrivePlatform.cydsn/bal.c **** 
  20:..\..\..\Drive_Platform\DrivePlatform.cydsn/bal.c **** #ifdef BAL_MODULE_TEST   
  21:..\..\..\Drive_Platform\DrivePlatform.cydsn/bal.c ****     static void BAL_ModuleTest();
  22:..\..\..\Drive_Platform\DrivePlatform.cydsn/bal.c **** #endif
ARM GAS  C:\Users\Martin\AppData\Local\Temp\cc7vr5rA.s 			page 2


  23:..\..\..\Drive_Platform\DrivePlatform.cydsn/bal.c **** /*****************************************************************/
  24:..\..\..\Drive_Platform\DrivePlatform.cydsn/bal.c **** /* | startbyte0 | startbyte1 | motorId | length | instrId | instrParams[8] | checksum | 
  25:..\..\..\Drive_Platform\DrivePlatform.cydsn/bal.c ****      0            1            2         3        4         5                13       
  26:..\..\..\Drive_Platform\DrivePlatform.cydsn/bal.c ****      length = 1(instrId) + sizeof(instrParams) + 1(checksum)
  27:..\..\..\Drive_Platform\DrivePlatform.cydsn/bal.c **** */
  28:..\..\..\Drive_Platform\DrivePlatform.cydsn/bal.c **** STATUS BAL_ServoMsg(CDS5500_MSG* msg)
  29:..\..\..\Drive_Platform\DrivePlatform.cydsn/bal.c **** {
  32              		.loc 1 29 0
  33              		.cfi_startproc
  34              		@ args = 0, pretend = 0, frame = 16
  35              		@ frame_needed = 1, uses_anonymous_args = 0
  36 0000 80B5     		push	{r7, lr}
  37              	.LCFI0:
  38              		.cfi_def_cfa_offset 8
  39 0002 84B0     		sub	sp, sp, #16
  40              	.LCFI1:
  41              		.cfi_def_cfa_offset 24
  42 0004 00AF     		add	r7, sp, #0
  43              		.cfi_offset 14, -4
  44              		.cfi_offset 7, -8
  45              	.LCFI2:
  46              		.cfi_def_cfa_register 7
  47 0006 7860     		str	r0, [r7, #4]
  30:..\..\..\Drive_Platform\DrivePlatform.cydsn/bal.c ****     STATUS status;
  31:..\..\..\Drive_Platform\DrivePlatform.cydsn/bal.c ****             
  32:..\..\..\Drive_Platform\DrivePlatform.cydsn/bal.c ****     if (msg->motorId > 254)
  48              		.loc 1 32 0
  49 0008 7B68     		ldr	r3, [r7, #4]
  50 000a 9B78     		ldrb	r3, [r3, #2]	@ zero_extendqisi2
  51 000c FF2B     		cmp	r3, #255
  52 000e 03D1     		bne	.L2
  33:..\..\..\Drive_Platform\DrivePlatform.cydsn/bal.c ****         status = CDS5500_ERROR_MOTOR_ID;
  53              		.loc 1 33 0
  54 0010 6FF00903 		mvn	r3, #9
  55 0014 FB73     		strb	r3, [r7, #15]
  56 0016 28E0     		b	.L3
  57              	.L2:
  34:..\..\..\Drive_Platform\DrivePlatform.cydsn/bal.c ****     else  if (msg->length > CDS5500_INST_LENGTH_MAX) 
  58              		.loc 1 34 0
  59 0018 7B68     		ldr	r3, [r7, #4]
  60 001a DB78     		ldrb	r3, [r3, #3]	@ zero_extendqisi2
  61 001c 0A2B     		cmp	r3, #10
  62 001e 03D9     		bls	.L4
  35:..\..\..\Drive_Platform\DrivePlatform.cydsn/bal.c ****         status = CDS5500_ERROR_LENGTH;
  63              		.loc 1 35 0
  64 0020 6FF00A03 		mvn	r3, #10
  65 0024 FB73     		strb	r3, [r7, #15]
  66 0026 20E0     		b	.L3
  67              	.L4:
  36:..\..\..\Drive_Platform\DrivePlatform.cydsn/bal.c ****     else  if (msg->instrId == 0) 
  68              		.loc 1 36 0
  69 0028 7B68     		ldr	r3, [r7, #4]
  70 002a 1B79     		ldrb	r3, [r3, #4]	@ zero_extendqisi2
  71 002c 002B     		cmp	r3, #0
  72 002e 03D1     		bne	.L5
  37:..\..\..\Drive_Platform\DrivePlatform.cydsn/bal.c ****         status = CDS5500_ERROR_INSTR_ID;
  73              		.loc 1 37 0
ARM GAS  C:\Users\Martin\AppData\Local\Temp\cc7vr5rA.s 			page 3


  74 0030 6FF00B03 		mvn	r3, #11
  75 0034 FB73     		strb	r3, [r7, #15]
  76 0036 18E0     		b	.L3
  77              	.L5:
  38:..\..\..\Drive_Platform\DrivePlatform.cydsn/bal.c ****     else  if ((msg->instrParams)[msg->length - CDS5500_COMPLEMENTARY_BYTES] == 0) 
  78              		.loc 1 38 0
  79 0038 7B68     		ldr	r3, [r7, #4]
  80 003a DB78     		ldrb	r3, [r3, #3]	@ zero_extendqisi2
  81 003c A3F10202 		sub	r2, r3, #2
  82 0040 7B68     		ldr	r3, [r7, #4]
  83 0042 1344     		add	r3, r2, r3
  84 0044 5B79     		ldrb	r3, [r3, #5]	@ zero_extendqisi2
  85 0046 002B     		cmp	r3, #0
  86 0048 03D1     		bne	.L6
  39:..\..\..\Drive_Platform\DrivePlatform.cydsn/bal.c ****         status = CDS5500_ERROR_CHKSUM;
  87              		.loc 1 39 0
  88 004a 6FF00C03 		mvn	r3, #12
  89 004e FB73     		strb	r3, [r7, #15]
  90 0050 0BE0     		b	.L3
  91              	.L6:
  40:..\..\..\Drive_Platform\DrivePlatform.cydsn/bal.c ****     else
  41:..\..\..\Drive_Platform\DrivePlatform.cydsn/bal.c ****     {
  42:..\..\..\Drive_Platform\DrivePlatform.cydsn/bal.c ****         status = BPL_TransmitMessage((uint8*)msg, msg->length + 4); 
  92              		.loc 1 42 0
  93 0052 7A68     		ldr	r2, [r7, #4]
  94 0054 7B68     		ldr	r3, [r7, #4]
  95 0056 DB78     		ldrb	r3, [r3, #3]	@ zero_extendqisi2
  96 0058 03F10403 		add	r3, r3, #4
  97 005c DBB2     		uxtb	r3, r3
  98 005e 1046     		mov	r0, r2
  99 0060 1946     		mov	r1, r3
 100 0062 FFF7FEFF 		bl	BPL_TransmitMessage
 101 0066 0346     		mov	r3, r0
 102 0068 FB73     		strb	r3, [r7, #15]
 103              	.L3:
  43:..\..\..\Drive_Platform\DrivePlatform.cydsn/bal.c ****         // 1(startbyte0) + 1(startbyte1) + 1(motorId) + 1(length) = +4
  44:..\..\..\Drive_Platform\DrivePlatform.cydsn/bal.c ****         // 1(instrId) + 1(checksum) = +2
  45:..\..\..\Drive_Platform\DrivePlatform.cydsn/bal.c ****     }
  46:..\..\..\Drive_Platform\DrivePlatform.cydsn/bal.c ****     
  47:..\..\..\Drive_Platform\DrivePlatform.cydsn/bal.c **** 	return status;
 104              		.loc 1 47 0
 105 006a FB7B     		ldrb	r3, [r7, #15]	@ zero_extendqisi2
  48:..\..\..\Drive_Platform\DrivePlatform.cydsn/bal.c **** }
 106              		.loc 1 48 0
 107 006c 1846     		mov	r0, r3
 108 006e 07F11007 		add	r7, r7, #16
 109 0072 BD46     		mov	sp, r7
 110 0074 80BD     		pop	{r7, pc}
 111              		.cfi_endproc
 112              	.LFE29:
 113              		.size	BAL_ServoMsg, .-BAL_ServoMsg
 114 0076 00BF     		.section	.text.BAL_SendAck,"ax",%progbits
 115              		.align	2
 116              		.global	BAL_SendAck
 117              		.thumb
 118              		.thumb_func
 119              		.type	BAL_SendAck, %function
ARM GAS  C:\Users\Martin\AppData\Local\Temp\cc7vr5rA.s 			page 4


 120              	BAL_SendAck:
 121              	.LFB30:
  49:..\..\..\Drive_Platform\DrivePlatform.cydsn/bal.c **** 
  50:..\..\..\Drive_Platform\DrivePlatform.cydsn/bal.c **** 
  51:..\..\..\Drive_Platform\DrivePlatform.cydsn/bal.c **** /*****************************************************************/
  52:..\..\..\Drive_Platform\DrivePlatform.cydsn/bal.c **** /* | id0 | id1 | length | *content | 
  53:..\..\..\Drive_Platform\DrivePlatform.cydsn/bal.c ****      0     1     2        3     
  54:..\..\..\Drive_Platform\DrivePlatform.cydsn/bal.c ****      length = sizeof(content)
  55:..\..\..\Drive_Platform\DrivePlatform.cydsn/bal.c **** */
  56:..\..\..\Drive_Platform\DrivePlatform.cydsn/bal.c **** /*
  57:..\..\..\Drive_Platform\DrivePlatform.cydsn/bal.c **** !!!  if compiled, calling BAL_ServoMsg causes call of BAL_SendMsg instead 
  58:..\..\..\Drive_Platform\DrivePlatform.cydsn/bal.c ****        reason not yet found !!!
  59:..\..\..\Drive_Platform\DrivePlatform.cydsn/bal.c **** 
  60:..\..\..\Drive_Platform\DrivePlatform.cydsn/bal.c **** STATUS BAL_SendMsg(BAL_MSG* msg)
  61:..\..\..\Drive_Platform\DrivePlatform.cydsn/bal.c **** {
  62:..\..\..\Drive_Platform\DrivePlatform.cydsn/bal.c ****     STATUS status;
  63:..\..\..\Drive_Platform\DrivePlatform.cydsn/bal.c ****     uint8 buffer[3+msg->length];
  64:..\..\..\Drive_Platform\DrivePlatform.cydsn/bal.c ****     
  65:..\..\..\Drive_Platform\DrivePlatform.cydsn/bal.c ****     buffer[0] = (uint8)(msg->id << 8);
  66:..\..\..\Drive_Platform\DrivePlatform.cydsn/bal.c ****     buffer[1] = (uint8)(msg->id);
  67:..\..\..\Drive_Platform\DrivePlatform.cydsn/bal.c ****     buffer[2] = msg->length;
  68:..\..\..\Drive_Platform\DrivePlatform.cydsn/bal.c ****     memcpy(&buffer[3], msg->content, msg->length);
  69:..\..\..\Drive_Platform\DrivePlatform.cydsn/bal.c ****     
  70:..\..\..\Drive_Platform\DrivePlatform.cydsn/bal.c ****     status = BPL_TransmitMessage(buffer, msg->length + 3);
  71:..\..\..\Drive_Platform\DrivePlatform.cydsn/bal.c ****     
  72:..\..\..\Drive_Platform\DrivePlatform.cydsn/bal.c **** 	return SUCCESS;
  73:..\..\..\Drive_Platform\DrivePlatform.cydsn/bal.c **** }
  74:..\..\..\Drive_Platform\DrivePlatform.cydsn/bal.c **** */
  75:..\..\..\Drive_Platform\DrivePlatform.cydsn/bal.c **** 
  76:..\..\..\Drive_Platform\DrivePlatform.cydsn/bal.c **** 
  77:..\..\..\Drive_Platform\DrivePlatform.cydsn/bal.c **** /*****************************************************************/
  78:..\..\..\Drive_Platform\DrivePlatform.cydsn/bal.c **** /* range of val: BAL_ACK_OK, BAL_ACK_NOK */
  79:..\..\..\Drive_Platform\DrivePlatform.cydsn/bal.c **** STATUS BAL_SendAck(uint8 val)
  80:..\..\..\Drive_Platform\DrivePlatform.cydsn/bal.c **** {
 122              		.loc 1 80 0
 123              		.cfi_startproc
 124              		@ args = 0, pretend = 0, frame = 16
 125              		@ frame_needed = 1, uses_anonymous_args = 0
 126 0000 80B5     		push	{r7, lr}
 127              	.LCFI3:
 128              		.cfi_def_cfa_offset 8
 129 0002 84B0     		sub	sp, sp, #16
 130              	.LCFI4:
 131              		.cfi_def_cfa_offset 24
 132 0004 00AF     		add	r7, sp, #0
 133              		.cfi_offset 14, -4
 134              		.cfi_offset 7, -8
 135              	.LCFI5:
 136              		.cfi_def_cfa_register 7
 137 0006 0346     		mov	r3, r0
 138 0008 FB71     		strb	r3, [r7, #7]
  81:..\..\..\Drive_Platform\DrivePlatform.cydsn/bal.c ****     uint8 buffer[] = {  (uint8)(BAL_MSG_ID_ACK << 8), 
  82:..\..\..\Drive_Platform\DrivePlatform.cydsn/bal.c ****                         (uint8)(BAL_MSG_ID_ACK),
  83:..\..\..\Drive_Platform\DrivePlatform.cydsn/bal.c ****                         BAL_MSG_LENGTH_ACK, 
  84:..\..\..\Drive_Platform\DrivePlatform.cydsn/bal.c ****                         val
  85:..\..\..\Drive_Platform\DrivePlatform.cydsn/bal.c ****                      };
 139              		.loc 1 85 0
ARM GAS  C:\Users\Martin\AppData\Local\Temp\cc7vr5rA.s 			page 5


 140 000a 4FF00003 		mov	r3, #0
 141 000e 3B73     		strb	r3, [r7, #12]
 142 0010 4FF00103 		mov	r3, #1
 143 0014 7B73     		strb	r3, [r7, #13]
 144 0016 4FF00103 		mov	r3, #1
 145 001a BB73     		strb	r3, [r7, #14]
 146 001c FB79     		ldrb	r3, [r7, #7]
 147 001e FB73     		strb	r3, [r7, #15]
  86:..\..\..\Drive_Platform\DrivePlatform.cydsn/bal.c ****     
  87:..\..\..\Drive_Platform\DrivePlatform.cydsn/bal.c ****     
  88:..\..\..\Drive_Platform\DrivePlatform.cydsn/bal.c ****     return BPL_TransmitMessage(buffer, 4);
 148              		.loc 1 88 0
 149 0020 07F10C03 		add	r3, r7, #12
 150 0024 1846     		mov	r0, r3
 151 0026 4FF00401 		mov	r1, #4
 152 002a FFF7FEFF 		bl	BPL_TransmitMessage
 153 002e 0346     		mov	r3, r0
  89:..\..\..\Drive_Platform\DrivePlatform.cydsn/bal.c **** }
 154              		.loc 1 89 0
 155 0030 1846     		mov	r0, r3
 156 0032 07F11007 		add	r7, r7, #16
 157 0036 BD46     		mov	sp, r7
 158 0038 80BD     		pop	{r7, pc}
 159              		.cfi_endproc
 160              	.LFE30:
 161              		.size	BAL_SendAck, .-BAL_SendAck
 162 003a 00BF     		.section	.text.BAL_Init,"ax",%progbits
 163              		.align	2
 164              		.global	BAL_Init
 165              		.thumb
 166              		.thumb_func
 167              		.type	BAL_Init, %function
 168              	BAL_Init:
 169              	.LFB31:
  90:..\..\..\Drive_Platform\DrivePlatform.cydsn/bal.c **** 
  91:..\..\..\Drive_Platform\DrivePlatform.cydsn/bal.c **** /*****************************************************************/
  92:..\..\..\Drive_Platform\DrivePlatform.cydsn/bal.c **** STATUS BAL_Init(void)
  93:..\..\..\Drive_Platform\DrivePlatform.cydsn/bal.c **** {
 170              		.loc 1 93 0
 171              		.cfi_startproc
 172              		@ args = 0, pretend = 0, frame = 0
 173              		@ frame_needed = 1, uses_anonymous_args = 0
 174 0000 80B5     		push	{r7, lr}
 175              	.LCFI6:
 176              		.cfi_def_cfa_offset 8
 177 0002 82B0     		sub	sp, sp, #8
 178              	.LCFI7:
 179              		.cfi_def_cfa_offset 16
 180 0004 02AF     		add	r7, sp, #8
 181              		.cfi_offset 14, -4
 182              		.cfi_offset 7, -8
 183              	.LCFI8:
 184              		.cfi_def_cfa 7, 8
  94:..\..\..\Drive_Platform\DrivePlatform.cydsn/bal.c **** #ifdef BAL_MODULE_TEST
  95:..\..\..\Drive_Platform\DrivePlatform.cydsn/bal.c ****     //TST_SetModuleTest(BAL_ModuleTest);
  96:..\..\..\Drive_Platform\DrivePlatform.cydsn/bal.c ****     TMR_SetTimer(TIMER_4, TIMER_1SEC, BAL_ModuleTest, TIMER_MODE_CONTINUOUS, TIMER_ENABLED);
 185              		.loc 1 96 0
ARM GAS  C:\Users\Martin\AppData\Local\Temp\cc7vr5rA.s 			page 6


 186 0006 40F20003 		movw	r3, #:lower16:BAL_ModuleTest
 187 000a C0F20003 		movt	r3, #:upper16:BAL_ModuleTest
 188 000e 4FF00102 		mov	r2, #1
 189 0012 0092     		str	r2, [sp, #0]
 190 0014 4FF00400 		mov	r0, #4
 191 0018 44F24021 		movw	r1, #:lower16:1000000
 192 001c C0F20F01 		movt	r1, #:upper16:1000000
 193 0020 1A46     		mov	r2, r3
 194 0022 4FF00203 		mov	r3, #2
 195 0026 FFF7FEFF 		bl	TMR_SetTimer
  97:..\..\..\Drive_Platform\DrivePlatform.cydsn/bal.c **** #endif
  98:..\..\..\Drive_Platform\DrivePlatform.cydsn/bal.c ****     
  99:..\..\..\Drive_Platform\DrivePlatform.cydsn/bal.c **** 	return SUCCESS;
 196              		.loc 1 99 0
 197 002a 4FF00003 		mov	r3, #0
 100:..\..\..\Drive_Platform\DrivePlatform.cydsn/bal.c **** }
 198              		.loc 1 100 0
 199 002e 1846     		mov	r0, r3
 200 0030 BD46     		mov	sp, r7
 201 0032 80BD     		pop	{r7, pc}
 202              		.cfi_endproc
 203              	.LFE31:
 204              		.size	BAL_Init, .-BAL_Init
 205              		.section	.text.BAL_HandleTask,"ax",%progbits
 206              		.align	2
 207              		.global	BAL_HandleTask
 208              		.thumb
 209              		.thumb_func
 210              		.type	BAL_HandleTask, %function
 211              	BAL_HandleTask:
 212              	.LFB32:
 101:..\..\..\Drive_Platform\DrivePlatform.cydsn/bal.c **** 
 102:..\..\..\Drive_Platform\DrivePlatform.cydsn/bal.c **** 
 103:..\..\..\Drive_Platform\DrivePlatform.cydsn/bal.c **** /*****************************************************************/
 104:..\..\..\Drive_Platform\DrivePlatform.cydsn/bal.c **** STATUS BAL_HandleTask(void)
 105:..\..\..\Drive_Platform\DrivePlatform.cydsn/bal.c **** {
 213              		.loc 1 105 0
 214              		.cfi_startproc
 215              		@ args = 0, pretend = 0, frame = 0
 216              		@ frame_needed = 1, uses_anonymous_args = 0
 217              		@ link register save eliminated.
 218 0000 80B4     		push	{r7}
 219              	.LCFI9:
 220              		.cfi_def_cfa_offset 4
 221 0002 00AF     		add	r7, sp, #0
 222              		.cfi_offset 7, -4
 223              	.LCFI10:
 224              		.cfi_def_cfa_register 7
 106:..\..\..\Drive_Platform\DrivePlatform.cydsn/bal.c ****     return SUCCESS;
 225              		.loc 1 106 0
 226 0004 4FF00003 		mov	r3, #0
 107:..\..\..\Drive_Platform\DrivePlatform.cydsn/bal.c **** }
 227              		.loc 1 107 0
 228 0008 1846     		mov	r0, r3
 229 000a BD46     		mov	sp, r7
 230 000c 80BC     		pop	{r7}
 231 000e 7047     		bx	lr
ARM GAS  C:\Users\Martin\AppData\Local\Temp\cc7vr5rA.s 			page 7


 232              		.cfi_endproc
 233              	.LFE32:
 234              		.size	BAL_HandleTask, .-BAL_HandleTask
 235              		.section	.text.BAL_ModuleTest,"ax",%progbits
 236              		.align	2
 237              		.thumb
 238              		.thumb_func
 239              		.type	BAL_ModuleTest, %function
 240              	BAL_ModuleTest:
 241              	.LFB33:
 108:..\..\..\Drive_Platform\DrivePlatform.cydsn/bal.c **** 
 109:..\..\..\Drive_Platform\DrivePlatform.cydsn/bal.c **** 
 110:..\..\..\Drive_Platform\DrivePlatform.cydsn/bal.c **** /*****************************************************************/
 111:..\..\..\Drive_Platform\DrivePlatform.cydsn/bal.c **** #ifdef BAL_MODULE_TEST   
 112:..\..\..\Drive_Platform\DrivePlatform.cydsn/bal.c **** static void BAL_ModuleTest(void)
 113:..\..\..\Drive_Platform\DrivePlatform.cydsn/bal.c **** {
 242              		.loc 1 113 0
 243              		.cfi_startproc
 244              		@ args = 0, pretend = 0, frame = 0
 245              		@ frame_needed = 1, uses_anonymous_args = 0
 246 0000 80B5     		push	{r7, lr}
 247              	.LCFI11:
 248              		.cfi_def_cfa_offset 8
 249 0002 00AF     		add	r7, sp, #0
 250              		.cfi_offset 14, -4
 251              		.cfi_offset 7, -8
 252              	.LCFI12:
 253              		.cfi_def_cfa_register 7
 114:..\..\..\Drive_Platform\DrivePlatform.cydsn/bal.c ****     CDS5500_Ping(0x01);
 254              		.loc 1 114 0
 255 0004 4FF00100 		mov	r0, #1
 256 0008 FFF7FEFF 		bl	CDS5500_Ping
 115:..\..\..\Drive_Platform\DrivePlatform.cydsn/bal.c **** }
 257              		.loc 1 115 0
 258 000c 80BD     		pop	{r7, pc}
 259              		.cfi_endproc
 260              	.LFE33:
 261              		.size	BAL_ModuleTest, .-BAL_ModuleTest
 262 000e 00BF     		.text
 263              	.Letext0:
 264              		.section	.debug_loc,"",%progbits
 265              	.Ldebug_loc0:
 266              	.LLST0:
 267 0000 00000000 		.4byte	.LFB29
 268 0004 02000000 		.4byte	.LCFI0
 269 0008 0100     		.2byte	0x1
 270 000a 5D       		.byte	0x5d
 271 000b 02000000 		.4byte	.LCFI0
 272 000f 04000000 		.4byte	.LCFI1
 273 0013 0200     		.2byte	0x2
 274 0015 7D       		.byte	0x7d
 275 0016 08       		.sleb128 8
 276 0017 04000000 		.4byte	.LCFI1
 277 001b 06000000 		.4byte	.LCFI2
 278 001f 0200     		.2byte	0x2
 279 0021 7D       		.byte	0x7d
 280 0022 18       		.sleb128 24
ARM GAS  C:\Users\Martin\AppData\Local\Temp\cc7vr5rA.s 			page 8


 281 0023 06000000 		.4byte	.LCFI2
 282 0027 76000000 		.4byte	.LFE29
 283 002b 0200     		.2byte	0x2
 284 002d 77       		.byte	0x77
 285 002e 18       		.sleb128 24
 286 002f 00000000 		.4byte	0x0
 287 0033 00000000 		.4byte	0x0
 288              	.LLST1:
 289 0037 00000000 		.4byte	.LFB30
 290 003b 02000000 		.4byte	.LCFI3
 291 003f 0100     		.2byte	0x1
 292 0041 5D       		.byte	0x5d
 293 0042 02000000 		.4byte	.LCFI3
 294 0046 04000000 		.4byte	.LCFI4
 295 004a 0200     		.2byte	0x2
 296 004c 7D       		.byte	0x7d
 297 004d 08       		.sleb128 8
 298 004e 04000000 		.4byte	.LCFI4
 299 0052 06000000 		.4byte	.LCFI5
 300 0056 0200     		.2byte	0x2
 301 0058 7D       		.byte	0x7d
 302 0059 18       		.sleb128 24
 303 005a 06000000 		.4byte	.LCFI5
 304 005e 3A000000 		.4byte	.LFE30
 305 0062 0200     		.2byte	0x2
 306 0064 77       		.byte	0x77
 307 0065 18       		.sleb128 24
 308 0066 00000000 		.4byte	0x0
 309 006a 00000000 		.4byte	0x0
 310              	.LLST2:
 311 006e 00000000 		.4byte	.LFB31
 312 0072 02000000 		.4byte	.LCFI6
 313 0076 0100     		.2byte	0x1
 314 0078 5D       		.byte	0x5d
 315 0079 02000000 		.4byte	.LCFI6
 316 007d 04000000 		.4byte	.LCFI7
 317 0081 0200     		.2byte	0x2
 318 0083 7D       		.byte	0x7d
 319 0084 08       		.sleb128 8
 320 0085 04000000 		.4byte	.LCFI7
 321 0089 06000000 		.4byte	.LCFI8
 322 008d 0200     		.2byte	0x2
 323 008f 7D       		.byte	0x7d
 324 0090 10       		.sleb128 16
 325 0091 06000000 		.4byte	.LCFI8
 326 0095 34000000 		.4byte	.LFE31
 327 0099 0200     		.2byte	0x2
 328 009b 77       		.byte	0x77
 329 009c 08       		.sleb128 8
 330 009d 00000000 		.4byte	0x0
 331 00a1 00000000 		.4byte	0x0
 332              	.LLST3:
 333 00a5 00000000 		.4byte	.LFB32
 334 00a9 02000000 		.4byte	.LCFI9
 335 00ad 0100     		.2byte	0x1
 336 00af 5D       		.byte	0x5d
 337 00b0 02000000 		.4byte	.LCFI9
ARM GAS  C:\Users\Martin\AppData\Local\Temp\cc7vr5rA.s 			page 9


 338 00b4 04000000 		.4byte	.LCFI10
 339 00b8 0200     		.2byte	0x2
 340 00ba 7D       		.byte	0x7d
 341 00bb 04       		.sleb128 4
 342 00bc 04000000 		.4byte	.LCFI10
 343 00c0 10000000 		.4byte	.LFE32
 344 00c4 0200     		.2byte	0x2
 345 00c6 77       		.byte	0x77
 346 00c7 04       		.sleb128 4
 347 00c8 00000000 		.4byte	0x0
 348 00cc 00000000 		.4byte	0x0
 349              	.LLST4:
 350 00d0 00000000 		.4byte	.LFB33
 351 00d4 02000000 		.4byte	.LCFI11
 352 00d8 0100     		.2byte	0x1
 353 00da 5D       		.byte	0x5d
 354 00db 02000000 		.4byte	.LCFI11
 355 00df 04000000 		.4byte	.LCFI12
 356 00e3 0200     		.2byte	0x2
 357 00e5 7D       		.byte	0x7d
 358 00e6 08       		.sleb128 8
 359 00e7 04000000 		.4byte	.LCFI12
 360 00eb 0E000000 		.4byte	.LFE33
 361 00ef 0200     		.2byte	0x2
 362 00f1 77       		.byte	0x77
 363 00f2 08       		.sleb128 8
 364 00f3 00000000 		.4byte	0x0
 365 00f7 00000000 		.4byte	0x0
 366              		.file 2 "./Generated_Source/PSoC5/cytypes.h"
 367              		.file 3 "..\\..\\..\\Drive_Platform\\DrivePlatform.cydsn\\/types.h"
 368              		.file 4 "..\\..\\..\\Drive_Platform\\DrivePlatform.cydsn\\/servo_cds5500.h"
 369              		.file 5 "..\\..\\..\\Drive_Platform\\DrivePlatform.cydsn\\/bal.h"
 370              		.file 6 "..\\..\\..\\Drive_Platform\\DrivePlatform.cydsn\\/tmr.h"
 371              		.file 7 "./Generated_Source/PSoC5/core_cm3.h"
 372              		.section	.debug_info
 373 0000 55020000 		.4byte	0x255
 374 0004 0200     		.2byte	0x2
 375 0006 00000000 		.4byte	.Ldebug_abbrev0
 376 000a 04       		.byte	0x4
 377 000b 01       		.uleb128 0x1
 378 000c 23020000 		.4byte	.LASF38
 379 0010 01       		.byte	0x1
 380 0011 5F000000 		.4byte	.LASF39
 381 0015 3B010000 		.4byte	.LASF40
 382 0019 00000000 		.4byte	0x0
 383 001d 00000000 		.4byte	0x0
 384 0021 00000000 		.4byte	.Ldebug_ranges0+0x0
 385 0025 00000000 		.4byte	.Ldebug_line0
 386 0029 02       		.uleb128 0x2
 387 002a 01       		.byte	0x1
 388 002b 06       		.byte	0x6
 389 002c 54020000 		.4byte	.LASF0
 390 0030 02       		.uleb128 0x2
 391 0031 01       		.byte	0x1
 392 0032 08       		.byte	0x8
 393 0033 CE000000 		.4byte	.LASF1
 394 0037 02       		.uleb128 0x2
ARM GAS  C:\Users\Martin\AppData\Local\Temp\cc7vr5rA.s 			page 10


 395 0038 02       		.byte	0x2
 396 0039 05       		.byte	0x5
 397 003a 34020000 		.4byte	.LASF2
 398 003e 02       		.uleb128 0x2
 399 003f 02       		.byte	0x2
 400 0040 07       		.byte	0x7
 401 0041 E8000000 		.4byte	.LASF3
 402 0045 02       		.uleb128 0x2
 403 0046 04       		.byte	0x4
 404 0047 05       		.byte	0x5
 405 0048 4B020000 		.4byte	.LASF4
 406 004c 02       		.uleb128 0x2
 407 004d 04       		.byte	0x4
 408 004e 07       		.byte	0x7
 409 004f 12010000 		.4byte	.LASF5
 410 0053 02       		.uleb128 0x2
 411 0054 08       		.byte	0x8
 412 0055 05       		.byte	0x5
 413 0056 00000000 		.4byte	.LASF6
 414 005a 02       		.uleb128 0x2
 415 005b 08       		.byte	0x8
 416 005c 07       		.byte	0x7
 417 005d CE010000 		.4byte	.LASF7
 418 0061 03       		.uleb128 0x3
 419 0062 04       		.byte	0x4
 420 0063 05       		.byte	0x5
 421 0064 696E7400 		.ascii	"int\000"
 422 0068 02       		.uleb128 0x2
 423 0069 04       		.byte	0x4
 424 006a 07       		.byte	0x7
 425 006b B4010000 		.4byte	.LASF8
 426 006f 04       		.uleb128 0x4
 427 0070 45020000 		.4byte	.LASF12
 428 0074 02       		.byte	0x2
 429 0075 4C       		.byte	0x4c
 430 0076 30000000 		.4byte	0x30
 431 007a 02       		.uleb128 0x2
 432 007b 04       		.byte	0x4
 433 007c 04       		.byte	0x4
 434 007d AB000000 		.4byte	.LASF9
 435 0081 02       		.uleb128 0x2
 436 0082 08       		.byte	0x8
 437 0083 04       		.byte	0x4
 438 0084 91000000 		.4byte	.LASF10
 439 0088 02       		.uleb128 0x2
 440 0089 01       		.byte	0x1
 441 008a 08       		.byte	0x8
 442 008b 2F020000 		.4byte	.LASF11
 443 008f 05       		.uleb128 0x5
 444 0090 04       		.byte	0x4
 445 0091 07       		.byte	0x7
 446 0092 06       		.uleb128 0x6
 447 0093 6F000000 		.4byte	0x6f
 448 0097 A2000000 		.4byte	0xa2
 449 009b 07       		.uleb128 0x7
 450 009c 8F000000 		.4byte	0x8f
 451 00a0 03       		.byte	0x3
ARM GAS  C:\Users\Martin\AppData\Local\Temp\cc7vr5rA.s 			page 11


 452 00a1 00       		.byte	0x0
 453 00a2 04       		.uleb128 0x4
 454 00a3 C7000000 		.4byte	.LASF13
 455 00a7 03       		.byte	0x3
 456 00a8 0F       		.byte	0xf
 457 00a9 6F000000 		.4byte	0x6f
 458 00ad 08       		.uleb128 0x8
 459 00ae C1010000 		.4byte	.LASF41
 460 00b2 0E       		.byte	0xe
 461 00b3 04       		.byte	0x4
 462 00b4 52       		.byte	0x52
 463 00b5 1C010000 		.4byte	0x11c
 464 00b9 09       		.uleb128 0x9
 465 00ba B1000000 		.4byte	.LASF14
 466 00be 04       		.byte	0x4
 467 00bf 53       		.byte	0x53
 468 00c0 6F000000 		.4byte	0x6f
 469 00c4 02       		.byte	0x2
 470 00c5 23       		.byte	0x23
 471 00c6 00       		.uleb128 0x0
 472 00c7 09       		.uleb128 0x9
 473 00c8 BC000000 		.4byte	.LASF15
 474 00cc 04       		.byte	0x4
 475 00cd 54       		.byte	0x54
 476 00ce 6F000000 		.4byte	0x6f
 477 00d2 02       		.byte	0x2
 478 00d3 23       		.byte	0x23
 479 00d4 01       		.uleb128 0x1
 480 00d5 09       		.uleb128 0x9
 481 00d6 24010000 		.4byte	.LASF16
 482 00da 04       		.byte	0x4
 483 00db 55       		.byte	0x55
 484 00dc 6F000000 		.4byte	0x6f
 485 00e0 02       		.byte	0x2
 486 00e1 23       		.byte	0x23
 487 00e2 02       		.uleb128 0x2
 488 00e3 09       		.uleb128 0x9
 489 00e4 60020000 		.4byte	.LASF17
 490 00e8 04       		.byte	0x4
 491 00e9 56       		.byte	0x56
 492 00ea 6F000000 		.4byte	0x6f
 493 00ee 02       		.byte	0x2
 494 00ef 23       		.byte	0x23
 495 00f0 03       		.uleb128 0x3
 496 00f1 09       		.uleb128 0x9
 497 00f2 1B020000 		.4byte	.LASF18
 498 00f6 04       		.byte	0x4
 499 00f7 57       		.byte	0x57
 500 00f8 6F000000 		.4byte	0x6f
 501 00fc 02       		.byte	0x2
 502 00fd 23       		.byte	0x23
 503 00fe 04       		.uleb128 0x4
 504 00ff 09       		.uleb128 0x9
 505 0100 A8010000 		.4byte	.LASF19
 506 0104 04       		.byte	0x4
 507 0105 58       		.byte	0x58
 508 0106 1C010000 		.4byte	0x11c
ARM GAS  C:\Users\Martin\AppData\Local\Temp\cc7vr5rA.s 			page 12


 509 010a 02       		.byte	0x2
 510 010b 23       		.byte	0x23
 511 010c 05       		.uleb128 0x5
 512 010d 09       		.uleb128 0x9
 513 010e 17000000 		.4byte	.LASF20
 514 0112 04       		.byte	0x4
 515 0113 59       		.byte	0x59
 516 0114 6F000000 		.4byte	0x6f
 517 0118 02       		.byte	0x2
 518 0119 23       		.byte	0x23
 519 011a 0D       		.uleb128 0xd
 520 011b 00       		.byte	0x0
 521 011c 06       		.uleb128 0x6
 522 011d 6F000000 		.4byte	0x6f
 523 0121 2C010000 		.4byte	0x12c
 524 0125 07       		.uleb128 0x7
 525 0126 8F000000 		.4byte	0x8f
 526 012a 07       		.byte	0x7
 527 012b 00       		.byte	0x0
 528 012c 04       		.uleb128 0x4
 529 012d 9F000000 		.4byte	.LASF21
 530 0131 04       		.byte	0x4
 531 0132 5A       		.byte	0x5a
 532 0133 AD000000 		.4byte	0xad
 533 0137 0A       		.uleb128 0xa
 534 0138 01       		.byte	0x1
 535 0139 05       		.byte	0x5
 536 013a 36       		.byte	0x36
 537 013b 52010000 		.4byte	0x152
 538 013f 0B       		.uleb128 0xb
 539 0140 2C010000 		.4byte	.LASF22
 540 0144 01       		.sleb128 1
 541 0145 0B       		.uleb128 0xb
 542 0146 F4010000 		.4byte	.LASF23
 543 014a 02       		.sleb128 2
 544 014b 0B       		.uleb128 0xb
 545 014c 01020000 		.4byte	.LASF24
 546 0150 03       		.sleb128 3
 547 0151 00       		.byte	0x0
 548 0152 0A       		.uleb128 0xa
 549 0153 01       		.byte	0x1
 550 0154 06       		.byte	0x6
 551 0155 19       		.byte	0x19
 552 0156 85010000 		.4byte	0x185
 553 015a 0B       		.uleb128 0xb
 554 015b 2F000000 		.4byte	.LASF25
 555 015f 00       		.sleb128 0
 556 0160 0B       		.uleb128 0xb
 557 0161 37000000 		.4byte	.LASF26
 558 0165 01       		.sleb128 1
 559 0166 0B       		.uleb128 0xb
 560 0167 3F000000 		.4byte	.LASF27
 561 016b 02       		.sleb128 2
 562 016c 0B       		.uleb128 0xb
 563 016d 47000000 		.4byte	.LASF28
 564 0171 03       		.sleb128 3
 565 0172 0B       		.uleb128 0xb
ARM GAS  C:\Users\Martin\AppData\Local\Temp\cc7vr5rA.s 			page 13


 566 0173 4F000000 		.4byte	.LASF29
 567 0177 04       		.sleb128 4
 568 0178 0B       		.uleb128 0xb
 569 0179 57000000 		.4byte	.LASF30
 570 017d 05       		.sleb128 5
 571 017e 0B       		.uleb128 0xb
 572 017f FB000000 		.4byte	.LASF31
 573 0183 06       		.sleb128 6
 574 0184 00       		.byte	0x0
 575 0185 0C       		.uleb128 0xc
 576 0186 01       		.byte	0x1
 577 0187 05010000 		.4byte	.LASF32
 578 018b 01       		.byte	0x1
 579 018c 1C       		.byte	0x1c
 580 018d 01       		.byte	0x1
 581 018e A2000000 		.4byte	0xa2
 582 0192 00000000 		.4byte	.LFB29
 583 0196 76000000 		.4byte	.LFE29
 584 019a 00000000 		.4byte	.LLST0
 585 019e BF010000 		.4byte	0x1bf
 586 01a2 0D       		.uleb128 0xd
 587 01a3 6D736700 		.ascii	"msg\000"
 588 01a7 01       		.byte	0x1
 589 01a8 1C       		.byte	0x1c
 590 01a9 BF010000 		.4byte	0x1bf
 591 01ad 02       		.byte	0x2
 592 01ae 91       		.byte	0x91
 593 01af 6C       		.sleb128 -20
 594 01b0 0E       		.uleb128 0xe
 595 01b1 98000000 		.4byte	.LASF34
 596 01b5 01       		.byte	0x1
 597 01b6 1E       		.byte	0x1e
 598 01b7 A2000000 		.4byte	0xa2
 599 01bb 02       		.byte	0x2
 600 01bc 91       		.byte	0x91
 601 01bd 77       		.sleb128 -9
 602 01be 00       		.byte	0x0
 603 01bf 0F       		.uleb128 0xf
 604 01c0 04       		.byte	0x4
 605 01c1 2C010000 		.4byte	0x12c
 606 01c5 0C       		.uleb128 0xc
 607 01c6 01       		.byte	0x1
 608 01c7 DC000000 		.4byte	.LASF33
 609 01cb 01       		.byte	0x1
 610 01cc 4F       		.byte	0x4f
 611 01cd 01       		.byte	0x1
 612 01ce A2000000 		.4byte	0xa2
 613 01d2 00000000 		.4byte	.LFB30
 614 01d6 3A000000 		.4byte	.LFE30
 615 01da 37000000 		.4byte	.LLST1
 616 01de FF010000 		.4byte	0x1ff
 617 01e2 0D       		.uleb128 0xd
 618 01e3 76616C00 		.ascii	"val\000"
 619 01e7 01       		.byte	0x1
 620 01e8 4F       		.byte	0x4f
 621 01e9 6F000000 		.4byte	0x6f
 622 01ed 02       		.byte	0x2
ARM GAS  C:\Users\Martin\AppData\Local\Temp\cc7vr5rA.s 			page 14


 623 01ee 91       		.byte	0x91
 624 01ef 6F       		.sleb128 -17
 625 01f0 0E       		.uleb128 0xe
 626 01f1 3E020000 		.4byte	.LASF35
 627 01f5 01       		.byte	0x1
 628 01f6 51       		.byte	0x51
 629 01f7 92000000 		.4byte	0x92
 630 01fb 02       		.byte	0x2
 631 01fc 91       		.byte	0x91
 632 01fd 74       		.sleb128 -12
 633 01fe 00       		.byte	0x0
 634 01ff 10       		.uleb128 0x10
 635 0200 01       		.byte	0x1
 636 0201 0E000000 		.4byte	.LASF36
 637 0205 01       		.byte	0x1
 638 0206 5C       		.byte	0x5c
 639 0207 01       		.byte	0x1
 640 0208 A2000000 		.4byte	0xa2
 641 020c 00000000 		.4byte	.LFB31
 642 0210 34000000 		.4byte	.LFE31
 643 0214 6E000000 		.4byte	.LLST2
 644 0218 10       		.uleb128 0x10
 645 0219 01       		.byte	0x1
 646 021a 20000000 		.4byte	.LASF37
 647 021e 01       		.byte	0x1
 648 021f 68       		.byte	0x68
 649 0220 01       		.byte	0x1
 650 0221 A2000000 		.4byte	0xa2
 651 0225 00000000 		.4byte	.LFB32
 652 0229 10000000 		.4byte	.LFE32
 653 022d A5000000 		.4byte	.LLST3
 654 0231 11       		.uleb128 0x11
 655 0232 E5010000 		.4byte	.LASF42
 656 0236 01       		.byte	0x1
 657 0237 70       		.byte	0x70
 658 0238 01       		.byte	0x1
 659 0239 00000000 		.4byte	.LFB33
 660 023d 0E000000 		.4byte	.LFE33
 661 0241 D0000000 		.4byte	.LLST4
 662 0245 12       		.uleb128 0x12
 663 0246 0E020000 		.4byte	.LASF43
 664 024a 07       		.byte	0x7
 665 024b CE06     		.2byte	0x6ce
 666 024d 53020000 		.4byte	0x253
 667 0251 01       		.byte	0x1
 668 0252 01       		.byte	0x1
 669 0253 13       		.uleb128 0x13
 670 0254 61000000 		.4byte	0x61
 671 0258 00       		.byte	0x0
 672              		.section	.debug_abbrev
 673 0000 01       		.uleb128 0x1
 674 0001 11       		.uleb128 0x11
 675 0002 01       		.byte	0x1
 676 0003 25       		.uleb128 0x25
 677 0004 0E       		.uleb128 0xe
 678 0005 13       		.uleb128 0x13
 679 0006 0B       		.uleb128 0xb
ARM GAS  C:\Users\Martin\AppData\Local\Temp\cc7vr5rA.s 			page 15


 680 0007 03       		.uleb128 0x3
 681 0008 0E       		.uleb128 0xe
 682 0009 1B       		.uleb128 0x1b
 683 000a 0E       		.uleb128 0xe
 684 000b 11       		.uleb128 0x11
 685 000c 01       		.uleb128 0x1
 686 000d 52       		.uleb128 0x52
 687 000e 01       		.uleb128 0x1
 688 000f 55       		.uleb128 0x55
 689 0010 06       		.uleb128 0x6
 690 0011 10       		.uleb128 0x10
 691 0012 06       		.uleb128 0x6
 692 0013 00       		.byte	0x0
 693 0014 00       		.byte	0x0
 694 0015 02       		.uleb128 0x2
 695 0016 24       		.uleb128 0x24
 696 0017 00       		.byte	0x0
 697 0018 0B       		.uleb128 0xb
 698 0019 0B       		.uleb128 0xb
 699 001a 3E       		.uleb128 0x3e
 700 001b 0B       		.uleb128 0xb
 701 001c 03       		.uleb128 0x3
 702 001d 0E       		.uleb128 0xe
 703 001e 00       		.byte	0x0
 704 001f 00       		.byte	0x0
 705 0020 03       		.uleb128 0x3
 706 0021 24       		.uleb128 0x24
 707 0022 00       		.byte	0x0
 708 0023 0B       		.uleb128 0xb
 709 0024 0B       		.uleb128 0xb
 710 0025 3E       		.uleb128 0x3e
 711 0026 0B       		.uleb128 0xb
 712 0027 03       		.uleb128 0x3
 713 0028 08       		.uleb128 0x8
 714 0029 00       		.byte	0x0
 715 002a 00       		.byte	0x0
 716 002b 04       		.uleb128 0x4
 717 002c 16       		.uleb128 0x16
 718 002d 00       		.byte	0x0
 719 002e 03       		.uleb128 0x3
 720 002f 0E       		.uleb128 0xe
 721 0030 3A       		.uleb128 0x3a
 722 0031 0B       		.uleb128 0xb
 723 0032 3B       		.uleb128 0x3b
 724 0033 0B       		.uleb128 0xb
 725 0034 49       		.uleb128 0x49
 726 0035 13       		.uleb128 0x13
 727 0036 00       		.byte	0x0
 728 0037 00       		.byte	0x0
 729 0038 05       		.uleb128 0x5
 730 0039 24       		.uleb128 0x24
 731 003a 00       		.byte	0x0
 732 003b 0B       		.uleb128 0xb
 733 003c 0B       		.uleb128 0xb
 734 003d 3E       		.uleb128 0x3e
 735 003e 0B       		.uleb128 0xb
 736 003f 00       		.byte	0x0
ARM GAS  C:\Users\Martin\AppData\Local\Temp\cc7vr5rA.s 			page 16


 737 0040 00       		.byte	0x0
 738 0041 06       		.uleb128 0x6
 739 0042 01       		.uleb128 0x1
 740 0043 01       		.byte	0x1
 741 0044 49       		.uleb128 0x49
 742 0045 13       		.uleb128 0x13
 743 0046 01       		.uleb128 0x1
 744 0047 13       		.uleb128 0x13
 745 0048 00       		.byte	0x0
 746 0049 00       		.byte	0x0
 747 004a 07       		.uleb128 0x7
 748 004b 21       		.uleb128 0x21
 749 004c 00       		.byte	0x0
 750 004d 49       		.uleb128 0x49
 751 004e 13       		.uleb128 0x13
 752 004f 2F       		.uleb128 0x2f
 753 0050 0B       		.uleb128 0xb
 754 0051 00       		.byte	0x0
 755 0052 00       		.byte	0x0
 756 0053 08       		.uleb128 0x8
 757 0054 13       		.uleb128 0x13
 758 0055 01       		.byte	0x1
 759 0056 03       		.uleb128 0x3
 760 0057 0E       		.uleb128 0xe
 761 0058 0B       		.uleb128 0xb
 762 0059 0B       		.uleb128 0xb
 763 005a 3A       		.uleb128 0x3a
 764 005b 0B       		.uleb128 0xb
 765 005c 3B       		.uleb128 0x3b
 766 005d 0B       		.uleb128 0xb
 767 005e 01       		.uleb128 0x1
 768 005f 13       		.uleb128 0x13
 769 0060 00       		.byte	0x0
 770 0061 00       		.byte	0x0
 771 0062 09       		.uleb128 0x9
 772 0063 0D       		.uleb128 0xd
 773 0064 00       		.byte	0x0
 774 0065 03       		.uleb128 0x3
 775 0066 0E       		.uleb128 0xe
 776 0067 3A       		.uleb128 0x3a
 777 0068 0B       		.uleb128 0xb
 778 0069 3B       		.uleb128 0x3b
 779 006a 0B       		.uleb128 0xb
 780 006b 49       		.uleb128 0x49
 781 006c 13       		.uleb128 0x13
 782 006d 38       		.uleb128 0x38
 783 006e 0A       		.uleb128 0xa
 784 006f 00       		.byte	0x0
 785 0070 00       		.byte	0x0
 786 0071 0A       		.uleb128 0xa
 787 0072 04       		.uleb128 0x4
 788 0073 01       		.byte	0x1
 789 0074 0B       		.uleb128 0xb
 790 0075 0B       		.uleb128 0xb
 791 0076 3A       		.uleb128 0x3a
 792 0077 0B       		.uleb128 0xb
 793 0078 3B       		.uleb128 0x3b
ARM GAS  C:\Users\Martin\AppData\Local\Temp\cc7vr5rA.s 			page 17


 794 0079 0B       		.uleb128 0xb
 795 007a 01       		.uleb128 0x1
 796 007b 13       		.uleb128 0x13
 797 007c 00       		.byte	0x0
 798 007d 00       		.byte	0x0
 799 007e 0B       		.uleb128 0xb
 800 007f 28       		.uleb128 0x28
 801 0080 00       		.byte	0x0
 802 0081 03       		.uleb128 0x3
 803 0082 0E       		.uleb128 0xe
 804 0083 1C       		.uleb128 0x1c
 805 0084 0D       		.uleb128 0xd
 806 0085 00       		.byte	0x0
 807 0086 00       		.byte	0x0
 808 0087 0C       		.uleb128 0xc
 809 0088 2E       		.uleb128 0x2e
 810 0089 01       		.byte	0x1
 811 008a 3F       		.uleb128 0x3f
 812 008b 0C       		.uleb128 0xc
 813 008c 03       		.uleb128 0x3
 814 008d 0E       		.uleb128 0xe
 815 008e 3A       		.uleb128 0x3a
 816 008f 0B       		.uleb128 0xb
 817 0090 3B       		.uleb128 0x3b
 818 0091 0B       		.uleb128 0xb
 819 0092 27       		.uleb128 0x27
 820 0093 0C       		.uleb128 0xc
 821 0094 49       		.uleb128 0x49
 822 0095 13       		.uleb128 0x13
 823 0096 11       		.uleb128 0x11
 824 0097 01       		.uleb128 0x1
 825 0098 12       		.uleb128 0x12
 826 0099 01       		.uleb128 0x1
 827 009a 40       		.uleb128 0x40
 828 009b 06       		.uleb128 0x6
 829 009c 01       		.uleb128 0x1
 830 009d 13       		.uleb128 0x13
 831 009e 00       		.byte	0x0
 832 009f 00       		.byte	0x0
 833 00a0 0D       		.uleb128 0xd
 834 00a1 05       		.uleb128 0x5
 835 00a2 00       		.byte	0x0
 836 00a3 03       		.uleb128 0x3
 837 00a4 08       		.uleb128 0x8
 838 00a5 3A       		.uleb128 0x3a
 839 00a6 0B       		.uleb128 0xb
 840 00a7 3B       		.uleb128 0x3b
 841 00a8 0B       		.uleb128 0xb
 842 00a9 49       		.uleb128 0x49
 843 00aa 13       		.uleb128 0x13
 844 00ab 02       		.uleb128 0x2
 845 00ac 0A       		.uleb128 0xa
 846 00ad 00       		.byte	0x0
 847 00ae 00       		.byte	0x0
 848 00af 0E       		.uleb128 0xe
 849 00b0 34       		.uleb128 0x34
 850 00b1 00       		.byte	0x0
ARM GAS  C:\Users\Martin\AppData\Local\Temp\cc7vr5rA.s 			page 18


 851 00b2 03       		.uleb128 0x3
 852 00b3 0E       		.uleb128 0xe
 853 00b4 3A       		.uleb128 0x3a
 854 00b5 0B       		.uleb128 0xb
 855 00b6 3B       		.uleb128 0x3b
 856 00b7 0B       		.uleb128 0xb
 857 00b8 49       		.uleb128 0x49
 858 00b9 13       		.uleb128 0x13
 859 00ba 02       		.uleb128 0x2
 860 00bb 0A       		.uleb128 0xa
 861 00bc 00       		.byte	0x0
 862 00bd 00       		.byte	0x0
 863 00be 0F       		.uleb128 0xf
 864 00bf 0F       		.uleb128 0xf
 865 00c0 00       		.byte	0x0
 866 00c1 0B       		.uleb128 0xb
 867 00c2 0B       		.uleb128 0xb
 868 00c3 49       		.uleb128 0x49
 869 00c4 13       		.uleb128 0x13
 870 00c5 00       		.byte	0x0
 871 00c6 00       		.byte	0x0
 872 00c7 10       		.uleb128 0x10
 873 00c8 2E       		.uleb128 0x2e
 874 00c9 00       		.byte	0x0
 875 00ca 3F       		.uleb128 0x3f
 876 00cb 0C       		.uleb128 0xc
 877 00cc 03       		.uleb128 0x3
 878 00cd 0E       		.uleb128 0xe
 879 00ce 3A       		.uleb128 0x3a
 880 00cf 0B       		.uleb128 0xb
 881 00d0 3B       		.uleb128 0x3b
 882 00d1 0B       		.uleb128 0xb
 883 00d2 27       		.uleb128 0x27
 884 00d3 0C       		.uleb128 0xc
 885 00d4 49       		.uleb128 0x49
 886 00d5 13       		.uleb128 0x13
 887 00d6 11       		.uleb128 0x11
 888 00d7 01       		.uleb128 0x1
 889 00d8 12       		.uleb128 0x12
 890 00d9 01       		.uleb128 0x1
 891 00da 40       		.uleb128 0x40
 892 00db 06       		.uleb128 0x6
 893 00dc 00       		.byte	0x0
 894 00dd 00       		.byte	0x0
 895 00de 11       		.uleb128 0x11
 896 00df 2E       		.uleb128 0x2e
 897 00e0 00       		.byte	0x0
 898 00e1 03       		.uleb128 0x3
 899 00e2 0E       		.uleb128 0xe
 900 00e3 3A       		.uleb128 0x3a
 901 00e4 0B       		.uleb128 0xb
 902 00e5 3B       		.uleb128 0x3b
 903 00e6 0B       		.uleb128 0xb
 904 00e7 27       		.uleb128 0x27
 905 00e8 0C       		.uleb128 0xc
 906 00e9 11       		.uleb128 0x11
 907 00ea 01       		.uleb128 0x1
ARM GAS  C:\Users\Martin\AppData\Local\Temp\cc7vr5rA.s 			page 19


 908 00eb 12       		.uleb128 0x12
 909 00ec 01       		.uleb128 0x1
 910 00ed 40       		.uleb128 0x40
 911 00ee 06       		.uleb128 0x6
 912 00ef 00       		.byte	0x0
 913 00f0 00       		.byte	0x0
 914 00f1 12       		.uleb128 0x12
 915 00f2 34       		.uleb128 0x34
 916 00f3 00       		.byte	0x0
 917 00f4 03       		.uleb128 0x3
 918 00f5 0E       		.uleb128 0xe
 919 00f6 3A       		.uleb128 0x3a
 920 00f7 0B       		.uleb128 0xb
 921 00f8 3B       		.uleb128 0x3b
 922 00f9 05       		.uleb128 0x5
 923 00fa 49       		.uleb128 0x49
 924 00fb 13       		.uleb128 0x13
 925 00fc 3F       		.uleb128 0x3f
 926 00fd 0C       		.uleb128 0xc
 927 00fe 3C       		.uleb128 0x3c
 928 00ff 0C       		.uleb128 0xc
 929 0100 00       		.byte	0x0
 930 0101 00       		.byte	0x0
 931 0102 13       		.uleb128 0x13
 932 0103 35       		.uleb128 0x35
 933 0104 00       		.byte	0x0
 934 0105 49       		.uleb128 0x49
 935 0106 13       		.uleb128 0x13
 936 0107 00       		.byte	0x0
 937 0108 00       		.byte	0x0
 938 0109 00       		.byte	0x0
 939              		.section	.debug_pubnames,"",%progbits
 940 0000 4F000000 		.4byte	0x4f
 941 0004 0200     		.2byte	0x2
 942 0006 00000000 		.4byte	.Ldebug_info0
 943 000a 59020000 		.4byte	0x259
 944 000e 85010000 		.4byte	0x185
 945 0012 42414C5F 		.ascii	"BAL_ServoMsg\000"
 945      53657276 
 945      6F4D7367 
 945      00
 946 001f C5010000 		.4byte	0x1c5
 947 0023 42414C5F 		.ascii	"BAL_SendAck\000"
 947      53656E64 
 947      41636B00 
 948 002f FF010000 		.4byte	0x1ff
 949 0033 42414C5F 		.ascii	"BAL_Init\000"
 949      496E6974 
 949      00
 950 003c 18020000 		.4byte	0x218
 951 0040 42414C5F 		.ascii	"BAL_HandleTask\000"
 951      48616E64 
 951      6C655461 
 951      736B00
 952 004f 00000000 		.4byte	0x0
 953              		.section	.debug_aranges,"",%progbits
 954 0000 3C000000 		.4byte	0x3c
ARM GAS  C:\Users\Martin\AppData\Local\Temp\cc7vr5rA.s 			page 20


 955 0004 0200     		.2byte	0x2
 956 0006 00000000 		.4byte	.Ldebug_info0
 957 000a 04       		.byte	0x4
 958 000b 00       		.byte	0x0
 959 000c 0000     		.2byte	0x0
 960 000e 0000     		.2byte	0x0
 961 0010 00000000 		.4byte	.LFB29
 962 0014 76000000 		.4byte	.LFE29-.LFB29
 963 0018 00000000 		.4byte	.LFB30
 964 001c 3A000000 		.4byte	.LFE30-.LFB30
 965 0020 00000000 		.4byte	.LFB31
 966 0024 34000000 		.4byte	.LFE31-.LFB31
 967 0028 00000000 		.4byte	.LFB32
 968 002c 10000000 		.4byte	.LFE32-.LFB32
 969 0030 00000000 		.4byte	.LFB33
 970 0034 0E000000 		.4byte	.LFE33-.LFB33
 971 0038 00000000 		.4byte	0x0
 972 003c 00000000 		.4byte	0x0
 973              		.section	.debug_ranges,"",%progbits
 974              	.Ldebug_ranges0:
 975 0000 00000000 		.4byte	.Ltext0
 976 0004 00000000 		.4byte	.Letext0
 977 0008 00000000 		.4byte	.LFB29
 978 000c 76000000 		.4byte	.LFE29
 979 0010 00000000 		.4byte	.LFB30
 980 0014 3A000000 		.4byte	.LFE30
 981 0018 00000000 		.4byte	.LFB31
 982 001c 34000000 		.4byte	.LFE31
 983 0020 00000000 		.4byte	.LFB32
 984 0024 10000000 		.4byte	.LFE32
 985 0028 00000000 		.4byte	.LFB33
 986 002c 0E000000 		.4byte	.LFE33
 987 0030 00000000 		.4byte	0x0
 988 0034 00000000 		.4byte	0x0
 989              		.section	.debug_str,"MS",%progbits,1
 990              	.LASF6:
 991 0000 6C6F6E67 		.ascii	"long long int\000"
 991      206C6F6E 
 991      6720696E 
 991      7400
 992              	.LASF36:
 993 000e 42414C5F 		.ascii	"BAL_Init\000"
 993      496E6974 
 993      00
 994              	.LASF20:
 995 0017 63686563 		.ascii	"checksum\000"
 995      6B73756D 
 995      00
 996              	.LASF37:
 997 0020 42414C5F 		.ascii	"BAL_HandleTask\000"
 997      48616E64 
 997      6C655461 
 997      736B00
 998              	.LASF25:
 999 002f 54494D45 		.ascii	"TIMER_0\000"
 999      525F3000 
 1000              	.LASF26:
ARM GAS  C:\Users\Martin\AppData\Local\Temp\cc7vr5rA.s 			page 21


 1001 0037 54494D45 		.ascii	"TIMER_1\000"
 1001      525F3100 
 1002              	.LASF27:
 1003 003f 54494D45 		.ascii	"TIMER_2\000"
 1003      525F3200 
 1004              	.LASF28:
 1005 0047 54494D45 		.ascii	"TIMER_3\000"
 1005      525F3300 
 1006              	.LASF29:
 1007 004f 54494D45 		.ascii	"TIMER_4\000"
 1007      525F3400 
 1008              	.LASF30:
 1009 0057 54494D45 		.ascii	"TIMER_5\000"
 1009      525F3500 
 1010              	.LASF39:
 1011 005f 2E2E5C2E 		.ascii	"..\\..\\..\\Drive_Platform\\DrivePlatform.cydsn\\ba"
 1011      2E5C2E2E 
 1011      5C447269 
 1011      76655F50 
 1011      6C617466 
 1012 008d 6C2E6300 		.ascii	"l.c\000"
 1013              	.LASF10:
 1014 0091 646F7562 		.ascii	"double\000"
 1014      6C6500
 1015              	.LASF34:
 1016 0098 73746174 		.ascii	"status\000"
 1016      757300
 1017              	.LASF21:
 1018 009f 43445335 		.ascii	"CDS5500_MSG\000"
 1018      3530305F 
 1018      4D534700 
 1019              	.LASF9:
 1020 00ab 666C6F61 		.ascii	"float\000"
 1020      7400
 1021              	.LASF14:
 1022 00b1 73746172 		.ascii	"startbyte0\000"
 1022      74627974 
 1022      653000
 1023              	.LASF15:
 1024 00bc 73746172 		.ascii	"startbyte1\000"
 1024      74627974 
 1024      653100
 1025              	.LASF13:
 1026 00c7 53544154 		.ascii	"STATUS\000"
 1026      555300
 1027              	.LASF1:
 1028 00ce 756E7369 		.ascii	"unsigned char\000"
 1028      676E6564 
 1028      20636861 
 1028      7200
 1029              	.LASF33:
 1030 00dc 42414C5F 		.ascii	"BAL_SendAck\000"
 1030      53656E64 
 1030      41636B00 
 1031              	.LASF3:
 1032 00e8 73686F72 		.ascii	"short unsigned int\000"
 1032      7420756E 
ARM GAS  C:\Users\Martin\AppData\Local\Temp\cc7vr5rA.s 			page 22


 1032      7369676E 
 1032      65642069 
 1032      6E7400
 1033              	.LASF31:
 1034 00fb 54494D45 		.ascii	"TIMER_NUM\000"
 1034      525F4E55 
 1034      4D00
 1035              	.LASF32:
 1036 0105 42414C5F 		.ascii	"BAL_ServoMsg\000"
 1036      53657276 
 1036      6F4D7367 
 1036      00
 1037              	.LASF5:
 1038 0112 6C6F6E67 		.ascii	"long unsigned int\000"
 1038      20756E73 
 1038      69676E65 
 1038      6420696E 
 1038      7400
 1039              	.LASF16:
 1040 0124 6D6F746F 		.ascii	"motorId\000"
 1040      72496400 
 1041              	.LASF22:
 1042 012c 42414C5F 		.ascii	"BAL_MSG_ID_ACK\000"
 1042      4D53475F 
 1042      49445F41 
 1042      434B00
 1043              	.LASF40:
 1044 013b 583A5C47 		.ascii	"X:\\GitHub_roboticscode\\roboticscode\\psoc\\psoc_c"
 1044      69744875 
 1044      625F726F 
 1044      626F7469 
 1044      6373636F 
 1045 016a 72656174 		.ascii	"reator_2.2\\DrivePlatform2\\DrivePlatform2\\DrivePl"
 1045      6F725F32 
 1045      2E325C44 
 1045      72697665 
 1045      506C6174 
 1046 019a 6174666F 		.ascii	"atform2.cydsn\000"
 1046      726D322E 
 1046      63796473 
 1046      6E00
 1047              	.LASF19:
 1048 01a8 696E7374 		.ascii	"instrParams\000"
 1048      72506172 
 1048      616D7300 
 1049              	.LASF8:
 1050 01b4 756E7369 		.ascii	"unsigned int\000"
 1050      676E6564 
 1050      20696E74 
 1050      00
 1051              	.LASF41:
 1052 01c1 5F636473 		.ascii	"_cds5500_msg\000"
 1052      35353030 
 1052      5F6D7367 
 1052      00
 1053              	.LASF7:
 1054 01ce 6C6F6E67 		.ascii	"long long unsigned int\000"
ARM GAS  C:\Users\Martin\AppData\Local\Temp\cc7vr5rA.s 			page 23


 1054      206C6F6E 
 1054      6720756E 
 1054      7369676E 
 1054      65642069 
 1055              	.LASF42:
 1056 01e5 42414C5F 		.ascii	"BAL_ModuleTest\000"
 1056      4D6F6475 
 1056      6C655465 
 1056      737400
 1057              	.LASF23:
 1058 01f4 42414C5F 		.ascii	"BAL_MSG_ID_1\000"
 1058      4D53475F 
 1058      49445F31 
 1058      00
 1059              	.LASF24:
 1060 0201 42414C5F 		.ascii	"BAL_MSG_ID_2\000"
 1060      4D53475F 
 1060      49445F32 
 1060      00
 1061              	.LASF43:
 1062 020e 49544D5F 		.ascii	"ITM_RxBuffer\000"
 1062      52784275 
 1062      66666572 
 1062      00
 1063              	.LASF18:
 1064 021b 696E7374 		.ascii	"instrId\000"
 1064      72496400 
 1065              	.LASF38:
 1066 0223 474E5520 		.ascii	"GNU C 4.4.1\000"
 1066      4320342E 
 1066      342E3100 
 1067              	.LASF11:
 1068 022f 63686172 		.ascii	"char\000"
 1068      00
 1069              	.LASF2:
 1070 0234 73686F72 		.ascii	"short int\000"
 1070      7420696E 
 1070      7400
 1071              	.LASF35:
 1072 023e 62756666 		.ascii	"buffer\000"
 1072      657200
 1073              	.LASF12:
 1074 0245 75696E74 		.ascii	"uint8\000"
 1074      3800
 1075              	.LASF4:
 1076 024b 6C6F6E67 		.ascii	"long int\000"
 1076      20696E74 
 1076      00
 1077              	.LASF0:
 1078 0254 7369676E 		.ascii	"signed char\000"
 1078      65642063 
 1078      68617200 
 1079              	.LASF17:
 1080 0260 6C656E67 		.ascii	"length\000"
 1080      746800
 1081              		.ident	"GCC: (Sourcery G++ Lite 2010q1-188) 4.4.1"
