ARM GAS  C:\Users\Martin\AppData\Local\Temp\ccoBXSQe.s 			page 1


   1              		.syntax unified
   2              		.cpu cortex-m3
   3              		.fpu softvfp
   4              		.eabi_attribute 20, 1
   5              		.eabi_attribute 21, 1
   6              		.eabi_attribute 23, 3
   7              		.eabi_attribute 24, 1
   8              		.eabi_attribute 25, 1
   9              		.eabi_attribute 26, 1
  10              		.eabi_attribute 30, 6
  11              		.eabi_attribute 18, 4
  12              		.thumb
  13              		.file	"bus.c"
  14              		.section	.debug_abbrev,"",%progbits
  15              	.Ldebug_abbrev0:
  16              		.section	.debug_info,"",%progbits
  17              	.Ldebug_info0:
  18              		.section	.debug_line,"",%progbits
  19              	.Ldebug_line0:
  20 0000 40000000 		.text
  20      02003A00 
  20      00000201 
  20      FB0E0D00 
  20      01010101 
  21              	.Ltext0:
  22              		.cfi_sections	.debug_frame
  23              	.Letext0:
  24              		.file 1 "./Generated_Source/PSoC5/core_cm3.h"
  25              		.section	.debug_info
  26 0000 93000000 		.4byte	0x93
  27 0004 0200     		.2byte	0x2
  28 0006 00000000 		.4byte	.Ldebug_abbrev0
  29 000a 04       		.byte	0x4
  30 000b 01       		.uleb128 0x1
  31 000c 57000000 		.4byte	.LASF12
  32 0010 01       		.byte	0x1
  33 0011 71000000 		.4byte	.LASF13
  34 0015 B1000000 		.4byte	.LASF14
  35 0019 00000000 		.4byte	.Ltext0
  36 001d 00000000 		.4byte	.Letext0
  37 0021 00000000 		.4byte	.Ldebug_line0
  38 0025 02       		.uleb128 0x2
  39 0026 01       		.byte	0x1
  40 0027 06       		.byte	0x6
  41 0028 32010000 		.4byte	.LASF0
  42 002c 02       		.uleb128 0x2
  43 002d 01       		.byte	0x1
  44 002e 08       		.byte	0x8
  45 002f 63000000 		.4byte	.LASF1
  46 0033 02       		.uleb128 0x2
  47 0034 02       		.byte	0x2
  48 0035 05       		.byte	0x5
  49 0036 44010000 		.4byte	.LASF2
  50 003a 02       		.uleb128 0x2
  51 003b 02       		.byte	0x2
  52 003c 07       		.byte	0x7
  53 003d 0E000000 		.4byte	.LASF3
ARM GAS  C:\Users\Martin\AppData\Local\Temp\ccoBXSQe.s 			page 2


  54 0041 02       		.uleb128 0x2
  55 0042 04       		.byte	0x4
  56 0043 05       		.byte	0x5
  57 0044 A8000000 		.4byte	.LASF4
  58 0048 02       		.uleb128 0x2
  59 0049 04       		.byte	0x4
  60 004a 07       		.byte	0x7
  61 004b 2E000000 		.4byte	.LASF5
  62 004f 02       		.uleb128 0x2
  63 0050 08       		.byte	0x8
  64 0051 05       		.byte	0x5
  65 0052 00000000 		.4byte	.LASF6
  66 0056 02       		.uleb128 0x2
  67 0057 08       		.byte	0x8
  68 0058 07       		.byte	0x7
  69 0059 40000000 		.4byte	.LASF7
  70 005d 03       		.uleb128 0x3
  71 005e 04       		.byte	0x4
  72 005f 05       		.byte	0x5
  73 0060 696E7400 		.ascii	"int\000"
  74 0064 02       		.uleb128 0x2
  75 0065 04       		.byte	0x4
  76 0066 07       		.byte	0x7
  77 0067 21000000 		.4byte	.LASF8
  78 006b 02       		.uleb128 0x2
  79 006c 04       		.byte	0x4
  80 006d 04       		.byte	0x4
  81 006e 3E010000 		.4byte	.LASF9
  82 0072 02       		.uleb128 0x2
  83 0073 08       		.byte	0x8
  84 0074 04       		.byte	0x4
  85 0075 1E010000 		.4byte	.LASF10
  86 0079 02       		.uleb128 0x2
  87 007a 01       		.byte	0x1
  88 007b 08       		.byte	0x8
  89 007c A3000000 		.4byte	.LASF11
  90 0080 04       		.uleb128 0x4
  91 0081 04       		.byte	0x4
  92 0082 07       		.byte	0x7
  93 0083 05       		.uleb128 0x5
  94 0084 25010000 		.4byte	.LASF15
  95 0088 01       		.byte	0x1
  96 0089 CE06     		.2byte	0x6ce
  97 008b 91000000 		.4byte	0x91
  98 008f 01       		.byte	0x1
  99 0090 01       		.byte	0x1
 100 0091 06       		.uleb128 0x6
 101 0092 5D000000 		.4byte	0x5d
 102 0096 00       		.byte	0x0
 103              		.section	.debug_abbrev
 104 0000 01       		.uleb128 0x1
 105 0001 11       		.uleb128 0x11
 106 0002 01       		.byte	0x1
 107 0003 25       		.uleb128 0x25
 108 0004 0E       		.uleb128 0xe
 109 0005 13       		.uleb128 0x13
 110 0006 0B       		.uleb128 0xb
ARM GAS  C:\Users\Martin\AppData\Local\Temp\ccoBXSQe.s 			page 3


 111 0007 03       		.uleb128 0x3
 112 0008 0E       		.uleb128 0xe
 113 0009 1B       		.uleb128 0x1b
 114 000a 0E       		.uleb128 0xe
 115 000b 11       		.uleb128 0x11
 116 000c 01       		.uleb128 0x1
 117 000d 12       		.uleb128 0x12
 118 000e 01       		.uleb128 0x1
 119 000f 10       		.uleb128 0x10
 120 0010 06       		.uleb128 0x6
 121 0011 00       		.byte	0x0
 122 0012 00       		.byte	0x0
 123 0013 02       		.uleb128 0x2
 124 0014 24       		.uleb128 0x24
 125 0015 00       		.byte	0x0
 126 0016 0B       		.uleb128 0xb
 127 0017 0B       		.uleb128 0xb
 128 0018 3E       		.uleb128 0x3e
 129 0019 0B       		.uleb128 0xb
 130 001a 03       		.uleb128 0x3
 131 001b 0E       		.uleb128 0xe
 132 001c 00       		.byte	0x0
 133 001d 00       		.byte	0x0
 134 001e 03       		.uleb128 0x3
 135 001f 24       		.uleb128 0x24
 136 0020 00       		.byte	0x0
 137 0021 0B       		.uleb128 0xb
 138 0022 0B       		.uleb128 0xb
 139 0023 3E       		.uleb128 0x3e
 140 0024 0B       		.uleb128 0xb
 141 0025 03       		.uleb128 0x3
 142 0026 08       		.uleb128 0x8
 143 0027 00       		.byte	0x0
 144 0028 00       		.byte	0x0
 145 0029 04       		.uleb128 0x4
 146 002a 24       		.uleb128 0x24
 147 002b 00       		.byte	0x0
 148 002c 0B       		.uleb128 0xb
 149 002d 0B       		.uleb128 0xb
 150 002e 3E       		.uleb128 0x3e
 151 002f 0B       		.uleb128 0xb
 152 0030 00       		.byte	0x0
 153 0031 00       		.byte	0x0
 154 0032 05       		.uleb128 0x5
 155 0033 34       		.uleb128 0x34
 156 0034 00       		.byte	0x0
 157 0035 03       		.uleb128 0x3
 158 0036 0E       		.uleb128 0xe
 159 0037 3A       		.uleb128 0x3a
 160 0038 0B       		.uleb128 0xb
 161 0039 3B       		.uleb128 0x3b
 162 003a 05       		.uleb128 0x5
 163 003b 49       		.uleb128 0x49
 164 003c 13       		.uleb128 0x13
 165 003d 3F       		.uleb128 0x3f
 166 003e 0C       		.uleb128 0xc
 167 003f 3C       		.uleb128 0x3c
ARM GAS  C:\Users\Martin\AppData\Local\Temp\ccoBXSQe.s 			page 4


 168 0040 0C       		.uleb128 0xc
 169 0041 00       		.byte	0x0
 170 0042 00       		.byte	0x0
 171 0043 06       		.uleb128 0x6
 172 0044 35       		.uleb128 0x35
 173 0045 00       		.byte	0x0
 174 0046 49       		.uleb128 0x49
 175 0047 13       		.uleb128 0x13
 176 0048 00       		.byte	0x0
 177 0049 00       		.byte	0x0
 178 004a 00       		.byte	0x0
 179              		.section	.debug_str,"MS",%progbits,1
 180              	.LASF6:
 181 0000 6C6F6E67 		.ascii	"long long int\000"
 181      206C6F6E 
 181      6720696E 
 181      7400
 182              	.LASF3:
 183 000e 73686F72 		.ascii	"short unsigned int\000"
 183      7420756E 
 183      7369676E 
 183      65642069 
 183      6E7400
 184              	.LASF8:
 185 0021 756E7369 		.ascii	"unsigned int\000"
 185      676E6564 
 185      20696E74 
 185      00
 186              	.LASF5:
 187 002e 6C6F6E67 		.ascii	"long unsigned int\000"
 187      20756E73 
 187      69676E65 
 187      6420696E 
 187      7400
 188              	.LASF7:
 189 0040 6C6F6E67 		.ascii	"long long unsigned int\000"
 189      206C6F6E 
 189      6720756E 
 189      7369676E 
 189      65642069 
 190              	.LASF12:
 191 0057 474E5520 		.ascii	"GNU C 4.4.1\000"
 191      4320342E 
 191      342E3100 
 192              	.LASF1:
 193 0063 756E7369 		.ascii	"unsigned char\000"
 193      676E6564 
 193      20636861 
 193      7200
 194              	.LASF13:
 195 0071 2E2E5C2E 		.ascii	"..\\..\\..\\Drive_Platform\\DrivePlatform.cydsn\\bu"
 195      2E5C2E2E 
 195      5C447269 
 195      76655F50 
 195      6C617466 
 196 009f 732E6300 		.ascii	"s.c\000"
 197              	.LASF11:
ARM GAS  C:\Users\Martin\AppData\Local\Temp\ccoBXSQe.s 			page 5


 198 00a3 63686172 		.ascii	"char\000"
 198      00
 199              	.LASF4:
 200 00a8 6C6F6E67 		.ascii	"long int\000"
 200      20696E74 
 200      00
 201              	.LASF14:
 202 00b1 583A5C47 		.ascii	"X:\\GitHub_roboticscode\\roboticscode\\psoc\\psoc_c"
 202      69744875 
 202      625F726F 
 202      626F7469 
 202      6373636F 
 203 00e0 72656174 		.ascii	"reator_2.2\\DrivePlatform2\\DrivePlatform2\\DrivePl"
 203      6F725F32 
 203      2E325C44 
 203      72697665 
 203      506C6174 
 204 0110 6174666F 		.ascii	"atform2.cydsn\000"
 204      726D322E 
 204      63796473 
 204      6E00
 205              	.LASF10:
 206 011e 646F7562 		.ascii	"double\000"
 206      6C6500
 207              	.LASF15:
 208 0125 49544D5F 		.ascii	"ITM_RxBuffer\000"
 208      52784275 
 208      66666572 
 208      00
 209              	.LASF0:
 210 0132 7369676E 		.ascii	"signed char\000"
 210      65642063 
 210      68617200 
 211              	.LASF9:
 212 013e 666C6F61 		.ascii	"float\000"
 212      7400
 213              	.LASF2:
 214 0144 73686F72 		.ascii	"short int\000"
 214      7420696E 
 214      7400
 215              		.ident	"GCC: (Sourcery G++ Lite 2010q1-188) 4.4.1"
