--------------- Rebuild Started: 08/23/2015 12:55:43 Project: DrivePlatform2, Configuration: ARM GCC 4.4.1 Debug ---------------
Deleting file ".\CortexM3\ARM_GCC_441\Debug\main.o"
Deleting file ".\CortexM3\ARM_GCC_441\Debug\bal.o"
Deleting file ".\CortexM3\ARM_GCC_441\Debug\bpl.o"
Deleting file ".\CortexM3\ARM_GCC_441\Debug\bus.o"
Deleting file ".\CortexM3\ARM_GCC_441\Debug\error.o"
Deleting file ".\CortexM3\ARM_GCC_441\Debug\hal.o"
Deleting file ".\CortexM3\ARM_GCC_441\Debug\scheduler.o"
Deleting file ".\CortexM3\ARM_GCC_441\Debug\servo_cds5500.o"
Deleting file ".\CortexM3\ARM_GCC_441\Debug\test.o"
Deleting file ".\CortexM3\ARM_GCC_441\Debug\tmr.o"
Deleting file ".\CortexM3\ARM_GCC_441\Debug\ring_buffer.o"
Deleting file ".\CortexM3\ARM_GCC_441\Debug\move.o"
Deleting file ".\CortexM3\ARM_GCC_441\Debug\UART.o"
Deleting file ".\CortexM3\ARM_GCC_441\Debug\UART_PM.o"
Deleting file ".\CortexM3\ARM_GCC_441\Debug\UART_INT.o"
Deleting file ".\CortexM3\ARM_GCC_441\Debug\UART_BOOT.o"
Deleting file ".\CortexM3\ARM_GCC_441\Debug\TIMER.o"
Deleting file ".\CortexM3\ARM_GCC_441\Debug\TIMER_PM.o"
Deleting file ".\CortexM3\ARM_GCC_441\Debug\isr_tx.o"
Deleting file ".\CortexM3\ARM_GCC_441\Debug\isr_rx.o"
Deleting file ".\CortexM3\ARM_GCC_441\Debug\TIMER_CLOCK.o"
Deleting file ".\CortexM3\ARM_GCC_441\Debug\UART_IntClock.o"
Deleting file ".\CortexM3\ARM_GCC_441\Debug\Cm3Start.o"
Deleting file ".\CortexM3\ARM_GCC_441\Debug\core_cm3.o"
Deleting file ".\CortexM3\ARM_GCC_441\Debug\CyBootAsmGnu.o"
Deleting file ".\CortexM3\ARM_GCC_441\Debug\CyDmac.o"
Deleting file ".\CortexM3\ARM_GCC_441\Debug\CyFlash.o"
Deleting file ".\CortexM3\ARM_GCC_441\Debug\CyLib.o"
Deleting file ".\CortexM3\ARM_GCC_441\Debug\cyPm.o"
Deleting file ".\CortexM3\ARM_GCC_441\Debug\CySpc.o"
Deleting file ".\CortexM3\ARM_GCC_441\Debug\cyutils.o"
Deleting file ".\CortexM3\ARM_GCC_441\Debug\DEBUG_LED_1.o"
Deleting file ".\CortexM3\ARM_GCC_441\Debug\Isr_timer.o"
Deleting file ".\CortexM3\ARM_GCC_441\Debug\StartBitStatus.o"
Deleting file ".\CortexM3\ARM_GCC_441\Debug\DFF_Clock.o"
Deleting file ".\CortexM3\ARM_GCC_441\Debug\DFF_Reset.o"
Deleting file ".\CortexM3\ARM_GCC_441\Debug\cyfitter_cfg.o"
Deleting file ".\CortexM3\ARM_GCC_441\Debug\DrivePlatform2.hex"
Deleting file ".\CortexM3\ARM_GCC_441\Debug\DrivePlatform2.elf"
Deleting file ".\CortexM3\ARM_GCC_441\Debug\DrivePlatform2.map"
Deleting file ".\DrivePlatform2.cycdx"
Deleting file ".\DrivePlatform2.svd"
Deleting file ".\DrivePlatform2.rpt"
Deleting file ".\DrivePlatform2_timing.html"
Deleting file ".\CortexM3\ARM_GCC_441\Debug\.deps\C_FILE.P"
Deleting file ".\CortexM3\ARM_GCC_441\Debug\.deps\ARM_C_FILE.P"
Deleting file ".\CortexM3\ARM_GCC_441\Debug\.deps\GNU_ARM_ASM_FILE.P"
cydsfit.exe "-.appdatapath" "C:\Users\Martin\AppData\Local\Cypress Semiconductor\PSoC Creator\2.2" "-.fdsnotice" "-.fdswarpdepfile=warp_dependencies.txt" "-.fdselabdepfile=elab_dependencies.txt" "-.fdsbldfile=generated_files.txt" "-p" "X:\GitHub_roboticscode\roboticscode\psoc\psoc_creator_2.2\DrivePlatform2\DrivePlatform2\DrivePlatform2.cydsn\DrivePlatform2.cyprj" "-d" "CY8C5568AXI-060" "-s" "X:\GitHub_roboticscode\roboticscode\psoc\psoc_creator_2.2\DrivePlatform2\DrivePlatform2\DrivePlatform2.cydsn\Generated_Source\PSoC5" "--" "-yv2" "-v3" "-ygs" "-q10" "-o2" "-.fftcfgtype=LE"
Elaborating Design...
ADD: prj.M0246: information: PSoC 5LP provides many improvements over PSoC 5. Learn more about migrating to PSoC 5LP at www.cypress.com/go/PSoC5LP
 * DrivePlatform2 ()
ADD: pft.M0028: warning: Clock Warning: (UART_IntClock's accuracy range '76.677 kHz ñ 5.000%, (72.843 kHz - 80.511 kHz)' is not within the specified tolerance range '76.800 kHz ñ 2.000%, (75.264 kHz - 78.336 kHz)'.).
 * C:\Program Files (x86)\Cypress\PSoC Creator\2.2\PSoC Creator\psoc\content\cycomponentlibrary\CyComponentLibrary.cylib\UART_v2_30\UART_v2_30.cysch (Instance: IntClock)
 * X:\GitHub_roboticscode\roboticscode\psoc\psoc_creator_2.2\DrivePlatform2\DrivePlatform2\DrivePlatform2.cydsn\DrivePlatform2.cydwr (UART_IntClock)
HDL Generation ...
Synthesis ...
Place and Route ...
Tech mapping ...
Info: mpr.M0037: Unused pieces of the design have been optimized out. See the Tech mapping section of the report file for details. (App=cydsfit)
Analog Placement ...
Analog Routing ...
Analog Code Generation ...
Digital Placement ...
Digital Routing ...
Bitstream Generation ...
Static timing analysis ...
API Generation ...
Dependency Generation ...
Clean Temporary Files ...
arm-none-eabi-gcc.exe -I. -Wno-main -I./Generated_Source/PSoC5 -mcpu=cortex-m3 -mthumb -Wall -g -D DEBUG -Wa,-alh=.\CortexM3\ARM_GCC_441\Debug\main.lst -ffunction-sections -c .\main.c -o .\CortexM3\ARM_GCC_441\Debug\main.o
arm-none-eabi-gcc.exe -I. -Wno-main -I./Generated_Source/PSoC5 -mcpu=cortex-m3 -mthumb -Wall -g -D DEBUG -Wa,-alh=.\CortexM3\ARM_GCC_441\Debug\bal.lst -ffunction-sections -c .\bal.c -o .\CortexM3\ARM_GCC_441\Debug\bal.o
arm-none-eabi-gcc.exe -I. -Wno-main -I./Generated_Source/PSoC5 -mcpu=cortex-m3 -mthumb -Wall -g -D DEBUG -Wa,-alh=.\CortexM3\ARM_GCC_441\Debug\bpl.lst -ffunction-sections -c .\bpl.c -o .\CortexM3\ARM_GCC_441\Debug\bpl.o
arm-none-eabi-gcc.exe -I. -Wno-main -I./Generated_Source/PSoC5 -mcpu=cortex-m3 -mthumb -Wall -g -D DEBUG -Wa,-alh=.\CortexM3\ARM_GCC_441\Debug\bus.lst -ffunction-sections -c .\bus.c -o .\CortexM3\ARM_GCC_441\Debug\bus.o
arm-none-eabi-gcc.exe -I. -Wno-main -I./Generated_Source/PSoC5 -mcpu=cortex-m3 -mthumb -Wall -g -D DEBUG -Wa,-alh=.\CortexM3\ARM_GCC_441\Debug\error.lst -ffunction-sections -c .\error.c -o .\CortexM3\ARM_GCC_441\Debug\error.o
.\error.c: In function 'ERR_RegisterVariable':
.\error.c:68: warning: assignment discards qualifiers from pointer target type
.\error.c:69: warning: pointer targets in passing argument 1 of 'strncpy' differ in signedness
c:\program files (x86)\cypress\psoc creator\2.2\psoc creator\import\gnu_cs\arm\4.4.1\bin\../lib/gcc/arm-none-eabi/4.4.1/../../../../arm-none-eabi/include/string.h:37: note: expected 'char *' but argument is of type 'uchar *'
arm-none-eabi-gcc.exe -I. -Wno-main -I./Generated_Source/PSoC5 -mcpu=cortex-m3 -mthumb -Wall -g -D DEBUG -Wa,-alh=.\CortexM3\ARM_GCC_441\Debug\hal.lst -ffunction-sections -c .\hal.c -o .\CortexM3\ARM_GCC_441\Debug\hal.o
arm-none-eabi-gcc.exe -I. -Wno-main -I./Generated_Source/PSoC5 -mcpu=cortex-m3 -mthumb -Wall -g -D DEBUG -Wa,-alh=.\CortexM3\ARM_GCC_441\Debug\scheduler.lst -ffunction-sections -c .\scheduler.c -o .\CortexM3\ARM_GCC_441\Debug\scheduler.o
arm-none-eabi-gcc.exe -I. -Wno-main -I./Generated_Source/PSoC5 -mcpu=cortex-m3 -mthumb -Wall -g -D DEBUG -Wa,-alh=.\CortexM3\ARM_GCC_441\Debug\servo_cds5500.lst -ffunction-sections -c .\servo_cds5500.c -o .\CortexM3\ARM_GCC_441\Debug\servo_cds5500.o
arm-none-eabi-gcc.exe -I. -Wno-main -I./Generated_Source/PSoC5 -mcpu=cortex-m3 -mthumb -Wall -g -D DEBUG -Wa,-alh=.\CortexM3\ARM_GCC_441\Debug\test.lst -ffunction-sections -c .\test.c -o .\CortexM3\ARM_GCC_441\Debug\test.o
.\test.c:24: warning: 'TST_MsgBuffer' defined but not used
.\test.c:26: warning: 'TST_AckOkMsgBuffer' defined but not used
arm-none-eabi-gcc.exe -I. -Wno-main -I./Generated_Source/PSoC5 -mcpu=cortex-m3 -mthumb -Wall -g -D DEBUG -Wa,-alh=.\CortexM3\ARM_GCC_441\Debug\tmr.lst -ffunction-sections -c .\tmr.c -o .\CortexM3\ARM_GCC_441\Debug\tmr.o
.\tmr.c: In function 'TMR_HandleTask':
.\tmr.c:115: warning: implicit declaration of function 'ERR_Error'
arm-none-eabi-gcc.exe -I. -Wno-main -I./Generated_Source/PSoC5 -mcpu=cortex-m3 -mthumb -Wall -g -D DEBUG -Wa,-alh=.\CortexM3\ARM_GCC_441\Debug\ring_buffer.lst -ffunction-sections -c .\ring_buffer.c -o .\CortexM3\ARM_GCC_441\Debug\ring_buffer.o
arm-none-eabi-gcc.exe -I. -Wno-main -I./Generated_Source/PSoC5 -mcpu=cortex-m3 -mthumb -Wall -g -D DEBUG -Wa,-alh=.\CortexM3\ARM_GCC_441\Debug\move.lst -ffunction-sections -c .\move.c -o .\CortexM3\ARM_GCC_441\Debug\move.o
.\move.c: In function 'MOV_ucTest':
.\move.c:47: warning: implicit declaration of function 'CDS5500_Ping'
.\move.c:47: error: 'CDS5500_SERVO_1' undeclared (first use in this function)
.\move.c:42: warning: unused variable 'status'
The command 'arm-none-eabi-gcc.exe' failed with exit code '1'.
--------------- Rebuild Failed: 08/23/2015 12:56:06 ---------------
