ARM GAS  C:\Users\Martin\AppData\Local\Temp\ccnuRwY4.s 			page 1


   1              		.syntax unified
   2              		.cpu cortex-m3
   3              		.fpu softvfp
   4              		.eabi_attribute 20, 1
   5              		.eabi_attribute 21, 1
   6              		.eabi_attribute 23, 3
   7              		.eabi_attribute 24, 1
   8              		.eabi_attribute 25, 1
   9              		.eabi_attribute 26, 1
  10              		.eabi_attribute 30, 6
  11              		.eabi_attribute 18, 4
  12              		.thumb
  13              		.file	"error.c"
  14              		.section	.debug_abbrev,"",%progbits
  15              	.Ldebug_abbrev0:
  16              		.section	.debug_info,"",%progbits
  17              	.Ldebug_info0:
  18              		.section	.debug_line,"",%progbits
  19              	.Ldebug_line0:
  20 0000 56010000 		.text
  20      0200C100 
  20      00000201 
  20      FB0E0D00 
  20      01010101 
  21              	.Ltext0:
  22              		.cfi_sections	.debug_frame
  23              		.bss
  24              		.align	2
  25              	UcVar:
  26 0000 00000000 		.space	80
  26      00000000 
  26      00000000 
  26      00000000 
  26      00000000 
  27              		.align	2
  28              	UiVar:
  29 0050 00000000 		.space	80
  29      00000000 
  29      00000000 
  29      00000000 
  29      00000000 
  30              		.section	.text.ERR_Error,"ax",%progbits
  31              		.align	2
  32              		.global	ERR_Error
  33              		.thumb
  34              		.thumb_func
  35              		.type	ERR_Error, %function
  36              	ERR_Error:
  37              	.LFB29:
  38              		.file 1 "..\\..\\..\\Drive_Platform\\DrivePlatform.cydsn\\error.c"
   1:..\..\..\Drive_Platform\DrivePlatform.cydsn/error.c **** /* Copyright (C) <2014> <Martin Schalk>
   2:..\..\..\Drive_Platform\DrivePlatform.cydsn/error.c ****  * All rights reserved.
   3:..\..\..\Drive_Platform\DrivePlatform.cydsn/error.c ****  *
   4:..\..\..\Drive_Platform\DrivePlatform.cydsn/error.c ****  * This software may be modified and distributed under the terms
   5:..\..\..\Drive_Platform\DrivePlatform.cydsn/error.c ****  * of the BSD license.  See the LICENSE file for details.
   6:..\..\..\Drive_Platform\DrivePlatform.cydsn/error.c ****  */
   7:..\..\..\Drive_Platform\DrivePlatform.cydsn/error.c **** 
ARM GAS  C:\Users\Martin\AppData\Local\Temp\ccnuRwY4.s 			page 2


   8:..\..\..\Drive_Platform\DrivePlatform.cydsn/error.c **** #include <project.h>
   9:..\..\..\Drive_Platform\DrivePlatform.cydsn/error.c **** #include "global.h"
  10:..\..\..\Drive_Platform\DrivePlatform.cydsn/error.c **** #include "error.h"
  11:..\..\..\Drive_Platform\DrivePlatform.cydsn/error.c **** #include <stdio.h>
  12:..\..\..\Drive_Platform\DrivePlatform.cydsn/error.c **** 
  13:..\..\..\Drive_Platform\DrivePlatform.cydsn/error.c **** 
  14:..\..\..\Drive_Platform\DrivePlatform.cydsn/error.c **** 
  15:..\..\..\Drive_Platform\DrivePlatform.cydsn/error.c **** static ERR_UC_VAR UcVar[ERR_NUM_UC_VARIABLES];
  16:..\..\..\Drive_Platform\DrivePlatform.cydsn/error.c **** static ERR_UI_VAR UiVar[ERR_NUM_UI_VARIABLES];
  17:..\..\..\Drive_Platform\DrivePlatform.cydsn/error.c **** //static ERR_UL_VAR UlVar[ERR_NUM_UL_VARIABLES];
  18:..\..\..\Drive_Platform\DrivePlatform.cydsn/error.c **** 
  19:..\..\..\Drive_Platform\DrivePlatform.cydsn/error.c **** /*****************************************************************/
  20:..\..\..\Drive_Platform\DrivePlatform.cydsn/error.c **** void ERR_Error(uchar type)
  21:..\..\..\Drive_Platform\DrivePlatform.cydsn/error.c **** {
  39              		.loc 1 21 0
  40              		.cfi_startproc
  41              		@ args = 0, pretend = 0, frame = 8
  42              		@ frame_needed = 1, uses_anonymous_args = 0
  43              		@ link register save eliminated.
  44 0000 80B4     		push	{r7}
  45              	.LCFI0:
  46              		.cfi_def_cfa_offset 4
  47 0002 83B0     		sub	sp, sp, #12
  48              	.LCFI1:
  49              		.cfi_def_cfa_offset 16
  50 0004 00AF     		add	r7, sp, #0
  51              		.cfi_offset 7, -4
  52              	.LCFI2:
  53              		.cfi_def_cfa_register 7
  54 0006 0346     		mov	r3, r0
  55 0008 FB71     		strb	r3, [r7, #7]
  22:..\..\..\Drive_Platform\DrivePlatform.cydsn/error.c ****     switch(type)
  56              		.loc 1 22 0
  57 000a FB79     		ldrb	r3, [r7, #7]	@ zero_extendqisi2
  58 000c A3F1FC03 		sub	r3, r3, #252
  59 0010 032B     		cmp	r3, #3
  60 0012 0DD8     		bhi	.L2
  61 0014 01A2     		adr	r2, .L7
  62 0016 52F823F0 		ldr	pc, [r2, r3, lsl #2]
  63 001a 00BF     		.align	2
  64              	.L7:
  65 001c 33000000 		.word	.L10+1
  66 0020 33000000 		.word	.L10+1
  67 0024 2F000000 		.word	.L5+1
  68 0028 2D000000 		.word	.L6+1
  69              	.L6:
  23:..\..\..\Drive_Platform\DrivePlatform.cydsn/error.c ****     {
  24:..\..\..\Drive_Platform\DrivePlatform.cydsn/error.c ****         case ERROR_CRITICAL:        
  25:..\..\..\Drive_Platform\DrivePlatform.cydsn/error.c ****                                     break;
  70              		.loc 1 25 0
  71 002c 00E0     		b	.L2
  72              	.L5:
  26:..\..\..\Drive_Platform\DrivePlatform.cydsn/error.c **** 
  27:..\..\..\Drive_Platform\DrivePlatform.cydsn/error.c ****         case ERROR_MEMORY:          
  28:..\..\..\Drive_Platform\DrivePlatform.cydsn/error.c ****                                     break;
  73              		.loc 1 28 0
  74 002e 00BF     		nop
ARM GAS  C:\Users\Martin\AppData\Local\Temp\ccnuRwY4.s 			page 3


  75              	.L2:
  29:..\..\..\Drive_Platform\DrivePlatform.cydsn/error.c ****                                     
  30:..\..\..\Drive_Platform\DrivePlatform.cydsn/error.c ****         case ERROR_WARNING:         return;
  31:..\..\..\Drive_Platform\DrivePlatform.cydsn/error.c ****                                     break;
  32:..\..\..\Drive_Platform\DrivePlatform.cydsn/error.c ****                                     
  33:..\..\..\Drive_Platform\DrivePlatform.cydsn/error.c ****         case ERROR_DEBUG:           return;
  34:..\..\..\Drive_Platform\DrivePlatform.cydsn/error.c ****                                     break;                                    
  35:..\..\..\Drive_Platform\DrivePlatform.cydsn/error.c ****                                     
  36:..\..\..\Drive_Platform\DrivePlatform.cydsn/error.c ****         default:                    break;                            
  37:..\..\..\Drive_Platform\DrivePlatform.cydsn/error.c ****     }
  38:..\..\..\Drive_Platform\DrivePlatform.cydsn/error.c ****     
  39:..\..\..\Drive_Platform\DrivePlatform.cydsn/error.c ****     while(1)
  40:..\..\..\Drive_Platform\DrivePlatform.cydsn/error.c ****     {
  41:..\..\..\Drive_Platform\DrivePlatform.cydsn/error.c ****         /* do nothing */
  42:..\..\..\Drive_Platform\DrivePlatform.cydsn/error.c ****     }
  76              		.loc 1 42 0
  77 0030 FEE7     		b	.L2
  78              	.L10:
  79              		.loc 1 33 0
  80 0032 00BF     		nop
  81              	.L9:
  43:..\..\..\Drive_Platform\DrivePlatform.cydsn/error.c **** }
  82              		.loc 1 43 0
  83 0034 07F10C07 		add	r7, r7, #12
  84 0038 BD46     		mov	sp, r7
  85 003a 80BC     		pop	{r7}
  86 003c 7047     		bx	lr
  87              		.cfi_endproc
  88              	.LFE29:
  89              		.size	ERR_Error, .-ERR_Error
  90 003e 00BF     		.section	.text.ERR_Init,"ax",%progbits
  91              		.align	2
  92              		.global	ERR_Init
  93              		.thumb
  94              		.thumb_func
  95              		.type	ERR_Init, %function
  96              	ERR_Init:
  97              	.LFB30:
  44:..\..\..\Drive_Platform\DrivePlatform.cydsn/error.c **** 
  45:..\..\..\Drive_Platform\DrivePlatform.cydsn/error.c **** 
  46:..\..\..\Drive_Platform\DrivePlatform.cydsn/error.c **** /*****************************************************************/
  47:..\..\..\Drive_Platform\DrivePlatform.cydsn/error.c **** STATUS ERR_Init(void)
  48:..\..\..\Drive_Platform\DrivePlatform.cydsn/error.c **** {  
  98              		.loc 1 48 0
  99              		.cfi_startproc
 100              		@ args = 0, pretend = 0, frame = 0
 101              		@ frame_needed = 1, uses_anonymous_args = 0
 102 0000 80B5     		push	{r7, lr}
 103              	.LCFI3:
 104              		.cfi_def_cfa_offset 8
 105 0002 00AF     		add	r7, sp, #0
 106              		.cfi_offset 14, -4
 107              		.cfi_offset 7, -8
 108              	.LCFI4:
 109              		.cfi_def_cfa_register 7
  49:..\..\..\Drive_Platform\DrivePlatform.cydsn/error.c ****     memset(UcVar, 0x00, sizeof(UcVar));
 110              		.loc 1 49 0
ARM GAS  C:\Users\Martin\AppData\Local\Temp\ccnuRwY4.s 			page 4


 111 0004 40F20000 		movw	r0, #:lower16:UcVar
 112 0008 C0F20000 		movt	r0, #:upper16:UcVar
 113 000c 4FF00001 		mov	r1, #0
 114 0010 4FF05002 		mov	r2, #80
 115 0014 FFF7FEFF 		bl	memset
  50:..\..\..\Drive_Platform\DrivePlatform.cydsn/error.c ****     memset(UiVar, 0x00, sizeof(UcVar));
 116              		.loc 1 50 0
 117 0018 40F20000 		movw	r0, #:lower16:UiVar
 118 001c C0F20000 		movt	r0, #:upper16:UiVar
 119 0020 4FF00001 		mov	r1, #0
 120 0024 4FF05002 		mov	r2, #80
 121 0028 FFF7FEFF 		bl	memset
  51:..\..\..\Drive_Platform\DrivePlatform.cydsn/error.c ****     //memset(UlVar, 0x00, sizeof(UcVar));
  52:..\..\..\Drive_Platform\DrivePlatform.cydsn/error.c ****     
  53:..\..\..\Drive_Platform\DrivePlatform.cydsn/error.c ****     return SUCCESS; 
 122              		.loc 1 53 0
 123 002c 4FF00003 		mov	r3, #0
  54:..\..\..\Drive_Platform\DrivePlatform.cydsn/error.c **** }
 124              		.loc 1 54 0
 125 0030 1846     		mov	r0, r3
 126 0032 80BD     		pop	{r7, pc}
 127              		.cfi_endproc
 128              	.LFE30:
 129              		.size	ERR_Init, .-ERR_Init
 130              		.section	.text.ERR_RegisterUcVariable,"ax",%progbits
 131              		.align	2
 132              		.global	ERR_RegisterUcVariable
 133              		.thumb
 134              		.thumb_func
 135              		.type	ERR_RegisterUcVariable, %function
 136              	ERR_RegisterUcVariable:
 137              	.LFB31:
  55:..\..\..\Drive_Platform\DrivePlatform.cydsn/error.c **** 
  56:..\..\..\Drive_Platform\DrivePlatform.cydsn/error.c **** 
  57:..\..\..\Drive_Platform\DrivePlatform.cydsn/error.c **** /*****************************************************************/
  58:..\..\..\Drive_Platform\DrivePlatform.cydsn/error.c **** uchar ERR_RegisterUcVariable(const uint8* ptrUcVar, const char* name, const uint8 min, const uint8 
  59:..\..\..\Drive_Platform\DrivePlatform.cydsn/error.c **** {  
 138              		.loc 1 59 0
 139              		.cfi_startproc
 140              		@ args = 0, pretend = 0, frame = 24
 141              		@ frame_needed = 1, uses_anonymous_args = 0
 142 0000 80B5     		push	{r7, lr}
 143              	.LCFI5:
 144              		.cfi_def_cfa_offset 8
 145 0002 86B0     		sub	sp, sp, #24
 146              	.LCFI6:
 147              		.cfi_def_cfa_offset 32
 148 0004 00AF     		add	r7, sp, #0
 149              		.cfi_offset 14, -4
 150              		.cfi_offset 7, -8
 151              	.LCFI7:
 152              		.cfi_def_cfa_register 7
 153 0006 F860     		str	r0, [r7, #12]
 154 0008 B960     		str	r1, [r7, #8]
 155 000a FA71     		strb	r2, [r7, #7]
 156 000c BB71     		strb	r3, [r7, #6]
  60:..\..\..\Drive_Platform\DrivePlatform.cydsn/error.c ****     uchar idx = 0;
ARM GAS  C:\Users\Martin\AppData\Local\Temp\ccnuRwY4.s 			page 5


 157              		.loc 1 60 0
 158 000e 4FF00003 		mov	r3, #0
 159 0012 FB75     		strb	r3, [r7, #23]
  61:..\..\..\Drive_Platform\DrivePlatform.cydsn/error.c ****     
  62:..\..\..\Drive_Platform\DrivePlatform.cydsn/error.c ****     /* search for free index */
  63:..\..\..\Drive_Platform\DrivePlatform.cydsn/error.c ****     while ((UcVar[idx].ucAddr != NULL) && (idx < ERR_NUM_UC_VARIABLES))
 160              		.loc 1 63 0
 161 0014 03E0     		b	.L14
 162              	.L16:
  64:..\..\..\Drive_Platform\DrivePlatform.cydsn/error.c ****     {
  65:..\..\..\Drive_Platform\DrivePlatform.cydsn/error.c ****         idx++;
 163              		.loc 1 65 0
 164 0016 FB7D     		ldrb	r3, [r7, #23]
 165 0018 03F10103 		add	r3, r3, #1
 166 001c FB75     		strb	r3, [r7, #23]
 167              	.L14:
 168              		.loc 1 63 0
 169 001e FA7D     		ldrb	r2, [r7, #23]	@ zero_extendqisi2
 170 0020 40F20003 		movw	r3, #:lower16:UcVar
 171 0024 C0F20003 		movt	r3, #:upper16:UcVar
 172 0028 4FEA0212 		lsl	r2, r2, #4
 173 002c 1344     		add	r3, r2, r3
 174 002e 1B68     		ldr	r3, [r3, #0]
 175 0030 002B     		cmp	r3, #0
 176 0032 02D0     		beq	.L15
 177 0034 FB7D     		ldrb	r3, [r7, #23]	@ zero_extendqisi2
 178 0036 042B     		cmp	r3, #4
 179 0038 EDD9     		bls	.L16
 180              	.L15:
  66:..\..\..\Drive_Platform\DrivePlatform.cydsn/error.c ****     }
  67:..\..\..\Drive_Platform\DrivePlatform.cydsn/error.c ****     
  68:..\..\..\Drive_Platform\DrivePlatform.cydsn/error.c ****     /* if free index available, save variable pointer */
  69:..\..\..\Drive_Platform\DrivePlatform.cydsn/error.c ****     if (idx < ERR_NUM_UC_VARIABLES)
 181              		.loc 1 69 0
 182 003a FB7D     		ldrb	r3, [r7, #23]	@ zero_extendqisi2
 183 003c 042B     		cmp	r3, #4
 184 003e 36D8     		bhi	.L17
  70:..\..\..\Drive_Platform\DrivePlatform.cydsn/error.c ****     {
  71:..\..\..\Drive_Platform\DrivePlatform.cydsn/error.c ****         UcVar[idx].ucAddr = ptrUcVar;
 185              		.loc 1 71 0
 186 0040 FA7D     		ldrb	r2, [r7, #23]	@ zero_extendqisi2
 187 0042 40F20003 		movw	r3, #:lower16:UcVar
 188 0046 C0F20003 		movt	r3, #:upper16:UcVar
 189 004a 4FEA0212 		lsl	r2, r2, #4
 190 004e 1344     		add	r3, r2, r3
 191 0050 FA68     		ldr	r2, [r7, #12]
 192 0052 1A60     		str	r2, [r3, #0]
  72:..\..\..\Drive_Platform\DrivePlatform.cydsn/error.c ****         strncpy(UcVar[idx].ucName, name, ERR_NAME_LENGTH);
 193              		.loc 1 72 0
 194 0054 FB7D     		ldrb	r3, [r7, #23]	@ zero_extendqisi2
 195 0056 4FEA0312 		lsl	r2, r3, #4
 196 005a 40F20003 		movw	r3, #:lower16:UcVar
 197 005e C0F20003 		movt	r3, #:upper16:UcVar
 198 0062 1344     		add	r3, r2, r3
 199 0064 03F10403 		add	r3, r3, #4
 200 0068 1846     		mov	r0, r3
 201 006a B968     		ldr	r1, [r7, #8]
ARM GAS  C:\Users\Martin\AppData\Local\Temp\ccnuRwY4.s 			page 6


 202 006c 4FF00802 		mov	r2, #8
 203 0070 FFF7FEFF 		bl	strncpy
  73:..\..\..\Drive_Platform\DrivePlatform.cydsn/error.c ****         UcVar[idx].ucMin = min;
 204              		.loc 1 73 0
 205 0074 FB7D     		ldrb	r3, [r7, #23]	@ zero_extendqisi2
 206 0076 40F20002 		movw	r2, #:lower16:UcVar
 207 007a C0F20002 		movt	r2, #:upper16:UcVar
 208 007e 4FEA4303 		lsl	r3, r3, #1
 209 0082 03F10103 		add	r3, r3, #1
 210 0086 4FEAC303 		lsl	r3, r3, #3
 211 008a 1344     		add	r3, r3, r2
 212 008c FA79     		ldrb	r2, [r7, #7]
 213 008e 5A71     		strb	r2, [r3, #5]
  74:..\..\..\Drive_Platform\DrivePlatform.cydsn/error.c ****         UcVar[idx].ucMax = max;
 214              		.loc 1 74 0
 215 0090 FB7D     		ldrb	r3, [r7, #23]	@ zero_extendqisi2
 216 0092 40F20002 		movw	r2, #:lower16:UcVar
 217 0096 C0F20002 		movt	r2, #:upper16:UcVar
 218 009a 4FEA4303 		lsl	r3, r3, #1
 219 009e 03F10103 		add	r3, r3, #1
 220 00a2 4FEAC303 		lsl	r3, r3, #3
 221 00a6 1344     		add	r3, r3, r2
 222 00a8 BA79     		ldrb	r2, [r7, #6]
 223 00aa 1A71     		strb	r2, [r3, #4]
 224 00ac 02E0     		b	.L18
 225              	.L17:
  75:..\..\..\Drive_Platform\DrivePlatform.cydsn/error.c ****     }
  76:..\..\..\Drive_Platform\DrivePlatform.cydsn/error.c ****     /* if not return !SUCCESS */
  77:..\..\..\Drive_Platform\DrivePlatform.cydsn/error.c ****     else
  78:..\..\..\Drive_Platform\DrivePlatform.cydsn/error.c ****     {
  79:..\..\..\Drive_Platform\DrivePlatform.cydsn/error.c ****         idx = !SUCCESS;
 226              		.loc 1 79 0
 227 00ae 4FF00103 		mov	r3, #1
 228 00b2 FB75     		strb	r3, [r7, #23]
 229              	.L18:
  80:..\..\..\Drive_Platform\DrivePlatform.cydsn/error.c ****     }
  81:..\..\..\Drive_Platform\DrivePlatform.cydsn/error.c ****     
  82:..\..\..\Drive_Platform\DrivePlatform.cydsn/error.c ****     return idx;
 230              		.loc 1 82 0
 231 00b4 FB7D     		ldrb	r3, [r7, #23]	@ zero_extendqisi2
  83:..\..\..\Drive_Platform\DrivePlatform.cydsn/error.c **** }
 232              		.loc 1 83 0
 233 00b6 1846     		mov	r0, r3
 234 00b8 07F11807 		add	r7, r7, #24
 235 00bc BD46     		mov	sp, r7
 236 00be 80BD     		pop	{r7, pc}
 237              		.cfi_endproc
 238              	.LFE31:
 239              		.size	ERR_RegisterUcVariable, .-ERR_RegisterUcVariable
 240              		.section	.text.ERR_RegisterUiVariable,"ax",%progbits
 241              		.align	2
 242              		.global	ERR_RegisterUiVariable
 243              		.thumb
 244              		.thumb_func
 245              		.type	ERR_RegisterUiVariable, %function
 246              	ERR_RegisterUiVariable:
 247              	.LFB32:
ARM GAS  C:\Users\Martin\AppData\Local\Temp\ccnuRwY4.s 			page 7


  84:..\..\..\Drive_Platform\DrivePlatform.cydsn/error.c **** 
  85:..\..\..\Drive_Platform\DrivePlatform.cydsn/error.c **** /*****************************************************************/
  86:..\..\..\Drive_Platform\DrivePlatform.cydsn/error.c **** uchar ERR_RegisterUiVariable(const uint16* ptrUiVar, const char* name, const uint16 min, const uint
  87:..\..\..\Drive_Platform\DrivePlatform.cydsn/error.c **** {  
 248              		.loc 1 87 0
 249              		.cfi_startproc
 250              		@ args = 0, pretend = 0, frame = 24
 251              		@ frame_needed = 1, uses_anonymous_args = 0
 252 0000 80B5     		push	{r7, lr}
 253              	.LCFI8:
 254              		.cfi_def_cfa_offset 8
 255 0002 86B0     		sub	sp, sp, #24
 256              	.LCFI9:
 257              		.cfi_def_cfa_offset 32
 258 0004 00AF     		add	r7, sp, #0
 259              		.cfi_offset 14, -4
 260              		.cfi_offset 7, -8
 261              	.LCFI10:
 262              		.cfi_def_cfa_register 7
 263 0006 F860     		str	r0, [r7, #12]
 264 0008 B960     		str	r1, [r7, #8]
 265 000a FA80     		strh	r2, [r7, #6]	@ movhi
 266 000c BB80     		strh	r3, [r7, #4]	@ movhi
  88:..\..\..\Drive_Platform\DrivePlatform.cydsn/error.c ****     uchar idx = 0;
 267              		.loc 1 88 0
 268 000e 4FF00003 		mov	r3, #0
 269 0012 FB75     		strb	r3, [r7, #23]
  89:..\..\..\Drive_Platform\DrivePlatform.cydsn/error.c ****     
  90:..\..\..\Drive_Platform\DrivePlatform.cydsn/error.c ****     /* search for free index */
  91:..\..\..\Drive_Platform\DrivePlatform.cydsn/error.c ****     while ((UiVar[idx].uiAddr != NULL) && (idx < ERR_NUM_UI_VARIABLES))
 270              		.loc 1 91 0
 271 0014 03E0     		b	.L21
 272              	.L23:
  92:..\..\..\Drive_Platform\DrivePlatform.cydsn/error.c ****     {
  93:..\..\..\Drive_Platform\DrivePlatform.cydsn/error.c ****         idx++;
 273              		.loc 1 93 0
 274 0016 FB7D     		ldrb	r3, [r7, #23]
 275 0018 03F10103 		add	r3, r3, #1
 276 001c FB75     		strb	r3, [r7, #23]
 277              	.L21:
 278              		.loc 1 91 0
 279 001e FA7D     		ldrb	r2, [r7, #23]	@ zero_extendqisi2
 280 0020 40F20003 		movw	r3, #:lower16:UiVar
 281 0024 C0F20003 		movt	r3, #:upper16:UiVar
 282 0028 4FEA0212 		lsl	r2, r2, #4
 283 002c 1344     		add	r3, r2, r3
 284 002e 1B68     		ldr	r3, [r3, #0]
 285 0030 002B     		cmp	r3, #0
 286 0032 02D0     		beq	.L22
 287 0034 FB7D     		ldrb	r3, [r7, #23]	@ zero_extendqisi2
 288 0036 042B     		cmp	r3, #4
 289 0038 EDD9     		bls	.L23
 290              	.L22:
  94:..\..\..\Drive_Platform\DrivePlatform.cydsn/error.c ****     }
  95:..\..\..\Drive_Platform\DrivePlatform.cydsn/error.c ****     
  96:..\..\..\Drive_Platform\DrivePlatform.cydsn/error.c ****     /* if free index available, save variable pointer */
  97:..\..\..\Drive_Platform\DrivePlatform.cydsn/error.c ****     if (idx < ERR_NUM_UI_VARIABLES)
ARM GAS  C:\Users\Martin\AppData\Local\Temp\ccnuRwY4.s 			page 8


 291              		.loc 1 97 0
 292 003a FB7D     		ldrb	r3, [r7, #23]	@ zero_extendqisi2
 293 003c 042B     		cmp	r3, #4
 294 003e 36D8     		bhi	.L24
  98:..\..\..\Drive_Platform\DrivePlatform.cydsn/error.c ****     {
  99:..\..\..\Drive_Platform\DrivePlatform.cydsn/error.c ****         UiVar[idx].uiAddr = ptrUiVar;
 295              		.loc 1 99 0
 296 0040 FA7D     		ldrb	r2, [r7, #23]	@ zero_extendqisi2
 297 0042 40F20003 		movw	r3, #:lower16:UiVar
 298 0046 C0F20003 		movt	r3, #:upper16:UiVar
 299 004a 4FEA0212 		lsl	r2, r2, #4
 300 004e 1344     		add	r3, r2, r3
 301 0050 FA68     		ldr	r2, [r7, #12]
 302 0052 1A60     		str	r2, [r3, #0]
 100:..\..\..\Drive_Platform\DrivePlatform.cydsn/error.c ****         strncpy(UiVar[idx].ucName, name, ERR_NAME_LENGTH);
 303              		.loc 1 100 0
 304 0054 FB7D     		ldrb	r3, [r7, #23]	@ zero_extendqisi2
 305 0056 4FEA0312 		lsl	r2, r3, #4
 306 005a 40F20003 		movw	r3, #:lower16:UiVar
 307 005e C0F20003 		movt	r3, #:upper16:UiVar
 308 0062 1344     		add	r3, r2, r3
 309 0064 03F10403 		add	r3, r3, #4
 310 0068 1846     		mov	r0, r3
 311 006a B968     		ldr	r1, [r7, #8]
 312 006c 4FF00802 		mov	r2, #8
 313 0070 FFF7FEFF 		bl	strncpy
 101:..\..\..\Drive_Platform\DrivePlatform.cydsn/error.c ****         UiVar[idx].uiMin = min;
 314              		.loc 1 101 0
 315 0074 FB7D     		ldrb	r3, [r7, #23]	@ zero_extendqisi2
 316 0076 40F20002 		movw	r2, #:lower16:UiVar
 317 007a C0F20002 		movt	r2, #:upper16:UiVar
 318 007e 4FEA4303 		lsl	r3, r3, #1
 319 0082 03F10103 		add	r3, r3, #1
 320 0086 4FEAC303 		lsl	r3, r3, #3
 321 008a 1344     		add	r3, r3, r2
 322 008c FA88     		ldrh	r2, [r7, #6]	@ movhi
 323 008e DA80     		strh	r2, [r3, #6]	@ movhi
 102:..\..\..\Drive_Platform\DrivePlatform.cydsn/error.c ****         UiVar[idx].uiMax = max;
 324              		.loc 1 102 0
 325 0090 FB7D     		ldrb	r3, [r7, #23]	@ zero_extendqisi2
 326 0092 40F20002 		movw	r2, #:lower16:UiVar
 327 0096 C0F20002 		movt	r2, #:upper16:UiVar
 328 009a 4FEA4303 		lsl	r3, r3, #1
 329 009e 03F10103 		add	r3, r3, #1
 330 00a2 4FEAC303 		lsl	r3, r3, #3
 331 00a6 1344     		add	r3, r3, r2
 332 00a8 BA88     		ldrh	r2, [r7, #4]	@ movhi
 333 00aa 9A80     		strh	r2, [r3, #4]	@ movhi
 334 00ac 02E0     		b	.L25
 335              	.L24:
 103:..\..\..\Drive_Platform\DrivePlatform.cydsn/error.c ****     }
 104:..\..\..\Drive_Platform\DrivePlatform.cydsn/error.c ****     /* if not return !SUCCESS */
 105:..\..\..\Drive_Platform\DrivePlatform.cydsn/error.c ****     else
 106:..\..\..\Drive_Platform\DrivePlatform.cydsn/error.c ****     {
 107:..\..\..\Drive_Platform\DrivePlatform.cydsn/error.c ****         idx = !SUCCESS;
 336              		.loc 1 107 0
 337 00ae 4FF00103 		mov	r3, #1
ARM GAS  C:\Users\Martin\AppData\Local\Temp\ccnuRwY4.s 			page 9


 338 00b2 FB75     		strb	r3, [r7, #23]
 339              	.L25:
 108:..\..\..\Drive_Platform\DrivePlatform.cydsn/error.c ****     }
 109:..\..\..\Drive_Platform\DrivePlatform.cydsn/error.c ****     
 110:..\..\..\Drive_Platform\DrivePlatform.cydsn/error.c ****     return idx;
 340              		.loc 1 110 0
 341 00b4 FB7D     		ldrb	r3, [r7, #23]	@ zero_extendqisi2
 111:..\..\..\Drive_Platform\DrivePlatform.cydsn/error.c **** }
 342              		.loc 1 111 0
 343 00b6 1846     		mov	r0, r3
 344 00b8 07F11807 		add	r7, r7, #24
 345 00bc BD46     		mov	sp, r7
 346 00be 80BD     		pop	{r7, pc}
 347              		.cfi_endproc
 348              	.LFE32:
 349              		.size	ERR_RegisterUiVariable, .-ERR_RegisterUiVariable
 350              		.section	.text.ERR_HandleTask,"ax",%progbits
 351              		.align	2
 352              		.global	ERR_HandleTask
 353              		.thumb
 354              		.thumb_func
 355              		.type	ERR_HandleTask, %function
 356              	ERR_HandleTask:
 357              	.LFB33:
 112:..\..\..\Drive_Platform\DrivePlatform.cydsn/error.c **** 
 113:..\..\..\Drive_Platform\DrivePlatform.cydsn/error.c **** 
 114:..\..\..\Drive_Platform\DrivePlatform.cydsn/error.c **** 
 115:..\..\..\Drive_Platform\DrivePlatform.cydsn/error.c **** /*****************************************************************/
 116:..\..\..\Drive_Platform\DrivePlatform.cydsn/error.c **** STATUS ERR_HandleTask(void)
 117:..\..\..\Drive_Platform\DrivePlatform.cydsn/error.c **** {
 358              		.loc 1 117 0
 359              		.cfi_startproc
 360              		@ args = 0, pretend = 0, frame = 8
 361              		@ frame_needed = 1, uses_anonymous_args = 0
 362 0000 80B5     		push	{r7, lr}
 363              	.LCFI11:
 364              		.cfi_def_cfa_offset 8
 365 0002 82B0     		sub	sp, sp, #8
 366              	.LCFI12:
 367              		.cfi_def_cfa_offset 16
 368 0004 00AF     		add	r7, sp, #0
 369              		.cfi_offset 14, -4
 370              		.cfi_offset 7, -8
 371              	.LCFI13:
 372              		.cfi_def_cfa_register 7
 118:..\..\..\Drive_Platform\DrivePlatform.cydsn/error.c ****     uchar idx = 0;
 373              		.loc 1 118 0
 374 0006 4FF00003 		mov	r3, #0
 375 000a 3B71     		strb	r3, [r7, #4]
 119:..\..\..\Drive_Platform\DrivePlatform.cydsn/error.c ****     uint8 ucVal;
 120:..\..\..\Drive_Platform\DrivePlatform.cydsn/error.c ****     uint16 uiVal;
 121:..\..\..\Drive_Platform\DrivePlatform.cydsn/error.c ****     
 122:..\..\..\Drive_Platform\DrivePlatform.cydsn/error.c ****     /* check uc variables */
 123:..\..\..\Drive_Platform\DrivePlatform.cydsn/error.c ****     while ((UcVar[idx].ucAddr != NULL) && (idx < ERR_NUM_UC_VARIABLES))
 376              		.loc 1 123 0
 377 000c 32E0     		b	.L28
 378              	.L32:
ARM GAS  C:\Users\Martin\AppData\Local\Temp\ccnuRwY4.s 			page 10


 124:..\..\..\Drive_Platform\DrivePlatform.cydsn/error.c ****     {
 125:..\..\..\Drive_Platform\DrivePlatform.cydsn/error.c ****         ucVal = *(UcVar[idx].ucAddr);
 379              		.loc 1 125 0
 380 000e 3A79     		ldrb	r2, [r7, #4]	@ zero_extendqisi2
 381 0010 40F20003 		movw	r3, #:lower16:UcVar
 382 0014 C0F20003 		movt	r3, #:upper16:UcVar
 383 0018 4FEA0212 		lsl	r2, r2, #4
 384 001c 1344     		add	r3, r2, r3
 385 001e 1B68     		ldr	r3, [r3, #0]
 386 0020 1B78     		ldrb	r3, [r3, #0]
 387 0022 7B71     		strb	r3, [r7, #5]
 126:..\..\..\Drive_Platform\DrivePlatform.cydsn/error.c ****         if ((ucVal < UcVar[idx].ucMin) || (ucVal > UcVar[idx].ucMax))
 388              		.loc 1 126 0
 389 0024 3B79     		ldrb	r3, [r7, #4]	@ zero_extendqisi2
 390 0026 40F20002 		movw	r2, #:lower16:UcVar
 391 002a C0F20002 		movt	r2, #:upper16:UcVar
 392 002e 4FEA4303 		lsl	r3, r3, #1
 393 0032 03F10103 		add	r3, r3, #1
 394 0036 4FEAC303 		lsl	r3, r3, #3
 395 003a 1344     		add	r3, r3, r2
 396 003c 5B79     		ldrb	r3, [r3, #5]	@ zero_extendqisi2
 397 003e 7A79     		ldrb	r2, [r7, #5]	@ zero_extendqisi2
 398 0040 9A42     		cmp	r2, r3
 399 0042 0FD3     		bcc	.L29
 400 0044 3B79     		ldrb	r3, [r7, #4]	@ zero_extendqisi2
 401 0046 40F20002 		movw	r2, #:lower16:UcVar
 402 004a C0F20002 		movt	r2, #:upper16:UcVar
 403 004e 4FEA4303 		lsl	r3, r3, #1
 404 0052 03F10103 		add	r3, r3, #1
 405 0056 4FEAC303 		lsl	r3, r3, #3
 406 005a 1344     		add	r3, r3, r2
 407 005c 1B79     		ldrb	r3, [r3, #4]	@ zero_extendqisi2
 408 005e 7A79     		ldrb	r2, [r7, #5]	@ zero_extendqisi2
 409 0060 9A42     		cmp	r2, r3
 410 0062 03D9     		bls	.L30
 411              	.L29:
 127:..\..\..\Drive_Platform\DrivePlatform.cydsn/error.c ****         {
 128:..\..\..\Drive_Platform\DrivePlatform.cydsn/error.c ****             ERR_Error(ERROR_MEMORY);
 412              		.loc 1 128 0
 413 0064 4FF0FE00 		mov	r0, #254
 414 0068 FFF7FEFF 		bl	ERR_Error
 415              	.L30:
 129:..\..\..\Drive_Platform\DrivePlatform.cydsn/error.c ****         }
 130:..\..\..\Drive_Platform\DrivePlatform.cydsn/error.c ****         idx++;
 416              		.loc 1 130 0
 417 006c 3B79     		ldrb	r3, [r7, #4]
 418 006e 03F10103 		add	r3, r3, #1
 419 0072 3B71     		strb	r3, [r7, #4]
 420              	.L28:
 421              		.loc 1 123 0
 422 0074 3A79     		ldrb	r2, [r7, #4]	@ zero_extendqisi2
 423 0076 40F20003 		movw	r3, #:lower16:UcVar
 424 007a C0F20003 		movt	r3, #:upper16:UcVar
 425 007e 4FEA0212 		lsl	r2, r2, #4
 426 0082 1344     		add	r3, r2, r3
 427 0084 1B68     		ldr	r3, [r3, #0]
 428 0086 002B     		cmp	r3, #0
ARM GAS  C:\Users\Martin\AppData\Local\Temp\ccnuRwY4.s 			page 11


 429 0088 37D0     		beq	.L39
 430 008a 3B79     		ldrb	r3, [r7, #4]	@ zero_extendqisi2
 431 008c 042B     		cmp	r3, #4
 432 008e BED9     		bls	.L32
 131:..\..\..\Drive_Platform\DrivePlatform.cydsn/error.c ****     }
 132:..\..\..\Drive_Platform\DrivePlatform.cydsn/error.c ****     
 133:..\..\..\Drive_Platform\DrivePlatform.cydsn/error.c ****     /* check ui variables */
 134:..\..\..\Drive_Platform\DrivePlatform.cydsn/error.c ****     while ((UiVar[idx].uiAddr != NULL) && (idx < ERR_NUM_UI_VARIABLES))
 433              		.loc 1 134 0
 434 0090 34E0     		b	.L33
 435              	.L37:
 135:..\..\..\Drive_Platform\DrivePlatform.cydsn/error.c ****     {
 136:..\..\..\Drive_Platform\DrivePlatform.cydsn/error.c ****         uiVal = *(UiVar[idx].uiAddr);
 436              		.loc 1 136 0
 437 0092 3A79     		ldrb	r2, [r7, #4]	@ zero_extendqisi2
 438 0094 40F20003 		movw	r3, #:lower16:UiVar
 439 0098 C0F20003 		movt	r3, #:upper16:UiVar
 440 009c 4FEA0212 		lsl	r2, r2, #4
 441 00a0 1344     		add	r3, r2, r3
 442 00a2 1B68     		ldr	r3, [r3, #0]
 443 00a4 1B88     		ldrh	r3, [r3, #0]	@ movhi
 444 00a6 FB80     		strh	r3, [r7, #6]	@ movhi
 137:..\..\..\Drive_Platform\DrivePlatform.cydsn/error.c ****         if ((uiVal < UiVar[idx].uiMin) || (uiVal > UiVar[idx].uiMax))
 445              		.loc 1 137 0
 446 00a8 3B79     		ldrb	r3, [r7, #4]	@ zero_extendqisi2
 447 00aa 40F20002 		movw	r2, #:lower16:UiVar
 448 00ae C0F20002 		movt	r2, #:upper16:UiVar
 449 00b2 4FEA4303 		lsl	r3, r3, #1
 450 00b6 03F10103 		add	r3, r3, #1
 451 00ba 4FEAC303 		lsl	r3, r3, #3
 452 00be 1344     		add	r3, r3, r2
 453 00c0 DB88     		ldrh	r3, [r3, #6]
 454 00c2 FA88     		ldrh	r2, [r7, #6]
 455 00c4 9A42     		cmp	r2, r3
 456 00c6 0FD3     		bcc	.L34
 457 00c8 3B79     		ldrb	r3, [r7, #4]	@ zero_extendqisi2
 458 00ca 40F20002 		movw	r2, #:lower16:UiVar
 459 00ce C0F20002 		movt	r2, #:upper16:UiVar
 460 00d2 4FEA4303 		lsl	r3, r3, #1
 461 00d6 03F10103 		add	r3, r3, #1
 462 00da 4FEAC303 		lsl	r3, r3, #3
 463 00de 1344     		add	r3, r3, r2
 464 00e0 9B88     		ldrh	r3, [r3, #4]
 465 00e2 FA88     		ldrh	r2, [r7, #6]
 466 00e4 9A42     		cmp	r2, r3
 467 00e6 03D9     		bls	.L35
 468              	.L34:
 138:..\..\..\Drive_Platform\DrivePlatform.cydsn/error.c ****         {
 139:..\..\..\Drive_Platform\DrivePlatform.cydsn/error.c ****             ERR_Error(ERROR_MEMORY);
 469              		.loc 1 139 0
 470 00e8 4FF0FE00 		mov	r0, #254
 471 00ec FFF7FEFF 		bl	ERR_Error
 472              	.L35:
 140:..\..\..\Drive_Platform\DrivePlatform.cydsn/error.c ****         }
 141:..\..\..\Drive_Platform\DrivePlatform.cydsn/error.c ****         idx++;
 473              		.loc 1 141 0
 474 00f0 3B79     		ldrb	r3, [r7, #4]
ARM GAS  C:\Users\Martin\AppData\Local\Temp\ccnuRwY4.s 			page 12


 475 00f2 03F10103 		add	r3, r3, #1
 476 00f6 3B71     		strb	r3, [r7, #4]
 477 00f8 00E0     		b	.L33
 478              	.L39:
 479              		.loc 1 134 0
 480 00fa 00BF     		nop
 481              	.L33:
 482 00fc 3A79     		ldrb	r2, [r7, #4]	@ zero_extendqisi2
 483 00fe 40F20003 		movw	r3, #:lower16:UiVar
 484 0102 C0F20003 		movt	r3, #:upper16:UiVar
 485 0106 4FEA0212 		lsl	r2, r2, #4
 486 010a 1344     		add	r3, r2, r3
 487 010c 1B68     		ldr	r3, [r3, #0]
 488 010e 002B     		cmp	r3, #0
 489 0110 02D0     		beq	.L36
 490 0112 3B79     		ldrb	r3, [r7, #4]	@ zero_extendqisi2
 491 0114 042B     		cmp	r3, #4
 492 0116 BCD9     		bls	.L37
 493              	.L36:
 142:..\..\..\Drive_Platform\DrivePlatform.cydsn/error.c ****     }
 143:..\..\..\Drive_Platform\DrivePlatform.cydsn/error.c **** 
 144:..\..\..\Drive_Platform\DrivePlatform.cydsn/error.c ****     return SUCCESS;
 494              		.loc 1 144 0
 495 0118 4FF00003 		mov	r3, #0
 145:..\..\..\Drive_Platform\DrivePlatform.cydsn/error.c **** }...
 496              		.loc 1 145 0
 497 011c 1846     		mov	r0, r3
 498 011e 07F10807 		add	r7, r7, #8
 499 0122 BD46     		mov	sp, r7
 500 0124 80BD     		pop	{r7, pc}
 501              		.cfi_endproc
 502              	.LFE33:
 503              		.size	ERR_HandleTask, .-ERR_HandleTask
 504 0126 00BF     		.text
 505              	.Letext0:
 506              		.section	.debug_loc,"",%progbits
 507              	.Ldebug_loc0:
 508              	.LLST0:
 509 0000 00000000 		.4byte	.LFB29
 510 0004 02000000 		.4byte	.LCFI0
 511 0008 0100     		.2byte	0x1
 512 000a 5D       		.byte	0x5d
 513 000b 02000000 		.4byte	.LCFI0
 514 000f 04000000 		.4byte	.LCFI1
 515 0013 0200     		.2byte	0x2
 516 0015 7D       		.byte	0x7d
 517 0016 04       		.sleb128 4
 518 0017 04000000 		.4byte	.LCFI1
 519 001b 06000000 		.4byte	.LCFI2
 520 001f 0200     		.2byte	0x2
 521 0021 7D       		.byte	0x7d
 522 0022 10       		.sleb128 16
 523 0023 06000000 		.4byte	.LCFI2
 524 0027 3E000000 		.4byte	.LFE29
 525 002b 0200     		.2byte	0x2
 526 002d 77       		.byte	0x77
 527 002e 10       		.sleb128 16
ARM GAS  C:\Users\Martin\AppData\Local\Temp\ccnuRwY4.s 			page 13


 528 002f 00000000 		.4byte	0x0
 529 0033 00000000 		.4byte	0x0
 530              	.LLST1:
 531 0037 00000000 		.4byte	.LFB30
 532 003b 02000000 		.4byte	.LCFI3
 533 003f 0100     		.2byte	0x1
 534 0041 5D       		.byte	0x5d
 535 0042 02000000 		.4byte	.LCFI3
 536 0046 04000000 		.4byte	.LCFI4
 537 004a 0200     		.2byte	0x2
 538 004c 7D       		.byte	0x7d
 539 004d 08       		.sleb128 8
 540 004e 04000000 		.4byte	.LCFI4
 541 0052 34000000 		.4byte	.LFE30
 542 0056 0200     		.2byte	0x2
 543 0058 77       		.byte	0x77
 544 0059 08       		.sleb128 8
 545 005a 00000000 		.4byte	0x0
 546 005e 00000000 		.4byte	0x0
 547              	.LLST2:
 548 0062 00000000 		.4byte	.LFB31
 549 0066 02000000 		.4byte	.LCFI5
 550 006a 0100     		.2byte	0x1
 551 006c 5D       		.byte	0x5d
 552 006d 02000000 		.4byte	.LCFI5
 553 0071 04000000 		.4byte	.LCFI6
 554 0075 0200     		.2byte	0x2
 555 0077 7D       		.byte	0x7d
 556 0078 08       		.sleb128 8
 557 0079 04000000 		.4byte	.LCFI6
 558 007d 06000000 		.4byte	.LCFI7
 559 0081 0200     		.2byte	0x2
 560 0083 7D       		.byte	0x7d
 561 0084 20       		.sleb128 32
 562 0085 06000000 		.4byte	.LCFI7
 563 0089 C0000000 		.4byte	.LFE31
 564 008d 0200     		.2byte	0x2
 565 008f 77       		.byte	0x77
 566 0090 20       		.sleb128 32
 567 0091 00000000 		.4byte	0x0
 568 0095 00000000 		.4byte	0x0
 569              	.LLST3:
 570 0099 00000000 		.4byte	.LFB32
 571 009d 02000000 		.4byte	.LCFI8
 572 00a1 0100     		.2byte	0x1
 573 00a3 5D       		.byte	0x5d
 574 00a4 02000000 		.4byte	.LCFI8
 575 00a8 04000000 		.4byte	.LCFI9
 576 00ac 0200     		.2byte	0x2
 577 00ae 7D       		.byte	0x7d
 578 00af 08       		.sleb128 8
 579 00b0 04000000 		.4byte	.LCFI9
 580 00b4 06000000 		.4byte	.LCFI10
 581 00b8 0200     		.2byte	0x2
 582 00ba 7D       		.byte	0x7d
 583 00bb 20       		.sleb128 32
 584 00bc 06000000 		.4byte	.LCFI10
ARM GAS  C:\Users\Martin\AppData\Local\Temp\ccnuRwY4.s 			page 14


 585 00c0 C0000000 		.4byte	.LFE32
 586 00c4 0200     		.2byte	0x2
 587 00c6 77       		.byte	0x77
 588 00c7 20       		.sleb128 32
 589 00c8 00000000 		.4byte	0x0
 590 00cc 00000000 		.4byte	0x0
 591              	.LLST4:
 592 00d0 00000000 		.4byte	.LFB33
 593 00d4 02000000 		.4byte	.LCFI11
 594 00d8 0100     		.2byte	0x1
 595 00da 5D       		.byte	0x5d
 596 00db 02000000 		.4byte	.LCFI11
 597 00df 04000000 		.4byte	.LCFI12
 598 00e3 0200     		.2byte	0x2
 599 00e5 7D       		.byte	0x7d
 600 00e6 08       		.sleb128 8
 601 00e7 04000000 		.4byte	.LCFI12
 602 00eb 06000000 		.4byte	.LCFI13
 603 00ef 0200     		.2byte	0x2
 604 00f1 7D       		.byte	0x7d
 605 00f2 10       		.sleb128 16
 606 00f3 06000000 		.4byte	.LCFI13
 607 00f7 26010000 		.4byte	.LFE33
 608 00fb 0200     		.2byte	0x2
 609 00fd 77       		.byte	0x77
 610 00fe 10       		.sleb128 16
 611 00ff 00000000 		.4byte	0x0
 612 0103 00000000 		.4byte	0x0
 613              		.file 2 "./Generated_Source/PSoC5/cytypes.h"
 614              		.file 3 "..\\..\\..\\Drive_Platform\\DrivePlatform.cydsn\\/types.h"
 615              		.file 4 "..\\..\\..\\Drive_Platform\\DrivePlatform.cydsn\\/error.h"
 616              		.file 5 "./Generated_Source/PSoC5/core_cm3.h"
 617              		.section	.debug_info
 618 0000 33030000 		.4byte	0x333
 619 0004 0200     		.2byte	0x2
 620 0006 00000000 		.4byte	.Ldebug_abbrev0
 621 000a 04       		.byte	0x4
 622 000b 01       		.uleb128 0x1
 623 000c D7010000 		.4byte	.LASF38
 624 0010 01       		.byte	0x1
 625 0011 21000000 		.4byte	.LASF39
 626 0015 22010000 		.4byte	.LASF40
 627 0019 00000000 		.4byte	0x0
 628 001d 00000000 		.4byte	0x0
 629 0021 00000000 		.4byte	.Ldebug_ranges0+0x0
 630 0025 00000000 		.4byte	.Ldebug_line0
 631 0029 02       		.uleb128 0x2
 632 002a 01       		.byte	0x1
 633 002b 06       		.byte	0x6
 634 002c 25020000 		.4byte	.LASF0
 635 0030 02       		.uleb128 0x2
 636 0031 01       		.byte	0x1
 637 0032 08       		.byte	0x8
 638 0033 C0000000 		.4byte	.LASF1
 639 0037 02       		.uleb128 0x2
 640 0038 02       		.byte	0x2
 641 0039 05       		.byte	0x5
ARM GAS  C:\Users\Martin\AppData\Local\Temp\ccnuRwY4.s 			page 15


 642 003a 87000000 		.4byte	.LASF2
 643 003e 02       		.uleb128 0x2
 644 003f 02       		.byte	0x2
 645 0040 07       		.byte	0x7
 646 0041 6E000000 		.4byte	.LASF3
 647 0045 02       		.uleb128 0x2
 648 0046 04       		.byte	0x4
 649 0047 05       		.byte	0x5
 650 0048 0D020000 		.4byte	.LASF4
 651 004c 02       		.uleb128 0x2
 652 004d 04       		.byte	0x4
 653 004e 07       		.byte	0x7
 654 004f FA000000 		.4byte	.LASF5
 655 0053 02       		.uleb128 0x2
 656 0054 08       		.byte	0x8
 657 0055 05       		.byte	0x5
 658 0056 00000000 		.4byte	.LASF6
 659 005a 02       		.uleb128 0x2
 660 005b 08       		.byte	0x8
 661 005c 07       		.byte	0x7
 662 005d A2010000 		.4byte	.LASF7
 663 0061 03       		.uleb128 0x3
 664 0062 04       		.byte	0x4
 665 0063 05       		.byte	0x5
 666 0064 696E7400 		.ascii	"int\000"
 667 0068 02       		.uleb128 0x2
 668 0069 04       		.byte	0x4
 669 006a 07       		.byte	0x7
 670 006b 95010000 		.4byte	.LASF8
 671 006f 04       		.uleb128 0x4
 672 0070 D5000000 		.4byte	.LASF9
 673 0074 02       		.byte	0x2
 674 0075 4C       		.byte	0x4c
 675 0076 30000000 		.4byte	0x30
 676 007a 04       		.uleb128 0x4
 677 007b 15010000 		.4byte	.LASF10
 678 007f 02       		.byte	0x2
 679 0080 4D       		.byte	0x4d
 680 0081 3E000000 		.4byte	0x3e
 681 0085 02       		.uleb128 0x2
 682 0086 04       		.byte	0x4
 683 0087 04       		.byte	0x4
 684 0088 AC000000 		.4byte	.LASF11
 685 008c 02       		.uleb128 0x2
 686 008d 08       		.byte	0x8
 687 008e 04       		.byte	0x4
 688 008f 91000000 		.4byte	.LASF12
 689 0093 02       		.uleb128 0x2
 690 0094 01       		.byte	0x1
 691 0095 08       		.byte	0x8
 692 0096 EC010000 		.4byte	.LASF13
 693 009a 05       		.uleb128 0x5
 694 009b 04       		.byte	0x4
 695 009c 07       		.byte	0x7
 696 009d 06       		.uleb128 0x6
 697 009e 04       		.byte	0x4
 698 009f A3000000 		.4byte	0xa3
ARM GAS  C:\Users\Martin\AppData\Local\Temp\ccnuRwY4.s 			page 16


 699 00a3 07       		.uleb128 0x7
 700 00a4 93000000 		.4byte	0x93
 701 00a8 04       		.uleb128 0x4
 702 00a9 F4000000 		.4byte	.LASF14
 703 00ad 03       		.byte	0x3
 704 00ae 0E       		.byte	0xe
 705 00af 6F000000 		.4byte	0x6f
 706 00b3 04       		.uleb128 0x4
 707 00b4 B9000000 		.4byte	.LASF15
 708 00b8 03       		.byte	0x3
 709 00b9 0F       		.byte	0xf
 710 00ba 6F000000 		.4byte	0x6f
 711 00be 08       		.uleb128 0x8
 712 00bf 0E000000 		.4byte	.LASF21
 713 00c3 10       		.byte	0x10
 714 00c4 04       		.byte	0x4
 715 00c5 20       		.byte	0x20
 716 00c6 03010000 		.4byte	0x103
 717 00ca 09       		.uleb128 0x9
 718 00cb CE000000 		.4byte	.LASF16
 719 00cf 04       		.byte	0x4
 720 00d0 21       		.byte	0x21
 721 00d1 03010000 		.4byte	0x103
 722 00d5 02       		.byte	0x2
 723 00d6 23       		.byte	0x23
 724 00d7 00       		.uleb128 0x0
 725 00d8 09       		.uleb128 0x9
 726 00d9 D0010000 		.4byte	.LASF17
 727 00dd 04       		.byte	0x4
 728 00de 22       		.byte	0x22
 729 00df 09010000 		.4byte	0x109
 730 00e3 02       		.byte	0x2
 731 00e4 23       		.byte	0x23
 732 00e5 04       		.uleb128 0x4
 733 00e6 09       		.uleb128 0x9
 734 00e7 68000000 		.4byte	.LASF18
 735 00eb 04       		.byte	0x4
 736 00ec 23       		.byte	0x23
 737 00ed 6F000000 		.4byte	0x6f
 738 00f1 02       		.byte	0x2
 739 00f2 23       		.byte	0x23
 740 00f3 0C       		.uleb128 0xc
 741 00f4 09       		.uleb128 0x9
 742 00f5 07020000 		.4byte	.LASF19
 743 00f9 04       		.byte	0x4
 744 00fa 24       		.byte	0x24
 745 00fb 6F000000 		.4byte	0x6f
 746 00ff 02       		.byte	0x2
 747 0100 23       		.byte	0x23
 748 0101 0D       		.uleb128 0xd
 749 0102 00       		.byte	0x0
 750 0103 06       		.uleb128 0x6
 751 0104 04       		.byte	0x4
 752 0105 6F000000 		.4byte	0x6f
 753 0109 0A       		.uleb128 0xa
 754 010a A8000000 		.4byte	0xa8
 755 010e 19010000 		.4byte	0x119
ARM GAS  C:\Users\Martin\AppData\Local\Temp\ccnuRwY4.s 			page 17


 756 0112 0B       		.uleb128 0xb
 757 0113 9A000000 		.4byte	0x9a
 758 0117 07       		.byte	0x7
 759 0118 00       		.byte	0x0
 760 0119 04       		.uleb128 0x4
 761 011a F1010000 		.4byte	.LASF20
 762 011e 04       		.byte	0x4
 763 011f 25       		.byte	0x25
 764 0120 BE000000 		.4byte	0xbe
 765 0124 08       		.uleb128 0x8
 766 0125 55000000 		.4byte	.LASF22
 767 0129 10       		.byte	0x10
 768 012a 04       		.byte	0x4
 769 012b 28       		.byte	0x28
 770 012c 69010000 		.4byte	0x169
 771 0130 09       		.uleb128 0x9
 772 0131 B2000000 		.4byte	.LASF23
 773 0135 04       		.byte	0x4
 774 0136 29       		.byte	0x29
 775 0137 69010000 		.4byte	0x169
 776 013b 02       		.byte	0x2
 777 013c 23       		.byte	0x23
 778 013d 00       		.uleb128 0x0
 779 013e 09       		.uleb128 0x9
 780 013f D0010000 		.4byte	.LASF17
 781 0143 04       		.byte	0x4
 782 0144 2A       		.byte	0x2a
 783 0145 09010000 		.4byte	0x109
 784 0149 02       		.byte	0x2
 785 014a 23       		.byte	0x23
 786 014b 04       		.uleb128 0x4
 787 014c 09       		.uleb128 0x9
 788 014d E8000000 		.4byte	.LASF24
 789 0151 04       		.byte	0x4
 790 0152 2B       		.byte	0x2b
 791 0153 7A000000 		.4byte	0x7a
 792 0157 02       		.byte	0x2
 793 0158 23       		.byte	0x23
 794 0159 0C       		.uleb128 0xc
 795 015a 09       		.uleb128 0x9
 796 015b 8F010000 		.4byte	.LASF25
 797 015f 04       		.byte	0x4
 798 0160 2C       		.byte	0x2c
 799 0161 7A000000 		.4byte	0x7a
 800 0165 02       		.byte	0x2
 801 0166 23       		.byte	0x23
 802 0167 0E       		.uleb128 0xe
 803 0168 00       		.byte	0x0
 804 0169 06       		.uleb128 0x6
 805 016a 04       		.byte	0x4
 806 016b 7A000000 		.4byte	0x7a
 807 016f 04       		.uleb128 0x4
 808 0170 A1000000 		.4byte	.LASF26
 809 0174 04       		.byte	0x4
 810 0175 2D       		.byte	0x2d
 811 0176 24010000 		.4byte	0x124
 812 017a 0C       		.uleb128 0xc
ARM GAS  C:\Users\Martin\AppData\Local\Temp\ccnuRwY4.s 			page 18


 813 017b 01       		.byte	0x1
 814 017c 4D020000 		.4byte	.LASF41
 815 0180 01       		.byte	0x1
 816 0181 14       		.byte	0x14
 817 0182 01       		.byte	0x1
 818 0183 00000000 		.4byte	.LFB29
 819 0187 3E000000 		.4byte	.LFE29
 820 018b 00000000 		.4byte	.LLST0
 821 018f A2010000 		.4byte	0x1a2
 822 0193 0D       		.uleb128 0xd
 823 0194 FC010000 		.4byte	.LASF27
 824 0198 01       		.byte	0x1
 825 0199 14       		.byte	0x14
 826 019a A8000000 		.4byte	0xa8
 827 019e 02       		.byte	0x2
 828 019f 91       		.byte	0x91
 829 01a0 77       		.sleb128 -9
 830 01a1 00       		.byte	0x0
 831 01a2 0E       		.uleb128 0xe
 832 01a3 01       		.byte	0x1
 833 01a4 E3010000 		.4byte	.LASF42
 834 01a8 01       		.byte	0x1
 835 01a9 2F       		.byte	0x2f
 836 01aa 01       		.byte	0x1
 837 01ab B3000000 		.4byte	0xb3
 838 01af 00000000 		.4byte	.LFB30
 839 01b3 34000000 		.4byte	.LFE30
 840 01b7 37000000 		.4byte	.LLST1
 841 01bb 0F       		.uleb128 0xf
 842 01bc 01       		.byte	0x1
 843 01bd B9010000 		.4byte	.LASF30
 844 01c1 01       		.byte	0x1
 845 01c2 3A       		.byte	0x3a
 846 01c3 01       		.byte	0x1
 847 01c4 A8000000 		.4byte	0xa8
 848 01c8 00000000 		.4byte	.LFB31
 849 01cc C0000000 		.4byte	.LFE31
 850 01d0 62000000 		.4byte	.LLST2
 851 01d4 1F020000 		.4byte	0x21f
 852 01d8 0D       		.uleb128 0xd
 853 01d9 98000000 		.4byte	.LASF28
 854 01dd 01       		.byte	0x1
 855 01de 3A       		.byte	0x3a
 856 01df 1F020000 		.4byte	0x21f
 857 01e3 02       		.byte	0x2
 858 01e4 91       		.byte	0x91
 859 01e5 6C       		.sleb128 -20
 860 01e6 0D       		.uleb128 0xd
 861 01e7 48020000 		.4byte	.LASF29
 862 01eb 01       		.byte	0x1
 863 01ec 3A       		.byte	0x3a
 864 01ed 9D000000 		.4byte	0x9d
 865 01f1 02       		.byte	0x2
 866 01f2 91       		.byte	0x91
 867 01f3 68       		.sleb128 -24
 868 01f4 10       		.uleb128 0x10
 869 01f5 6D696E00 		.ascii	"min\000"
ARM GAS  C:\Users\Martin\AppData\Local\Temp\ccnuRwY4.s 			page 19


 870 01f9 01       		.byte	0x1
 871 01fa 3A       		.byte	0x3a
 872 01fb 25020000 		.4byte	0x225
 873 01ff 02       		.byte	0x2
 874 0200 91       		.byte	0x91
 875 0201 67       		.sleb128 -25
 876 0202 10       		.uleb128 0x10
 877 0203 6D617800 		.ascii	"max\000"
 878 0207 01       		.byte	0x1
 879 0208 3A       		.byte	0x3a
 880 0209 25020000 		.4byte	0x225
 881 020d 02       		.byte	0x2
 882 020e 91       		.byte	0x91
 883 020f 66       		.sleb128 -26
 884 0210 11       		.uleb128 0x11
 885 0211 69647800 		.ascii	"idx\000"
 886 0215 01       		.byte	0x1
 887 0216 3C       		.byte	0x3c
 888 0217 A8000000 		.4byte	0xa8
 889 021b 02       		.byte	0x2
 890 021c 91       		.byte	0x91
 891 021d 77       		.sleb128 -9
 892 021e 00       		.byte	0x0
 893 021f 06       		.uleb128 0x6
 894 0220 04       		.byte	0x4
 895 0221 25020000 		.4byte	0x225
 896 0225 07       		.uleb128 0x7
 897 0226 6F000000 		.4byte	0x6f
 898 022a 0F       		.uleb128 0xf
 899 022b 01       		.byte	0x1
 900 022c 31020000 		.4byte	.LASF31
 901 0230 01       		.byte	0x1
 902 0231 56       		.byte	0x56
 903 0232 01       		.byte	0x1
 904 0233 A8000000 		.4byte	0xa8
 905 0237 00000000 		.4byte	.LFB32
 906 023b C0000000 		.4byte	.LFE32
 907 023f 99000000 		.4byte	.LLST3
 908 0243 8E020000 		.4byte	0x28e
 909 0247 0D       		.uleb128 0xd
 910 0248 0C010000 		.4byte	.LASF32
 911 024c 01       		.byte	0x1
 912 024d 56       		.byte	0x56
 913 024e 8E020000 		.4byte	0x28e
 914 0252 02       		.byte	0x2
 915 0253 91       		.byte	0x91
 916 0254 6C       		.sleb128 -20
 917 0255 0D       		.uleb128 0xd
 918 0256 48020000 		.4byte	.LASF29
 919 025a 01       		.byte	0x1
 920 025b 56       		.byte	0x56
 921 025c 9D000000 		.4byte	0x9d
 922 0260 02       		.byte	0x2
 923 0261 91       		.byte	0x91
 924 0262 68       		.sleb128 -24
 925 0263 10       		.uleb128 0x10
 926 0264 6D696E00 		.ascii	"min\000"
ARM GAS  C:\Users\Martin\AppData\Local\Temp\ccnuRwY4.s 			page 20


 927 0268 01       		.byte	0x1
 928 0269 56       		.byte	0x56
 929 026a 94020000 		.4byte	0x294
 930 026e 02       		.byte	0x2
 931 026f 91       		.byte	0x91
 932 0270 66       		.sleb128 -26
 933 0271 10       		.uleb128 0x10
 934 0272 6D617800 		.ascii	"max\000"
 935 0276 01       		.byte	0x1
 936 0277 56       		.byte	0x56
 937 0278 94020000 		.4byte	0x294
 938 027c 02       		.byte	0x2
 939 027d 91       		.byte	0x91
 940 027e 64       		.sleb128 -28
 941 027f 11       		.uleb128 0x11
 942 0280 69647800 		.ascii	"idx\000"
 943 0284 01       		.byte	0x1
 944 0285 58       		.byte	0x58
 945 0286 A8000000 		.4byte	0xa8
 946 028a 02       		.byte	0x2
 947 028b 91       		.byte	0x91
 948 028c 77       		.sleb128 -9
 949 028d 00       		.byte	0x0
 950 028e 06       		.uleb128 0x6
 951 028f 04       		.byte	0x4
 952 0290 94020000 		.4byte	0x294
 953 0294 07       		.uleb128 0x7
 954 0295 7A000000 		.4byte	0x7a
 955 0299 0F       		.uleb128 0xf
 956 029a 01       		.byte	0x1
 957 029b 16020000 		.4byte	.LASF33
 958 029f 01       		.byte	0x1
 959 02a0 74       		.byte	0x74
 960 02a1 01       		.byte	0x1
 961 02a2 B3000000 		.4byte	0xb3
 962 02a6 00000000 		.4byte	.LFB33
 963 02aa 26010000 		.4byte	.LFE33
 964 02ae D0000000 		.4byte	.LLST4
 965 02b2 E1020000 		.4byte	0x2e1
 966 02b6 11       		.uleb128 0x11
 967 02b7 69647800 		.ascii	"idx\000"
 968 02bb 01       		.byte	0x1
 969 02bc 76       		.byte	0x76
 970 02bd A8000000 		.4byte	0xa8
 971 02c1 02       		.byte	0x2
 972 02c2 91       		.byte	0x91
 973 02c3 74       		.sleb128 -12
 974 02c4 12       		.uleb128 0x12
 975 02c5 81000000 		.4byte	.LASF34
 976 02c9 01       		.byte	0x1
 977 02ca 77       		.byte	0x77
 978 02cb 6F000000 		.4byte	0x6f
 979 02cf 02       		.byte	0x2
 980 02d0 91       		.byte	0x91
 981 02d1 75       		.sleb128 -11
 982 02d2 12       		.uleb128 0x12
 983 02d3 EE000000 		.4byte	.LASF35
ARM GAS  C:\Users\Martin\AppData\Local\Temp\ccnuRwY4.s 			page 21


 984 02d7 01       		.byte	0x1
 985 02d8 78       		.byte	0x78
 986 02d9 7A000000 		.4byte	0x7a
 987 02dd 02       		.byte	0x2
 988 02de 91       		.byte	0x91
 989 02df 76       		.sleb128 -10
 990 02e0 00       		.byte	0x0
 991 02e1 0A       		.uleb128 0xa
 992 02e2 19010000 		.4byte	0x119
 993 02e6 F1020000 		.4byte	0x2f1
 994 02ea 0B       		.uleb128 0xb
 995 02eb 9A000000 		.4byte	0x9a
 996 02ef 04       		.byte	0x4
 997 02f0 00       		.byte	0x0
 998 02f1 12       		.uleb128 0x12
 999 02f2 1C010000 		.4byte	.LASF36
 1000 02f6 01       		.byte	0x1
 1001 02f7 0F       		.byte	0xf
 1002 02f8 E1020000 		.4byte	0x2e1
 1003 02fc 05       		.byte	0x5
 1004 02fd 03       		.byte	0x3
 1005 02fe 00000000 		.4byte	UcVar
 1006 0302 0A       		.uleb128 0xa
 1007 0303 6F010000 		.4byte	0x16f
 1008 0307 12030000 		.4byte	0x312
 1009 030b 0B       		.uleb128 0xb
 1010 030c 9A000000 		.4byte	0x9a
 1011 0310 04       		.byte	0x4
 1012 0311 00       		.byte	0x0
 1013 0312 12       		.uleb128 0x12
 1014 0313 01020000 		.4byte	.LASF37
 1015 0317 01       		.byte	0x1
 1016 0318 10       		.byte	0x10
 1017 0319 02030000 		.4byte	0x302
 1018 031d 05       		.byte	0x5
 1019 031e 03       		.byte	0x3
 1020 031f 50000000 		.4byte	UiVar
 1021 0323 13       		.uleb128 0x13
 1022 0324 DB000000 		.4byte	.LASF43
 1023 0328 05       		.byte	0x5
 1024 0329 CE06     		.2byte	0x6ce
 1025 032b 31030000 		.4byte	0x331
 1026 032f 01       		.byte	0x1
 1027 0330 01       		.byte	0x1
 1028 0331 14       		.uleb128 0x14
 1029 0332 61000000 		.4byte	0x61
 1030 0336 00       		.byte	0x0
 1031              		.section	.debug_abbrev
 1032 0000 01       		.uleb128 0x1
 1033 0001 11       		.uleb128 0x11
 1034 0002 01       		.byte	0x1
 1035 0003 25       		.uleb128 0x25
 1036 0004 0E       		.uleb128 0xe
 1037 0005 13       		.uleb128 0x13
 1038 0006 0B       		.uleb128 0xb
 1039 0007 03       		.uleb128 0x3
 1040 0008 0E       		.uleb128 0xe
ARM GAS  C:\Users\Martin\AppData\Local\Temp\ccnuRwY4.s 			page 22


 1041 0009 1B       		.uleb128 0x1b
 1042 000a 0E       		.uleb128 0xe
 1043 000b 11       		.uleb128 0x11
 1044 000c 01       		.uleb128 0x1
 1045 000d 52       		.uleb128 0x52
 1046 000e 01       		.uleb128 0x1
 1047 000f 55       		.uleb128 0x55
 1048 0010 06       		.uleb128 0x6
 1049 0011 10       		.uleb128 0x10
 1050 0012 06       		.uleb128 0x6
 1051 0013 00       		.byte	0x0
 1052 0014 00       		.byte	0x0
 1053 0015 02       		.uleb128 0x2
 1054 0016 24       		.uleb128 0x24
 1055 0017 00       		.byte	0x0
 1056 0018 0B       		.uleb128 0xb
 1057 0019 0B       		.uleb128 0xb
 1058 001a 3E       		.uleb128 0x3e
 1059 001b 0B       		.uleb128 0xb
 1060 001c 03       		.uleb128 0x3
 1061 001d 0E       		.uleb128 0xe
 1062 001e 00       		.byte	0x0
 1063 001f 00       		.byte	0x0
 1064 0020 03       		.uleb128 0x3
 1065 0021 24       		.uleb128 0x24
 1066 0022 00       		.byte	0x0
 1067 0023 0B       		.uleb128 0xb
 1068 0024 0B       		.uleb128 0xb
 1069 0025 3E       		.uleb128 0x3e
 1070 0026 0B       		.uleb128 0xb
 1071 0027 03       		.uleb128 0x3
 1072 0028 08       		.uleb128 0x8
 1073 0029 00       		.byte	0x0
 1074 002a 00       		.byte	0x0
 1075 002b 04       		.uleb128 0x4
 1076 002c 16       		.uleb128 0x16
 1077 002d 00       		.byte	0x0
 1078 002e 03       		.uleb128 0x3
 1079 002f 0E       		.uleb128 0xe
 1080 0030 3A       		.uleb128 0x3a
 1081 0031 0B       		.uleb128 0xb
 1082 0032 3B       		.uleb128 0x3b
 1083 0033 0B       		.uleb128 0xb
 1084 0034 49       		.uleb128 0x49
 1085 0035 13       		.uleb128 0x13
 1086 0036 00       		.byte	0x0
 1087 0037 00       		.byte	0x0
 1088 0038 05       		.uleb128 0x5
 1089 0039 24       		.uleb128 0x24
 1090 003a 00       		.byte	0x0
 1091 003b 0B       		.uleb128 0xb
 1092 003c 0B       		.uleb128 0xb
 1093 003d 3E       		.uleb128 0x3e
 1094 003e 0B       		.uleb128 0xb
 1095 003f 00       		.byte	0x0
 1096 0040 00       		.byte	0x0
 1097 0041 06       		.uleb128 0x6
ARM GAS  C:\Users\Martin\AppData\Local\Temp\ccnuRwY4.s 			page 23


 1098 0042 0F       		.uleb128 0xf
 1099 0043 00       		.byte	0x0
 1100 0044 0B       		.uleb128 0xb
 1101 0045 0B       		.uleb128 0xb
 1102 0046 49       		.uleb128 0x49
 1103 0047 13       		.uleb128 0x13
 1104 0048 00       		.byte	0x0
 1105 0049 00       		.byte	0x0
 1106 004a 07       		.uleb128 0x7
 1107 004b 26       		.uleb128 0x26
 1108 004c 00       		.byte	0x0
 1109 004d 49       		.uleb128 0x49
 1110 004e 13       		.uleb128 0x13
 1111 004f 00       		.byte	0x0
 1112 0050 00       		.byte	0x0
 1113 0051 08       		.uleb128 0x8
 1114 0052 13       		.uleb128 0x13
 1115 0053 01       		.byte	0x1
 1116 0054 03       		.uleb128 0x3
 1117 0055 0E       		.uleb128 0xe
 1118 0056 0B       		.uleb128 0xb
 1119 0057 0B       		.uleb128 0xb
 1120 0058 3A       		.uleb128 0x3a
 1121 0059 0B       		.uleb128 0xb
 1122 005a 3B       		.uleb128 0x3b
 1123 005b 0B       		.uleb128 0xb
 1124 005c 01       		.uleb128 0x1
 1125 005d 13       		.uleb128 0x13
 1126 005e 00       		.byte	0x0
 1127 005f 00       		.byte	0x0
 1128 0060 09       		.uleb128 0x9
 1129 0061 0D       		.uleb128 0xd
 1130 0062 00       		.byte	0x0
 1131 0063 03       		.uleb128 0x3
 1132 0064 0E       		.uleb128 0xe
 1133 0065 3A       		.uleb128 0x3a
 1134 0066 0B       		.uleb128 0xb
 1135 0067 3B       		.uleb128 0x3b
 1136 0068 0B       		.uleb128 0xb
 1137 0069 49       		.uleb128 0x49
 1138 006a 13       		.uleb128 0x13
 1139 006b 38       		.uleb128 0x38
 1140 006c 0A       		.uleb128 0xa
 1141 006d 00       		.byte	0x0
 1142 006e 00       		.byte	0x0
 1143 006f 0A       		.uleb128 0xa
 1144 0070 01       		.uleb128 0x1
 1145 0071 01       		.byte	0x1
 1146 0072 49       		.uleb128 0x49
 1147 0073 13       		.uleb128 0x13
 1148 0074 01       		.uleb128 0x1
 1149 0075 13       		.uleb128 0x13
 1150 0076 00       		.byte	0x0
 1151 0077 00       		.byte	0x0
 1152 0078 0B       		.uleb128 0xb
 1153 0079 21       		.uleb128 0x21
 1154 007a 00       		.byte	0x0
ARM GAS  C:\Users\Martin\AppData\Local\Temp\ccnuRwY4.s 			page 24


 1155 007b 49       		.uleb128 0x49
 1156 007c 13       		.uleb128 0x13
 1157 007d 2F       		.uleb128 0x2f
 1158 007e 0B       		.uleb128 0xb
 1159 007f 00       		.byte	0x0
 1160 0080 00       		.byte	0x0
 1161 0081 0C       		.uleb128 0xc
 1162 0082 2E       		.uleb128 0x2e
 1163 0083 01       		.byte	0x1
 1164 0084 3F       		.uleb128 0x3f
 1165 0085 0C       		.uleb128 0xc
 1166 0086 03       		.uleb128 0x3
 1167 0087 0E       		.uleb128 0xe
 1168 0088 3A       		.uleb128 0x3a
 1169 0089 0B       		.uleb128 0xb
 1170 008a 3B       		.uleb128 0x3b
 1171 008b 0B       		.uleb128 0xb
 1172 008c 27       		.uleb128 0x27
 1173 008d 0C       		.uleb128 0xc
 1174 008e 11       		.uleb128 0x11
 1175 008f 01       		.uleb128 0x1
 1176 0090 12       		.uleb128 0x12
 1177 0091 01       		.uleb128 0x1
 1178 0092 40       		.uleb128 0x40
 1179 0093 06       		.uleb128 0x6
 1180 0094 01       		.uleb128 0x1
 1181 0095 13       		.uleb128 0x13
 1182 0096 00       		.byte	0x0
 1183 0097 00       		.byte	0x0
 1184 0098 0D       		.uleb128 0xd
 1185 0099 05       		.uleb128 0x5
 1186 009a 00       		.byte	0x0
 1187 009b 03       		.uleb128 0x3
 1188 009c 0E       		.uleb128 0xe
 1189 009d 3A       		.uleb128 0x3a
 1190 009e 0B       		.uleb128 0xb
 1191 009f 3B       		.uleb128 0x3b
 1192 00a0 0B       		.uleb128 0xb
 1193 00a1 49       		.uleb128 0x49
 1194 00a2 13       		.uleb128 0x13
 1195 00a3 02       		.uleb128 0x2
 1196 00a4 0A       		.uleb128 0xa
 1197 00a5 00       		.byte	0x0
 1198 00a6 00       		.byte	0x0
 1199 00a7 0E       		.uleb128 0xe
 1200 00a8 2E       		.uleb128 0x2e
 1201 00a9 00       		.byte	0x0
 1202 00aa 3F       		.uleb128 0x3f
 1203 00ab 0C       		.uleb128 0xc
 1204 00ac 03       		.uleb128 0x3
 1205 00ad 0E       		.uleb128 0xe
 1206 00ae 3A       		.uleb128 0x3a
 1207 00af 0B       		.uleb128 0xb
 1208 00b0 3B       		.uleb128 0x3b
 1209 00b1 0B       		.uleb128 0xb
 1210 00b2 27       		.uleb128 0x27
 1211 00b3 0C       		.uleb128 0xc
ARM GAS  C:\Users\Martin\AppData\Local\Temp\ccnuRwY4.s 			page 25


 1212 00b4 49       		.uleb128 0x49
 1213 00b5 13       		.uleb128 0x13
 1214 00b6 11       		.uleb128 0x11
 1215 00b7 01       		.uleb128 0x1
 1216 00b8 12       		.uleb128 0x12
 1217 00b9 01       		.uleb128 0x1
 1218 00ba 40       		.uleb128 0x40
 1219 00bb 06       		.uleb128 0x6
 1220 00bc 00       		.byte	0x0
 1221 00bd 00       		.byte	0x0
 1222 00be 0F       		.uleb128 0xf
 1223 00bf 2E       		.uleb128 0x2e
 1224 00c0 01       		.byte	0x1
 1225 00c1 3F       		.uleb128 0x3f
 1226 00c2 0C       		.uleb128 0xc
 1227 00c3 03       		.uleb128 0x3
 1228 00c4 0E       		.uleb128 0xe
 1229 00c5 3A       		.uleb128 0x3a
 1230 00c6 0B       		.uleb128 0xb
 1231 00c7 3B       		.uleb128 0x3b
 1232 00c8 0B       		.uleb128 0xb
 1233 00c9 27       		.uleb128 0x27
 1234 00ca 0C       		.uleb128 0xc
 1235 00cb 49       		.uleb128 0x49
 1236 00cc 13       		.uleb128 0x13
 1237 00cd 11       		.uleb128 0x11
 1238 00ce 01       		.uleb128 0x1
 1239 00cf 12       		.uleb128 0x12
 1240 00d0 01       		.uleb128 0x1
 1241 00d1 40       		.uleb128 0x40
 1242 00d2 06       		.uleb128 0x6
 1243 00d3 01       		.uleb128 0x1
 1244 00d4 13       		.uleb128 0x13
 1245 00d5 00       		.byte	0x0
 1246 00d6 00       		.byte	0x0
 1247 00d7 10       		.uleb128 0x10
 1248 00d8 05       		.uleb128 0x5
 1249 00d9 00       		.byte	0x0
 1250 00da 03       		.uleb128 0x3
 1251 00db 08       		.uleb128 0x8
 1252 00dc 3A       		.uleb128 0x3a
 1253 00dd 0B       		.uleb128 0xb
 1254 00de 3B       		.uleb128 0x3b
 1255 00df 0B       		.uleb128 0xb
 1256 00e0 49       		.uleb128 0x49
 1257 00e1 13       		.uleb128 0x13
 1258 00e2 02       		.uleb128 0x2
 1259 00e3 0A       		.uleb128 0xa
 1260 00e4 00       		.byte	0x0
 1261 00e5 00       		.byte	0x0
 1262 00e6 11       		.uleb128 0x11
 1263 00e7 34       		.uleb128 0x34
 1264 00e8 00       		.byte	0x0
 1265 00e9 03       		.uleb128 0x3
 1266 00ea 08       		.uleb128 0x8
 1267 00eb 3A       		.uleb128 0x3a
 1268 00ec 0B       		.uleb128 0xb
ARM GAS  C:\Users\Martin\AppData\Local\Temp\ccnuRwY4.s 			page 26


 1269 00ed 3B       		.uleb128 0x3b
 1270 00ee 0B       		.uleb128 0xb
 1271 00ef 49       		.uleb128 0x49
 1272 00f0 13       		.uleb128 0x13
 1273 00f1 02       		.uleb128 0x2
 1274 00f2 0A       		.uleb128 0xa
 1275 00f3 00       		.byte	0x0
 1276 00f4 00       		.byte	0x0
 1277 00f5 12       		.uleb128 0x12
 1278 00f6 34       		.uleb128 0x34
 1279 00f7 00       		.byte	0x0
 1280 00f8 03       		.uleb128 0x3
 1281 00f9 0E       		.uleb128 0xe
 1282 00fa 3A       		.uleb128 0x3a
 1283 00fb 0B       		.uleb128 0xb
 1284 00fc 3B       		.uleb128 0x3b
 1285 00fd 0B       		.uleb128 0xb
 1286 00fe 49       		.uleb128 0x49
 1287 00ff 13       		.uleb128 0x13
 1288 0100 02       		.uleb128 0x2
 1289 0101 0A       		.uleb128 0xa
 1290 0102 00       		.byte	0x0
 1291 0103 00       		.byte	0x0
 1292 0104 13       		.uleb128 0x13
 1293 0105 34       		.uleb128 0x34
 1294 0106 00       		.byte	0x0
 1295 0107 03       		.uleb128 0x3
 1296 0108 0E       		.uleb128 0xe
 1297 0109 3A       		.uleb128 0x3a
 1298 010a 0B       		.uleb128 0xb
 1299 010b 3B       		.uleb128 0x3b
 1300 010c 05       		.uleb128 0x5
 1301 010d 49       		.uleb128 0x49
 1302 010e 13       		.uleb128 0x13
 1303 010f 3F       		.uleb128 0x3f
 1304 0110 0C       		.uleb128 0xc
 1305 0111 3C       		.uleb128 0x3c
 1306 0112 0C       		.uleb128 0xc
 1307 0113 00       		.byte	0x0
 1308 0114 00       		.byte	0x0
 1309 0115 14       		.uleb128 0x14
 1310 0116 35       		.uleb128 0x35
 1311 0117 00       		.byte	0x0
 1312 0118 49       		.uleb128 0x49
 1313 0119 13       		.uleb128 0x13
 1314 011a 00       		.byte	0x0
 1315 011b 00       		.byte	0x0
 1316 011c 00       		.byte	0x0
 1317              		.section	.debug_pubnames,"",%progbits
 1318 0000 72000000 		.4byte	0x72
 1319 0004 0200     		.2byte	0x2
 1320 0006 00000000 		.4byte	.Ldebug_info0
 1321 000a 37030000 		.4byte	0x337
 1322 000e 7A010000 		.4byte	0x17a
 1323 0012 4552525F 		.ascii	"ERR_Error\000"
 1323      4572726F 
 1323      7200
ARM GAS  C:\Users\Martin\AppData\Local\Temp\ccnuRwY4.s 			page 27


 1324 001c A2010000 		.4byte	0x1a2
 1325 0020 4552525F 		.ascii	"ERR_Init\000"
 1325      496E6974 
 1325      00
 1326 0029 BB010000 		.4byte	0x1bb
 1327 002d 4552525F 		.ascii	"ERR_RegisterUcVariable\000"
 1327      52656769 
 1327      73746572 
 1327      55635661 
 1327      72696162 
 1328 0044 2A020000 		.4byte	0x22a
 1329 0048 4552525F 		.ascii	"ERR_RegisterUiVariable\000"
 1329      52656769 
 1329      73746572 
 1329      55695661 
 1329      72696162 
 1330 005f 99020000 		.4byte	0x299
 1331 0063 4552525F 		.ascii	"ERR_HandleTask\000"
 1331      48616E64 
 1331      6C655461 
 1331      736B00
 1332 0072 00000000 		.4byte	0x0
 1333              		.section	.debug_aranges,"",%progbits
 1334 0000 3C000000 		.4byte	0x3c
 1335 0004 0200     		.2byte	0x2
 1336 0006 00000000 		.4byte	.Ldebug_info0
 1337 000a 04       		.byte	0x4
 1338 000b 00       		.byte	0x0
 1339 000c 0000     		.2byte	0x0
 1340 000e 0000     		.2byte	0x0
 1341 0010 00000000 		.4byte	.LFB29
 1342 0014 3E000000 		.4byte	.LFE29-.LFB29
 1343 0018 00000000 		.4byte	.LFB30
 1344 001c 34000000 		.4byte	.LFE30-.LFB30
 1345 0020 00000000 		.4byte	.LFB31
 1346 0024 C0000000 		.4byte	.LFE31-.LFB31
 1347 0028 00000000 		.4byte	.LFB32
 1348 002c C0000000 		.4byte	.LFE32-.LFB32
 1349 0030 00000000 		.4byte	.LFB33
 1350 0034 26010000 		.4byte	.LFE33-.LFB33
 1351 0038 00000000 		.4byte	0x0
 1352 003c 00000000 		.4byte	0x0
 1353              		.section	.debug_ranges,"",%progbits
 1354              	.Ldebug_ranges0:
 1355 0000 00000000 		.4byte	.Ltext0
 1356 0004 00000000 		.4byte	.Letext0
 1357 0008 00000000 		.4byte	.LFB29
 1358 000c 3E000000 		.4byte	.LFE29
 1359 0010 00000000 		.4byte	.LFB30
 1360 0014 34000000 		.4byte	.LFE30
 1361 0018 00000000 		.4byte	.LFB31
 1362 001c C0000000 		.4byte	.LFE31
 1363 0020 00000000 		.4byte	.LFB32
 1364 0024 C0000000 		.4byte	.LFE32
 1365 0028 00000000 		.4byte	.LFB33
 1366 002c 26010000 		.4byte	.LFE33
 1367 0030 00000000 		.4byte	0x0
ARM GAS  C:\Users\Martin\AppData\Local\Temp\ccnuRwY4.s 			page 28


 1368 0034 00000000 		.4byte	0x0
 1369              		.section	.debug_str,"MS",%progbits,1
 1370              	.LASF6:
 1371 0000 6C6F6E67 		.ascii	"long long int\000"
 1371      206C6F6E 
 1371      6720696E 
 1371      7400
 1372              	.LASF21:
 1373 000e 5F657272 		.ascii	"_error_uc_variable\000"
 1373      6F725F75 
 1373      635F7661 
 1373      72696162 
 1373      6C6500
 1374              	.LASF39:
 1375 0021 2E2E5C2E 		.ascii	"..\\..\\..\\Drive_Platform\\DrivePlatform.cydsn\\er"
 1375      2E5C2E2E 
 1375      5C447269 
 1375      76655F50 
 1375      6C617466 
 1376 004f 726F722E 		.ascii	"ror.c\000"
 1376      6300
 1377              	.LASF22:
 1378 0055 5F657272 		.ascii	"_error_ui_variable\000"
 1378      6F725F75 
 1378      695F7661 
 1378      72696162 
 1378      6C6500
 1379              	.LASF18:
 1380 0068 75634D61 		.ascii	"ucMax\000"
 1380      7800
 1381              	.LASF3:
 1382 006e 73686F72 		.ascii	"short unsigned int\000"
 1382      7420756E 
 1382      7369676E 
 1382      65642069 
 1382      6E7400
 1383              	.LASF34:
 1384 0081 75635661 		.ascii	"ucVal\000"
 1384      6C00
 1385              	.LASF2:
 1386 0087 73686F72 		.ascii	"short int\000"
 1386      7420696E 
 1386      7400
 1387              	.LASF12:
 1388 0091 646F7562 		.ascii	"double\000"
 1388      6C6500
 1389              	.LASF28:
 1390 0098 70747255 		.ascii	"ptrUcVar\000"
 1390      63566172 
 1390      00
 1391              	.LASF26:
 1392 00a1 4552525F 		.ascii	"ERR_UI_VAR\000"
 1392      55495F56 
 1392      415200
 1393              	.LASF11:
 1394 00ac 666C6F61 		.ascii	"float\000"
 1394      7400
ARM GAS  C:\Users\Martin\AppData\Local\Temp\ccnuRwY4.s 			page 29


 1395              	.LASF23:
 1396 00b2 75694164 		.ascii	"uiAddr\000"
 1396      647200
 1397              	.LASF15:
 1398 00b9 53544154 		.ascii	"STATUS\000"
 1398      555300
 1399              	.LASF1:
 1400 00c0 756E7369 		.ascii	"unsigned char\000"
 1400      676E6564 
 1400      20636861 
 1400      7200
 1401              	.LASF16:
 1402 00ce 75634164 		.ascii	"ucAddr\000"
 1402      647200
 1403              	.LASF9:
 1404 00d5 75696E74 		.ascii	"uint8\000"
 1404      3800
 1405              	.LASF43:
 1406 00db 49544D5F 		.ascii	"ITM_RxBuffer\000"
 1406      52784275 
 1406      66666572 
 1406      00
 1407              	.LASF24:
 1408 00e8 75694D61 		.ascii	"uiMax\000"
 1408      7800
 1409              	.LASF35:
 1410 00ee 75695661 		.ascii	"uiVal\000"
 1410      6C00
 1411              	.LASF14:
 1412 00f4 75636861 		.ascii	"uchar\000"
 1412      7200
 1413              	.LASF5:
 1414 00fa 6C6F6E67 		.ascii	"long unsigned int\000"
 1414      20756E73 
 1414      69676E65 
 1414      6420696E 
 1414      7400
 1415              	.LASF32:
 1416 010c 70747255 		.ascii	"ptrUiVar\000"
 1416      69566172 
 1416      00
 1417              	.LASF10:
 1418 0115 75696E74 		.ascii	"uint16\000"
 1418      313600
 1419              	.LASF36:
 1420 011c 55635661 		.ascii	"UcVar\000"
 1420      7200
 1421              	.LASF40:
 1422 0122 583A5C47 		.ascii	"X:\\GitHub_roboticscode\\roboticscode\\psoc\\psoc_c"
 1422      69744875 
 1422      625F726F 
 1422      626F7469 
 1422      6373636F 
 1423 0151 72656174 		.ascii	"reator_2.2\\DrivePlatform2\\DrivePlatform2\\DrivePl"
 1423      6F725F32 
 1423      2E325C44 
 1423      72697665 
ARM GAS  C:\Users\Martin\AppData\Local\Temp\ccnuRwY4.s 			page 30


 1423      506C6174 
 1424 0181 6174666F 		.ascii	"atform2.cydsn\000"
 1424      726D322E 
 1424      63796473 
 1424      6E00
 1425              	.LASF25:
 1426 018f 75694D69 		.ascii	"uiMin\000"
 1426      6E00
 1427              	.LASF8:
 1428 0195 756E7369 		.ascii	"unsigned int\000"
 1428      676E6564 
 1428      20696E74 
 1428      00
 1429              	.LASF7:
 1430 01a2 6C6F6E67 		.ascii	"long long unsigned int\000"
 1430      206C6F6E 
 1430      6720756E 
 1430      7369676E 
 1430      65642069 
 1431              	.LASF30:
 1432 01b9 4552525F 		.ascii	"ERR_RegisterUcVariable\000"
 1432      52656769 
 1432      73746572 
 1432      55635661 
 1432      72696162 
 1433              	.LASF17:
 1434 01d0 75634E61 		.ascii	"ucName\000"
 1434      6D6500
 1435              	.LASF38:
 1436 01d7 474E5520 		.ascii	"GNU C 4.4.1\000"
 1436      4320342E 
 1436      342E3100 
 1437              	.LASF42:
 1438 01e3 4552525F 		.ascii	"ERR_Init\000"
 1438      496E6974 
 1438      00
 1439              	.LASF13:
 1440 01ec 63686172 		.ascii	"char\000"
 1440      00
 1441              	.LASF20:
 1442 01f1 4552525F 		.ascii	"ERR_UC_VAR\000"
 1442      55435F56 
 1442      415200
 1443              	.LASF27:
 1444 01fc 74797065 		.ascii	"type\000"
 1444      00
 1445              	.LASF37:
 1446 0201 55695661 		.ascii	"UiVar\000"
 1446      7200
 1447              	.LASF19:
 1448 0207 75634D69 		.ascii	"ucMin\000"
 1448      6E00
 1449              	.LASF4:
 1450 020d 6C6F6E67 		.ascii	"long int\000"
 1450      20696E74 
 1450      00
 1451              	.LASF33:
ARM GAS  C:\Users\Martin\AppData\Local\Temp\ccnuRwY4.s 			page 31


 1452 0216 4552525F 		.ascii	"ERR_HandleTask\000"
 1452      48616E64 
 1452      6C655461 
 1452      736B00
 1453              	.LASF0:
 1454 0225 7369676E 		.ascii	"signed char\000"
 1454      65642063 
 1454      68617200 
 1455              	.LASF31:
 1456 0231 4552525F 		.ascii	"ERR_RegisterUiVariable\000"
 1456      52656769 
 1456      73746572 
 1456      55695661 
 1456      72696162 
 1457              	.LASF29:
 1458 0248 6E616D65 		.ascii	"name\000"
 1458      00
 1459              	.LASF41:
 1460 024d 4552525F 		.ascii	"ERR_Error\000"
 1460      4572726F 
 1460      7200
 1461              		.ident	"GCC: (Sourcery G++ Lite 2010q1-188) 4.4.1"
