ARM GAS  C:\Users\Martin\AppData\Local\Temp\cc4Txfyd.s 			page 1


   1              		.syntax unified
   2              		.cpu cortex-m3
   3              		.fpu softvfp
   4              		.eabi_attribute 20, 1
   5              		.eabi_attribute 21, 1
   6              		.eabi_attribute 23, 3
   7              		.eabi_attribute 24, 1
   8              		.eabi_attribute 25, 1
   9              		.eabi_attribute 26, 1
  10              		.eabi_attribute 30, 6
  11              		.eabi_attribute 18, 4
  12              		.thumb
  13              		.file	"hal.c"
  14              		.section	.debug_abbrev,"",%progbits
  15              	.Ldebug_abbrev0:
  16              		.section	.debug_info,"",%progbits
  17              	.Ldebug_info0:
  18              		.section	.debug_line,"",%progbits
  19              	.Ldebug_line0:
  20 0000 3D020000 		.text
  20      02005A01 
  20      00000201 
  20      FB0E0D00 
  20      01010101 
  21              	.Ltext0:
  22              		.cfi_sections	.debug_frame
  23              		.bss
  24              	HalStatus:
  25 0000 00       		.space	1
  26              		.data
  27              		.type	HalIsBusIdle, %object
  28              		.size	HalIsBusIdle, 1
  29              	HalIsBusIdle:
  30 0000 01       		.byte	1
  31              		.bss
  32              	RxCount:
  33 0001 00       		.space	1
  34              	TxCount:
  35 0002 00       		.space	1
  36              		.section	.text.HAL_GetUartStatus,"ax",%progbits
  37              		.align	2
  38              		.global	HAL_GetUartStatus
  39              		.thumb
  40              		.thumb_func
  41              		.type	HAL_GetUartStatus, %function
  42              	HAL_GetUartStatus:
  43              	.LFB29:
  44              		.file 1 "..\\..\\..\\Drive_Platform\\DrivePlatform.cydsn\\hal.c"
   1:..\..\..\Drive_Platform\DrivePlatform.cydsn/hal.c **** /* Copyright (C) <2014> <Martin Schalk>
   2:..\..\..\Drive_Platform\DrivePlatform.cydsn/hal.c ****  * All rights reserved.
   3:..\..\..\Drive_Platform\DrivePlatform.cydsn/hal.c ****  *
   4:..\..\..\Drive_Platform\DrivePlatform.cydsn/hal.c ****  * This software may be modified and distributed under the terms
   5:..\..\..\Drive_Platform\DrivePlatform.cydsn/hal.c ****  * of the BSD license.  See the LICENSE file for details.
   6:..\..\..\Drive_Platform\DrivePlatform.cydsn/hal.c ****  */
   7:..\..\..\Drive_Platform\DrivePlatform.cydsn/hal.c **** 
   8:..\..\..\Drive_Platform\DrivePlatform.cydsn/hal.c **** #include "global.h"
   9:..\..\..\Drive_Platform\DrivePlatform.cydsn/hal.c **** #include "types.h"
ARM GAS  C:\Users\Martin\AppData\Local\Temp\cc4Txfyd.s 			page 2


  10:..\..\..\Drive_Platform\DrivePlatform.cydsn/hal.c **** #include "hal.h"
  11:..\..\..\Drive_Platform\DrivePlatform.cydsn/hal.c **** #include "error.h"
  12:..\..\..\Drive_Platform\DrivePlatform.cydsn/hal.c **** 
  13:..\..\..\Drive_Platform\DrivePlatform.cydsn/hal.c **** 
  14:..\..\..\Drive_Platform\DrivePlatform.cydsn/hal.c **** 
  15:..\..\..\Drive_Platform\DrivePlatform.cydsn/hal.c **** static STATUS   HalStatus = HAL_TRANSMISSION_READY;
  16:..\..\..\Drive_Platform\DrivePlatform.cydsn/hal.c **** static BOOL     HalIsBusIdle = TRUE;
  17:..\..\..\Drive_Platform\DrivePlatform.cydsn/hal.c **** static uint8    RxCount = 0;
  18:..\..\..\Drive_Platform\DrivePlatform.cydsn/hal.c **** static uint8    TxCount = 0;
  19:..\..\..\Drive_Platform\DrivePlatform.cydsn/hal.c **** 
  20:..\..\..\Drive_Platform\DrivePlatform.cydsn/hal.c **** 
  21:..\..\..\Drive_Platform\DrivePlatform.cydsn/hal.c **** /*******************************************************/
  22:..\..\..\Drive_Platform\DrivePlatform.cydsn/hal.c **** /*
  23:..\..\..\Drive_Platform\DrivePlatform.cydsn/hal.c **** UART_TX_STS_COMPLETE        If set, indicates byte was transmitted successfully
  24:..\..\..\Drive_Platform\DrivePlatform.cydsn/hal.c **** UART_TX_STS_FIFO_EMPTY      If set, indicates the TX FIFO is empty
  25:..\..\..\Drive_Platform\DrivePlatform.cydsn/hal.c **** UART_TX_STS_FIFO_FULL       If set, indicates the TX FIFO is full
  26:..\..\..\Drive_Platform\DrivePlatform.cydsn/hal.c **** UART_TX_STS_FIFO_NOT_FULL   If set, indicates the FIFO is not full
  27:..\..\..\Drive_Platform\DrivePlatform.cydsn/hal.c **** */
  28:..\..\..\Drive_Platform\DrivePlatform.cydsn/hal.c **** uint8 HAL_GetUartStatus(void)
  29:..\..\..\Drive_Platform\DrivePlatform.cydsn/hal.c **** {
  45              		.loc 1 29 0
  46              		.cfi_startproc
  47              		@ args = 0, pretend = 0, frame = 0
  48              		@ frame_needed = 1, uses_anonymous_args = 0
  49 0000 80B5     		push	{r7, lr}
  50              	.LCFI0:
  51              		.cfi_def_cfa_offset 8
  52 0002 00AF     		add	r7, sp, #0
  53              		.cfi_offset 14, -4
  54              		.cfi_offset 7, -8
  55              	.LCFI1:
  56              		.cfi_def_cfa_register 7
  30:..\..\..\Drive_Platform\DrivePlatform.cydsn/hal.c ****     return UART_ReadTxStatus();
  57              		.loc 1 30 0
  58 0004 FFF7FEFF 		bl	UART_ReadTxStatus
  59 0008 0346     		mov	r3, r0
  31:..\..\..\Drive_Platform\DrivePlatform.cydsn/hal.c **** }
  60              		.loc 1 31 0
  61 000a 1846     		mov	r0, r3
  62 000c 80BD     		pop	{r7, pc}
  63              		.cfi_endproc
  64              	.LFE29:
  65              		.size	HAL_GetUartStatus, .-HAL_GetUartStatus
  66 000e 00BF     		.section	.text.HAL_GetHalStatus,"ax",%progbits
  67              		.align	2
  68              		.global	HAL_GetHalStatus
  69              		.thumb
  70              		.thumb_func
  71              		.type	HAL_GetHalStatus, %function
  72              	HAL_GetHalStatus:
  73              	.LFB30:
  32:..\..\..\Drive_Platform\DrivePlatform.cydsn/hal.c **** 
  33:..\..\..\Drive_Platform\DrivePlatform.cydsn/hal.c **** /*******************************************************/
  34:..\..\..\Drive_Platform\DrivePlatform.cydsn/hal.c **** STATUS HAL_GetHalStatus(void)
  35:..\..\..\Drive_Platform\DrivePlatform.cydsn/hal.c **** {
  74              		.loc 1 35 0
  75              		.cfi_startproc
ARM GAS  C:\Users\Martin\AppData\Local\Temp\cc4Txfyd.s 			page 3


  76              		@ args = 0, pretend = 0, frame = 0
  77              		@ frame_needed = 1, uses_anonymous_args = 0
  78              		@ link register save eliminated.
  79 0000 80B4     		push	{r7}
  80              	.LCFI2:
  81              		.cfi_def_cfa_offset 4
  82 0002 00AF     		add	r7, sp, #0
  83              		.cfi_offset 7, -4
  84              	.LCFI3:
  85              		.cfi_def_cfa_register 7
  36:..\..\..\Drive_Platform\DrivePlatform.cydsn/hal.c **** 	return HalStatus;
  86              		.loc 1 36 0
  87 0004 40F20003 		movw	r3, #:lower16:HalStatus
  88 0008 C0F20003 		movt	r3, #:upper16:HalStatus
  89 000c 1B78     		ldrb	r3, [r3, #0]	@ zero_extendqisi2
  37:..\..\..\Drive_Platform\DrivePlatform.cydsn/hal.c **** }
  90              		.loc 1 37 0
  91 000e 1846     		mov	r0, r3
  92 0010 BD46     		mov	sp, r7
  93 0012 80BC     		pop	{r7}
  94 0014 7047     		bx	lr
  95              		.cfi_endproc
  96              	.LFE30:
  97              		.size	HAL_GetHalStatus, .-HAL_GetHalStatus
  98 0016 00BF     		.section	.text.HAL_SetHalStatus,"ax",%progbits
  99              		.align	2
 100              		.global	HAL_SetHalStatus
 101              		.thumb
 102              		.thumb_func
 103              		.type	HAL_SetHalStatus, %function
 104              	HAL_SetHalStatus:
 105              	.LFB31:
  38:..\..\..\Drive_Platform\DrivePlatform.cydsn/hal.c **** 
  39:..\..\..\Drive_Platform\DrivePlatform.cydsn/hal.c **** /*******************************************************/
  40:..\..\..\Drive_Platform\DrivePlatform.cydsn/hal.c **** void HAL_SetHalStatus(STATUS value)
  41:..\..\..\Drive_Platform\DrivePlatform.cydsn/hal.c **** {
 106              		.loc 1 41 0
 107              		.cfi_startproc
 108              		@ args = 0, pretend = 0, frame = 8
 109              		@ frame_needed = 1, uses_anonymous_args = 0
 110              		@ link register save eliminated.
 111 0000 80B4     		push	{r7}
 112              	.LCFI4:
 113              		.cfi_def_cfa_offset 4
 114 0002 83B0     		sub	sp, sp, #12
 115              	.LCFI5:
 116              		.cfi_def_cfa_offset 16
 117 0004 00AF     		add	r7, sp, #0
 118              		.cfi_offset 7, -4
 119              	.LCFI6:
 120              		.cfi_def_cfa_register 7
 121 0006 0346     		mov	r3, r0
 122 0008 FB71     		strb	r3, [r7, #7]
  42:..\..\..\Drive_Platform\DrivePlatform.cydsn/hal.c **** 	HalStatus = value;
 123              		.loc 1 42 0
 124 000a 40F20003 		movw	r3, #:lower16:HalStatus
 125 000e C0F20003 		movt	r3, #:upper16:HalStatus
ARM GAS  C:\Users\Martin\AppData\Local\Temp\cc4Txfyd.s 			page 4


 126 0012 FA79     		ldrb	r2, [r7, #7]
 127 0014 1A70     		strb	r2, [r3, #0]
  43:..\..\..\Drive_Platform\DrivePlatform.cydsn/hal.c **** }
 128              		.loc 1 43 0
 129 0016 07F10C07 		add	r7, r7, #12
 130 001a BD46     		mov	sp, r7
 131 001c 80BC     		pop	{r7}
 132 001e 7047     		bx	lr
 133              		.cfi_endproc
 134              	.LFE31:
 135              		.size	HAL_SetHalStatus, .-HAL_SetHalStatus
 136              		.section	.text.isr_rx_routine,"ax",%progbits
 137              		.align	2
 138              		.global	isr_rx_routine
 139              		.thumb
 140              		.thumb_func
 141              		.type	isr_rx_routine, %function
 142              	isr_rx_routine:
 143              	.LFB32:
  44:..\..\..\Drive_Platform\DrivePlatform.cydsn/hal.c **** 
  45:..\..\..\Drive_Platform\DrivePlatform.cydsn/hal.c **** /*******************************************************/
  46:..\..\..\Drive_Platform\DrivePlatform.cydsn/hal.c **** CY_ISR(isr_rx_routine)
  47:..\..\..\Drive_Platform\DrivePlatform.cydsn/hal.c **** {
 144              		.loc 1 47 0
 145              		.cfi_startproc
 146              		@ args = 0, pretend = 0, frame = 0
 147              		@ frame_needed = 1, uses_anonymous_args = 0
 148              		@ link register save eliminated.
 149 0000 80B4     		push	{r7}
 150              	.LCFI7:
 151              		.cfi_def_cfa_offset 4
 152 0002 00AF     		add	r7, sp, #0
 153              		.cfi_offset 7, -4
 154              	.LCFI8:
 155              		.cfi_def_cfa_register 7
  48:..\..\..\Drive_Platform\DrivePlatform.cydsn/hal.c **** 	RxCount++;
 156              		.loc 1 48 0
 157 0004 40F20003 		movw	r3, #:lower16:RxCount
 158 0008 C0F20003 		movt	r3, #:upper16:RxCount
 159 000c 1B78     		ldrb	r3, [r3, #0]	@ zero_extendqisi2
 160 000e 03F10103 		add	r3, r3, #1
 161 0012 DAB2     		uxtb	r2, r3
 162 0014 40F20003 		movw	r3, #:lower16:RxCount
 163 0018 C0F20003 		movt	r3, #:upper16:RxCount
 164 001c 1A70     		strb	r2, [r3, #0]
  49:..\..\..\Drive_Platform\DrivePlatform.cydsn/hal.c **** }
 165              		.loc 1 49 0
 166 001e BD46     		mov	sp, r7
 167 0020 80BC     		pop	{r7}
 168 0022 7047     		bx	lr
 169              		.cfi_endproc
 170              	.LFE32:
 171              		.size	isr_rx_routine, .-isr_rx_routine
 172              		.section	.text.isr_tx_routine,"ax",%progbits
 173              		.align	2
 174              		.global	isr_tx_routine
 175              		.thumb
ARM GAS  C:\Users\Martin\AppData\Local\Temp\cc4Txfyd.s 			page 5


 176              		.thumb_func
 177              		.type	isr_tx_routine, %function
 178              	isr_tx_routine:
 179              	.LFB33:
  50:..\..\..\Drive_Platform\DrivePlatform.cydsn/hal.c **** 
  51:..\..\..\Drive_Platform\DrivePlatform.cydsn/hal.c **** /*******************************************************/
  52:..\..\..\Drive_Platform\DrivePlatform.cydsn/hal.c **** CY_ISR(isr_tx_routine)
  53:..\..\..\Drive_Platform\DrivePlatform.cydsn/hal.c **** {
 180              		.loc 1 53 0
 181              		.cfi_startproc
 182              		@ args = 0, pretend = 0, frame = 0
 183              		@ frame_needed = 1, uses_anonymous_args = 0
 184 0000 80B5     		push	{r7, lr}
 185              	.LCFI9:
 186              		.cfi_def_cfa_offset 8
 187 0002 00AF     		add	r7, sp, #0
 188              		.cfi_offset 14, -4
 189              		.cfi_offset 7, -8
 190              	.LCFI10:
 191              		.cfi_def_cfa_register 7
  54:..\..\..\Drive_Platform\DrivePlatform.cydsn/hal.c **** 	TxCount = 0;
 192              		.loc 1 54 0
 193 0004 40F20003 		movw	r3, #:lower16:TxCount
 194 0008 C0F20003 		movt	r3, #:upper16:TxCount
 195 000c 4FF00002 		mov	r2, #0
 196 0010 1A70     		strb	r2, [r3, #0]
  55:..\..\..\Drive_Platform\DrivePlatform.cydsn/hal.c **** 	HalStatus = HAL_TRANSMISSION_READY;
 197              		.loc 1 55 0
 198 0012 40F20003 		movw	r3, #:lower16:HalStatus
 199 0016 C0F20003 		movt	r3, #:upper16:HalStatus
 200 001a 4FF00002 		mov	r2, #0
 201 001e 1A70     		strb	r2, [r3, #0]
  56:..\..\..\Drive_Platform\DrivePlatform.cydsn/hal.c **** 	UART_EnableRxInt();
 202              		.loc 1 56 0
 203 0020 FFF7FEFF 		bl	UART_EnableRxInt
  57:..\..\..\Drive_Platform\DrivePlatform.cydsn/hal.c **** }
 204              		.loc 1 57 0
 205 0024 80BD     		pop	{r7, pc}
 206              		.cfi_endproc
 207              	.LFE33:
 208              		.size	isr_tx_routine, .-isr_tx_routine
 209 0026 00BF     		.section	.rodata
 210              		.align	2
 211              	.LC0:
 212 0000 5278436F 		.ascii	"RxCount\000"
 212      756E7400 
 213              		.align	2
 214              	.LC1:
 215 0008 5478436F 		.ascii	"TxCount\000"
 215      756E7400 
 216              		.section	.text.HAL_Init,"ax",%progbits
 217              		.align	2
 218              		.global	HAL_Init
 219              		.thumb
 220              		.thumb_func
 221              		.type	HAL_Init, %function
 222              	HAL_Init:
ARM GAS  C:\Users\Martin\AppData\Local\Temp\cc4Txfyd.s 			page 6


 223              	.LFB34:
  58:..\..\..\Drive_Platform\DrivePlatform.cydsn/hal.c **** 
  59:..\..\..\Drive_Platform\DrivePlatform.cydsn/hal.c **** /*******************************************************/
  60:..\..\..\Drive_Platform\DrivePlatform.cydsn/hal.c **** STATUS 	HAL_Init(void)
  61:..\..\..\Drive_Platform\DrivePlatform.cydsn/hal.c **** {
 224              		.loc 1 61 0
 225              		.cfi_startproc
 226              		@ args = 0, pretend = 0, frame = 8
 227              		@ frame_needed = 1, uses_anonymous_args = 0
 228 0000 80B5     		push	{r7, lr}
 229              	.LCFI11:
 230              		.cfi_def_cfa_offset 8
 231 0002 82B0     		sub	sp, sp, #8
 232              	.LCFI12:
 233              		.cfi_def_cfa_offset 16
 234 0004 00AF     		add	r7, sp, #0
 235              		.cfi_offset 14, -4
 236              		.cfi_offset 7, -8
 237              	.LCFI13:
 238              		.cfi_def_cfa_register 7
  62:..\..\..\Drive_Platform\DrivePlatform.cydsn/hal.c **** #ifdef ERROR_MODULE_ENABLE
  63:..\..\..\Drive_Platform\DrivePlatform.cydsn/hal.c ****     STATUS idx1, idx2;
  64:..\..\..\Drive_Platform\DrivePlatform.cydsn/hal.c ****     idx1 = ERR_RegisterUcVariable(&RxCount, "RxCount", 0, 32);
 239              		.loc 1 64 0
 240 0006 40F20000 		movw	r0, #:lower16:RxCount
 241 000a C0F20000 		movt	r0, #:upper16:RxCount
 242 000e 40F20001 		movw	r1, #:lower16:.LC0
 243 0012 C0F20001 		movt	r1, #:upper16:.LC0
 244 0016 4FF00002 		mov	r2, #0
 245 001a 4FF02003 		mov	r3, #32
 246 001e FFF7FEFF 		bl	ERR_RegisterUcVariable
 247 0022 0346     		mov	r3, r0
 248 0024 BB71     		strb	r3, [r7, #6]
  65:..\..\..\Drive_Platform\DrivePlatform.cydsn/hal.c ****     idx2 = ERR_RegisterUcVariable(&TxCount, "TxCount", 0, 32);
 249              		.loc 1 65 0
 250 0026 40F20000 		movw	r0, #:lower16:TxCount
 251 002a C0F20000 		movt	r0, #:upper16:TxCount
 252 002e 40F20001 		movw	r1, #:lower16:.LC1
 253 0032 C0F20001 		movt	r1, #:upper16:.LC1
 254 0036 4FF00002 		mov	r2, #0
 255 003a 4FF02003 		mov	r3, #32
 256 003e FFF7FEFF 		bl	ERR_RegisterUcVariable
 257 0042 0346     		mov	r3, r0
 258 0044 FB71     		strb	r3, [r7, #7]
  66:..\..\..\Drive_Platform\DrivePlatform.cydsn/hal.c **** #endif
  67:..\..\..\Drive_Platform\DrivePlatform.cydsn/hal.c **** 
  68:..\..\..\Drive_Platform\DrivePlatform.cydsn/hal.c **** 	RxCount = 0;
 259              		.loc 1 68 0
 260 0046 40F20003 		movw	r3, #:lower16:RxCount
 261 004a C0F20003 		movt	r3, #:upper16:RxCount
 262 004e 4FF00002 		mov	r2, #0
 263 0052 1A70     		strb	r2, [r3, #0]
  69:..\..\..\Drive_Platform\DrivePlatform.cydsn/hal.c **** 	UART_Start();
 264              		.loc 1 69 0
 265 0054 FFF7FEFF 		bl	UART_Start
  70:..\..\..\Drive_Platform\DrivePlatform.cydsn/hal.c ****     Isr_rx_Start();
 266              		.loc 1 70 0
ARM GAS  C:\Users\Martin\AppData\Local\Temp\cc4Txfyd.s 			page 7


 267 0058 FFF7FEFF 		bl	Isr_rx_Start
  71:..\..\..\Drive_Platform\DrivePlatform.cydsn/hal.c **** 	Isr_tx_Start();	
 268              		.loc 1 71 0
 269 005c FFF7FEFF 		bl	Isr_tx_Start
  72:..\..\..\Drive_Platform\DrivePlatform.cydsn/hal.c **** 	Isr_rx_SetVector(isr_rx_routine);
 270              		.loc 1 72 0
 271 0060 40F20000 		movw	r0, #:lower16:isr_rx_routine
 272 0064 C0F20000 		movt	r0, #:upper16:isr_rx_routine
 273 0068 FFF7FEFF 		bl	Isr_rx_SetVector
  73:..\..\..\Drive_Platform\DrivePlatform.cydsn/hal.c **** 	Isr_tx_SetVector(isr_tx_routine);
 274              		.loc 1 73 0
 275 006c 40F20000 		movw	r0, #:lower16:isr_tx_routine
 276 0070 C0F20000 		movt	r0, #:upper16:isr_tx_routine
 277 0074 FFF7FEFF 		bl	Isr_tx_SetVector
  74:..\..\..\Drive_Platform\DrivePlatform.cydsn/hal.c **** 	Isr_rx_Enable();
 278              		.loc 1 74 0
 279 0078 FFF7FEFF 		bl	Isr_rx_Enable
  75:..\..\..\Drive_Platform\DrivePlatform.cydsn/hal.c **** 	Isr_tx_Enable();
 280              		.loc 1 75 0
 281 007c FFF7FEFF 		bl	Isr_tx_Enable
  76:..\..\..\Drive_Platform\DrivePlatform.cydsn/hal.c **** 	UART_EnableRxInt();
 282              		.loc 1 76 0
 283 0080 FFF7FEFF 		bl	UART_EnableRxInt
  77:..\..\..\Drive_Platform\DrivePlatform.cydsn/hal.c **** 	UART_EnableTxInt();
 284              		.loc 1 77 0
 285 0084 FFF7FEFF 		bl	UART_EnableTxInt
  78:..\..\..\Drive_Platform\DrivePlatform.cydsn/hal.c ****  
  79:..\..\..\Drive_Platform\DrivePlatform.cydsn/hal.c **** 	return SUCCESS;
 286              		.loc 1 79 0
 287 0088 4FF00003 		mov	r3, #0
  80:..\..\..\Drive_Platform\DrivePlatform.cydsn/hal.c **** }
 288              		.loc 1 80 0
 289 008c 1846     		mov	r0, r3
 290 008e 07F10807 		add	r7, r7, #8
 291 0092 BD46     		mov	sp, r7
 292 0094 80BD     		pop	{r7, pc}
 293              		.cfi_endproc
 294              	.LFE34:
 295              		.size	HAL_Init, .-HAL_Init
 296 0096 00BF     		.section	.text.HAL_GetRxIsrCount,"ax",%progbits
 297              		.align	2
 298              		.global	HAL_GetRxIsrCount
 299              		.thumb
 300              		.thumb_func
 301              		.type	HAL_GetRxIsrCount, %function
 302              	HAL_GetRxIsrCount:
 303              	.LFB35:
  81:..\..\..\Drive_Platform\DrivePlatform.cydsn/hal.c **** 
  82:..\..\..\Drive_Platform\DrivePlatform.cydsn/hal.c **** /*******************************************************/
  83:..\..\..\Drive_Platform\DrivePlatform.cydsn/hal.c **** uint8 	HAL_GetRxIsrCount()
  84:..\..\..\Drive_Platform\DrivePlatform.cydsn/hal.c **** {
 304              		.loc 1 84 0
 305              		.cfi_startproc
 306              		@ args = 0, pretend = 0, frame = 0
 307              		@ frame_needed = 1, uses_anonymous_args = 0
 308              		@ link register save eliminated.
 309 0000 80B4     		push	{r7}
ARM GAS  C:\Users\Martin\AppData\Local\Temp\cc4Txfyd.s 			page 8


 310              	.LCFI14:
 311              		.cfi_def_cfa_offset 4
 312 0002 00AF     		add	r7, sp, #0
 313              		.cfi_offset 7, -4
 314              	.LCFI15:
 315              		.cfi_def_cfa_register 7
  85:..\..\..\Drive_Platform\DrivePlatform.cydsn/hal.c **** 	return RxCount;
 316              		.loc 1 85 0
 317 0004 40F20003 		movw	r3, #:lower16:RxCount
 318 0008 C0F20003 		movt	r3, #:upper16:RxCount
 319 000c 1B78     		ldrb	r3, [r3, #0]	@ zero_extendqisi2
  86:..\..\..\Drive_Platform\DrivePlatform.cydsn/hal.c **** }
 320              		.loc 1 86 0
 321 000e 1846     		mov	r0, r3
 322 0010 BD46     		mov	sp, r7
 323 0012 80BC     		pop	{r7}
 324 0014 7047     		bx	lr
 325              		.cfi_endproc
 326              	.LFE35:
 327              		.size	HAL_GetRxIsrCount, .-HAL_GetRxIsrCount
 328 0016 00BF     		.section	.text.HAL_GetRxBufferCount,"ax",%progbits
 329              		.align	2
 330              		.global	HAL_GetRxBufferCount
 331              		.thumb
 332              		.thumb_func
 333              		.type	HAL_GetRxBufferCount, %function
 334              	HAL_GetRxBufferCount:
 335              	.LFB36:
  87:..\..\..\Drive_Platform\DrivePlatform.cydsn/hal.c **** 
  88:..\..\..\Drive_Platform\DrivePlatform.cydsn/hal.c **** /*******************************************************/
  89:..\..\..\Drive_Platform\DrivePlatform.cydsn/hal.c **** uint8 	HAL_GetRxBufferCount()
  90:..\..\..\Drive_Platform\DrivePlatform.cydsn/hal.c **** {
 336              		.loc 1 90 0
 337              		.cfi_startproc
 338              		@ args = 0, pretend = 0, frame = 0
 339              		@ frame_needed = 1, uses_anonymous_args = 0
 340 0000 80B5     		push	{r7, lr}
 341              	.LCFI16:
 342              		.cfi_def_cfa_offset 8
 343 0002 00AF     		add	r7, sp, #0
 344              		.cfi_offset 14, -4
 345              		.cfi_offset 7, -8
 346              	.LCFI17:
 347              		.cfi_def_cfa_register 7
  91:..\..\..\Drive_Platform\DrivePlatform.cydsn/hal.c **** 	return UART_GetRxBufferSize();
 348              		.loc 1 91 0
 349 0004 FFF7FEFF 		bl	UART_GetRxBufferSize
 350 0008 0346     		mov	r3, r0
  92:..\..\..\Drive_Platform\DrivePlatform.cydsn/hal.c **** }
 351              		.loc 1 92 0
 352 000a 1846     		mov	r0, r3
 353 000c 80BD     		pop	{r7, pc}
 354              		.cfi_endproc
 355              	.LFE36:
 356              		.size	HAL_GetRxBufferCount, .-HAL_GetRxBufferCount
 357 000e 00BF     		.section	.text.HAL_GetByte,"ax",%progbits
 358              		.align	2
ARM GAS  C:\Users\Martin\AppData\Local\Temp\cc4Txfyd.s 			page 9


 359              		.global	HAL_GetByte
 360              		.thumb
 361              		.thumb_func
 362              		.type	HAL_GetByte, %function
 363              	HAL_GetByte:
 364              	.LFB37:
  93:..\..\..\Drive_Platform\DrivePlatform.cydsn/hal.c **** 
  94:..\..\..\Drive_Platform\DrivePlatform.cydsn/hal.c **** 
  95:..\..\..\Drive_Platform\DrivePlatform.cydsn/hal.c **** /* check, if FIFO has data available.*/
  96:..\..\..\Drive_Platform\DrivePlatform.cydsn/hal.c **** 	//if ((UART_ReadRxStatus() & UART_RX_STS_FIFO_NOTEMPTY) == UART_RX_STS_FIFO_NOTEMPTY)
  97:..\..\..\Drive_Platform\DrivePlatform.cydsn/hal.c **** /*******************************************************/
  98:..\..\..\Drive_Platform\DrivePlatform.cydsn/hal.c **** uint8 	HAL_GetByte()
  99:..\..\..\Drive_Platform\DrivePlatform.cydsn/hal.c **** {
 365              		.loc 1 99 0
 366              		.cfi_startproc
 367              		@ args = 0, pretend = 0, frame = 8
 368              		@ frame_needed = 1, uses_anonymous_args = 0
 369 0000 80B5     		push	{r7, lr}
 370              	.LCFI18:
 371              		.cfi_def_cfa_offset 8
 372 0002 82B0     		sub	sp, sp, #8
 373              	.LCFI19:
 374              		.cfi_def_cfa_offset 16
 375 0004 00AF     		add	r7, sp, #0
 376              		.cfi_offset 14, -4
 377              		.cfi_offset 7, -8
 378              	.LCFI20:
 379              		.cfi_def_cfa_register 7
 100:..\..\..\Drive_Platform\DrivePlatform.cydsn/hal.c **** 	uint8 value;
 101:..\..\..\Drive_Platform\DrivePlatform.cydsn/hal.c **** 	
 102:..\..\..\Drive_Platform\DrivePlatform.cydsn/hal.c **** 	/* chech if data available */
 103:..\..\..\Drive_Platform\DrivePlatform.cydsn/hal.c **** 	if (UART_GetRxBufferSize > 0)
 104:..\..\..\Drive_Platform\DrivePlatform.cydsn/hal.c **** 	{
 105:..\..\..\Drive_Platform\DrivePlatform.cydsn/hal.c **** 		value = UART_ReadRxData();
 380              		.loc 1 105 0
 381 0006 FFF7FEFF 		bl	UART_ReadRxData
 382 000a 0346     		mov	r3, r0
 383 000c FB71     		strb	r3, [r7, #7]
 106:..\..\..\Drive_Platform\DrivePlatform.cydsn/hal.c **** 		RxCount--;
 384              		.loc 1 106 0
 385 000e 40F20003 		movw	r3, #:lower16:RxCount
 386 0012 C0F20003 		movt	r3, #:upper16:RxCount
 387 0016 1B78     		ldrb	r3, [r3, #0]	@ zero_extendqisi2
 388 0018 03F1FF33 		add	r3, r3, #-1
 389 001c DAB2     		uxtb	r2, r3
 390 001e 40F20003 		movw	r3, #:lower16:RxCount
 391 0022 C0F20003 		movt	r3, #:upper16:RxCount
 392 0026 1A70     		strb	r2, [r3, #0]
 107:..\..\..\Drive_Platform\DrivePlatform.cydsn/hal.c **** 	}
 108:..\..\..\Drive_Platform\DrivePlatform.cydsn/hal.c **** 	else
 109:..\..\..\Drive_Platform\DrivePlatform.cydsn/hal.c **** 	{
 110:..\..\..\Drive_Platform\DrivePlatform.cydsn/hal.c **** 		value = 0;
 111:..\..\..\Drive_Platform\DrivePlatform.cydsn/hal.c **** 	}
 112:..\..\..\Drive_Platform\DrivePlatform.cydsn/hal.c **** 	
 113:..\..\..\Drive_Platform\DrivePlatform.cydsn/hal.c **** 	return value;
 393              		.loc 1 113 0
 394 0028 FB79     		ldrb	r3, [r7, #7]	@ zero_extendqisi2
ARM GAS  C:\Users\Martin\AppData\Local\Temp\cc4Txfyd.s 			page 10


 114:..\..\..\Drive_Platform\DrivePlatform.cydsn/hal.c **** }
 395              		.loc 1 114 0
 396 002a 1846     		mov	r0, r3
 397 002c 07F10807 		add	r7, r7, #8
 398 0030 BD46     		mov	sp, r7
 399 0032 80BD     		pop	{r7, pc}
 400              		.cfi_endproc
 401              	.LFE37:
 402              		.size	HAL_GetByte, .-HAL_GetByte
 403              		.section	.text.HAL_TransmitByte,"ax",%progbits
 404              		.align	2
 405              		.global	HAL_TransmitByte
 406              		.thumb
 407              		.thumb_func
 408              		.type	HAL_TransmitByte, %function
 409              	HAL_TransmitByte:
 410              	.LFB38:
 115:..\..\..\Drive_Platform\DrivePlatform.cydsn/hal.c **** 
 116:..\..\..\Drive_Platform\DrivePlatform.cydsn/hal.c **** /*******************************************************/
 117:..\..\..\Drive_Platform\DrivePlatform.cydsn/hal.c **** STATUS 	HAL_TransmitByte(uint8 value)
 118:..\..\..\Drive_Platform\DrivePlatform.cydsn/hal.c **** {
 411              		.loc 1 118 0
 412              		.cfi_startproc
 413              		@ args = 0, pretend = 0, frame = 8
 414              		@ frame_needed = 1, uses_anonymous_args = 0
 415 0000 80B5     		push	{r7, lr}
 416              	.LCFI21:
 417              		.cfi_def_cfa_offset 8
 418 0002 82B0     		sub	sp, sp, #8
 419              	.LCFI22:
 420              		.cfi_def_cfa_offset 16
 421 0004 00AF     		add	r7, sp, #0
 422              		.cfi_offset 14, -4
 423              		.cfi_offset 7, -8
 424              	.LCFI23:
 425              		.cfi_def_cfa_register 7
 426 0006 0346     		mov	r3, r0
 427 0008 FB71     		strb	r3, [r7, #7]
 119:..\..\..\Drive_Platform\DrivePlatform.cydsn/hal.c ****     /* Check if bus is idle */
 120:..\..\..\Drive_Platform\DrivePlatform.cydsn/hal.c ****     if (HalIsBusIdle == TRUE) //TODO
 428              		.loc 1 120 0
 429 000a 40F20003 		movw	r3, #:lower16:HalIsBusIdle
 430 000e C0F20003 		movt	r3, #:upper16:HalIsBusIdle
 431 0012 1B78     		ldrb	r3, [r3, #0]	@ zero_extendqisi2
 432 0014 012B     		cmp	r3, #1
 433 0016 28D1     		bne	.L22
 121:..\..\..\Drive_Platform\DrivePlatform.cydsn/hal.c ****     {
 122:..\..\..\Drive_Platform\DrivePlatform.cydsn/hal.c ****     	UART_DisableRxInt();
 434              		.loc 1 122 0
 435 0018 FFF7FEFF 		bl	UART_DisableRxInt
 123:..\..\..\Drive_Platform\DrivePlatform.cydsn/hal.c ****     	HalStatus = HAL_TRANSMISSION_BUSY;
 436              		.loc 1 123 0
 437 001c 40F20003 		movw	r3, #:lower16:HalStatus
 438 0020 C0F20003 		movt	r3, #:upper16:HalStatus
 439 0024 4FF00102 		mov	r2, #1
 440 0028 1A70     		strb	r2, [r3, #0]
 441              	.L23:
ARM GAS  C:\Users\Martin\AppData\Local\Temp\cc4Txfyd.s 			page 11


 124:..\..\..\Drive_Platform\DrivePlatform.cydsn/hal.c ****     	
 125:..\..\..\Drive_Platform\DrivePlatform.cydsn/hal.c ****     	/* wait until uart read to transmitted */
 126:..\..\..\Drive_Platform\DrivePlatform.cydsn/hal.c ****     	while (UART_ReadTxStatus() != UART_TX_STS_COMPLETE)
 442              		.loc 1 126 0
 443 002a FFF7FEFF 		bl	UART_ReadTxStatus
 444 002e 0346     		mov	r3, r0
 445 0030 012B     		cmp	r3, #1
 446 0032 FAD1     		bne	.L23
 127:..\..\..\Drive_Platform\DrivePlatform.cydsn/hal.c ****     	;
 128:..\..\..\Drive_Platform\DrivePlatform.cydsn/hal.c ****     	TxCount++;
 447              		.loc 1 128 0
 448 0034 40F20003 		movw	r3, #:lower16:TxCount
 449 0038 C0F20003 		movt	r3, #:upper16:TxCount
 450 003c 1B78     		ldrb	r3, [r3, #0]	@ zero_extendqisi2
 451 003e 03F10103 		add	r3, r3, #1
 452 0042 DAB2     		uxtb	r2, r3
 453 0044 40F20003 		movw	r3, #:lower16:TxCount
 454 0048 C0F20003 		movt	r3, #:upper16:TxCount
 455 004c 1A70     		strb	r2, [r3, #0]
 129:..\..\..\Drive_Platform\DrivePlatform.cydsn/hal.c ****     	UART_WriteTxData(value);
 456              		.loc 1 129 0
 457 004e FB79     		ldrb	r3, [r7, #7]	@ zero_extendqisi2
 458 0050 1846     		mov	r0, r3
 459 0052 FFF7FEFF 		bl	UART_WriteTxData
 130:..\..\..\Drive_Platform\DrivePlatform.cydsn/hal.c ****     	
 131:..\..\..\Drive_Platform\DrivePlatform.cydsn/hal.c ****     	HalStatus = HAL_TRANSMISSION_READY;
 460              		.loc 1 131 0
 461 0056 40F20003 		movw	r3, #:lower16:HalStatus
 462 005a C0F20003 		movt	r3, #:upper16:HalStatus
 463 005e 4FF00002 		mov	r2, #0
 464 0062 1A70     		strb	r2, [r3, #0]
 132:..\..\..\Drive_Platform\DrivePlatform.cydsn/hal.c ****         
 133:..\..\..\Drive_Platform\DrivePlatform.cydsn/hal.c ****         return SUCCESS;
 465              		.loc 1 133 0
 466 0064 4FF00003 		mov	r3, #0
 467 0068 01E0     		b	.L24
 468              	.L22:
 134:..\..\..\Drive_Platform\DrivePlatform.cydsn/hal.c **** 	}
 135:..\..\..\Drive_Platform\DrivePlatform.cydsn/hal.c **** 	else
 136:..\..\..\Drive_Platform\DrivePlatform.cydsn/hal.c ****     {
 137:..\..\..\Drive_Platform\DrivePlatform.cydsn/hal.c ****         return !SUCCESS;
 469              		.loc 1 137 0
 470 006a 4FF00103 		mov	r3, #1
 471              	.L24:
 138:..\..\..\Drive_Platform\DrivePlatform.cydsn/hal.c ****     }
 139:..\..\..\Drive_Platform\DrivePlatform.cydsn/hal.c **** }
 472              		.loc 1 139 0
 473 006e 1846     		mov	r0, r3
 474 0070 07F10807 		add	r7, r7, #8
 475 0074 BD46     		mov	sp, r7
 476 0076 80BD     		pop	{r7, pc}
 477              		.cfi_endproc
 478              	.LFE38:
 479              		.size	HAL_TransmitByte, .-HAL_TransmitByte
 480              		.section	.text.HAL_TransmitArray,"ax",%progbits
 481              		.align	2
 482              		.global	HAL_TransmitArray
ARM GAS  C:\Users\Martin\AppData\Local\Temp\cc4Txfyd.s 			page 12


 483              		.thumb
 484              		.thumb_func
 485              		.type	HAL_TransmitArray, %function
 486              	HAL_TransmitArray:
 487              	.LFB39:
 140:..\..\..\Drive_Platform\DrivePlatform.cydsn/hal.c **** 
 141:..\..\..\Drive_Platform\DrivePlatform.cydsn/hal.c **** /*******************************************************/
 142:..\..\..\Drive_Platform\DrivePlatform.cydsn/hal.c **** STATUS 	HAL_TransmitArray(const uint8* source, uint8 numBytes)
 143:..\..\..\Drive_Platform\DrivePlatform.cydsn/hal.c **** {
 488              		.loc 1 143 0
 489              		.cfi_startproc
 490              		@ args = 0, pretend = 0, frame = 8
 491              		@ frame_needed = 1, uses_anonymous_args = 0
 492 0000 80B5     		push	{r7, lr}
 493              	.LCFI24:
 494              		.cfi_def_cfa_offset 8
 495 0002 82B0     		sub	sp, sp, #8
 496              	.LCFI25:
 497              		.cfi_def_cfa_offset 16
 498 0004 00AF     		add	r7, sp, #0
 499              		.cfi_offset 14, -4
 500              		.cfi_offset 7, -8
 501              	.LCFI26:
 502              		.cfi_def_cfa_register 7
 503 0006 7860     		str	r0, [r7, #4]
 504 0008 0B46     		mov	r3, r1
 505 000a FB70     		strb	r3, [r7, #3]
 144:..\..\..\Drive_Platform\DrivePlatform.cydsn/hal.c **** 	UART_DisableRxInt();
 506              		.loc 1 144 0
 507 000c FFF7FEFF 		bl	UART_DisableRxInt
 145:..\..\..\Drive_Platform\DrivePlatform.cydsn/hal.c **** 	HalStatus = HAL_TRANSMISSION_BUSY;
 508              		.loc 1 145 0
 509 0010 40F20003 		movw	r3, #:lower16:HalStatus
 510 0014 C0F20003 		movt	r3, #:upper16:HalStatus
 511 0018 4FF00102 		mov	r2, #1
 512 001c 1A70     		strb	r2, [r3, #0]
 146:..\..\..\Drive_Platform\DrivePlatform.cydsn/hal.c **** 	TxCount += numBytes;
 513              		.loc 1 146 0
 514 001e 40F20003 		movw	r3, #:lower16:TxCount
 515 0022 C0F20003 		movt	r3, #:upper16:TxCount
 516 0026 1A78     		ldrb	r2, [r3, #0]	@ zero_extendqisi2
 517 0028 FB78     		ldrb	r3, [r7, #3]
 518 002a 1344     		add	r3, r2, r3
 519 002c DAB2     		uxtb	r2, r3
 520 002e 40F20003 		movw	r3, #:lower16:TxCount
 521 0032 C0F20003 		movt	r3, #:upper16:TxCount
 522 0036 1A70     		strb	r2, [r3, #0]
 147:..\..\..\Drive_Platform\DrivePlatform.cydsn/hal.c **** 	UART_PutArray(source, numBytes); //function can be interrupted by <isr_tx_routine>
 523              		.loc 1 147 0
 524 0038 FB78     		ldrb	r3, [r7, #3]	@ zero_extendqisi2
 525 003a 7868     		ldr	r0, [r7, #4]
 526 003c 1946     		mov	r1, r3
 527 003e FFF7FEFF 		bl	UART_PutArray
 148:..\..\..\Drive_Platform\DrivePlatform.cydsn/hal.c **** 	HalStatus = HAL_TRANSMISSION_READY;
 528              		.loc 1 148 0
 529 0042 40F20003 		movw	r3, #:lower16:HalStatus
 530 0046 C0F20003 		movt	r3, #:upper16:HalStatus
ARM GAS  C:\Users\Martin\AppData\Local\Temp\cc4Txfyd.s 			page 13


 531 004a 4FF00002 		mov	r2, #0
 532 004e 1A70     		strb	r2, [r3, #0]
 149:..\..\..\Drive_Platform\DrivePlatform.cydsn/hal.c **** 	// UART_EnableRxInt(); => done in <isr_tx_routine> if last byte transmitted
 150:..\..\..\Drive_Platform\DrivePlatform.cydsn/hal.c **** 	return SUCCESS;
 533              		.loc 1 150 0
 534 0050 4FF00003 		mov	r3, #0
 151:..\..\..\Drive_Platform\DrivePlatform.cydsn/hal.c **** }
 535              		.loc 1 151 0
 536 0054 1846     		mov	r0, r3
 537 0056 07F10807 		add	r7, r7, #8
 538 005a BD46     		mov	sp, r7
 539 005c 80BD     		pop	{r7, pc}
 540              		.cfi_endproc
 541              	.LFE39:
 542              		.size	HAL_TransmitArray, .-HAL_TransmitArray
 543 005e 00BF     		.text
 544              	.Letext0:
 545              		.section	.debug_loc,"",%progbits
 546              	.Ldebug_loc0:
 547              	.LLST0:
 548 0000 00000000 		.4byte	.LFB29
 549 0004 02000000 		.4byte	.LCFI0
 550 0008 0100     		.2byte	0x1
 551 000a 5D       		.byte	0x5d
 552 000b 02000000 		.4byte	.LCFI0
 553 000f 04000000 		.4byte	.LCFI1
 554 0013 0200     		.2byte	0x2
 555 0015 7D       		.byte	0x7d
 556 0016 08       		.sleb128 8
 557 0017 04000000 		.4byte	.LCFI1
 558 001b 0E000000 		.4byte	.LFE29
 559 001f 0200     		.2byte	0x2
 560 0021 77       		.byte	0x77
 561 0022 08       		.sleb128 8
 562 0023 00000000 		.4byte	0x0
 563 0027 00000000 		.4byte	0x0
 564              	.LLST1:
 565 002b 00000000 		.4byte	.LFB30
 566 002f 02000000 		.4byte	.LCFI2
 567 0033 0100     		.2byte	0x1
 568 0035 5D       		.byte	0x5d
 569 0036 02000000 		.4byte	.LCFI2
 570 003a 04000000 		.4byte	.LCFI3
 571 003e 0200     		.2byte	0x2
 572 0040 7D       		.byte	0x7d
 573 0041 04       		.sleb128 4
 574 0042 04000000 		.4byte	.LCFI3
 575 0046 16000000 		.4byte	.LFE30
 576 004a 0200     		.2byte	0x2
 577 004c 77       		.byte	0x77
 578 004d 04       		.sleb128 4
 579 004e 00000000 		.4byte	0x0
 580 0052 00000000 		.4byte	0x0
 581              	.LLST2:
 582 0056 00000000 		.4byte	.LFB31
 583 005a 02000000 		.4byte	.LCFI4
 584 005e 0100     		.2byte	0x1
ARM GAS  C:\Users\Martin\AppData\Local\Temp\cc4Txfyd.s 			page 14


 585 0060 5D       		.byte	0x5d
 586 0061 02000000 		.4byte	.LCFI4
 587 0065 04000000 		.4byte	.LCFI5
 588 0069 0200     		.2byte	0x2
 589 006b 7D       		.byte	0x7d
 590 006c 04       		.sleb128 4
 591 006d 04000000 		.4byte	.LCFI5
 592 0071 06000000 		.4byte	.LCFI6
 593 0075 0200     		.2byte	0x2
 594 0077 7D       		.byte	0x7d
 595 0078 10       		.sleb128 16
 596 0079 06000000 		.4byte	.LCFI6
 597 007d 20000000 		.4byte	.LFE31
 598 0081 0200     		.2byte	0x2
 599 0083 77       		.byte	0x77
 600 0084 10       		.sleb128 16
 601 0085 00000000 		.4byte	0x0
 602 0089 00000000 		.4byte	0x0
 603              	.LLST3:
 604 008d 00000000 		.4byte	.LFB32
 605 0091 02000000 		.4byte	.LCFI7
 606 0095 0100     		.2byte	0x1
 607 0097 5D       		.byte	0x5d
 608 0098 02000000 		.4byte	.LCFI7
 609 009c 04000000 		.4byte	.LCFI8
 610 00a0 0200     		.2byte	0x2
 611 00a2 7D       		.byte	0x7d
 612 00a3 04       		.sleb128 4
 613 00a4 04000000 		.4byte	.LCFI8
 614 00a8 24000000 		.4byte	.LFE32
 615 00ac 0200     		.2byte	0x2
 616 00ae 77       		.byte	0x77
 617 00af 04       		.sleb128 4
 618 00b0 00000000 		.4byte	0x0
 619 00b4 00000000 		.4byte	0x0
 620              	.LLST4:
 621 00b8 00000000 		.4byte	.LFB33
 622 00bc 02000000 		.4byte	.LCFI9
 623 00c0 0100     		.2byte	0x1
 624 00c2 5D       		.byte	0x5d
 625 00c3 02000000 		.4byte	.LCFI9
 626 00c7 04000000 		.4byte	.LCFI10
 627 00cb 0200     		.2byte	0x2
 628 00cd 7D       		.byte	0x7d
 629 00ce 08       		.sleb128 8
 630 00cf 04000000 		.4byte	.LCFI10
 631 00d3 26000000 		.4byte	.LFE33
 632 00d7 0200     		.2byte	0x2
 633 00d9 77       		.byte	0x77
 634 00da 08       		.sleb128 8
 635 00db 00000000 		.4byte	0x0
 636 00df 00000000 		.4byte	0x0
 637              	.LLST5:
 638 00e3 00000000 		.4byte	.LFB34
 639 00e7 02000000 		.4byte	.LCFI11
 640 00eb 0100     		.2byte	0x1
 641 00ed 5D       		.byte	0x5d
ARM GAS  C:\Users\Martin\AppData\Local\Temp\cc4Txfyd.s 			page 15


 642 00ee 02000000 		.4byte	.LCFI11
 643 00f2 04000000 		.4byte	.LCFI12
 644 00f6 0200     		.2byte	0x2
 645 00f8 7D       		.byte	0x7d
 646 00f9 08       		.sleb128 8
 647 00fa 04000000 		.4byte	.LCFI12
 648 00fe 06000000 		.4byte	.LCFI13
 649 0102 0200     		.2byte	0x2
 650 0104 7D       		.byte	0x7d
 651 0105 10       		.sleb128 16
 652 0106 06000000 		.4byte	.LCFI13
 653 010a 96000000 		.4byte	.LFE34
 654 010e 0200     		.2byte	0x2
 655 0110 77       		.byte	0x77
 656 0111 10       		.sleb128 16
 657 0112 00000000 		.4byte	0x0
 658 0116 00000000 		.4byte	0x0
 659              	.LLST6:
 660 011a 00000000 		.4byte	.LFB35
 661 011e 02000000 		.4byte	.LCFI14
 662 0122 0100     		.2byte	0x1
 663 0124 5D       		.byte	0x5d
 664 0125 02000000 		.4byte	.LCFI14
 665 0129 04000000 		.4byte	.LCFI15
 666 012d 0200     		.2byte	0x2
 667 012f 7D       		.byte	0x7d
 668 0130 04       		.sleb128 4
 669 0131 04000000 		.4byte	.LCFI15
 670 0135 16000000 		.4byte	.LFE35
 671 0139 0200     		.2byte	0x2
 672 013b 77       		.byte	0x77
 673 013c 04       		.sleb128 4
 674 013d 00000000 		.4byte	0x0
 675 0141 00000000 		.4byte	0x0
 676              	.LLST7:
 677 0145 00000000 		.4byte	.LFB36
 678 0149 02000000 		.4byte	.LCFI16
 679 014d 0100     		.2byte	0x1
 680 014f 5D       		.byte	0x5d
 681 0150 02000000 		.4byte	.LCFI16
 682 0154 04000000 		.4byte	.LCFI17
 683 0158 0200     		.2byte	0x2
 684 015a 7D       		.byte	0x7d
 685 015b 08       		.sleb128 8
 686 015c 04000000 		.4byte	.LCFI17
 687 0160 0E000000 		.4byte	.LFE36
 688 0164 0200     		.2byte	0x2
 689 0166 77       		.byte	0x77
 690 0167 08       		.sleb128 8
 691 0168 00000000 		.4byte	0x0
 692 016c 00000000 		.4byte	0x0
 693              	.LLST8:
 694 0170 00000000 		.4byte	.LFB37
 695 0174 02000000 		.4byte	.LCFI18
 696 0178 0100     		.2byte	0x1
 697 017a 5D       		.byte	0x5d
 698 017b 02000000 		.4byte	.LCFI18
ARM GAS  C:\Users\Martin\AppData\Local\Temp\cc4Txfyd.s 			page 16


 699 017f 04000000 		.4byte	.LCFI19
 700 0183 0200     		.2byte	0x2
 701 0185 7D       		.byte	0x7d
 702 0186 08       		.sleb128 8
 703 0187 04000000 		.4byte	.LCFI19
 704 018b 06000000 		.4byte	.LCFI20
 705 018f 0200     		.2byte	0x2
 706 0191 7D       		.byte	0x7d
 707 0192 10       		.sleb128 16
 708 0193 06000000 		.4byte	.LCFI20
 709 0197 34000000 		.4byte	.LFE37
 710 019b 0200     		.2byte	0x2
 711 019d 77       		.byte	0x77
 712 019e 10       		.sleb128 16
 713 019f 00000000 		.4byte	0x0
 714 01a3 00000000 		.4byte	0x0
 715              	.LLST9:
 716 01a7 00000000 		.4byte	.LFB38
 717 01ab 02000000 		.4byte	.LCFI21
 718 01af 0100     		.2byte	0x1
 719 01b1 5D       		.byte	0x5d
 720 01b2 02000000 		.4byte	.LCFI21
 721 01b6 04000000 		.4byte	.LCFI22
 722 01ba 0200     		.2byte	0x2
 723 01bc 7D       		.byte	0x7d
 724 01bd 08       		.sleb128 8
 725 01be 04000000 		.4byte	.LCFI22
 726 01c2 06000000 		.4byte	.LCFI23
 727 01c6 0200     		.2byte	0x2
 728 01c8 7D       		.byte	0x7d
 729 01c9 10       		.sleb128 16
 730 01ca 06000000 		.4byte	.LCFI23
 731 01ce 78000000 		.4byte	.LFE38
 732 01d2 0200     		.2byte	0x2
 733 01d4 77       		.byte	0x77
 734 01d5 10       		.sleb128 16
 735 01d6 00000000 		.4byte	0x0
 736 01da 00000000 		.4byte	0x0
 737              	.LLST10:
 738 01de 00000000 		.4byte	.LFB39
 739 01e2 02000000 		.4byte	.LCFI24
 740 01e6 0100     		.2byte	0x1
 741 01e8 5D       		.byte	0x5d
 742 01e9 02000000 		.4byte	.LCFI24
 743 01ed 04000000 		.4byte	.LCFI25
 744 01f1 0200     		.2byte	0x2
 745 01f3 7D       		.byte	0x7d
 746 01f4 08       		.sleb128 8
 747 01f5 04000000 		.4byte	.LCFI25
 748 01f9 06000000 		.4byte	.LCFI26
 749 01fd 0200     		.2byte	0x2
 750 01ff 7D       		.byte	0x7d
 751 0200 10       		.sleb128 16
 752 0201 06000000 		.4byte	.LCFI26
 753 0205 5E000000 		.4byte	.LFE39
 754 0209 0200     		.2byte	0x2
 755 020b 77       		.byte	0x77
ARM GAS  C:\Users\Martin\AppData\Local\Temp\cc4Txfyd.s 			page 17


 756 020c 10       		.sleb128 16
 757 020d 00000000 		.4byte	0x0
 758 0211 00000000 		.4byte	0x0
 759              		.file 2 "c:\\program files (x86)\\cypress\\psoc creator\\2.2\\psoc creator\\import\\gnu_cs\\arm\\4
 760              		.file 3 "./Generated_Source/PSoC5/cytypes.h"
 761              		.file 4 "..\\..\\..\\Drive_Platform\\DrivePlatform.cydsn\\/types.h"
 762              		.file 5 "./Generated_Source/PSoC5/core_cm3.h"
 763              		.section	.debug_info
 764 0000 91020000 		.4byte	0x291
 765 0004 0200     		.2byte	0x2
 766 0006 00000000 		.4byte	.Ldebug_abbrev0
 767 000a 04       		.byte	0x4
 768 000b 01       		.uleb128 0x1
 769 000c D0010000 		.4byte	.LASF36
 770 0010 01       		.byte	0x1
 771 0011 50000000 		.4byte	.LASF37
 772 0015 F1000000 		.4byte	.LASF38
 773 0019 00000000 		.4byte	0x0
 774 001d 00000000 		.4byte	0x0
 775 0021 00000000 		.4byte	.Ldebug_ranges0+0x0
 776 0025 00000000 		.4byte	.Ldebug_line0
 777 0029 02       		.uleb128 0x2
 778 002a 01       		.byte	0x1
 779 002b 06       		.byte	0x6
 780 002c AC010000 		.4byte	.LASF0
 781 0030 03       		.uleb128 0x3
 782 0031 82010000 		.4byte	.LASF9
 783 0035 02       		.byte	0x2
 784 0036 2A       		.byte	0x2a
 785 0037 3B000000 		.4byte	0x3b
 786 003b 02       		.uleb128 0x2
 787 003c 01       		.byte	0x1
 788 003d 08       		.byte	0x8
 789 003e 89000000 		.4byte	.LASF1
 790 0042 02       		.uleb128 0x2
 791 0043 02       		.byte	0x2
 792 0044 05       		.byte	0x5
 793 0045 FB010000 		.4byte	.LASF2
 794 0049 02       		.uleb128 0x2
 795 004a 02       		.byte	0x2
 796 004b 07       		.byte	0x7
 797 004c BB000000 		.4byte	.LASF3
 798 0050 02       		.uleb128 0x2
 799 0051 04       		.byte	0x4
 800 0052 05       		.byte	0x5
 801 0053 2F000000 		.4byte	.LASF4
 802 0057 02       		.uleb128 0x2
 803 0058 04       		.byte	0x4
 804 0059 07       		.byte	0x7
 805 005a 97000000 		.4byte	.LASF5
 806 005e 02       		.uleb128 0x2
 807 005f 08       		.byte	0x8
 808 0060 05       		.byte	0x5
 809 0061 00000000 		.4byte	.LASF6
 810 0065 02       		.uleb128 0x2
 811 0066 08       		.byte	0x8
 812 0067 07       		.byte	0x7
ARM GAS  C:\Users\Martin\AppData\Local\Temp\cc4Txfyd.s 			page 18


 813 0068 6B010000 		.4byte	.LASF7
 814 006c 04       		.uleb128 0x4
 815 006d 04       		.byte	0x4
 816 006e 05       		.byte	0x5
 817 006f 696E7400 		.ascii	"int\000"
 818 0073 02       		.uleb128 0x2
 819 0074 04       		.byte	0x4
 820 0075 07       		.byte	0x7
 821 0076 5E010000 		.4byte	.LASF8
 822 007a 03       		.uleb128 0x3
 823 007b 05020000 		.4byte	.LASF10
 824 007f 03       		.byte	0x3
 825 0080 4C       		.byte	0x4c
 826 0081 3B000000 		.4byte	0x3b
 827 0085 02       		.uleb128 0x2
 828 0086 04       		.byte	0x4
 829 0087 04       		.byte	0x4
 830 0088 4A000000 		.4byte	.LASF11
 831 008c 02       		.uleb128 0x2
 832 008d 08       		.byte	0x8
 833 008e 04       		.byte	0x4
 834 008f EA000000 		.4byte	.LASF12
 835 0093 02       		.uleb128 0x2
 836 0094 01       		.byte	0x1
 837 0095 08       		.byte	0x8
 838 0096 E4010000 		.4byte	.LASF13
 839 009a 05       		.uleb128 0x5
 840 009b 04       		.byte	0x4
 841 009c 07       		.byte	0x7
 842 009d 03       		.uleb128 0x3
 843 009e 82000000 		.4byte	.LASF14
 844 00a2 04       		.byte	0x4
 845 00a3 0F       		.byte	0xf
 846 00a4 7A000000 		.4byte	0x7a
 847 00a8 03       		.uleb128 0x3
 848 00a9 2A000000 		.4byte	.LASF15
 849 00ad 04       		.byte	0x4
 850 00ae 10       		.byte	0x10
 851 00af 30000000 		.4byte	0x30
 852 00b3 06       		.uleb128 0x6
 853 00b4 01       		.byte	0x1
 854 00b5 E9010000 		.4byte	.LASF16
 855 00b9 01       		.byte	0x1
 856 00ba 1C       		.byte	0x1c
 857 00bb 01       		.byte	0x1
 858 00bc 7A000000 		.4byte	0x7a
 859 00c0 00000000 		.4byte	.LFB29
 860 00c4 0E000000 		.4byte	.LFE29
 861 00c8 00000000 		.4byte	.LLST0
 862 00cc 06       		.uleb128 0x6
 863 00cd 01       		.byte	0x1
 864 00ce 1E020000 		.4byte	.LASF17
 865 00d2 01       		.byte	0x1
 866 00d3 22       		.byte	0x22
 867 00d4 01       		.byte	0x1
 868 00d5 9D000000 		.4byte	0x9d
 869 00d9 00000000 		.4byte	.LFB30
ARM GAS  C:\Users\Martin\AppData\Local\Temp\cc4Txfyd.s 			page 19


 870 00dd 16000000 		.4byte	.LFE30
 871 00e1 2B000000 		.4byte	.LLST1
 872 00e5 07       		.uleb128 0x7
 873 00e6 01       		.byte	0x1
 874 00e7 4F020000 		.4byte	.LASF24
 875 00eb 01       		.byte	0x1
 876 00ec 28       		.byte	0x28
 877 00ed 01       		.byte	0x1
 878 00ee 00000000 		.4byte	.LFB31
 879 00f2 20000000 		.4byte	.LFE31
 880 00f6 56000000 		.4byte	.LLST2
 881 00fa 0D010000 		.4byte	0x10d
 882 00fe 08       		.uleb128 0x8
 883 00ff 1A000000 		.4byte	.LASF26
 884 0103 01       		.byte	0x1
 885 0104 28       		.byte	0x28
 886 0105 9D000000 		.4byte	0x9d
 887 0109 02       		.byte	0x2
 888 010a 91       		.byte	0x91
 889 010b 77       		.sleb128 -9
 890 010c 00       		.byte	0x0
 891 010d 09       		.uleb128 0x9
 892 010e 01       		.byte	0x1
 893 010f C1010000 		.4byte	.LASF18
 894 0113 01       		.byte	0x1
 895 0114 2E       		.byte	0x2e
 896 0115 01       		.byte	0x1
 897 0116 00000000 		.4byte	.LFB32
 898 011a 24000000 		.4byte	.LFE32
 899 011e 8D000000 		.4byte	.LLST3
 900 0122 09       		.uleb128 0x9
 901 0123 01       		.byte	0x1
 902 0124 CE000000 		.4byte	.LASF19
 903 0128 01       		.byte	0x1
 904 0129 34       		.byte	0x34
 905 012a 01       		.byte	0x1
 906 012b 00000000 		.4byte	.LFB33
 907 012f 26000000 		.4byte	.LFE33
 908 0133 B8000000 		.4byte	.LLST4
 909 0137 0A       		.uleb128 0xa
 910 0138 01       		.byte	0x1
 911 0139 0B020000 		.4byte	.LASF27
 912 013d 01       		.byte	0x1
 913 013e 3C       		.byte	0x3c
 914 013f 01       		.byte	0x1
 915 0140 9D000000 		.4byte	0x9d
 916 0144 00000000 		.4byte	.LFB34
 917 0148 96000000 		.4byte	.LFE34
 918 014c E3000000 		.4byte	.LLST5
 919 0150 71010000 		.4byte	0x171
 920 0154 0B       		.uleb128 0xb
 921 0155 20000000 		.4byte	.LASF20
 922 0159 01       		.byte	0x1
 923 015a 3F       		.byte	0x3f
 924 015b 9D000000 		.4byte	0x9d
 925 015f 02       		.byte	0x2
 926 0160 91       		.byte	0x91
ARM GAS  C:\Users\Martin\AppData\Local\Temp\cc4Txfyd.s 			page 20


 927 0161 76       		.sleb128 -10
 928 0162 0B       		.uleb128 0xb
 929 0163 25000000 		.4byte	.LASF21
 930 0167 01       		.byte	0x1
 931 0168 3F       		.byte	0x3f
 932 0169 9D000000 		.4byte	0x9d
 933 016d 02       		.byte	0x2
 934 016e 91       		.byte	0x91
 935 016f 77       		.sleb128 -9
 936 0170 00       		.byte	0x0
 937 0171 0C       		.uleb128 0xc
 938 0172 01       		.byte	0x1
 939 0173 A9000000 		.4byte	.LASF22
 940 0177 01       		.byte	0x1
 941 0178 53       		.byte	0x53
 942 0179 7A000000 		.4byte	0x7a
 943 017d 00000000 		.4byte	.LFB35
 944 0181 16000000 		.4byte	.LFE35
 945 0185 1A010000 		.4byte	.LLST6
 946 0189 0C       		.uleb128 0xc
 947 018a 01       		.byte	0x1
 948 018b 97010000 		.4byte	.LASF23
 949 018f 01       		.byte	0x1
 950 0190 59       		.byte	0x59
 951 0191 7A000000 		.4byte	0x7a
 952 0195 00000000 		.4byte	.LFB36
 953 0199 0E000000 		.4byte	.LFE36
 954 019d 45010000 		.4byte	.LLST7
 955 01a1 0D       		.uleb128 0xd
 956 01a2 01       		.byte	0x1
 957 01a3 0E000000 		.4byte	.LASF25
 958 01a7 01       		.byte	0x1
 959 01a8 62       		.byte	0x62
 960 01a9 7A000000 		.4byte	0x7a
 961 01ad 00000000 		.4byte	.LFB37
 962 01b1 34000000 		.4byte	.LFE37
 963 01b5 70010000 		.4byte	.LLST8
 964 01b9 CC010000 		.4byte	0x1cc
 965 01bd 0B       		.uleb128 0xb
 966 01be 1A000000 		.4byte	.LASF26
 967 01c2 01       		.byte	0x1
 968 01c3 64       		.byte	0x64
 969 01c4 7A000000 		.4byte	0x7a
 970 01c8 02       		.byte	0x2
 971 01c9 91       		.byte	0x91
 972 01ca 77       		.sleb128 -9
 973 01cb 00       		.byte	0x0
 974 01cc 0A       		.uleb128 0xa
 975 01cd 01       		.byte	0x1
 976 01ce 2F020000 		.4byte	.LASF28
 977 01d2 01       		.byte	0x1
 978 01d3 75       		.byte	0x75
 979 01d4 01       		.byte	0x1
 980 01d5 9D000000 		.4byte	0x9d
 981 01d9 00000000 		.4byte	.LFB38
 982 01dd 78000000 		.4byte	.LFE38
 983 01e1 A7010000 		.4byte	.LLST9
ARM GAS  C:\Users\Martin\AppData\Local\Temp\cc4Txfyd.s 			page 21


 984 01e5 F8010000 		.4byte	0x1f8
 985 01e9 08       		.uleb128 0x8
 986 01ea 1A000000 		.4byte	.LASF26
 987 01ee 01       		.byte	0x1
 988 01ef 75       		.byte	0x75
 989 01f0 7A000000 		.4byte	0x7a
 990 01f4 02       		.byte	0x2
 991 01f5 91       		.byte	0x91
 992 01f6 77       		.sleb128 -9
 993 01f7 00       		.byte	0x0
 994 01f8 0A       		.uleb128 0xa
 995 01f9 01       		.byte	0x1
 996 01fa 38000000 		.4byte	.LASF29
 997 01fe 01       		.byte	0x1
 998 01ff 8E       		.byte	0x8e
 999 0200 01       		.byte	0x1
 1000 0201 9D000000 		.4byte	0x9d
 1001 0205 00000000 		.4byte	.LFB39
 1002 0209 5E000000 		.4byte	.LFE39
 1003 020d DE010000 		.4byte	.LLST10
 1004 0211 32020000 		.4byte	0x232
 1005 0215 08       		.uleb128 0x8
 1006 0216 48020000 		.4byte	.LASF30
 1007 021a 01       		.byte	0x1
 1008 021b 8E       		.byte	0x8e
 1009 021c 32020000 		.4byte	0x232
 1010 0220 02       		.byte	0x2
 1011 0221 91       		.byte	0x91
 1012 0222 74       		.sleb128 -12
 1013 0223 08       		.uleb128 0x8
 1014 0224 B8010000 		.4byte	.LASF31
 1015 0228 01       		.byte	0x1
 1016 0229 8E       		.byte	0x8e
 1017 022a 7A000000 		.4byte	0x7a
 1018 022e 02       		.byte	0x2
 1019 022f 91       		.byte	0x91
 1020 0230 73       		.sleb128 -13
 1021 0231 00       		.byte	0x0
 1022 0232 0E       		.uleb128 0xe
 1023 0233 04       		.byte	0x4
 1024 0234 38020000 		.4byte	0x238
 1025 0238 0F       		.uleb128 0xf
 1026 0239 7A000000 		.4byte	0x7a
 1027 023d 0B       		.uleb128 0xb
 1028 023e 14020000 		.4byte	.LASF32
 1029 0242 01       		.byte	0x1
 1030 0243 0F       		.byte	0xf
 1031 0244 9D000000 		.4byte	0x9d
 1032 0248 05       		.byte	0x5
 1033 0249 03       		.byte	0x3
 1034 024a 00000000 		.4byte	HalStatus
 1035 024e 0B       		.uleb128 0xb
 1036 024f 8A010000 		.4byte	.LASF33
 1037 0253 01       		.byte	0x1
 1038 0254 10       		.byte	0x10
 1039 0255 A8000000 		.4byte	0xa8
 1040 0259 05       		.byte	0x5
ARM GAS  C:\Users\Martin\AppData\Local\Temp\cc4Txfyd.s 			page 22


 1041 025a 03       		.byte	0x3
 1042 025b 00000000 		.4byte	HalIsBusIdle
 1043 025f 0B       		.uleb128 0xb
 1044 0260 DC010000 		.4byte	.LASF34
 1045 0264 01       		.byte	0x1
 1046 0265 11       		.byte	0x11
 1047 0266 7A000000 		.4byte	0x7a
 1048 026a 05       		.byte	0x5
 1049 026b 03       		.byte	0x3
 1050 026c 01000000 		.4byte	RxCount
 1051 0270 0B       		.uleb128 0xb
 1052 0271 40020000 		.4byte	.LASF35
 1053 0275 01       		.byte	0x1
 1054 0276 12       		.byte	0x12
 1055 0277 7A000000 		.4byte	0x7a
 1056 027b 05       		.byte	0x5
 1057 027c 03       		.byte	0x3
 1058 027d 02000000 		.4byte	TxCount
 1059 0281 10       		.uleb128 0x10
 1060 0282 DD000000 		.4byte	.LASF39
 1061 0286 05       		.byte	0x5
 1062 0287 CE06     		.2byte	0x6ce
 1063 0289 8F020000 		.4byte	0x28f
 1064 028d 01       		.byte	0x1
 1065 028e 01       		.byte	0x1
 1066 028f 11       		.uleb128 0x11
 1067 0290 6C000000 		.4byte	0x6c
 1068 0294 00       		.byte	0x0
 1069              		.section	.debug_abbrev
 1070 0000 01       		.uleb128 0x1
 1071 0001 11       		.uleb128 0x11
 1072 0002 01       		.byte	0x1
 1073 0003 25       		.uleb128 0x25
 1074 0004 0E       		.uleb128 0xe
 1075 0005 13       		.uleb128 0x13
 1076 0006 0B       		.uleb128 0xb
 1077 0007 03       		.uleb128 0x3
 1078 0008 0E       		.uleb128 0xe
 1079 0009 1B       		.uleb128 0x1b
 1080 000a 0E       		.uleb128 0xe
 1081 000b 11       		.uleb128 0x11
 1082 000c 01       		.uleb128 0x1
 1083 000d 52       		.uleb128 0x52
 1084 000e 01       		.uleb128 0x1
 1085 000f 55       		.uleb128 0x55
 1086 0010 06       		.uleb128 0x6
 1087 0011 10       		.uleb128 0x10
 1088 0012 06       		.uleb128 0x6
 1089 0013 00       		.byte	0x0
 1090 0014 00       		.byte	0x0
 1091 0015 02       		.uleb128 0x2
 1092 0016 24       		.uleb128 0x24
 1093 0017 00       		.byte	0x0
 1094 0018 0B       		.uleb128 0xb
 1095 0019 0B       		.uleb128 0xb
 1096 001a 3E       		.uleb128 0x3e
 1097 001b 0B       		.uleb128 0xb
ARM GAS  C:\Users\Martin\AppData\Local\Temp\cc4Txfyd.s 			page 23


 1098 001c 03       		.uleb128 0x3
 1099 001d 0E       		.uleb128 0xe
 1100 001e 00       		.byte	0x0
 1101 001f 00       		.byte	0x0
 1102 0020 03       		.uleb128 0x3
 1103 0021 16       		.uleb128 0x16
 1104 0022 00       		.byte	0x0
 1105 0023 03       		.uleb128 0x3
 1106 0024 0E       		.uleb128 0xe
 1107 0025 3A       		.uleb128 0x3a
 1108 0026 0B       		.uleb128 0xb
 1109 0027 3B       		.uleb128 0x3b
 1110 0028 0B       		.uleb128 0xb
 1111 0029 49       		.uleb128 0x49
 1112 002a 13       		.uleb128 0x13
 1113 002b 00       		.byte	0x0
 1114 002c 00       		.byte	0x0
 1115 002d 04       		.uleb128 0x4
 1116 002e 24       		.uleb128 0x24
 1117 002f 00       		.byte	0x0
 1118 0030 0B       		.uleb128 0xb
 1119 0031 0B       		.uleb128 0xb
 1120 0032 3E       		.uleb128 0x3e
 1121 0033 0B       		.uleb128 0xb
 1122 0034 03       		.uleb128 0x3
 1123 0035 08       		.uleb128 0x8
 1124 0036 00       		.byte	0x0
 1125 0037 00       		.byte	0x0
 1126 0038 05       		.uleb128 0x5
 1127 0039 24       		.uleb128 0x24
 1128 003a 00       		.byte	0x0
 1129 003b 0B       		.uleb128 0xb
 1130 003c 0B       		.uleb128 0xb
 1131 003d 3E       		.uleb128 0x3e
 1132 003e 0B       		.uleb128 0xb
 1133 003f 00       		.byte	0x0
 1134 0040 00       		.byte	0x0
 1135 0041 06       		.uleb128 0x6
 1136 0042 2E       		.uleb128 0x2e
 1137 0043 00       		.byte	0x0
 1138 0044 3F       		.uleb128 0x3f
 1139 0045 0C       		.uleb128 0xc
 1140 0046 03       		.uleb128 0x3
 1141 0047 0E       		.uleb128 0xe
 1142 0048 3A       		.uleb128 0x3a
 1143 0049 0B       		.uleb128 0xb
 1144 004a 3B       		.uleb128 0x3b
 1145 004b 0B       		.uleb128 0xb
 1146 004c 27       		.uleb128 0x27
 1147 004d 0C       		.uleb128 0xc
 1148 004e 49       		.uleb128 0x49
 1149 004f 13       		.uleb128 0x13
 1150 0050 11       		.uleb128 0x11
 1151 0051 01       		.uleb128 0x1
 1152 0052 12       		.uleb128 0x12
 1153 0053 01       		.uleb128 0x1
 1154 0054 40       		.uleb128 0x40
ARM GAS  C:\Users\Martin\AppData\Local\Temp\cc4Txfyd.s 			page 24


 1155 0055 06       		.uleb128 0x6
 1156 0056 00       		.byte	0x0
 1157 0057 00       		.byte	0x0
 1158 0058 07       		.uleb128 0x7
 1159 0059 2E       		.uleb128 0x2e
 1160 005a 01       		.byte	0x1
 1161 005b 3F       		.uleb128 0x3f
 1162 005c 0C       		.uleb128 0xc
 1163 005d 03       		.uleb128 0x3
 1164 005e 0E       		.uleb128 0xe
 1165 005f 3A       		.uleb128 0x3a
 1166 0060 0B       		.uleb128 0xb
 1167 0061 3B       		.uleb128 0x3b
 1168 0062 0B       		.uleb128 0xb
 1169 0063 27       		.uleb128 0x27
 1170 0064 0C       		.uleb128 0xc
 1171 0065 11       		.uleb128 0x11
 1172 0066 01       		.uleb128 0x1
 1173 0067 12       		.uleb128 0x12
 1174 0068 01       		.uleb128 0x1
 1175 0069 40       		.uleb128 0x40
 1176 006a 06       		.uleb128 0x6
 1177 006b 01       		.uleb128 0x1
 1178 006c 13       		.uleb128 0x13
 1179 006d 00       		.byte	0x0
 1180 006e 00       		.byte	0x0
 1181 006f 08       		.uleb128 0x8
 1182 0070 05       		.uleb128 0x5
 1183 0071 00       		.byte	0x0
 1184 0072 03       		.uleb128 0x3
 1185 0073 0E       		.uleb128 0xe
 1186 0074 3A       		.uleb128 0x3a
 1187 0075 0B       		.uleb128 0xb
 1188 0076 3B       		.uleb128 0x3b
 1189 0077 0B       		.uleb128 0xb
 1190 0078 49       		.uleb128 0x49
 1191 0079 13       		.uleb128 0x13
 1192 007a 02       		.uleb128 0x2
 1193 007b 0A       		.uleb128 0xa
 1194 007c 00       		.byte	0x0
 1195 007d 00       		.byte	0x0
 1196 007e 09       		.uleb128 0x9
 1197 007f 2E       		.uleb128 0x2e
 1198 0080 00       		.byte	0x0
 1199 0081 3F       		.uleb128 0x3f
 1200 0082 0C       		.uleb128 0xc
 1201 0083 03       		.uleb128 0x3
 1202 0084 0E       		.uleb128 0xe
 1203 0085 3A       		.uleb128 0x3a
 1204 0086 0B       		.uleb128 0xb
 1205 0087 3B       		.uleb128 0x3b
 1206 0088 0B       		.uleb128 0xb
 1207 0089 27       		.uleb128 0x27
 1208 008a 0C       		.uleb128 0xc
 1209 008b 11       		.uleb128 0x11
 1210 008c 01       		.uleb128 0x1
 1211 008d 12       		.uleb128 0x12
ARM GAS  C:\Users\Martin\AppData\Local\Temp\cc4Txfyd.s 			page 25


 1212 008e 01       		.uleb128 0x1
 1213 008f 40       		.uleb128 0x40
 1214 0090 06       		.uleb128 0x6
 1215 0091 00       		.byte	0x0
 1216 0092 00       		.byte	0x0
 1217 0093 0A       		.uleb128 0xa
 1218 0094 2E       		.uleb128 0x2e
 1219 0095 01       		.byte	0x1
 1220 0096 3F       		.uleb128 0x3f
 1221 0097 0C       		.uleb128 0xc
 1222 0098 03       		.uleb128 0x3
 1223 0099 0E       		.uleb128 0xe
 1224 009a 3A       		.uleb128 0x3a
 1225 009b 0B       		.uleb128 0xb
 1226 009c 3B       		.uleb128 0x3b
 1227 009d 0B       		.uleb128 0xb
 1228 009e 27       		.uleb128 0x27
 1229 009f 0C       		.uleb128 0xc
 1230 00a0 49       		.uleb128 0x49
 1231 00a1 13       		.uleb128 0x13
 1232 00a2 11       		.uleb128 0x11
 1233 00a3 01       		.uleb128 0x1
 1234 00a4 12       		.uleb128 0x12
 1235 00a5 01       		.uleb128 0x1
 1236 00a6 40       		.uleb128 0x40
 1237 00a7 06       		.uleb128 0x6
 1238 00a8 01       		.uleb128 0x1
 1239 00a9 13       		.uleb128 0x13
 1240 00aa 00       		.byte	0x0
 1241 00ab 00       		.byte	0x0
 1242 00ac 0B       		.uleb128 0xb
 1243 00ad 34       		.uleb128 0x34
 1244 00ae 00       		.byte	0x0
 1245 00af 03       		.uleb128 0x3
 1246 00b0 0E       		.uleb128 0xe
 1247 00b1 3A       		.uleb128 0x3a
 1248 00b2 0B       		.uleb128 0xb
 1249 00b3 3B       		.uleb128 0x3b
 1250 00b4 0B       		.uleb128 0xb
 1251 00b5 49       		.uleb128 0x49
 1252 00b6 13       		.uleb128 0x13
 1253 00b7 02       		.uleb128 0x2
 1254 00b8 0A       		.uleb128 0xa
 1255 00b9 00       		.byte	0x0
 1256 00ba 00       		.byte	0x0
 1257 00bb 0C       		.uleb128 0xc
 1258 00bc 2E       		.uleb128 0x2e
 1259 00bd 00       		.byte	0x0
 1260 00be 3F       		.uleb128 0x3f
 1261 00bf 0C       		.uleb128 0xc
 1262 00c0 03       		.uleb128 0x3
 1263 00c1 0E       		.uleb128 0xe
 1264 00c2 3A       		.uleb128 0x3a
 1265 00c3 0B       		.uleb128 0xb
 1266 00c4 3B       		.uleb128 0x3b
 1267 00c5 0B       		.uleb128 0xb
 1268 00c6 49       		.uleb128 0x49
ARM GAS  C:\Users\Martin\AppData\Local\Temp\cc4Txfyd.s 			page 26


 1269 00c7 13       		.uleb128 0x13
 1270 00c8 11       		.uleb128 0x11
 1271 00c9 01       		.uleb128 0x1
 1272 00ca 12       		.uleb128 0x12
 1273 00cb 01       		.uleb128 0x1
 1274 00cc 40       		.uleb128 0x40
 1275 00cd 06       		.uleb128 0x6
 1276 00ce 00       		.byte	0x0
 1277 00cf 00       		.byte	0x0
 1278 00d0 0D       		.uleb128 0xd
 1279 00d1 2E       		.uleb128 0x2e
 1280 00d2 01       		.byte	0x1
 1281 00d3 3F       		.uleb128 0x3f
 1282 00d4 0C       		.uleb128 0xc
 1283 00d5 03       		.uleb128 0x3
 1284 00d6 0E       		.uleb128 0xe
 1285 00d7 3A       		.uleb128 0x3a
 1286 00d8 0B       		.uleb128 0xb
 1287 00d9 3B       		.uleb128 0x3b
 1288 00da 0B       		.uleb128 0xb
 1289 00db 49       		.uleb128 0x49
 1290 00dc 13       		.uleb128 0x13
 1291 00dd 11       		.uleb128 0x11
 1292 00de 01       		.uleb128 0x1
 1293 00df 12       		.uleb128 0x12
 1294 00e0 01       		.uleb128 0x1
 1295 00e1 40       		.uleb128 0x40
 1296 00e2 06       		.uleb128 0x6
 1297 00e3 01       		.uleb128 0x1
 1298 00e4 13       		.uleb128 0x13
 1299 00e5 00       		.byte	0x0
 1300 00e6 00       		.byte	0x0
 1301 00e7 0E       		.uleb128 0xe
 1302 00e8 0F       		.uleb128 0xf
 1303 00e9 00       		.byte	0x0
 1304 00ea 0B       		.uleb128 0xb
 1305 00eb 0B       		.uleb128 0xb
 1306 00ec 49       		.uleb128 0x49
 1307 00ed 13       		.uleb128 0x13
 1308 00ee 00       		.byte	0x0
 1309 00ef 00       		.byte	0x0
 1310 00f0 0F       		.uleb128 0xf
 1311 00f1 26       		.uleb128 0x26
 1312 00f2 00       		.byte	0x0
 1313 00f3 49       		.uleb128 0x49
 1314 00f4 13       		.uleb128 0x13
 1315 00f5 00       		.byte	0x0
 1316 00f6 00       		.byte	0x0
 1317 00f7 10       		.uleb128 0x10
 1318 00f8 34       		.uleb128 0x34
 1319 00f9 00       		.byte	0x0
 1320 00fa 03       		.uleb128 0x3
 1321 00fb 0E       		.uleb128 0xe
 1322 00fc 3A       		.uleb128 0x3a
 1323 00fd 0B       		.uleb128 0xb
 1324 00fe 3B       		.uleb128 0x3b
 1325 00ff 05       		.uleb128 0x5
ARM GAS  C:\Users\Martin\AppData\Local\Temp\cc4Txfyd.s 			page 27


 1326 0100 49       		.uleb128 0x49
 1327 0101 13       		.uleb128 0x13
 1328 0102 3F       		.uleb128 0x3f
 1329 0103 0C       		.uleb128 0xc
 1330 0104 3C       		.uleb128 0x3c
 1331 0105 0C       		.uleb128 0xc
 1332 0106 00       		.byte	0x0
 1333 0107 00       		.byte	0x0
 1334 0108 11       		.uleb128 0x11
 1335 0109 35       		.uleb128 0x35
 1336 010a 00       		.byte	0x0
 1337 010b 49       		.uleb128 0x49
 1338 010c 13       		.uleb128 0x13
 1339 010d 00       		.byte	0x0
 1340 010e 00       		.byte	0x0
 1341 010f 00       		.byte	0x0
 1342              		.section	.debug_pubnames,"",%progbits
 1343 0000 EB000000 		.4byte	0xeb
 1344 0004 0200     		.2byte	0x2
 1345 0006 00000000 		.4byte	.Ldebug_info0
 1346 000a 95020000 		.4byte	0x295
 1347 000e B3000000 		.4byte	0xb3
 1348 0012 48414C5F 		.ascii	"HAL_GetUartStatus\000"
 1348      47657455 
 1348      61727453 
 1348      74617475 
 1348      7300
 1349 0024 CC000000 		.4byte	0xcc
 1350 0028 48414C5F 		.ascii	"HAL_GetHalStatus\000"
 1350      47657448 
 1350      616C5374 
 1350      61747573 
 1350      00
 1351 0039 E5000000 		.4byte	0xe5
 1352 003d 48414C5F 		.ascii	"HAL_SetHalStatus\000"
 1352      53657448 
 1352      616C5374 
 1352      61747573 
 1352      00
 1353 004e 0D010000 		.4byte	0x10d
 1354 0052 6973725F 		.ascii	"isr_rx_routine\000"
 1354      72785F72 
 1354      6F757469 
 1354      6E6500
 1355 0061 22010000 		.4byte	0x122
 1356 0065 6973725F 		.ascii	"isr_tx_routine\000"
 1356      74785F72 
 1356      6F757469 
 1356      6E6500
 1357 0074 37010000 		.4byte	0x137
 1358 0078 48414C5F 		.ascii	"HAL_Init\000"
 1358      496E6974 
 1358      00
 1359 0081 71010000 		.4byte	0x171
 1360 0085 48414C5F 		.ascii	"HAL_GetRxIsrCount\000"
 1360      47657452 
 1360      78497372 
ARM GAS  C:\Users\Martin\AppData\Local\Temp\cc4Txfyd.s 			page 28


 1360      436F756E 
 1360      7400
 1361 0097 89010000 		.4byte	0x189
 1362 009b 48414C5F 		.ascii	"HAL_GetRxBufferCount\000"
 1362      47657452 
 1362      78427566 
 1362      66657243 
 1362      6F756E74 
 1363 00b0 A1010000 		.4byte	0x1a1
 1364 00b4 48414C5F 		.ascii	"HAL_GetByte\000"
 1364      47657442 
 1364      79746500 
 1365 00c0 CC010000 		.4byte	0x1cc
 1366 00c4 48414C5F 		.ascii	"HAL_TransmitByte\000"
 1366      5472616E 
 1366      736D6974 
 1366      42797465 
 1366      00
 1367 00d5 F8010000 		.4byte	0x1f8
 1368 00d9 48414C5F 		.ascii	"HAL_TransmitArray\000"
 1368      5472616E 
 1368      736D6974 
 1368      41727261 
 1368      7900
 1369 00eb 00000000 		.4byte	0x0
 1370              		.section	.debug_aranges,"",%progbits
 1371 0000 6C000000 		.4byte	0x6c
 1372 0004 0200     		.2byte	0x2
 1373 0006 00000000 		.4byte	.Ldebug_info0
 1374 000a 04       		.byte	0x4
 1375 000b 00       		.byte	0x0
 1376 000c 0000     		.2byte	0x0
 1377 000e 0000     		.2byte	0x0
 1378 0010 00000000 		.4byte	.LFB29
 1379 0014 0E000000 		.4byte	.LFE29-.LFB29
 1380 0018 00000000 		.4byte	.LFB30
 1381 001c 16000000 		.4byte	.LFE30-.LFB30
 1382 0020 00000000 		.4byte	.LFB31
 1383 0024 20000000 		.4byte	.LFE31-.LFB31
 1384 0028 00000000 		.4byte	.LFB32
 1385 002c 24000000 		.4byte	.LFE32-.LFB32
 1386 0030 00000000 		.4byte	.LFB33
 1387 0034 26000000 		.4byte	.LFE33-.LFB33
 1388 0038 00000000 		.4byte	.LFB34
 1389 003c 96000000 		.4byte	.LFE34-.LFB34
 1390 0040 00000000 		.4byte	.LFB35
 1391 0044 16000000 		.4byte	.LFE35-.LFB35
 1392 0048 00000000 		.4byte	.LFB36
 1393 004c 0E000000 		.4byte	.LFE36-.LFB36
 1394 0050 00000000 		.4byte	.LFB37
 1395 0054 34000000 		.4byte	.LFE37-.LFB37
 1396 0058 00000000 		.4byte	.LFB38
 1397 005c 78000000 		.4byte	.LFE38-.LFB38
 1398 0060 00000000 		.4byte	.LFB39
 1399 0064 5E000000 		.4byte	.LFE39-.LFB39
 1400 0068 00000000 		.4byte	0x0
 1401 006c 00000000 		.4byte	0x0
ARM GAS  C:\Users\Martin\AppData\Local\Temp\cc4Txfyd.s 			page 29


 1402              		.section	.debug_ranges,"",%progbits
 1403              	.Ldebug_ranges0:
 1404 0000 00000000 		.4byte	.Ltext0
 1405 0004 00000000 		.4byte	.Letext0
 1406 0008 00000000 		.4byte	.LFB29
 1407 000c 0E000000 		.4byte	.LFE29
 1408 0010 00000000 		.4byte	.LFB30
 1409 0014 16000000 		.4byte	.LFE30
 1410 0018 00000000 		.4byte	.LFB31
 1411 001c 20000000 		.4byte	.LFE31
 1412 0020 00000000 		.4byte	.LFB32
 1413 0024 24000000 		.4byte	.LFE32
 1414 0028 00000000 		.4byte	.LFB33
 1415 002c 26000000 		.4byte	.LFE33
 1416 0030 00000000 		.4byte	.LFB34
 1417 0034 96000000 		.4byte	.LFE34
 1418 0038 00000000 		.4byte	.LFB35
 1419 003c 16000000 		.4byte	.LFE35
 1420 0040 00000000 		.4byte	.LFB36
 1421 0044 0E000000 		.4byte	.LFE36
 1422 0048 00000000 		.4byte	.LFB37
 1423 004c 34000000 		.4byte	.LFE37
 1424 0050 00000000 		.4byte	.LFB38
 1425 0054 78000000 		.4byte	.LFE38
 1426 0058 00000000 		.4byte	.LFB39
 1427 005c 5E000000 		.4byte	.LFE39
 1428 0060 00000000 		.4byte	0x0
 1429 0064 00000000 		.4byte	0x0
 1430              		.section	.debug_str,"MS",%progbits,1
 1431              	.LASF6:
 1432 0000 6C6F6E67 		.ascii	"long long int\000"
 1432      206C6F6E 
 1432      6720696E 
 1432      7400
 1433              	.LASF25:
 1434 000e 48414C5F 		.ascii	"HAL_GetByte\000"
 1434      47657442 
 1434      79746500 
 1435              	.LASF26:
 1436 001a 76616C75 		.ascii	"value\000"
 1436      6500
 1437              	.LASF20:
 1438 0020 69647831 		.ascii	"idx1\000"
 1438      00
 1439              	.LASF21:
 1440 0025 69647832 		.ascii	"idx2\000"
 1440      00
 1441              	.LASF15:
 1442 002a 424F4F4C 		.ascii	"BOOL\000"
 1442      00
 1443              	.LASF4:
 1444 002f 6C6F6E67 		.ascii	"long int\000"
 1444      20696E74 
 1444      00
 1445              	.LASF29:
 1446 0038 48414C5F 		.ascii	"HAL_TransmitArray\000"
 1446      5472616E 
ARM GAS  C:\Users\Martin\AppData\Local\Temp\cc4Txfyd.s 			page 30


 1446      736D6974 
 1446      41727261 
 1446      7900
 1447              	.LASF11:
 1448 004a 666C6F61 		.ascii	"float\000"
 1448      7400
 1449              	.LASF37:
 1450 0050 2E2E5C2E 		.ascii	"..\\..\\..\\Drive_Platform\\DrivePlatform.cydsn\\ha"
 1450      2E5C2E2E 
 1450      5C447269 
 1450      76655F50 
 1450      6C617466 
 1451 007e 6C2E6300 		.ascii	"l.c\000"
 1452              	.LASF14:
 1453 0082 53544154 		.ascii	"STATUS\000"
 1453      555300
 1454              	.LASF1:
 1455 0089 756E7369 		.ascii	"unsigned char\000"
 1455      676E6564 
 1455      20636861 
 1455      7200
 1456              	.LASF5:
 1457 0097 6C6F6E67 		.ascii	"long unsigned int\000"
 1457      20756E73 
 1457      69676E65 
 1457      6420696E 
 1457      7400
 1458              	.LASF22:
 1459 00a9 48414C5F 		.ascii	"HAL_GetRxIsrCount\000"
 1459      47657452 
 1459      78497372 
 1459      436F756E 
 1459      7400
 1460              	.LASF3:
 1461 00bb 73686F72 		.ascii	"short unsigned int\000"
 1461      7420756E 
 1461      7369676E 
 1461      65642069 
 1461      6E7400
 1462              	.LASF19:
 1463 00ce 6973725F 		.ascii	"isr_tx_routine\000"
 1463      74785F72 
 1463      6F757469 
 1463      6E6500
 1464              	.LASF39:
 1465 00dd 49544D5F 		.ascii	"ITM_RxBuffer\000"
 1465      52784275 
 1465      66666572 
 1465      00
 1466              	.LASF12:
 1467 00ea 646F7562 		.ascii	"double\000"
 1467      6C6500
 1468              	.LASF38:
 1469 00f1 583A5C47 		.ascii	"X:\\GitHub_roboticscode\\roboticscode\\psoc\\psoc_c"
 1469      69744875 
 1469      625F726F 
 1469      626F7469 
ARM GAS  C:\Users\Martin\AppData\Local\Temp\cc4Txfyd.s 			page 31


 1469      6373636F 
 1470 0120 72656174 		.ascii	"reator_2.2\\DrivePlatform2\\DrivePlatform2\\DrivePl"
 1470      6F725F32 
 1470      2E325C44 
 1470      72697665 
 1470      506C6174 
 1471 0150 6174666F 		.ascii	"atform2.cydsn\000"
 1471      726D322E 
 1471      63796473 
 1471      6E00
 1472              	.LASF8:
 1473 015e 756E7369 		.ascii	"unsigned int\000"
 1473      676E6564 
 1473      20696E74 
 1473      00
 1474              	.LASF7:
 1475 016b 6C6F6E67 		.ascii	"long long unsigned int\000"
 1475      206C6F6E 
 1475      6720756E 
 1475      7369676E 
 1475      65642069 
 1476              	.LASF9:
 1477 0182 75696E74 		.ascii	"uint8_t\000"
 1477      385F7400 
 1478              	.LASF33:
 1479 018a 48616C49 		.ascii	"HalIsBusIdle\000"
 1479      73427573 
 1479      49646C65 
 1479      00
 1480              	.LASF23:
 1481 0197 48414C5F 		.ascii	"HAL_GetRxBufferCount\000"
 1481      47657452 
 1481      78427566 
 1481      66657243 
 1481      6F756E74 
 1482              	.LASF0:
 1483 01ac 7369676E 		.ascii	"signed char\000"
 1483      65642063 
 1483      68617200 
 1484              	.LASF31:
 1485 01b8 6E756D42 		.ascii	"numBytes\000"
 1485      79746573 
 1485      00
 1486              	.LASF18:
 1487 01c1 6973725F 		.ascii	"isr_rx_routine\000"
 1487      72785F72 
 1487      6F757469 
 1487      6E6500
 1488              	.LASF36:
 1489 01d0 474E5520 		.ascii	"GNU C 4.4.1\000"
 1489      4320342E 
 1489      342E3100 
 1490              	.LASF34:
 1491 01dc 5278436F 		.ascii	"RxCount\000"
 1491      756E7400 
 1492              	.LASF13:
 1493 01e4 63686172 		.ascii	"char\000"
ARM GAS  C:\Users\Martin\AppData\Local\Temp\cc4Txfyd.s 			page 32


 1493      00
 1494              	.LASF16:
 1495 01e9 48414C5F 		.ascii	"HAL_GetUartStatus\000"
 1495      47657455 
 1495      61727453 
 1495      74617475 
 1495      7300
 1496              	.LASF2:
 1497 01fb 73686F72 		.ascii	"short int\000"
 1497      7420696E 
 1497      7400
 1498              	.LASF10:
 1499 0205 75696E74 		.ascii	"uint8\000"
 1499      3800
 1500              	.LASF27:
 1501 020b 48414C5F 		.ascii	"HAL_Init\000"
 1501      496E6974 
 1501      00
 1502              	.LASF32:
 1503 0214 48616C53 		.ascii	"HalStatus\000"
 1503      74617475 
 1503      7300
 1504              	.LASF17:
 1505 021e 48414C5F 		.ascii	"HAL_GetHalStatus\000"
 1505      47657448 
 1505      616C5374 
 1505      61747573 
 1505      00
 1506              	.LASF28:
 1507 022f 48414C5F 		.ascii	"HAL_TransmitByte\000"
 1507      5472616E 
 1507      736D6974 
 1507      42797465 
 1507      00
 1508              	.LASF35:
 1509 0240 5478436F 		.ascii	"TxCount\000"
 1509      756E7400 
 1510              	.LASF30:
 1511 0248 736F7572 		.ascii	"source\000"
 1511      636500
 1512              	.LASF24:
 1513 024f 48414C5F 		.ascii	"HAL_SetHalStatus\000"
 1513      53657448 
 1513      616C5374 
 1513      61747573 
 1513      00
 1514              		.ident	"GCC: (Sourcery G++ Lite 2010q1-188) 4.4.1"
