ARM GAS  C:\Users\Martin\AppData\Local\Temp\cc5MMMyG.s 			page 1


   1              		.syntax unified
   2              		.cpu cortex-m3
   3              		.fpu softvfp
   4              		.eabi_attribute 20, 1
   5              		.eabi_attribute 21, 1
   6              		.eabi_attribute 23, 3
   7              		.eabi_attribute 24, 1
   8              		.eabi_attribute 25, 1
   9              		.eabi_attribute 26, 1
  10              		.eabi_attribute 30, 6
  11              		.eabi_attribute 18, 4
  12              		.thumb
  13              		.file	"scheduler.c"
  14              		.section	.debug_abbrev,"",%progbits
  15              	.Ldebug_abbrev0:
  16              		.section	.debug_info,"",%progbits
  17              	.Ldebug_info0:
  18              		.section	.debug_line,"",%progbits
  19              	.Ldebug_line0:
  20 0000 04020000 		.text
  20      02006F01 
  20      00000201 
  20      FB0E0D00 
  20      01010101 
  21              	.Ltext0:
  22              		.cfi_sections	.debug_frame
  23              		.bss
  24              		.align	2
  25              	SCH_TaskIndex:
  26 0000 00000000 		.space	4
  27              		.data
  28              		.align	2
  29              		.type	SCH_Task, %object
  30              		.size	SCH_Task, 196
  31              	SCH_Task:
  32 0000 45525200 		.ascii	"ERR\000"
  33 0004 00000000 		.space	4
  34 0008 02       		.byte	2
  35 0009 00       		.byte	0
  36 000a 0000     		.space	2
  37 000c 00000000 		.word	ERR_Init
  38 0010 00000000 		.word	ERR_HandleTask
  39 0014 00       		.byte	0
  40 0015 00000000 		.space	7
  40      000000
  41 001c 52424600 		.ascii	"RBF\000"
  42 0020 00000000 		.space	4
  43 0024 02       		.byte	2
  44 0025 01       		.byte	1
  45 0026 0000     		.space	2
  46 0028 00000000 		.word	RBF_ucInit
  47 002c 00000000 		.word	0
  48 0030 00       		.byte	0
  49 0031 00000000 		.space	7
  49      000000
  50 0038 48414C00 		.ascii	"HAL\000"
  51 003c 00000000 		.space	4
ARM GAS  C:\Users\Martin\AppData\Local\Temp\cc5MMMyG.s 			page 2


  52 0040 02       		.byte	2
  53 0041 01       		.byte	1
  54 0042 0000     		.space	2
  55 0044 00000000 		.word	HAL_Init
  56 0048 00000000 		.word	0
  57 004c 00       		.byte	0
  58 004d 00000000 		.space	7
  58      000000
  59 0054 544D5200 		.ascii	"TMR\000"
  60 0058 00000000 		.space	4
  61 005c 02       		.byte	2
  62 005d 01       		.byte	1
  63 005e 0000     		.space	2
  64 0060 00000000 		.word	TMR_Init
  65 0064 00000000 		.word	TMR_HandleTask
  66 0068 00       		.byte	0
  67 0069 00000000 		.space	7
  67      000000
  68 0070 42504C00 		.ascii	"BPL\000"
  69 0074 00000000 		.space	4
  70 0078 02       		.byte	2
  71 0079 02       		.byte	2
  72 007a 0000     		.space	2
  73 007c 00000000 		.word	BPL_Init
  74 0080 00000000 		.word	BPL_HandleTask
  75 0084 48414C00 		.ascii	"HAL\000"
  76 0088 00000000 		.space	4
  77 008c 42414C00 		.ascii	"BAL\000"
  78 0090 00000000 		.space	4
  79 0094 02       		.byte	2
  80 0095 02       		.byte	2
  81 0096 0000     		.space	2
  82 0098 00000000 		.word	BAL_Init
  83 009c 00000000 		.word	BAL_HandleTask
  84 00a0 42504C00 		.ascii	"BPL\000"
  85 00a4 00000000 		.space	4
  86 00a8 54535400 		.ascii	"TST\000"
  87 00ac 00000000 		.space	4
  88 00b0 02       		.byte	2
  89 00b1 02       		.byte	2
  90 00b2 0000     		.space	2
  91 00b4 00000000 		.word	TST_Init
  92 00b8 00000000 		.word	TST_HandleTask
  93 00bc 544D5200 		.ascii	"TMR\000"
  94 00c0 00000000 		.space	4
  95              		.section	.text.SCH_GetTaskIndex,"ax",%progbits
  96              		.align	2
  97              		.thumb
  98              		.thumb_func
  99              		.type	SCH_GetTaskIndex, %function
 100              	SCH_GetTaskIndex:
 101              	.LFB29:
 102              		.file 1 "..\\..\\..\\Drive_Platform\\DrivePlatform.cydsn\\scheduler.c"
   1:..\..\..\Drive_Platform\DrivePlatform.cydsn/scheduler.c **** /* Copyright (C) <2014> <Martin Schalk>
   2:..\..\..\Drive_Platform\DrivePlatform.cydsn/scheduler.c ****  * All rights reserved.
   3:..\..\..\Drive_Platform\DrivePlatform.cydsn/scheduler.c ****  *
   4:..\..\..\Drive_Platform\DrivePlatform.cydsn/scheduler.c ****  * This software may be modified and distributed under the terms
ARM GAS  C:\Users\Martin\AppData\Local\Temp\cc5MMMyG.s 			page 3


   5:..\..\..\Drive_Platform\DrivePlatform.cydsn/scheduler.c ****  * of the BSD license.  See the LICENSE file for details.
   6:..\..\..\Drive_Platform\DrivePlatform.cydsn/scheduler.c ****  */
   7:..\..\..\Drive_Platform\DrivePlatform.cydsn/scheduler.c **** 
   8:..\..\..\Drive_Platform\DrivePlatform.cydsn/scheduler.c **** #include <project.h>
   9:..\..\..\Drive_Platform\DrivePlatform.cydsn/scheduler.c **** #include "scheduler.h"
  10:..\..\..\Drive_Platform\DrivePlatform.cydsn/scheduler.c **** 
  11:..\..\..\Drive_Platform\DrivePlatform.cydsn/scheduler.c **** #include "hal.h"
  12:..\..\..\Drive_Platform\DrivePlatform.cydsn/scheduler.c **** #include "tmr.h"
  13:..\..\..\Drive_Platform\DrivePlatform.cydsn/scheduler.c **** #include "bpl.h"
  14:..\..\..\Drive_Platform\DrivePlatform.cydsn/scheduler.c **** #include "bal.h"
  15:..\..\..\Drive_Platform\DrivePlatform.cydsn/scheduler.c **** #include "error.h"
  16:..\..\..\Drive_Platform\DrivePlatform.cydsn/scheduler.c **** #include "ring_buffer.h"
  17:..\..\..\Drive_Platform\DrivePlatform.cydsn/scheduler.c **** #include "test.h"
  18:..\..\..\Drive_Platform\DrivePlatform.cydsn/scheduler.c **** 
  19:..\..\..\Drive_Platform\DrivePlatform.cydsn/scheduler.c **** static int          SCH_TaskIndex = 0;
  20:..\..\..\Drive_Platform\DrivePlatform.cydsn/scheduler.c **** static SCH_TASK 	SCH_Task[] =
  21:..\..\..\Drive_Platform\DrivePlatform.cydsn/scheduler.c **** {
  22:..\..\..\Drive_Platform\DrivePlatform.cydsn/scheduler.c **** /*   NAME   STATUS          PRIO    INIT        HANDLER             DEPENDENCY */
  23:..\..\..\Drive_Platform\DrivePlatform.cydsn/scheduler.c **** /*   ------------------------------------------------------------------------- */
  24:..\..\..\Drive_Platform\DrivePlatform.cydsn/scheduler.c **** #ifdef ERROR_MODULE_ENABLE
  25:..\..\..\Drive_Platform\DrivePlatform.cydsn/scheduler.c ****     {"ERR", SCH_TASK_NEW,   0,      ERR_Init,   ERR_HandleTask,     {DEP_NONE}},
  26:..\..\..\Drive_Platform\DrivePlatform.cydsn/scheduler.c **** #endif
  27:..\..\..\Drive_Platform\DrivePlatform.cydsn/scheduler.c ****     {"RBF", SCH_TASK_NEW,   1,      RBF_ucInit, NULL,               {DEP_NONE}},
  28:..\..\..\Drive_Platform\DrivePlatform.cydsn/scheduler.c ****     {"HAL", SCH_TASK_NEW,   1,      HAL_Init,   NULL,               {DEP_NONE}},
  29:..\..\..\Drive_Platform\DrivePlatform.cydsn/scheduler.c ****     {"TMR", SCH_TASK_NEW,   1,      TMR_Init,   TMR_HandleTask,     {DEP_NONE}},
  30:..\..\..\Drive_Platform\DrivePlatform.cydsn/scheduler.c ****     {"BPL", SCH_TASK_NEW,   2,      BPL_Init,   BPL_HandleTask,     "HAL"},
  31:..\..\..\Drive_Platform\DrivePlatform.cydsn/scheduler.c ****     {"BAL", SCH_TASK_NEW,   2,      BAL_Init,   BAL_HandleTask,     "BPL"},
  32:..\..\..\Drive_Platform\DrivePlatform.cydsn/scheduler.c ****     {"TST", SCH_TASK_NEW,   2,      TST_Init,   TST_HandleTask,     "TMR"},
  33:..\..\..\Drive_Platform\DrivePlatform.cydsn/scheduler.c **** };
  34:..\..\..\Drive_Platform\DrivePlatform.cydsn/scheduler.c **** /* currently only one dependency possible */
  35:..\..\..\Drive_Platform\DrivePlatform.cydsn/scheduler.c **** 
  36:..\..\..\Drive_Platform\DrivePlatform.cydsn/scheduler.c **** 
  37:..\..\..\Drive_Platform\DrivePlatform.cydsn/scheduler.c **** /*****************************************************************/
  38:..\..\..\Drive_Platform\DrivePlatform.cydsn/scheduler.c **** static uchar SCH_GetTaskIndex(uchar* taskName)
  39:..\..\..\Drive_Platform\DrivePlatform.cydsn/scheduler.c **** {
 103              		.loc 1 39 0
 104              		.cfi_startproc
 105              		@ args = 0, pretend = 0, frame = 16
 106              		@ frame_needed = 1, uses_anonymous_args = 0
 107 0000 80B5     		push	{r7, lr}
 108              	.LCFI0:
 109              		.cfi_def_cfa_offset 8
 110 0002 84B0     		sub	sp, sp, #16
 111              	.LCFI1:
 112              		.cfi_def_cfa_offset 24
 113 0004 00AF     		add	r7, sp, #0
 114              		.cfi_offset 14, -4
 115              		.cfi_offset 7, -8
 116              	.LCFI2:
 117              		.cfi_def_cfa_register 7
 118 0006 7860     		str	r0, [r7, #4]
  40:..\..\..\Drive_Platform\DrivePlatform.cydsn/scheduler.c ****     int i;
  41:..\..\..\Drive_Platform\DrivePlatform.cydsn/scheduler.c ****     uchar idx = (uchar)(-1);
 119              		.loc 1 41 0
 120 0008 4FF0FF33 		mov	r3, #-1
 121 000c FB73     		strb	r3, [r7, #15]
  42:..\..\..\Drive_Platform\DrivePlatform.cydsn/scheduler.c ****     
ARM GAS  C:\Users\Martin\AppData\Local\Temp\cc5MMMyG.s 			page 4


  43:..\..\..\Drive_Platform\DrivePlatform.cydsn/scheduler.c ****     for (i=0; i<SIZE_OF_ARRAY(SCH_Task); i++)
 122              		.loc 1 43 0
 123 000e 4FF00003 		mov	r3, #0
 124 0012 BB60     		str	r3, [r7, #8]
 125 0014 1DE0     		b	.L2
 126              	.L4:
  44:..\..\..\Drive_Platform\DrivePlatform.cydsn/scheduler.c ****     {
  45:..\..\..\Drive_Platform\DrivePlatform.cydsn/scheduler.c ****         if (0 == strcmp((char*)SCH_Task[SCH_TaskIndex].name, (char*)taskName))
 127              		.loc 1 45 0
 128 0016 40F20003 		movw	r3, #:lower16:SCH_TaskIndex
 129 001a C0F20003 		movt	r3, #:upper16:SCH_TaskIndex
 130 001e 1A68     		ldr	r2, [r3, #0]
 131 0020 1346     		mov	r3, r2
 132 0022 4FEAC303 		lsl	r3, r3, #3
 133 0026 C2EB0303 		rsb	r3, r2, r3
 134 002a 4FEA8302 		lsl	r2, r3, #2
 135 002e 40F20003 		movw	r3, #:lower16:SCH_Task
 136 0032 C0F20003 		movt	r3, #:upper16:SCH_Task
 137 0036 1344     		add	r3, r2, r3
 138 0038 1846     		mov	r0, r3
 139 003a 7968     		ldr	r1, [r7, #4]
 140 003c FFF7FEFF 		bl	strcmp
 141 0040 0346     		mov	r3, r0
 142 0042 002B     		cmp	r3, #0
 143 0044 01D1     		bne	.L3
  46:..\..\..\Drive_Platform\DrivePlatform.cydsn/scheduler.c ****             idx = i;
 144              		.loc 1 46 0
 145 0046 BB68     		ldr	r3, [r7, #8]
 146 0048 FB73     		strb	r3, [r7, #15]
 147              	.L3:
 148              		.loc 1 43 0
 149 004a BB68     		ldr	r3, [r7, #8]
 150 004c 03F10103 		add	r3, r3, #1
 151 0050 BB60     		str	r3, [r7, #8]
 152              	.L2:
 153 0052 BB68     		ldr	r3, [r7, #8]
 154 0054 062B     		cmp	r3, #6
 155 0056 DED9     		bls	.L4
  47:..\..\..\Drive_Platform\DrivePlatform.cydsn/scheduler.c ****     }
  48:..\..\..\Drive_Platform\DrivePlatform.cydsn/scheduler.c ****     
  49:..\..\..\Drive_Platform\DrivePlatform.cydsn/scheduler.c ****     return idx;
 156              		.loc 1 49 0
 157 0058 FB7B     		ldrb	r3, [r7, #15]	@ zero_extendqisi2
  50:..\..\..\Drive_Platform\DrivePlatform.cydsn/scheduler.c **** }
 158              		.loc 1 50 0
 159 005a 1846     		mov	r0, r3
 160 005c 07F11007 		add	r7, r7, #16
 161 0060 BD46     		mov	sp, r7
 162 0062 80BD     		pop	{r7, pc}
 163              		.cfi_endproc
 164              	.LFE29:
 165              		.size	SCH_GetTaskIndex, .-SCH_GetTaskIndex
 166              		.section	.text.SCH_TaskHandler,"ax",%progbits
 167              		.align	2
 168              		.global	SCH_TaskHandler
 169              		.thumb
 170              		.thumb_func
ARM GAS  C:\Users\Martin\AppData\Local\Temp\cc5MMMyG.s 			page 5


 171              		.type	SCH_TaskHandler, %function
 172              	SCH_TaskHandler:
 173              	.LFB30:
  51:..\..\..\Drive_Platform\DrivePlatform.cydsn/scheduler.c **** 
  52:..\..\..\Drive_Platform\DrivePlatform.cydsn/scheduler.c **** 
  53:..\..\..\Drive_Platform\DrivePlatform.cydsn/scheduler.c **** /*****************************************************************/
  54:..\..\..\Drive_Platform\DrivePlatform.cydsn/scheduler.c **** void SCH_TaskHandler(void)
  55:..\..\..\Drive_Platform\DrivePlatform.cydsn/scheduler.c **** {
 174              		.loc 1 55 0
 175              		.cfi_startproc
 176              		@ args = 0, pretend = 0, frame = 8
 177              		@ frame_needed = 1, uses_anonymous_args = 0
 178 0000 80B5     		push	{r7, lr}
 179              	.LCFI3:
 180              		.cfi_def_cfa_offset 8
 181 0002 82B0     		sub	sp, sp, #8
 182              	.LCFI4:
 183              		.cfi_def_cfa_offset 16
 184 0004 00AF     		add	r7, sp, #0
 185              		.cfi_offset 14, -4
 186              		.cfi_offset 7, -8
 187              	.LCFI5:
 188              		.cfi_def_cfa_register 7
  56:..\..\..\Drive_Platform\DrivePlatform.cydsn/scheduler.c ****     STATUS status;
  57:..\..\..\Drive_Platform\DrivePlatform.cydsn/scheduler.c ****     uchar depTaskIndex;
  58:..\..\..\Drive_Platform\DrivePlatform.cydsn/scheduler.c ****     BOOL taskInitFlag = FALSE;
 189              		.loc 1 58 0
 190 0006 4FF00003 		mov	r3, #0
 191 000a FB71     		strb	r3, [r7, #7]
  59:..\..\..\Drive_Platform\DrivePlatform.cydsn/scheduler.c **** 
  60:..\..\..\Drive_Platform\DrivePlatform.cydsn/scheduler.c ****     //priority not handled yet
  61:..\..\..\Drive_Platform\DrivePlatform.cydsn/scheduler.c **** 
  62:..\..\..\Drive_Platform\DrivePlatform.cydsn/scheduler.c ****     switch(SCH_Task[SCH_TaskIndex].status)
 192              		.loc 1 62 0
 193 000c 40F20003 		movw	r3, #:lower16:SCH_TaskIndex
 194 0010 C0F20003 		movt	r3, #:upper16:SCH_TaskIndex
 195 0014 1968     		ldr	r1, [r3, #0]
 196 0016 40F20002 		movw	r2, #:lower16:SCH_Task
 197 001a C0F20002 		movt	r2, #:upper16:SCH_Task
 198 001e 0B46     		mov	r3, r1
 199 0020 4FEAC303 		lsl	r3, r3, #3
 200 0024 C1EB0303 		rsb	r3, r1, r3
 201 0028 4FEA8303 		lsl	r3, r3, #2
 202 002c 1344     		add	r3, r3, r2
 203 002e 03F10803 		add	r3, r3, #8
 204 0032 1B78     		ldrb	r3, [r3, #0]	@ zero_extendqisi2
 205 0034 A3F10203 		sub	r3, r3, #2
 206 0038 0E2B     		cmp	r3, #14
 207 003a 00F24581 		bhi	.L7
 208 003e 01A2     		adr	r2, .L12
 209 0040 52F823F0 		ldr	pc, [r2, r3, lsl #2]
 210              		.align	2
 211              	.L12:
 212 0044 81000000 		.word	.L8+1
 213 0048 C9020000 		.word	.L7+1
 214 004c DD010000 		.word	.L9+1
 215 0050 C9020000 		.word	.L7+1
ARM GAS  C:\Users\Martin\AppData\Local\Temp\cc5MMMyG.s 			page 6


 216 0054 C9020000 		.word	.L7+1
 217 0058 C9020000 		.word	.L7+1
 218 005c 0B020000 		.word	.L10+1
 219 0060 C9020000 		.word	.L7+1
 220 0064 C9020000 		.word	.L7+1
 221 0068 C9020000 		.word	.L7+1
 222 006c C9020000 		.word	.L7+1
 223 0070 C9020000 		.word	.L7+1
 224 0074 C9020000 		.word	.L7+1
 225 0078 C9020000 		.word	.L7+1
 226 007c 95020000 		.word	.L11+1
 227              	.L8:
  63:..\..\..\Drive_Platform\DrivePlatform.cydsn/scheduler.c ****     {                               
  64:..\..\..\Drive_Platform\DrivePlatform.cydsn/scheduler.c ****         case SCH_TASK_NEW:          /* check if current task has a dependency */
  65:..\..\..\Drive_Platform\DrivePlatform.cydsn/scheduler.c ****                                     if (DEP_NONE != (SCH_Task[SCH_TaskIndex].dependency)[0])
 228              		.loc 1 65 0
 229 0080 40F20003 		movw	r3, #:lower16:SCH_TaskIndex
 230 0084 C0F20003 		movt	r3, #:upper16:SCH_TaskIndex
 231 0088 1968     		ldr	r1, [r3, #0]
 232 008a 40F20002 		movw	r2, #:lower16:SCH_Task
 233 008e C0F20002 		movt	r2, #:upper16:SCH_Task
 234 0092 0B46     		mov	r3, r1
 235 0094 4FEAC303 		lsl	r3, r3, #3
 236 0098 C1EB0303 		rsb	r3, r1, r3
 237 009c 4FEA8303 		lsl	r3, r3, #2
 238 00a0 1344     		add	r3, r3, r2
 239 00a2 03F11003 		add	r3, r3, #16
 240 00a6 1B79     		ldrb	r3, [r3, #4]	@ zero_extendqisi2
 241 00a8 002B     		cmp	r3, #0
 242 00aa 2FD0     		beq	.L13
  66:..\..\..\Drive_Platform\DrivePlatform.cydsn/scheduler.c ****                                     {
  67:..\..\..\Drive_Platform\DrivePlatform.cydsn/scheduler.c ****                                         /* get task index of dependent task and check task status *
  68:..\..\..\Drive_Platform\DrivePlatform.cydsn/scheduler.c ****                                         depTaskIndex = SCH_GetTaskIndex(SCH_Task[SCH_TaskIndex].dep
 243              		.loc 1 68 0
 244 00ac 40F20003 		movw	r3, #:lower16:SCH_TaskIndex
 245 00b0 C0F20003 		movt	r3, #:upper16:SCH_TaskIndex
 246 00b4 1A68     		ldr	r2, [r3, #0]
 247 00b6 1346     		mov	r3, r2
 248 00b8 4FEAC303 		lsl	r3, r3, #3
 249 00bc C2EB0303 		rsb	r3, r2, r3
 250 00c0 4FEA8303 		lsl	r3, r3, #2
 251 00c4 03F11002 		add	r2, r3, #16
 252 00c8 40F20003 		movw	r3, #:lower16:SCH_Task
 253 00cc C0F20003 		movt	r3, #:upper16:SCH_Task
 254 00d0 1344     		add	r3, r2, r3
 255 00d2 03F10403 		add	r3, r3, #4
 256 00d6 1846     		mov	r0, r3
 257 00d8 FFF7FEFF 		bl	SCH_GetTaskIndex
 258 00dc 0346     		mov	r3, r0
 259 00de BB71     		strb	r3, [r7, #6]
  69:..\..\..\Drive_Platform\DrivePlatform.cydsn/scheduler.c ****                                         
  70:..\..\..\Drive_Platform\DrivePlatform.cydsn/scheduler.c ****                                         /* check if dependent task is initialzed */
  71:..\..\..\Drive_Platform\DrivePlatform.cydsn/scheduler.c ****                                         if (SCH_Task[depTaskIndex].status != SCH_TASK_NEW)
 260              		.loc 1 71 0
 261 00e0 B979     		ldrb	r1, [r7, #6]	@ zero_extendqisi2
 262 00e2 40F20002 		movw	r2, #:lower16:SCH_Task
 263 00e6 C0F20002 		movt	r2, #:upper16:SCH_Task
ARM GAS  C:\Users\Martin\AppData\Local\Temp\cc5MMMyG.s 			page 7


 264 00ea 0B46     		mov	r3, r1
 265 00ec 4FEAC303 		lsl	r3, r3, #3
 266 00f0 C1EB0303 		rsb	r3, r1, r3
 267 00f4 4FEA8303 		lsl	r3, r3, #2
 268 00f8 1344     		add	r3, r3, r2
 269 00fa 03F10803 		add	r3, r3, #8
 270 00fe 1B78     		ldrb	r3, [r3, #0]	@ zero_extendqisi2
 271 0100 022B     		cmp	r3, #2
 272 0102 07D0     		beq	.L23
  72:..\..\..\Drive_Platform\DrivePlatform.cydsn/scheduler.c ****                                         {
  73:..\..\..\Drive_Platform\DrivePlatform.cydsn/scheduler.c ****                                             /* current task can be initialized */
  74:..\..\..\Drive_Platform\DrivePlatform.cydsn/scheduler.c ****                                             taskInitFlag = TRUE;
 273              		.loc 1 74 0
 274 0104 4FF00103 		mov	r3, #1
 275 0108 FB71     		strb	r3, [r7, #7]
 276 010a 04E0     		b	.L15
 277              	.L13:
  75:..\..\..\Drive_Platform\DrivePlatform.cydsn/scheduler.c ****                                         }
  76:..\..\..\Drive_Platform\DrivePlatform.cydsn/scheduler.c ****                                         else
  77:..\..\..\Drive_Platform\DrivePlatform.cydsn/scheduler.c ****                                         {
  78:..\..\..\Drive_Platform\DrivePlatform.cydsn/scheduler.c ****                                             /* do nothing */
  79:..\..\..\Drive_Platform\DrivePlatform.cydsn/scheduler.c ****                                         }
  80:..\..\..\Drive_Platform\DrivePlatform.cydsn/scheduler.c ****                                     }
  81:..\..\..\Drive_Platform\DrivePlatform.cydsn/scheduler.c ****                                     else
  82:..\..\..\Drive_Platform\DrivePlatform.cydsn/scheduler.c ****                                     {
  83:..\..\..\Drive_Platform\DrivePlatform.cydsn/scheduler.c ****                                         /* current task can be initialized */
  84:..\..\..\Drive_Platform\DrivePlatform.cydsn/scheduler.c ****                                         taskInitFlag = TRUE;
 278              		.loc 1 84 0
 279 010c 4FF00103 		mov	r3, #1
 280 0110 FB71     		strb	r3, [r7, #7]
 281 0112 00E0     		b	.L15
 282              	.L23:
 283              		.loc 1 74 0
 284 0114 00BF     		nop
 285              	.L15:
  85:..\..\..\Drive_Platform\DrivePlatform.cydsn/scheduler.c ****                                     }
  86:..\..\..\Drive_Platform\DrivePlatform.cydsn/scheduler.c ****                                     
  87:..\..\..\Drive_Platform\DrivePlatform.cydsn/scheduler.c ****                                     
  88:..\..\..\Drive_Platform\DrivePlatform.cydsn/scheduler.c ****                                     
  89:..\..\..\Drive_Platform\DrivePlatform.cydsn/scheduler.c ****                                     
  90:..\..\..\Drive_Platform\DrivePlatform.cydsn/scheduler.c ****                                     if (taskInitFlag == TRUE)
 286              		.loc 1 90 0
 287 0116 FB79     		ldrb	r3, [r7, #7]	@ zero_extendqisi2
 288 0118 012B     		cmp	r3, #1
 289 011a 40F0D280 		bne	.L24
  91:..\..\..\Drive_Platform\DrivePlatform.cydsn/scheduler.c ****                                     {
  92:..\..\..\Drive_Platform\DrivePlatform.cydsn/scheduler.c ****                                         /* call init function of current task */
  93:..\..\..\Drive_Platform\DrivePlatform.cydsn/scheduler.c ****                                         if (NULL != SCH_Task[SCH_TaskIndex].init)
 290              		.loc 1 93 0
 291 011e 40F20003 		movw	r3, #:lower16:SCH_TaskIndex
 292 0122 C0F20003 		movt	r3, #:upper16:SCH_TaskIndex
 293 0126 1968     		ldr	r1, [r3, #0]
 294 0128 40F20002 		movw	r2, #:lower16:SCH_Task
 295 012c C0F20002 		movt	r2, #:upper16:SCH_Task
 296 0130 0B46     		mov	r3, r1
 297 0132 4FEAC303 		lsl	r3, r3, #3
 298 0136 C1EB0303 		rsb	r3, r1, r3
ARM GAS  C:\Users\Martin\AppData\Local\Temp\cc5MMMyG.s 			page 8


 299 013a 4FEA8303 		lsl	r3, r3, #2
 300 013e 1344     		add	r3, r3, r2
 301 0140 03F10C03 		add	r3, r3, #12
 302 0144 1B68     		ldr	r3, [r3, #0]
 303 0146 002B     		cmp	r3, #0
 304 0148 31D0     		beq	.L17
  94:..\..\..\Drive_Platform\DrivePlatform.cydsn/scheduler.c ****                                         {
  95:..\..\..\Drive_Platform\DrivePlatform.cydsn/scheduler.c ****                                             status = SCH_Task[SCH_TaskIndex].init();
 305              		.loc 1 95 0
 306 014a 40F20003 		movw	r3, #:lower16:SCH_TaskIndex
 307 014e C0F20003 		movt	r3, #:upper16:SCH_TaskIndex
 308 0152 1968     		ldr	r1, [r3, #0]
 309 0154 40F20002 		movw	r2, #:lower16:SCH_Task
 310 0158 C0F20002 		movt	r2, #:upper16:SCH_Task
 311 015c 0B46     		mov	r3, r1
 312 015e 4FEAC303 		lsl	r3, r3, #3
 313 0162 C1EB0303 		rsb	r3, r1, r3
 314 0166 4FEA8303 		lsl	r3, r3, #2
 315 016a 1344     		add	r3, r3, r2
 316 016c 03F10C03 		add	r3, r3, #12
 317 0170 1B68     		ldr	r3, [r3, #0]
 318 0172 9847     		blx	r3
 319 0174 0346     		mov	r3, r0
 320 0176 7B71     		strb	r3, [r7, #5]
  96:..\..\..\Drive_Platform\DrivePlatform.cydsn/scheduler.c ****                                             if (status == SUCCESS)
 321              		.loc 1 96 0
 322 0178 7B79     		ldrb	r3, [r7, #5]	@ zero_extendqisi2
 323 017a 002B     		cmp	r3, #0
 324 017c 40F0A380 		bne	.L25
  97:..\..\..\Drive_Platform\DrivePlatform.cydsn/scheduler.c ****                                             {
  98:..\..\..\Drive_Platform\DrivePlatform.cydsn/scheduler.c ****                                                 SCH_Task[SCH_TaskIndex].status = SCH_TASK_READY;
 325              		.loc 1 98 0
 326 0180 40F20003 		movw	r3, #:lower16:SCH_TaskIndex
 327 0184 C0F20003 		movt	r3, #:upper16:SCH_TaskIndex
 328 0188 1968     		ldr	r1, [r3, #0]
 329 018a 40F20002 		movw	r2, #:lower16:SCH_Task
 330 018e C0F20002 		movt	r2, #:upper16:SCH_Task
 331 0192 0B46     		mov	r3, r1
 332 0194 4FEAC303 		lsl	r3, r3, #3
 333 0198 C1EB0303 		rsb	r3, r1, r3
 334 019c 4FEA8303 		lsl	r3, r3, #2
 335 01a0 1344     		add	r3, r3, r2
 336 01a2 03F10803 		add	r3, r3, #8
 337 01a6 4FF00402 		mov	r2, #4
 338 01aa 1A70     		strb	r2, [r3, #0]
  99:..\..\..\Drive_Platform\DrivePlatform.cydsn/scheduler.c ****                                             }
 100:..\..\..\Drive_Platform\DrivePlatform.cydsn/scheduler.c ****                                         }
 101:..\..\..\Drive_Platform\DrivePlatform.cydsn/scheduler.c ****                                         else
 102:..\..\..\Drive_Platform\DrivePlatform.cydsn/scheduler.c ****                                         {
 103:..\..\..\Drive_Platform\DrivePlatform.cydsn/scheduler.c ****                                             SCH_Task[SCH_TaskIndex].status = SCH_TASK_READY;
 104:..\..\..\Drive_Platform\DrivePlatform.cydsn/scheduler.c ****                                         }
 105:..\..\..\Drive_Platform\DrivePlatform.cydsn/scheduler.c ****                                     }
 106:..\..\..\Drive_Platform\DrivePlatform.cydsn/scheduler.c ****                                     
 107:..\..\..\Drive_Platform\DrivePlatform.cydsn/scheduler.c **** 
 108:..\..\..\Drive_Platform\DrivePlatform.cydsn/scheduler.c ****                                     break;
 339              		.loc 1 108 0
 340 01ac 8CE0     		b	.L7
ARM GAS  C:\Users\Martin\AppData\Local\Temp\cc5MMMyG.s 			page 9


 341              	.L17:
 342              		.loc 1 103 0
 343 01ae 40F20003 		movw	r3, #:lower16:SCH_TaskIndex
 344 01b2 C0F20003 		movt	r3, #:upper16:SCH_TaskIndex
 345 01b6 1968     		ldr	r1, [r3, #0]
 346 01b8 40F20002 		movw	r2, #:lower16:SCH_Task
 347 01bc C0F20002 		movt	r2, #:upper16:SCH_Task
 348 01c0 0B46     		mov	r3, r1
 349 01c2 4FEAC303 		lsl	r3, r3, #3
 350 01c6 C1EB0303 		rsb	r3, r1, r3
 351 01ca 4FEA8303 		lsl	r3, r3, #2
 352 01ce 1344     		add	r3, r3, r2
 353 01d0 03F10803 		add	r3, r3, #8
 354 01d4 4FF00402 		mov	r2, #4
 355 01d8 1A70     		strb	r2, [r3, #0]
 356              		.loc 1 108 0
 357 01da 75E0     		b	.L7
 358              	.L9:
 109:..\..\..\Drive_Platform\DrivePlatform.cydsn/scheduler.c **** 
 110:..\..\..\Drive_Platform\DrivePlatform.cydsn/scheduler.c ****         case SCH_TASK_READY:        SCH_Task[SCH_TaskIndex].status = SCH_TASK_RUNNING;
 359              		.loc 1 110 0
 360 01dc 40F20003 		movw	r3, #:lower16:SCH_TaskIndex
 361 01e0 C0F20003 		movt	r3, #:upper16:SCH_TaskIndex
 362 01e4 1968     		ldr	r1, [r3, #0]
 363 01e6 40F20002 		movw	r2, #:lower16:SCH_Task
 364 01ea C0F20002 		movt	r2, #:upper16:SCH_Task
 365 01ee 0B46     		mov	r3, r1
 366 01f0 4FEAC303 		lsl	r3, r3, #3
 367 01f4 C1EB0303 		rsb	r3, r1, r3
 368 01f8 4FEA8303 		lsl	r3, r3, #2
 369 01fc 1344     		add	r3, r3, r2
 370 01fe 03F10803 		add	r3, r3, #8
 371 0202 4FF00802 		mov	r2, #8
 372 0206 1A70     		strb	r2, [r3, #0]
 111:..\..\..\Drive_Platform\DrivePlatform.cydsn/scheduler.c ****                                     break;
 373              		.loc 1 111 0
 374 0208 5EE0     		b	.L7
 375              	.L10:
 112:..\..\..\Drive_Platform\DrivePlatform.cydsn/scheduler.c ****                                
 113:..\..\..\Drive_Platform\DrivePlatform.cydsn/scheduler.c ****         case SCH_TASK_RUNNING:      if (NULL != SCH_Task[SCH_TaskIndex].func)
 376              		.loc 1 113 0
 377 020a 40F20003 		movw	r3, #:lower16:SCH_TaskIndex
 378 020e C0F20003 		movt	r3, #:upper16:SCH_TaskIndex
 379 0212 1968     		ldr	r1, [r3, #0]
 380 0214 40F20002 		movw	r2, #:lower16:SCH_Task
 381 0218 C0F20002 		movt	r2, #:upper16:SCH_Task
 382 021c 0B46     		mov	r3, r1
 383 021e 4FEAC303 		lsl	r3, r3, #3
 384 0222 C1EB0303 		rsb	r3, r1, r3
 385 0226 4FEA8303 		lsl	r3, r3, #2
 386 022a 1344     		add	r3, r3, r2
 387 022c 03F11003 		add	r3, r3, #16
 388 0230 1B68     		ldr	r3, [r3, #0]
 389 0232 002B     		cmp	r3, #0
 390 0234 17D0     		beq	.L19
 114:..\..\..\Drive_Platform\DrivePlatform.cydsn/scheduler.c ****                                     {
 115:..\..\..\Drive_Platform\DrivePlatform.cydsn/scheduler.c ****                                         status = SCH_Task[SCH_TaskIndex].func();
ARM GAS  C:\Users\Martin\AppData\Local\Temp\cc5MMMyG.s 			page 10


 391              		.loc 1 115 0
 392 0236 40F20003 		movw	r3, #:lower16:SCH_TaskIndex
 393 023a C0F20003 		movt	r3, #:upper16:SCH_TaskIndex
 394 023e 1968     		ldr	r1, [r3, #0]
 395 0240 40F20002 		movw	r2, #:lower16:SCH_Task
 396 0244 C0F20002 		movt	r2, #:upper16:SCH_Task
 397 0248 0B46     		mov	r3, r1
 398 024a 4FEAC303 		lsl	r3, r3, #3
 399 024e C1EB0303 		rsb	r3, r1, r3
 400 0252 4FEA8303 		lsl	r3, r3, #2
 401 0256 1344     		add	r3, r3, r2
 402 0258 03F11003 		add	r3, r3, #16
 403 025c 1B68     		ldr	r3, [r3, #0]
 404 025e 9847     		blx	r3
 405 0260 0346     		mov	r3, r0
 406 0262 7B71     		strb	r3, [r7, #5]
 116:..\..\..\Drive_Platform\DrivePlatform.cydsn/scheduler.c ****                                     }
 117:..\..\..\Drive_Platform\DrivePlatform.cydsn/scheduler.c ****                                     else
 118:..\..\..\Drive_Platform\DrivePlatform.cydsn/scheduler.c ****                                     {
 119:..\..\..\Drive_Platform\DrivePlatform.cydsn/scheduler.c ****                                         SCH_Task[SCH_TaskIndex].status = SCH_TASK_TERMINATED;
 120:..\..\..\Drive_Platform\DrivePlatform.cydsn/scheduler.c ****                                     }
 121:..\..\..\Drive_Platform\DrivePlatform.cydsn/scheduler.c ****                                     break;
 407              		.loc 1 121 0
 408 0264 30E0     		b	.L7
 409              	.L19:
 410              		.loc 1 119 0
 411 0266 40F20003 		movw	r3, #:lower16:SCH_TaskIndex
 412 026a C0F20003 		movt	r3, #:upper16:SCH_TaskIndex
 413 026e 1968     		ldr	r1, [r3, #0]
 414 0270 40F20002 		movw	r2, #:lower16:SCH_Task
 415 0274 C0F20002 		movt	r2, #:upper16:SCH_Task
 416 0278 0B46     		mov	r3, r1
 417 027a 4FEAC303 		lsl	r3, r3, #3
 418 027e C1EB0303 		rsb	r3, r1, r3
 419 0282 4FEA8303 		lsl	r3, r3, #2
 420 0286 1344     		add	r3, r3, r2
 421 0288 03F10803 		add	r3, r3, #8
 422 028c 4FF02002 		mov	r2, #32
 423 0290 1A70     		strb	r2, [r3, #0]
 424              		.loc 1 121 0
 425 0292 19E0     		b	.L7
 426              	.L11:
 122:..\..\..\Drive_Platform\DrivePlatform.cydsn/scheduler.c **** 
 123:..\..\..\Drive_Platform\DrivePlatform.cydsn/scheduler.c ****         case SCH_TASK_WAITING:      SCH_Task[SCH_TaskIndex].status = SCH_TASK_RUNNING;
 427              		.loc 1 123 0
 428 0294 40F20003 		movw	r3, #:lower16:SCH_TaskIndex
 429 0298 C0F20003 		movt	r3, #:upper16:SCH_TaskIndex
 430 029c 1968     		ldr	r1, [r3, #0]
 431 029e 40F20002 		movw	r2, #:lower16:SCH_Task
 432 02a2 C0F20002 		movt	r2, #:upper16:SCH_Task
 433 02a6 0B46     		mov	r3, r1
 434 02a8 4FEAC303 		lsl	r3, r3, #3
 435 02ac C1EB0303 		rsb	r3, r1, r3
 436 02b0 4FEA8303 		lsl	r3, r3, #2
 437 02b4 1344     		add	r3, r3, r2
 438 02b6 03F10803 		add	r3, r3, #8
 439 02ba 4FF00802 		mov	r2, #8
ARM GAS  C:\Users\Martin\AppData\Local\Temp\cc5MMMyG.s 			page 11


 440 02be 1A70     		strb	r2, [r3, #0]
 441 02c0 02E0     		b	.L7
 442              	.L24:
 443              		.loc 1 108 0
 444 02c2 00BF     		nop
 445 02c4 00E0     		b	.L7
 446              	.L25:
 447 02c6 00BF     		nop
 448              	.L7:
 124:..\..\..\Drive_Platform\DrivePlatform.cydsn/scheduler.c ****                                     break;
 125:..\..\..\Drive_Platform\DrivePlatform.cydsn/scheduler.c ****                                     
 126:..\..\..\Drive_Platform\DrivePlatform.cydsn/scheduler.c ****         case SCH_TASK_TERMINATED:
 127:..\..\..\Drive_Platform\DrivePlatform.cydsn/scheduler.c ****         default:                    break;
 128:..\..\..\Drive_Platform\DrivePlatform.cydsn/scheduler.c ****     }
 129:..\..\..\Drive_Platform\DrivePlatform.cydsn/scheduler.c ****     
 130:..\..\..\Drive_Platform\DrivePlatform.cydsn/scheduler.c **** 
 131:..\..\..\Drive_Platform\DrivePlatform.cydsn/scheduler.c ****     
 132:..\..\..\Drive_Platform\DrivePlatform.cydsn/scheduler.c ****     SCH_TaskIndex++;
 449              		.loc 1 132 0
 450 02c8 40F20003 		movw	r3, #:lower16:SCH_TaskIndex
 451 02cc C0F20003 		movt	r3, #:upper16:SCH_TaskIndex
 452 02d0 1B68     		ldr	r3, [r3, #0]
 453 02d2 03F10102 		add	r2, r3, #1
 454 02d6 40F20003 		movw	r3, #:lower16:SCH_TaskIndex
 455 02da C0F20003 		movt	r3, #:upper16:SCH_TaskIndex
 456 02de 1A60     		str	r2, [r3, #0]
 133:..\..\..\Drive_Platform\DrivePlatform.cydsn/scheduler.c ****     
 134:..\..\..\Drive_Platform\DrivePlatform.cydsn/scheduler.c ****     if (SCH_TaskIndex > SIZE_OF_ARRAY(SCH_Task))
 457              		.loc 1 134 0
 458 02e0 40F20003 		movw	r3, #:lower16:SCH_TaskIndex
 459 02e4 C0F20003 		movt	r3, #:upper16:SCH_TaskIndex
 460 02e8 1B68     		ldr	r3, [r3, #0]
 461 02ea 072B     		cmp	r3, #7
 462 02ec 06D9     		bls	.L22
 135:..\..\..\Drive_Platform\DrivePlatform.cydsn/scheduler.c ****         SCH_TaskIndex = 0;
 463              		.loc 1 135 0
 464 02ee 40F20003 		movw	r3, #:lower16:SCH_TaskIndex
 465 02f2 C0F20003 		movt	r3, #:upper16:SCH_TaskIndex
 466 02f6 4FF00002 		mov	r2, #0
 467 02fa 1A60     		str	r2, [r3, #0]
 468              	.L22:
 136:..\..\..\Drive_Platform\DrivePlatform.cydsn/scheduler.c **** }
 469              		.loc 1 136 0
 470 02fc 07F10807 		add	r7, r7, #8
 471 0300 BD46     		mov	sp, r7
 472 0302 80BD     		pop	{r7, pc}
 473              		.cfi_endproc
 474              	.LFE30:
 475              		.size	SCH_TaskHandler, .-SCH_TaskHandler
 476              		.bss
 477              		.align	2
 478              	SCH_TaskBuffer:
 479 0004 00000000 		.space	1024
 479      00000000 
 479      00000000 
 479      00000000 
 479      00000000 
ARM GAS  C:\Users\Martin\AppData\Local\Temp\cc5MMMyG.s 			page 12


 480              		.align	2
 481              	n:
 482 0404 00000000 		.space	4
 483              		.section	.rodata
 484              		.align	2
 485              	.LC0:
 486 0000 0A3D3D3D 		.ascii	"\012===\000"
 486      00
 487 0005 000000   		.align	2
 488              	.LC1:
 489 0008 0A546173 		.ascii	"\012Task %i: %s/\000"
 489      6B202569 
 489      3A202573 
 489      2F00
 490 0016 0000     		.align	2
 491              	.LC2:
 492 0018 4E455700 		.ascii	"NEW\000"
 493              		.align	2
 494              	.LC3:
 495 001c 52454144 		.ascii	"READY\000"
 495      5900
 496 0022 0000     		.align	2
 497              	.LC4:
 498 0024 52554E4E 		.ascii	"RUNNING\000"
 498      494E4700 
 499              		.align	2
 500              	.LC5:
 501 002c 57414954 		.ascii	"WAITING\000"
 501      494E4700 
 502              		.align	2
 503              	.LC6:
 504 0034 5445524D 		.ascii	"TERMINATED\000"
 504      494E4154 
 504      454400
 505 003f 00       		.align	2
 506              	.LC7:
 507 0040 2025730A 		.ascii	" %s\012\000"
 507      00
 508 0045 000000   		.section	.text.SCH_ShowCurrentTasks,"ax",%progbits
 509              		.align	2
 510              		.global	SCH_ShowCurrentTasks
 511              		.thumb
 512              		.thumb_func
 513              		.type	SCH_ShowCurrentTasks, %function
 514              	SCH_ShowCurrentTasks:
 515              	.LFB31:
 137:..\..\..\Drive_Platform\DrivePlatform.cydsn/scheduler.c **** 
 138:..\..\..\Drive_Platform\DrivePlatform.cydsn/scheduler.c **** 
 139:..\..\..\Drive_Platform\DrivePlatform.cydsn/scheduler.c **** 
 140:..\..\..\Drive_Platform\DrivePlatform.cydsn/scheduler.c **** /*****************************************************************/
 141:..\..\..\Drive_Platform\DrivePlatform.cydsn/scheduler.c **** #ifdef SCH_DEBUG
 142:..\..\..\Drive_Platform\DrivePlatform.cydsn/scheduler.c **** #include <stdio.h>
 143:..\..\..\Drive_Platform\DrivePlatform.cydsn/scheduler.c **** static uchar SCH_TaskBuffer[1024];
 144:..\..\..\Drive_Platform\DrivePlatform.cydsn/scheduler.c **** static int n=0;
 145:..\..\..\Drive_Platform\DrivePlatform.cydsn/scheduler.c **** 
 146:..\..\..\Drive_Platform\DrivePlatform.cydsn/scheduler.c **** void SCH_ShowCurrentTasks(void)
 147:..\..\..\Drive_Platform\DrivePlatform.cydsn/scheduler.c **** {
ARM GAS  C:\Users\Martin\AppData\Local\Temp\cc5MMMyG.s 			page 13


 516              		.loc 1 147 0
 517              		.cfi_startproc
 518              		@ args = 0, pretend = 0, frame = 8
 519              		@ frame_needed = 1, uses_anonymous_args = 0
 520 0000 80B5     		push	{r7, lr}
 521              	.LCFI6:
 522              		.cfi_def_cfa_offset 8
 523 0002 82B0     		sub	sp, sp, #8
 524              	.LCFI7:
 525              		.cfi_def_cfa_offset 16
 526 0004 00AF     		add	r7, sp, #0
 527              		.cfi_offset 14, -4
 528              		.cfi_offset 7, -8
 529              	.LCFI8:
 530              		.cfi_def_cfa_register 7
 148:..\..\..\Drive_Platform\DrivePlatform.cydsn/scheduler.c ****     int i;
 149:..\..\..\Drive_Platform\DrivePlatform.cydsn/scheduler.c ****     
 150:..\..\..\Drive_Platform\DrivePlatform.cydsn/scheduler.c ****     n += sprintf((char*)SCH_TaskBuffer + n, "\n===");
 531              		.loc 1 150 0
 532 0006 40F20003 		movw	r3, #:lower16:n
 533 000a C0F20003 		movt	r3, #:upper16:n
 534 000e 1B68     		ldr	r3, [r3, #0]
 535 0010 1A46     		mov	r2, r3
 536 0012 40F20003 		movw	r3, #:lower16:SCH_TaskBuffer
 537 0016 C0F20003 		movt	r3, #:upper16:SCH_TaskBuffer
 538 001a 1344     		add	r3, r2, r3
 539 001c 1846     		mov	r0, r3
 540 001e 40F20001 		movw	r1, #:lower16:.LC0
 541 0022 C0F20001 		movt	r1, #:upper16:.LC0
 542 0026 4FF00502 		mov	r2, #5
 543 002a FFF7FEFF 		bl	memcpy
 544 002e 40F20003 		movw	r3, #:lower16:n
 545 0032 C0F20003 		movt	r3, #:upper16:n
 546 0036 1B68     		ldr	r3, [r3, #0]
 547 0038 03F10402 		add	r2, r3, #4
 548 003c 40F20003 		movw	r3, #:lower16:n
 549 0040 C0F20003 		movt	r3, #:upper16:n
 550 0044 1A60     		str	r2, [r3, #0]
 151:..\..\..\Drive_Platform\DrivePlatform.cydsn/scheduler.c ****     
 152:..\..\..\Drive_Platform\DrivePlatform.cydsn/scheduler.c ****     for (i=0; i<sizeof(SCH_Task); i++)
 551              		.loc 1 152 0
 552 0046 4FF00003 		mov	r3, #0
 553 004a 7B60     		str	r3, [r7, #4]
 554 004c 6EE1     		b	.L27
 555              	.L36:
 153:..\..\..\Drive_Platform\DrivePlatform.cydsn/scheduler.c ****     {
 154:..\..\..\Drive_Platform\DrivePlatform.cydsn/scheduler.c ****         if (NULL != SCH_Task[i].name)
 155:..\..\..\Drive_Platform\DrivePlatform.cydsn/scheduler.c ****         {
 156:..\..\..\Drive_Platform\DrivePlatform.cydsn/scheduler.c ****             n += sprintf((char*)SCH_TaskBuffer + n, "\nTask %i: %s/", i, SCH_Task[i].name);
 556              		.loc 1 156 0
 557 004e 40F20003 		movw	r3, #:lower16:n
 558 0052 C0F20003 		movt	r3, #:upper16:n
 559 0056 1B68     		ldr	r3, [r3, #0]
 560 0058 1A46     		mov	r2, r3
 561 005a 40F20003 		movw	r3, #:lower16:SCH_TaskBuffer
 562 005e C0F20003 		movt	r3, #:upper16:SCH_TaskBuffer
 563 0062 02EB0301 		add	r1, r2, r3
ARM GAS  C:\Users\Martin\AppData\Local\Temp\cc5MMMyG.s 			page 14


 564 0066 7A68     		ldr	r2, [r7, #4]
 565 0068 1346     		mov	r3, r2
 566 006a 4FEAC303 		lsl	r3, r3, #3
 567 006e C2EB0303 		rsb	r3, r2, r3
 568 0072 4FEA8302 		lsl	r2, r3, #2
 569 0076 40F20003 		movw	r3, #:lower16:SCH_Task
 570 007a C0F20003 		movt	r3, #:upper16:SCH_Task
 571 007e 1344     		add	r3, r2, r3
 572 0080 0846     		mov	r0, r1
 573 0082 40F20001 		movw	r1, #:lower16:.LC1
 574 0086 C0F20001 		movt	r1, #:upper16:.LC1
 575 008a 7A68     		ldr	r2, [r7, #4]
 576 008c FFF7FEFF 		bl	sprintf
 577 0090 0346     		mov	r3, r0
 578 0092 1A46     		mov	r2, r3
 579 0094 40F20003 		movw	r3, #:lower16:n
 580 0098 C0F20003 		movt	r3, #:upper16:n
 581 009c 1B68     		ldr	r3, [r3, #0]
 582 009e 1A44     		add	r2, r2, r3
 583 00a0 40F20003 		movw	r3, #:lower16:n
 584 00a4 C0F20003 		movt	r3, #:upper16:n
 585 00a8 1A60     		str	r2, [r3, #0]
 157:..\..\..\Drive_Platform\DrivePlatform.cydsn/scheduler.c ****         
 158:..\..\..\Drive_Platform\DrivePlatform.cydsn/scheduler.c ****             switch (SCH_Task[i].status)
 586              		.loc 1 158 0
 587 00aa 7968     		ldr	r1, [r7, #4]
 588 00ac 40F20002 		movw	r2, #:lower16:SCH_Task
 589 00b0 C0F20002 		movt	r2, #:upper16:SCH_Task
 590 00b4 0B46     		mov	r3, r1
 591 00b6 4FEAC303 		lsl	r3, r3, #3
 592 00ba C1EB0303 		rsb	r3, r1, r3
 593 00be 4FEA8303 		lsl	r3, r3, #2
 594 00c2 1344     		add	r3, r3, r2
 595 00c4 03F10803 		add	r3, r3, #8
 596 00c8 1B78     		ldrb	r3, [r3, #0]	@ zero_extendqisi2
 597 00ca A3F10203 		sub	r3, r3, #2
 598 00ce 1E2B     		cmp	r3, #30
 599 00d0 00F2E680 		bhi	.L28
 600 00d4 01A2     		adr	r2, .L34
 601 00d6 52F823F0 		ldr	pc, [r2, r3, lsl #2]
 602 00da 00BF     		.align	2
 603              	.L34:
 604 00dc 59010000 		.word	.L29+1
 605 00e0 A1020000 		.word	.L28+1
 606 00e4 9B010000 		.word	.L30+1
 607 00e8 A1020000 		.word	.L28+1
 608 00ec A1020000 		.word	.L28+1
 609 00f0 A1020000 		.word	.L28+1
 610 00f4 DD010000 		.word	.L31+1
 611 00f8 A1020000 		.word	.L28+1
 612 00fc A1020000 		.word	.L28+1
 613 0100 A1020000 		.word	.L28+1
 614 0104 A1020000 		.word	.L28+1
 615 0108 A1020000 		.word	.L28+1
 616 010c A1020000 		.word	.L28+1
 617 0110 A1020000 		.word	.L28+1
 618 0114 1F020000 		.word	.L32+1
ARM GAS  C:\Users\Martin\AppData\Local\Temp\cc5MMMyG.s 			page 15


 619 0118 A1020000 		.word	.L28+1
 620 011c A1020000 		.word	.L28+1
 621 0120 A1020000 		.word	.L28+1
 622 0124 A1020000 		.word	.L28+1
 623 0128 A1020000 		.word	.L28+1
 624 012c A1020000 		.word	.L28+1
 625 0130 A1020000 		.word	.L28+1
 626 0134 A1020000 		.word	.L28+1
 627 0138 A1020000 		.word	.L28+1
 628 013c A1020000 		.word	.L28+1
 629 0140 A1020000 		.word	.L28+1
 630 0144 A1020000 		.word	.L28+1
 631 0148 A1020000 		.word	.L28+1
 632 014c A1020000 		.word	.L28+1
 633 0150 A1020000 		.word	.L28+1
 634 0154 61020000 		.word	.L33+1
 635              	.L29:
 159:..\..\..\Drive_Platform\DrivePlatform.cydsn/scheduler.c ****             {
 160:..\..\..\Drive_Platform\DrivePlatform.cydsn/scheduler.c ****                 case SCH_TASK_NEW:          n += sprintf((char*)SCH_TaskBuffer + n, "NEW");
 636              		.loc 1 160 0
 637 0158 40F20003 		movw	r3, #:lower16:n
 638 015c C0F20003 		movt	r3, #:upper16:n
 639 0160 1B68     		ldr	r3, [r3, #0]
 640 0162 1A46     		mov	r2, r3
 641 0164 40F20003 		movw	r3, #:lower16:SCH_TaskBuffer
 642 0168 C0F20003 		movt	r3, #:upper16:SCH_TaskBuffer
 643 016c 1344     		add	r3, r2, r3
 644 016e 1846     		mov	r0, r3
 645 0170 40F20001 		movw	r1, #:lower16:.LC2
 646 0174 C0F20001 		movt	r1, #:upper16:.LC2
 647 0178 4FF00402 		mov	r2, #4
 648 017c FFF7FEFF 		bl	memcpy
 649 0180 40F20003 		movw	r3, #:lower16:n
 650 0184 C0F20003 		movt	r3, #:upper16:n
 651 0188 1B68     		ldr	r3, [r3, #0]
 652 018a 03F10302 		add	r2, r3, #3
 653 018e 40F20003 		movw	r3, #:lower16:n
 654 0192 C0F20003 		movt	r3, #:upper16:n
 655 0196 1A60     		str	r2, [r3, #0]
 161:..\..\..\Drive_Platform\DrivePlatform.cydsn/scheduler.c ****                                             break;
 656              		.loc 1 161 0
 657 0198 82E0     		b	.L28
 658              	.L30:
 162:..\..\..\Drive_Platform\DrivePlatform.cydsn/scheduler.c ****                 case SCH_TASK_READY:        n += sprintf((char*)SCH_TaskBuffer + n, "READY");
 659              		.loc 1 162 0
 660 019a 40F20003 		movw	r3, #:lower16:n
 661 019e C0F20003 		movt	r3, #:upper16:n
 662 01a2 1B68     		ldr	r3, [r3, #0]
 663 01a4 1A46     		mov	r2, r3
 664 01a6 40F20003 		movw	r3, #:lower16:SCH_TaskBuffer
 665 01aa C0F20003 		movt	r3, #:upper16:SCH_TaskBuffer
 666 01ae 1344     		add	r3, r2, r3
 667 01b0 1846     		mov	r0, r3
 668 01b2 40F20001 		movw	r1, #:lower16:.LC3
 669 01b6 C0F20001 		movt	r1, #:upper16:.LC3
 670 01ba 4FF00602 		mov	r2, #6
 671 01be FFF7FEFF 		bl	memcpy
ARM GAS  C:\Users\Martin\AppData\Local\Temp\cc5MMMyG.s 			page 16


 672 01c2 40F20003 		movw	r3, #:lower16:n
 673 01c6 C0F20003 		movt	r3, #:upper16:n
 674 01ca 1B68     		ldr	r3, [r3, #0]
 675 01cc 03F10502 		add	r2, r3, #5
 676 01d0 40F20003 		movw	r3, #:lower16:n
 677 01d4 C0F20003 		movt	r3, #:upper16:n
 678 01d8 1A60     		str	r2, [r3, #0]
 163:..\..\..\Drive_Platform\DrivePlatform.cydsn/scheduler.c ****                                             break;
 679              		.loc 1 163 0
 680 01da 61E0     		b	.L28
 681              	.L31:
 164:..\..\..\Drive_Platform\DrivePlatform.cydsn/scheduler.c ****                 case SCH_TASK_RUNNING:      n += sprintf((char*)SCH_TaskBuffer + n, "RUNNING");
 682              		.loc 1 164 0
 683 01dc 40F20003 		movw	r3, #:lower16:n
 684 01e0 C0F20003 		movt	r3, #:upper16:n
 685 01e4 1B68     		ldr	r3, [r3, #0]
 686 01e6 1A46     		mov	r2, r3
 687 01e8 40F20003 		movw	r3, #:lower16:SCH_TaskBuffer
 688 01ec C0F20003 		movt	r3, #:upper16:SCH_TaskBuffer
 689 01f0 1344     		add	r3, r2, r3
 690 01f2 1846     		mov	r0, r3
 691 01f4 40F20001 		movw	r1, #:lower16:.LC4
 692 01f8 C0F20001 		movt	r1, #:upper16:.LC4
 693 01fc 4FF00802 		mov	r2, #8
 694 0200 FFF7FEFF 		bl	memcpy
 695 0204 40F20003 		movw	r3, #:lower16:n
 696 0208 C0F20003 		movt	r3, #:upper16:n
 697 020c 1B68     		ldr	r3, [r3, #0]
 698 020e 03F10702 		add	r2, r3, #7
 699 0212 40F20003 		movw	r3, #:lower16:n
 700 0216 C0F20003 		movt	r3, #:upper16:n
 701 021a 1A60     		str	r2, [r3, #0]
 165:..\..\..\Drive_Platform\DrivePlatform.cydsn/scheduler.c ****                                             break;
 702              		.loc 1 165 0
 703 021c 40E0     		b	.L28
 704              	.L32:
 166:..\..\..\Drive_Platform\DrivePlatform.cydsn/scheduler.c ****                 case SCH_TASK_WAITING:      n += sprintf((char*)SCH_TaskBuffer + n, "WAITING");
 705              		.loc 1 166 0
 706 021e 40F20003 		movw	r3, #:lower16:n
 707 0222 C0F20003 		movt	r3, #:upper16:n
 708 0226 1B68     		ldr	r3, [r3, #0]
 709 0228 1A46     		mov	r2, r3
 710 022a 40F20003 		movw	r3, #:lower16:SCH_TaskBuffer
 711 022e C0F20003 		movt	r3, #:upper16:SCH_TaskBuffer
 712 0232 1344     		add	r3, r2, r3
 713 0234 1846     		mov	r0, r3
 714 0236 40F20001 		movw	r1, #:lower16:.LC5
 715 023a C0F20001 		movt	r1, #:upper16:.LC5
 716 023e 4FF00802 		mov	r2, #8
 717 0242 FFF7FEFF 		bl	memcpy
 718 0246 40F20003 		movw	r3, #:lower16:n
 719 024a C0F20003 		movt	r3, #:upper16:n
 720 024e 1B68     		ldr	r3, [r3, #0]
 721 0250 03F10702 		add	r2, r3, #7
 722 0254 40F20003 		movw	r3, #:lower16:n
 723 0258 C0F20003 		movt	r3, #:upper16:n
 724 025c 1A60     		str	r2, [r3, #0]
ARM GAS  C:\Users\Martin\AppData\Local\Temp\cc5MMMyG.s 			page 17


 167:..\..\..\Drive_Platform\DrivePlatform.cydsn/scheduler.c ****                                             break;
 725              		.loc 1 167 0
 726 025e 1FE0     		b	.L28
 727              	.L33:
 168:..\..\..\Drive_Platform\DrivePlatform.cydsn/scheduler.c ****                 case SCH_TASK_TERMINATED:   n += sprintf((char*)SCH_TaskBuffer + n, "TERMINATED");
 728              		.loc 1 168 0
 729 0260 40F20003 		movw	r3, #:lower16:n
 730 0264 C0F20003 		movt	r3, #:upper16:n
 731 0268 1B68     		ldr	r3, [r3, #0]
 732 026a 1A46     		mov	r2, r3
 733 026c 40F20003 		movw	r3, #:lower16:SCH_TaskBuffer
 734 0270 C0F20003 		movt	r3, #:upper16:SCH_TaskBuffer
 735 0274 1344     		add	r3, r2, r3
 736 0276 1846     		mov	r0, r3
 737 0278 40F20001 		movw	r1, #:lower16:.LC6
 738 027c C0F20001 		movt	r1, #:upper16:.LC6
 739 0280 4FF00B02 		mov	r2, #11
 740 0284 FFF7FEFF 		bl	memcpy
 741 0288 40F20003 		movw	r3, #:lower16:n
 742 028c C0F20003 		movt	r3, #:upper16:n
 743 0290 1B68     		ldr	r3, [r3, #0]
 744 0292 03F10A02 		add	r2, r3, #10
 745 0296 40F20003 		movw	r3, #:lower16:n
 746 029a C0F20003 		movt	r3, #:upper16:n
 747 029e 1A60     		str	r2, [r3, #0]
 748              	.L28:
 169:..\..\..\Drive_Platform\DrivePlatform.cydsn/scheduler.c ****                                             break;
 170:..\..\..\Drive_Platform\DrivePlatform.cydsn/scheduler.c ****                 default:                    break;                                
 171:..\..\..\Drive_Platform\DrivePlatform.cydsn/scheduler.c ****             }
 172:..\..\..\Drive_Platform\DrivePlatform.cydsn/scheduler.c ****             
 173:..\..\..\Drive_Platform\DrivePlatform.cydsn/scheduler.c ****             n += sprintf((char*)SCH_TaskBuffer + n, " %s\n", SCH_Task[i].dependency);
 749              		.loc 1 173 0
 750 02a0 40F20003 		movw	r3, #:lower16:n
 751 02a4 C0F20003 		movt	r3, #:upper16:n
 752 02a8 1B68     		ldr	r3, [r3, #0]
 753 02aa 1A46     		mov	r2, r3
 754 02ac 40F20003 		movw	r3, #:lower16:SCH_TaskBuffer
 755 02b0 C0F20003 		movt	r3, #:upper16:SCH_TaskBuffer
 756 02b4 02EB0301 		add	r1, r2, r3
 757 02b8 7A68     		ldr	r2, [r7, #4]
 758 02ba 1346     		mov	r3, r2
 759 02bc 4FEAC303 		lsl	r3, r3, #3
 760 02c0 C2EB0303 		rsb	r3, r2, r3
 761 02c4 4FEA8303 		lsl	r3, r3, #2
 762 02c8 03F11002 		add	r2, r3, #16
 763 02cc 40F20003 		movw	r3, #:lower16:SCH_Task
 764 02d0 C0F20003 		movt	r3, #:upper16:SCH_Task
 765 02d4 1344     		add	r3, r2, r3
 766 02d6 03F10403 		add	r3, r3, #4
 767 02da 0846     		mov	r0, r1
 768 02dc 40F20001 		movw	r1, #:lower16:.LC7
 769 02e0 C0F20001 		movt	r1, #:upper16:.LC7
 770 02e4 1A46     		mov	r2, r3
 771 02e6 FFF7FEFF 		bl	sprintf
 772 02ea 0246     		mov	r2, r0
 773 02ec 40F20003 		movw	r3, #:lower16:n
 774 02f0 C0F20003 		movt	r3, #:upper16:n
ARM GAS  C:\Users\Martin\AppData\Local\Temp\cc5MMMyG.s 			page 18


 775 02f4 1B68     		ldr	r3, [r3, #0]
 776 02f6 1A44     		add	r2, r2, r3
 777 02f8 40F20003 		movw	r3, #:lower16:n
 778 02fc C0F20003 		movt	r3, #:upper16:n
 779 0300 1A60     		str	r2, [r3, #0]
 174:..\..\..\Drive_Platform\DrivePlatform.cydsn/scheduler.c ****             if ((n+64)>1024)
 780              		.loc 1 174 0
 781 0302 40F20003 		movw	r3, #:lower16:n
 782 0306 C0F20003 		movt	r3, #:upper16:n
 783 030a 1B68     		ldr	r3, [r3, #0]
 784 030c 03F14003 		add	r3, r3, #64
 785 0310 B3F5806F 		cmp	r3, #1024
 786 0314 06DD     		ble	.L35
 175:..\..\..\Drive_Platform\DrivePlatform.cydsn/scheduler.c ****                 n=0;
 787              		.loc 1 175 0
 788 0316 40F20003 		movw	r3, #:lower16:n
 789 031a C0F20003 		movt	r3, #:upper16:n
 790 031e 4FF00002 		mov	r2, #0
 791 0322 1A60     		str	r2, [r3, #0]
 792              	.L35:
 793              		.loc 1 152 0
 794 0324 7B68     		ldr	r3, [r7, #4]
 795 0326 03F10103 		add	r3, r3, #1
 796 032a 7B60     		str	r3, [r7, #4]
 797              	.L27:
 798 032c 7B68     		ldr	r3, [r7, #4]
 799 032e C32B     		cmp	r3, #195
 800 0330 7FF68DAE 		bls	.L36
 176:..\..\..\Drive_Platform\DrivePlatform.cydsn/scheduler.c ****         }
 177:..\..\..\Drive_Platform\DrivePlatform.cydsn/scheduler.c ****     }
 178:..\..\..\Drive_Platform\DrivePlatform.cydsn/scheduler.c **** }
 801              		.loc 1 178 0
 802 0334 07F10807 		add	r7, r7, #8
 803 0338 BD46     		mov	sp, r7
 804 033a 80BD     		pop	{r7, pc}
 805              		.cfi_endproc
 806              	.LFE31:
 807              		.size	SCH_ShowCurrentTasks, .-SCH_ShowCurrentTasks
 808              		.text
 809              	.Letext0:
 810              		.section	.debug_loc,"",%progbits
 811              	.Ldebug_loc0:
 812              	.LLST0:
 813 0000 00000000 		.4byte	.LFB29
 814 0004 02000000 		.4byte	.LCFI0
 815 0008 0100     		.2byte	0x1
 816 000a 5D       		.byte	0x5d
 817 000b 02000000 		.4byte	.LCFI0
 818 000f 04000000 		.4byte	.LCFI1
 819 0013 0200     		.2byte	0x2
 820 0015 7D       		.byte	0x7d
 821 0016 08       		.sleb128 8
 822 0017 04000000 		.4byte	.LCFI1
 823 001b 06000000 		.4byte	.LCFI2
 824 001f 0200     		.2byte	0x2
 825 0021 7D       		.byte	0x7d
 826 0022 18       		.sleb128 24
ARM GAS  C:\Users\Martin\AppData\Local\Temp\cc5MMMyG.s 			page 19


 827 0023 06000000 		.4byte	.LCFI2
 828 0027 64000000 		.4byte	.LFE29
 829 002b 0200     		.2byte	0x2
 830 002d 77       		.byte	0x77
 831 002e 18       		.sleb128 24
 832 002f 00000000 		.4byte	0x0
 833 0033 00000000 		.4byte	0x0
 834              	.LLST1:
 835 0037 00000000 		.4byte	.LFB30
 836 003b 02000000 		.4byte	.LCFI3
 837 003f 0100     		.2byte	0x1
 838 0041 5D       		.byte	0x5d
 839 0042 02000000 		.4byte	.LCFI3
 840 0046 04000000 		.4byte	.LCFI4
 841 004a 0200     		.2byte	0x2
 842 004c 7D       		.byte	0x7d
 843 004d 08       		.sleb128 8
 844 004e 04000000 		.4byte	.LCFI4
 845 0052 06000000 		.4byte	.LCFI5
 846 0056 0200     		.2byte	0x2
 847 0058 7D       		.byte	0x7d
 848 0059 10       		.sleb128 16
 849 005a 06000000 		.4byte	.LCFI5
 850 005e 04030000 		.4byte	.LFE30
 851 0062 0200     		.2byte	0x2
 852 0064 77       		.byte	0x77
 853 0065 10       		.sleb128 16
 854 0066 00000000 		.4byte	0x0
 855 006a 00000000 		.4byte	0x0
 856              	.LLST2:
 857 006e 00000000 		.4byte	.LFB31
 858 0072 02000000 		.4byte	.LCFI6
 859 0076 0100     		.2byte	0x1
 860 0078 5D       		.byte	0x5d
 861 0079 02000000 		.4byte	.LCFI6
 862 007d 04000000 		.4byte	.LCFI7
 863 0081 0200     		.2byte	0x2
 864 0083 7D       		.byte	0x7d
 865 0084 08       		.sleb128 8
 866 0085 04000000 		.4byte	.LCFI7
 867 0089 06000000 		.4byte	.LCFI8
 868 008d 0200     		.2byte	0x2
 869 008f 7D       		.byte	0x7d
 870 0090 10       		.sleb128 16
 871 0091 06000000 		.4byte	.LCFI8
 872 0095 3C030000 		.4byte	.LFE31
 873 0099 0200     		.2byte	0x2
 874 009b 77       		.byte	0x77
 875 009c 10       		.sleb128 16
 876 009d 00000000 		.4byte	0x0
 877 00a1 00000000 		.4byte	0x0
 878              		.file 2 "c:\\program files (x86)\\cypress\\psoc creator\\2.2\\psoc creator\\import\\gnu_cs\\arm\\4
 879              		.file 3 "./Generated_Source/PSoC5/cytypes.h"
 880              		.file 4 "..\\..\\..\\Drive_Platform\\DrivePlatform.cydsn\\/types.h"
 881              		.file 5 "..\\..\\..\\Drive_Platform\\DrivePlatform.cydsn\\/scheduler.h"
 882              		.file 6 "./Generated_Source/PSoC5/core_cm3.h"
 883              		.section	.debug_info
ARM GAS  C:\Users\Martin\AppData\Local\Temp\cc5MMMyG.s 			page 20


 884 0000 79020000 		.4byte	0x279
 885 0004 0200     		.2byte	0x2
 886 0006 00000000 		.4byte	.Ldebug_abbrev0
 887 000a 04       		.byte	0x4
 888 000b 01       		.uleb128 0x1
 889 000c E3010000 		.4byte	.LASF32
 890 0010 01       		.byte	0x1
 891 0011 6F010000 		.4byte	.LASF33
 892 0015 F5000000 		.4byte	.LASF34
 893 0019 00000000 		.4byte	0x0
 894 001d 00000000 		.4byte	0x0
 895 0021 00000000 		.4byte	.Ldebug_ranges0+0x0
 896 0025 00000000 		.4byte	.Ldebug_line0
 897 0029 02       		.uleb128 0x2
 898 002a 01       		.byte	0x1
 899 002b 06       		.byte	0x6
 900 002c 23020000 		.4byte	.LASF0
 901 0030 03       		.uleb128 0x3
 902 0031 BE010000 		.4byte	.LASF9
 903 0035 02       		.byte	0x2
 904 0036 2A       		.byte	0x2a
 905 0037 3B000000 		.4byte	0x3b
 906 003b 02       		.uleb128 0x2
 907 003c 01       		.byte	0x1
 908 003d 08       		.byte	0x8
 909 003e 68000000 		.4byte	.LASF1
 910 0042 02       		.uleb128 0x2
 911 0043 02       		.byte	0x2
 912 0044 05       		.byte	0x5
 913 0045 FD010000 		.4byte	.LASF2
 914 0049 02       		.uleb128 0x2
 915 004a 02       		.byte	0x2
 916 004b 07       		.byte	0x7
 917 004c A1000000 		.4byte	.LASF3
 918 0050 02       		.uleb128 0x2
 919 0051 04       		.byte	0x4
 920 0052 05       		.byte	0x5
 921 0053 1A020000 		.4byte	.LASF4
 922 0057 02       		.uleb128 0x2
 923 0058 04       		.byte	0x4
 924 0059 07       		.byte	0x7
 925 005a 8F000000 		.4byte	.LASF5
 926 005e 02       		.uleb128 0x2
 927 005f 08       		.byte	0x8
 928 0060 05       		.byte	0x5
 929 0061 00000000 		.4byte	.LASF6
 930 0065 02       		.uleb128 0x2
 931 0066 08       		.byte	0x8
 932 0067 07       		.byte	0x7
 933 0068 A7010000 		.4byte	.LASF7
 934 006c 04       		.uleb128 0x4
 935 006d 04       		.byte	0x4
 936 006e 05       		.byte	0x5
 937 006f 696E7400 		.ascii	"int\000"
 938 0073 02       		.uleb128 0x2
 939 0074 04       		.byte	0x4
 940 0075 07       		.byte	0x7
ARM GAS  C:\Users\Martin\AppData\Local\Temp\cc5MMMyG.s 			page 21


 941 0076 62010000 		.4byte	.LASF8
 942 007a 03       		.uleb128 0x3
 943 007b 07020000 		.4byte	.LASF10
 944 007f 03       		.byte	0x3
 945 0080 4C       		.byte	0x4c
 946 0081 3B000000 		.4byte	0x3b
 947 0085 02       		.uleb128 0x2
 948 0086 04       		.byte	0x4
 949 0087 04       		.byte	0x4
 950 0088 5B000000 		.4byte	.LASF11
 951 008c 02       		.uleb128 0x2
 952 008d 08       		.byte	0x8
 953 008e 04       		.byte	0x4
 954 008f C7000000 		.4byte	.LASF12
 955 0093 02       		.uleb128 0x2
 956 0094 01       		.byte	0x1
 957 0095 08       		.byte	0x8
 958 0096 EF010000 		.4byte	.LASF13
 959 009a 05       		.uleb128 0x5
 960 009b 04       		.byte	0x4
 961 009c 07       		.byte	0x7
 962 009d 03       		.uleb128 0x3
 963 009e C1000000 		.4byte	.LASF14
 964 00a2 04       		.byte	0x4
 965 00a3 0E       		.byte	0xe
 966 00a4 7A000000 		.4byte	0x7a
 967 00a8 03       		.uleb128 0x3
 968 00a9 61000000 		.4byte	.LASF15
 969 00ad 04       		.byte	0x4
 970 00ae 0F       		.byte	0xf
 971 00af 7A000000 		.4byte	0x7a
 972 00b3 03       		.uleb128 0x3
 973 00b4 1B000000 		.4byte	.LASF16
 974 00b8 04       		.byte	0x4
 975 00b9 10       		.byte	0x10
 976 00ba 30000000 		.4byte	0x30
 977 00be 03       		.uleb128 0x3
 978 00bf D5010000 		.4byte	.LASF17
 979 00c3 05       		.byte	0x5
 980 00c4 1E       		.byte	0x1e
 981 00c5 C9000000 		.4byte	0xc9
 982 00c9 06       		.uleb128 0x6
 983 00ca 04       		.byte	0x4
 984 00cb CF000000 		.4byte	0xcf
 985 00cf 07       		.uleb128 0x7
 986 00d0 01       		.byte	0x1
 987 00d1 A8000000 		.4byte	0xa8
 988 00d5 08       		.uleb128 0x8
 989 00d6 DC000000 		.4byte	.LASF35
 990 00da 1C       		.byte	0x1c
 991 00db 05       		.byte	0x5
 992 00dc 22       		.byte	0x22
 993 00dd 36010000 		.4byte	0x136
 994 00e1 09       		.uleb128 0x9
 995 00e2 3F000000 		.4byte	.LASF18
 996 00e6 05       		.byte	0x5
 997 00e7 23       		.byte	0x23
ARM GAS  C:\Users\Martin\AppData\Local\Temp\cc5MMMyG.s 			page 22


 998 00e8 36010000 		.4byte	0x136
 999 00ec 02       		.byte	0x2
 1000 00ed 23       		.byte	0x23
 1001 00ee 00       		.uleb128 0x0
 1002 00ef 09       		.uleb128 0x9
 1003 00f0 44000000 		.4byte	.LASF19
 1004 00f4 05       		.byte	0x5
 1005 00f5 24       		.byte	0x24
 1006 00f6 9D000000 		.4byte	0x9d
 1007 00fa 02       		.byte	0x2
 1008 00fb 23       		.byte	0x23
 1009 00fc 08       		.uleb128 0x8
 1010 00fd 09       		.uleb128 0x9
 1011 00fe D3000000 		.4byte	.LASF20
 1012 0102 05       		.byte	0x5
 1013 0103 25       		.byte	0x25
 1014 0104 9D000000 		.4byte	0x9d
 1015 0108 02       		.byte	0x2
 1016 0109 23       		.byte	0x23
 1017 010a 09       		.uleb128 0x9
 1018 010b 09       		.uleb128 0x9
 1019 010c 3A000000 		.4byte	.LASF21
 1020 0110 05       		.byte	0x5
 1021 0111 26       		.byte	0x26
 1022 0112 BE000000 		.4byte	0xbe
 1023 0116 02       		.byte	0x2
 1024 0117 23       		.byte	0x23
 1025 0118 0C       		.uleb128 0xc
 1026 0119 09       		.uleb128 0x9
 1027 011a CE000000 		.4byte	.LASF22
 1028 011e 05       		.byte	0x5
 1029 011f 27       		.byte	0x27
 1030 0120 BE000000 		.4byte	0xbe
 1031 0124 02       		.byte	0x2
 1032 0125 23       		.byte	0x23
 1033 0126 10       		.uleb128 0x10
 1034 0127 09       		.uleb128 0x9
 1035 0128 76000000 		.4byte	.LASF23
 1036 012c 05       		.byte	0x5
 1037 012d 28       		.byte	0x28
 1038 012e 36010000 		.4byte	0x136
 1039 0132 02       		.byte	0x2
 1040 0133 23       		.byte	0x23
 1041 0134 14       		.uleb128 0x14
 1042 0135 00       		.byte	0x0
 1043 0136 0A       		.uleb128 0xa
 1044 0137 9D000000 		.4byte	0x9d
 1045 013b 46010000 		.4byte	0x146
 1046 013f 0B       		.uleb128 0xb
 1047 0140 9A000000 		.4byte	0x9a
 1048 0144 07       		.byte	0x7
 1049 0145 00       		.byte	0x0
 1050 0146 03       		.uleb128 0x3
 1051 0147 EC000000 		.4byte	.LASF24
 1052 014b 05       		.byte	0x5
 1053 014c 29       		.byte	0x29
 1054 014d D5000000 		.4byte	0xd5
ARM GAS  C:\Users\Martin\AppData\Local\Temp\cc5MMMyG.s 			page 23


 1055 0151 0C       		.uleb128 0xc
 1056 0152 29000000 		.4byte	.LASF36
 1057 0156 01       		.byte	0x1
 1058 0157 26       		.byte	0x26
 1059 0158 01       		.byte	0x1
 1060 0159 9D000000 		.4byte	0x9d
 1061 015d 00000000 		.4byte	.LFB29
 1062 0161 64000000 		.4byte	.LFE29
 1063 0165 00000000 		.4byte	.LLST0
 1064 0169 96010000 		.4byte	0x196
 1065 016d 0D       		.uleb128 0xd
 1066 016e 20000000 		.4byte	.LASF37
 1067 0172 01       		.byte	0x1
 1068 0173 26       		.byte	0x26
 1069 0174 96010000 		.4byte	0x196
 1070 0178 02       		.byte	0x2
 1071 0179 91       		.byte	0x91
 1072 017a 6C       		.sleb128 -20
 1073 017b 0E       		.uleb128 0xe
 1074 017c 6900     		.ascii	"i\000"
 1075 017e 01       		.byte	0x1
 1076 017f 28       		.byte	0x28
 1077 0180 6C000000 		.4byte	0x6c
 1078 0184 02       		.byte	0x2
 1079 0185 91       		.byte	0x91
 1080 0186 70       		.sleb128 -16
 1081 0187 0E       		.uleb128 0xe
 1082 0188 69647800 		.ascii	"idx\000"
 1083 018c 01       		.byte	0x1
 1084 018d 29       		.byte	0x29
 1085 018e 9D000000 		.4byte	0x9d
 1086 0192 02       		.byte	0x2
 1087 0193 91       		.byte	0x91
 1088 0194 77       		.sleb128 -9
 1089 0195 00       		.byte	0x0
 1090 0196 06       		.uleb128 0x6
 1091 0197 04       		.byte	0x4
 1092 0198 9D000000 		.4byte	0x9d
 1093 019c 0F       		.uleb128 0xf
 1094 019d 01       		.byte	0x1
 1095 019e 4B000000 		.4byte	.LASF27
 1096 01a2 01       		.byte	0x1
 1097 01a3 36       		.byte	0x36
 1098 01a4 01       		.byte	0x1
 1099 01a5 00000000 		.4byte	.LFB30
 1100 01a9 04030000 		.4byte	.LFE30
 1101 01ad 37000000 		.4byte	.LLST1
 1102 01b1 E0010000 		.4byte	0x1e0
 1103 01b5 10       		.uleb128 0x10
 1104 01b6 44000000 		.4byte	.LASF19
 1105 01ba 01       		.byte	0x1
 1106 01bb 38       		.byte	0x38
 1107 01bc A8000000 		.4byte	0xa8
 1108 01c0 02       		.byte	0x2
 1109 01c1 91       		.byte	0x91
 1110 01c2 75       		.sleb128 -11
 1111 01c3 10       		.uleb128 0x10
ARM GAS  C:\Users\Martin\AppData\Local\Temp\cc5MMMyG.s 			page 24


 1112 01c4 0E000000 		.4byte	.LASF25
 1113 01c8 01       		.byte	0x1
 1114 01c9 39       		.byte	0x39
 1115 01ca 9D000000 		.4byte	0x9d
 1116 01ce 02       		.byte	0x2
 1117 01cf 91       		.byte	0x91
 1118 01d0 76       		.sleb128 -10
 1119 01d1 10       		.uleb128 0x10
 1120 01d2 0D020000 		.4byte	.LASF26
 1121 01d6 01       		.byte	0x1
 1122 01d7 3A       		.byte	0x3a
 1123 01d8 B3000000 		.4byte	0xb3
 1124 01dc 02       		.byte	0x2
 1125 01dd 91       		.byte	0x91
 1126 01de 77       		.sleb128 -9
 1127 01df 00       		.byte	0x0
 1128 01e0 0F       		.uleb128 0xf
 1129 01e1 01       		.byte	0x1
 1130 01e2 2F020000 		.4byte	.LASF28
 1131 01e6 01       		.byte	0x1
 1132 01e7 92       		.byte	0x92
 1133 01e8 01       		.byte	0x1
 1134 01e9 00000000 		.4byte	.LFB31
 1135 01ed 3C030000 		.4byte	.LFE31
 1136 01f1 6E000000 		.4byte	.LLST2
 1137 01f5 06020000 		.4byte	0x206
 1138 01f9 0E       		.uleb128 0xe
 1139 01fa 6900     		.ascii	"i\000"
 1140 01fc 01       		.byte	0x1
 1141 01fd 94       		.byte	0x94
 1142 01fe 6C000000 		.4byte	0x6c
 1143 0202 02       		.byte	0x2
 1144 0203 91       		.byte	0x91
 1145 0204 74       		.sleb128 -12
 1146 0205 00       		.byte	0x0
 1147 0206 10       		.uleb128 0x10
 1148 0207 81000000 		.4byte	.LASF29
 1149 020b 01       		.byte	0x1
 1150 020c 13       		.byte	0x13
 1151 020d 6C000000 		.4byte	0x6c
 1152 0211 05       		.byte	0x5
 1153 0212 03       		.byte	0x3
 1154 0213 00000000 		.4byte	SCH_TaskIndex
 1155 0217 0A       		.uleb128 0xa
 1156 0218 46010000 		.4byte	0x146
 1157 021c 27020000 		.4byte	0x227
 1158 0220 0B       		.uleb128 0xb
 1159 0221 9A000000 		.4byte	0x9a
 1160 0225 06       		.byte	0x6
 1161 0226 00       		.byte	0x0
 1162 0227 10       		.uleb128 0x10
 1163 0228 F4010000 		.4byte	.LASF30
 1164 022c 01       		.byte	0x1
 1165 022d 14       		.byte	0x14
 1166 022e 17020000 		.4byte	0x217
 1167 0232 05       		.byte	0x5
 1168 0233 03       		.byte	0x3
ARM GAS  C:\Users\Martin\AppData\Local\Temp\cc5MMMyG.s 			page 25


 1169 0234 00000000 		.4byte	SCH_Task
 1170 0238 0A       		.uleb128 0xa
 1171 0239 9D000000 		.4byte	0x9d
 1172 023d 49020000 		.4byte	0x249
 1173 0241 11       		.uleb128 0x11
 1174 0242 9A000000 		.4byte	0x9a
 1175 0246 FF03     		.2byte	0x3ff
 1176 0248 00       		.byte	0x0
 1177 0249 10       		.uleb128 0x10
 1178 024a C6010000 		.4byte	.LASF31
 1179 024e 01       		.byte	0x1
 1180 024f 8F       		.byte	0x8f
 1181 0250 38020000 		.4byte	0x238
 1182 0254 05       		.byte	0x5
 1183 0255 03       		.byte	0x3
 1184 0256 04000000 		.4byte	SCH_TaskBuffer
 1185 025a 0E       		.uleb128 0xe
 1186 025b 6E00     		.ascii	"n\000"
 1187 025d 01       		.byte	0x1
 1188 025e 90       		.byte	0x90
 1189 025f 6C000000 		.4byte	0x6c
 1190 0263 05       		.byte	0x5
 1191 0264 03       		.byte	0x3
 1192 0265 04040000 		.4byte	n
 1193 0269 12       		.uleb128 0x12
 1194 026a B4000000 		.4byte	.LASF38
 1195 026e 06       		.byte	0x6
 1196 026f CE06     		.2byte	0x6ce
 1197 0271 77020000 		.4byte	0x277
 1198 0275 01       		.byte	0x1
 1199 0276 01       		.byte	0x1
 1200 0277 13       		.uleb128 0x13
 1201 0278 6C000000 		.4byte	0x6c
 1202 027c 00       		.byte	0x0
 1203              		.section	.debug_abbrev
 1204 0000 01       		.uleb128 0x1
 1205 0001 11       		.uleb128 0x11
 1206 0002 01       		.byte	0x1
 1207 0003 25       		.uleb128 0x25
 1208 0004 0E       		.uleb128 0xe
 1209 0005 13       		.uleb128 0x13
 1210 0006 0B       		.uleb128 0xb
 1211 0007 03       		.uleb128 0x3
 1212 0008 0E       		.uleb128 0xe
 1213 0009 1B       		.uleb128 0x1b
 1214 000a 0E       		.uleb128 0xe
 1215 000b 11       		.uleb128 0x11
 1216 000c 01       		.uleb128 0x1
 1217 000d 52       		.uleb128 0x52
 1218 000e 01       		.uleb128 0x1
 1219 000f 55       		.uleb128 0x55
 1220 0010 06       		.uleb128 0x6
 1221 0011 10       		.uleb128 0x10
 1222 0012 06       		.uleb128 0x6
 1223 0013 00       		.byte	0x0
 1224 0014 00       		.byte	0x0
 1225 0015 02       		.uleb128 0x2
ARM GAS  C:\Users\Martin\AppData\Local\Temp\cc5MMMyG.s 			page 26


 1226 0016 24       		.uleb128 0x24
 1227 0017 00       		.byte	0x0
 1228 0018 0B       		.uleb128 0xb
 1229 0019 0B       		.uleb128 0xb
 1230 001a 3E       		.uleb128 0x3e
 1231 001b 0B       		.uleb128 0xb
 1232 001c 03       		.uleb128 0x3
 1233 001d 0E       		.uleb128 0xe
 1234 001e 00       		.byte	0x0
 1235 001f 00       		.byte	0x0
 1236 0020 03       		.uleb128 0x3
 1237 0021 16       		.uleb128 0x16
 1238 0022 00       		.byte	0x0
 1239 0023 03       		.uleb128 0x3
 1240 0024 0E       		.uleb128 0xe
 1241 0025 3A       		.uleb128 0x3a
 1242 0026 0B       		.uleb128 0xb
 1243 0027 3B       		.uleb128 0x3b
 1244 0028 0B       		.uleb128 0xb
 1245 0029 49       		.uleb128 0x49
 1246 002a 13       		.uleb128 0x13
 1247 002b 00       		.byte	0x0
 1248 002c 00       		.byte	0x0
 1249 002d 04       		.uleb128 0x4
 1250 002e 24       		.uleb128 0x24
 1251 002f 00       		.byte	0x0
 1252 0030 0B       		.uleb128 0xb
 1253 0031 0B       		.uleb128 0xb
 1254 0032 3E       		.uleb128 0x3e
 1255 0033 0B       		.uleb128 0xb
 1256 0034 03       		.uleb128 0x3
 1257 0035 08       		.uleb128 0x8
 1258 0036 00       		.byte	0x0
 1259 0037 00       		.byte	0x0
 1260 0038 05       		.uleb128 0x5
 1261 0039 24       		.uleb128 0x24
 1262 003a 00       		.byte	0x0
 1263 003b 0B       		.uleb128 0xb
 1264 003c 0B       		.uleb128 0xb
 1265 003d 3E       		.uleb128 0x3e
 1266 003e 0B       		.uleb128 0xb
 1267 003f 00       		.byte	0x0
 1268 0040 00       		.byte	0x0
 1269 0041 06       		.uleb128 0x6
 1270 0042 0F       		.uleb128 0xf
 1271 0043 00       		.byte	0x0
 1272 0044 0B       		.uleb128 0xb
 1273 0045 0B       		.uleb128 0xb
 1274 0046 49       		.uleb128 0x49
 1275 0047 13       		.uleb128 0x13
 1276 0048 00       		.byte	0x0
 1277 0049 00       		.byte	0x0
 1278 004a 07       		.uleb128 0x7
 1279 004b 15       		.uleb128 0x15
 1280 004c 00       		.byte	0x0
 1281 004d 27       		.uleb128 0x27
 1282 004e 0C       		.uleb128 0xc
ARM GAS  C:\Users\Martin\AppData\Local\Temp\cc5MMMyG.s 			page 27


 1283 004f 49       		.uleb128 0x49
 1284 0050 13       		.uleb128 0x13
 1285 0051 00       		.byte	0x0
 1286 0052 00       		.byte	0x0
 1287 0053 08       		.uleb128 0x8
 1288 0054 13       		.uleb128 0x13
 1289 0055 01       		.byte	0x1
 1290 0056 03       		.uleb128 0x3
 1291 0057 0E       		.uleb128 0xe
 1292 0058 0B       		.uleb128 0xb
 1293 0059 0B       		.uleb128 0xb
 1294 005a 3A       		.uleb128 0x3a
 1295 005b 0B       		.uleb128 0xb
 1296 005c 3B       		.uleb128 0x3b
 1297 005d 0B       		.uleb128 0xb
 1298 005e 01       		.uleb128 0x1
 1299 005f 13       		.uleb128 0x13
 1300 0060 00       		.byte	0x0
 1301 0061 00       		.byte	0x0
 1302 0062 09       		.uleb128 0x9
 1303 0063 0D       		.uleb128 0xd
 1304 0064 00       		.byte	0x0
 1305 0065 03       		.uleb128 0x3
 1306 0066 0E       		.uleb128 0xe
 1307 0067 3A       		.uleb128 0x3a
 1308 0068 0B       		.uleb128 0xb
 1309 0069 3B       		.uleb128 0x3b
 1310 006a 0B       		.uleb128 0xb
 1311 006b 49       		.uleb128 0x49
 1312 006c 13       		.uleb128 0x13
 1313 006d 38       		.uleb128 0x38
 1314 006e 0A       		.uleb128 0xa
 1315 006f 00       		.byte	0x0
 1316 0070 00       		.byte	0x0
 1317 0071 0A       		.uleb128 0xa
 1318 0072 01       		.uleb128 0x1
 1319 0073 01       		.byte	0x1
 1320 0074 49       		.uleb128 0x49
 1321 0075 13       		.uleb128 0x13
 1322 0076 01       		.uleb128 0x1
 1323 0077 13       		.uleb128 0x13
 1324 0078 00       		.byte	0x0
 1325 0079 00       		.byte	0x0
 1326 007a 0B       		.uleb128 0xb
 1327 007b 21       		.uleb128 0x21
 1328 007c 00       		.byte	0x0
 1329 007d 49       		.uleb128 0x49
 1330 007e 13       		.uleb128 0x13
 1331 007f 2F       		.uleb128 0x2f
 1332 0080 0B       		.uleb128 0xb
 1333 0081 00       		.byte	0x0
 1334 0082 00       		.byte	0x0
 1335 0083 0C       		.uleb128 0xc
 1336 0084 2E       		.uleb128 0x2e
 1337 0085 01       		.byte	0x1
 1338 0086 03       		.uleb128 0x3
 1339 0087 0E       		.uleb128 0xe
ARM GAS  C:\Users\Martin\AppData\Local\Temp\cc5MMMyG.s 			page 28


 1340 0088 3A       		.uleb128 0x3a
 1341 0089 0B       		.uleb128 0xb
 1342 008a 3B       		.uleb128 0x3b
 1343 008b 0B       		.uleb128 0xb
 1344 008c 27       		.uleb128 0x27
 1345 008d 0C       		.uleb128 0xc
 1346 008e 49       		.uleb128 0x49
 1347 008f 13       		.uleb128 0x13
 1348 0090 11       		.uleb128 0x11
 1349 0091 01       		.uleb128 0x1
 1350 0092 12       		.uleb128 0x12
 1351 0093 01       		.uleb128 0x1
 1352 0094 40       		.uleb128 0x40
 1353 0095 06       		.uleb128 0x6
 1354 0096 01       		.uleb128 0x1
 1355 0097 13       		.uleb128 0x13
 1356 0098 00       		.byte	0x0
 1357 0099 00       		.byte	0x0
 1358 009a 0D       		.uleb128 0xd
 1359 009b 05       		.uleb128 0x5
 1360 009c 00       		.byte	0x0
 1361 009d 03       		.uleb128 0x3
 1362 009e 0E       		.uleb128 0xe
 1363 009f 3A       		.uleb128 0x3a
 1364 00a0 0B       		.uleb128 0xb
 1365 00a1 3B       		.uleb128 0x3b
 1366 00a2 0B       		.uleb128 0xb
 1367 00a3 49       		.uleb128 0x49
 1368 00a4 13       		.uleb128 0x13
 1369 00a5 02       		.uleb128 0x2
 1370 00a6 0A       		.uleb128 0xa
 1371 00a7 00       		.byte	0x0
 1372 00a8 00       		.byte	0x0
 1373 00a9 0E       		.uleb128 0xe
 1374 00aa 34       		.uleb128 0x34
 1375 00ab 00       		.byte	0x0
 1376 00ac 03       		.uleb128 0x3
 1377 00ad 08       		.uleb128 0x8
 1378 00ae 3A       		.uleb128 0x3a
 1379 00af 0B       		.uleb128 0xb
 1380 00b0 3B       		.uleb128 0x3b
 1381 00b1 0B       		.uleb128 0xb
 1382 00b2 49       		.uleb128 0x49
 1383 00b3 13       		.uleb128 0x13
 1384 00b4 02       		.uleb128 0x2
 1385 00b5 0A       		.uleb128 0xa
 1386 00b6 00       		.byte	0x0
 1387 00b7 00       		.byte	0x0
 1388 00b8 0F       		.uleb128 0xf
 1389 00b9 2E       		.uleb128 0x2e
 1390 00ba 01       		.byte	0x1
 1391 00bb 3F       		.uleb128 0x3f
 1392 00bc 0C       		.uleb128 0xc
 1393 00bd 03       		.uleb128 0x3
 1394 00be 0E       		.uleb128 0xe
 1395 00bf 3A       		.uleb128 0x3a
 1396 00c0 0B       		.uleb128 0xb
ARM GAS  C:\Users\Martin\AppData\Local\Temp\cc5MMMyG.s 			page 29


 1397 00c1 3B       		.uleb128 0x3b
 1398 00c2 0B       		.uleb128 0xb
 1399 00c3 27       		.uleb128 0x27
 1400 00c4 0C       		.uleb128 0xc
 1401 00c5 11       		.uleb128 0x11
 1402 00c6 01       		.uleb128 0x1
 1403 00c7 12       		.uleb128 0x12
 1404 00c8 01       		.uleb128 0x1
 1405 00c9 40       		.uleb128 0x40
 1406 00ca 06       		.uleb128 0x6
 1407 00cb 01       		.uleb128 0x1
 1408 00cc 13       		.uleb128 0x13
 1409 00cd 00       		.byte	0x0
 1410 00ce 00       		.byte	0x0
 1411 00cf 10       		.uleb128 0x10
 1412 00d0 34       		.uleb128 0x34
 1413 00d1 00       		.byte	0x0
 1414 00d2 03       		.uleb128 0x3
 1415 00d3 0E       		.uleb128 0xe
 1416 00d4 3A       		.uleb128 0x3a
 1417 00d5 0B       		.uleb128 0xb
 1418 00d6 3B       		.uleb128 0x3b
 1419 00d7 0B       		.uleb128 0xb
 1420 00d8 49       		.uleb128 0x49
 1421 00d9 13       		.uleb128 0x13
 1422 00da 02       		.uleb128 0x2
 1423 00db 0A       		.uleb128 0xa
 1424 00dc 00       		.byte	0x0
 1425 00dd 00       		.byte	0x0
 1426 00de 11       		.uleb128 0x11
 1427 00df 21       		.uleb128 0x21
 1428 00e0 00       		.byte	0x0
 1429 00e1 49       		.uleb128 0x49
 1430 00e2 13       		.uleb128 0x13
 1431 00e3 2F       		.uleb128 0x2f
 1432 00e4 05       		.uleb128 0x5
 1433 00e5 00       		.byte	0x0
 1434 00e6 00       		.byte	0x0
 1435 00e7 12       		.uleb128 0x12
 1436 00e8 34       		.uleb128 0x34
 1437 00e9 00       		.byte	0x0
 1438 00ea 03       		.uleb128 0x3
 1439 00eb 0E       		.uleb128 0xe
 1440 00ec 3A       		.uleb128 0x3a
 1441 00ed 0B       		.uleb128 0xb
 1442 00ee 3B       		.uleb128 0x3b
 1443 00ef 05       		.uleb128 0x5
 1444 00f0 49       		.uleb128 0x49
 1445 00f1 13       		.uleb128 0x13
 1446 00f2 3F       		.uleb128 0x3f
 1447 00f3 0C       		.uleb128 0xc
 1448 00f4 3C       		.uleb128 0x3c
 1449 00f5 0C       		.uleb128 0xc
 1450 00f6 00       		.byte	0x0
 1451 00f7 00       		.byte	0x0
 1452 00f8 13       		.uleb128 0x13
 1453 00f9 35       		.uleb128 0x35
ARM GAS  C:\Users\Martin\AppData\Local\Temp\cc5MMMyG.s 			page 30


 1454 00fa 00       		.byte	0x0
 1455 00fb 49       		.uleb128 0x49
 1456 00fc 13       		.uleb128 0x13
 1457 00fd 00       		.byte	0x0
 1458 00fe 00       		.byte	0x0
 1459 00ff 00       		.byte	0x0
 1460              		.section	.debug_pubnames,"",%progbits
 1461 0000 3B000000 		.4byte	0x3b
 1462 0004 0200     		.2byte	0x2
 1463 0006 00000000 		.4byte	.Ldebug_info0
 1464 000a 7D020000 		.4byte	0x27d
 1465 000e 9C010000 		.4byte	0x19c
 1466 0012 5343485F 		.ascii	"SCH_TaskHandler\000"
 1466      5461736B 
 1466      48616E64 
 1466      6C657200 
 1467 0022 E0010000 		.4byte	0x1e0
 1468 0026 5343485F 		.ascii	"SCH_ShowCurrentTasks\000"
 1468      53686F77 
 1468      43757272 
 1468      656E7454 
 1468      61736B73 
 1469 003b 00000000 		.4byte	0x0
 1470              		.section	.debug_aranges,"",%progbits
 1471 0000 2C000000 		.4byte	0x2c
 1472 0004 0200     		.2byte	0x2
 1473 0006 00000000 		.4byte	.Ldebug_info0
 1474 000a 04       		.byte	0x4
 1475 000b 00       		.byte	0x0
 1476 000c 0000     		.2byte	0x0
 1477 000e 0000     		.2byte	0x0
 1478 0010 00000000 		.4byte	.LFB29
 1479 0014 64000000 		.4byte	.LFE29-.LFB29
 1480 0018 00000000 		.4byte	.LFB30
 1481 001c 04030000 		.4byte	.LFE30-.LFB30
 1482 0020 00000000 		.4byte	.LFB31
 1483 0024 3C030000 		.4byte	.LFE31-.LFB31
 1484 0028 00000000 		.4byte	0x0
 1485 002c 00000000 		.4byte	0x0
 1486              		.section	.debug_ranges,"",%progbits
 1487              	.Ldebug_ranges0:
 1488 0000 00000000 		.4byte	.Ltext0
 1489 0004 00000000 		.4byte	.Letext0
 1490 0008 00000000 		.4byte	.LFB29
 1491 000c 64000000 		.4byte	.LFE29
 1492 0010 00000000 		.4byte	.LFB30
 1493 0014 04030000 		.4byte	.LFE30
 1494 0018 00000000 		.4byte	.LFB31
 1495 001c 3C030000 		.4byte	.LFE31
 1496 0020 00000000 		.4byte	0x0
 1497 0024 00000000 		.4byte	0x0
 1498              		.section	.debug_str,"MS",%progbits,1
 1499              	.LASF6:
 1500 0000 6C6F6E67 		.ascii	"long long int\000"
 1500      206C6F6E 
 1500      6720696E 
 1500      7400
ARM GAS  C:\Users\Martin\AppData\Local\Temp\cc5MMMyG.s 			page 31


 1501              	.LASF25:
 1502 000e 64657054 		.ascii	"depTaskIndex\000"
 1502      61736B49 
 1502      6E646578 
 1502      00
 1503              	.LASF16:
 1504 001b 424F4F4C 		.ascii	"BOOL\000"
 1504      00
 1505              	.LASF37:
 1506 0020 7461736B 		.ascii	"taskName\000"
 1506      4E616D65 
 1506      00
 1507              	.LASF36:
 1508 0029 5343485F 		.ascii	"SCH_GetTaskIndex\000"
 1508      47657454 
 1508      61736B49 
 1508      6E646578 
 1508      00
 1509              	.LASF21:
 1510 003a 696E6974 		.ascii	"init\000"
 1510      00
 1511              	.LASF18:
 1512 003f 6E616D65 		.ascii	"name\000"
 1512      00
 1513              	.LASF19:
 1514 0044 73746174 		.ascii	"status\000"
 1514      757300
 1515              	.LASF27:
 1516 004b 5343485F 		.ascii	"SCH_TaskHandler\000"
 1516      5461736B 
 1516      48616E64 
 1516      6C657200 
 1517              	.LASF11:
 1518 005b 666C6F61 		.ascii	"float\000"
 1518      7400
 1519              	.LASF15:
 1520 0061 53544154 		.ascii	"STATUS\000"
 1520      555300
 1521              	.LASF1:
 1522 0068 756E7369 		.ascii	"unsigned char\000"
 1522      676E6564 
 1522      20636861 
 1522      7200
 1523              	.LASF23:
 1524 0076 64657065 		.ascii	"dependency\000"
 1524      6E64656E 
 1524      637900
 1525              	.LASF29:
 1526 0081 5343485F 		.ascii	"SCH_TaskIndex\000"
 1526      5461736B 
 1526      496E6465 
 1526      7800
 1527              	.LASF5:
 1528 008f 6C6F6E67 		.ascii	"long unsigned int\000"
 1528      20756E73 
 1528      69676E65 
 1528      6420696E 
ARM GAS  C:\Users\Martin\AppData\Local\Temp\cc5MMMyG.s 			page 32


 1528      7400
 1529              	.LASF3:
 1530 00a1 73686F72 		.ascii	"short unsigned int\000"
 1530      7420756E 
 1530      7369676E 
 1530      65642069 
 1530      6E7400
 1531              	.LASF38:
 1532 00b4 49544D5F 		.ascii	"ITM_RxBuffer\000"
 1532      52784275 
 1532      66666572 
 1532      00
 1533              	.LASF14:
 1534 00c1 75636861 		.ascii	"uchar\000"
 1534      7200
 1535              	.LASF12:
 1536 00c7 646F7562 		.ascii	"double\000"
 1536      6C6500
 1537              	.LASF22:
 1538 00ce 66756E63 		.ascii	"func\000"
 1538      00
 1539              	.LASF20:
 1540 00d3 7072696F 		.ascii	"priority\000"
 1540      72697479 
 1540      00
 1541              	.LASF35:
 1542 00dc 5F736368 		.ascii	"_scheduler_task\000"
 1542      6564756C 
 1542      65725F74 
 1542      61736B00 
 1543              	.LASF24:
 1544 00ec 5343485F 		.ascii	"SCH_TASK\000"
 1544      5441534B 
 1544      00
 1545              	.LASF34:
 1546 00f5 583A5C47 		.ascii	"X:\\GitHub_roboticscode\\roboticscode\\psoc\\psoc_c"
 1546      69744875 
 1546      625F726F 
 1546      626F7469 
 1546      6373636F 
 1547 0124 72656174 		.ascii	"reator_2.2\\DrivePlatform2\\DrivePlatform2\\DrivePl"
 1547      6F725F32 
 1547      2E325C44 
 1547      72697665 
 1547      506C6174 
 1548 0154 6174666F 		.ascii	"atform2.cydsn\000"
 1548      726D322E 
 1548      63796473 
 1548      6E00
 1549              	.LASF8:
 1550 0162 756E7369 		.ascii	"unsigned int\000"
 1550      676E6564 
 1550      20696E74 
 1550      00
 1551              	.LASF33:
 1552 016f 2E2E5C2E 		.ascii	"..\\..\\..\\Drive_Platform\\DrivePlatform.cydsn\\sc"
 1552      2E5C2E2E 
ARM GAS  C:\Users\Martin\AppData\Local\Temp\cc5MMMyG.s 			page 33


 1552      5C447269 
 1552      76655F50 
 1552      6C617466 
 1553 019d 68656475 		.ascii	"heduler.c\000"
 1553      6C65722E 
 1553      6300
 1554              	.LASF7:
 1555 01a7 6C6F6E67 		.ascii	"long long unsigned int\000"
 1555      206C6F6E 
 1555      6720756E 
 1555      7369676E 
 1555      65642069 
 1556              	.LASF9:
 1557 01be 75696E74 		.ascii	"uint8_t\000"
 1557      385F7400 
 1558              	.LASF31:
 1559 01c6 5343485F 		.ascii	"SCH_TaskBuffer\000"
 1559      5461736B 
 1559      42756666 
 1559      657200
 1560              	.LASF17:
 1561 01d5 5343485F 		.ascii	"SCH_TASK_FUNC\000"
 1561      5441534B 
 1561      5F46554E 
 1561      4300
 1562              	.LASF32:
 1563 01e3 474E5520 		.ascii	"GNU C 4.4.1\000"
 1563      4320342E 
 1563      342E3100 
 1564              	.LASF13:
 1565 01ef 63686172 		.ascii	"char\000"
 1565      00
 1566              	.LASF30:
 1567 01f4 5343485F 		.ascii	"SCH_Task\000"
 1567      5461736B 
 1567      00
 1568              	.LASF2:
 1569 01fd 73686F72 		.ascii	"short int\000"
 1569      7420696E 
 1569      7400
 1570              	.LASF10:
 1571 0207 75696E74 		.ascii	"uint8\000"
 1571      3800
 1572              	.LASF26:
 1573 020d 7461736B 		.ascii	"taskInitFlag\000"
 1573      496E6974 
 1573      466C6167 
 1573      00
 1574              	.LASF4:
 1575 021a 6C6F6E67 		.ascii	"long int\000"
 1575      20696E74 
 1575      00
 1576              	.LASF0:
 1577 0223 7369676E 		.ascii	"signed char\000"
 1577      65642063 
 1577      68617200 
 1578              	.LASF28:
ARM GAS  C:\Users\Martin\AppData\Local\Temp\cc5MMMyG.s 			page 34


 1579 022f 5343485F 		.ascii	"SCH_ShowCurrentTasks\000"
 1579      53686F77 
 1579      43757272 
 1579      656E7454 
 1579      61736B73 
 1580              		.ident	"GCC: (Sourcery G++ Lite 2010q1-188) 4.4.1"
