ARM GAS  C:\Users\Martin\AppData\Local\Temp\cc6MGj55.s 			page 1


   1              		.syntax unified
   2              		.cpu cortex-m3
   3              		.fpu softvfp
   4              		.eabi_attribute 20, 1
   5              		.eabi_attribute 21, 1
   6              		.eabi_attribute 23, 3
   7              		.eabi_attribute 24, 1
   8              		.eabi_attribute 25, 1
   9              		.eabi_attribute 26, 1
  10              		.eabi_attribute 30, 6
  11              		.eabi_attribute 18, 4
  12              		.thumb
  13              		.file	"servo_cds5500.c"
  14              		.section	.debug_abbrev,"",%progbits
  15              	.Ldebug_abbrev0:
  16              		.section	.debug_info,"",%progbits
  17              	.Ldebug_info0:
  18              		.section	.debug_line,"",%progbits
  19              	.Ldebug_line0:
  20 0000 5E010000 		.text
  20      0200D300 
  20      00000201 
  20      FB0E0D00 
  20      01010101 
  21              	.Ltext0:
  22              		.cfi_sections	.debug_frame
  23              		.section	.text.GetChecksum,"ax",%progbits
  24              		.align	2
  25              		.thumb
  26              		.thumb_func
  27              		.type	GetChecksum, %function
  28              	GetChecksum:
  29              	.LFB29:
  30              		.file 1 "..\\..\\..\\Drive_Platform\\DrivePlatform.cydsn\\servo_cds5500.c"
   1:..\..\..\Drive_Platform\DrivePlatform.cydsn/servo_cds5500.c **** /* Copyright (C) <2014> <Martin Schalk>
   2:..\..\..\Drive_Platform\DrivePlatform.cydsn/servo_cds5500.c ****  * All rights reserved.
   3:..\..\..\Drive_Platform\DrivePlatform.cydsn/servo_cds5500.c ****  *
   4:..\..\..\Drive_Platform\DrivePlatform.cydsn/servo_cds5500.c ****  * This software may be modified and distributed under the terms
   5:..\..\..\Drive_Platform\DrivePlatform.cydsn/servo_cds5500.c ****  * of the BSD license.  See the LICENSE file for details.
   6:..\..\..\Drive_Platform\DrivePlatform.cydsn/servo_cds5500.c ****  */
   7:..\..\..\Drive_Platform\DrivePlatform.cydsn/servo_cds5500.c **** 
   8:..\..\..\Drive_Platform\DrivePlatform.cydsn/servo_cds5500.c **** #include <project.h>
   9:..\..\..\Drive_Platform\DrivePlatform.cydsn/servo_cds5500.c **** #include "servo_cds5500.h"
  10:..\..\..\Drive_Platform\DrivePlatform.cydsn/servo_cds5500.c **** #include <stdio.h>
  11:..\..\..\Drive_Platform\DrivePlatform.cydsn/servo_cds5500.c **** #include "bal.h"
  12:..\..\..\Drive_Platform\DrivePlatform.cydsn/servo_cds5500.c **** 
  13:..\..\..\Drive_Platform\DrivePlatform.cydsn/servo_cds5500.c **** 
  14:..\..\..\Drive_Platform\DrivePlatform.cydsn/servo_cds5500.c **** /*------------------------ LOCAL FUNCTIONS -------------------------------*/
  15:..\..\..\Drive_Platform\DrivePlatform.cydsn/servo_cds5500.c **** 
  16:..\..\..\Drive_Platform\DrivePlatform.cydsn/servo_cds5500.c **** /**************************************************************************/
  17:..\..\..\Drive_Platform\DrivePlatform.cydsn/servo_cds5500.c **** static uint8 GetChecksum(CDS5500_MSG* msg)
  18:..\..\..\Drive_Platform\DrivePlatform.cydsn/servo_cds5500.c **** {
  31              		.loc 1 18 0
  32              		.cfi_startproc
  33              		@ args = 0, pretend = 0, frame = 16
  34              		@ frame_needed = 1, uses_anonymous_args = 0
  35              		@ link register save eliminated.
ARM GAS  C:\Users\Martin\AppData\Local\Temp\cc6MGj55.s 			page 2


  36 0000 80B4     		push	{r7}
  37              	.LCFI0:
  38              		.cfi_def_cfa_offset 4
  39 0002 85B0     		sub	sp, sp, #20
  40              	.LCFI1:
  41              		.cfi_def_cfa_offset 24
  42 0004 00AF     		add	r7, sp, #0
  43              		.cfi_offset 7, -4
  44              	.LCFI2:
  45              		.cfi_def_cfa_register 7
  46 0006 7860     		str	r0, [r7, #4]
  19:..\..\..\Drive_Platform\DrivePlatform.cydsn/servo_cds5500.c **** 	uint8 checksum = 0;
  47              		.loc 1 19 0
  48 0008 4FF00003 		mov	r3, #0
  49 000c BB73     		strb	r3, [r7, #14]
  20:..\..\..\Drive_Platform\DrivePlatform.cydsn/servo_cds5500.c ****     uint8 i;
  21:..\..\..\Drive_Platform\DrivePlatform.cydsn/servo_cds5500.c ****         
  22:..\..\..\Drive_Platform\DrivePlatform.cydsn/servo_cds5500.c ****     /* add first 3 bytes of motor message */    
  23:..\..\..\Drive_Platform\DrivePlatform.cydsn/servo_cds5500.c ****     checksum = msg->motorId + msg->length + msg->instrId;
  50              		.loc 1 23 0
  51 000e 7B68     		ldr	r3, [r7, #4]
  52 0010 9A78     		ldrb	r2, [r3, #2]	@ zero_extendqisi2
  53 0012 7B68     		ldr	r3, [r7, #4]
  54 0014 DB78     		ldrb	r3, [r3, #3]	@ zero_extendqisi2
  55 0016 1344     		add	r3, r2, r3
  56 0018 DAB2     		uxtb	r2, r3
  57 001a 7B68     		ldr	r3, [r7, #4]
  58 001c 1B79     		ldrb	r3, [r3, #4]	@ zero_extendqisi2
  59 001e 1344     		add	r3, r2, r3
  60 0020 BB73     		strb	r3, [r7, #14]
  24:..\..\..\Drive_Platform\DrivePlatform.cydsn/servo_cds5500.c ****     
  25:..\..\..\Drive_Platform\DrivePlatform.cydsn/servo_cds5500.c ****     /* add parameter bytes of motor message */   
  26:..\..\..\Drive_Platform\DrivePlatform.cydsn/servo_cds5500.c ****     for (i=0; i<msg->length-1; i++)
  61              		.loc 1 26 0
  62 0022 4FF00003 		mov	r3, #0
  63 0026 FB73     		strb	r3, [r7, #15]
  64 0028 0AE0     		b	.L2
  65              	.L3:
  27:..\..\..\Drive_Platform\DrivePlatform.cydsn/servo_cds5500.c ****         checksum += msg->instrParams[i];
  66              		.loc 1 27 0
  67 002a FA7B     		ldrb	r2, [r7, #15]	@ zero_extendqisi2
  68 002c 7B68     		ldr	r3, [r7, #4]
  69 002e 1344     		add	r3, r2, r3
  70 0030 5A79     		ldrb	r2, [r3, #5]	@ zero_extendqisi2
  71 0032 BB7B     		ldrb	r3, [r7, #14]
  72 0034 1344     		add	r3, r2, r3
  73 0036 BB73     		strb	r3, [r7, #14]
  74              		.loc 1 26 0
  75 0038 FB7B     		ldrb	r3, [r7, #15]
  76 003a 03F10103 		add	r3, r3, #1
  77 003e FB73     		strb	r3, [r7, #15]
  78              	.L2:
  79 0040 FA7B     		ldrb	r2, [r7, #15]	@ zero_extendqisi2
  80 0042 7B68     		ldr	r3, [r7, #4]
  81 0044 DB78     		ldrb	r3, [r3, #3]	@ zero_extendqisi2
  82 0046 03F1FF33 		add	r3, r3, #-1
  83 004a 9A42     		cmp	r2, r3
ARM GAS  C:\Users\Martin\AppData\Local\Temp\cc6MGj55.s 			page 3


  84 004c EDDB     		blt	.L3
  28:..\..\..\Drive_Platform\DrivePlatform.cydsn/servo_cds5500.c ****         
  29:..\..\..\Drive_Platform\DrivePlatform.cydsn/servo_cds5500.c ****     /* invert checksum */    
  30:..\..\..\Drive_Platform\DrivePlatform.cydsn/servo_cds5500.c ****     checksum = ~checksum & 0xFF; //    printf((~(ID + (messageLength) + INST_WRITE + P_GOAL_POSITIO
  85              		.loc 1 30 0
  86 004e BB7B     		ldrb	r3, [r7, #14]
  87 0050 6FEA0303 		mvn	r3, r3
  88 0054 BB73     		strb	r3, [r7, #14]
  31:..\..\..\Drive_Platform\DrivePlatform.cydsn/servo_cds5500.c **** 		
  32:..\..\..\Drive_Platform\DrivePlatform.cydsn/servo_cds5500.c **** 	return checksum;
  89              		.loc 1 32 0
  90 0056 BB7B     		ldrb	r3, [r7, #14]	@ zero_extendqisi2
  33:..\..\..\Drive_Platform\DrivePlatform.cydsn/servo_cds5500.c **** }
  91              		.loc 1 33 0
  92 0058 1846     		mov	r0, r3
  93 005a 07F11407 		add	r7, r7, #20
  94 005e BD46     		mov	sp, r7
  95 0060 80BC     		pop	{r7}
  96 0062 7047     		bx	lr
  97              		.cfi_endproc
  98              	.LFE29:
  99              		.size	GetChecksum, .-GetChecksum
 100              		.section	.text.CDS5500_SendServoMsg,"ax",%progbits
 101              		.align	2
 102              		.global	CDS5500_SendServoMsg
 103              		.thumb
 104              		.thumb_func
 105              		.type	CDS5500_SendServoMsg, %function
 106              	CDS5500_SendServoMsg:
 107              	.LFB30:
  34:..\..\..\Drive_Platform\DrivePlatform.cydsn/servo_cds5500.c **** 
  35:..\..\..\Drive_Platform\DrivePlatform.cydsn/servo_cds5500.c **** /**************************************************************************/
  36:..\..\..\Drive_Platform\DrivePlatform.cydsn/servo_cds5500.c **** STATUS CDS5500_SendServoMsg(uint8 ucMotorId, uint8 ucInstrId, uint8 ucNumParams, uint8* pucInstrPar
  37:..\..\..\Drive_Platform\DrivePlatform.cydsn/servo_cds5500.c **** {
 108              		.loc 1 37 0
 109              		.cfi_startproc
 110              		@ args = 0, pretend = 0, frame = 24
 111              		@ frame_needed = 1, uses_anonymous_args = 0
 112 0000 80B5     		push	{r7, lr}
 113              	.LCFI3:
 114              		.cfi_def_cfa_offset 8
 115 0002 86B0     		sub	sp, sp, #24
 116              	.LCFI4:
 117              		.cfi_def_cfa_offset 32
 118 0004 00AF     		add	r7, sp, #0
 119              		.cfi_offset 14, -4
 120              		.cfi_offset 7, -8
 121              	.LCFI5:
 122              		.cfi_def_cfa_register 7
 123 0006 3B60     		str	r3, [r7, #0]
 124 0008 0346     		mov	r3, r0
 125 000a FB71     		strb	r3, [r7, #7]
 126 000c 0B46     		mov	r3, r1
 127 000e BB71     		strb	r3, [r7, #6]
 128 0010 1346     		mov	r3, r2
 129 0012 7B71     		strb	r3, [r7, #5]
  38:..\..\..\Drive_Platform\DrivePlatform.cydsn/servo_cds5500.c ****     CDS5500_MSG msg;
ARM GAS  C:\Users\Martin\AppData\Local\Temp\cc6MGj55.s 			page 4


  39:..\..\..\Drive_Platform\DrivePlatform.cydsn/servo_cds5500.c ****     
  40:..\..\..\Drive_Platform\DrivePlatform.cydsn/servo_cds5500.c ****     msg.startbyte0      = START_BYTE_0_VALUE;
 130              		.loc 1 40 0
 131 0014 4FF0FF33 		mov	r3, #-1
 132 0018 3B72     		strb	r3, [r7, #8]
  41:..\..\..\Drive_Platform\DrivePlatform.cydsn/servo_cds5500.c ****     msg.startbyte1      = START_BYTE_1_VALUE;
 133              		.loc 1 41 0
 134 001a 4FF0FF33 		mov	r3, #-1
 135 001e 7B72     		strb	r3, [r7, #9]
  42:..\..\..\Drive_Platform\DrivePlatform.cydsn/servo_cds5500.c ****     msg.motorId         = ucMotorId;
 136              		.loc 1 42 0
 137 0020 FB79     		ldrb	r3, [r7, #7]
 138 0022 BB72     		strb	r3, [r7, #10]
  43:..\..\..\Drive_Platform\DrivePlatform.cydsn/servo_cds5500.c ****     msg.instrId         = ucInstrId;
 139              		.loc 1 43 0
 140 0024 BB79     		ldrb	r3, [r7, #6]
 141 0026 3B73     		strb	r3, [r7, #12]
  44:..\..\..\Drive_Platform\DrivePlatform.cydsn/servo_cds5500.c ****     
  45:..\..\..\Drive_Platform\DrivePlatform.cydsn/servo_cds5500.c ****     if ((ucNumParams > 0) && (pucInstrParams != NULL))
 142              		.loc 1 45 0
 143 0028 7B79     		ldrb	r3, [r7, #5]	@ zero_extendqisi2
 144 002a 002B     		cmp	r3, #0
 145 002c 0CD0     		beq	.L6
 146 002e 3B68     		ldr	r3, [r7, #0]
 147 0030 002B     		cmp	r3, #0
 148 0032 09D0     		beq	.L6
  46:..\..\..\Drive_Platform\DrivePlatform.cydsn/servo_cds5500.c ****         memcpy(msg.instrParams, pucInstrParams, ucNumParams);
 149              		.loc 1 46 0
 150 0034 7B79     		ldrb	r3, [r7, #5]	@ zero_extendqisi2
 151 0036 07F10802 		add	r2, r7, #8
 152 003a 02F10502 		add	r2, r2, #5
 153 003e 1046     		mov	r0, r2
 154 0040 3968     		ldr	r1, [r7, #0]
 155 0042 1A46     		mov	r2, r3
 156 0044 FFF7FEFF 		bl	memcpy
 157              	.L6:
  47:..\..\..\Drive_Platform\DrivePlatform.cydsn/servo_cds5500.c **** 
  48:..\..\..\Drive_Platform\DrivePlatform.cydsn/servo_cds5500.c ****     msg.length          = ucNumParams + 2; //number of params + 1 (instrId) + 1 (checksum)
 158              		.loc 1 48 0
 159 0048 7B79     		ldrb	r3, [r7, #5]
 160 004a 03F10203 		add	r3, r3, #2
 161 004e DBB2     		uxtb	r3, r3
 162 0050 FB72     		strb	r3, [r7, #11]
  49:..\..\..\Drive_Platform\DrivePlatform.cydsn/servo_cds5500.c ****     msg.checksum        = GetChecksum(&msg);  
 163              		.loc 1 49 0
 164 0052 07F10803 		add	r3, r7, #8
 165 0056 1846     		mov	r0, r3
 166 0058 FFF7FEFF 		bl	GetChecksum
 167 005c 0346     		mov	r3, r0
 168 005e 7B75     		strb	r3, [r7, #21]
  50:..\..\..\Drive_Platform\DrivePlatform.cydsn/servo_cds5500.c ****     
  51:..\..\..\Drive_Platform\DrivePlatform.cydsn/servo_cds5500.c ****     return BAL_ServoMsg(&msg);
 169              		.loc 1 51 0
 170 0060 07F10803 		add	r3, r7, #8
 171 0064 1846     		mov	r0, r3
 172 0066 FFF7FEFF 		bl	BAL_ServoMsg
 173 006a 0346     		mov	r3, r0
ARM GAS  C:\Users\Martin\AppData\Local\Temp\cc6MGj55.s 			page 5


  52:..\..\..\Drive_Platform\DrivePlatform.cydsn/servo_cds5500.c **** }
 174              		.loc 1 52 0
 175 006c 1846     		mov	r0, r3
 176 006e 07F11807 		add	r7, r7, #24
 177 0072 BD46     		mov	sp, r7
 178 0074 80BD     		pop	{r7, pc}
 179              		.cfi_endproc
 180              	.LFE30:
 181              		.size	CDS5500_SendServoMsg, .-CDS5500_SendServoMsg
 182 0076 00BF     		.section	.text.ServoTest,"ax",%progbits
 183              		.align	2
 184              		.global	ServoTest
 185              		.thumb
 186              		.thumb_func
 187              		.type	ServoTest, %function
 188              	ServoTest:
 189              	.LFB31:
  53:..\..\..\Drive_Platform\DrivePlatform.cydsn/servo_cds5500.c **** 
  54:..\..\..\Drive_Platform\DrivePlatform.cydsn/servo_cds5500.c **** 
  55:..\..\..\Drive_Platform\DrivePlatform.cydsn/servo_cds5500.c **** 
  56:..\..\..\Drive_Platform\DrivePlatform.cydsn/servo_cds5500.c **** /**************************************************************************/
  57:..\..\..\Drive_Platform\DrivePlatform.cydsn/servo_cds5500.c **** void ServoTest(void)
  58:..\..\..\Drive_Platform\DrivePlatform.cydsn/servo_cds5500.c **** {
 190              		.loc 1 58 0
 191              		.cfi_startproc
 192              		@ args = 0, pretend = 0, frame = 8
 193              		@ frame_needed = 1, uses_anonymous_args = 0
 194 0000 80B5     		push	{r7, lr}
 195              	.LCFI6:
 196              		.cfi_def_cfa_offset 8
 197 0002 82B0     		sub	sp, sp, #8
 198              	.LCFI7:
 199              		.cfi_def_cfa_offset 16
 200 0004 00AF     		add	r7, sp, #0
 201              		.cfi_offset 14, -4
 202              		.cfi_offset 7, -8
 203              	.LCFI8:
 204              		.cfi_def_cfa_register 7
  59:..\..\..\Drive_Platform\DrivePlatform.cydsn/servo_cds5500.c ****     STATUS status;
  60:..\..\..\Drive_Platform\DrivePlatform.cydsn/servo_cds5500.c ****     
  61:..\..\..\Drive_Platform\DrivePlatform.cydsn/servo_cds5500.c ****     status = CDS5500_SendServoMsg(  SERVO_1,    INST_PING_LENGTH,   INST_PING,      0);
 205              		.loc 1 61 0
 206 0006 4FF00100 		mov	r0, #1
 207 000a 4FF00001 		mov	r1, #0
 208 000e 4FF00102 		mov	r2, #1
 209 0012 4FF00003 		mov	r3, #0
 210 0016 FFF7FEFF 		bl	CDS5500_SendServoMsg
 211 001a 0346     		mov	r3, r0
 212 001c FB71     		strb	r3, [r7, #7]
  62:..\..\..\Drive_Platform\DrivePlatform.cydsn/servo_cds5500.c ****     
  63:..\..\..\Drive_Platform\DrivePlatform.cydsn/servo_cds5500.c ****     /*
  64:..\..\..\Drive_Platform\DrivePlatform.cydsn/servo_cds5500.c ****                         HEADER      ID      LENGTH      INSTRUCTION     PARAMETERS
  65:..\..\..\Drive_Platform\DrivePlatform.cydsn/servo_cds5500.c ****             SEND:       0XFF 0XFF   0X01    0X02        0X01            0XFB 
  66:..\..\..\Drive_Platform\DrivePlatform.cydsn/servo_cds5500.c ****             RETURN:     0XFF 0XFF   0X01    0X02        0X00            0XFC
  67:..\..\..\Drive_Platform\DrivePlatform.cydsn/servo_cds5500.c ****     */
  68:..\..\..\Drive_Platform\DrivePlatform.cydsn/servo_cds5500.c **** 
  69:..\..\..\Drive_Platform\DrivePlatform.cydsn/servo_cds5500.c **** }
ARM GAS  C:\Users\Martin\AppData\Local\Temp\cc6MGj55.s 			page 6


 213              		.loc 1 69 0
 214 001e 07F10807 		add	r7, r7, #8
 215 0022 BD46     		mov	sp, r7
 216 0024 80BD     		pop	{r7, pc}
 217              		.cfi_endproc
 218              	.LFE31:
 219              		.size	ServoTest, .-ServoTest
 220 0026 00BF     		.section	.text.Ping,"ax",%progbits
 221              		.align	2
 222              		.global	Ping
 223              		.thumb
 224              		.thumb_func
 225              		.type	Ping, %function
 226              	Ping:
 227              	.LFB32:
  70:..\..\..\Drive_Platform\DrivePlatform.cydsn/servo_cds5500.c **** 
  71:..\..\..\Drive_Platform\DrivePlatform.cydsn/servo_cds5500.c **** 
  72:..\..\..\Drive_Platform\DrivePlatform.cydsn/servo_cds5500.c **** /**************************************************************************
  73:..\..\..\Drive_Platform\DrivePlatform.cydsn/servo_cds5500.c **** Does not command any operations. Used for requesting a status 
  74:..\..\..\Drive_Platform\DrivePlatform.cydsn/servo_cds5500.c **** packet or to check the existence of a CDS55xx servo with a specific 
  75:..\..\..\Drive_Platform\DrivePlatform.cydsn/servo_cds5500.c **** ID. 
  76:..\..\..\Drive_Platform\DrivePlatform.cydsn/servo_cds5500.c **** **************************************************************************/
  77:..\..\..\Drive_Platform\DrivePlatform.cydsn/servo_cds5500.c **** void Ping(uint8 motorId)
  78:..\..\..\Drive_Platform\DrivePlatform.cydsn/servo_cds5500.c **** {
 228              		.loc 1 78 0
 229              		.cfi_startproc
 230              		@ args = 0, pretend = 0, frame = 24
 231              		@ frame_needed = 1, uses_anonymous_args = 0
 232 0000 80B5     		push	{r7, lr}
 233              	.LCFI9:
 234              		.cfi_def_cfa_offset 8
 235 0002 86B0     		sub	sp, sp, #24
 236              	.LCFI10:
 237              		.cfi_def_cfa_offset 32
 238 0004 00AF     		add	r7, sp, #0
 239              		.cfi_offset 14, -4
 240              		.cfi_offset 7, -8
 241              	.LCFI11:
 242              		.cfi_def_cfa_register 7
 243 0006 0346     		mov	r3, r0
 244 0008 FB71     		strb	r3, [r7, #7]
  79:..\..\..\Drive_Platform\DrivePlatform.cydsn/servo_cds5500.c ****     STATUS status;
  80:..\..\..\Drive_Platform\DrivePlatform.cydsn/servo_cds5500.c **** 
  81:..\..\..\Drive_Platform\DrivePlatform.cydsn/servo_cds5500.c ****     CDS5500_MSG msg = { START_BYTE_0_VALUE, 
  82:..\..\..\Drive_Platform\DrivePlatform.cydsn/servo_cds5500.c ****                         START_BYTE_1_VALUE, 
  83:..\..\..\Drive_Platform\DrivePlatform.cydsn/servo_cds5500.c ****                         motorId,
  84:..\..\..\Drive_Platform\DrivePlatform.cydsn/servo_cds5500.c ****                         INST_PING_LENGTH,
  85:..\..\..\Drive_Platform\DrivePlatform.cydsn/servo_cds5500.c ****                         INST_PING,
  86:..\..\..\Drive_Platform\DrivePlatform.cydsn/servo_cds5500.c ****                         {0x00},
  87:..\..\..\Drive_Platform\DrivePlatform.cydsn/servo_cds5500.c ****                         0x00,
  88:..\..\..\Drive_Platform\DrivePlatform.cydsn/servo_cds5500.c ****                       };
 245              		.loc 1 88 0
 246 000a 07F10803 		add	r3, r7, #8
 247 000e 4FF00002 		mov	r2, #0
 248 0012 1A60     		str	r2, [r3, #0]
 249 0014 03F10403 		add	r3, r3, #4
 250 0018 4FF00002 		mov	r2, #0
ARM GAS  C:\Users\Martin\AppData\Local\Temp\cc6MGj55.s 			page 7


 251 001c 1A60     		str	r2, [r3, #0]
 252 001e 03F10403 		add	r3, r3, #4
 253 0022 4FF00002 		mov	r2, #0
 254 0026 1A60     		str	r2, [r3, #0]
 255 0028 03F10403 		add	r3, r3, #4
 256 002c 4FF00002 		mov	r2, #0
 257 0030 1A80     		strh	r2, [r3, #0]	@ movhi
 258 0032 03F10203 		add	r3, r3, #2
 259 0036 4FF0FF33 		mov	r3, #-1
 260 003a 3B72     		strb	r3, [r7, #8]
 261 003c 4FF0FF33 		mov	r3, #-1
 262 0040 7B72     		strb	r3, [r7, #9]
 263 0042 FB79     		ldrb	r3, [r7, #7]
 264 0044 BB72     		strb	r3, [r7, #10]
 265 0046 4FF00103 		mov	r3, #1
 266 004a 3B73     		strb	r3, [r7, #12]
  89:..\..\..\Drive_Platform\DrivePlatform.cydsn/servo_cds5500.c **** 
  90:..\..\..\Drive_Platform\DrivePlatform.cydsn/servo_cds5500.c ****     
  91:..\..\..\Drive_Platform\DrivePlatform.cydsn/servo_cds5500.c ****     msg.checksum = GetChecksum(&msg);  
 267              		.loc 1 91 0
 268 004c 07F10803 		add	r3, r7, #8
 269 0050 1846     		mov	r0, r3
 270 0052 FFF7FEFF 		bl	GetChecksum
 271 0056 0346     		mov	r3, r0
 272 0058 7B75     		strb	r3, [r7, #21]
  92:..\..\..\Drive_Platform\DrivePlatform.cydsn/servo_cds5500.c ****                      
  93:..\..\..\Drive_Platform\DrivePlatform.cydsn/servo_cds5500.c ****     
  94:..\..\..\Drive_Platform\DrivePlatform.cydsn/servo_cds5500.c ****     /* 0xFF 0xFF 0x01 0x02 0x01 0xFB */                  
  95:..\..\..\Drive_Platform\DrivePlatform.cydsn/servo_cds5500.c ****     status = BAL_ServoMsg(&msg);
 273              		.loc 1 95 0
 274 005a 07F10803 		add	r3, r7, #8
 275 005e 1846     		mov	r0, r3
 276 0060 FFF7FEFF 		bl	BAL_ServoMsg
 277 0064 0346     		mov	r3, r0
 278 0066 FB75     		strb	r3, [r7, #23]
  96:..\..\..\Drive_Platform\DrivePlatform.cydsn/servo_cds5500.c ****     (void)status;
  97:..\..\..\Drive_Platform\DrivePlatform.cydsn/servo_cds5500.c **** }
 279              		.loc 1 97 0
 280 0068 07F11807 		add	r7, r7, #24
 281 006c BD46     		mov	sp, r7
 282 006e 80BD     		pop	{r7, pc}
 283              		.cfi_endproc
 284              	.LFE32:
 285              		.size	Ping, .-Ping
 286              		.section	.text.CheckResponse,"ax",%progbits
 287              		.align	2
 288              		.global	CheckResponse
 289              		.thumb
 290              		.thumb_func
 291              		.type	CheckResponse, %function
 292              	CheckResponse:
 293              	.LFB33:
  98:..\..\..\Drive_Platform\DrivePlatform.cydsn/servo_cds5500.c **** 
  99:..\..\..\Drive_Platform\DrivePlatform.cydsn/servo_cds5500.c **** /**************************************************************************
 100:..\..\..\Drive_Platform\DrivePlatform.cydsn/servo_cds5500.c **** CheckResponse
 101:..\..\..\Drive_Platform\DrivePlatform.cydsn/servo_cds5500.c **** //http://www.dfrobot.com/image/data/SER0026/CDS55XX_Robot_Servo_User_Manual_EN.pdf
 102:..\..\..\Drive_Platform\DrivePlatform.cydsn/servo_cds5500.c **** HEADER ID LENGTH ERROR PARAMETER CHECK SUM
ARM GAS  C:\Users\Martin\AppData\Local\Temp\cc6MGj55.s 			page 8


 103:..\..\..\Drive_Platform\DrivePlatform.cydsn/servo_cds5500.c **** **************************************************************************/
 104:..\..\..\Drive_Platform\DrivePlatform.cydsn/servo_cds5500.c **** STATUS CheckResponse(CDS5500_MSG* response)
 105:..\..\..\Drive_Platform\DrivePlatform.cydsn/servo_cds5500.c **** {
 294              		.loc 1 105 0
 295              		.cfi_startproc
 296              		@ args = 0, pretend = 0, frame = 16
 297              		@ frame_needed = 1, uses_anonymous_args = 0
 298 0000 80B5     		push	{r7, lr}
 299              	.LCFI12:
 300              		.cfi_def_cfa_offset 8
 301 0002 84B0     		sub	sp, sp, #16
 302              	.LCFI13:
 303              		.cfi_def_cfa_offset 24
 304 0004 00AF     		add	r7, sp, #0
 305              		.cfi_offset 14, -4
 306              		.cfi_offset 7, -8
 307              	.LCFI14:
 308              		.cfi_def_cfa_register 7
 309 0006 7860     		str	r0, [r7, #4]
 106:..\..\..\Drive_Platform\DrivePlatform.cydsn/servo_cds5500.c ****     STATUS status=SUCCESS;
 310              		.loc 1 106 0
 311 0008 4FF00003 		mov	r3, #0
 312 000c 7B73     		strb	r3, [r7, #13]
 107:..\..\..\Drive_Platform\DrivePlatform.cydsn/servo_cds5500.c ****     uint8 msgCkecksum = response->checksum;
 313              		.loc 1 107 0
 314 000e 7B68     		ldr	r3, [r7, #4]
 315 0010 5B7B     		ldrb	r3, [r3, #13]
 316 0012 BB73     		strb	r3, [r7, #14]
 108:..\..\..\Drive_Platform\DrivePlatform.cydsn/servo_cds5500.c ****     uint8 calcChecksum = GetChecksum(response); 
 317              		.loc 1 108 0
 318 0014 7868     		ldr	r0, [r7, #4]
 319 0016 FFF7FEFF 		bl	GetChecksum
 320 001a 0346     		mov	r3, r0
 321 001c FB73     		strb	r3, [r7, #15]
 109:..\..\..\Drive_Platform\DrivePlatform.cydsn/servo_cds5500.c ****     
 110:..\..\..\Drive_Platform\DrivePlatform.cydsn/servo_cds5500.c ****     /* compare calculated with received checksum */
 111:..\..\..\Drive_Platform\DrivePlatform.cydsn/servo_cds5500.c ****     if (msgCkecksum != calcChecksum)
 322              		.loc 1 111 0
 323 001e BA7B     		ldrb	r2, [r7, #14]	@ zero_extendqisi2
 324 0020 FB7B     		ldrb	r3, [r7, #15]	@ zero_extendqisi2
 325 0022 9A42     		cmp	r2, r3
 326 0024 02D0     		beq	.L13
 112:..\..\..\Drive_Platform\DrivePlatform.cydsn/servo_cds5500.c ****         return ERROR_RECEIVED_CHECKSUM;
 327              		.loc 1 112 0
 328 0026 4FF0FE03 		mov	r3, #254
 329 002a 09E0     		b	.L14
 330              	.L13:
 113:..\..\..\Drive_Platform\DrivePlatform.cydsn/servo_cds5500.c ****     
 114:..\..\..\Drive_Platform\DrivePlatform.cydsn/servo_cds5500.c ****     /* check if error bits are set */
 115:..\..\..\Drive_Platform\DrivePlatform.cydsn/servo_cds5500.c ****     if (response->instrParams[0] & CDS5500_ERROR_INSTRUCTION_BIT) 
 331              		.loc 1 115 0
 332 002c 7B68     		ldr	r3, [r7, #4]
 333 002e 5B79     		ldrb	r3, [r3, #5]	@ zero_extendqisi2
 334 0030 03F04003 		and	r3, r3, #64
 335 0034 002B     		cmp	r3, #0
 336 0036 02D0     		beq	.L15
 116:..\..\..\Drive_Platform\DrivePlatform.cydsn/servo_cds5500.c ****         status = ERROR_INSTRUCTION;
ARM GAS  C:\Users\Martin\AppData\Local\Temp\cc6MGj55.s 			page 9


 337              		.loc 1 116 0
 338 0038 4FF0FF33 		mov	r3, #-1
 339 003c 7B73     		strb	r3, [r7, #13]
 340              	.L15:
 117:..\..\..\Drive_Platform\DrivePlatform.cydsn/servo_cds5500.c ****         
 118:..\..\..\Drive_Platform\DrivePlatform.cydsn/servo_cds5500.c ****     return status;
 341              		.loc 1 118 0
 342 003e 7B7B     		ldrb	r3, [r7, #13]	@ zero_extendqisi2
 343              	.L14:
 119:..\..\..\Drive_Platform\DrivePlatform.cydsn/servo_cds5500.c **** }
 344              		.loc 1 119 0
 345 0040 1846     		mov	r0, r3
 346 0042 07F11007 		add	r7, r7, #16
 347 0046 BD46     		mov	sp, r7
 348 0048 80BD     		pop	{r7, pc}
 349              		.cfi_endproc
 350              	.LFE33:
 351              		.size	CheckResponse, .-CheckResponse
 352 004a 00BF     		.section	.text.WritePos,"ax",%progbits
 353              		.align	2
 354              		.global	WritePos
 355              		.thumb
 356              		.thumb_func
 357              		.type	WritePos, %function
 358              	WritePos:
 359              	.LFB34:
 120:..\..\..\Drive_Platform\DrivePlatform.cydsn/servo_cds5500.c **** 
 121:..\..\..\Drive_Platform\DrivePlatform.cydsn/servo_cds5500.c **** /**************************************************************************
 122:..\..\..\Drive_Platform\DrivePlatform.cydsn/servo_cds5500.c **** **************************************************************************/
 123:..\..\..\Drive_Platform\DrivePlatform.cydsn/servo_cds5500.c **** void WritePos(int id, int position, int velocity)
 124:..\..\..\Drive_Platform\DrivePlatform.cydsn/servo_cds5500.c **** {
 360              		.loc 1 124 0
 361              		.cfi_startproc
 362              		@ args = 0, pretend = 0, frame = 24
 363              		@ frame_needed = 1, uses_anonymous_args = 0
 364              		@ link register save eliminated.
 365 0000 80B4     		push	{r7}
 366              	.LCFI15:
 367              		.cfi_def_cfa_offset 4
 368 0002 87B0     		sub	sp, sp, #28
 369              	.LCFI16:
 370              		.cfi_def_cfa_offset 32
 371 0004 00AF     		add	r7, sp, #0
 372              		.cfi_offset 7, -4
 373              	.LCFI17:
 374              		.cfi_def_cfa_register 7
 375 0006 F860     		str	r0, [r7, #12]
 376 0008 B960     		str	r1, [r7, #8]
 377 000a 7A60     		str	r2, [r7, #4]
 125:..\..\..\Drive_Platform\DrivePlatform.cydsn/servo_cds5500.c **** 	int messageLength = 7;
 378              		.loc 1 125 0
 379 000c 4FF00703 		mov	r3, #7
 380 0010 7B61     		str	r3, [r7, #20]
 126:..\..\..\Drive_Platform\DrivePlatform.cydsn/servo_cds5500.c ****     (void)messageLength;
 127:..\..\..\Drive_Platform\DrivePlatform.cydsn/servo_cds5500.c **** 
 128:..\..\..\Drive_Platform\DrivePlatform.cydsn/servo_cds5500.c **** 	/*
 129:..\..\..\Drive_Platform\DrivePlatform.cydsn/servo_cds5500.c **** 	printf(startByte0);              // send some data
ARM GAS  C:\Users\Martin\AppData\Local\Temp\cc6MGj55.s 			page 10


 130:..\..\..\Drive_Platform\DrivePlatform.cydsn/servo_cds5500.c **** 	printf(startByte1);
 131:..\..\..\Drive_Platform\DrivePlatform.cydsn/servo_cds5500.c **** 	printf(id);
 132:..\..\..\Drive_Platform\DrivePlatform.cydsn/servo_cds5500.c **** 	printf(messageLength);
 133:..\..\..\Drive_Platform\DrivePlatform.cydsn/servo_cds5500.c **** 	printf(INST_WRITE);
 134:..\..\..\Drive_Platform\DrivePlatform.cydsn/servo_cds5500.c **** 	printf(P_GOAL_POSITION_L);
 135:..\..\..\Drive_Platform\DrivePlatform.cydsn/servo_cds5500.c **** 	printf(pos);
 136:..\..\..\Drive_Platform\DrivePlatform.cydsn/servo_cds5500.c **** 	printf(pos2);
 137:..\..\..\Drive_Platform\DrivePlatform.cydsn/servo_cds5500.c **** 	printf(vel);
 138:..\..\..\Drive_Platform\DrivePlatform.cydsn/servo_cds5500.c **** 	printf(vel2);
 139:..\..\..\Drive_Platform\DrivePlatform.cydsn/servo_cds5500.c **** 	printf((~(ID + (messageLength) + INST_WRITE + P_GOAL_POSITION_L + pos + pos2 + vel + vel2))&0xFF);
 140:..\..\..\Drive_Platform\DrivePlatform.cydsn/servo_cds5500.c **** 	*/
 141:..\..\..\Drive_Platform\DrivePlatform.cydsn/servo_cds5500.c **** }
 381              		.loc 1 141 0
 382 0012 07F11C07 		add	r7, r7, #28
 383 0016 BD46     		mov	sp, r7
 384 0018 80BC     		pop	{r7}
 385 001a 7047     		bx	lr
 386              		.cfi_endproc
 387              	.LFE34:
 388              		.size	WritePos, .-WritePos
 389              		.text
 390              	.Letext0:
 391              		.section	.debug_loc,"",%progbits
 392              	.Ldebug_loc0:
 393              	.LLST0:
 394 0000 00000000 		.4byte	.LFB29
 395 0004 02000000 		.4byte	.LCFI0
 396 0008 0100     		.2byte	0x1
 397 000a 5D       		.byte	0x5d
 398 000b 02000000 		.4byte	.LCFI0
 399 000f 04000000 		.4byte	.LCFI1
 400 0013 0200     		.2byte	0x2
 401 0015 7D       		.byte	0x7d
 402 0016 04       		.sleb128 4
 403 0017 04000000 		.4byte	.LCFI1
 404 001b 06000000 		.4byte	.LCFI2
 405 001f 0200     		.2byte	0x2
 406 0021 7D       		.byte	0x7d
 407 0022 18       		.sleb128 24
 408 0023 06000000 		.4byte	.LCFI2
 409 0027 64000000 		.4byte	.LFE29
 410 002b 0200     		.2byte	0x2
 411 002d 77       		.byte	0x77
 412 002e 18       		.sleb128 24
 413 002f 00000000 		.4byte	0x0
 414 0033 00000000 		.4byte	0x0
 415              	.LLST1:
 416 0037 00000000 		.4byte	.LFB30
 417 003b 02000000 		.4byte	.LCFI3
 418 003f 0100     		.2byte	0x1
 419 0041 5D       		.byte	0x5d
 420 0042 02000000 		.4byte	.LCFI3
 421 0046 04000000 		.4byte	.LCFI4
 422 004a 0200     		.2byte	0x2
 423 004c 7D       		.byte	0x7d
 424 004d 08       		.sleb128 8
 425 004e 04000000 		.4byte	.LCFI4
ARM GAS  C:\Users\Martin\AppData\Local\Temp\cc6MGj55.s 			page 11


 426 0052 06000000 		.4byte	.LCFI5
 427 0056 0200     		.2byte	0x2
 428 0058 7D       		.byte	0x7d
 429 0059 20       		.sleb128 32
 430 005a 06000000 		.4byte	.LCFI5
 431 005e 76000000 		.4byte	.LFE30
 432 0062 0200     		.2byte	0x2
 433 0064 77       		.byte	0x77
 434 0065 20       		.sleb128 32
 435 0066 00000000 		.4byte	0x0
 436 006a 00000000 		.4byte	0x0
 437              	.LLST2:
 438 006e 00000000 		.4byte	.LFB31
 439 0072 02000000 		.4byte	.LCFI6
 440 0076 0100     		.2byte	0x1
 441 0078 5D       		.byte	0x5d
 442 0079 02000000 		.4byte	.LCFI6
 443 007d 04000000 		.4byte	.LCFI7
 444 0081 0200     		.2byte	0x2
 445 0083 7D       		.byte	0x7d
 446 0084 08       		.sleb128 8
 447 0085 04000000 		.4byte	.LCFI7
 448 0089 06000000 		.4byte	.LCFI8
 449 008d 0200     		.2byte	0x2
 450 008f 7D       		.byte	0x7d
 451 0090 10       		.sleb128 16
 452 0091 06000000 		.4byte	.LCFI8
 453 0095 26000000 		.4byte	.LFE31
 454 0099 0200     		.2byte	0x2
 455 009b 77       		.byte	0x77
 456 009c 10       		.sleb128 16
 457 009d 00000000 		.4byte	0x0
 458 00a1 00000000 		.4byte	0x0
 459              	.LLST3:
 460 00a5 00000000 		.4byte	.LFB32
 461 00a9 02000000 		.4byte	.LCFI9
 462 00ad 0100     		.2byte	0x1
 463 00af 5D       		.byte	0x5d
 464 00b0 02000000 		.4byte	.LCFI9
 465 00b4 04000000 		.4byte	.LCFI10
 466 00b8 0200     		.2byte	0x2
 467 00ba 7D       		.byte	0x7d
 468 00bb 08       		.sleb128 8
 469 00bc 04000000 		.4byte	.LCFI10
 470 00c0 06000000 		.4byte	.LCFI11
 471 00c4 0200     		.2byte	0x2
 472 00c6 7D       		.byte	0x7d
 473 00c7 20       		.sleb128 32
 474 00c8 06000000 		.4byte	.LCFI11
 475 00cc 70000000 		.4byte	.LFE32
 476 00d0 0200     		.2byte	0x2
 477 00d2 77       		.byte	0x77
 478 00d3 20       		.sleb128 32
 479 00d4 00000000 		.4byte	0x0
 480 00d8 00000000 		.4byte	0x0
 481              	.LLST4:
 482 00dc 00000000 		.4byte	.LFB33
ARM GAS  C:\Users\Martin\AppData\Local\Temp\cc6MGj55.s 			page 12


 483 00e0 02000000 		.4byte	.LCFI12
 484 00e4 0100     		.2byte	0x1
 485 00e6 5D       		.byte	0x5d
 486 00e7 02000000 		.4byte	.LCFI12
 487 00eb 04000000 		.4byte	.LCFI13
 488 00ef 0200     		.2byte	0x2
 489 00f1 7D       		.byte	0x7d
 490 00f2 08       		.sleb128 8
 491 00f3 04000000 		.4byte	.LCFI13
 492 00f7 06000000 		.4byte	.LCFI14
 493 00fb 0200     		.2byte	0x2
 494 00fd 7D       		.byte	0x7d
 495 00fe 18       		.sleb128 24
 496 00ff 06000000 		.4byte	.LCFI14
 497 0103 4A000000 		.4byte	.LFE33
 498 0107 0200     		.2byte	0x2
 499 0109 77       		.byte	0x77
 500 010a 18       		.sleb128 24
 501 010b 00000000 		.4byte	0x0
 502 010f 00000000 		.4byte	0x0
 503              	.LLST5:
 504 0113 00000000 		.4byte	.LFB34
 505 0117 02000000 		.4byte	.LCFI15
 506 011b 0100     		.2byte	0x1
 507 011d 5D       		.byte	0x5d
 508 011e 02000000 		.4byte	.LCFI15
 509 0122 04000000 		.4byte	.LCFI16
 510 0126 0200     		.2byte	0x2
 511 0128 7D       		.byte	0x7d
 512 0129 04       		.sleb128 4
 513 012a 04000000 		.4byte	.LCFI16
 514 012e 06000000 		.4byte	.LCFI17
 515 0132 0200     		.2byte	0x2
 516 0134 7D       		.byte	0x7d
 517 0135 20       		.sleb128 32
 518 0136 06000000 		.4byte	.LCFI17
 519 013a 1C000000 		.4byte	.LFE34
 520 013e 0200     		.2byte	0x2
 521 0140 77       		.byte	0x77
 522 0141 20       		.sleb128 32
 523 0142 00000000 		.4byte	0x0
 524 0146 00000000 		.4byte	0x0
 525              		.file 2 "./Generated_Source/PSoC5/cytypes.h"
 526              		.file 3 "./types.h"
 527              		.file 4 "..\\..\\..\\Drive_Platform\\DrivePlatform.cydsn\\/servo_cds5500.h"
 528              		.file 5 "./Generated_Source/PSoC5/core_cm3.h"
 529              		.section	.debug_info
 530 0000 FF020000 		.4byte	0x2ff
 531 0004 0200     		.2byte	0x2
 532 0006 00000000 		.4byte	.Ldebug_abbrev0
 533 000a 04       		.byte	0x4
 534 000b 01       		.uleb128 0x1
 535 000c 01020000 		.4byte	.LASF38
 536 0010 01       		.byte	0x1
 537 0011 8D000000 		.4byte	.LASF39
 538 0015 2B010000 		.4byte	.LASF40
 539 0019 00000000 		.4byte	0x0
ARM GAS  C:\Users\Martin\AppData\Local\Temp\cc6MGj55.s 			page 13


 540 001d 00000000 		.4byte	0x0
 541 0021 00000000 		.4byte	.Ldebug_ranges0+0x0
 542 0025 00000000 		.4byte	.Ldebug_line0
 543 0029 02       		.uleb128 0x2
 544 002a 01       		.byte	0x1
 545 002b 06       		.byte	0x6
 546 002c EE000000 		.4byte	.LASF0
 547 0030 02       		.uleb128 0x2
 548 0031 01       		.byte	0x1
 549 0032 08       		.byte	0x8
 550 0033 7F000000 		.4byte	.LASF1
 551 0037 02       		.uleb128 0x2
 552 0038 02       		.byte	0x2
 553 0039 05       		.byte	0x5
 554 003a 21000000 		.4byte	.LASF2
 555 003e 02       		.uleb128 0x2
 556 003f 02       		.byte	0x2
 557 0040 07       		.byte	0x7
 558 0041 DB000000 		.4byte	.LASF3
 559 0045 02       		.uleb128 0x2
 560 0046 04       		.byte	0x4
 561 0047 05       		.byte	0x5
 562 0048 42020000 		.4byte	.LASF4
 563 004c 02       		.uleb128 0x2
 564 004d 04       		.byte	0x4
 565 004e 07       		.byte	0x7
 566 004f C9000000 		.4byte	.LASF5
 567 0053 02       		.uleb128 0x2
 568 0054 08       		.byte	0x8
 569 0055 05       		.byte	0x5
 570 0056 00000000 		.4byte	.LASF6
 571 005a 02       		.uleb128 0x2
 572 005b 08       		.byte	0x8
 573 005c 07       		.byte	0x7
 574 005d BC010000 		.4byte	.LASF7
 575 0061 03       		.uleb128 0x3
 576 0062 04       		.byte	0x4
 577 0063 05       		.byte	0x5
 578 0064 696E7400 		.ascii	"int\000"
 579 0068 02       		.uleb128 0x2
 580 0069 04       		.byte	0x4
 581 006a 07       		.byte	0x7
 582 006b AF010000 		.4byte	.LASF8
 583 006f 04       		.uleb128 0x4
 584 0070 27020000 		.4byte	.LASF12
 585 0074 02       		.byte	0x2
 586 0075 4C       		.byte	0x4c
 587 0076 30000000 		.4byte	0x30
 588 007a 02       		.uleb128 0x2
 589 007b 04       		.byte	0x4
 590 007c 04       		.byte	0x4
 591 007d 54000000 		.4byte	.LASF9
 592 0081 02       		.uleb128 0x2
 593 0082 08       		.byte	0x8
 594 0083 04       		.byte	0x4
 595 0084 13010000 		.4byte	.LASF10
 596 0088 02       		.uleb128 0x2
ARM GAS  C:\Users\Martin\AppData\Local\Temp\cc6MGj55.s 			page 14


 597 0089 01       		.byte	0x1
 598 008a 08       		.byte	0x8
 599 008b 0D020000 		.4byte	.LASF11
 600 008f 05       		.uleb128 0x5
 601 0090 04       		.byte	0x4
 602 0091 07       		.byte	0x7
 603 0092 04       		.uleb128 0x4
 604 0093 20020000 		.4byte	.LASF13
 605 0097 03       		.byte	0x3
 606 0098 0F       		.byte	0xf
 607 0099 6F000000 		.4byte	0x6f
 608 009d 06       		.uleb128 0x6
 609 009e A4010000 		.4byte	.LASF41
 610 00a2 0E       		.byte	0xe
 611 00a3 04       		.byte	0x4
 612 00a4 4D       		.byte	0x4d
 613 00a5 0C010000 		.4byte	0x10c
 614 00a9 07       		.uleb128 0x7
 615 00aa 5A000000 		.4byte	.LASF14
 616 00ae 04       		.byte	0x4
 617 00af 4E       		.byte	0x4e
 618 00b0 6F000000 		.4byte	0x6f
 619 00b4 02       		.byte	0x2
 620 00b5 23       		.byte	0x23
 621 00b6 00       		.uleb128 0x0
 622 00b7 07       		.uleb128 0x7
 623 00b8 65000000 		.4byte	.LASF15
 624 00bc 04       		.byte	0x4
 625 00bd 4F       		.byte	0x4f
 626 00be 6F000000 		.4byte	0x6f
 627 00c2 02       		.byte	0x2
 628 00c3 23       		.byte	0x23
 629 00c4 01       		.uleb128 0x1
 630 00c5 07       		.uleb128 0x7
 631 00c6 1A010000 		.4byte	.LASF16
 632 00ca 04       		.byte	0x4
 633 00cb 50       		.byte	0x50
 634 00cc 6F000000 		.4byte	0x6f
 635 00d0 02       		.byte	0x2
 636 00d1 23       		.byte	0x23
 637 00d2 02       		.uleb128 0x2
 638 00d3 07       		.uleb128 0x7
 639 00d4 76020000 		.4byte	.LASF17
 640 00d8 04       		.byte	0x4
 641 00d9 51       		.byte	0x51
 642 00da 6F000000 		.4byte	0x6f
 643 00de 02       		.byte	0x2
 644 00df 23       		.byte	0x23
 645 00e0 03       		.uleb128 0x3
 646 00e1 07       		.uleb128 0x7
 647 00e2 F9010000 		.4byte	.LASF18
 648 00e6 04       		.byte	0x4
 649 00e7 52       		.byte	0x52
 650 00e8 6F000000 		.4byte	0x6f
 651 00ec 02       		.byte	0x2
 652 00ed 23       		.byte	0x23
 653 00ee 04       		.uleb128 0x4
ARM GAS  C:\Users\Martin\AppData\Local\Temp\cc6MGj55.s 			page 15


 654 00ef 07       		.uleb128 0x7
 655 00f0 98010000 		.4byte	.LASF19
 656 00f4 04       		.byte	0x4
 657 00f5 53       		.byte	0x53
 658 00f6 0C010000 		.4byte	0x10c
 659 00fa 02       		.byte	0x2
 660 00fb 23       		.byte	0x23
 661 00fc 05       		.uleb128 0x5
 662 00fd 07       		.uleb128 0x7
 663 00fe 0E000000 		.4byte	.LASF20
 664 0102 04       		.byte	0x4
 665 0103 54       		.byte	0x54
 666 0104 6F000000 		.4byte	0x6f
 667 0108 02       		.byte	0x2
 668 0109 23       		.byte	0x23
 669 010a 0D       		.uleb128 0xd
 670 010b 00       		.byte	0x0
 671 010c 08       		.uleb128 0x8
 672 010d 6F000000 		.4byte	0x6f
 673 0111 1C010000 		.4byte	0x11c
 674 0115 09       		.uleb128 0x9
 675 0116 8F000000 		.4byte	0x8f
 676 011a 07       		.byte	0x7
 677 011b 00       		.byte	0x0
 678 011c 04       		.uleb128 0x4
 679 011d 48000000 		.4byte	.LASF21
 680 0121 04       		.byte	0x4
 681 0122 55       		.byte	0x55
 682 0123 9D000000 		.4byte	0x9d
 683 0127 0A       		.uleb128 0xa
 684 0128 04       		.byte	0x4
 685 0129 6F000000 		.4byte	0x6f
 686 012d 0B       		.uleb128 0xb
 687 012e 54020000 		.4byte	.LASF42
 688 0132 01       		.byte	0x1
 689 0133 11       		.byte	0x11
 690 0134 01       		.byte	0x1
 691 0135 6F000000 		.4byte	0x6f
 692 0139 00000000 		.4byte	.LFB29
 693 013d 64000000 		.4byte	.LFE29
 694 0141 00000000 		.4byte	.LLST0
 695 0145 72010000 		.4byte	0x172
 696 0149 0C       		.uleb128 0xc
 697 014a 6D736700 		.ascii	"msg\000"
 698 014e 01       		.byte	0x1
 699 014f 11       		.byte	0x11
 700 0150 72010000 		.4byte	0x172
 701 0154 02       		.byte	0x2
 702 0155 91       		.byte	0x91
 703 0156 6C       		.sleb128 -20
 704 0157 0D       		.uleb128 0xd
 705 0158 0E000000 		.4byte	.LASF20
 706 015c 01       		.byte	0x1
 707 015d 13       		.byte	0x13
 708 015e 6F000000 		.4byte	0x6f
 709 0162 02       		.byte	0x2
 710 0163 91       		.byte	0x91
ARM GAS  C:\Users\Martin\AppData\Local\Temp\cc6MGj55.s 			page 16


 711 0164 76       		.sleb128 -10
 712 0165 0E       		.uleb128 0xe
 713 0166 6900     		.ascii	"i\000"
 714 0168 01       		.byte	0x1
 715 0169 14       		.byte	0x14
 716 016a 6F000000 		.4byte	0x6f
 717 016e 02       		.byte	0x2
 718 016f 91       		.byte	0x91
 719 0170 77       		.sleb128 -9
 720 0171 00       		.byte	0x0
 721 0172 0A       		.uleb128 0xa
 722 0173 04       		.byte	0x4
 723 0174 1C010000 		.4byte	0x11c
 724 0178 0F       		.uleb128 0xf
 725 0179 01       		.byte	0x1
 726 017a 2D020000 		.4byte	.LASF29
 727 017e 01       		.byte	0x1
 728 017f 24       		.byte	0x24
 729 0180 01       		.byte	0x1
 730 0181 92000000 		.4byte	0x92
 731 0185 00000000 		.4byte	.LFB30
 732 0189 76000000 		.4byte	.LFE30
 733 018d 37000000 		.4byte	.LLST1
 734 0191 DC010000 		.4byte	0x1dc
 735 0195 10       		.uleb128 0x10
 736 0196 60020000 		.4byte	.LASF22
 737 019a 01       		.byte	0x1
 738 019b 24       		.byte	0x24
 739 019c 6F000000 		.4byte	0x6f
 740 01a0 02       		.byte	0x2
 741 01a1 91       		.byte	0x91
 742 01a2 67       		.sleb128 -25
 743 01a3 10       		.uleb128 0x10
 744 01a4 17000000 		.4byte	.LASF23
 745 01a8 01       		.byte	0x1
 746 01a9 24       		.byte	0x24
 747 01aa 6F000000 		.4byte	0x6f
 748 01ae 02       		.byte	0x2
 749 01af 91       		.byte	0x91
 750 01b0 66       		.sleb128 -26
 751 01b1 10       		.uleb128 0x10
 752 01b2 07010000 		.4byte	.LASF24
 753 01b6 01       		.byte	0x1
 754 01b7 24       		.byte	0x24
 755 01b8 6F000000 		.4byte	0x6f
 756 01bc 02       		.byte	0x2
 757 01bd 91       		.byte	0x91
 758 01be 65       		.sleb128 -27
 759 01bf 10       		.uleb128 0x10
 760 01c0 70000000 		.4byte	.LASF25
 761 01c4 01       		.byte	0x1
 762 01c5 24       		.byte	0x24
 763 01c6 27010000 		.4byte	0x127
 764 01ca 02       		.byte	0x2
 765 01cb 91       		.byte	0x91
 766 01cc 60       		.sleb128 -32
 767 01cd 0E       		.uleb128 0xe
ARM GAS  C:\Users\Martin\AppData\Local\Temp\cc6MGj55.s 			page 17


 768 01ce 6D736700 		.ascii	"msg\000"
 769 01d2 01       		.byte	0x1
 770 01d3 26       		.byte	0x26
 771 01d4 1C010000 		.4byte	0x11c
 772 01d8 02       		.byte	0x2
 773 01d9 91       		.byte	0x91
 774 01da 68       		.sleb128 -24
 775 01db 00       		.byte	0x0
 776 01dc 11       		.uleb128 0x11
 777 01dd 01       		.byte	0x1
 778 01de D3010000 		.4byte	.LASF27
 779 01e2 01       		.byte	0x1
 780 01e3 39       		.byte	0x39
 781 01e4 01       		.byte	0x1
 782 01e5 00000000 		.4byte	.LFB31
 783 01e9 26000000 		.4byte	.LFE31
 784 01ed 6E000000 		.4byte	.LLST2
 785 01f1 04020000 		.4byte	0x204
 786 01f5 0D       		.uleb128 0xd
 787 01f6 2B000000 		.4byte	.LASF26
 788 01fa 01       		.byte	0x1
 789 01fb 3B       		.byte	0x3b
 790 01fc 92000000 		.4byte	0x92
 791 0200 02       		.byte	0x2
 792 0201 91       		.byte	0x91
 793 0202 77       		.sleb128 -9
 794 0203 00       		.byte	0x0
 795 0204 11       		.uleb128 0x11
 796 0205 01       		.byte	0x1
 797 0206 E6010000 		.4byte	.LASF28
 798 020a 01       		.byte	0x1
 799 020b 4D       		.byte	0x4d
 800 020c 01       		.byte	0x1
 801 020d 00000000 		.4byte	.LFB32
 802 0211 70000000 		.4byte	.LFE32
 803 0215 A5000000 		.4byte	.LLST3
 804 0219 48020000 		.4byte	0x248
 805 021d 10       		.uleb128 0x10
 806 021e 1A010000 		.4byte	.LASF16
 807 0222 01       		.byte	0x1
 808 0223 4D       		.byte	0x4d
 809 0224 6F000000 		.4byte	0x6f
 810 0228 02       		.byte	0x2
 811 0229 91       		.byte	0x91
 812 022a 67       		.sleb128 -25
 813 022b 0D       		.uleb128 0xd
 814 022c 2B000000 		.4byte	.LASF26
 815 0230 01       		.byte	0x1
 816 0231 4F       		.byte	0x4f
 817 0232 92000000 		.4byte	0x92
 818 0236 02       		.byte	0x2
 819 0237 91       		.byte	0x91
 820 0238 77       		.sleb128 -9
 821 0239 0E       		.uleb128 0xe
 822 023a 6D736700 		.ascii	"msg\000"
 823 023e 01       		.byte	0x1
 824 023f 51       		.byte	0x51
ARM GAS  C:\Users\Martin\AppData\Local\Temp\cc6MGj55.s 			page 18


 825 0240 1C010000 		.4byte	0x11c
 826 0244 02       		.byte	0x2
 827 0245 91       		.byte	0x91
 828 0246 68       		.sleb128 -24
 829 0247 00       		.byte	0x0
 830 0248 0F       		.uleb128 0xf
 831 0249 01       		.byte	0x1
 832 024a 12020000 		.4byte	.LASF30
 833 024e 01       		.byte	0x1
 834 024f 68       		.byte	0x68
 835 0250 01       		.byte	0x1
 836 0251 92000000 		.4byte	0x92
 837 0255 00000000 		.4byte	.LFB33
 838 0259 4A000000 		.4byte	.LFE33
 839 025d DC000000 		.4byte	.LLST4
 840 0261 9E020000 		.4byte	0x29e
 841 0265 10       		.uleb128 0x10
 842 0266 DD010000 		.4byte	.LASF31
 843 026a 01       		.byte	0x1
 844 026b 68       		.byte	0x68
 845 026c 72010000 		.4byte	0x172
 846 0270 02       		.byte	0x2
 847 0271 91       		.byte	0x91
 848 0272 6C       		.sleb128 -20
 849 0273 0D       		.uleb128 0xd
 850 0274 2B000000 		.4byte	.LASF26
 851 0278 01       		.byte	0x1
 852 0279 6A       		.byte	0x6a
 853 027a 92000000 		.4byte	0x92
 854 027e 02       		.byte	0x2
 855 027f 91       		.byte	0x91
 856 0280 75       		.sleb128 -11
 857 0281 0D       		.uleb128 0xd
 858 0282 6A020000 		.4byte	.LASF32
 859 0286 01       		.byte	0x1
 860 0287 6B       		.byte	0x6b
 861 0288 6F000000 		.4byte	0x6f
 862 028c 02       		.byte	0x2
 863 028d 91       		.byte	0x91
 864 028e 76       		.sleb128 -10
 865 028f 0D       		.uleb128 0xd
 866 0290 3B000000 		.4byte	.LASF33
 867 0294 01       		.byte	0x1
 868 0295 6C       		.byte	0x6c
 869 0296 6F000000 		.4byte	0x6f
 870 029a 02       		.byte	0x2
 871 029b 91       		.byte	0x91
 872 029c 77       		.sleb128 -9
 873 029d 00       		.byte	0x0
 874 029e 11       		.uleb128 0x11
 875 029f 01       		.byte	0x1
 876 02a0 32000000 		.4byte	.LASF34
 877 02a4 01       		.byte	0x1
 878 02a5 7B       		.byte	0x7b
 879 02a6 01       		.byte	0x1
 880 02a7 00000000 		.4byte	.LFB34
 881 02ab 1C000000 		.4byte	.LFE34
ARM GAS  C:\Users\Martin\AppData\Local\Temp\cc6MGj55.s 			page 19


 882 02af 13010000 		.4byte	.LLST5
 883 02b3 EF020000 		.4byte	0x2ef
 884 02b7 0C       		.uleb128 0xc
 885 02b8 696400   		.ascii	"id\000"
 886 02bb 01       		.byte	0x1
 887 02bc 7B       		.byte	0x7b
 888 02bd 61000000 		.4byte	0x61
 889 02c1 02       		.byte	0x2
 890 02c2 91       		.byte	0x91
 891 02c3 6C       		.sleb128 -20
 892 02c4 10       		.uleb128 0x10
 893 02c5 22010000 		.4byte	.LASF35
 894 02c9 01       		.byte	0x1
 895 02ca 7B       		.byte	0x7b
 896 02cb 61000000 		.4byte	0x61
 897 02cf 02       		.byte	0x2
 898 02d0 91       		.byte	0x91
 899 02d1 68       		.sleb128 -24
 900 02d2 10       		.uleb128 0x10
 901 02d3 4B020000 		.4byte	.LASF36
 902 02d7 01       		.byte	0x1
 903 02d8 7B       		.byte	0x7b
 904 02d9 61000000 		.4byte	0x61
 905 02dd 02       		.byte	0x2
 906 02de 91       		.byte	0x91
 907 02df 64       		.sleb128 -28
 908 02e0 0D       		.uleb128 0xd
 909 02e1 EB010000 		.4byte	.LASF37
 910 02e5 01       		.byte	0x1
 911 02e6 7D       		.byte	0x7d
 912 02e7 61000000 		.4byte	0x61
 913 02eb 02       		.byte	0x2
 914 02ec 91       		.byte	0x91
 915 02ed 74       		.sleb128 -12
 916 02ee 00       		.byte	0x0
 917 02ef 12       		.uleb128 0x12
 918 02f0 FA000000 		.4byte	.LASF43
 919 02f4 05       		.byte	0x5
 920 02f5 CE06     		.2byte	0x6ce
 921 02f7 FD020000 		.4byte	0x2fd
 922 02fb 01       		.byte	0x1
 923 02fc 01       		.byte	0x1
 924 02fd 13       		.uleb128 0x13
 925 02fe 61000000 		.4byte	0x61
 926 0302 00       		.byte	0x0
 927              		.section	.debug_abbrev
 928 0000 01       		.uleb128 0x1
 929 0001 11       		.uleb128 0x11
 930 0002 01       		.byte	0x1
 931 0003 25       		.uleb128 0x25
 932 0004 0E       		.uleb128 0xe
 933 0005 13       		.uleb128 0x13
 934 0006 0B       		.uleb128 0xb
 935 0007 03       		.uleb128 0x3
 936 0008 0E       		.uleb128 0xe
 937 0009 1B       		.uleb128 0x1b
 938 000a 0E       		.uleb128 0xe
ARM GAS  C:\Users\Martin\AppData\Local\Temp\cc6MGj55.s 			page 20


 939 000b 11       		.uleb128 0x11
 940 000c 01       		.uleb128 0x1
 941 000d 52       		.uleb128 0x52
 942 000e 01       		.uleb128 0x1
 943 000f 55       		.uleb128 0x55
 944 0010 06       		.uleb128 0x6
 945 0011 10       		.uleb128 0x10
 946 0012 06       		.uleb128 0x6
 947 0013 00       		.byte	0x0
 948 0014 00       		.byte	0x0
 949 0015 02       		.uleb128 0x2
 950 0016 24       		.uleb128 0x24
 951 0017 00       		.byte	0x0
 952 0018 0B       		.uleb128 0xb
 953 0019 0B       		.uleb128 0xb
 954 001a 3E       		.uleb128 0x3e
 955 001b 0B       		.uleb128 0xb
 956 001c 03       		.uleb128 0x3
 957 001d 0E       		.uleb128 0xe
 958 001e 00       		.byte	0x0
 959 001f 00       		.byte	0x0
 960 0020 03       		.uleb128 0x3
 961 0021 24       		.uleb128 0x24
 962 0022 00       		.byte	0x0
 963 0023 0B       		.uleb128 0xb
 964 0024 0B       		.uleb128 0xb
 965 0025 3E       		.uleb128 0x3e
 966 0026 0B       		.uleb128 0xb
 967 0027 03       		.uleb128 0x3
 968 0028 08       		.uleb128 0x8
 969 0029 00       		.byte	0x0
 970 002a 00       		.byte	0x0
 971 002b 04       		.uleb128 0x4
 972 002c 16       		.uleb128 0x16
 973 002d 00       		.byte	0x0
 974 002e 03       		.uleb128 0x3
 975 002f 0E       		.uleb128 0xe
 976 0030 3A       		.uleb128 0x3a
 977 0031 0B       		.uleb128 0xb
 978 0032 3B       		.uleb128 0x3b
 979 0033 0B       		.uleb128 0xb
 980 0034 49       		.uleb128 0x49
 981 0035 13       		.uleb128 0x13
 982 0036 00       		.byte	0x0
 983 0037 00       		.byte	0x0
 984 0038 05       		.uleb128 0x5
 985 0039 24       		.uleb128 0x24
 986 003a 00       		.byte	0x0
 987 003b 0B       		.uleb128 0xb
 988 003c 0B       		.uleb128 0xb
 989 003d 3E       		.uleb128 0x3e
 990 003e 0B       		.uleb128 0xb
 991 003f 00       		.byte	0x0
 992 0040 00       		.byte	0x0
 993 0041 06       		.uleb128 0x6
 994 0042 13       		.uleb128 0x13
 995 0043 01       		.byte	0x1
ARM GAS  C:\Users\Martin\AppData\Local\Temp\cc6MGj55.s 			page 21


 996 0044 03       		.uleb128 0x3
 997 0045 0E       		.uleb128 0xe
 998 0046 0B       		.uleb128 0xb
 999 0047 0B       		.uleb128 0xb
 1000 0048 3A       		.uleb128 0x3a
 1001 0049 0B       		.uleb128 0xb
 1002 004a 3B       		.uleb128 0x3b
 1003 004b 0B       		.uleb128 0xb
 1004 004c 01       		.uleb128 0x1
 1005 004d 13       		.uleb128 0x13
 1006 004e 00       		.byte	0x0
 1007 004f 00       		.byte	0x0
 1008 0050 07       		.uleb128 0x7
 1009 0051 0D       		.uleb128 0xd
 1010 0052 00       		.byte	0x0
 1011 0053 03       		.uleb128 0x3
 1012 0054 0E       		.uleb128 0xe
 1013 0055 3A       		.uleb128 0x3a
 1014 0056 0B       		.uleb128 0xb
 1015 0057 3B       		.uleb128 0x3b
 1016 0058 0B       		.uleb128 0xb
 1017 0059 49       		.uleb128 0x49
 1018 005a 13       		.uleb128 0x13
 1019 005b 38       		.uleb128 0x38
 1020 005c 0A       		.uleb128 0xa
 1021 005d 00       		.byte	0x0
 1022 005e 00       		.byte	0x0
 1023 005f 08       		.uleb128 0x8
 1024 0060 01       		.uleb128 0x1
 1025 0061 01       		.byte	0x1
 1026 0062 49       		.uleb128 0x49
 1027 0063 13       		.uleb128 0x13
 1028 0064 01       		.uleb128 0x1
 1029 0065 13       		.uleb128 0x13
 1030 0066 00       		.byte	0x0
 1031 0067 00       		.byte	0x0
 1032 0068 09       		.uleb128 0x9
 1033 0069 21       		.uleb128 0x21
 1034 006a 00       		.byte	0x0
 1035 006b 49       		.uleb128 0x49
 1036 006c 13       		.uleb128 0x13
 1037 006d 2F       		.uleb128 0x2f
 1038 006e 0B       		.uleb128 0xb
 1039 006f 00       		.byte	0x0
 1040 0070 00       		.byte	0x0
 1041 0071 0A       		.uleb128 0xa
 1042 0072 0F       		.uleb128 0xf
 1043 0073 00       		.byte	0x0
 1044 0074 0B       		.uleb128 0xb
 1045 0075 0B       		.uleb128 0xb
 1046 0076 49       		.uleb128 0x49
 1047 0077 13       		.uleb128 0x13
 1048 0078 00       		.byte	0x0
 1049 0079 00       		.byte	0x0
 1050 007a 0B       		.uleb128 0xb
 1051 007b 2E       		.uleb128 0x2e
 1052 007c 01       		.byte	0x1
ARM GAS  C:\Users\Martin\AppData\Local\Temp\cc6MGj55.s 			page 22


 1053 007d 03       		.uleb128 0x3
 1054 007e 0E       		.uleb128 0xe
 1055 007f 3A       		.uleb128 0x3a
 1056 0080 0B       		.uleb128 0xb
 1057 0081 3B       		.uleb128 0x3b
 1058 0082 0B       		.uleb128 0xb
 1059 0083 27       		.uleb128 0x27
 1060 0084 0C       		.uleb128 0xc
 1061 0085 49       		.uleb128 0x49
 1062 0086 13       		.uleb128 0x13
 1063 0087 11       		.uleb128 0x11
 1064 0088 01       		.uleb128 0x1
 1065 0089 12       		.uleb128 0x12
 1066 008a 01       		.uleb128 0x1
 1067 008b 40       		.uleb128 0x40
 1068 008c 06       		.uleb128 0x6
 1069 008d 01       		.uleb128 0x1
 1070 008e 13       		.uleb128 0x13
 1071 008f 00       		.byte	0x0
 1072 0090 00       		.byte	0x0
 1073 0091 0C       		.uleb128 0xc
 1074 0092 05       		.uleb128 0x5
 1075 0093 00       		.byte	0x0
 1076 0094 03       		.uleb128 0x3
 1077 0095 08       		.uleb128 0x8
 1078 0096 3A       		.uleb128 0x3a
 1079 0097 0B       		.uleb128 0xb
 1080 0098 3B       		.uleb128 0x3b
 1081 0099 0B       		.uleb128 0xb
 1082 009a 49       		.uleb128 0x49
 1083 009b 13       		.uleb128 0x13
 1084 009c 02       		.uleb128 0x2
 1085 009d 0A       		.uleb128 0xa
 1086 009e 00       		.byte	0x0
 1087 009f 00       		.byte	0x0
 1088 00a0 0D       		.uleb128 0xd
 1089 00a1 34       		.uleb128 0x34
 1090 00a2 00       		.byte	0x0
 1091 00a3 03       		.uleb128 0x3
 1092 00a4 0E       		.uleb128 0xe
 1093 00a5 3A       		.uleb128 0x3a
 1094 00a6 0B       		.uleb128 0xb
 1095 00a7 3B       		.uleb128 0x3b
 1096 00a8 0B       		.uleb128 0xb
 1097 00a9 49       		.uleb128 0x49
 1098 00aa 13       		.uleb128 0x13
 1099 00ab 02       		.uleb128 0x2
 1100 00ac 0A       		.uleb128 0xa
 1101 00ad 00       		.byte	0x0
 1102 00ae 00       		.byte	0x0
 1103 00af 0E       		.uleb128 0xe
 1104 00b0 34       		.uleb128 0x34
 1105 00b1 00       		.byte	0x0
 1106 00b2 03       		.uleb128 0x3
 1107 00b3 08       		.uleb128 0x8
 1108 00b4 3A       		.uleb128 0x3a
 1109 00b5 0B       		.uleb128 0xb
ARM GAS  C:\Users\Martin\AppData\Local\Temp\cc6MGj55.s 			page 23


 1110 00b6 3B       		.uleb128 0x3b
 1111 00b7 0B       		.uleb128 0xb
 1112 00b8 49       		.uleb128 0x49
 1113 00b9 13       		.uleb128 0x13
 1114 00ba 02       		.uleb128 0x2
 1115 00bb 0A       		.uleb128 0xa
 1116 00bc 00       		.byte	0x0
 1117 00bd 00       		.byte	0x0
 1118 00be 0F       		.uleb128 0xf
 1119 00bf 2E       		.uleb128 0x2e
 1120 00c0 01       		.byte	0x1
 1121 00c1 3F       		.uleb128 0x3f
 1122 00c2 0C       		.uleb128 0xc
 1123 00c3 03       		.uleb128 0x3
 1124 00c4 0E       		.uleb128 0xe
 1125 00c5 3A       		.uleb128 0x3a
 1126 00c6 0B       		.uleb128 0xb
 1127 00c7 3B       		.uleb128 0x3b
 1128 00c8 0B       		.uleb128 0xb
 1129 00c9 27       		.uleb128 0x27
 1130 00ca 0C       		.uleb128 0xc
 1131 00cb 49       		.uleb128 0x49
 1132 00cc 13       		.uleb128 0x13
 1133 00cd 11       		.uleb128 0x11
 1134 00ce 01       		.uleb128 0x1
 1135 00cf 12       		.uleb128 0x12
 1136 00d0 01       		.uleb128 0x1
 1137 00d1 40       		.uleb128 0x40
 1138 00d2 06       		.uleb128 0x6
 1139 00d3 01       		.uleb128 0x1
 1140 00d4 13       		.uleb128 0x13
 1141 00d5 00       		.byte	0x0
 1142 00d6 00       		.byte	0x0
 1143 00d7 10       		.uleb128 0x10
 1144 00d8 05       		.uleb128 0x5
 1145 00d9 00       		.byte	0x0
 1146 00da 03       		.uleb128 0x3
 1147 00db 0E       		.uleb128 0xe
 1148 00dc 3A       		.uleb128 0x3a
 1149 00dd 0B       		.uleb128 0xb
 1150 00de 3B       		.uleb128 0x3b
 1151 00df 0B       		.uleb128 0xb
 1152 00e0 49       		.uleb128 0x49
 1153 00e1 13       		.uleb128 0x13
 1154 00e2 02       		.uleb128 0x2
 1155 00e3 0A       		.uleb128 0xa
 1156 00e4 00       		.byte	0x0
 1157 00e5 00       		.byte	0x0
 1158 00e6 11       		.uleb128 0x11
 1159 00e7 2E       		.uleb128 0x2e
 1160 00e8 01       		.byte	0x1
 1161 00e9 3F       		.uleb128 0x3f
 1162 00ea 0C       		.uleb128 0xc
 1163 00eb 03       		.uleb128 0x3
 1164 00ec 0E       		.uleb128 0xe
 1165 00ed 3A       		.uleb128 0x3a
 1166 00ee 0B       		.uleb128 0xb
ARM GAS  C:\Users\Martin\AppData\Local\Temp\cc6MGj55.s 			page 24


 1167 00ef 3B       		.uleb128 0x3b
 1168 00f0 0B       		.uleb128 0xb
 1169 00f1 27       		.uleb128 0x27
 1170 00f2 0C       		.uleb128 0xc
 1171 00f3 11       		.uleb128 0x11
 1172 00f4 01       		.uleb128 0x1
 1173 00f5 12       		.uleb128 0x12
 1174 00f6 01       		.uleb128 0x1
 1175 00f7 40       		.uleb128 0x40
 1176 00f8 06       		.uleb128 0x6
 1177 00f9 01       		.uleb128 0x1
 1178 00fa 13       		.uleb128 0x13
 1179 00fb 00       		.byte	0x0
 1180 00fc 00       		.byte	0x0
 1181 00fd 12       		.uleb128 0x12
 1182 00fe 34       		.uleb128 0x34
 1183 00ff 00       		.byte	0x0
 1184 0100 03       		.uleb128 0x3
 1185 0101 0E       		.uleb128 0xe
 1186 0102 3A       		.uleb128 0x3a
 1187 0103 0B       		.uleb128 0xb
 1188 0104 3B       		.uleb128 0x3b
 1189 0105 05       		.uleb128 0x5
 1190 0106 49       		.uleb128 0x49
 1191 0107 13       		.uleb128 0x13
 1192 0108 3F       		.uleb128 0x3f
 1193 0109 0C       		.uleb128 0xc
 1194 010a 3C       		.uleb128 0x3c
 1195 010b 0C       		.uleb128 0xc
 1196 010c 00       		.byte	0x0
 1197 010d 00       		.byte	0x0
 1198 010e 13       		.uleb128 0x13
 1199 010f 35       		.uleb128 0x35
 1200 0110 00       		.byte	0x0
 1201 0111 49       		.uleb128 0x49
 1202 0112 13       		.uleb128 0x13
 1203 0113 00       		.byte	0x0
 1204 0114 00       		.byte	0x0
 1205 0115 00       		.byte	0x0
 1206              		.section	.debug_pubnames,"",%progbits
 1207 0000 5D000000 		.4byte	0x5d
 1208 0004 0200     		.2byte	0x2
 1209 0006 00000000 		.4byte	.Ldebug_info0
 1210 000a 03030000 		.4byte	0x303
 1211 000e 78010000 		.4byte	0x178
 1212 0012 43445335 		.ascii	"CDS5500_SendServoMsg\000"
 1212      3530305F 
 1212      53656E64 
 1212      53657276 
 1212      6F4D7367 
 1213 0027 DC010000 		.4byte	0x1dc
 1214 002b 53657276 		.ascii	"ServoTest\000"
 1214      6F546573 
 1214      7400
 1215 0035 04020000 		.4byte	0x204
 1216 0039 50696E67 		.ascii	"Ping\000"
 1216      00
ARM GAS  C:\Users\Martin\AppData\Local\Temp\cc6MGj55.s 			page 25


 1217 003e 48020000 		.4byte	0x248
 1218 0042 43686563 		.ascii	"CheckResponse\000"
 1218      6B526573 
 1218      706F6E73 
 1218      6500
 1219 0050 9E020000 		.4byte	0x29e
 1220 0054 57726974 		.ascii	"WritePos\000"
 1220      65506F73 
 1220      00
 1221 005d 00000000 		.4byte	0x0
 1222              		.section	.debug_aranges,"",%progbits
 1223 0000 44000000 		.4byte	0x44
 1224 0004 0200     		.2byte	0x2
 1225 0006 00000000 		.4byte	.Ldebug_info0
 1226 000a 04       		.byte	0x4
 1227 000b 00       		.byte	0x0
 1228 000c 0000     		.2byte	0x0
 1229 000e 0000     		.2byte	0x0
 1230 0010 00000000 		.4byte	.LFB29
 1231 0014 64000000 		.4byte	.LFE29-.LFB29
 1232 0018 00000000 		.4byte	.LFB30
 1233 001c 76000000 		.4byte	.LFE30-.LFB30
 1234 0020 00000000 		.4byte	.LFB31
 1235 0024 26000000 		.4byte	.LFE31-.LFB31
 1236 0028 00000000 		.4byte	.LFB32
 1237 002c 70000000 		.4byte	.LFE32-.LFB32
 1238 0030 00000000 		.4byte	.LFB33
 1239 0034 4A000000 		.4byte	.LFE33-.LFB33
 1240 0038 00000000 		.4byte	.LFB34
 1241 003c 1C000000 		.4byte	.LFE34-.LFB34
 1242 0040 00000000 		.4byte	0x0
 1243 0044 00000000 		.4byte	0x0
 1244              		.section	.debug_ranges,"",%progbits
 1245              	.Ldebug_ranges0:
 1246 0000 00000000 		.4byte	.Ltext0
 1247 0004 00000000 		.4byte	.Letext0
 1248 0008 00000000 		.4byte	.LFB29
 1249 000c 64000000 		.4byte	.LFE29
 1250 0010 00000000 		.4byte	.LFB30
 1251 0014 76000000 		.4byte	.LFE30
 1252 0018 00000000 		.4byte	.LFB31
 1253 001c 26000000 		.4byte	.LFE31
 1254 0020 00000000 		.4byte	.LFB32
 1255 0024 70000000 		.4byte	.LFE32
 1256 0028 00000000 		.4byte	.LFB33
 1257 002c 4A000000 		.4byte	.LFE33
 1258 0030 00000000 		.4byte	.LFB34
 1259 0034 1C000000 		.4byte	.LFE34
 1260 0038 00000000 		.4byte	0x0
 1261 003c 00000000 		.4byte	0x0
 1262              		.section	.debug_str,"MS",%progbits,1
 1263              	.LASF6:
 1264 0000 6C6F6E67 		.ascii	"long long int\000"
 1264      206C6F6E 
 1264      6720696E 
 1264      7400
 1265              	.LASF20:
ARM GAS  C:\Users\Martin\AppData\Local\Temp\cc6MGj55.s 			page 26


 1266 000e 63686563 		.ascii	"checksum\000"
 1266      6B73756D 
 1266      00
 1267              	.LASF23:
 1268 0017 7563496E 		.ascii	"ucInstrId\000"
 1268      73747249 
 1268      6400
 1269              	.LASF2:
 1270 0021 73686F72 		.ascii	"short int\000"
 1270      7420696E 
 1270      7400
 1271              	.LASF26:
 1272 002b 73746174 		.ascii	"status\000"
 1272      757300
 1273              	.LASF34:
 1274 0032 57726974 		.ascii	"WritePos\000"
 1274      65506F73 
 1274      00
 1275              	.LASF33:
 1276 003b 63616C63 		.ascii	"calcChecksum\000"
 1276      43686563 
 1276      6B73756D 
 1276      00
 1277              	.LASF21:
 1278 0048 43445335 		.ascii	"CDS5500_MSG\000"
 1278      3530305F 
 1278      4D534700 
 1279              	.LASF9:
 1280 0054 666C6F61 		.ascii	"float\000"
 1280      7400
 1281              	.LASF14:
 1282 005a 73746172 		.ascii	"startbyte0\000"
 1282      74627974 
 1282      653000
 1283              	.LASF15:
 1284 0065 73746172 		.ascii	"startbyte1\000"
 1284      74627974 
 1284      653100
 1285              	.LASF25:
 1286 0070 70756349 		.ascii	"pucInstrParams\000"
 1286      6E737472 
 1286      50617261 
 1286      6D7300
 1287              	.LASF1:
 1288 007f 756E7369 		.ascii	"unsigned char\000"
 1288      676E6564 
 1288      20636861 
 1288      7200
 1289              	.LASF39:
 1290 008d 2E2E5C2E 		.ascii	"..\\..\\..\\Drive_Platform\\DrivePlatform.cydsn\\se"
 1290      2E5C2E2E 
 1290      5C447269 
 1290      76655F50 
 1290      6C617466 
 1291 00bb 72766F5F 		.ascii	"rvo_cds5500.c\000"
 1291      63647335 
 1291      3530302E 
ARM GAS  C:\Users\Martin\AppData\Local\Temp\cc6MGj55.s 			page 27


 1291      6300
 1292              	.LASF5:
 1293 00c9 6C6F6E67 		.ascii	"long unsigned int\000"
 1293      20756E73 
 1293      69676E65 
 1293      6420696E 
 1293      7400
 1294              	.LASF3:
 1295 00db 73686F72 		.ascii	"short unsigned int\000"
 1295      7420756E 
 1295      7369676E 
 1295      65642069 
 1295      6E7400
 1296              	.LASF0:
 1297 00ee 7369676E 		.ascii	"signed char\000"
 1297      65642063 
 1297      68617200 
 1298              	.LASF43:
 1299 00fa 49544D5F 		.ascii	"ITM_RxBuffer\000"
 1299      52784275 
 1299      66666572 
 1299      00
 1300              	.LASF24:
 1301 0107 75634E75 		.ascii	"ucNumParams\000"
 1301      6D506172 
 1301      616D7300 
 1302              	.LASF10:
 1303 0113 646F7562 		.ascii	"double\000"
 1303      6C6500
 1304              	.LASF16:
 1305 011a 6D6F746F 		.ascii	"motorId\000"
 1305      72496400 
 1306              	.LASF35:
 1307 0122 706F7369 		.ascii	"position\000"
 1307      74696F6E 
 1307      00
 1308              	.LASF40:
 1309 012b 583A5C47 		.ascii	"X:\\GitHub_roboticscode\\roboticscode\\psoc\\psoc_c"
 1309      69744875 
 1309      625F726F 
 1309      626F7469 
 1309      6373636F 
 1310 015a 72656174 		.ascii	"reator_2.2\\DrivePlatform2\\DrivePlatform2\\DrivePl"
 1310      6F725F32 
 1310      2E325C44 
 1310      72697665 
 1310      506C6174 
 1311 018a 6174666F 		.ascii	"atform2.cydsn\000"
 1311      726D322E 
 1311      63796473 
 1311      6E00
 1312              	.LASF19:
 1313 0198 696E7374 		.ascii	"instrParams\000"
 1313      72506172 
 1313      616D7300 
 1314              	.LASF41:
 1315 01a4 5F736572 		.ascii	"_servo_msg\000"
ARM GAS  C:\Users\Martin\AppData\Local\Temp\cc6MGj55.s 			page 28


 1315      766F5F6D 
 1315      736700
 1316              	.LASF8:
 1317 01af 756E7369 		.ascii	"unsigned int\000"
 1317      676E6564 
 1317      20696E74 
 1317      00
 1318              	.LASF7:
 1319 01bc 6C6F6E67 		.ascii	"long long unsigned int\000"
 1319      206C6F6E 
 1319      6720756E 
 1319      7369676E 
 1319      65642069 
 1320              	.LASF27:
 1321 01d3 53657276 		.ascii	"ServoTest\000"
 1321      6F546573 
 1321      7400
 1322              	.LASF31:
 1323 01dd 72657370 		.ascii	"response\000"
 1323      6F6E7365 
 1323      00
 1324              	.LASF28:
 1325 01e6 50696E67 		.ascii	"Ping\000"
 1325      00
 1326              	.LASF37:
 1327 01eb 6D657373 		.ascii	"messageLength\000"
 1327      6167654C 
 1327      656E6774 
 1327      6800
 1328              	.LASF18:
 1329 01f9 696E7374 		.ascii	"instrId\000"
 1329      72496400 
 1330              	.LASF38:
 1331 0201 474E5520 		.ascii	"GNU C 4.4.1\000"
 1331      4320342E 
 1331      342E3100 
 1332              	.LASF11:
 1333 020d 63686172 		.ascii	"char\000"
 1333      00
 1334              	.LASF30:
 1335 0212 43686563 		.ascii	"CheckResponse\000"
 1335      6B526573 
 1335      706F6E73 
 1335      6500
 1336              	.LASF13:
 1337 0220 53544154 		.ascii	"STATUS\000"
 1337      555300
 1338              	.LASF12:
 1339 0227 75696E74 		.ascii	"uint8\000"
 1339      3800
 1340              	.LASF29:
 1341 022d 43445335 		.ascii	"CDS5500_SendServoMsg\000"
 1341      3530305F 
 1341      53656E64 
 1341      53657276 
 1341      6F4D7367 
 1342              	.LASF4:
ARM GAS  C:\Users\Martin\AppData\Local\Temp\cc6MGj55.s 			page 29


 1343 0242 6C6F6E67 		.ascii	"long int\000"
 1343      20696E74 
 1343      00
 1344              	.LASF36:
 1345 024b 76656C6F 		.ascii	"velocity\000"
 1345      63697479 
 1345      00
 1346              	.LASF42:
 1347 0254 47657443 		.ascii	"GetChecksum\000"
 1347      6865636B 
 1347      73756D00 
 1348              	.LASF22:
 1349 0260 75634D6F 		.ascii	"ucMotorId\000"
 1349      746F7249 
 1349      6400
 1350              	.LASF32:
 1351 026a 6D736743 		.ascii	"msgCkecksum\000"
 1351      6B65636B 
 1351      73756D00 
 1352              	.LASF17:
 1353 0276 6C656E67 		.ascii	"length\000"
 1353      746800
 1354              		.ident	"GCC: (Sourcery G++ Lite 2010q1-188) 4.4.1"
