ARM GAS  C:\Users\Martin\AppData\Local\Temp\ccUHgpOv.s 			page 1


   1              		.syntax unified
   2              		.cpu cortex-m3
   3              		.fpu softvfp
   4              		.eabi_attribute 20, 1
   5              		.eabi_attribute 21, 1
   6              		.eabi_attribute 23, 3
   7              		.eabi_attribute 24, 1
   8              		.eabi_attribute 25, 1
   9              		.eabi_attribute 26, 1
  10              		.eabi_attribute 30, 6
  11              		.eabi_attribute 34, 1
  12              		.eabi_attribute 18, 4
  13              		.thumb
  14              		.file	"cymetadata.c"
  15              		.text
  16              	.Ltext0:
  17              		.cfi_sections	.debug_frame
  18              		.global	cy_meta_configecc
  19              		.section	.cyconfigecc,"a",%progbits
  20              		.align	2
  21              		.type	cy_meta_configecc, %object
  22              		.size	cy_meta_configecc, 956
  23              	cy_meta_configecc:
  24 0000 03       		.byte	3
  25 0001 52       		.byte	82
  26 0002 00       		.byte	0
  27 0003 40       		.byte	64
  28 0004 03       		.byte	3
  29 0005 64       		.byte	100
  30 0006 00       		.byte	0
  31 0007 40       		.byte	64
  32 0008 56       		.byte	86
  33 0009 00       		.byte	0
  34 000a 01       		.byte	1
  35 000b 40       		.byte	64
  36 000c 39       		.byte	57
  37 000d 01       		.byte	1
  38 000e 01       		.byte	1
  39 000f 40       		.byte	64
  40 0010 0C       		.byte	12
  41 0011 02       		.byte	2
  42 0012 01       		.byte	1
  43 0013 40       		.byte	64
  44 0014 41       		.byte	65
  45 0015 03       		.byte	3
  46 0016 01       		.byte	1
  47 0017 40       		.byte	64
  48 0018 42       		.byte	66
  49 0019 04       		.byte	4
  50 001a 01       		.byte	1
  51 001b 40       		.byte	64
  52 001c 42       		.byte	66
  53 001d 05       		.byte	5
  54 001e 01       		.byte	1
  55 001f 40       		.byte	64
  56 0020 01       		.byte	1
  57 0021 07       		.byte	7
ARM GAS  C:\Users\Martin\AppData\Local\Temp\ccUHgpOv.s 			page 2


  58 0022 01       		.byte	1
  59 0023 40       		.byte	64
  60 0024 0A       		.byte	10
  61 0025 40       		.byte	64
  62 0026 01       		.byte	1
  63 0027 40       		.byte	64
  64 0028 08       		.byte	8
  65 0029 41       		.byte	65
  66 002a 01       		.byte	1
  67 002b 40       		.byte	64
  68 002c 03       		.byte	3
  69 002d 50       		.byte	80
  70 002e 01       		.byte	1
  71 002f 40       		.byte	64
  72 0030 01       		.byte	1
  73 0031 51       		.byte	81
  74 0032 01       		.byte	1
  75 0033 40       		.byte	64
  76 0034 20       		.byte	32
  77 0035 02       		.byte	2
  78 0036 21       		.byte	33
  79 0037 02       		.byte	2
  80 0038 24       		.byte	36
  81 0039 01       		.byte	1
  82 003a 80       		.byte	-128
  83 003b 0F       		.byte	15
  84 003c 82       		.byte	-126
  85 003d 38       		.byte	56
  86 003e 85       		.byte	-123
  87 003f 72       		.byte	114
  88 0040 00       		.byte	0
  89 0041 01       		.byte	1
  90 0042 03       		.byte	3
  91 0043 20       		.byte	32
  92 0044 05       		.byte	5
  93 0045 12       		.byte	18
  94 0046 07       		.byte	7
  95 0047 20       		.byte	32
  96 0048 0C       		.byte	12
  97 0049 01       		.byte	1
  98 004a 0D       		.byte	13
  99 004b 28       		.byte	40
 100 004c 17       		.byte	23
 101 004d 06       		.byte	6
 102 004e 19       		.byte	25
 103 004f 01       		.byte	1
 104 0050 1A       		.byte	26
 105 0051 01       		.byte	1
 106 0052 1C       		.byte	28
 107 0053 02       		.byte	2
 108 0054 1D       		.byte	29
 109 0055 38       		.byte	56
 110 0056 1F       		.byte	31
 111 0057 04       		.byte	4
 112 0058 21       		.byte	33
 113 0059 20       		.byte	32
 114 005a 22       		.byte	34
ARM GAS  C:\Users\Martin\AppData\Local\Temp\ccUHgpOv.s 			page 3


 115 005b 01       		.byte	1
 116 005c 23       		.byte	35
 117 005d 18       		.byte	24
 118 005e 24       		.byte	36
 119 005f 04       		.byte	4
 120 0060 2A       		.byte	42
 121 0061 01       		.byte	1
 122 0062 2D       		.byte	45
 123 0063 18       		.byte	24
 124 0064 2F       		.byte	47
 125 0065 22       		.byte	34
 126 0066 30       		.byte	48
 127 0067 01       		.byte	1
 128 0068 32       		.byte	50
 129 0069 02       		.byte	2
 130 006a 33       		.byte	51
 131 006b 3E       		.byte	62
 132 006c 34       		.byte	52
 133 006d 04       		.byte	4
 134 006e 35       		.byte	53
 135 006f 01       		.byte	1
 136 0070 3E       		.byte	62
 137 0071 15       		.byte	21
 138 0072 40       		.byte	64
 139 0073 52       		.byte	82
 140 0074 41       		.byte	65
 141 0075 04       		.byte	4
 142 0076 45       		.byte	69
 143 0077 E0       		.byte	-32
 144 0078 46       		.byte	70
 145 0079 0B       		.byte	11
 146 007a 47       		.byte	71
 147 007b 0C       		.byte	12
 148 007c 48       		.byte	72
 149 007d 16       		.byte	22
 150 007e 49       		.byte	73
 151 007f FF       		.byte	-1
 152 0080 4A       		.byte	74
 153 0081 FF       		.byte	-1
 154 0082 4B       		.byte	75
 155 0083 FF       		.byte	-1
 156 0084 4E       		.byte	78
 157 0085 F0       		.byte	-16
 158 0086 4F       		.byte	79
 159 0087 44       		.byte	68
 160 0088 50       		.byte	80
 161 0089 0C       		.byte	12
 162 008a 54       		.byte	84
 163 008b 01       		.byte	1
 164 008c 56       		.byte	86
 165 008d 04       		.byte	4
 166 008e 58       		.byte	88
 167 008f 04       		.byte	4
 168 0090 59       		.byte	89
 169 0091 04       		.byte	4
 170 0092 5A       		.byte	90
 171 0093 04       		.byte	4
ARM GAS  C:\Users\Martin\AppData\Local\Temp\ccUHgpOv.s 			page 4


 172 0094 5B       		.byte	91
 173 0095 04       		.byte	4
 174 0096 5F       		.byte	95
 175 0097 01       		.byte	1
 176 0098 66       		.byte	102
 177 0099 C0       		.byte	-64
 178 009a 6A       		.byte	106
 179 009b 40       		.byte	64
 180 009c 6B       		.byte	107
 181 009d 02       		.byte	2
 182 009e 81       		.byte	-127
 183 009f 06       		.byte	6
 184 00a0 84       		.byte	-124
 185 00a1 06       		.byte	6
 186 00a2 87       		.byte	-121
 187 00a3 04       		.byte	4
 188 00a4 88       		.byte	-120
 189 00a5 06       		.byte	6
 190 00a6 8F       		.byte	-113
 191 00a7 01       		.byte	1
 192 00a8 94       		.byte	-108
 193 00a9 04       		.byte	4
 194 00aa 96       		.byte	-106
 195 00ab 02       		.byte	2
 196 00ac 9D       		.byte	-99
 197 00ad 02       		.byte	2
 198 00ae A8       		.byte	-88
 199 00af 01       		.byte	1
 200 00b0 AC       		.byte	-84
 201 00b1 02       		.byte	2
 202 00b2 AD       		.byte	-83
 203 00b3 06       		.byte	6
 204 00b4 AE       		.byte	-82
 205 00b5 04       		.byte	4
 206 00b6 B2       		.byte	-78
 207 00b7 06       		.byte	6
 208 00b8 B3       		.byte	-77
 209 00b9 06       		.byte	6
 210 00ba B6       		.byte	-74
 211 00bb 01       		.byte	1
 212 00bc B7       		.byte	-73
 213 00bd 01       		.byte	1
 214 00be B9       		.byte	-71
 215 00bf 08       		.byte	8
 216 00c0 BE       		.byte	-66
 217 00c1 40       		.byte	64
 218 00c2 BF       		.byte	-65
 219 00c3 04       		.byte	4
 220 00c4 C0       		.byte	-64
 221 00c5 02       		.byte	2
 222 00c6 C5       		.byte	-59
 223 00c7 01       		.byte	1
 224 00c8 C6       		.byte	-58
 225 00c9 05       		.byte	5
 226 00ca C8       		.byte	-56
 227 00cb 05       		.byte	5
 228 00cc C9       		.byte	-55
ARM GAS  C:\Users\Martin\AppData\Local\Temp\ccUHgpOv.s 			page 5


 229 00cd FF       		.byte	-1
 230 00ce CA       		.byte	-54
 231 00cf 07       		.byte	7
 232 00d0 CB       		.byte	-53
 233 00d1 FF       		.byte	-1
 234 00d2 CC       		.byte	-52
 235 00d3 40       		.byte	64
 236 00d4 CD       		.byte	-51
 237 00d5 20       		.byte	32
 238 00d6 CE       		.byte	-50
 239 00d7 F0       		.byte	-16
 240 00d8 CF       		.byte	-49
 241 00d9 05       		.byte	5
 242 00da D0       		.byte	-48
 243 00db 08       		.byte	8
 244 00dc D8       		.byte	-40
 245 00dd 04       		.byte	4
 246 00de D9       		.byte	-39
 247 00df 04       		.byte	4
 248 00e0 DA       		.byte	-38
 249 00e1 04       		.byte	4
 250 00e2 DF       		.byte	-33
 251 00e3 01       		.byte	1
 252 00e4 E0       		.byte	-32
 253 00e5 40       		.byte	64
 254 00e6 E1       		.byte	-31
 255 00e7 A8       		.byte	-88
 256 00e8 E2       		.byte	-30
 257 00e9 40       		.byte	64
 258 00ea E3       		.byte	-29
 259 00eb 20       		.byte	32
 260 00ec 00       		.byte	0
 261 00ed 02       		.byte	2
 262 00ee 03       		.byte	3
 263 00ef 02       		.byte	2
 264 00f0 04       		.byte	4
 265 00f1 28       		.byte	40
 266 00f2 0B       		.byte	11
 267 00f3 05       		.byte	5
 268 00f4 0E       		.byte	14
 269 00f5 10       		.byte	16
 270 00f6 10       		.byte	16
 271 00f7 28       		.byte	40
 272 00f8 12       		.byte	18
 273 00f9 80       		.byte	-128
 274 00fa 13       		.byte	19
 275 00fb 20       		.byte	32
 276 00fc 14       		.byte	20
 277 00fd 04       		.byte	4
 278 00fe 16       		.byte	22
 279 00ff 01       		.byte	1
 280 0100 18       		.byte	24
 281 0101 04       		.byte	4
 282 0102 19       		.byte	25
 283 0103 04       		.byte	4
 284 0104 1A       		.byte	26
 285 0105 80       		.byte	-128
ARM GAS  C:\Users\Martin\AppData\Local\Temp\ccUHgpOv.s 			page 6


 286 0106 1D       		.byte	29
 287 0107 80       		.byte	-128
 288 0108 1E       		.byte	30
 289 0109 10       		.byte	16
 290 010a 21       		.byte	33
 291 010b 08       		.byte	8
 292 010c 23       		.byte	35
 293 010d 04       		.byte	4
 294 010e 24       		.byte	36
 295 010f 02       		.byte	2
 296 0110 27       		.byte	39
 297 0111 10       		.byte	16
 298 0112 2A       		.byte	42
 299 0113 02       		.byte	2
 300 0114 2B       		.byte	43
 301 0115 02       		.byte	2
 302 0116 2F       		.byte	47
 303 0117 02       		.byte	2
 304 0118 30       		.byte	48
 305 0119 24       		.byte	36
 306 011a 31       		.byte	49
 307 011b 08       		.byte	8
 308 011c 32       		.byte	50
 309 011d 80       		.byte	-128
 310 011e 36       		.byte	54
 311 011f 80       		.byte	-128
 312 0120 38       		.byte	56
 313 0121 80       		.byte	-128
 314 0122 3B       		.byte	59
 315 0123 06       		.byte	6
 316 0124 3C       		.byte	60
 317 0125 02       		.byte	2
 318 0126 3E       		.byte	62
 319 0127 02       		.byte	2
 320 0128 3F       		.byte	63
 321 0129 84       		.byte	-124
 322 012a 40       		.byte	64
 323 012b 04       		.byte	4
 324 012c 43       		.byte	67
 325 012d 02       		.byte	2
 326 012e 47       		.byte	71
 327 012f 10       		.byte	16
 328 0130 48       		.byte	72
 329 0131 01       		.byte	1
 330 0132 49       		.byte	73
 331 0133 01       		.byte	1
 332 0134 4B       		.byte	75
 333 0135 01       		.byte	1
 334 0136 4C       		.byte	76
 335 0137 20       		.byte	32
 336 0138 50       		.byte	80
 337 0139 48       		.byte	72
 338 013a 55       		.byte	85
 339 013b 40       		.byte	64
 340 013c 59       		.byte	89
 341 013d 05       		.byte	5
 342 013e 5A       		.byte	90
ARM GAS  C:\Users\Martin\AppData\Local\Temp\ccUHgpOv.s 			page 7


 343 013f 80       		.byte	-128
 344 0140 5B       		.byte	91
 345 0141 20       		.byte	32
 346 0142 62       		.byte	98
 347 0143 02       		.byte	2
 348 0144 7D       		.byte	125
 349 0145 80       		.byte	-128
 350 0146 7F       		.byte	127
 351 0147 01       		.byte	1
 352 0148 82       		.byte	-126
 353 0149 02       		.byte	2
 354 014a C0       		.byte	-64
 355 014b 69       		.byte	105
 356 014c C2       		.byte	-62
 357 014d 23       		.byte	35
 358 014e C4       		.byte	-60
 359 014f CE       		.byte	-50
 360 0150 CA       		.byte	-54
 361 0151 19       		.byte	25
 362 0152 CC       		.byte	-52
 363 0153 1E       		.byte	30
 364 0154 CE       		.byte	-50
 365 0155 DB       		.byte	-37
 366 0156 D0       		.byte	-48
 367 0157 25       		.byte	37
 368 0158 D2       		.byte	-46
 369 0159 08       		.byte	8
 370 015a D6       		.byte	-42
 371 015b 0F       		.byte	15
 372 015c D8       		.byte	-40
 373 015d 01       		.byte	1
 374 015e 87       		.byte	-121
 375 015f 0E       		.byte	14
 376 0160 8D       		.byte	-115
 377 0161 03       		.byte	3
 378 0162 8F       		.byte	-113
 379 0163 0C       		.byte	12
 380 0164 95       		.byte	-107
 381 0165 03       		.byte	3
 382 0166 97       		.byte	-105
 383 0167 04       		.byte	4
 384 0168 9D       		.byte	-99
 385 0169 09       		.byte	9
 386 016a AD       		.byte	-83
 387 016b 03       		.byte	3
 388 016c AF       		.byte	-81
 389 016d 04       		.byte	4
 390 016e B7       		.byte	-73
 391 016f 0F       		.byte	15
 392 0170 BB       		.byte	-69
 393 0171 80       		.byte	-128
 394 0172 D9       		.byte	-39
 395 0173 04       		.byte	4
 396 0174 DF       		.byte	-33
 397 0175 01       		.byte	1
 398 0176 04       		.byte	4
 399 0177 02       		.byte	2
ARM GAS  C:\Users\Martin\AppData\Local\Temp\ccUHgpOv.s 			page 8


 400 0178 05       		.byte	5
 401 0179 30       		.byte	48
 402 017a 06       		.byte	6
 403 017b 01       		.byte	1
 404 017c 07       		.byte	7
 405 017d 20       		.byte	32
 406 017e 0D       		.byte	13
 407 017f 22       		.byte	34
 408 0180 0E       		.byte	14
 409 0181 01       		.byte	1
 410 0182 0F       		.byte	15
 411 0183 20       		.byte	32
 412 0184 16       		.byte	22
 413 0185 0A       		.byte	10
 414 0186 17       		.byte	23
 415 0187 09       		.byte	9
 416 0188 1D       		.byte	29
 417 0189 08       		.byte	8
 418 018a 1E       		.byte	30
 419 018b 21       		.byte	33
 420 018c 1F       		.byte	31
 421 018d 24       		.byte	36
 422 018e 20       		.byte	32
 423 018f 02       		.byte	2
 424 0190 21       		.byte	33
 425 0191 40       		.byte	64
 426 0192 22       		.byte	34
 427 0193 40       		.byte	64
 428 0194 25       		.byte	37
 429 0195 04       		.byte	4
 430 0196 27       		.byte	39
 431 0197 51       		.byte	81
 432 0198 2B       		.byte	43
 433 0199 02       		.byte	2
 434 019a 2E       		.byte	46
 435 019b 0A       		.byte	10
 436 019c 2F       		.byte	47
 437 019d 04       		.byte	4
 438 019e 30       		.byte	48
 439 019f 08       		.byte	8
 440 01a0 32       		.byte	50
 441 01a1 80       		.byte	-128
 442 01a2 34       		.byte	52
 443 01a3 80       		.byte	-128
 444 01a4 36       		.byte	54
 445 01a5 04       		.byte	4
 446 01a6 37       		.byte	55
 447 01a7 21       		.byte	33
 448 01a8 39       		.byte	57
 449 01a9 80       		.byte	-128
 450 01aa 3B       		.byte	59
 451 01ab 04       		.byte	4
 452 01ac 3D       		.byte	61
 453 01ad 08       		.byte	8
 454 01ae 3E       		.byte	62
 455 01af 11       		.byte	17
 456 01b0 3F       		.byte	63
ARM GAS  C:\Users\Martin\AppData\Local\Temp\ccUHgpOv.s 			page 9


 457 01b1 80       		.byte	-128
 458 01b2 44       		.byte	68
 459 01b3 80       		.byte	-128
 460 01b4 45       		.byte	69
 461 01b5 2A       		.byte	42
 462 01b6 47       		.byte	71
 463 01b7 58       		.byte	88
 464 01b8 4D       		.byte	77
 465 01b9 20       		.byte	32
 466 01ba 54       		.byte	84
 467 01bb 80       		.byte	-128
 468 01bc 57       		.byte	87
 469 01bd 10       		.byte	16
 470 01be 5F       		.byte	95
 471 01bf 02       		.byte	2
 472 01c0 64       		.byte	100
 473 01c1 08       		.byte	8
 474 01c2 67       		.byte	103
 475 01c3 82       		.byte	-126
 476 01c4 87       		.byte	-121
 477 01c5 40       		.byte	64
 478 01c6 90       		.byte	-112
 479 01c7 02       		.byte	2
 480 01c8 92       		.byte	-110
 481 01c9 10       		.byte	16
 482 01ca 93       		.byte	-109
 483 01cb 04       		.byte	4
 484 01cc 94       		.byte	-108
 485 01cd 28       		.byte	40
 486 01ce 9A       		.byte	-102
 487 01cf 01       		.byte	1
 488 01d0 A0       		.byte	-96
 489 01d1 08       		.byte	8
 490 01d2 A1       		.byte	-95
 491 01d3 40       		.byte	64
 492 01d4 A3       		.byte	-93
 493 01d5 40       		.byte	64
 494 01d6 A4       		.byte	-92
 495 01d7 01       		.byte	1
 496 01d8 A6       		.byte	-90
 497 01d9 80       		.byte	-128
 498 01da A7       		.byte	-89
 499 01db 02       		.byte	2
 500 01dc AA       		.byte	-86
 501 01dd 01       		.byte	1
 502 01de AB       		.byte	-85
 503 01df 40       		.byte	64
 504 01e0 B1       		.byte	-79
 505 01e1 80       		.byte	-128
 506 01e2 C0       		.byte	-64
 507 01e3 F0       		.byte	-16
 508 01e4 C2       		.byte	-62
 509 01e5 F0       		.byte	-16
 510 01e6 C4       		.byte	-60
 511 01e7 F0       		.byte	-16
 512 01e8 CA       		.byte	-54
 513 01e9 E8       		.byte	-24
ARM GAS  C:\Users\Martin\AppData\Local\Temp\ccUHgpOv.s 			page 10


 514 01ea CC       		.byte	-52
 515 01eb FA       		.byte	-6
 516 01ec CE       		.byte	-50
 517 01ed FA       		.byte	-6
 518 01ee D0       		.byte	-48
 519 01ef F0       		.byte	-16
 520 01f0 D2       		.byte	-46
 521 01f1 20       		.byte	32
 522 01f2 D6       		.byte	-42
 523 01f3 80       		.byte	-128
 524 01f4 D8       		.byte	-40
 525 01f5 B0       		.byte	-80
 526 01f6 EA       		.byte	-22
 527 01f7 20       		.byte	32
 528 01f8 00       		.byte	0
 529 01f9 06       		.byte	6
 530 01fa 07       		.byte	7
 531 01fb 07       		.byte	7
 532 01fc 0E       		.byte	14
 533 01fd 03       		.byte	3
 534 01fe 11       		.byte	17
 535 01ff 01       		.byte	1
 536 0200 12       		.byte	18
 537 0201 05       		.byte	5
 538 0202 13       		.byte	19
 539 0203 02       		.byte	2
 540 0204 1A       		.byte	26
 541 0205 07       		.byte	7
 542 0206 1D       		.byte	29
 543 0207 04       		.byte	4
 544 0208 1F       		.byte	31
 545 0209 01       		.byte	1
 546 020a 21       		.byte	33
 547 020b 04       		.byte	4
 548 020c 2C       		.byte	44
 549 020d 02       		.byte	2
 550 020e 2D       		.byte	45
 551 020f 01       		.byte	1
 552 0210 2F       		.byte	47
 553 0211 06       		.byte	6
 554 0212 30       		.byte	48
 555 0213 07       		.byte	7
 556 0214 37       		.byte	55
 557 0215 07       		.byte	7
 558 0216 3A       		.byte	58
 559 0217 02       		.byte	2
 560 0218 3B       		.byte	59
 561 0219 80       		.byte	-128
 562 021a 58       		.byte	88
 563 021b 04       		.byte	4
 564 021c 59       		.byte	89
 565 021d 04       		.byte	4
 566 021e 5F       		.byte	95
 567 021f 01       		.byte	1
 568 0220 80       		.byte	-128
 569 0221 10       		.byte	16
 570 0222 81       		.byte	-127
ARM GAS  C:\Users\Martin\AppData\Local\Temp\ccUHgpOv.s 			page 11


 571 0223 01       		.byte	1
 572 0224 83       		.byte	-125
 573 0225 30       		.byte	48
 574 0226 84       		.byte	-124
 575 0227 10       		.byte	16
 576 0228 85       		.byte	-123
 577 0229 31       		.byte	49
 578 022a 88       		.byte	-120
 579 022b 02       		.byte	2
 580 022c 8B       		.byte	-117
 581 022d 40       		.byte	64
 582 022e 8C       		.byte	-116
 583 022f 04       		.byte	4
 584 0230 8D       		.byte	-115
 585 0231 14       		.byte	20
 586 0232 8F       		.byte	-113
 587 0233 02       		.byte	2
 588 0234 91       		.byte	-111
 589 0235 01       		.byte	1
 590 0236 92       		.byte	-110
 591 0237 01       		.byte	1
 592 0238 93       		.byte	-109
 593 0239 30       		.byte	48
 594 023a 94       		.byte	-108
 595 023b 0F       		.byte	15
 596 023c 95       		.byte	-107
 597 023d 32       		.byte	50
 598 023e 97       		.byte	-105
 599 023f 0C       		.byte	12
 600 0240 98       		.byte	-104
 601 0241 09       		.byte	9
 602 0242 99       		.byte	-103
 603 0243 31       		.byte	49
 604 0244 9A       		.byte	-102
 605 0245 06       		.byte	6
 606 0246 9C       		.byte	-100
 607 0247 07       		.byte	7
 608 0248 9D       		.byte	-99
 609 0249 0E       		.byte	14
 610 024a 9E       		.byte	-98
 611 024b 08       		.byte	8
 612 024c A0       		.byte	-96
 613 024d 06       		.byte	6
 614 024e A2       		.byte	-94
 615 024f 09       		.byte	9
 616 0250 A3       		.byte	-93
 617 0251 40       		.byte	64
 618 0252 A4       		.byte	-92
 619 0253 10       		.byte	16
 620 0254 A5       		.byte	-91
 621 0255 0E       		.byte	14
 622 0256 A8       		.byte	-88
 623 0257 06       		.byte	6
 624 0258 A9       		.byte	-87
 625 0259 28       		.byte	40
 626 025a AB       		.byte	-85
 627 025b 02       		.byte	2
ARM GAS  C:\Users\Martin\AppData\Local\Temp\ccUHgpOv.s 			page 12


 628 025c AF       		.byte	-81
 629 025d 30       		.byte	48
 630 025e B0       		.byte	-80
 631 025f 10       		.byte	16
 632 0260 B1       		.byte	-79
 633 0261 01       		.byte	1
 634 0262 B2       		.byte	-78
 635 0263 08       		.byte	8
 636 0264 B3       		.byte	-77
 637 0265 0E       		.byte	14
 638 0266 B4       		.byte	-76
 639 0267 07       		.byte	7
 640 0268 B5       		.byte	-75
 641 0269 40       		.byte	64
 642 026a B7       		.byte	-73
 643 026b 30       		.byte	48
 644 026c B8       		.byte	-72
 645 026d 08       		.byte	8
 646 026e BF       		.byte	-65
 647 026f 11       		.byte	17
 648 0270 D6       		.byte	-42
 649 0271 02       		.byte	2
 650 0272 D7       		.byte	-41
 651 0273 13       		.byte	19
 652 0274 D8       		.byte	-40
 653 0275 04       		.byte	4
 654 0276 D9       		.byte	-39
 655 0277 04       		.byte	4
 656 0278 DB       		.byte	-37
 657 0279 04       		.byte	4
 658 027a DF       		.byte	-33
 659 027b 01       		.byte	1
 660 027c 02       		.byte	2
 661 027d 80       		.byte	-128
 662 027e 03       		.byte	3
 663 027f 02       		.byte	2
 664 0280 04       		.byte	4
 665 0281 0A       		.byte	10
 666 0282 06       		.byte	6
 667 0283 0A       		.byte	10
 668 0284 08       		.byte	8
 669 0285 01       		.byte	1
 670 0286 0A       		.byte	10
 671 0287 80       		.byte	-128
 672 0288 0B       		.byte	11
 673 0289 04       		.byte	4
 674 028a 0D       		.byte	13
 675 028b 02       		.byte	2
 676 028c 0E       		.byte	14
 677 028d 25       		.byte	37
 678 028e 11       		.byte	17
 679 028f 80       		.byte	-128
 680 0290 12       		.byte	18
 681 0291 01       		.byte	1
 682 0292 15       		.byte	21
 683 0293 04       		.byte	4
 684 0294 17       		.byte	23
ARM GAS  C:\Users\Martin\AppData\Local\Temp\ccUHgpOv.s 			page 13


 685 0295 21       		.byte	33
 686 0296 1B       		.byte	27
 687 0297 02       		.byte	2
 688 0298 1C       		.byte	28
 689 0299 10       		.byte	16
 690 029a 1D       		.byte	29
 691 029b 12       		.byte	18
 692 029c 1F       		.byte	31
 693 029d 01       		.byte	1
 694 029e 22       		.byte	34
 695 029f 80       		.byte	-128
 696 02a0 24       		.byte	36
 697 02a1 04       		.byte	4
 698 02a2 26       		.byte	38
 699 02a3 05       		.byte	5
 700 02a4 27       		.byte	39
 701 02a5 02       		.byte	2
 702 02a6 2A       		.byte	42
 703 02a7 01       		.byte	1
 704 02a8 2B       		.byte	43
 705 02a9 02       		.byte	2
 706 02aa 2C       		.byte	44
 707 02ab 80       		.byte	-128
 708 02ac 2D       		.byte	45
 709 02ad 04       		.byte	4
 710 02ae 2E       		.byte	46
 711 02af 10       		.byte	16
 712 02b0 2F       		.byte	47
 713 02b1 01       		.byte	1
 714 02b2 30       		.byte	48
 715 02b3 01       		.byte	1
 716 02b4 32       		.byte	50
 717 02b5 80       		.byte	-128
 718 02b6 34       		.byte	52
 719 02b7 80       		.byte	-128
 720 02b8 36       		.byte	54
 721 02b9 14       		.byte	20
 722 02ba 37       		.byte	55
 723 02bb 01       		.byte	1
 724 02bc 3B       		.byte	59
 725 02bd 04       		.byte	4
 726 02be 3C       		.byte	60
 727 02bf 10       		.byte	16
 728 02c0 3D       		.byte	61
 729 02c1 08       		.byte	8
 730 02c2 3E       		.byte	62
 731 02c3 05       		.byte	5
 732 02c4 3F       		.byte	63
 733 02c5 80       		.byte	-128
 734 02c6 5E       		.byte	94
 735 02c7 02       		.byte	2
 736 02c8 6C       		.byte	108
 737 02c9 15       		.byte	21
 738 02ca 6D       		.byte	109
 739 02cb 04       		.byte	4
 740 02cc 76       		.byte	118
 741 02cd 0A       		.byte	10
ARM GAS  C:\Users\Martin\AppData\Local\Temp\ccUHgpOv.s 			page 14


 742 02ce 77       		.byte	119
 743 02cf 20       		.byte	32
 744 02d0 7C       		.byte	124
 745 02d1 0C       		.byte	12
 746 02d2 92       		.byte	-110
 747 02d3 91       		.byte	-111
 748 02d4 93       		.byte	-109
 749 02d5 04       		.byte	4
 750 02d6 94       		.byte	-108
 751 02d7 28       		.byte	40
 752 02d8 9B       		.byte	-101
 753 02d9 01       		.byte	1
 754 02da 9C       		.byte	-100
 755 02db 08       		.byte	8
 756 02dc 9D       		.byte	-99
 757 02dd 10       		.byte	16
 758 02de 9E       		.byte	-98
 759 02df 0A       		.byte	10
 760 02e0 9F       		.byte	-97
 761 02e1 22       		.byte	34
 762 02e2 A0       		.byte	-96
 763 02e3 80       		.byte	-128
 764 02e4 A1       		.byte	-95
 765 02e5 44       		.byte	68
 766 02e6 A2       		.byte	-94
 767 02e7 10       		.byte	16
 768 02e8 A3       		.byte	-93
 769 02e9 40       		.byte	64
 770 02ea A5       		.byte	-91
 771 02eb 02       		.byte	2
 772 02ec A6       		.byte	-90
 773 02ed 84       		.byte	-124
 774 02ee A7       		.byte	-89
 775 02ef 02       		.byte	2
 776 02f0 AB       		.byte	-85
 777 02f1 21       		.byte	33
 778 02f2 C0       		.byte	-64
 779 02f3 F9       		.byte	-7
 780 02f4 C2       		.byte	-62
 781 02f5 FA       		.byte	-6
 782 02f6 C4       		.byte	-60
 783 02f7 71       		.byte	113
 784 02f8 CA       		.byte	-54
 785 02f9 F9       		.byte	-7
 786 02fa CC       		.byte	-52
 787 02fb F9       		.byte	-7
 788 02fc CE       		.byte	-50
 789 02fd F2       		.byte	-14
 790 02fe D6       		.byte	-42
 791 02ff 80       		.byte	-128
 792 0300 A8       		.byte	-88
 793 0301 84       		.byte	-124
 794 0302 03       		.byte	3
 795 0303 10       		.byte	16
 796 0304 31       		.byte	49
 797 0305 20       		.byte	32
 798 0306 33       		.byte	51
ARM GAS  C:\Users\Martin\AppData\Local\Temp\ccUHgpOv.s 			page 15


 799 0307 02       		.byte	2
 800 0308 37       		.byte	55
 801 0309 20       		.byte	32
 802 030a 5E       		.byte	94
 803 030b 80       		.byte	-128
 804 030c 83       		.byte	-125
 805 030d 20       		.byte	32
 806 030e C0       		.byte	-64
 807 030f 10       		.byte	16
 808 0310 CC       		.byte	-52
 809 0311 70       		.byte	112
 810 0312 D6       		.byte	-42
 811 0313 20       		.byte	32
 812 0314 E2       		.byte	-30
 813 0315 80       		.byte	-128
 814 0316 85       		.byte	-123
 815 0317 20       		.byte	32
 816 0318 87       		.byte	-121
 817 0319 02       		.byte	2
 818 031a A5       		.byte	-91
 819 031b 20       		.byte	32
 820 031c A7       		.byte	-89
 821 031d 02       		.byte	2
 822 031e AB       		.byte	-85
 823 031f 10       		.byte	16
 824 0320 B2       		.byte	-78
 825 0321 40       		.byte	64
 826 0322 E2       		.byte	-30
 827 0323 10       		.byte	16
 828 0324 E8       		.byte	-24
 829 0325 20       		.byte	32
 830 0326 00       		.byte	0
 831 0327 01       		.byte	1
 832 0328 08       		.byte	8
 833 0329 01       		.byte	1
 834 032a 0A       		.byte	10
 835 032b 01       		.byte	1
 836 032c 00       		.byte	0
 837 032d 3F       		.byte	63
 838 032e 00       		.byte	0
 839 032f 00       		.byte	0
 840 0330 00       		.byte	0
 841 0331 0C       		.byte	12
 842 0332 04       		.byte	4
 843 0333 43       		.byte	67
 844 0334 18       		.byte	24
 845 0335 43       		.byte	67
 846 0336 00       		.byte	0
 847 0337 0C       		.byte	12
 848 0338 00       		.byte	0
 849 0339 02       		.byte	2
 850 033a 20       		.byte	32
 851 033b 20       		.byte	32
 852 033c 04       		.byte	4
 853 033d 01       		.byte	1
 854 033e 00       		.byte	0
 855 033f 20       		.byte	32
ARM GAS  C:\Users\Martin\AppData\Local\Temp\ccUHgpOv.s 			page 16


 856 0340 00       		.byte	0
 857 0341 0F       		.byte	15
 858 0342 03       		.byte	3
 859 0343 40       		.byte	64
 860 0344 00       		.byte	0
 861 0345 03       		.byte	3
 862 0346 20       		.byte	32
 863 0347 10       		.byte	16
 864 0348 07       		.byte	7
 865 0349 0C       		.byte	12
 866 034a 18       		.byte	24
 867 034b 00       		.byte	0
 868 034c 1C       		.byte	28
 869 034d 00       		.byte	0
 870 034e 02       		.byte	2
 871 034f 43       		.byte	67
 872 0350 1C       		.byte	28
 873 0351 08       		.byte	8
 874 0352 01       		.byte	1
 875 0353 00       		.byte	0
 876 0354 1F       		.byte	31
 877 0355 04       		.byte	4
 878 0356 00       		.byte	0
 879 0357 00       		.byte	0
 880 0358 08       		.byte	8
 881 0359 4F       		.byte	79
 882 035a 00       		.byte	0
 883 035b 00       		.byte	0
 884 035c 10       		.byte	16
 885 035d 00       		.byte	0
 886 035e 00       		.byte	0
 887 035f 00       		.byte	0
 888 0360 00       		.byte	0
 889 0361 30       		.byte	48
 890 0362 00       		.byte	0
 891 0363 0F       		.byte	15
 892 0364 20       		.byte	32
 893 0365 00       		.byte	0
 894 0366 1F       		.byte	31
 895 0367 4C       		.byte	76
 896 0368 00       		.byte	0
 897 0369 00       		.byte	0
 898 036a 88       		.byte	-120
 899 036b 88       		.byte	-120
 900 036c 00       		.byte	0
 901 036d 00       		.byte	0
 902 036e 10       		.byte	16
 903 036f 01       		.byte	1
 904 0370 24       		.byte	36
 905 0371 03       		.byte	3
 906 0372 06       		.byte	6
 907 0373 00       		.byte	0
 908 0374 01       		.byte	1
 909 0375 00       		.byte	0
 910 0376 CE       		.byte	-50
 911 0377 00       		.byte	0
 912 0378 0C       		.byte	12
ARM GAS  C:\Users\Martin\AppData\Local\Temp\ccUHgpOv.s 			page 17


 913 0379 FF       		.byte	-1
 914 037a FF       		.byte	-1
 915 037b FF       		.byte	-1
 916 037c 62       		.byte	98
 917 037d A0       		.byte	-96
 918 037e F0       		.byte	-16
 919 037f 41       		.byte	65
 920 0380 0C       		.byte	12
 921 0381 00       		.byte	0
 922 0382 00       		.byte	0
 923 0383 00       		.byte	0
 924 0384 18       		.byte	24
 925 0385 00       		.byte	0
 926 0386 04       		.byte	4
 927 0387 00       		.byte	0
 928 0388 04       		.byte	4
 929 0389 04       		.byte	4
 930 038a 04       		.byte	4
 931 038b 04       		.byte	4
 932 038c 00       		.byte	0
 933 038d 00       		.byte	0
 934 038e 00       		.byte	0
 935 038f 01       		.byte	1
 936 0390 00       		.byte	0
 937 0391 00       		.byte	0
 938 0392 00       		.byte	0
 939 0393 00       		.byte	0
 940 0394 00       		.byte	0
 941 0395 00       		.byte	0
 942 0396 40       		.byte	64
 943 0397 02       		.byte	2
 944 0398 00       		.byte	0
 945 0399 10       		.byte	16
 946 039a 30       		.byte	48
 947 039b 10       		.byte	16
 948 039c 00       		.byte	0
 949 039d 10       		.byte	16
 950 039e 10       		.byte	16
 951 039f 12       		.byte	18
 952 03a0 00       		.byte	0
 953 03a1 00       		.byte	0
 954 03a2 00       		.byte	0
 955 03a3 00       		.byte	0
 956 03a4 00       		.byte	0
 957 03a5 00       		.byte	0
 958 03a6 00       		.byte	0
 959 03a7 00       		.byte	0
 960 03a8 00       		.byte	0
 961 03a9 00       		.byte	0
 962 03aa 00       		.byte	0
 963 03ab 00       		.byte	0
 964 03ac 00       		.byte	0
 965 03ad 00       		.byte	0
 966 03ae 00       		.byte	0
 967 03af 00       		.byte	0
 968 03b0 02       		.byte	2
 969 03b1 00       		.byte	0
ARM GAS  C:\Users\Martin\AppData\Local\Temp\ccUHgpOv.s 			page 18


 970 03b2 01       		.byte	1
 971 03b3 02       		.byte	2
 972 03b4 02       		.byte	2
 973 03b5 00       		.byte	0
 974 03b6 02       		.byte	2
 975 03b7 00       		.byte	0
 976 03b8 00       		.byte	0
 977 03b9 00       		.byte	0
 978 03ba 00       		.byte	0
 979 03bb 00       		.byte	0
 980              		.global	cy_meta_custnvl
 981              		.section	.cycustnvl,"a",%progbits
 982              		.align	2
 983              		.type	cy_meta_custnvl, %object
 984              		.size	cy_meta_custnvl, 4
 985              	cy_meta_custnvl:
 986 0000 00       		.byte	0
 987 0001 00       		.byte	0
 988 0002 40       		.byte	64
 989 0003 05       		.byte	5
 990              		.global	cy_meta_wonvl
 991              		.section	.cywolatch,"a",%progbits
 992              		.align	2
 993              		.type	cy_meta_wonvl, %object
 994              		.size	cy_meta_wonvl, 4
 995              	cy_meta_wonvl:
 996 0000 BC       		.byte	-68
 997 0001 90       		.byte	-112
 998 0002 AC       		.byte	-84
 999 0003 AF       		.byte	-81
 1000              		.global	cy_meta_flashprotect
 1001              		.section	.cyflashprotect,"a",%progbits
 1002              		.align	2
 1003              		.type	cy_meta_flashprotect, %object
 1004              		.size	cy_meta_flashprotect, 256
 1005              	cy_meta_flashprotect:
 1006 0000 00000000 		.space	256
 1006      00000000 
 1006      00000000 
 1006      00000000 
 1006      00000000 
 1007              		.global	cy_metadata
 1008              		.section	.cymeta,"a",%progbits
 1009              		.align	2
 1010              		.type	cy_metadata, %object
 1011              		.size	cy_metadata, 12
 1012              	cy_metadata:
 1013 0000 00       		.byte	0
 1014 0001 01       		.byte	1
 1015 0002 2E       		.byte	46
 1016 0003 12       		.byte	18
 1017 0004 30       		.byte	48
 1018 0005 69       		.byte	105
 1019 0006 00       		.byte	0
 1020 0007 01       		.byte	1
 1021 0008 00       		.byte	0
 1022 0009 00       		.byte	0
ARM GAS  C:\Users\Martin\AppData\Local\Temp\ccUHgpOv.s 			page 19


 1023 000a 00       		.byte	0
 1024 000b 00       		.byte	0
 1025              		.text
 1026              	.Letext0:
 1027              		.file 1 ".\\Generated_Source\\PSoC5\\cymetadata.c"
 1028              		.file 2 ".\\Generated_Source\\PSoC5\\cytypes.h"
 1029              		.section	.debug_info,"",%progbits
 1030              	.Ldebug_info0:
 1031 0000 3B010000 		.4byte	0x13b
 1032 0004 0200     		.2byte	0x2
 1033 0006 00000000 		.4byte	.Ldebug_abbrev0
 1034 000a 04       		.byte	0x4
 1035 000b 01       		.uleb128 0x1
 1036 000c 42010000 		.4byte	.LASF18
 1037 0010 01       		.byte	0x1
 1038 0011 00000000 		.4byte	.LASF19
 1039 0015 F2000000 		.4byte	.LASF20
 1040 0019 00000000 		.4byte	.Ldebug_line0
 1041 001d 02       		.uleb128 0x2
 1042 001e 01       		.byte	0x1
 1043 001f 06       		.byte	0x6
 1044 0020 94010000 		.4byte	.LASF0
 1045 0024 02       		.uleb128 0x2
 1046 0025 01       		.byte	0x1
 1047 0026 08       		.byte	0x8
 1048 0027 38000000 		.4byte	.LASF1
 1049 002b 02       		.uleb128 0x2
 1050 002c 02       		.byte	0x2
 1051 002d 05       		.byte	0x5
 1052 002e 32010000 		.4byte	.LASF2
 1053 0032 02       		.uleb128 0x2
 1054 0033 02       		.byte	0x2
 1055 0034 07       		.byte	0x7
 1056 0035 58000000 		.4byte	.LASF3
 1057 0039 02       		.uleb128 0x2
 1058 003a 04       		.byte	0x4
 1059 003b 05       		.byte	0x5
 1060 003c 8B010000 		.4byte	.LASF4
 1061 0040 02       		.uleb128 0x2
 1062 0041 04       		.byte	0x4
 1063 0042 07       		.byte	0x7
 1064 0043 46000000 		.4byte	.LASF5
 1065 0047 02       		.uleb128 0x2
 1066 0048 08       		.byte	0x8
 1067 0049 05       		.byte	0x5
 1068 004a E4000000 		.4byte	.LASF6
 1069 004e 02       		.uleb128 0x2
 1070 004f 08       		.byte	0x8
 1071 0050 07       		.byte	0x7
 1072 0051 A1000000 		.4byte	.LASF7
 1073 0055 03       		.uleb128 0x3
 1074 0056 04       		.byte	0x4
 1075 0057 05       		.byte	0x5
 1076 0058 696E7400 		.ascii	"int\000"
 1077 005c 02       		.uleb128 0x2
 1078 005d 04       		.byte	0x4
 1079 005e 07       		.byte	0x7
ARM GAS  C:\Users\Martin\AppData\Local\Temp\ccUHgpOv.s 			page 20


 1080 005f 94000000 		.4byte	.LASF8
 1081 0063 04       		.uleb128 0x4
 1082 0064 3C010000 		.4byte	.LASF21
 1083 0068 02       		.byte	0x2
 1084 0069 5B       		.byte	0x5b
 1085 006a 24000000 		.4byte	0x24
 1086 006e 02       		.uleb128 0x2
 1087 006f 04       		.byte	0x4
 1088 0070 04       		.byte	0x4
 1089 0071 32000000 		.4byte	.LASF9
 1090 0075 02       		.uleb128 0x2
 1091 0076 08       		.byte	0x8
 1092 0077 04       		.byte	0x4
 1093 0078 6B000000 		.4byte	.LASF10
 1094 007c 02       		.uleb128 0x2
 1095 007d 01       		.byte	0x1
 1096 007e 08       		.byte	0x8
 1097 007f 2D010000 		.4byte	.LASF11
 1098 0083 05       		.uleb128 0x5
 1099 0084 63000000 		.4byte	0x63
 1100 0088 94000000 		.4byte	0x94
 1101 008c 06       		.uleb128 0x6
 1102 008d 94000000 		.4byte	0x94
 1103 0091 BB03     		.2byte	0x3bb
 1104 0093 00       		.byte	0
 1105 0094 02       		.uleb128 0x2
 1106 0095 04       		.byte	0x4
 1107 0096 07       		.byte	0x7
 1108 0097 DB000000 		.4byte	.LASF12
 1109 009b 07       		.uleb128 0x7
 1110 009c 82000000 		.4byte	.LASF13
 1111 00a0 01       		.byte	0x1
 1112 00a1 1C       		.byte	0x1c
 1113 00a2 AD000000 		.4byte	0xad
 1114 00a6 01       		.byte	0x1
 1115 00a7 05       		.byte	0x5
 1116 00a8 03       		.byte	0x3
 1117 00a9 00000000 		.4byte	cy_meta_configecc
 1118 00ad 08       		.uleb128 0x8
 1119 00ae 83000000 		.4byte	0x83
 1120 00b2 05       		.uleb128 0x5
 1121 00b3 63000000 		.4byte	0x63
 1122 00b7 C2000000 		.4byte	0xc2
 1123 00bb 09       		.uleb128 0x9
 1124 00bc 94000000 		.4byte	0x94
 1125 00c0 03       		.byte	0x3
 1126 00c1 00       		.byte	0
 1127 00c2 07       		.uleb128 0x7
 1128 00c3 72000000 		.4byte	.LASF14
 1129 00c7 01       		.byte	0x1
 1130 00c8 9E       		.byte	0x9e
 1131 00c9 D4000000 		.4byte	0xd4
 1132 00cd 01       		.byte	0x1
 1133 00ce 05       		.byte	0x5
 1134 00cf 03       		.byte	0x3
 1135 00d0 00000000 		.4byte	cy_meta_custnvl
 1136 00d4 08       		.uleb128 0x8
ARM GAS  C:\Users\Martin\AppData\Local\Temp\ccUHgpOv.s 			page 21


 1137 00d5 B2000000 		.4byte	0xb2
 1138 00d9 07       		.uleb128 0x7
 1139 00da CD000000 		.4byte	.LASF15
 1140 00de 01       		.byte	0x1
 1141 00df A9       		.byte	0xa9
 1142 00e0 EB000000 		.4byte	0xeb
 1143 00e4 01       		.byte	0x1
 1144 00e5 05       		.byte	0x5
 1145 00e6 03       		.byte	0x3
 1146 00e7 00000000 		.4byte	cy_meta_wonvl
 1147 00eb 08       		.uleb128 0x8
 1148 00ec B2000000 		.4byte	0xb2
 1149 00f0 05       		.uleb128 0x5
 1150 00f1 63000000 		.4byte	0x63
 1151 00f5 00010000 		.4byte	0x100
 1152 00f9 09       		.uleb128 0x9
 1153 00fa 94000000 		.4byte	0x94
 1154 00fe FF       		.byte	0xff
 1155 00ff 00       		.byte	0
 1156 0100 07       		.uleb128 0x7
 1157 0101 B8000000 		.4byte	.LASF16
 1158 0105 01       		.byte	0x1
 1159 0106 B4       		.byte	0xb4
 1160 0107 12010000 		.4byte	0x112
 1161 010b 01       		.byte	0x1
 1162 010c 05       		.byte	0x5
 1163 010d 03       		.byte	0x3
 1164 010e 00000000 		.4byte	cy_meta_flashprotect
 1165 0112 08       		.uleb128 0x8
 1166 0113 F0000000 		.4byte	0xf0
 1167 0117 05       		.uleb128 0x5
 1168 0118 63000000 		.4byte	0x63
 1169 011c 27010000 		.4byte	0x127
 1170 0120 09       		.uleb128 0x9
 1171 0121 94000000 		.4byte	0x94
 1172 0125 0B       		.byte	0xb
 1173 0126 00       		.byte	0
 1174 0127 07       		.uleb128 0x7
 1175 0128 26000000 		.4byte	.LASF17
 1176 012c 01       		.byte	0x1
 1177 012d DE       		.byte	0xde
 1178 012e 39010000 		.4byte	0x139
 1179 0132 01       		.byte	0x1
 1180 0133 05       		.byte	0x5
 1181 0134 03       		.byte	0x3
 1182 0135 00000000 		.4byte	cy_metadata
 1183 0139 08       		.uleb128 0x8
 1184 013a 17010000 		.4byte	0x117
 1185 013e 00       		.byte	0
 1186              		.section	.debug_abbrev,"",%progbits
 1187              	.Ldebug_abbrev0:
 1188 0000 01       		.uleb128 0x1
 1189 0001 11       		.uleb128 0x11
 1190 0002 01       		.byte	0x1
 1191 0003 25       		.uleb128 0x25
 1192 0004 0E       		.uleb128 0xe
 1193 0005 13       		.uleb128 0x13
ARM GAS  C:\Users\Martin\AppData\Local\Temp\ccUHgpOv.s 			page 22


 1194 0006 0B       		.uleb128 0xb
 1195 0007 03       		.uleb128 0x3
 1196 0008 0E       		.uleb128 0xe
 1197 0009 1B       		.uleb128 0x1b
 1198 000a 0E       		.uleb128 0xe
 1199 000b 10       		.uleb128 0x10
 1200 000c 06       		.uleb128 0x6
 1201 000d 00       		.byte	0
 1202 000e 00       		.byte	0
 1203 000f 02       		.uleb128 0x2
 1204 0010 24       		.uleb128 0x24
 1205 0011 00       		.byte	0
 1206 0012 0B       		.uleb128 0xb
 1207 0013 0B       		.uleb128 0xb
 1208 0014 3E       		.uleb128 0x3e
 1209 0015 0B       		.uleb128 0xb
 1210 0016 03       		.uleb128 0x3
 1211 0017 0E       		.uleb128 0xe
 1212 0018 00       		.byte	0
 1213 0019 00       		.byte	0
 1214 001a 03       		.uleb128 0x3
 1215 001b 24       		.uleb128 0x24
 1216 001c 00       		.byte	0
 1217 001d 0B       		.uleb128 0xb
 1218 001e 0B       		.uleb128 0xb
 1219 001f 3E       		.uleb128 0x3e
 1220 0020 0B       		.uleb128 0xb
 1221 0021 03       		.uleb128 0x3
 1222 0022 08       		.uleb128 0x8
 1223 0023 00       		.byte	0
 1224 0024 00       		.byte	0
 1225 0025 04       		.uleb128 0x4
 1226 0026 16       		.uleb128 0x16
 1227 0027 00       		.byte	0
 1228 0028 03       		.uleb128 0x3
 1229 0029 0E       		.uleb128 0xe
 1230 002a 3A       		.uleb128 0x3a
 1231 002b 0B       		.uleb128 0xb
 1232 002c 3B       		.uleb128 0x3b
 1233 002d 0B       		.uleb128 0xb
 1234 002e 49       		.uleb128 0x49
 1235 002f 13       		.uleb128 0x13
 1236 0030 00       		.byte	0
 1237 0031 00       		.byte	0
 1238 0032 05       		.uleb128 0x5
 1239 0033 01       		.uleb128 0x1
 1240 0034 01       		.byte	0x1
 1241 0035 49       		.uleb128 0x49
 1242 0036 13       		.uleb128 0x13
 1243 0037 01       		.uleb128 0x1
 1244 0038 13       		.uleb128 0x13
 1245 0039 00       		.byte	0
 1246 003a 00       		.byte	0
 1247 003b 06       		.uleb128 0x6
 1248 003c 21       		.uleb128 0x21
 1249 003d 00       		.byte	0
 1250 003e 49       		.uleb128 0x49
ARM GAS  C:\Users\Martin\AppData\Local\Temp\ccUHgpOv.s 			page 23


 1251 003f 13       		.uleb128 0x13
 1252 0040 2F       		.uleb128 0x2f
 1253 0041 05       		.uleb128 0x5
 1254 0042 00       		.byte	0
 1255 0043 00       		.byte	0
 1256 0044 07       		.uleb128 0x7
 1257 0045 34       		.uleb128 0x34
 1258 0046 00       		.byte	0
 1259 0047 03       		.uleb128 0x3
 1260 0048 0E       		.uleb128 0xe
 1261 0049 3A       		.uleb128 0x3a
 1262 004a 0B       		.uleb128 0xb
 1263 004b 3B       		.uleb128 0x3b
 1264 004c 0B       		.uleb128 0xb
 1265 004d 49       		.uleb128 0x49
 1266 004e 13       		.uleb128 0x13
 1267 004f 3F       		.uleb128 0x3f
 1268 0050 0C       		.uleb128 0xc
 1269 0051 02       		.uleb128 0x2
 1270 0052 0A       		.uleb128 0xa
 1271 0053 00       		.byte	0
 1272 0054 00       		.byte	0
 1273 0055 08       		.uleb128 0x8
 1274 0056 26       		.uleb128 0x26
 1275 0057 00       		.byte	0
 1276 0058 49       		.uleb128 0x49
 1277 0059 13       		.uleb128 0x13
 1278 005a 00       		.byte	0
 1279 005b 00       		.byte	0
 1280 005c 09       		.uleb128 0x9
 1281 005d 21       		.uleb128 0x21
 1282 005e 00       		.byte	0
 1283 005f 49       		.uleb128 0x49
 1284 0060 13       		.uleb128 0x13
 1285 0061 2F       		.uleb128 0x2f
 1286 0062 0B       		.uleb128 0xb
 1287 0063 00       		.byte	0
 1288 0064 00       		.byte	0
 1289 0065 00       		.byte	0
 1290              		.section	.debug_aranges,"",%progbits
 1291 0000 14000000 		.4byte	0x14
 1292 0004 0200     		.2byte	0x2
 1293 0006 00000000 		.4byte	.Ldebug_info0
 1294 000a 04       		.byte	0x4
 1295 000b 00       		.byte	0
 1296 000c 0000     		.2byte	0
 1297 000e 0000     		.2byte	0
 1298 0010 00000000 		.4byte	0
 1299 0014 00000000 		.4byte	0
 1300              		.section	.debug_line,"",%progbits
 1301              	.Ldebug_line0:
 1302 0000 4F000000 		.section	.debug_str,"MS",%progbits,1
 1302      02004900 
 1302      00000201 
 1302      FB0E0D00 
 1302      01010101 
 1303              	.LASF19:
ARM GAS  C:\Users\Martin\AppData\Local\Temp\ccUHgpOv.s 			page 24


 1304 0000 2E5C4765 		.ascii	".\\Generated_Source\\PSoC5\\cymetadata.c\000"
 1304      6E657261 
 1304      7465645F 
 1304      536F7572 
 1304      63655C50 
 1305              	.LASF17:
 1306 0026 63795F6D 		.ascii	"cy_metadata\000"
 1306      65746164 
 1306      61746100 
 1307              	.LASF9:
 1308 0032 666C6F61 		.ascii	"float\000"
 1308      7400
 1309              	.LASF1:
 1310 0038 756E7369 		.ascii	"unsigned char\000"
 1310      676E6564 
 1310      20636861 
 1310      7200
 1311              	.LASF5:
 1312 0046 6C6F6E67 		.ascii	"long unsigned int\000"
 1312      20756E73 
 1312      69676E65 
 1312      6420696E 
 1312      7400
 1313              	.LASF3:
 1314 0058 73686F72 		.ascii	"short unsigned int\000"
 1314      7420756E 
 1314      7369676E 
 1314      65642069 
 1314      6E7400
 1315              	.LASF10:
 1316 006b 646F7562 		.ascii	"double\000"
 1316      6C6500
 1317              	.LASF14:
 1318 0072 63795F6D 		.ascii	"cy_meta_custnvl\000"
 1318      6574615F 
 1318      63757374 
 1318      6E766C00 
 1319              	.LASF13:
 1320 0082 63795F6D 		.ascii	"cy_meta_configecc\000"
 1320      6574615F 
 1320      636F6E66 
 1320      69676563 
 1320      6300
 1321              	.LASF8:
 1322 0094 756E7369 		.ascii	"unsigned int\000"
 1322      676E6564 
 1322      20696E74 
 1322      00
 1323              	.LASF7:
 1324 00a1 6C6F6E67 		.ascii	"long long unsigned int\000"
 1324      206C6F6E 
 1324      6720756E 
 1324      7369676E 
 1324      65642069 
 1325              	.LASF16:
 1326 00b8 63795F6D 		.ascii	"cy_meta_flashprotect\000"
 1326      6574615F 
ARM GAS  C:\Users\Martin\AppData\Local\Temp\ccUHgpOv.s 			page 25


 1326      666C6173 
 1326      6870726F 
 1326      74656374 
 1327              	.LASF15:
 1328 00cd 63795F6D 		.ascii	"cy_meta_wonvl\000"
 1328      6574615F 
 1328      776F6E76 
 1328      6C00
 1329              	.LASF12:
 1330 00db 73697A65 		.ascii	"sizetype\000"
 1330      74797065 
 1330      00
 1331              	.LASF6:
 1332 00e4 6C6F6E67 		.ascii	"long long int\000"
 1332      206C6F6E 
 1332      6720696E 
 1332      7400
 1333              	.LASF20:
 1334 00f2 583A5C72 		.ascii	"X:\\roboticscode\\trunk\\Servo\\SW\\ServoMotor\\Ser"
 1334      6F626F74 
 1334      69637363 
 1334      6F64655C 
 1334      7472756E 
 1335 011f 766F4D6F 		.ascii	"voMotor.cydsn\000"
 1335      746F722E 
 1335      63796473 
 1335      6E00
 1336              	.LASF11:
 1337 012d 63686172 		.ascii	"char\000"
 1337      00
 1338              	.LASF2:
 1339 0132 73686F72 		.ascii	"short int\000"
 1339      7420696E 
 1339      7400
 1340              	.LASF21:
 1341 013c 75696E74 		.ascii	"uint8\000"
 1341      3800
 1342              	.LASF18:
 1343 0142 474E5520 		.ascii	"GNU C 4.7.3 20130312 (release) [ARM/embedded-4_7-br"
 1343      4320342E 
 1343      372E3320 
 1343      32303133 
 1343      30333132 
 1344 0175 616E6368 		.ascii	"anch revision 196615]\000"
 1344      20726576 
 1344      6973696F 
 1344      6E203139 
 1344      36363135 
 1345              	.LASF4:
 1346 018b 6C6F6E67 		.ascii	"long int\000"
 1346      20696E74 
 1346      00
 1347              	.LASF0:
 1348 0194 7369676E 		.ascii	"signed char\000"
 1348      65642063 
 1348      68617200 
 1349              		.ident	"GCC: (GNU Tools for ARM Embedded Processors) 4.7.3 20130312 (release) [ARM/embedded-4_7-br
ARM GAS  C:\Users\Martin\AppData\Local\Temp\ccUHgpOv.s 			page 26


