ARM GAS  C:\Users\Martin\AppData\Local\Temp\cc5tYJc1.s 			page 1


   1              		.syntax unified
   2              		.cpu cortex-m3
   3              		.fpu softvfp
   4              		.eabi_attribute 20, 1
   5              		.eabi_attribute 21, 1
   6              		.eabi_attribute 23, 3
   7              		.eabi_attribute 24, 1
   8              		.eabi_attribute 25, 1
   9              		.eabi_attribute 26, 1
  10              		.eabi_attribute 30, 6
  11              		.eabi_attribute 34, 1
  12              		.eabi_attribute 18, 4
  13              		.thumb
  14              		.file	"main.c"
  15              		.text
  16              	.Ltext0:
  17              		.cfi_sections	.debug_frame
  18              		.section	.text.main,"ax",%progbits
  19              		.align	2
  20              		.global	main
  21              		.thumb
  22              		.thumb_func
  23              		.type	main, %function
  24              	main:
  25              	.LFB56:
  26              		.file 1 ".\\main.c"
   1:.\main.c      **** /* Copyright (C) <2014> <Martin Schalk>
   2:.\main.c      ****  * All rights reserved.
   3:.\main.c      ****  *
   4:.\main.c      ****  * This software may be modified and distributed under the terms
   5:.\main.c      ****  * of the BSD license.  See the LICENSE file for details.
   6:.\main.c      ****  */
   7:.\main.c      **** 
   8:.\main.c      **** #include <project.h>
   9:.\main.c      **** #include "servo_cds5500.h"
  10:.\main.c      **** #include "bus.h"
  11:.\main.c      **** #include "global.h"
  12:.\main.c      **** 
  13:.\main.c      **** int main()
  14:.\main.c      **** {
  27              		.loc 1 14 0
  28              		.cfi_startproc
  29              		@ args = 0, pretend = 0, frame = 8
  30              		@ frame_needed = 1, uses_anonymous_args = 0
  31 0000 80B5     		push	{r7, lr}
  32              	.LCFI0:
  33              		.cfi_def_cfa_offset 8
  34              		.cfi_offset 7, -8
  35              		.cfi_offset 14, -4
  36 0002 82B0     		sub	sp, sp, #8
  37              	.LCFI1:
  38              		.cfi_def_cfa_offset 16
  39 0004 00AF     		add	r7, sp, #0
  40              	.LCFI2:
  41              		.cfi_def_cfa_register 7
  15:.\main.c      **** 	STATUS status; 
  16:.\main.c      ****     /* Initialization */
ARM GAS  C:\Users\Martin\AppData\Local\Temp\cc5tYJc1.s 			page 2


  17:.\main.c      **** 	BUS_Init();
  42              		.loc 1 17 0
  43 0006 FFF7FEFF 		bl	BUS_Init
  18:.\main.c      **** 	UART_SERVO_Init();
  44              		.loc 1 18 0
  45 000a FFF7FEFF 		bl	UART_SERVO_Init
  19:.\main.c      **** 	UART_SERVO_EnableRxInt();
  46              		.loc 1 19 0
  47 000e FFF7FEFF 		bl	UART_SERVO_EnableRxInt
  20:.\main.c      **** 	UART_SERVO_Start();
  48              		.loc 1 20 0
  49 0012 FFF7FEFF 		bl	UART_SERVO_Start
  50              	.L2:
  21:.\main.c      **** 	
  22:.\main.c      ****     /* CyGlobalIntEnable; */ /* Uncomment this line to enable global interrupts. */
  23:.\main.c      ****     for(;;)
  24:.\main.c      ****     {
  25:.\main.c      ****         /* Bus handler */
  26:.\main.c      **** 		status = BUS_Handler();
  51              		.loc 1 26 0 discriminator 1
  52 0016 FFF7FEFF 		bl	BUS_Handler
  53 001a 0346     		mov	r3, r0
  54 001c FB71     		strb	r3, [r7, #7]
  27:.\main.c      ****     }
  55              		.loc 1 27 0 discriminator 1
  56 001e FAE7     		b	.L2
  57              		.cfi_endproc
  58              	.LFE56:
  59              		.size	main, .-main
  60              		.text
  61              	.Letext0:
  62              		.file 2 "c:\\program files (x86)\\cypress\\psoc creator\\3.0\\psoc creator\\import\\gnu_cs\\arm\\4
  63              		.file 3 "./Generated_Source/PSoC5/cytypes.h"
  64              		.file 4 "./Generated_Source/PSoC5/core_cm3.h"
  65              		.section	.debug_info,"",%progbits
  66              	.Ldebug_info0:
  67 0000 DD000000 		.4byte	0xdd
  68 0004 0200     		.2byte	0x2
  69 0006 00000000 		.4byte	.Ldebug_abbrev0
  70 000a 04       		.byte	0x4
  71 000b 01       		.uleb128 0x1
  72 000c 69000000 		.4byte	.LASF15
  73 0010 01       		.byte	0x1
  74 0011 CE000000 		.4byte	.LASF16
  75 0015 DE000000 		.4byte	.LASF17
  76 0019 00000000 		.4byte	.Ldebug_ranges0+0
  77 001d 00000000 		.4byte	0
  78 0021 00000000 		.4byte	0
  79 0025 00000000 		.4byte	.Ldebug_line0
  80 0029 02       		.uleb128 0x2
  81 002a 01       		.byte	0x1
  82 002b 06       		.byte	0x6
  83 002c 26010000 		.4byte	.LASF0
  84 0030 02       		.uleb128 0x2
  85 0031 01       		.byte	0x1
  86 0032 08       		.byte	0x8
  87 0033 B2000000 		.4byte	.LASF1
ARM GAS  C:\Users\Martin\AppData\Local\Temp\cc5tYJc1.s 			page 3


  88 0037 02       		.uleb128 0x2
  89 0038 02       		.byte	0x2
  90 0039 05       		.byte	0x5
  91 003a 38010000 		.4byte	.LASF2
  92 003e 02       		.uleb128 0x2
  93 003f 02       		.byte	0x2
  94 0040 07       		.byte	0x7
  95 0041 0E000000 		.4byte	.LASF3
  96 0045 03       		.uleb128 0x3
  97 0046 42010000 		.4byte	.LASF9
  98 004a 02       		.byte	0x2
  99 004b 4F       		.byte	0x4f
 100 004c 50000000 		.4byte	0x50
 101 0050 02       		.uleb128 0x2
 102 0051 04       		.byte	0x4
 103 0052 05       		.byte	0x5
 104 0053 C5000000 		.4byte	.LASF4
 105 0057 02       		.uleb128 0x2
 106 0058 04       		.byte	0x4
 107 0059 07       		.byte	0x7
 108 005a 40000000 		.4byte	.LASF5
 109 005e 02       		.uleb128 0x2
 110 005f 08       		.byte	0x8
 111 0060 05       		.byte	0x5
 112 0061 00000000 		.4byte	.LASF6
 113 0065 02       		.uleb128 0x2
 114 0066 08       		.byte	0x8
 115 0067 07       		.byte	0x7
 116 0068 52000000 		.4byte	.LASF7
 117 006c 04       		.uleb128 0x4
 118 006d 04       		.byte	0x4
 119 006e 05       		.byte	0x5
 120 006f 696E7400 		.ascii	"int\000"
 121 0073 02       		.uleb128 0x2
 122 0074 04       		.byte	0x4
 123 0075 07       		.byte	0x7
 124 0076 21000000 		.4byte	.LASF8
 125 007a 03       		.uleb128 0x3
 126 007b 3A000000 		.4byte	.LASF10
 127 007f 03       		.byte	0x3
 128 0080 5B       		.byte	0x5b
 129 0081 30000000 		.4byte	0x30
 130 0085 02       		.uleb128 0x2
 131 0086 04       		.byte	0x4
 132 0087 04       		.byte	0x4
 133 0088 32010000 		.4byte	.LASF11
 134 008c 02       		.uleb128 0x2
 135 008d 08       		.byte	0x8
 136 008e 04       		.byte	0x4
 137 008f D7000000 		.4byte	.LASF12
 138 0093 02       		.uleb128 0x2
 139 0094 01       		.byte	0x1
 140 0095 08       		.byte	0x8
 141 0096 C0000000 		.4byte	.LASF13
 142 009a 02       		.uleb128 0x2
 143 009b 04       		.byte	0x4
 144 009c 07       		.byte	0x7
ARM GAS  C:\Users\Martin\AppData\Local\Temp\cc5tYJc1.s 			page 4


 145 009d 4A010000 		.4byte	.LASF14
 146 00a1 05       		.uleb128 0x5
 147 00a2 01       		.byte	0x1
 148 00a3 2E000000 		.4byte	.LASF18
 149 00a7 01       		.byte	0x1
 150 00a8 0D       		.byte	0xd
 151 00a9 6C000000 		.4byte	0x6c
 152 00ad 00000000 		.4byte	.LFB56
 153 00b1 20000000 		.4byte	.LFE56
 154 00b5 00000000 		.4byte	.LLST0
 155 00b9 01       		.byte	0x1
 156 00ba CD000000 		.4byte	0xcd
 157 00be 06       		.uleb128 0x6
 158 00bf 33000000 		.4byte	.LASF19
 159 00c3 01       		.byte	0x1
 160 00c4 0F       		.byte	0xf
 161 00c5 7A000000 		.4byte	0x7a
 162 00c9 02       		.byte	0x2
 163 00ca 91       		.byte	0x91
 164 00cb 77       		.sleb128 -9
 165 00cc 00       		.byte	0
 166 00cd 07       		.uleb128 0x7
 167 00ce 19010000 		.4byte	.LASF20
 168 00d2 04       		.byte	0x4
 169 00d3 1606     		.2byte	0x616
 170 00d5 DB000000 		.4byte	0xdb
 171 00d9 01       		.byte	0x1
 172 00da 01       		.byte	0x1
 173 00db 08       		.uleb128 0x8
 174 00dc 45000000 		.4byte	0x45
 175 00e0 00       		.byte	0
 176              		.section	.debug_abbrev,"",%progbits
 177              	.Ldebug_abbrev0:
 178 0000 01       		.uleb128 0x1
 179 0001 11       		.uleb128 0x11
 180 0002 01       		.byte	0x1
 181 0003 25       		.uleb128 0x25
 182 0004 0E       		.uleb128 0xe
 183 0005 13       		.uleb128 0x13
 184 0006 0B       		.uleb128 0xb
 185 0007 03       		.uleb128 0x3
 186 0008 0E       		.uleb128 0xe
 187 0009 1B       		.uleb128 0x1b
 188 000a 0E       		.uleb128 0xe
 189 000b 55       		.uleb128 0x55
 190 000c 06       		.uleb128 0x6
 191 000d 11       		.uleb128 0x11
 192 000e 01       		.uleb128 0x1
 193 000f 52       		.uleb128 0x52
 194 0010 01       		.uleb128 0x1
 195 0011 10       		.uleb128 0x10
 196 0012 06       		.uleb128 0x6
 197 0013 00       		.byte	0
 198 0014 00       		.byte	0
 199 0015 02       		.uleb128 0x2
 200 0016 24       		.uleb128 0x24
 201 0017 00       		.byte	0
ARM GAS  C:\Users\Martin\AppData\Local\Temp\cc5tYJc1.s 			page 5


 202 0018 0B       		.uleb128 0xb
 203 0019 0B       		.uleb128 0xb
 204 001a 3E       		.uleb128 0x3e
 205 001b 0B       		.uleb128 0xb
 206 001c 03       		.uleb128 0x3
 207 001d 0E       		.uleb128 0xe
 208 001e 00       		.byte	0
 209 001f 00       		.byte	0
 210 0020 03       		.uleb128 0x3
 211 0021 16       		.uleb128 0x16
 212 0022 00       		.byte	0
 213 0023 03       		.uleb128 0x3
 214 0024 0E       		.uleb128 0xe
 215 0025 3A       		.uleb128 0x3a
 216 0026 0B       		.uleb128 0xb
 217 0027 3B       		.uleb128 0x3b
 218 0028 0B       		.uleb128 0xb
 219 0029 49       		.uleb128 0x49
 220 002a 13       		.uleb128 0x13
 221 002b 00       		.byte	0
 222 002c 00       		.byte	0
 223 002d 04       		.uleb128 0x4
 224 002e 24       		.uleb128 0x24
 225 002f 00       		.byte	0
 226 0030 0B       		.uleb128 0xb
 227 0031 0B       		.uleb128 0xb
 228 0032 3E       		.uleb128 0x3e
 229 0033 0B       		.uleb128 0xb
 230 0034 03       		.uleb128 0x3
 231 0035 08       		.uleb128 0x8
 232 0036 00       		.byte	0
 233 0037 00       		.byte	0
 234 0038 05       		.uleb128 0x5
 235 0039 2E       		.uleb128 0x2e
 236 003a 01       		.byte	0x1
 237 003b 3F       		.uleb128 0x3f
 238 003c 0C       		.uleb128 0xc
 239 003d 03       		.uleb128 0x3
 240 003e 0E       		.uleb128 0xe
 241 003f 3A       		.uleb128 0x3a
 242 0040 0B       		.uleb128 0xb
 243 0041 3B       		.uleb128 0x3b
 244 0042 0B       		.uleb128 0xb
 245 0043 49       		.uleb128 0x49
 246 0044 13       		.uleb128 0x13
 247 0045 11       		.uleb128 0x11
 248 0046 01       		.uleb128 0x1
 249 0047 12       		.uleb128 0x12
 250 0048 01       		.uleb128 0x1
 251 0049 40       		.uleb128 0x40
 252 004a 06       		.uleb128 0x6
 253 004b 9642     		.uleb128 0x2116
 254 004d 0C       		.uleb128 0xc
 255 004e 01       		.uleb128 0x1
 256 004f 13       		.uleb128 0x13
 257 0050 00       		.byte	0
 258 0051 00       		.byte	0
ARM GAS  C:\Users\Martin\AppData\Local\Temp\cc5tYJc1.s 			page 6


 259 0052 06       		.uleb128 0x6
 260 0053 34       		.uleb128 0x34
 261 0054 00       		.byte	0
 262 0055 03       		.uleb128 0x3
 263 0056 0E       		.uleb128 0xe
 264 0057 3A       		.uleb128 0x3a
 265 0058 0B       		.uleb128 0xb
 266 0059 3B       		.uleb128 0x3b
 267 005a 0B       		.uleb128 0xb
 268 005b 49       		.uleb128 0x49
 269 005c 13       		.uleb128 0x13
 270 005d 02       		.uleb128 0x2
 271 005e 0A       		.uleb128 0xa
 272 005f 00       		.byte	0
 273 0060 00       		.byte	0
 274 0061 07       		.uleb128 0x7
 275 0062 34       		.uleb128 0x34
 276 0063 00       		.byte	0
 277 0064 03       		.uleb128 0x3
 278 0065 0E       		.uleb128 0xe
 279 0066 3A       		.uleb128 0x3a
 280 0067 0B       		.uleb128 0xb
 281 0068 3B       		.uleb128 0x3b
 282 0069 05       		.uleb128 0x5
 283 006a 49       		.uleb128 0x49
 284 006b 13       		.uleb128 0x13
 285 006c 3F       		.uleb128 0x3f
 286 006d 0C       		.uleb128 0xc
 287 006e 3C       		.uleb128 0x3c
 288 006f 0C       		.uleb128 0xc
 289 0070 00       		.byte	0
 290 0071 00       		.byte	0
 291 0072 08       		.uleb128 0x8
 292 0073 35       		.uleb128 0x35
 293 0074 00       		.byte	0
 294 0075 49       		.uleb128 0x49
 295 0076 13       		.uleb128 0x13
 296 0077 00       		.byte	0
 297 0078 00       		.byte	0
 298 0079 00       		.byte	0
 299              		.section	.debug_loc,"",%progbits
 300              	.Ldebug_loc0:
 301              	.LLST0:
 302 0000 00000000 		.4byte	.LFB56
 303 0004 02000000 		.4byte	.LCFI0
 304 0008 0200     		.2byte	0x2
 305 000a 7D       		.byte	0x7d
 306 000b 00       		.sleb128 0
 307 000c 02000000 		.4byte	.LCFI0
 308 0010 04000000 		.4byte	.LCFI1
 309 0014 0200     		.2byte	0x2
 310 0016 7D       		.byte	0x7d
 311 0017 08       		.sleb128 8
 312 0018 04000000 		.4byte	.LCFI1
 313 001c 06000000 		.4byte	.LCFI2
 314 0020 0200     		.2byte	0x2
 315 0022 7D       		.byte	0x7d
ARM GAS  C:\Users\Martin\AppData\Local\Temp\cc5tYJc1.s 			page 7


 316 0023 10       		.sleb128 16
 317 0024 06000000 		.4byte	.LCFI2
 318 0028 20000000 		.4byte	.LFE56
 319 002c 0200     		.2byte	0x2
 320 002e 77       		.byte	0x77
 321 002f 10       		.sleb128 16
 322 0030 00000000 		.4byte	0
 323 0034 00000000 		.4byte	0
 324              		.section	.debug_aranges,"",%progbits
 325 0000 1C000000 		.4byte	0x1c
 326 0004 0200     		.2byte	0x2
 327 0006 00000000 		.4byte	.Ldebug_info0
 328 000a 04       		.byte	0x4
 329 000b 00       		.byte	0
 330 000c 0000     		.2byte	0
 331 000e 0000     		.2byte	0
 332 0010 00000000 		.4byte	.LFB56
 333 0014 20000000 		.4byte	.LFE56-.LFB56
 334 0018 00000000 		.4byte	0
 335 001c 00000000 		.4byte	0
 336              		.section	.debug_ranges,"",%progbits
 337              	.Ldebug_ranges0:
 338 0000 00000000 		.4byte	.LFB56
 339 0004 20000000 		.4byte	.LFE56
 340 0008 00000000 		.4byte	0
 341 000c 00000000 		.4byte	0
 342              		.section	.debug_line,"",%progbits
 343              	.Ldebug_line0:
 344 0000 1C010000 		.section	.debug_str,"MS",%progbits,1
 344      0200F900 
 344      00000201 
 344      FB0E0D00 
 344      01010101 
 345              	.LASF6:
 346 0000 6C6F6E67 		.ascii	"long long int\000"
 346      206C6F6E 
 346      6720696E 
 346      7400
 347              	.LASF3:
 348 000e 73686F72 		.ascii	"short unsigned int\000"
 348      7420756E 
 348      7369676E 
 348      65642069 
 348      6E7400
 349              	.LASF8:
 350 0021 756E7369 		.ascii	"unsigned int\000"
 350      676E6564 
 350      20696E74 
 350      00
 351              	.LASF18:
 352 002e 6D61696E 		.ascii	"main\000"
 352      00
 353              	.LASF19:
 354 0033 73746174 		.ascii	"status\000"
 354      757300
 355              	.LASF10:
 356 003a 75696E74 		.ascii	"uint8\000"
ARM GAS  C:\Users\Martin\AppData\Local\Temp\cc5tYJc1.s 			page 8


 356      3800
 357              	.LASF5:
 358 0040 6C6F6E67 		.ascii	"long unsigned int\000"
 358      20756E73 
 358      69676E65 
 358      6420696E 
 358      7400
 359              	.LASF7:
 360 0052 6C6F6E67 		.ascii	"long long unsigned int\000"
 360      206C6F6E 
 360      6720756E 
 360      7369676E 
 360      65642069 
 361              	.LASF15:
 362 0069 474E5520 		.ascii	"GNU C 4.7.3 20130312 (release) [ARM/embedded-4_7-br"
 362      4320342E 
 362      372E3320 
 362      32303133 
 362      30333132 
 363 009c 616E6368 		.ascii	"anch revision 196615]\000"
 363      20726576 
 363      6973696F 
 363      6E203139 
 363      36363135 
 364              	.LASF1:
 365 00b2 756E7369 		.ascii	"unsigned char\000"
 365      676E6564 
 365      20636861 
 365      7200
 366              	.LASF13:
 367 00c0 63686172 		.ascii	"char\000"
 367      00
 368              	.LASF4:
 369 00c5 6C6F6E67 		.ascii	"long int\000"
 369      20696E74 
 369      00
 370              	.LASF16:
 371 00ce 2E5C6D61 		.ascii	".\\main.c\000"
 371      696E2E63 
 371      00
 372              	.LASF12:
 373 00d7 646F7562 		.ascii	"double\000"
 373      6C6500
 374              	.LASF17:
 375 00de 583A5C72 		.ascii	"X:\\roboticscode\\trunk\\Servo\\SW\\ServoMotor\\Ser"
 375      6F626F74 
 375      69637363 
 375      6F64655C 
 375      7472756E 
 376 010b 766F4D6F 		.ascii	"voMotor.cydsn\000"
 376      746F722E 
 376      63796473 
 376      6E00
 377              	.LASF20:
 378 0119 49544D5F 		.ascii	"ITM_RxBuffer\000"
 378      52784275 
 378      66666572 
ARM GAS  C:\Users\Martin\AppData\Local\Temp\cc5tYJc1.s 			page 9


 378      00
 379              	.LASF0:
 380 0126 7369676E 		.ascii	"signed char\000"
 380      65642063 
 380      68617200 
 381              	.LASF11:
 382 0132 666C6F61 		.ascii	"float\000"
 382      7400
 383              	.LASF2:
 384 0138 73686F72 		.ascii	"short int\000"
 384      7420696E 
 384      7400
 385              	.LASF9:
 386 0142 696E7433 		.ascii	"int32_t\000"
 386      325F7400 
 387              	.LASF14:
 388 014a 73697A65 		.ascii	"sizetype\000"
 388      74797065 
 388      00
 389              		.ident	"GCC: (GNU Tools for ARM Embedded Processors) 4.7.3 20130312 (release) [ARM/embedded-4_7-br
