ARM GAS  C:\Users\Martin\AppData\Local\Temp\ccwtL7Uk.s 			page 1


   1              		.syntax unified
   2              		.cpu cortex-m3
   3              		.fpu softvfp
   4              		.eabi_attribute 20, 1
   5              		.eabi_attribute 21, 1
   6              		.eabi_attribute 23, 3
   7              		.eabi_attribute 24, 1
   8              		.eabi_attribute 25, 1
   9              		.eabi_attribute 26, 1
  10              		.eabi_attribute 30, 6
  11              		.eabi_attribute 34, 1
  12              		.eabi_attribute 18, 4
  13              		.thumb
  14              		.file	"tmr.c"
  15              		.text
  16              	.Ltext0:
  17              		.cfi_sections	.debug_frame
  18              		.bss
  19              	TimerOverrun:
  20 0000 00       		.space	1
  21 0001 000000   		.align	2
  22              	Timer:
  23 0004 00000000 		.space	160
  23      00000000 
  23      00000000 
  23      00000000 
  23      00000000 
  24              		.align	2
  25              	NewTime:
  26 00a4 00000000 		.space	4
  27              		.align	2
  28              	OldTime:
  29 00a8 00000000 		.space	4
  30              		.section	.text.isr_timer_routine,"ax",%progbits
  31              		.align	2
  32              		.global	isr_timer_routine
  33              		.thumb
  34              		.thumb_func
  35              		.type	isr_timer_routine, %function
  36              	isr_timer_routine:
  37              	.LFB56:
  38              		.file 1 ".\\tmr.c"
   1:.\tmr.c       **** /* Copyright (C) <2014> <Martin Schalk>
   2:.\tmr.c       ****  * All rights reserved.
   3:.\tmr.c       ****  *
   4:.\tmr.c       ****  * This software may be modified and distributed under the terms
   5:.\tmr.c       ****  * of the BSD license.  See the LICENSE file for details.
   6:.\tmr.c       ****  */
   7:.\tmr.c       **** 
   8:.\tmr.c       **** 
   9:.\tmr.c       **** #include <project.h>
  10:.\tmr.c       **** #include "types.h"
  11:.\tmr.c       **** #include "timer.h"
  12:.\tmr.c       **** #include "tmr.h"
  13:.\tmr.c       **** #include "global.h"
  14:.\tmr.c       **** 
  15:.\tmr.c       **** static BOOL 	TimerOverrun = FALSE;
ARM GAS  C:\Users\Martin\AppData\Local\Temp\ccwtL7Uk.s 			page 2


  16:.\tmr.c       **** static TIMER 	Timer[MAX_TIMERS];
  17:.\tmr.c       **** static uint32	NewTime, OldTime;
  18:.\tmr.c       **** 
  19:.\tmr.c       **** /*******************************************************/
  20:.\tmr.c       **** CY_ISR(isr_timer_routine)
  21:.\tmr.c       **** {
  39              		.loc 1 21 0
  40              		.cfi_startproc
  41              		@ args = 0, pretend = 0, frame = 0
  42              		@ frame_needed = 1, uses_anonymous_args = 0
  43              		@ link register save eliminated.
  44 0000 80B4     		push	{r7}
  45              	.LCFI0:
  46              		.cfi_def_cfa_offset 4
  47              		.cfi_offset 7, -4
  48 0002 00AF     		add	r7, sp, #0
  49              	.LCFI1:
  50              		.cfi_def_cfa_register 7
  22:.\tmr.c       **** 	TimerOverrun = TRUE;
  51              		.loc 1 22 0
  52 0004 40F20003 		movw	r3, #:lower16:TimerOverrun
  53 0008 C0F20003 		movt	r3, #:upper16:TimerOverrun
  54 000c 4FF00102 		mov	r2, #1
  55 0010 1A70     		strb	r2, [r3, #0]
  23:.\tmr.c       **** }
  56              		.loc 1 23 0
  57 0012 BD46     		mov	sp, r7
  58 0014 80BC     		pop	{r7}
  59 0016 7047     		bx	lr
  60              		.cfi_endproc
  61              	.LFE56:
  62              		.size	isr_timer_routine, .-isr_timer_routine
  63              		.section	.text.TMR_Init,"ax",%progbits
  64              		.align	2
  65              		.global	TMR_Init
  66              		.thumb
  67              		.thumb_func
  68              		.type	TMR_Init, %function
  69              	TMR_Init:
  70              	.LFB57:
  24:.\tmr.c       **** 
  25:.\tmr.c       **** 
  26:.\tmr.c       **** /*******************************************************/
  27:.\tmr.c       **** STATUS 	TMR_Init(void)
  28:.\tmr.c       **** {
  71              		.loc 1 28 0
  72              		.cfi_startproc
  73              		@ args = 0, pretend = 0, frame = 0
  74              		@ frame_needed = 1, uses_anonymous_args = 0
  75 0000 80B5     		push	{r7, lr}
  76              	.LCFI2:
  77              		.cfi_def_cfa_offset 8
  78              		.cfi_offset 7, -8
  79              		.cfi_offset 14, -4
  80 0002 00AF     		add	r7, sp, #0
  81              	.LCFI3:
  82              		.cfi_def_cfa_register 7
ARM GAS  C:\Users\Martin\AppData\Local\Temp\ccwtL7Uk.s 			page 3


  29:.\tmr.c       **** 	NewTime = OldTime = 0;
  83              		.loc 1 29 0
  84 0004 40F20003 		movw	r3, #:lower16:OldTime
  85 0008 C0F20003 		movt	r3, #:upper16:OldTime
  86 000c 4FF00002 		mov	r2, #0
  87 0010 1A60     		str	r2, [r3, #0]
  88 0012 40F20003 		movw	r3, #:lower16:OldTime
  89 0016 C0F20003 		movt	r3, #:upper16:OldTime
  90 001a 1A68     		ldr	r2, [r3, #0]
  91 001c 40F20003 		movw	r3, #:lower16:NewTime
  92 0020 C0F20003 		movt	r3, #:upper16:NewTime
  93 0024 1A60     		str	r2, [r3, #0]
  30:.\tmr.c       **** 	memset(Timer, 0, sizeof(Timer));
  94              		.loc 1 30 0
  95 0026 40F20000 		movw	r0, #:lower16:Timer
  96 002a C0F20000 		movt	r0, #:upper16:Timer
  97 002e 4FF00001 		mov	r1, #0
  98 0032 4FF0A002 		mov	r2, #160
  99 0036 FFF7FEFF 		bl	memset
  31:.\tmr.c       **** 	
  32:.\tmr.c       **** 	TIMER_Init();
 100              		.loc 1 32 0
 101 003a FFF7FEFF 		bl	TIMER_Init
  33:.\tmr.c       **** 	Isr_timer_SetVector(isr_timer_routine);
 102              		.loc 1 33 0
 103 003e 40F20000 		movw	r0, #:lower16:isr_timer_routine
 104 0042 C0F20000 		movt	r0, #:upper16:isr_timer_routine
 105 0046 FFF7FEFF 		bl	Isr_timer_SetVector
  34:.\tmr.c       **** 	Isr_timer_Start();
 106              		.loc 1 34 0
 107 004a FFF7FEFF 		bl	Isr_timer_Start
  35:.\tmr.c       **** 	TIMER_WritePeriod(TIMER_PERIOD_1000SEC); //clock 1MHz
 108              		.loc 1 35 0
 109 004e 4FF44A40 		mov	r0, #51712
 110 0052 C3F69A30 		movt	r0, 15258
 111 0056 FFF7FEFF 		bl	TIMER_WritePeriod
  36:.\tmr.c       **** 	TIMER_Enable();
 112              		.loc 1 36 0
 113 005a FFF7FEFF 		bl	TIMER_Enable
  37:.\tmr.c       **** 	TIMER_CLOCK_Start();
 114              		.loc 1 37 0
 115 005e FFF7FEFF 		bl	TIMER_CLOCK_Start
  38:.\tmr.c       **** 	
  39:.\tmr.c       **** 	return SUCCESS;
 116              		.loc 1 39 0
 117 0062 4FF00003 		mov	r3, #0
  40:.\tmr.c       **** }
 118              		.loc 1 40 0
 119 0066 1846     		mov	r0, r3
 120 0068 80BD     		pop	{r7, pc}
 121              		.cfi_endproc
 122              	.LFE57:
 123              		.size	TMR_Init, .-TMR_Init
 124 006a 00BF     		.section	.text.TMR_SetTimer,"ax",%progbits
 125              		.align	2
 126              		.global	TMR_SetTimer
 127              		.thumb
ARM GAS  C:\Users\Martin\AppData\Local\Temp\ccwtL7Uk.s 			page 4


 128              		.thumb_func
 129              		.type	TMR_SetTimer, %function
 130              	TMR_SetTimer:
 131              	.LFB58:
  41:.\tmr.c       **** 
  42:.\tmr.c       **** /*******************************************************/
  43:.\tmr.c       **** void TMR_SetTimer(uint8 numTimer, uint32 us, TMR_FUNC func, uint8 mode, uint8 status)
  44:.\tmr.c       **** {
 132              		.loc 1 44 0
 133              		.cfi_startproc
 134              		@ args = 4, pretend = 0, frame = 16
 135              		@ frame_needed = 1, uses_anonymous_args = 0
 136              		@ link register save eliminated.
 137 0000 80B4     		push	{r7}
 138              	.LCFI4:
 139              		.cfi_def_cfa_offset 4
 140              		.cfi_offset 7, -4
 141 0002 85B0     		sub	sp, sp, #20
 142              	.LCFI5:
 143              		.cfi_def_cfa_offset 24
 144 0004 00AF     		add	r7, sp, #0
 145              	.LCFI6:
 146              		.cfi_def_cfa_register 7
 147 0006 B960     		str	r1, [r7, #8]
 148 0008 7A60     		str	r2, [r7, #4]
 149 000a 0246     		mov	r2, r0
 150 000c FA73     		strb	r2, [r7, #15]
 151 000e BB73     		strb	r3, [r7, #14]
  45:.\tmr.c       **** 	Timer[numTimer].count = 0;
 152              		.loc 1 45 0
 153 0010 FA7B     		ldrb	r2, [r7, #15]	@ zero_extendqisi2
 154 0012 40F20003 		movw	r3, #:lower16:Timer
 155 0016 C0F20003 		movt	r3, #:upper16:Timer
 156 001a 4FEA0212 		lsl	r2, r2, #4
 157 001e 9B18     		adds	r3, r3, r2
 158 0020 4FF00002 		mov	r2, #0
 159 0024 1A60     		str	r2, [r3, #0]
  46:.\tmr.c       **** 	Timer[numTimer].value = us;
 160              		.loc 1 46 0
 161 0026 FA7B     		ldrb	r2, [r7, #15]	@ zero_extendqisi2
 162 0028 40F20003 		movw	r3, #:lower16:Timer
 163 002c C0F20003 		movt	r3, #:upper16:Timer
 164 0030 4FEA0212 		lsl	r2, r2, #4
 165 0034 9B18     		adds	r3, r3, r2
 166 0036 03F10403 		add	r3, r3, #4
 167 003a BA68     		ldr	r2, [r7, #8]
 168 003c 1A60     		str	r2, [r3, #0]
  47:.\tmr.c       **** 	Timer[numTimer].func = func;
 169              		.loc 1 47 0
 170 003e FA7B     		ldrb	r2, [r7, #15]	@ zero_extendqisi2
 171 0040 40F20003 		movw	r3, #:lower16:Timer
 172 0044 C0F20003 		movt	r3, #:upper16:Timer
 173 0048 4FEA0212 		lsl	r2, r2, #4
 174 004c 9B18     		adds	r3, r3, r2
 175 004e 03F10803 		add	r3, r3, #8
 176 0052 7A68     		ldr	r2, [r7, #4]
 177 0054 1A60     		str	r2, [r3, #0]
ARM GAS  C:\Users\Martin\AppData\Local\Temp\ccwtL7Uk.s 			page 5


  48:.\tmr.c       **** 	Timer[numTimer].mode = mode;
 178              		.loc 1 48 0
 179 0056 FA7B     		ldrb	r2, [r7, #15]	@ zero_extendqisi2
 180 0058 40F20003 		movw	r3, #:lower16:Timer
 181 005c C0F20003 		movt	r3, #:upper16:Timer
 182 0060 4FEA0212 		lsl	r2, r2, #4
 183 0064 9B18     		adds	r3, r3, r2
 184 0066 03F10803 		add	r3, r3, #8
 185 006a BA7B     		ldrb	r2, [r7, #14]
 186 006c 1A71     		strb	r2, [r3, #4]
  49:.\tmr.c       **** 	Timer[numTimer].status = status;
 187              		.loc 1 49 0
 188 006e FA7B     		ldrb	r2, [r7, #15]	@ zero_extendqisi2
 189 0070 40F20003 		movw	r3, #:lower16:Timer
 190 0074 C0F20003 		movt	r3, #:upper16:Timer
 191 0078 4FEA0212 		lsl	r2, r2, #4
 192 007c 9B18     		adds	r3, r3, r2
 193 007e 03F10803 		add	r3, r3, #8
 194 0082 3A7E     		ldrb	r2, [r7, #24]
 195 0084 5A71     		strb	r2, [r3, #5]
  50:.\tmr.c       **** }
 196              		.loc 1 50 0
 197 0086 07F11407 		add	r7, r7, #20
 198 008a BD46     		mov	sp, r7
 199 008c 80BC     		pop	{r7}
 200 008e 7047     		bx	lr
 201              		.cfi_endproc
 202              	.LFE58:
 203              		.size	TMR_SetTimer, .-TMR_SetTimer
 204              		.section	.text.TMR_HandleTask,"ax",%progbits
 205              		.align	2
 206              		.global	TMR_HandleTask
 207              		.thumb
 208              		.thumb_func
 209              		.type	TMR_HandleTask, %function
 210              	TMR_HandleTask:
 211              	.LFB59:
  51:.\tmr.c       **** 
  52:.\tmr.c       **** 
  53:.\tmr.c       **** 
  54:.\tmr.c       **** /*******************************************************/
  55:.\tmr.c       **** void TMR_HandleTask(void)
  56:.\tmr.c       **** {
 212              		.loc 1 56 0
 213              		.cfi_startproc
 214              		@ args = 0, pretend = 0, frame = 8
 215              		@ frame_needed = 1, uses_anonymous_args = 0
 216 0000 80B5     		push	{r7, lr}
 217              	.LCFI7:
 218              		.cfi_def_cfa_offset 8
 219              		.cfi_offset 7, -8
 220              		.cfi_offset 14, -4
 221 0002 82B0     		sub	sp, sp, #8
 222              	.LCFI8:
 223              		.cfi_def_cfa_offset 16
 224 0004 00AF     		add	r7, sp, #0
 225              	.LCFI9:
ARM GAS  C:\Users\Martin\AppData\Local\Temp\ccwtL7Uk.s 			page 6


 226              		.cfi_def_cfa_register 7
  57:.\tmr.c       **** 	uint8 i;
  58:.\tmr.c       **** 	uint32 timediff;
  59:.\tmr.c       **** 	
  60:.\tmr.c       **** 	/* get new time */
  61:.\tmr.c       **** 	NewTime = TIMER_ReadCounter();
 227              		.loc 1 61 0
 228 0006 FFF7FEFF 		bl	TIMER_ReadCounter
 229 000a 0246     		mov	r2, r0
 230 000c 40F20003 		movw	r3, #:lower16:NewTime
 231 0010 C0F20003 		movt	r3, #:upper16:NewTime
 232 0014 1A60     		str	r2, [r3, #0]
  62:.\tmr.c       **** 	
  63:.\tmr.c       **** 	/* this variable is set by isr when timer runs over */
  64:.\tmr.c       **** 	if (TimerOverrun == TRUE)
 233              		.loc 1 64 0
 234 0016 40F20003 		movw	r3, #:lower16:TimerOverrun
 235 001a C0F20003 		movt	r3, #:upper16:TimerOverrun
 236 001e 1B78     		ldrb	r3, [r3, #0]	@ zero_extendqisi2
 237 0020 012B     		cmp	r3, #1
 238 0022 18D1     		bne	.L6
  65:.\tmr.c       **** 	{
  66:.\tmr.c       **** 		timediff = TIMER_PERIOD_1000SEC - OldTime + NewTime;
 239              		.loc 1 66 0
 240 0024 40F20003 		movw	r3, #:lower16:NewTime
 241 0028 C0F20003 		movt	r3, #:upper16:NewTime
 242 002c 1A68     		ldr	r2, [r3, #0]
 243 002e 40F20003 		movw	r3, #:lower16:OldTime
 244 0032 C0F20003 		movt	r3, #:upper16:OldTime
 245 0036 1B68     		ldr	r3, [r3, #0]
 246 0038 D21A     		subs	r2, r2, r3
 247 003a 4FF44A43 		mov	r3, #51712
 248 003e C3F69A33 		movt	r3, 15258
 249 0042 D318     		adds	r3, r2, r3
 250 0044 3B60     		str	r3, [r7, #0]
  67:.\tmr.c       **** 		TimerOverrun = FALSE;
 251              		.loc 1 67 0
 252 0046 40F20003 		movw	r3, #:lower16:TimerOverrun
 253 004a C0F20003 		movt	r3, #:upper16:TimerOverrun
 254 004e 4FF00002 		mov	r2, #0
 255 0052 1A70     		strb	r2, [r3, #0]
 256 0054 0BE0     		b	.L7
 257              	.L6:
  68:.\tmr.c       **** 	}
  69:.\tmr.c       **** 	else
  70:.\tmr.c       **** 	{
  71:.\tmr.c       **** 		timediff = NewTime - OldTime;
 258              		.loc 1 71 0
 259 0056 40F20003 		movw	r3, #:lower16:NewTime
 260 005a C0F20003 		movt	r3, #:upper16:NewTime
 261 005e 1A68     		ldr	r2, [r3, #0]
 262 0060 40F20003 		movw	r3, #:lower16:OldTime
 263 0064 C0F20003 		movt	r3, #:upper16:OldTime
 264 0068 1B68     		ldr	r3, [r3, #0]
 265 006a D31A     		subs	r3, r2, r3
 266 006c 3B60     		str	r3, [r7, #0]
 267              	.L7:
ARM GAS  C:\Users\Martin\AppData\Local\Temp\ccwtL7Uk.s 			page 7


  72:.\tmr.c       **** 	}
  73:.\tmr.c       **** 	
  74:.\tmr.c       **** 	OldTime = NewTime;
 268              		.loc 1 74 0
 269 006e 40F20003 		movw	r3, #:lower16:NewTime
 270 0072 C0F20003 		movt	r3, #:upper16:NewTime
 271 0076 1A68     		ldr	r2, [r3, #0]
 272 0078 40F20003 		movw	r3, #:lower16:OldTime
 273 007c C0F20003 		movt	r3, #:upper16:OldTime
 274 0080 1A60     		str	r2, [r3, #0]
  75:.\tmr.c       **** 	
  76:.\tmr.c       **** 	/* update timers */
  77:.\tmr.c       **** 	for (i=0; i<MAX_TIMERS; i++)
 275              		.loc 1 77 0
 276 0082 4FF00003 		mov	r3, #0
 277 0086 FB71     		strb	r3, [r7, #7]
 278 0088 6BE0     		b	.L8
 279              	.L11:
  78:.\tmr.c       **** 	{
  79:.\tmr.c       **** 		if (Timer[i].status == TIMER_ENABLED)
 280              		.loc 1 79 0
 281 008a FA79     		ldrb	r2, [r7, #7]	@ zero_extendqisi2
 282 008c 40F20003 		movw	r3, #:lower16:Timer
 283 0090 C0F20003 		movt	r3, #:upper16:Timer
 284 0094 4FEA0212 		lsl	r2, r2, #4
 285 0098 9B18     		adds	r3, r3, r2
 286 009a 03F10803 		add	r3, r3, #8
 287 009e 5B79     		ldrb	r3, [r3, #5]	@ zero_extendqisi2
 288 00a0 012B     		cmp	r3, #1
 289 00a2 5AD1     		bne	.L9
  80:.\tmr.c       **** 		{
  81:.\tmr.c       **** 			/* increase timer */
  82:.\tmr.c       **** 			Timer[i].count += timediff;
 290              		.loc 1 82 0
 291 00a4 F979     		ldrb	r1, [r7, #7]	@ zero_extendqisi2
 292 00a6 FA79     		ldrb	r2, [r7, #7]	@ zero_extendqisi2
 293 00a8 40F20003 		movw	r3, #:lower16:Timer
 294 00ac C0F20003 		movt	r3, #:upper16:Timer
 295 00b0 4FEA0212 		lsl	r2, r2, #4
 296 00b4 9B18     		adds	r3, r3, r2
 297 00b6 1A68     		ldr	r2, [r3, #0]
 298 00b8 3B68     		ldr	r3, [r7, #0]
 299 00ba D218     		adds	r2, r2, r3
 300 00bc 40F20003 		movw	r3, #:lower16:Timer
 301 00c0 C0F20003 		movt	r3, #:upper16:Timer
 302 00c4 4FEA0111 		lsl	r1, r1, #4
 303 00c8 5B18     		adds	r3, r3, r1
 304 00ca 1A60     		str	r2, [r3, #0]
  83:.\tmr.c       **** 			if (Timer[i].count >= Timer[i].value)
 305              		.loc 1 83 0
 306 00cc FA79     		ldrb	r2, [r7, #7]	@ zero_extendqisi2
 307 00ce 40F20003 		movw	r3, #:lower16:Timer
 308 00d2 C0F20003 		movt	r3, #:upper16:Timer
 309 00d6 4FEA0212 		lsl	r2, r2, #4
 310 00da 9B18     		adds	r3, r3, r2
 311 00dc 1A68     		ldr	r2, [r3, #0]
 312 00de F979     		ldrb	r1, [r7, #7]	@ zero_extendqisi2
ARM GAS  C:\Users\Martin\AppData\Local\Temp\ccwtL7Uk.s 			page 8


 313 00e0 40F20003 		movw	r3, #:lower16:Timer
 314 00e4 C0F20003 		movt	r3, #:upper16:Timer
 315 00e8 4FEA0111 		lsl	r1, r1, #4
 316 00ec 5B18     		adds	r3, r3, r1
 317 00ee 03F10403 		add	r3, r3, #4
 318 00f2 1B68     		ldr	r3, [r3, #0]
 319 00f4 9A42     		cmp	r2, r3
 320 00f6 30D3     		bcc	.L9
  84:.\tmr.c       **** 			{
  85:.\tmr.c       **** 				/* call timer down function */
  86:.\tmr.c       **** 				Timer[i].func();
 321              		.loc 1 86 0
 322 00f8 FA79     		ldrb	r2, [r7, #7]	@ zero_extendqisi2
 323 00fa 40F20003 		movw	r3, #:lower16:Timer
 324 00fe C0F20003 		movt	r3, #:upper16:Timer
 325 0102 4FEA0212 		lsl	r2, r2, #4
 326 0106 9B18     		adds	r3, r3, r2
 327 0108 03F10803 		add	r3, r3, #8
 328 010c 1B68     		ldr	r3, [r3, #0]
 329 010e 9847     		blx	r3
  87:.\tmr.c       **** 				if (Timer[i].mode != TIMER_MODE_CONTINUOUS)
 330              		.loc 1 87 0
 331 0110 FA79     		ldrb	r2, [r7, #7]	@ zero_extendqisi2
 332 0112 40F20003 		movw	r3, #:lower16:Timer
 333 0116 C0F20003 		movt	r3, #:upper16:Timer
 334 011a 4FEA0212 		lsl	r2, r2, #4
 335 011e 9B18     		adds	r3, r3, r2
 336 0120 03F10803 		add	r3, r3, #8
 337 0124 1B79     		ldrb	r3, [r3, #4]	@ zero_extendqisi2
 338 0126 022B     		cmp	r3, #2
 339 0128 0CD0     		beq	.L10
  88:.\tmr.c       **** 				{
  89:.\tmr.c       **** 					Timer[i].status = TIMER_DISABLED;
 340              		.loc 1 89 0
 341 012a FA79     		ldrb	r2, [r7, #7]	@ zero_extendqisi2
 342 012c 40F20003 		movw	r3, #:lower16:Timer
 343 0130 C0F20003 		movt	r3, #:upper16:Timer
 344 0134 4FEA0212 		lsl	r2, r2, #4
 345 0138 9B18     		adds	r3, r3, r2
 346 013a 03F10803 		add	r3, r3, #8
 347 013e 4FF00002 		mov	r2, #0
 348 0142 5A71     		strb	r2, [r3, #5]
 349              	.L10:
  90:.\tmr.c       **** 				}
  91:.\tmr.c       **** 				Timer[i].count = 0;
 350              		.loc 1 91 0
 351 0144 FA79     		ldrb	r2, [r7, #7]	@ zero_extendqisi2
 352 0146 40F20003 		movw	r3, #:lower16:Timer
 353 014a C0F20003 		movt	r3, #:upper16:Timer
 354 014e 4FEA0212 		lsl	r2, r2, #4
 355 0152 9B18     		adds	r3, r3, r2
 356 0154 4FF00002 		mov	r2, #0
 357 0158 1A60     		str	r2, [r3, #0]
 358              	.L9:
  77:.\tmr.c       **** 	for (i=0; i<MAX_TIMERS; i++)
 359              		.loc 1 77 0
 360 015a FB79     		ldrb	r3, [r7, #7]
ARM GAS  C:\Users\Martin\AppData\Local\Temp\ccwtL7Uk.s 			page 9


 361 015c 03F10103 		add	r3, r3, #1
 362 0160 FB71     		strb	r3, [r7, #7]
 363              	.L8:
  77:.\tmr.c       **** 	for (i=0; i<MAX_TIMERS; i++)
 364              		.loc 1 77 0 is_stmt 0 discriminator 1
 365 0162 FB79     		ldrb	r3, [r7, #7]	@ zero_extendqisi2
 366 0164 092B     		cmp	r3, #9
 367 0166 90D9     		bls	.L11
  92:.\tmr.c       **** 			}
  93:.\tmr.c       **** 		}
  94:.\tmr.c       **** 	}
  95:.\tmr.c       **** 	
  96:.\tmr.c       **** 	
  97:.\tmr.c       **** }
 368              		.loc 1 97 0 is_stmt 1
 369 0168 07F10807 		add	r7, r7, #8
 370 016c BD46     		mov	sp, r7
 371 016e 80BD     		pop	{r7, pc}
 372              		.cfi_endproc
 373              	.LFE59:
 374              		.size	TMR_HandleTask, .-TMR_HandleTask
 375              		.text
 376              	.Letext0:
 377              		.file 2 "c:\\program files (x86)\\cypress\\psoc creator\\3.0\\psoc creator\\import\\gnu_cs\\arm\\4
 378              		.file 3 "./Generated_Source/PSoC5/cytypes.h"
 379              		.file 4 ".\\tmr.h"
 380              		.file 5 "./Generated_Source/PSoC5/core_cm3.h"
 381              		.section	.debug_info,"",%progbits
 382              	.Ldebug_info0:
 383 0000 51020000 		.4byte	0x251
 384 0004 0200     		.2byte	0x2
 385 0006 00000000 		.4byte	.Ldebug_abbrev0
 386 000a 04       		.byte	0x4
 387 000b 01       		.uleb128 0x1
 388 000c 96010000 		.4byte	.LASF32
 389 0010 01       		.byte	0x1
 390 0011 00000000 		.4byte	.LASF33
 391 0015 2C010000 		.4byte	.LASF34
 392 0019 00000000 		.4byte	.Ldebug_ranges0+0
 393 001d 00000000 		.4byte	0
 394 0021 00000000 		.4byte	0
 395 0025 00000000 		.4byte	.Ldebug_line0
 396 0029 02       		.uleb128 0x2
 397 002a 01       		.byte	0x1
 398 002b 06       		.byte	0x6
 399 002c E8010000 		.4byte	.LASF0
 400 0030 03       		.uleb128 0x3
 401 0031 ED000000 		.4byte	.LASF4
 402 0035 02       		.byte	0x2
 403 0036 2A       		.byte	0x2a
 404 0037 3B000000 		.4byte	0x3b
 405 003b 02       		.uleb128 0x2
 406 003c 01       		.byte	0x1
 407 003d 08       		.byte	0x8
 408 003e 43000000 		.4byte	.LASF1
 409 0042 02       		.uleb128 0x2
 410 0043 02       		.byte	0x2
ARM GAS  C:\Users\Martin\AppData\Local\Temp\ccwtL7Uk.s 			page 10


 411 0044 05       		.byte	0x5
 412 0045 86010000 		.4byte	.LASF2
 413 0049 02       		.uleb128 0x2
 414 004a 02       		.byte	0x2
 415 004b 07       		.byte	0x7
 416 004c 63000000 		.4byte	.LASF3
 417 0050 03       		.uleb128 0x3
 418 0051 06010000 		.4byte	.LASF5
 419 0055 02       		.byte	0x2
 420 0056 4F       		.byte	0x4f
 421 0057 5B000000 		.4byte	0x5b
 422 005b 02       		.uleb128 0x2
 423 005c 04       		.byte	0x4
 424 005d 05       		.byte	0x5
 425 005e DF010000 		.4byte	.LASF6
 426 0062 02       		.uleb128 0x2
 427 0063 04       		.byte	0x4
 428 0064 07       		.byte	0x7
 429 0065 51000000 		.4byte	.LASF7
 430 0069 02       		.uleb128 0x2
 431 006a 08       		.byte	0x8
 432 006b 05       		.byte	0x5
 433 006c 1E010000 		.4byte	.LASF8
 434 0070 02       		.uleb128 0x2
 435 0071 08       		.byte	0x8
 436 0072 07       		.byte	0x7
 437 0073 D6000000 		.4byte	.LASF9
 438 0077 04       		.uleb128 0x4
 439 0078 04       		.byte	0x4
 440 0079 05       		.byte	0x5
 441 007a 696E7400 		.ascii	"int\000"
 442 007e 02       		.uleb128 0x2
 443 007f 04       		.byte	0x4
 444 0080 07       		.byte	0x7
 445 0081 C0000000 		.4byte	.LASF10
 446 0085 03       		.uleb128 0x3
 447 0086 90010000 		.4byte	.LASF11
 448 008a 03       		.byte	0x3
 449 008b 5B       		.byte	0x5b
 450 008c 3B000000 		.4byte	0x3b
 451 0090 03       		.uleb128 0x3
 452 0091 B9000000 		.4byte	.LASF12
 453 0095 03       		.byte	0x3
 454 0096 5D       		.byte	0x5d
 455 0097 62000000 		.4byte	0x62
 456 009b 02       		.uleb128 0x2
 457 009c 04       		.byte	0x4
 458 009d 04       		.byte	0x4
 459 009e 3D000000 		.4byte	.LASF13
 460 00a2 02       		.uleb128 0x2
 461 00a3 08       		.byte	0x8
 462 00a4 04       		.byte	0x4
 463 00a5 A4000000 		.4byte	.LASF14
 464 00a9 02       		.uleb128 0x2
 465 00aa 01       		.byte	0x1
 466 00ab 08       		.byte	0x8
 467 00ac 74010000 		.4byte	.LASF15
ARM GAS  C:\Users\Martin\AppData\Local\Temp\ccwtL7Uk.s 			page 11


 468 00b0 05       		.uleb128 0x5
 469 00b1 04       		.byte	0x4
 470 00b2 B6000000 		.4byte	0xb6
 471 00b6 06       		.uleb128 0x6
 472 00b7 01       		.byte	0x1
 473 00b8 02       		.uleb128 0x2
 474 00b9 04       		.byte	0x4
 475 00ba 07       		.byte	0x7
 476 00bb 0E010000 		.4byte	.LASF16
 477 00bf 03       		.uleb128 0x3
 478 00c0 CD000000 		.4byte	.LASF17
 479 00c4 04       		.byte	0x4
 480 00c5 1B       		.byte	0x1b
 481 00c6 B0000000 		.4byte	0xb0
 482 00ca 07       		.uleb128 0x7
 483 00cb 17010000 		.4byte	.LASF35
 484 00cf 10       		.byte	0x10
 485 00d0 04       		.byte	0x4
 486 00d1 1E       		.byte	0x1e
 487 00d2 1D010000 		.4byte	0x11d
 488 00d6 08       		.uleb128 0x8
 489 00d7 1D000000 		.4byte	.LASF18
 490 00db 04       		.byte	0x4
 491 00dc 20       		.byte	0x20
 492 00dd 90000000 		.4byte	0x90
 493 00e1 02       		.byte	0x2
 494 00e2 23       		.byte	0x23
 495 00e3 00       		.uleb128 0
 496 00e4 08       		.uleb128 0x8
 497 00e5 17000000 		.4byte	.LASF19
 498 00e9 04       		.byte	0x4
 499 00ea 21       		.byte	0x21
 500 00eb 90000000 		.4byte	0x90
 501 00ef 02       		.byte	0x2
 502 00f0 23       		.byte	0x23
 503 00f1 04       		.uleb128 0x4
 504 00f2 08       		.uleb128 0x8
 505 00f3 AB000000 		.4byte	.LASF20
 506 00f7 04       		.byte	0x4
 507 00f8 22       		.byte	0x22
 508 00f9 BF000000 		.4byte	0xbf
 509 00fd 02       		.byte	0x2
 510 00fe 23       		.byte	0x23
 511 00ff 08       		.uleb128 0x8
 512 0100 08       		.uleb128 0x8
 513 0101 FB000000 		.4byte	.LASF21
 514 0105 04       		.byte	0x4
 515 0106 23       		.byte	0x23
 516 0107 85000000 		.4byte	0x85
 517 010b 02       		.byte	0x2
 518 010c 23       		.byte	0x23
 519 010d 0C       		.uleb128 0xc
 520 010e 08       		.uleb128 0x8
 521 010f 10000000 		.4byte	.LASF22
 522 0113 04       		.byte	0x4
 523 0114 24       		.byte	0x24
 524 0115 85000000 		.4byte	0x85
ARM GAS  C:\Users\Martin\AppData\Local\Temp\ccwtL7Uk.s 			page 12


 525 0119 02       		.byte	0x2
 526 011a 23       		.byte	0x23
 527 011b 0D       		.uleb128 0xd
 528 011c 00       		.byte	0
 529 011d 03       		.uleb128 0x3
 530 011e F5000000 		.4byte	.LASF23
 531 0122 04       		.byte	0x4
 532 0123 25       		.byte	0x25
 533 0124 CA000000 		.4byte	0xca
 534 0128 09       		.uleb128 0x9
 535 0129 01       		.byte	0x1
 536 012a 76000000 		.4byte	.LASF36
 537 012e 01       		.byte	0x1
 538 012f 14       		.byte	0x14
 539 0130 01       		.byte	0x1
 540 0131 00000000 		.4byte	.LFB56
 541 0135 18000000 		.4byte	.LFE56
 542 0139 00000000 		.4byte	.LLST0
 543 013d 01       		.byte	0x1
 544 013e 0A       		.uleb128 0xa
 545 013f 01       		.byte	0x1
 546 0140 B0000000 		.4byte	.LASF37
 547 0144 01       		.byte	0x1
 548 0145 1B       		.byte	0x1b
 549 0146 01       		.byte	0x1
 550 0147 85000000 		.4byte	0x85
 551 014b 00000000 		.4byte	.LFB57
 552 014f 6A000000 		.4byte	.LFE57
 553 0153 2C000000 		.4byte	.LLST1
 554 0157 01       		.byte	0x1
 555 0158 0B       		.uleb128 0xb
 556 0159 01       		.byte	0x1
 557 015a 79010000 		.4byte	.LASF25
 558 015e 01       		.byte	0x1
 559 015f 2B       		.byte	0x2b
 560 0160 01       		.byte	0x1
 561 0161 00000000 		.4byte	.LFB58
 562 0165 90000000 		.4byte	.LFE58
 563 0169 58000000 		.4byte	.LLST2
 564 016d 01       		.byte	0x1
 565 016e B8010000 		.4byte	0x1b8
 566 0172 0C       		.uleb128 0xc
 567 0173 34000000 		.4byte	.LASF24
 568 0177 01       		.byte	0x1
 569 0178 2B       		.byte	0x2b
 570 0179 85000000 		.4byte	0x85
 571 017d 02       		.byte	0x2
 572 017e 91       		.byte	0x91
 573 017f 77       		.sleb128 -9
 574 0180 0D       		.uleb128 0xd
 575 0181 757300   		.ascii	"us\000"
 576 0184 01       		.byte	0x1
 577 0185 2B       		.byte	0x2b
 578 0186 90000000 		.4byte	0x90
 579 018a 02       		.byte	0x2
 580 018b 91       		.byte	0x91
 581 018c 70       		.sleb128 -16
ARM GAS  C:\Users\Martin\AppData\Local\Temp\ccwtL7Uk.s 			page 13


 582 018d 0C       		.uleb128 0xc
 583 018e AB000000 		.4byte	.LASF20
 584 0192 01       		.byte	0x1
 585 0193 2B       		.byte	0x2b
 586 0194 BF000000 		.4byte	0xbf
 587 0198 02       		.byte	0x2
 588 0199 91       		.byte	0x91
 589 019a 6C       		.sleb128 -20
 590 019b 0C       		.uleb128 0xc
 591 019c FB000000 		.4byte	.LASF21
 592 01a0 01       		.byte	0x1
 593 01a1 2B       		.byte	0x2b
 594 01a2 85000000 		.4byte	0x85
 595 01a6 02       		.byte	0x2
 596 01a7 91       		.byte	0x91
 597 01a8 76       		.sleb128 -10
 598 01a9 0C       		.uleb128 0xc
 599 01aa 10000000 		.4byte	.LASF22
 600 01ae 01       		.byte	0x1
 601 01af 2B       		.byte	0x2b
 602 01b0 85000000 		.4byte	0x85
 603 01b4 02       		.byte	0x2
 604 01b5 91       		.byte	0x91
 605 01b6 00       		.sleb128 0
 606 01b7 00       		.byte	0
 607 01b8 0E       		.uleb128 0xe
 608 01b9 01       		.byte	0x1
 609 01ba 95000000 		.4byte	.LASF26
 610 01be 01       		.byte	0x1
 611 01bf 37       		.byte	0x37
 612 01c0 01       		.byte	0x1
 613 01c1 00000000 		.4byte	.LFB59
 614 01c5 70010000 		.4byte	.LFE59
 615 01c9 90000000 		.4byte	.LLST3
 616 01cd 01       		.byte	0x1
 617 01ce ED010000 		.4byte	0x1ed
 618 01d2 0F       		.uleb128 0xf
 619 01d3 6900     		.ascii	"i\000"
 620 01d5 01       		.byte	0x1
 621 01d6 39       		.byte	0x39
 622 01d7 85000000 		.4byte	0x85
 623 01db 02       		.byte	0x2
 624 01dc 91       		.byte	0x91
 625 01dd 77       		.sleb128 -9
 626 01de 10       		.uleb128 0x10
 627 01df 23000000 		.4byte	.LASF27
 628 01e3 01       		.byte	0x1
 629 01e4 3A       		.byte	0x3a
 630 01e5 90000000 		.4byte	0x90
 631 01e9 02       		.byte	0x2
 632 01ea 91       		.byte	0x91
 633 01eb 70       		.sleb128 -16
 634 01ec 00       		.byte	0
 635 01ed 10       		.uleb128 0x10
 636 01ee 67010000 		.4byte	.LASF28
 637 01f2 01       		.byte	0x1
 638 01f3 0F       		.byte	0xf
ARM GAS  C:\Users\Martin\AppData\Local\Temp\ccwtL7Uk.s 			page 14


 639 01f4 30000000 		.4byte	0x30
 640 01f8 05       		.byte	0x5
 641 01f9 03       		.byte	0x3
 642 01fa 00000000 		.4byte	TimerOverrun
 643 01fe 11       		.uleb128 0x11
 644 01ff 1D010000 		.4byte	0x11d
 645 0203 0E020000 		.4byte	0x20e
 646 0207 12       		.uleb128 0x12
 647 0208 B8000000 		.4byte	0xb8
 648 020c 09       		.byte	0x9
 649 020d 00       		.byte	0
 650 020e 10       		.uleb128 0x10
 651 020f 00010000 		.4byte	.LASF29
 652 0213 01       		.byte	0x1
 653 0214 10       		.byte	0x10
 654 0215 FE010000 		.4byte	0x1fe
 655 0219 05       		.byte	0x5
 656 021a 03       		.byte	0x3
 657 021b 04000000 		.4byte	Timer
 658 021f 10       		.uleb128 0x10
 659 0220 2C000000 		.4byte	.LASF30
 660 0224 01       		.byte	0x1
 661 0225 11       		.byte	0x11
 662 0226 90000000 		.4byte	0x90
 663 022a 05       		.byte	0x5
 664 022b 03       		.byte	0x3
 665 022c A4000000 		.4byte	NewTime
 666 0230 10       		.uleb128 0x10
 667 0231 08000000 		.4byte	.LASF31
 668 0235 01       		.byte	0x1
 669 0236 11       		.byte	0x11
 670 0237 90000000 		.4byte	0x90
 671 023b 05       		.byte	0x5
 672 023c 03       		.byte	0x3
 673 023d A8000000 		.4byte	OldTime
 674 0241 13       		.uleb128 0x13
 675 0242 88000000 		.4byte	.LASF38
 676 0246 05       		.byte	0x5
 677 0247 1606     		.2byte	0x616
 678 0249 4F020000 		.4byte	0x24f
 679 024d 01       		.byte	0x1
 680 024e 01       		.byte	0x1
 681 024f 14       		.uleb128 0x14
 682 0250 50000000 		.4byte	0x50
 683 0254 00       		.byte	0
 684              		.section	.debug_abbrev,"",%progbits
 685              	.Ldebug_abbrev0:
 686 0000 01       		.uleb128 0x1
 687 0001 11       		.uleb128 0x11
 688 0002 01       		.byte	0x1
 689 0003 25       		.uleb128 0x25
 690 0004 0E       		.uleb128 0xe
 691 0005 13       		.uleb128 0x13
 692 0006 0B       		.uleb128 0xb
 693 0007 03       		.uleb128 0x3
 694 0008 0E       		.uleb128 0xe
 695 0009 1B       		.uleb128 0x1b
ARM GAS  C:\Users\Martin\AppData\Local\Temp\ccwtL7Uk.s 			page 15


 696 000a 0E       		.uleb128 0xe
 697 000b 55       		.uleb128 0x55
 698 000c 06       		.uleb128 0x6
 699 000d 11       		.uleb128 0x11
 700 000e 01       		.uleb128 0x1
 701 000f 52       		.uleb128 0x52
 702 0010 01       		.uleb128 0x1
 703 0011 10       		.uleb128 0x10
 704 0012 06       		.uleb128 0x6
 705 0013 00       		.byte	0
 706 0014 00       		.byte	0
 707 0015 02       		.uleb128 0x2
 708 0016 24       		.uleb128 0x24
 709 0017 00       		.byte	0
 710 0018 0B       		.uleb128 0xb
 711 0019 0B       		.uleb128 0xb
 712 001a 3E       		.uleb128 0x3e
 713 001b 0B       		.uleb128 0xb
 714 001c 03       		.uleb128 0x3
 715 001d 0E       		.uleb128 0xe
 716 001e 00       		.byte	0
 717 001f 00       		.byte	0
 718 0020 03       		.uleb128 0x3
 719 0021 16       		.uleb128 0x16
 720 0022 00       		.byte	0
 721 0023 03       		.uleb128 0x3
 722 0024 0E       		.uleb128 0xe
 723 0025 3A       		.uleb128 0x3a
 724 0026 0B       		.uleb128 0xb
 725 0027 3B       		.uleb128 0x3b
 726 0028 0B       		.uleb128 0xb
 727 0029 49       		.uleb128 0x49
 728 002a 13       		.uleb128 0x13
 729 002b 00       		.byte	0
 730 002c 00       		.byte	0
 731 002d 04       		.uleb128 0x4
 732 002e 24       		.uleb128 0x24
 733 002f 00       		.byte	0
 734 0030 0B       		.uleb128 0xb
 735 0031 0B       		.uleb128 0xb
 736 0032 3E       		.uleb128 0x3e
 737 0033 0B       		.uleb128 0xb
 738 0034 03       		.uleb128 0x3
 739 0035 08       		.uleb128 0x8
 740 0036 00       		.byte	0
 741 0037 00       		.byte	0
 742 0038 05       		.uleb128 0x5
 743 0039 0F       		.uleb128 0xf
 744 003a 00       		.byte	0
 745 003b 0B       		.uleb128 0xb
 746 003c 0B       		.uleb128 0xb
 747 003d 49       		.uleb128 0x49
 748 003e 13       		.uleb128 0x13
 749 003f 00       		.byte	0
 750 0040 00       		.byte	0
 751 0041 06       		.uleb128 0x6
 752 0042 15       		.uleb128 0x15
ARM GAS  C:\Users\Martin\AppData\Local\Temp\ccwtL7Uk.s 			page 16


 753 0043 00       		.byte	0
 754 0044 27       		.uleb128 0x27
 755 0045 0C       		.uleb128 0xc
 756 0046 00       		.byte	0
 757 0047 00       		.byte	0
 758 0048 07       		.uleb128 0x7
 759 0049 13       		.uleb128 0x13
 760 004a 01       		.byte	0x1
 761 004b 03       		.uleb128 0x3
 762 004c 0E       		.uleb128 0xe
 763 004d 0B       		.uleb128 0xb
 764 004e 0B       		.uleb128 0xb
 765 004f 3A       		.uleb128 0x3a
 766 0050 0B       		.uleb128 0xb
 767 0051 3B       		.uleb128 0x3b
 768 0052 0B       		.uleb128 0xb
 769 0053 01       		.uleb128 0x1
 770 0054 13       		.uleb128 0x13
 771 0055 00       		.byte	0
 772 0056 00       		.byte	0
 773 0057 08       		.uleb128 0x8
 774 0058 0D       		.uleb128 0xd
 775 0059 00       		.byte	0
 776 005a 03       		.uleb128 0x3
 777 005b 0E       		.uleb128 0xe
 778 005c 3A       		.uleb128 0x3a
 779 005d 0B       		.uleb128 0xb
 780 005e 3B       		.uleb128 0x3b
 781 005f 0B       		.uleb128 0xb
 782 0060 49       		.uleb128 0x49
 783 0061 13       		.uleb128 0x13
 784 0062 38       		.uleb128 0x38
 785 0063 0A       		.uleb128 0xa
 786 0064 00       		.byte	0
 787 0065 00       		.byte	0
 788 0066 09       		.uleb128 0x9
 789 0067 2E       		.uleb128 0x2e
 790 0068 00       		.byte	0
 791 0069 3F       		.uleb128 0x3f
 792 006a 0C       		.uleb128 0xc
 793 006b 03       		.uleb128 0x3
 794 006c 0E       		.uleb128 0xe
 795 006d 3A       		.uleb128 0x3a
 796 006e 0B       		.uleb128 0xb
 797 006f 3B       		.uleb128 0x3b
 798 0070 0B       		.uleb128 0xb
 799 0071 27       		.uleb128 0x27
 800 0072 0C       		.uleb128 0xc
 801 0073 11       		.uleb128 0x11
 802 0074 01       		.uleb128 0x1
 803 0075 12       		.uleb128 0x12
 804 0076 01       		.uleb128 0x1
 805 0077 40       		.uleb128 0x40
 806 0078 06       		.uleb128 0x6
 807 0079 9742     		.uleb128 0x2117
 808 007b 0C       		.uleb128 0xc
 809 007c 00       		.byte	0
ARM GAS  C:\Users\Martin\AppData\Local\Temp\ccwtL7Uk.s 			page 17


 810 007d 00       		.byte	0
 811 007e 0A       		.uleb128 0xa
 812 007f 2E       		.uleb128 0x2e
 813 0080 00       		.byte	0
 814 0081 3F       		.uleb128 0x3f
 815 0082 0C       		.uleb128 0xc
 816 0083 03       		.uleb128 0x3
 817 0084 0E       		.uleb128 0xe
 818 0085 3A       		.uleb128 0x3a
 819 0086 0B       		.uleb128 0xb
 820 0087 3B       		.uleb128 0x3b
 821 0088 0B       		.uleb128 0xb
 822 0089 27       		.uleb128 0x27
 823 008a 0C       		.uleb128 0xc
 824 008b 49       		.uleb128 0x49
 825 008c 13       		.uleb128 0x13
 826 008d 11       		.uleb128 0x11
 827 008e 01       		.uleb128 0x1
 828 008f 12       		.uleb128 0x12
 829 0090 01       		.uleb128 0x1
 830 0091 40       		.uleb128 0x40
 831 0092 06       		.uleb128 0x6
 832 0093 9642     		.uleb128 0x2116
 833 0095 0C       		.uleb128 0xc
 834 0096 00       		.byte	0
 835 0097 00       		.byte	0
 836 0098 0B       		.uleb128 0xb
 837 0099 2E       		.uleb128 0x2e
 838 009a 01       		.byte	0x1
 839 009b 3F       		.uleb128 0x3f
 840 009c 0C       		.uleb128 0xc
 841 009d 03       		.uleb128 0x3
 842 009e 0E       		.uleb128 0xe
 843 009f 3A       		.uleb128 0x3a
 844 00a0 0B       		.uleb128 0xb
 845 00a1 3B       		.uleb128 0x3b
 846 00a2 0B       		.uleb128 0xb
 847 00a3 27       		.uleb128 0x27
 848 00a4 0C       		.uleb128 0xc
 849 00a5 11       		.uleb128 0x11
 850 00a6 01       		.uleb128 0x1
 851 00a7 12       		.uleb128 0x12
 852 00a8 01       		.uleb128 0x1
 853 00a9 40       		.uleb128 0x40
 854 00aa 06       		.uleb128 0x6
 855 00ab 9742     		.uleb128 0x2117
 856 00ad 0C       		.uleb128 0xc
 857 00ae 01       		.uleb128 0x1
 858 00af 13       		.uleb128 0x13
 859 00b0 00       		.byte	0
 860 00b1 00       		.byte	0
 861 00b2 0C       		.uleb128 0xc
 862 00b3 05       		.uleb128 0x5
 863 00b4 00       		.byte	0
 864 00b5 03       		.uleb128 0x3
 865 00b6 0E       		.uleb128 0xe
 866 00b7 3A       		.uleb128 0x3a
ARM GAS  C:\Users\Martin\AppData\Local\Temp\ccwtL7Uk.s 			page 18


 867 00b8 0B       		.uleb128 0xb
 868 00b9 3B       		.uleb128 0x3b
 869 00ba 0B       		.uleb128 0xb
 870 00bb 49       		.uleb128 0x49
 871 00bc 13       		.uleb128 0x13
 872 00bd 02       		.uleb128 0x2
 873 00be 0A       		.uleb128 0xa
 874 00bf 00       		.byte	0
 875 00c0 00       		.byte	0
 876 00c1 0D       		.uleb128 0xd
 877 00c2 05       		.uleb128 0x5
 878 00c3 00       		.byte	0
 879 00c4 03       		.uleb128 0x3
 880 00c5 08       		.uleb128 0x8
 881 00c6 3A       		.uleb128 0x3a
 882 00c7 0B       		.uleb128 0xb
 883 00c8 3B       		.uleb128 0x3b
 884 00c9 0B       		.uleb128 0xb
 885 00ca 49       		.uleb128 0x49
 886 00cb 13       		.uleb128 0x13
 887 00cc 02       		.uleb128 0x2
 888 00cd 0A       		.uleb128 0xa
 889 00ce 00       		.byte	0
 890 00cf 00       		.byte	0
 891 00d0 0E       		.uleb128 0xe
 892 00d1 2E       		.uleb128 0x2e
 893 00d2 01       		.byte	0x1
 894 00d3 3F       		.uleb128 0x3f
 895 00d4 0C       		.uleb128 0xc
 896 00d5 03       		.uleb128 0x3
 897 00d6 0E       		.uleb128 0xe
 898 00d7 3A       		.uleb128 0x3a
 899 00d8 0B       		.uleb128 0xb
 900 00d9 3B       		.uleb128 0x3b
 901 00da 0B       		.uleb128 0xb
 902 00db 27       		.uleb128 0x27
 903 00dc 0C       		.uleb128 0xc
 904 00dd 11       		.uleb128 0x11
 905 00de 01       		.uleb128 0x1
 906 00df 12       		.uleb128 0x12
 907 00e0 01       		.uleb128 0x1
 908 00e1 40       		.uleb128 0x40
 909 00e2 06       		.uleb128 0x6
 910 00e3 9642     		.uleb128 0x2116
 911 00e5 0C       		.uleb128 0xc
 912 00e6 01       		.uleb128 0x1
 913 00e7 13       		.uleb128 0x13
 914 00e8 00       		.byte	0
 915 00e9 00       		.byte	0
 916 00ea 0F       		.uleb128 0xf
 917 00eb 34       		.uleb128 0x34
 918 00ec 00       		.byte	0
 919 00ed 03       		.uleb128 0x3
 920 00ee 08       		.uleb128 0x8
 921 00ef 3A       		.uleb128 0x3a
 922 00f0 0B       		.uleb128 0xb
 923 00f1 3B       		.uleb128 0x3b
ARM GAS  C:\Users\Martin\AppData\Local\Temp\ccwtL7Uk.s 			page 19


 924 00f2 0B       		.uleb128 0xb
 925 00f3 49       		.uleb128 0x49
 926 00f4 13       		.uleb128 0x13
 927 00f5 02       		.uleb128 0x2
 928 00f6 0A       		.uleb128 0xa
 929 00f7 00       		.byte	0
 930 00f8 00       		.byte	0
 931 00f9 10       		.uleb128 0x10
 932 00fa 34       		.uleb128 0x34
 933 00fb 00       		.byte	0
 934 00fc 03       		.uleb128 0x3
 935 00fd 0E       		.uleb128 0xe
 936 00fe 3A       		.uleb128 0x3a
 937 00ff 0B       		.uleb128 0xb
 938 0100 3B       		.uleb128 0x3b
 939 0101 0B       		.uleb128 0xb
 940 0102 49       		.uleb128 0x49
 941 0103 13       		.uleb128 0x13
 942 0104 02       		.uleb128 0x2
 943 0105 0A       		.uleb128 0xa
 944 0106 00       		.byte	0
 945 0107 00       		.byte	0
 946 0108 11       		.uleb128 0x11
 947 0109 01       		.uleb128 0x1
 948 010a 01       		.byte	0x1
 949 010b 49       		.uleb128 0x49
 950 010c 13       		.uleb128 0x13
 951 010d 01       		.uleb128 0x1
 952 010e 13       		.uleb128 0x13
 953 010f 00       		.byte	0
 954 0110 00       		.byte	0
 955 0111 12       		.uleb128 0x12
 956 0112 21       		.uleb128 0x21
 957 0113 00       		.byte	0
 958 0114 49       		.uleb128 0x49
 959 0115 13       		.uleb128 0x13
 960 0116 2F       		.uleb128 0x2f
 961 0117 0B       		.uleb128 0xb
 962 0118 00       		.byte	0
 963 0119 00       		.byte	0
 964 011a 13       		.uleb128 0x13
 965 011b 34       		.uleb128 0x34
 966 011c 00       		.byte	0
 967 011d 03       		.uleb128 0x3
 968 011e 0E       		.uleb128 0xe
 969 011f 3A       		.uleb128 0x3a
 970 0120 0B       		.uleb128 0xb
 971 0121 3B       		.uleb128 0x3b
 972 0122 05       		.uleb128 0x5
 973 0123 49       		.uleb128 0x49
 974 0124 13       		.uleb128 0x13
 975 0125 3F       		.uleb128 0x3f
 976 0126 0C       		.uleb128 0xc
 977 0127 3C       		.uleb128 0x3c
 978 0128 0C       		.uleb128 0xc
 979 0129 00       		.byte	0
 980 012a 00       		.byte	0
ARM GAS  C:\Users\Martin\AppData\Local\Temp\ccwtL7Uk.s 			page 20


 981 012b 14       		.uleb128 0x14
 982 012c 35       		.uleb128 0x35
 983 012d 00       		.byte	0
 984 012e 49       		.uleb128 0x49
 985 012f 13       		.uleb128 0x13
 986 0130 00       		.byte	0
 987 0131 00       		.byte	0
 988 0132 00       		.byte	0
 989              		.section	.debug_loc,"",%progbits
 990              	.Ldebug_loc0:
 991              	.LLST0:
 992 0000 00000000 		.4byte	.LFB56
 993 0004 02000000 		.4byte	.LCFI0
 994 0008 0200     		.2byte	0x2
 995 000a 7D       		.byte	0x7d
 996 000b 00       		.sleb128 0
 997 000c 02000000 		.4byte	.LCFI0
 998 0010 04000000 		.4byte	.LCFI1
 999 0014 0200     		.2byte	0x2
 1000 0016 7D       		.byte	0x7d
 1001 0017 04       		.sleb128 4
 1002 0018 04000000 		.4byte	.LCFI1
 1003 001c 18000000 		.4byte	.LFE56
 1004 0020 0200     		.2byte	0x2
 1005 0022 77       		.byte	0x77
 1006 0023 04       		.sleb128 4
 1007 0024 00000000 		.4byte	0
 1008 0028 00000000 		.4byte	0
 1009              	.LLST1:
 1010 002c 00000000 		.4byte	.LFB57
 1011 0030 02000000 		.4byte	.LCFI2
 1012 0034 0200     		.2byte	0x2
 1013 0036 7D       		.byte	0x7d
 1014 0037 00       		.sleb128 0
 1015 0038 02000000 		.4byte	.LCFI2
 1016 003c 04000000 		.4byte	.LCFI3
 1017 0040 0200     		.2byte	0x2
 1018 0042 7D       		.byte	0x7d
 1019 0043 08       		.sleb128 8
 1020 0044 04000000 		.4byte	.LCFI3
 1021 0048 6A000000 		.4byte	.LFE57
 1022 004c 0200     		.2byte	0x2
 1023 004e 77       		.byte	0x77
 1024 004f 08       		.sleb128 8
 1025 0050 00000000 		.4byte	0
 1026 0054 00000000 		.4byte	0
 1027              	.LLST2:
 1028 0058 00000000 		.4byte	.LFB58
 1029 005c 02000000 		.4byte	.LCFI4
 1030 0060 0200     		.2byte	0x2
 1031 0062 7D       		.byte	0x7d
 1032 0063 00       		.sleb128 0
 1033 0064 02000000 		.4byte	.LCFI4
 1034 0068 04000000 		.4byte	.LCFI5
 1035 006c 0200     		.2byte	0x2
 1036 006e 7D       		.byte	0x7d
 1037 006f 04       		.sleb128 4
ARM GAS  C:\Users\Martin\AppData\Local\Temp\ccwtL7Uk.s 			page 21


 1038 0070 04000000 		.4byte	.LCFI5
 1039 0074 06000000 		.4byte	.LCFI6
 1040 0078 0200     		.2byte	0x2
 1041 007a 7D       		.byte	0x7d
 1042 007b 18       		.sleb128 24
 1043 007c 06000000 		.4byte	.LCFI6
 1044 0080 90000000 		.4byte	.LFE58
 1045 0084 0200     		.2byte	0x2
 1046 0086 77       		.byte	0x77
 1047 0087 18       		.sleb128 24
 1048 0088 00000000 		.4byte	0
 1049 008c 00000000 		.4byte	0
 1050              	.LLST3:
 1051 0090 00000000 		.4byte	.LFB59
 1052 0094 02000000 		.4byte	.LCFI7
 1053 0098 0200     		.2byte	0x2
 1054 009a 7D       		.byte	0x7d
 1055 009b 00       		.sleb128 0
 1056 009c 02000000 		.4byte	.LCFI7
 1057 00a0 04000000 		.4byte	.LCFI8
 1058 00a4 0200     		.2byte	0x2
 1059 00a6 7D       		.byte	0x7d
 1060 00a7 08       		.sleb128 8
 1061 00a8 04000000 		.4byte	.LCFI8
 1062 00ac 06000000 		.4byte	.LCFI9
 1063 00b0 0200     		.2byte	0x2
 1064 00b2 7D       		.byte	0x7d
 1065 00b3 10       		.sleb128 16
 1066 00b4 06000000 		.4byte	.LCFI9
 1067 00b8 70010000 		.4byte	.LFE59
 1068 00bc 0200     		.2byte	0x2
 1069 00be 77       		.byte	0x77
 1070 00bf 10       		.sleb128 16
 1071 00c0 00000000 		.4byte	0
 1072 00c4 00000000 		.4byte	0
 1073              		.section	.debug_aranges,"",%progbits
 1074 0000 34000000 		.4byte	0x34
 1075 0004 0200     		.2byte	0x2
 1076 0006 00000000 		.4byte	.Ldebug_info0
 1077 000a 04       		.byte	0x4
 1078 000b 00       		.byte	0
 1079 000c 0000     		.2byte	0
 1080 000e 0000     		.2byte	0
 1081 0010 00000000 		.4byte	.LFB56
 1082 0014 18000000 		.4byte	.LFE56-.LFB56
 1083 0018 00000000 		.4byte	.LFB57
 1084 001c 6A000000 		.4byte	.LFE57-.LFB57
 1085 0020 00000000 		.4byte	.LFB58
 1086 0024 90000000 		.4byte	.LFE58-.LFB58
 1087 0028 00000000 		.4byte	.LFB59
 1088 002c 70010000 		.4byte	.LFE59-.LFB59
 1089 0030 00000000 		.4byte	0
 1090 0034 00000000 		.4byte	0
 1091              		.section	.debug_ranges,"",%progbits
 1092              	.Ldebug_ranges0:
 1093 0000 00000000 		.4byte	.LFB56
 1094 0004 18000000 		.4byte	.LFE56
ARM GAS  C:\Users\Martin\AppData\Local\Temp\ccwtL7Uk.s 			page 22


 1095 0008 00000000 		.4byte	.LFB57
 1096 000c 6A000000 		.4byte	.LFE57
 1097 0010 00000000 		.4byte	.LFB58
 1098 0014 90000000 		.4byte	.LFE58
 1099 0018 00000000 		.4byte	.LFB59
 1100 001c 70010000 		.4byte	.LFE59
 1101 0020 00000000 		.4byte	0
 1102 0024 00000000 		.4byte	0
 1103              		.section	.debug_line,"",%progbits
 1104              	.Ldebug_line0:
 1105 0000 76010000 		.section	.debug_str,"MS",%progbits,1
 1105      02000301 
 1105      00000201 
 1105      FB0E0D00 
 1105      01010101 
 1106              	.LASF33:
 1107 0000 2E5C746D 		.ascii	".\\tmr.c\000"
 1107      722E6300 
 1108              	.LASF31:
 1109 0008 4F6C6454 		.ascii	"OldTime\000"
 1109      696D6500 
 1110              	.LASF22:
 1111 0010 73746174 		.ascii	"status\000"
 1111      757300
 1112              	.LASF19:
 1113 0017 76616C75 		.ascii	"value\000"
 1113      6500
 1114              	.LASF18:
 1115 001d 636F756E 		.ascii	"count\000"
 1115      7400
 1116              	.LASF27:
 1117 0023 74696D65 		.ascii	"timediff\000"
 1117      64696666 
 1117      00
 1118              	.LASF30:
 1119 002c 4E657754 		.ascii	"NewTime\000"
 1119      696D6500 
 1120              	.LASF24:
 1121 0034 6E756D54 		.ascii	"numTimer\000"
 1121      696D6572 
 1121      00
 1122              	.LASF13:
 1123 003d 666C6F61 		.ascii	"float\000"
 1123      7400
 1124              	.LASF1:
 1125 0043 756E7369 		.ascii	"unsigned char\000"
 1125      676E6564 
 1125      20636861 
 1125      7200
 1126              	.LASF7:
 1127 0051 6C6F6E67 		.ascii	"long unsigned int\000"
 1127      20756E73 
 1127      69676E65 
 1127      6420696E 
 1127      7400
 1128              	.LASF3:
 1129 0063 73686F72 		.ascii	"short unsigned int\000"
ARM GAS  C:\Users\Martin\AppData\Local\Temp\ccwtL7Uk.s 			page 23


 1129      7420756E 
 1129      7369676E 
 1129      65642069 
 1129      6E7400
 1130              	.LASF36:
 1131 0076 6973725F 		.ascii	"isr_timer_routine\000"
 1131      74696D65 
 1131      725F726F 
 1131      7574696E 
 1131      6500
 1132              	.LASF38:
 1133 0088 49544D5F 		.ascii	"ITM_RxBuffer\000"
 1133      52784275 
 1133      66666572 
 1133      00
 1134              	.LASF26:
 1135 0095 544D525F 		.ascii	"TMR_HandleTask\000"
 1135      48616E64 
 1135      6C655461 
 1135      736B00
 1136              	.LASF14:
 1137 00a4 646F7562 		.ascii	"double\000"
 1137      6C6500
 1138              	.LASF20:
 1139 00ab 66756E63 		.ascii	"func\000"
 1139      00
 1140              	.LASF37:
 1141 00b0 544D525F 		.ascii	"TMR_Init\000"
 1141      496E6974 
 1141      00
 1142              	.LASF12:
 1143 00b9 75696E74 		.ascii	"uint32\000"
 1143      333200
 1144              	.LASF10:
 1145 00c0 756E7369 		.ascii	"unsigned int\000"
 1145      676E6564 
 1145      20696E74 
 1145      00
 1146              	.LASF17:
 1147 00cd 544D525F 		.ascii	"TMR_FUNC\000"
 1147      46554E43 
 1147      00
 1148              	.LASF9:
 1149 00d6 6C6F6E67 		.ascii	"long long unsigned int\000"
 1149      206C6F6E 
 1149      6720756E 
 1149      7369676E 
 1149      65642069 
 1150              	.LASF4:
 1151 00ed 75696E74 		.ascii	"uint8_t\000"
 1151      385F7400 
 1152              	.LASF23:
 1153 00f5 54494D45 		.ascii	"TIMER\000"
 1153      5200
 1154              	.LASF21:
 1155 00fb 6D6F6465 		.ascii	"mode\000"
 1155      00
ARM GAS  C:\Users\Martin\AppData\Local\Temp\ccwtL7Uk.s 			page 24


 1156              	.LASF29:
 1157 0100 54696D65 		.ascii	"Timer\000"
 1157      7200
 1158              	.LASF5:
 1159 0106 696E7433 		.ascii	"int32_t\000"
 1159      325F7400 
 1160              	.LASF16:
 1161 010e 73697A65 		.ascii	"sizetype\000"
 1161      74797065 
 1161      00
 1162              	.LASF35:
 1163 0117 5F74696D 		.ascii	"_timer\000"
 1163      657200
 1164              	.LASF8:
 1165 011e 6C6F6E67 		.ascii	"long long int\000"
 1165      206C6F6E 
 1165      6720696E 
 1165      7400
 1166              	.LASF34:
 1167 012c 583A5C72 		.ascii	"X:\\roboticscode\\trunk\\Servo\\SW\\ServoMotor\\Ser"
 1167      6F626F74 
 1167      69637363 
 1167      6F64655C 
 1167      7472756E 
 1168 0159 766F4D6F 		.ascii	"voMotor.cydsn\000"
 1168      746F722E 
 1168      63796473 
 1168      6E00
 1169              	.LASF28:
 1170 0167 54696D65 		.ascii	"TimerOverrun\000"
 1170      724F7665 
 1170      7272756E 
 1170      00
 1171              	.LASF15:
 1172 0174 63686172 		.ascii	"char\000"
 1172      00
 1173              	.LASF25:
 1174 0179 544D525F 		.ascii	"TMR_SetTimer\000"
 1174      53657454 
 1174      696D6572 
 1174      00
 1175              	.LASF2:
 1176 0186 73686F72 		.ascii	"short int\000"
 1176      7420696E 
 1176      7400
 1177              	.LASF11:
 1178 0190 75696E74 		.ascii	"uint8\000"
 1178      3800
 1179              	.LASF32:
 1180 0196 474E5520 		.ascii	"GNU C 4.7.3 20130312 (release) [ARM/embedded-4_7-br"
 1180      4320342E 
 1180      372E3320 
 1180      32303133 
 1180      30333132 
 1181 01c9 616E6368 		.ascii	"anch revision 196615]\000"
 1181      20726576 
 1181      6973696F 
ARM GAS  C:\Users\Martin\AppData\Local\Temp\ccwtL7Uk.s 			page 25


 1181      6E203139 
 1181      36363135 
 1182              	.LASF6:
 1183 01df 6C6F6E67 		.ascii	"long int\000"
 1183      20696E74 
 1183      00
 1184              	.LASF0:
 1185 01e8 7369676E 		.ascii	"signed char\000"
 1185      65642063 
 1185      68617200 
 1186              		.ident	"GCC: (GNU Tools for ARM Embedded Processors) 4.7.3 20130312 (release) [ARM/embedded-4_7-br
