ARM GAS  C:\Users\Martin\AppData\Local\Temp\ccjlQWOY.s 			page 1


   1              		.syntax unified
   2              		.cpu cortex-m3
   3              		.fpu softvfp
   4              		.eabi_attribute 20, 1
   5              		.eabi_attribute 21, 1
   6              		.eabi_attribute 23, 3
   7              		.eabi_attribute 24, 1
   8              		.eabi_attribute 25, 1
   9              		.eabi_attribute 26, 1
  10              		.eabi_attribute 30, 6
  11              		.eabi_attribute 18, 4
  12              		.thumb
  13              		.file	"bpl.c"
  14              		.section	.debug_abbrev,"",%progbits
  15              	.Ldebug_abbrev0:
  16              		.section	.debug_info,"",%progbits
  17              	.Ldebug_info0:
  18              		.section	.debug_line,"",%progbits
  19              	.Ldebug_line0:
  20 0000 E1010000 		.text
  20      02001C01 
  20      00000201 
  20      FB0E0D00 
  20      01010101 
  21              	.Ltext0:
  22              		.cfi_sections	.debug_frame
  23              		.bss
  24              		.align	2
  25              	BPL_aucReceiveBuffer:
  26 0000 00000000 		.space	256
  26      00000000 
  26      00000000 
  26      00000000 
  26      00000000 
  27              		.align	2
  28              	BPL_aucTransmitBuffer:
  29 0100 00000000 		.space	256
  29      00000000 
  29      00000000 
  29      00000000 
  29      00000000 
  30              	BPL_ucReceiveBufferIndex:
  31 0200 00       		.space	1
  32              	BPL_ucTransmitBufferIndex:
  33 0201 00       		.space	1
  34              	BPL_CDS5500_ucRxMessageCount:
  35 0202 00       		.space	1
  36 0203 00       		.section	.text.BPL_Init,"ax",%progbits
  37              		.align	2
  38              		.global	BPL_Init
  39              		.thumb
  40              		.thumb_func
  41              		.type	BPL_Init, %function
  42              	BPL_Init:
  43              	.LFB29:
  44              		.file 1 ".\\bpl.c"
   1:.\bpl.c       **** /* Copyright (C) <2014> <Martin Schalk>
ARM GAS  C:\Users\Martin\AppData\Local\Temp\ccjlQWOY.s 			page 2


   2:.\bpl.c       ****  * All rights reserved.
   3:.\bpl.c       ****  *
   4:.\bpl.c       ****  * This software may be modified and distributed under the terms
   5:.\bpl.c       ****  * of the BSD license.  See the LICENSE file for details.
   6:.\bpl.c       ****  */
   7:.\bpl.c       **** 
   8:.\bpl.c       **** 
   9:.\bpl.c       **** #include <project.h>
  10:.\bpl.c       **** #include "global.h"
  11:.\bpl.c       **** #include <stdio.h>
  12:.\bpl.c       **** 
  13:.\bpl.c       **** #include "hal.h"
  14:.\bpl.c       **** #include "bpl.h"
  15:.\bpl.c       **** #include "error.h"
  16:.\bpl.c       **** #include "ring_buffer.h"
  17:.\bpl.c       **** #include "servo_cds5500.h"
  18:.\bpl.c       **** 
  19:.\bpl.c       **** 
  20:.\bpl.c       **** // buffers
  21:.\bpl.c       **** static uint8_t 	BPL_aucReceiveBuffer[BPL_RX_BUFFER_SIZE];
  22:.\bpl.c       **** static uint8_t 	BPL_aucTransmitBuffer[BPL_TX_BUFFER_SIZE];
  23:.\bpl.c       **** 
  24:.\bpl.c       **** static uint8_t  BPL_ucReceiveBufferIndex;
  25:.\bpl.c       **** static uint8_t  BPL_ucTransmitBufferIndex;
  26:.\bpl.c       **** 
  27:.\bpl.c       **** static uint8_t  BPL_CDS5500_ucRxMessageCount = 0;
  28:.\bpl.c       **** /*
  29:.\bpl.c       **** static STATUS BplStatus = BPL_STATUS_OK;
  30:.\bpl.c       **** */
  31:.\bpl.c       **** 
  32:.\bpl.c       **** /*******************************************************/
  33:.\bpl.c       **** STATUS BPL_Init(void)
  34:.\bpl.c       **** {
  45              		.loc 1 34 0
  46              		.cfi_startproc
  47              		@ args = 0, pretend = 0, frame = 0
  48              		@ frame_needed = 1, uses_anonymous_args = 0
  49 0000 80B5     		push	{r7, lr}
  50              	.LCFI0:
  51              		.cfi_def_cfa_offset 8
  52 0002 00AF     		add	r7, sp, #0
  53              		.cfi_offset 14, -4
  54              		.cfi_offset 7, -8
  55              	.LCFI1:
  56              		.cfi_def_cfa_register 7
  35:.\bpl.c       ****     //register buffers as ring buffers
  36:.\bpl.c       ****     BPL_ucReceiveBufferIndex = RBF_ucRegisterBuffer(BPL_aucReceiveBuffer, BPL_RX_BUFFER_SIZE);
  57              		.loc 1 36 0
  58 0004 40F20000 		movw	r0, #:lower16:BPL_aucReceiveBuffer
  59 0008 C0F20000 		movt	r0, #:upper16:BPL_aucReceiveBuffer
  60 000c 4FF48071 		mov	r1, #256
  61 0010 FFF7FEFF 		bl	RBF_ucRegisterBuffer
  62 0014 0346     		mov	r3, r0
  63 0016 1A46     		mov	r2, r3
  64 0018 40F20003 		movw	r3, #:lower16:BPL_ucReceiveBufferIndex
  65 001c C0F20003 		movt	r3, #:upper16:BPL_ucReceiveBufferIndex
  66 0020 1A70     		strb	r2, [r3, #0]
ARM GAS  C:\Users\Martin\AppData\Local\Temp\ccjlQWOY.s 			page 3


  37:.\bpl.c       ****     BPL_ucTransmitBufferIndex = RBF_ucRegisterBuffer(BPL_aucTransmitBuffer, BPL_TX_BUFFER_SIZE);
  67              		.loc 1 37 0
  68 0022 40F20000 		movw	r0, #:lower16:BPL_aucTransmitBuffer
  69 0026 C0F20000 		movt	r0, #:upper16:BPL_aucTransmitBuffer
  70 002a 4FF48071 		mov	r1, #256
  71 002e FFF7FEFF 		bl	RBF_ucRegisterBuffer
  72 0032 0346     		mov	r3, r0
  73 0034 1A46     		mov	r2, r3
  74 0036 40F20003 		movw	r3, #:lower16:BPL_ucTransmitBufferIndex
  75 003a C0F20003 		movt	r3, #:upper16:BPL_ucTransmitBufferIndex
  76 003e 1A70     		strb	r2, [r3, #0]
  38:.\bpl.c       ****     
  39:.\bpl.c       ****     return SUCCESS;	
  77              		.loc 1 39 0
  78 0040 4FF00003 		mov	r3, #0
  40:.\bpl.c       **** }
  79              		.loc 1 40 0
  80 0044 1846     		mov	r0, r3
  81 0046 80BD     		pop	{r7, pc}
  82              		.cfi_endproc
  83              	.LFE29:
  84              		.size	BPL_Init, .-BPL_Init
  85              		.section	.text.BPL_CDS5500_ucGetRxMessageCount,"ax",%progbits
  86              		.align	2
  87              		.global	BPL_CDS5500_ucGetRxMessageCount
  88              		.thumb
  89              		.thumb_func
  90              		.type	BPL_CDS5500_ucGetRxMessageCount, %function
  91              	BPL_CDS5500_ucGetRxMessageCount:
  92              	.LFB30:
  41:.\bpl.c       **** 
  42:.\bpl.c       **** /*******************************************************/
  43:.\bpl.c       **** uint8_t BPL_CDS5500_ucGetRxMessageCount(void)
  44:.\bpl.c       **** {
  93              		.loc 1 44 0
  94              		.cfi_startproc
  95              		@ args = 0, pretend = 0, frame = 0
  96              		@ frame_needed = 1, uses_anonymous_args = 0
  97              		@ link register save eliminated.
  98 0000 80B4     		push	{r7}
  99              	.LCFI2:
 100              		.cfi_def_cfa_offset 4
 101 0002 00AF     		add	r7, sp, #0
 102              		.cfi_offset 7, -4
 103              	.LCFI3:
 104              		.cfi_def_cfa_register 7
  45:.\bpl.c       ****     return BPL_CDS5500_ucRxMessageCount;
 105              		.loc 1 45 0
 106 0004 40F20003 		movw	r3, #:lower16:BPL_CDS5500_ucRxMessageCount
 107 0008 C0F20003 		movt	r3, #:upper16:BPL_CDS5500_ucRxMessageCount
 108 000c 1B78     		ldrb	r3, [r3, #0]	@ zero_extendqisi2
  46:.\bpl.c       **** }
 109              		.loc 1 46 0
 110 000e 1846     		mov	r0, r3
 111 0010 BD46     		mov	sp, r7
 112 0012 80BC     		pop	{r7}
 113 0014 7047     		bx	lr
ARM GAS  C:\Users\Martin\AppData\Local\Temp\ccjlQWOY.s 			page 4


 114              		.cfi_endproc
 115              	.LFE30:
 116              		.size	BPL_CDS5500_ucGetRxMessageCount, .-BPL_CDS5500_ucGetRxMessageCount
 117 0016 00BF     		.section	.text.BPL_CDS5500_ucSetRxMessageCount,"ax",%progbits
 118              		.align	2
 119              		.global	BPL_CDS5500_ucSetRxMessageCount
 120              		.thumb
 121              		.thumb_func
 122              		.type	BPL_CDS5500_ucSetRxMessageCount, %function
 123              	BPL_CDS5500_ucSetRxMessageCount:
 124              	.LFB31:
  47:.\bpl.c       **** 
  48:.\bpl.c       **** /*******************************************************/
  49:.\bpl.c       **** void BPL_CDS5500_ucSetRxMessageCount(uint8_t ucVal)
  50:.\bpl.c       **** {
 125              		.loc 1 50 0
 126              		.cfi_startproc
 127              		@ args = 0, pretend = 0, frame = 8
 128              		@ frame_needed = 1, uses_anonymous_args = 0
 129              		@ link register save eliminated.
 130 0000 80B4     		push	{r7}
 131              	.LCFI4:
 132              		.cfi_def_cfa_offset 4
 133 0002 83B0     		sub	sp, sp, #12
 134              	.LCFI5:
 135              		.cfi_def_cfa_offset 16
 136 0004 00AF     		add	r7, sp, #0
 137              		.cfi_offset 7, -4
 138              	.LCFI6:
 139              		.cfi_def_cfa_register 7
 140 0006 0346     		mov	r3, r0
 141 0008 FB71     		strb	r3, [r7, #7]
  51:.\bpl.c       ****     BPL_CDS5500_ucRxMessageCount = ucVal;
 142              		.loc 1 51 0
 143 000a 40F20003 		movw	r3, #:lower16:BPL_CDS5500_ucRxMessageCount
 144 000e C0F20003 		movt	r3, #:upper16:BPL_CDS5500_ucRxMessageCount
 145 0012 FA79     		ldrb	r2, [r7, #7]
 146 0014 1A70     		strb	r2, [r3, #0]
  52:.\bpl.c       **** }
 147              		.loc 1 52 0
 148 0016 07F10C07 		add	r7, r7, #12
 149 001a BD46     		mov	sp, r7
 150 001c 80BC     		pop	{r7}
 151 001e 7047     		bx	lr
 152              		.cfi_endproc
 153              	.LFE31:
 154              		.size	BPL_CDS5500_ucSetRxMessageCount, .-BPL_CDS5500_ucSetRxMessageCount
 155              		.section	.text.BPL_GetReceiveMsgCount,"ax",%progbits
 156              		.align	2
 157              		.global	BPL_GetReceiveMsgCount
 158              		.thumb
 159              		.thumb_func
 160              		.type	BPL_GetReceiveMsgCount, %function
 161              	BPL_GetReceiveMsgCount:
 162              	.LFB32:
  53:.\bpl.c       **** 
  54:.\bpl.c       **** /*******************************************************/
ARM GAS  C:\Users\Martin\AppData\Local\Temp\ccjlQWOY.s 			page 5


  55:.\bpl.c       **** uint8 BPL_GetReceiveMsgCount(void)
  56:.\bpl.c       **** {
 163              		.loc 1 56 0
 164              		.cfi_startproc
 165              		@ args = 0, pretend = 0, frame = 0
 166              		@ frame_needed = 1, uses_anonymous_args = 0
 167 0000 80B5     		push	{r7, lr}
 168              	.LCFI7:
 169              		.cfi_def_cfa_offset 8
 170 0002 00AF     		add	r7, sp, #0
 171              		.cfi_offset 14, -4
 172              		.cfi_offset 7, -8
 173              	.LCFI8:
 174              		.cfi_def_cfa_register 7
  57:.\bpl.c       ****     return RBF_ucGetByteCount(BPL_ucReceiveBufferIndex);
 175              		.loc 1 57 0
 176 0004 40F20003 		movw	r3, #:lower16:BPL_ucReceiveBufferIndex
 177 0008 C0F20003 		movt	r3, #:upper16:BPL_ucReceiveBufferIndex
 178 000c 1B78     		ldrb	r3, [r3, #0]	@ zero_extendqisi2
 179 000e 1846     		mov	r0, r3
 180 0010 FFF7FEFF 		bl	RBF_ucGetByteCount
 181 0014 0346     		mov	r3, r0
  58:.\bpl.c       **** }
 182              		.loc 1 58 0
 183 0016 1846     		mov	r0, r3
 184 0018 80BD     		pop	{r7, pc}
 185              		.cfi_endproc
 186              	.LFE32:
 187              		.size	BPL_GetReceiveMsgCount, .-BPL_GetReceiveMsgCount
 188 001a 00BF     		.section	.text.BPL_GetMessage,"ax",%progbits
 189              		.align	2
 190              		.global	BPL_GetMessage
 191              		.thumb
 192              		.thumb_func
 193              		.type	BPL_GetMessage, %function
 194              	BPL_GetMessage:
 195              	.LFB33:
  59:.\bpl.c       **** 
  60:.\bpl.c       **** /*******************************************************/
  61:.\bpl.c       **** uint8 BPL_GetMessage(uint8* target)
  62:.\bpl.c       **** {
 196              		.loc 1 62 0
 197              		.cfi_startproc
 198              		@ args = 0, pretend = 0, frame = 16
 199              		@ frame_needed = 1, uses_anonymous_args = 0
 200 0000 80B5     		push	{r7, lr}
 201              	.LCFI9:
 202              		.cfi_def_cfa_offset 8
 203 0002 84B0     		sub	sp, sp, #16
 204              	.LCFI10:
 205              		.cfi_def_cfa_offset 24
 206 0004 00AF     		add	r7, sp, #0
 207              		.cfi_offset 14, -4
 208              		.cfi_offset 7, -8
 209              	.LCFI11:
 210              		.cfi_def_cfa_register 7
 211 0006 7860     		str	r0, [r7, #4]
ARM GAS  C:\Users\Martin\AppData\Local\Temp\ccjlQWOY.s 			page 6


  63:.\bpl.c       ****     STATUS rbfStatus;
  64:.\bpl.c       ****     uint8_t ucNumBytes;
  65:.\bpl.c       ****     
  66:.\bpl.c       ****     if (RBF_ucGetMsgCount(BPL_ucReceiveBufferIndex) == 0)
 212              		.loc 1 66 0
 213 0008 40F20003 		movw	r3, #:lower16:BPL_ucReceiveBufferIndex
 214 000c C0F20003 		movt	r3, #:upper16:BPL_ucReceiveBufferIndex
 215 0010 1B78     		ldrb	r3, [r3, #0]	@ zero_extendqisi2
 216 0012 1846     		mov	r0, r3
 217 0014 FFF7FEFF 		bl	RBF_ucGetMsgCount
 218 0018 0346     		mov	r3, r0
 219 001a 002B     		cmp	r3, #0
 220 001c 02D1     		bne	.L10
  67:.\bpl.c       ****         return 0;
 221              		.loc 1 67 0
 222 001e 4FF00003 		mov	r3, #0
 223 0022 0EE0     		b	.L11
 224              	.L10:
  68:.\bpl.c       ****     
  69:.\bpl.c       ****     rbfStatus = RBF_ucTailMsgOut(BPL_ucReceiveBufferIndex, target, &ucNumBytes);
 225              		.loc 1 69 0
 226 0024 40F20003 		movw	r3, #:lower16:BPL_ucReceiveBufferIndex
 227 0028 C0F20003 		movt	r3, #:upper16:BPL_ucReceiveBufferIndex
 228 002c 1A78     		ldrb	r2, [r3, #0]	@ zero_extendqisi2
 229 002e 07F10E03 		add	r3, r7, #14
 230 0032 1046     		mov	r0, r2
 231 0034 7968     		ldr	r1, [r7, #4]
 232 0036 1A46     		mov	r2, r3
 233 0038 FFF7FEFF 		bl	RBF_ucTailMsgOut
 234 003c 0346     		mov	r3, r0
 235 003e FB73     		strb	r3, [r7, #15]
  70:.\bpl.c       ****     
  71:.\bpl.c       ****     return ucNumBytes;
 236              		.loc 1 71 0
 237 0040 BB7B     		ldrb	r3, [r7, #14]	@ zero_extendqisi2
 238              	.L11:
  72:.\bpl.c       **** }
 239              		.loc 1 72 0
 240 0042 1846     		mov	r0, r3
 241 0044 07F11007 		add	r7, r7, #16
 242 0048 BD46     		mov	sp, r7
 243 004a 80BD     		pop	{r7, pc}
 244              		.cfi_endproc
 245              	.LFE33:
 246              		.size	BPL_GetMessage, .-BPL_GetMessage
 247              		.section	.text.BPL_CDS5500_GetResponse,"ax",%progbits
 248              		.align	2
 249              		.global	BPL_CDS5500_GetResponse
 250              		.thumb
 251              		.thumb_func
 252              		.type	BPL_CDS5500_GetResponse, %function
 253              	BPL_CDS5500_GetResponse:
 254              	.LFB34:
  73:.\bpl.c       **** 
  74:.\bpl.c       **** /*******************************************************/
  75:.\bpl.c       **** /**
  76:.\bpl.c       **** Status packet:
ARM GAS  C:\Users\Martin\AppData\Local\Temp\ccjlQWOY.s 			page 7


  77:.\bpl.c       **** | 0XFF | 0XFF | ID | Length | Status | Parameter1 ...Parameter N | Check Sum | 
  78:.\bpl.c       **** */
  79:.\bpl.c       **** STATUS BPL_CDS5500_GetResponse(CDS5500_MSG* targetAddr)
  80:.\bpl.c       **** {
 255              		.loc 1 80 0
 256              		.cfi_startproc
 257              		@ args = 0, pretend = 0, frame = 32
 258              		@ frame_needed = 1, uses_anonymous_args = 0
 259 0000 80B5     		push	{r7, lr}
 260              	.LCFI12:
 261              		.cfi_def_cfa_offset 8
 262 0002 88B0     		sub	sp, sp, #32
 263              	.LCFI13:
 264              		.cfi_def_cfa_offset 40
 265 0004 00AF     		add	r7, sp, #0
 266              		.cfi_offset 14, -4
 267              		.cfi_offset 7, -8
 268              	.LCFI14:
 269              		.cfi_def_cfa_register 7
 270 0006 7860     		str	r0, [r7, #4]
  81:.\bpl.c       ****     STATUS rbfStatus, bplStatus;
  82:.\bpl.c       ****     CDS5500_MSG msg;
  83:.\bpl.c       ****     uint8_t ucTempChecksum;
  84:.\bpl.c       ****     uint8_t ucNumBytes = RBF_ucGetByteCount(BPL_ucReceiveBufferIndex);
 271              		.loc 1 84 0
 272 0008 40F20003 		movw	r3, #:lower16:BPL_ucReceiveBufferIndex
 273 000c C0F20003 		movt	r3, #:upper16:BPL_ucReceiveBufferIndex
 274 0010 1B78     		ldrb	r3, [r3, #0]	@ zero_extendqisi2
 275 0012 1846     		mov	r0, r3
 276 0014 FFF7FEFF 		bl	RBF_ucGetByteCount
 277 0018 0346     		mov	r3, r0
 278 001a FB76     		strb	r3, [r7, #27]
  85:.\bpl.c       ****     int i;
  86:.\bpl.c       ****     
  87:.\bpl.c       ****     // First check if any bytes received
  88:.\bpl.c       ****     if ((ucNumBytes == 0) || (ucNumBytes < CDS5500_STATUS_PACKET_MIN_LENGTH))
 279              		.loc 1 88 0
 280 001c FB7E     		ldrb	r3, [r7, #27]	@ zero_extendqisi2
 281 001e 002B     		cmp	r3, #0
 282 0020 02D0     		beq	.L14
 283 0022 FB7E     		ldrb	r3, [r7, #27]	@ zero_extendqisi2
 284 0024 052B     		cmp	r3, #5
 285 0026 02D8     		bhi	.L15
 286              	.L14:
  89:.\bpl.c       ****         return BPL_STATUS_RX_ERROR;
 287              		.loc 1 89 0
 288 0028 4FF0FC03 		mov	r3, #252
 289 002c C3E0     		b	.L16
 290              	.L15:
  90:.\bpl.c       ****     
  91:.\bpl.c       ****     rbfStatus = RBF_ucTailByteOut(BPL_ucReceiveBufferIndex, &(msg.startbyte0)); //FF
 291              		.loc 1 91 0
 292 002e 40F20003 		movw	r3, #:lower16:BPL_ucReceiveBufferIndex
 293 0032 C0F20003 		movt	r3, #:upper16:BPL_ucReceiveBufferIndex
 294 0036 1A78     		ldrb	r2, [r3, #0]	@ zero_extendqisi2
 295 0038 07F10803 		add	r3, r7, #8
 296 003c 1046     		mov	r0, r2
ARM GAS  C:\Users\Martin\AppData\Local\Temp\ccjlQWOY.s 			page 8


 297 003e 1946     		mov	r1, r3
 298 0040 FFF7FEFF 		bl	RBF_ucTailByteOut
 299 0044 0346     		mov	r3, r0
 300 0046 3B76     		strb	r3, [r7, #24]
  92:.\bpl.c       ****     rbfStatus = RBF_ucTailByteOut(BPL_ucReceiveBufferIndex, &(msg.startbyte1)); //FF
 301              		.loc 1 92 0
 302 0048 40F20003 		movw	r3, #:lower16:BPL_ucReceiveBufferIndex
 303 004c C0F20003 		movt	r3, #:upper16:BPL_ucReceiveBufferIndex
 304 0050 1A78     		ldrb	r2, [r3, #0]	@ zero_extendqisi2
 305 0052 07F10803 		add	r3, r7, #8
 306 0056 03F10103 		add	r3, r3, #1
 307 005a 1046     		mov	r0, r2
 308 005c 1946     		mov	r1, r3
 309 005e FFF7FEFF 		bl	RBF_ucTailByteOut
 310 0062 0346     		mov	r3, r0
 311 0064 3B76     		strb	r3, [r7, #24]
  93:.\bpl.c       ****     rbfStatus = RBF_ucTailByteOut(BPL_ucReceiveBufferIndex, &(msg.motorId));    //ID
 312              		.loc 1 93 0
 313 0066 40F20003 		movw	r3, #:lower16:BPL_ucReceiveBufferIndex
 314 006a C0F20003 		movt	r3, #:upper16:BPL_ucReceiveBufferIndex
 315 006e 1A78     		ldrb	r2, [r3, #0]	@ zero_extendqisi2
 316 0070 07F10803 		add	r3, r7, #8
 317 0074 03F10203 		add	r3, r3, #2
 318 0078 1046     		mov	r0, r2
 319 007a 1946     		mov	r1, r3
 320 007c FFF7FEFF 		bl	RBF_ucTailByteOut
 321 0080 0346     		mov	r3, r0
 322 0082 3B76     		strb	r3, [r7, #24]
  94:.\bpl.c       ****     rbfStatus = RBF_ucTailByteOut(BPL_ucReceiveBufferIndex, &(msg.length));     //Length
 323              		.loc 1 94 0
 324 0084 40F20003 		movw	r3, #:lower16:BPL_ucReceiveBufferIndex
 325 0088 C0F20003 		movt	r3, #:upper16:BPL_ucReceiveBufferIndex
 326 008c 1A78     		ldrb	r2, [r3, #0]	@ zero_extendqisi2
 327 008e 07F10803 		add	r3, r7, #8
 328 0092 03F10303 		add	r3, r3, #3
 329 0096 1046     		mov	r0, r2
 330 0098 1946     		mov	r1, r3
 331 009a FFF7FEFF 		bl	RBF_ucTailByteOut
 332 009e 0346     		mov	r3, r0
 333 00a0 3B76     		strb	r3, [r7, #24]
  95:.\bpl.c       ****     rbfStatus = RBF_ucTailByteOut(BPL_ucReceiveBufferIndex, &(msg.instrId));    //Status
 334              		.loc 1 95 0
 335 00a2 40F20003 		movw	r3, #:lower16:BPL_ucReceiveBufferIndex
 336 00a6 C0F20003 		movt	r3, #:upper16:BPL_ucReceiveBufferIndex
 337 00aa 1A78     		ldrb	r2, [r3, #0]	@ zero_extendqisi2
 338 00ac 07F10803 		add	r3, r7, #8
 339 00b0 03F10403 		add	r3, r3, #4
 340 00b4 1046     		mov	r0, r2
 341 00b6 1946     		mov	r1, r3
 342 00b8 FFF7FEFF 		bl	RBF_ucTailByteOut
 343 00bc 0346     		mov	r3, r0
 344 00be 3B76     		strb	r3, [r7, #24]
  96:.\bpl.c       ****     
  97:.\bpl.c       ****     for (i=0; i<msg.length-CDS5500_COMPLEMENTARY_BYTES; i++)
 345              		.loc 1 97 0
 346 00c0 4FF00003 		mov	r3, #0
 347 00c4 FB61     		str	r3, [r7, #28]
ARM GAS  C:\Users\Martin\AppData\Local\Temp\ccjlQWOY.s 			page 9


 348 00c6 14E0     		b	.L17
 349              	.L18:
  98:.\bpl.c       ****     {
  99:.\bpl.c       ****         rbfStatus = RBF_ucTailByteOut(BPL_ucReceiveBufferIndex, &(msg.instrParams[i]));    //Parame
 350              		.loc 1 99 0
 351 00c8 40F20003 		movw	r3, #:lower16:BPL_ucReceiveBufferIndex
 352 00cc C0F20003 		movt	r3, #:upper16:BPL_ucReceiveBufferIndex
 353 00d0 1A78     		ldrb	r2, [r3, #0]	@ zero_extendqisi2
 354 00d2 F969     		ldr	r1, [r7, #28]
 355 00d4 07F10803 		add	r3, r7, #8
 356 00d8 03F10503 		add	r3, r3, #5
 357 00dc 0B44     		add	r3, r3, r1
 358 00de 1046     		mov	r0, r2
 359 00e0 1946     		mov	r1, r3
 360 00e2 FFF7FEFF 		bl	RBF_ucTailByteOut
 361 00e6 0346     		mov	r3, r0
 362 00e8 3B76     		strb	r3, [r7, #24]
 363              		.loc 1 97 0
 364 00ea FB69     		ldr	r3, [r7, #28]
 365 00ec 03F10103 		add	r3, r3, #1
 366 00f0 FB61     		str	r3, [r7, #28]
 367              	.L17:
 368 00f2 FB7A     		ldrb	r3, [r7, #11]	@ zero_extendqisi2
 369 00f4 A3F10202 		sub	r2, r3, #2
 370 00f8 FB69     		ldr	r3, [r7, #28]
 371 00fa 9A42     		cmp	r2, r3
 372 00fc E4DC     		bgt	.L18
 100:.\bpl.c       ****     }
 101:.\bpl.c       ****     
 102:.\bpl.c       ****     rbfStatus = RBF_ucTailByteOut(BPL_ucReceiveBufferIndex, &(msg.checksum));    //checksum
 373              		.loc 1 102 0
 374 00fe 40F20003 		movw	r3, #:lower16:BPL_ucReceiveBufferIndex
 375 0102 C0F20003 		movt	r3, #:upper16:BPL_ucReceiveBufferIndex
 376 0106 1A78     		ldrb	r2, [r3, #0]	@ zero_extendqisi2
 377 0108 07F10803 		add	r3, r7, #8
 378 010c 03F10D03 		add	r3, r3, #13
 379 0110 1046     		mov	r0, r2
 380 0112 1946     		mov	r1, r3
 381 0114 FFF7FEFF 		bl	RBF_ucTailByteOut
 382 0118 0346     		mov	r3, r0
 383 011a 3B76     		strb	r3, [r7, #24]
 103:.\bpl.c       ****     
 104:.\bpl.c       ****     ucTempChecksum = CDS5500_GetChecksum(&msg);
 384              		.loc 1 104 0
 385 011c 07F10803 		add	r3, r7, #8
 386 0120 1846     		mov	r0, r3
 387 0122 FFF7FEFF 		bl	CDS5500_GetChecksum
 388 0126 0346     		mov	r3, r0
 389 0128 BB76     		strb	r3, [r7, #26]
 105:.\bpl.c       ****         
 106:.\bpl.c       ****     if (rbfStatus != RBF_SUCCESS)
 390              		.loc 1 106 0
 391 012a 3B7E     		ldrb	r3, [r7, #24]	@ zero_extendqisi2
 392 012c 002B     		cmp	r3, #0
 393 012e 1ED0     		beq	.L19
 107:.\bpl.c       ****     {
 108:.\bpl.c       ****         //better clear whole buffer now, something went wrong ...
ARM GAS  C:\Users\Martin\AppData\Local\Temp\ccjlQWOY.s 			page 10


 109:.\bpl.c       ****         rbfStatus = RBF_ucClearBuffer(BPL_ucReceiveBufferIndex);
 394              		.loc 1 109 0
 395 0130 40F20003 		movw	r3, #:lower16:BPL_ucReceiveBufferIndex
 396 0134 C0F20003 		movt	r3, #:upper16:BPL_ucReceiveBufferIndex
 397 0138 1B78     		ldrb	r3, [r3, #0]	@ zero_extendqisi2
 398 013a 1846     		mov	r0, r3
 399 013c FFF7FEFF 		bl	RBF_ucClearBuffer
 400 0140 0346     		mov	r3, r0
 401 0142 3B76     		strb	r3, [r7, #24]
 110:.\bpl.c       ****         BPL_CDS5500_ucRxMessageCount--;
 402              		.loc 1 110 0
 403 0144 40F20003 		movw	r3, #:lower16:BPL_CDS5500_ucRxMessageCount
 404 0148 C0F20003 		movt	r3, #:upper16:BPL_CDS5500_ucRxMessageCount
 405 014c 1B78     		ldrb	r3, [r3, #0]	@ zero_extendqisi2
 406 014e 03F1FF33 		add	r3, r3, #-1
 407 0152 DAB2     		uxtb	r2, r3
 408 0154 40F20003 		movw	r3, #:lower16:BPL_CDS5500_ucRxMessageCount
 409 0158 C0F20003 		movt	r3, #:upper16:BPL_CDS5500_ucRxMessageCount
 410 015c 1A70     		strb	r2, [r3, #0]
 111:.\bpl.c       ****         ERR_Error(ERROR_WARNING);
 411              		.loc 1 111 0
 412 015e 4FF0FD00 		mov	r0, #253
 413 0162 FFF7FEFF 		bl	ERR_Error
 112:.\bpl.c       ****         bplStatus = !SUCCESS;
 414              		.loc 1 112 0
 415 0166 4FF00103 		mov	r3, #1
 416 016a 7B76     		strb	r3, [r7, #25]
 417 016c 22E0     		b	.L20
 418              	.L19:
 113:.\bpl.c       ****     }
 114:.\bpl.c       ****     else 
 115:.\bpl.c       ****     {
 116:.\bpl.c       ****         // decrease message count
 117:.\bpl.c       ****         BPL_CDS5500_ucRxMessageCount--;
 419              		.loc 1 117 0
 420 016e 40F20003 		movw	r3, #:lower16:BPL_CDS5500_ucRxMessageCount
 421 0172 C0F20003 		movt	r3, #:upper16:BPL_CDS5500_ucRxMessageCount
 422 0176 1B78     		ldrb	r3, [r3, #0]	@ zero_extendqisi2
 423 0178 03F1FF33 		add	r3, r3, #-1
 424 017c DAB2     		uxtb	r2, r3
 425 017e 40F20003 		movw	r3, #:lower16:BPL_CDS5500_ucRxMessageCount
 426 0182 C0F20003 		movt	r3, #:upper16:BPL_CDS5500_ucRxMessageCount
 427 0186 1A70     		strb	r2, [r3, #0]
 118:.\bpl.c       ****         
 119:.\bpl.c       ****         *targetAddr = msg;
 428              		.loc 1 119 0
 429 0188 7B68     		ldr	r3, [r7, #4]
 430 018a 1946     		mov	r1, r3
 431 018c 07F10802 		add	r2, r7, #8
 432 0190 4FF00E03 		mov	r3, #14
 433 0194 0846     		mov	r0, r1
 434 0196 1146     		mov	r1, r2
 435 0198 1A46     		mov	r2, r3
 436 019a FFF7FEFF 		bl	memcpy
 120:.\bpl.c       ****         
 121:.\bpl.c       ****         if (ucTempChecksum == msg.checksum)
 437              		.loc 1 121 0
ARM GAS  C:\Users\Martin\AppData\Local\Temp\ccjlQWOY.s 			page 11


 438 019e 7B7D     		ldrb	r3, [r7, #21]	@ zero_extendqisi2
 439 01a0 BA7E     		ldrb	r2, [r7, #26]	@ zero_extendqisi2
 440 01a2 9A42     		cmp	r2, r3
 441 01a4 03D1     		bne	.L21
 122:.\bpl.c       ****         {
 123:.\bpl.c       ****             bplStatus = BPL_SUCCESS;
 442              		.loc 1 123 0
 443 01a6 4FF00003 		mov	r3, #0
 444 01aa 7B76     		strb	r3, [r7, #25]
 445 01ac 02E0     		b	.L20
 446              	.L21:
 124:.\bpl.c       ****         }
 125:.\bpl.c       ****         else
 126:.\bpl.c       ****         {
 127:.\bpl.c       ****             bplStatus = BPL_STATUS_RX_ERROR; // wrong checksum
 447              		.loc 1 127 0
 448 01ae 6FF00303 		mvn	r3, #3
 449 01b2 7B76     		strb	r3, [r7, #25]
 450              	.L20:
 128:.\bpl.c       ****         }
 129:.\bpl.c       ****     }
 130:.\bpl.c       ****    
 131:.\bpl.c       ****     
 132:.\bpl.c       ****     return bplStatus;
 451              		.loc 1 132 0
 452 01b4 7B7E     		ldrb	r3, [r7, #25]	@ zero_extendqisi2
 453              	.L16:
 133:.\bpl.c       **** }
 454              		.loc 1 133 0
 455 01b6 1846     		mov	r0, r3
 456 01b8 07F12007 		add	r7, r7, #32
 457 01bc BD46     		mov	sp, r7
 458 01be 80BD     		pop	{r7, pc}
 459              		.cfi_endproc
 460              	.LFE34:
 461              		.size	BPL_CDS5500_GetResponse, .-BPL_CDS5500_GetResponse
 462              		.section	.text.BPL_TransmitMessage,"ax",%progbits
 463              		.align	2
 464              		.global	BPL_TransmitMessage
 465              		.thumb
 466              		.thumb_func
 467              		.type	BPL_TransmitMessage, %function
 468              	BPL_TransmitMessage:
 469              	.LFB35:
 134:.\bpl.c       **** 
 135:.\bpl.c       **** /*******************************************************/
 136:.\bpl.c       **** /**
 137:.\bpl.c       ****     Example:    Transmit servo message "CDS5500_INST_PING"
 138:.\bpl.c       ****     
 139:.\bpl.c       ****         BAL message                              BPL message:
 140:.\bpl.c       ****         
 141:.\bpl.c       ****         SB0  SB1  MID  LEN  INID PAR CHKS        LEN  SRC                           LEN
 142:.\bpl.c       ****         ---------------------------------   ==>  ---------------------------------------
 143:.\bpl.c       ****         0xFF 0xFF 0x01 0x02 0x01 -   0xFB        0x06 0xFF 0xFF 0x01 0x02 0x01 0xFB 0x06
 144:.\bpl.c       ****     
 145:.\bpl.c       ****         -> msgLength = 6
 146:.\bpl.c       **** */
ARM GAS  C:\Users\Martin\AppData\Local\Temp\ccjlQWOY.s 			page 12


 147:.\bpl.c       **** STATUS BPL_TransmitMessage(uint8* source, uint8 msgLength)
 148:.\bpl.c       **** {
 470              		.loc 1 148 0
 471              		.cfi_startproc
 472              		@ args = 0, pretend = 0, frame = 16
 473              		@ frame_needed = 1, uses_anonymous_args = 0
 474 0000 80B5     		push	{r7, lr}
 475              	.LCFI15:
 476              		.cfi_def_cfa_offset 8
 477 0002 84B0     		sub	sp, sp, #16
 478              	.LCFI16:
 479              		.cfi_def_cfa_offset 24
 480 0004 00AF     		add	r7, sp, #0
 481              		.cfi_offset 14, -4
 482              		.cfi_offset 7, -8
 483              	.LCFI17:
 484              		.cfi_def_cfa_register 7
 485 0006 7860     		str	r0, [r7, #4]
 486 0008 0B46     		mov	r3, r1
 487 000a FB70     		strb	r3, [r7, #3]
 149:.\bpl.c       ****     STATUS rbfStatus;
 150:.\bpl.c       ****     
 151:.\bpl.c       ****     // read message into ring buffer
 152:.\bpl.c       ****     rbfStatus = RBF_ucMsgIn(BPL_ucTransmitBufferIndex, source, msgLength);
 488              		.loc 1 152 0
 489 000c 40F20003 		movw	r3, #:lower16:BPL_ucTransmitBufferIndex
 490 0010 C0F20003 		movt	r3, #:upper16:BPL_ucTransmitBufferIndex
 491 0014 1A78     		ldrb	r2, [r3, #0]	@ zero_extendqisi2
 492 0016 FB78     		ldrb	r3, [r7, #3]	@ zero_extendqisi2
 493 0018 1046     		mov	r0, r2
 494 001a 7968     		ldr	r1, [r7, #4]
 495 001c 1A46     		mov	r2, r3
 496 001e FFF7FEFF 		bl	RBF_ucMsgIn
 497 0022 0346     		mov	r3, r0
 498 0024 FB73     		strb	r3, [r7, #15]
 153:.\bpl.c       **** 
 154:.\bpl.c       ****     return rbfStatus;	
 499              		.loc 1 154 0
 500 0026 FB7B     		ldrb	r3, [r7, #15]	@ zero_extendqisi2
 155:.\bpl.c       **** }
 501              		.loc 1 155 0
 502 0028 1846     		mov	r0, r3
 503 002a 07F11007 		add	r7, r7, #16
 504 002e BD46     		mov	sp, r7
 505 0030 80BD     		pop	{r7, pc}
 506              		.cfi_endproc
 507              	.LFE35:
 508              		.size	BPL_TransmitMessage, .-BPL_TransmitMessage
 509 0032 00BF     		.section	.text.BPL_HandleTask,"ax",%progbits
 510              		.align	2
 511              		.global	BPL_HandleTask
 512              		.thumb
 513              		.thumb_func
 514              		.type	BPL_HandleTask, %function
 515              	BPL_HandleTask:
 516              	.LFB36:
 156:.\bpl.c       **** 
ARM GAS  C:\Users\Martin\AppData\Local\Temp\ccjlQWOY.s 			page 13


 157:.\bpl.c       **** /*******************************************************/
 158:.\bpl.c       **** STATUS BPL_HandleTask(void)
 159:.\bpl.c       **** {
 517              		.loc 1 159 0
 518              		.cfi_startproc
 519              		@ args = 0, pretend = 0, frame = 40
 520              		@ frame_needed = 1, uses_anonymous_args = 0
 521 0000 80B5     		push	{r7, lr}
 522              	.LCFI18:
 523              		.cfi_def_cfa_offset 8
 524 0002 8AB0     		sub	sp, sp, #40
 525              	.LCFI19:
 526              		.cfi_def_cfa_offset 48
 527 0004 00AF     		add	r7, sp, #0
 528              		.cfi_offset 14, -4
 529              		.cfi_offset 7, -8
 530              	.LCFI20:
 531              		.cfi_def_cfa_register 7
 160:.\bpl.c       ****     STATUS rbfStatus, BplStatus;
 161:.\bpl.c       **** 	uint8_t ucNumBytes;
 162:.\bpl.c       ****     uint8_t ucByte;
 163:.\bpl.c       ****     uint8_t ucStartByte1, ucStartByte2;
 164:.\bpl.c       **** 	uint8_t ucMessageBuffer[BPL_MAX_MESSAGE_LENGTH];
 165:.\bpl.c       ****     
 166:.\bpl.c       **** 	/* Handle received bytes */
 167:.\bpl.c       **** 	/* --------------------- */
 168:.\bpl.c       **** 	while (HAL_GetRxIsrCount() > 0)
 532              		.loc 1 168 0
 533 0006 12E0     		b	.L26
 534              	.L27:
 169:.\bpl.c       **** 	{
 170:.\bpl.c       ****         ucByte = HAL_GetByte();
 535              		.loc 1 170 0
 536 0008 FFF7FEFF 		bl	HAL_GetByte
 537 000c 0346     		mov	r3, r0
 538 000e 87F82530 		strb	r3, [r7, #37]
 171:.\bpl.c       ****         rbfStatus = RBF_ucByteIn(BPL_ucReceiveBufferIndex, ucByte);
 539              		.loc 1 171 0
 540 0012 40F20003 		movw	r3, #:lower16:BPL_ucReceiveBufferIndex
 541 0016 C0F20003 		movt	r3, #:upper16:BPL_ucReceiveBufferIndex
 542 001a 1A78     		ldrb	r2, [r3, #0]	@ zero_extendqisi2
 543 001c 97F82530 		ldrb	r3, [r7, #37]	@ zero_extendqisi2
 544 0020 1046     		mov	r0, r2
 545 0022 1946     		mov	r1, r3
 546 0024 FFF7FEFF 		bl	RBF_ucByteIn
 547 0028 0346     		mov	r3, r0
 548 002a 87F82330 		strb	r3, [r7, #35]
 549              	.L26:
 550              		.loc 1 168 0
 551 002e FFF7FEFF 		bl	HAL_GetRxIsrCount
 552 0032 0346     		mov	r3, r0
 553 0034 002B     		cmp	r3, #0
 554 0036 E7D1     		bne	.L27
 172:.\bpl.c       ****         
 173:.\bpl.c       **** 		if (rbfStatus != RBF_SUCCESS)
 174:.\bpl.c       **** 		{
 175:.\bpl.c       **** 			//error handling
ARM GAS  C:\Users\Martin\AppData\Local\Temp\ccjlQWOY.s 			page 14


 176:.\bpl.c       **** 		}
 177:.\bpl.c       **** 	}
 178:.\bpl.c       **** 
 179:.\bpl.c       ****     // Check if (complete) CDS5500 message received
 180:.\bpl.c       ****     // --------------------------------------------
 181:.\bpl.c       ****     if (RBF_ucGetByteCount(BPL_ucReceiveBufferIndex) >= CDS5500_STATUS_PACKET_MIN_LENGTH)
 555              		.loc 1 181 0
 556 0038 40F20003 		movw	r3, #:lower16:BPL_ucReceiveBufferIndex
 557 003c C0F20003 		movt	r3, #:upper16:BPL_ucReceiveBufferIndex
 558 0040 1B78     		ldrb	r3, [r3, #0]	@ zero_extendqisi2
 559 0042 1846     		mov	r0, r3
 560 0044 FFF7FEFF 		bl	RBF_ucGetByteCount
 561 0048 0346     		mov	r3, r0
 562 004a 052B     		cmp	r3, #5
 563 004c 4BD9     		bls	.L28
 182:.\bpl.c       ****     {
 183:.\bpl.c       ****         ucStartByte1 = RBF_ucReadOnlyFromTail(BPL_ucReceiveBufferIndex, 0);
 564              		.loc 1 183 0
 565 004e 40F20003 		movw	r3, #:lower16:BPL_ucReceiveBufferIndex
 566 0052 C0F20003 		movt	r3, #:upper16:BPL_ucReceiveBufferIndex
 567 0056 1B78     		ldrb	r3, [r3, #0]	@ zero_extendqisi2
 568 0058 1846     		mov	r0, r3
 569 005a 4FF00001 		mov	r1, #0
 570 005e FFF7FEFF 		bl	RBF_ucReadOnlyFromTail
 571 0062 0346     		mov	r3, r0
 572 0064 87F82630 		strb	r3, [r7, #38]
 184:.\bpl.c       ****         ucStartByte2 = RBF_ucReadOnlyFromTail(BPL_ucReceiveBufferIndex, 1);
 573              		.loc 1 184 0
 574 0068 40F20003 		movw	r3, #:lower16:BPL_ucReceiveBufferIndex
 575 006c C0F20003 		movt	r3, #:upper16:BPL_ucReceiveBufferIndex
 576 0070 1B78     		ldrb	r3, [r3, #0]	@ zero_extendqisi2
 577 0072 1846     		mov	r0, r3
 578 0074 4FF00101 		mov	r1, #1
 579 0078 FFF7FEFF 		bl	RBF_ucReadOnlyFromTail
 580 007c 0346     		mov	r3, r0
 581 007e 87F82730 		strb	r3, [r7, #39]
 185:.\bpl.c       ****         ucNumBytes = RBF_ucReadOnlyFromTail(BPL_ucReceiveBufferIndex, 3);
 582              		.loc 1 185 0
 583 0082 40F20003 		movw	r3, #:lower16:BPL_ucReceiveBufferIndex
 584 0086 C0F20003 		movt	r3, #:upper16:BPL_ucReceiveBufferIndex
 585 008a 1B78     		ldrb	r3, [r3, #0]	@ zero_extendqisi2
 586 008c 1846     		mov	r0, r3
 587 008e 4FF00301 		mov	r1, #3
 588 0092 FFF7FEFF 		bl	RBF_ucReadOnlyFromTail
 589 0096 0346     		mov	r3, r0
 590 0098 87F82230 		strb	r3, [r7, #34]
 186:.\bpl.c       ****         
 187:.\bpl.c       ****         if (        (ucStartByte1 == 0xFF) && (ucStartByte2 == 0xFF) 
 591              		.loc 1 187 0
 592 009c 97F82630 		ldrb	r3, [r7, #38]	@ zero_extendqisi2
 593 00a0 FF2B     		cmp	r3, #255
 594 00a2 20D1     		bne	.L28
 595 00a4 97F82730 		ldrb	r3, [r7, #39]	@ zero_extendqisi2
 596 00a8 FF2B     		cmp	r3, #255
 597 00aa 1CD1     		bne	.L28
 188:.\bpl.c       ****                 &&  (RBF_ucGetByteCount(BPL_ucReceiveBufferIndex) >= (ucNumBytes + 4)) //(0XFF 0XFF
 598              		.loc 1 188 0
ARM GAS  C:\Users\Martin\AppData\Local\Temp\ccjlQWOY.s 			page 15


 599 00ac 40F20003 		movw	r3, #:lower16:BPL_ucReceiveBufferIndex
 600 00b0 C0F20003 		movt	r3, #:upper16:BPL_ucReceiveBufferIndex
 601 00b4 1B78     		ldrb	r3, [r3, #0]	@ zero_extendqisi2
 602 00b6 1846     		mov	r0, r3
 603 00b8 FFF7FEFF 		bl	RBF_ucGetByteCount
 604 00bc 0346     		mov	r3, r0
 605 00be 1A46     		mov	r2, r3
 606 00c0 97F82230 		ldrb	r3, [r7, #34]	@ zero_extendqisi2
 607 00c4 03F10403 		add	r3, r3, #4
 608              		.loc 1 187 0
 609 00c8 9A42     		cmp	r2, r3
 610 00ca 0CDB     		blt	.L28
 189:.\bpl.c       ****            )
 190:.\bpl.c       ****         {
 191:.\bpl.c       ****             BPL_CDS5500_ucRxMessageCount++; //Message can now be picked up using BPL_CDS5500_GetRes
 611              		.loc 1 191 0
 612 00cc 40F20003 		movw	r3, #:lower16:BPL_CDS5500_ucRxMessageCount
 613 00d0 C0F20003 		movt	r3, #:upper16:BPL_CDS5500_ucRxMessageCount
 614 00d4 1B78     		ldrb	r3, [r3, #0]	@ zero_extendqisi2
 615 00d6 03F10103 		add	r3, r3, #1
 616 00da DAB2     		uxtb	r2, r3
 617 00dc 40F20003 		movw	r3, #:lower16:BPL_CDS5500_ucRxMessageCount
 618 00e0 C0F20003 		movt	r3, #:upper16:BPL_CDS5500_ucRxMessageCount
 619 00e4 1A70     		strb	r2, [r3, #0]
 620              	.L28:
 192:.\bpl.c       ****         }
 193:.\bpl.c       ****         else
 194:.\bpl.c       ****         {
 195:.\bpl.c       ****             //something went wrong, better clear buffer
 196:.\bpl.c       ****         }
 197:.\bpl.c       ****     }    
 198:.\bpl.c       ****     
 199:.\bpl.c       **** 	
 200:.\bpl.c       **** 	/* Handle transmission of bytes */
 201:.\bpl.c       **** 	/* ---------------------------- */
 202:.\bpl.c       ****     if (RBF_ucGetMsgCount(BPL_ucTransmitBufferIndex) > 0)
 621              		.loc 1 202 0
 622 00e6 40F20003 		movw	r3, #:lower16:BPL_ucTransmitBufferIndex
 623 00ea C0F20003 		movt	r3, #:upper16:BPL_ucTransmitBufferIndex
 624 00ee 1B78     		ldrb	r3, [r3, #0]	@ zero_extendqisi2
 625 00f0 1846     		mov	r0, r3
 626 00f2 FFF7FEFF 		bl	RBF_ucGetMsgCount
 627 00f6 0346     		mov	r3, r0
 628 00f8 002B     		cmp	r3, #0
 629 00fa 19D0     		beq	.L29
 203:.\bpl.c       ****     {
 204:.\bpl.c       ****         rbfStatus = RBF_ucTailMsgOut(BPL_ucTransmitBufferIndex, ucMessageBuffer, &ucNumBytes);
 630              		.loc 1 204 0
 631 00fc 40F20003 		movw	r3, #:lower16:BPL_ucTransmitBufferIndex
 632 0100 C0F20003 		movt	r3, #:upper16:BPL_ucTransmitBufferIndex
 633 0104 1978     		ldrb	r1, [r3, #0]	@ zero_extendqisi2
 634 0106 3A46     		mov	r2, r7
 635 0108 07F12203 		add	r3, r7, #34
 636 010c 0846     		mov	r0, r1
 637 010e 1146     		mov	r1, r2
 638 0110 1A46     		mov	r2, r3
 639 0112 FFF7FEFF 		bl	RBF_ucTailMsgOut
ARM GAS  C:\Users\Martin\AppData\Local\Temp\ccjlQWOY.s 			page 16


 640 0116 0346     		mov	r3, r0
 641 0118 87F82330 		strb	r3, [r7, #35]
 205:.\bpl.c       ****         
 206:.\bpl.c       ****         // LENGTH | CONTENT | LENGTH
 207:.\bpl.c       **** 		BplStatus = HAL_TransmitArray(&ucMessageBuffer[0], ucNumBytes);
 642              		.loc 1 207 0
 643 011c 97F82230 		ldrb	r3, [r7, #34]	@ zero_extendqisi2
 644 0120 3A46     		mov	r2, r7
 645 0122 1046     		mov	r0, r2
 646 0124 1946     		mov	r1, r3
 647 0126 FFF7FEFF 		bl	HAL_TransmitArray
 648 012a 0346     		mov	r3, r0
 649 012c 87F82430 		strb	r3, [r7, #36]
 650              	.L29:
 208:.\bpl.c       ****             
 209:.\bpl.c       ****         if (rbfStatus != RBF_SUCCESS)
 210:.\bpl.c       **** 		{
 211:.\bpl.c       **** 			//error handling
 212:.\bpl.c       **** 		}
 213:.\bpl.c       **** 	}
 214:.\bpl.c       **** 	
 215:.\bpl.c       ****     
 216:.\bpl.c       ****     return BplStatus;
 651              		.loc 1 216 0
 652 0130 97F82430 		ldrb	r3, [r7, #36]	@ zero_extendqisi2
 217:.\bpl.c       **** }
 653              		.loc 1 217 0
 654 0134 1846     		mov	r0, r3
 655 0136 07F12807 		add	r7, r7, #40
 656 013a BD46     		mov	sp, r7
 657 013c 80BD     		pop	{r7, pc}
 658              		.cfi_endproc
 659              	.LFE36:
 660              		.size	BPL_HandleTask, .-BPL_HandleTask
 661 013e 00BF     		.text
 662              	.Letext0:
 663              		.section	.debug_loc,"",%progbits
 664              	.Ldebug_loc0:
 665              	.LLST0:
 666 0000 00000000 		.4byte	.LFB29
 667 0004 02000000 		.4byte	.LCFI0
 668 0008 0100     		.2byte	0x1
 669 000a 5D       		.byte	0x5d
 670 000b 02000000 		.4byte	.LCFI0
 671 000f 04000000 		.4byte	.LCFI1
 672 0013 0200     		.2byte	0x2
 673 0015 7D       		.byte	0x7d
 674 0016 08       		.sleb128 8
 675 0017 04000000 		.4byte	.LCFI1
 676 001b 48000000 		.4byte	.LFE29
 677 001f 0200     		.2byte	0x2
 678 0021 77       		.byte	0x77
 679 0022 08       		.sleb128 8
 680 0023 00000000 		.4byte	0x0
 681 0027 00000000 		.4byte	0x0
 682              	.LLST1:
 683 002b 00000000 		.4byte	.LFB30
ARM GAS  C:\Users\Martin\AppData\Local\Temp\ccjlQWOY.s 			page 17


 684 002f 02000000 		.4byte	.LCFI2
 685 0033 0100     		.2byte	0x1
 686 0035 5D       		.byte	0x5d
 687 0036 02000000 		.4byte	.LCFI2
 688 003a 04000000 		.4byte	.LCFI3
 689 003e 0200     		.2byte	0x2
 690 0040 7D       		.byte	0x7d
 691 0041 04       		.sleb128 4
 692 0042 04000000 		.4byte	.LCFI3
 693 0046 16000000 		.4byte	.LFE30
 694 004a 0200     		.2byte	0x2
 695 004c 77       		.byte	0x77
 696 004d 04       		.sleb128 4
 697 004e 00000000 		.4byte	0x0
 698 0052 00000000 		.4byte	0x0
 699              	.LLST2:
 700 0056 00000000 		.4byte	.LFB31
 701 005a 02000000 		.4byte	.LCFI4
 702 005e 0100     		.2byte	0x1
 703 0060 5D       		.byte	0x5d
 704 0061 02000000 		.4byte	.LCFI4
 705 0065 04000000 		.4byte	.LCFI5
 706 0069 0200     		.2byte	0x2
 707 006b 7D       		.byte	0x7d
 708 006c 04       		.sleb128 4
 709 006d 04000000 		.4byte	.LCFI5
 710 0071 06000000 		.4byte	.LCFI6
 711 0075 0200     		.2byte	0x2
 712 0077 7D       		.byte	0x7d
 713 0078 10       		.sleb128 16
 714 0079 06000000 		.4byte	.LCFI6
 715 007d 20000000 		.4byte	.LFE31
 716 0081 0200     		.2byte	0x2
 717 0083 77       		.byte	0x77
 718 0084 10       		.sleb128 16
 719 0085 00000000 		.4byte	0x0
 720 0089 00000000 		.4byte	0x0
 721              	.LLST3:
 722 008d 00000000 		.4byte	.LFB32
 723 0091 02000000 		.4byte	.LCFI7
 724 0095 0100     		.2byte	0x1
 725 0097 5D       		.byte	0x5d
 726 0098 02000000 		.4byte	.LCFI7
 727 009c 04000000 		.4byte	.LCFI8
 728 00a0 0200     		.2byte	0x2
 729 00a2 7D       		.byte	0x7d
 730 00a3 08       		.sleb128 8
 731 00a4 04000000 		.4byte	.LCFI8
 732 00a8 1A000000 		.4byte	.LFE32
 733 00ac 0200     		.2byte	0x2
 734 00ae 77       		.byte	0x77
 735 00af 08       		.sleb128 8
 736 00b0 00000000 		.4byte	0x0
 737 00b4 00000000 		.4byte	0x0
 738              	.LLST4:
 739 00b8 00000000 		.4byte	.LFB33
 740 00bc 02000000 		.4byte	.LCFI9
ARM GAS  C:\Users\Martin\AppData\Local\Temp\ccjlQWOY.s 			page 18


 741 00c0 0100     		.2byte	0x1
 742 00c2 5D       		.byte	0x5d
 743 00c3 02000000 		.4byte	.LCFI9
 744 00c7 04000000 		.4byte	.LCFI10
 745 00cb 0200     		.2byte	0x2
 746 00cd 7D       		.byte	0x7d
 747 00ce 08       		.sleb128 8
 748 00cf 04000000 		.4byte	.LCFI10
 749 00d3 06000000 		.4byte	.LCFI11
 750 00d7 0200     		.2byte	0x2
 751 00d9 7D       		.byte	0x7d
 752 00da 18       		.sleb128 24
 753 00db 06000000 		.4byte	.LCFI11
 754 00df 4C000000 		.4byte	.LFE33
 755 00e3 0200     		.2byte	0x2
 756 00e5 77       		.byte	0x77
 757 00e6 18       		.sleb128 24
 758 00e7 00000000 		.4byte	0x0
 759 00eb 00000000 		.4byte	0x0
 760              	.LLST5:
 761 00ef 00000000 		.4byte	.LFB34
 762 00f3 02000000 		.4byte	.LCFI12
 763 00f7 0100     		.2byte	0x1
 764 00f9 5D       		.byte	0x5d
 765 00fa 02000000 		.4byte	.LCFI12
 766 00fe 04000000 		.4byte	.LCFI13
 767 0102 0200     		.2byte	0x2
 768 0104 7D       		.byte	0x7d
 769 0105 08       		.sleb128 8
 770 0106 04000000 		.4byte	.LCFI13
 771 010a 06000000 		.4byte	.LCFI14
 772 010e 0200     		.2byte	0x2
 773 0110 7D       		.byte	0x7d
 774 0111 28       		.sleb128 40
 775 0112 06000000 		.4byte	.LCFI14
 776 0116 C0010000 		.4byte	.LFE34
 777 011a 0200     		.2byte	0x2
 778 011c 77       		.byte	0x77
 779 011d 28       		.sleb128 40
 780 011e 00000000 		.4byte	0x0
 781 0122 00000000 		.4byte	0x0
 782              	.LLST6:
 783 0126 00000000 		.4byte	.LFB35
 784 012a 02000000 		.4byte	.LCFI15
 785 012e 0100     		.2byte	0x1
 786 0130 5D       		.byte	0x5d
 787 0131 02000000 		.4byte	.LCFI15
 788 0135 04000000 		.4byte	.LCFI16
 789 0139 0200     		.2byte	0x2
 790 013b 7D       		.byte	0x7d
 791 013c 08       		.sleb128 8
 792 013d 04000000 		.4byte	.LCFI16
 793 0141 06000000 		.4byte	.LCFI17
 794 0145 0200     		.2byte	0x2
 795 0147 7D       		.byte	0x7d
 796 0148 18       		.sleb128 24
 797 0149 06000000 		.4byte	.LCFI17
ARM GAS  C:\Users\Martin\AppData\Local\Temp\ccjlQWOY.s 			page 19


 798 014d 32000000 		.4byte	.LFE35
 799 0151 0200     		.2byte	0x2
 800 0153 77       		.byte	0x77
 801 0154 18       		.sleb128 24
 802 0155 00000000 		.4byte	0x0
 803 0159 00000000 		.4byte	0x0
 804              	.LLST7:
 805 015d 00000000 		.4byte	.LFB36
 806 0161 02000000 		.4byte	.LCFI18
 807 0165 0100     		.2byte	0x1
 808 0167 5D       		.byte	0x5d
 809 0168 02000000 		.4byte	.LCFI18
 810 016c 04000000 		.4byte	.LCFI19
 811 0170 0200     		.2byte	0x2
 812 0172 7D       		.byte	0x7d
 813 0173 08       		.sleb128 8
 814 0174 04000000 		.4byte	.LCFI19
 815 0178 06000000 		.4byte	.LCFI20
 816 017c 0200     		.2byte	0x2
 817 017e 7D       		.byte	0x7d
 818 017f 30       		.sleb128 48
 819 0180 06000000 		.4byte	.LCFI20
 820 0184 3E010000 		.4byte	.LFE36
 821 0188 0200     		.2byte	0x2
 822 018a 77       		.byte	0x77
 823 018b 30       		.sleb128 48
 824 018c 00000000 		.4byte	0x0
 825 0190 00000000 		.4byte	0x0
 826              		.file 2 "c:\\program files (x86)\\cypress\\psoc creator\\2.2\\psoc creator\\import\\gnu_cs\\arm\\4
 827              		.file 3 "./Generated_Source/PSoC5/cytypes.h"
 828              		.file 4 ".\\/types.h"
 829              		.file 5 ".\\/servo_cds5500.h"
 830              		.file 6 "./Generated_Source/PSoC5/core_cm3.h"
 831              		.section	.debug_info
 832 0000 C4030000 		.4byte	0x3c4
 833 0004 0200     		.2byte	0x2
 834 0006 00000000 		.4byte	.Ldebug_abbrev0
 835 000a 04       		.byte	0x4
 836 000b 01       		.uleb128 0x1
 837 000c CD010000 		.4byte	.LASF49
 838 0010 01       		.byte	0x1
 839 0011 31010000 		.4byte	.LASF50
 840 0015 B9020000 		.4byte	.LASF51
 841 0019 00000000 		.4byte	0x0
 842 001d 00000000 		.4byte	0x0
 843 0021 00000000 		.4byte	.Ldebug_ranges0+0x0
 844 0025 00000000 		.4byte	.Ldebug_line0
 845 0029 02       		.uleb128 0x2
 846 002a 01       		.byte	0x1
 847 002b 06       		.byte	0x6
 848 002c A0010000 		.4byte	.LASF0
 849 0030 03       		.uleb128 0x3
 850 0031 98010000 		.4byte	.LASF9
 851 0035 02       		.byte	0x2
 852 0036 2A       		.byte	0x2a
 853 0037 3B000000 		.4byte	0x3b
 854 003b 02       		.uleb128 0x2
ARM GAS  C:\Users\Martin\AppData\Local\Temp\ccjlQWOY.s 			page 20


 855 003c 01       		.byte	0x1
 856 003d 08       		.byte	0x8
 857 003e ED000000 		.4byte	.LASF1
 858 0042 02       		.uleb128 0x2
 859 0043 02       		.byte	0x2
 860 0044 05       		.byte	0x5
 861 0045 FB010000 		.4byte	.LASF2
 862 0049 02       		.uleb128 0x2
 863 004a 02       		.byte	0x2
 864 004b 07       		.byte	0x7
 865 004c B0000000 		.4byte	.LASF3
 866 0050 02       		.uleb128 0x2
 867 0051 04       		.byte	0x4
 868 0052 05       		.byte	0x5
 869 0053 36020000 		.4byte	.LASF4
 870 0057 02       		.uleb128 0x2
 871 0058 04       		.byte	0x4
 872 0059 07       		.byte	0x7
 873 005a 9E000000 		.4byte	.LASF5
 874 005e 02       		.uleb128 0x2
 875 005f 08       		.byte	0x8
 876 0060 05       		.byte	0x5
 877 0061 00000000 		.4byte	.LASF6
 878 0065 02       		.uleb128 0x2
 879 0066 08       		.byte	0x8
 880 0067 07       		.byte	0x7
 881 0068 81010000 		.4byte	.LASF7
 882 006c 04       		.uleb128 0x4
 883 006d 04       		.byte	0x4
 884 006e 05       		.byte	0x5
 885 006f 696E7400 		.ascii	"int\000"
 886 0073 02       		.uleb128 0x2
 887 0074 04       		.byte	0x4
 888 0075 07       		.byte	0x7
 889 0076 39010000 		.4byte	.LASF8
 890 007a 03       		.uleb128 0x3
 891 007b 10020000 		.4byte	.LASF10
 892 007f 03       		.byte	0x3
 893 0080 4C       		.byte	0x4c
 894 0081 3B000000 		.4byte	0x3b
 895 0085 02       		.uleb128 0x2
 896 0086 04       		.byte	0x4
 897 0087 04       		.byte	0x4
 898 0088 4B000000 		.4byte	.LASF11
 899 008c 02       		.uleb128 0x2
 900 008d 08       		.byte	0x8
 901 008e 04       		.byte	0x4
 902 008f 02010000 		.4byte	.LASF12
 903 0093 02       		.uleb128 0x2
 904 0094 01       		.byte	0x1
 905 0095 08       		.byte	0x8
 906 0096 3F020000 		.4byte	.LASF13
 907 009a 05       		.uleb128 0x5
 908 009b 04       		.byte	0x4
 909 009c 07       		.byte	0x7
 910 009d 03       		.uleb128 0x3
 911 009e 67000000 		.4byte	.LASF14
ARM GAS  C:\Users\Martin\AppData\Local\Temp\ccjlQWOY.s 			page 21


 912 00a2 04       		.byte	0x4
 913 00a3 0F       		.byte	0xf
 914 00a4 7A000000 		.4byte	0x7a
 915 00a8 06       		.uleb128 0x6
 916 00a9 46010000 		.4byte	.LASF52
 917 00ad 0E       		.byte	0xe
 918 00ae 05       		.byte	0x5
 919 00af 52       		.byte	0x52
 920 00b0 17010000 		.4byte	0x117
 921 00b4 07       		.uleb128 0x7
 922 00b5 51000000 		.4byte	.LASF15
 923 00b9 05       		.byte	0x5
 924 00ba 53       		.byte	0x53
 925 00bb 7A000000 		.4byte	0x7a
 926 00bf 02       		.byte	0x2
 927 00c0 23       		.byte	0x23
 928 00c1 00       		.uleb128 0x0
 929 00c2 07       		.uleb128 0x7
 930 00c3 5C000000 		.4byte	.LASF16
 931 00c7 05       		.byte	0x5
 932 00c8 54       		.byte	0x54
 933 00c9 7A000000 		.4byte	0x7a
 934 00cd 02       		.byte	0x2
 935 00ce 23       		.byte	0x23
 936 00cf 01       		.uleb128 0x1
 937 00d0 07       		.uleb128 0x7
 938 00d1 29010000 		.4byte	.LASF17
 939 00d5 05       		.byte	0x5
 940 00d6 55       		.byte	0x55
 941 00d7 7A000000 		.4byte	0x7a
 942 00db 02       		.byte	0x2
 943 00dc 23       		.byte	0x23
 944 00dd 02       		.uleb128 0x2
 945 00de 07       		.uleb128 0x7
 946 00df B2020000 		.4byte	.LASF18
 947 00e3 05       		.byte	0x5
 948 00e4 56       		.byte	0x56
 949 00e5 7A000000 		.4byte	0x7a
 950 00e9 02       		.byte	0x2
 951 00ea 23       		.byte	0x23
 952 00eb 03       		.uleb128 0x3
 953 00ec 07       		.uleb128 0x7
 954 00ed C5010000 		.4byte	.LASF19
 955 00f1 05       		.byte	0x5
 956 00f2 57       		.byte	0x57
 957 00f3 7A000000 		.4byte	0x7a
 958 00f7 02       		.byte	0x2
 959 00f8 23       		.byte	0x23
 960 00f9 04       		.uleb128 0x4
 961 00fa 07       		.uleb128 0x7
 962 00fb 5C020000 		.4byte	.LASF20
 963 00ff 05       		.byte	0x5
 964 0100 58       		.byte	0x58
 965 0101 17010000 		.4byte	0x117
 966 0105 02       		.byte	0x2
 967 0106 23       		.byte	0x23
 968 0107 05       		.uleb128 0x5
ARM GAS  C:\Users\Martin\AppData\Local\Temp\ccjlQWOY.s 			page 22


 969 0108 07       		.uleb128 0x7
 970 0109 0E000000 		.4byte	.LASF21
 971 010d 05       		.byte	0x5
 972 010e 59       		.byte	0x59
 973 010f 7A000000 		.4byte	0x7a
 974 0113 02       		.byte	0x2
 975 0114 23       		.byte	0x23
 976 0115 0D       		.uleb128 0xd
 977 0116 00       		.byte	0x0
 978 0117 08       		.uleb128 0x8
 979 0118 7A000000 		.4byte	0x7a
 980 011c 27010000 		.4byte	0x127
 981 0120 09       		.uleb128 0x9
 982 0121 9A000000 		.4byte	0x9a
 983 0125 07       		.byte	0x7
 984 0126 00       		.byte	0x0
 985 0127 03       		.uleb128 0x3
 986 0128 3F000000 		.4byte	.LASF22
 987 012c 05       		.byte	0x5
 988 012d 5A       		.byte	0x5a
 989 012e A8000000 		.4byte	0xa8
 990 0132 0A       		.uleb128 0xa
 991 0133 04       		.byte	0x4
 992 0134 7A000000 		.4byte	0x7a
 993 0138 0B       		.uleb128 0xb
 994 0139 01       		.byte	0x1
 995 013a 6E000000 		.4byte	.LASF23
 996 013e 01       		.byte	0x1
 997 013f 21       		.byte	0x21
 998 0140 01       		.byte	0x1
 999 0141 9D000000 		.4byte	0x9d
 1000 0145 00000000 		.4byte	.LFB29
 1001 0149 48000000 		.4byte	.LFE29
 1002 014d 00000000 		.4byte	.LLST0
 1003 0151 0B       		.uleb128 0xb
 1004 0152 01       		.byte	0x1
 1005 0153 09010000 		.4byte	.LASF24
 1006 0157 01       		.byte	0x1
 1007 0158 2B       		.byte	0x2b
 1008 0159 01       		.byte	0x1
 1009 015a 30000000 		.4byte	0x30
 1010 015e 00000000 		.4byte	.LFB30
 1011 0162 16000000 		.4byte	.LFE30
 1012 0166 2B000000 		.4byte	.LLST1
 1013 016a 0C       		.uleb128 0xc
 1014 016b 01       		.byte	0x1
 1015 016c 16020000 		.4byte	.LASF53
 1016 0170 01       		.byte	0x1
 1017 0171 31       		.byte	0x31
 1018 0172 01       		.byte	0x1
 1019 0173 00000000 		.4byte	.LFB31
 1020 0177 20000000 		.4byte	.LFE31
 1021 017b 56000000 		.4byte	.LLST2
 1022 017f 92010000 		.4byte	0x192
 1023 0183 0D       		.uleb128 0xd
 1024 0184 28000000 		.4byte	.LASF26
 1025 0188 01       		.byte	0x1
ARM GAS  C:\Users\Martin\AppData\Local\Temp\ccjlQWOY.s 			page 23


 1026 0189 31       		.byte	0x31
 1027 018a 30000000 		.4byte	0x30
 1028 018e 02       		.byte	0x2
 1029 018f 91       		.byte	0x91
 1030 0190 77       		.sleb128 -9
 1031 0191 00       		.byte	0x0
 1032 0192 0B       		.uleb128 0xb
 1033 0193 01       		.byte	0x1
 1034 0194 E4010000 		.4byte	.LASF25
 1035 0198 01       		.byte	0x1
 1036 0199 37       		.byte	0x37
 1037 019a 01       		.byte	0x1
 1038 019b 7A000000 		.4byte	0x7a
 1039 019f 00000000 		.4byte	.LFB32
 1040 01a3 1A000000 		.4byte	.LFE32
 1041 01a7 8D000000 		.4byte	.LLST3
 1042 01ab 0E       		.uleb128 0xe
 1043 01ac 01       		.byte	0x1
 1044 01ad 26030000 		.4byte	.LASF30
 1045 01b1 01       		.byte	0x1
 1046 01b2 3D       		.byte	0x3d
 1047 01b3 01       		.byte	0x1
 1048 01b4 7A000000 		.4byte	0x7a
 1049 01b8 00000000 		.4byte	.LFB33
 1050 01bc 4C000000 		.4byte	.LFE33
 1051 01c0 B8000000 		.4byte	.LLST4
 1052 01c4 F3010000 		.4byte	0x1f3
 1053 01c8 0D       		.uleb128 0xd
 1054 01c9 38000000 		.4byte	.LASF27
 1055 01cd 01       		.byte	0x1
 1056 01ce 3D       		.byte	0x3d
 1057 01cf 32010000 		.4byte	0x132
 1058 01d3 02       		.byte	0x2
 1059 01d4 91       		.byte	0x91
 1060 01d5 6C       		.sleb128 -20
 1061 01d6 0F       		.uleb128 0xf
 1062 01d7 94000000 		.4byte	.LASF28
 1063 01db 01       		.byte	0x1
 1064 01dc 3F       		.byte	0x3f
 1065 01dd 9D000000 		.4byte	0x9d
 1066 01e1 02       		.byte	0x2
 1067 01e2 91       		.byte	0x91
 1068 01e3 77       		.sleb128 -9
 1069 01e4 0F       		.uleb128 0xf
 1070 01e5 D9010000 		.4byte	.LASF29
 1071 01e9 01       		.byte	0x1
 1072 01ea 40       		.byte	0x40
 1073 01eb 30000000 		.4byte	0x30
 1074 01ef 02       		.byte	0x2
 1075 01f0 91       		.byte	0x91
 1076 01f1 76       		.sleb128 -10
 1077 01f2 00       		.byte	0x0
 1078 01f3 0E       		.uleb128 0xe
 1079 01f4 01       		.byte	0x1
 1080 01f5 44020000 		.4byte	.LASF31
 1081 01f9 01       		.byte	0x1
 1082 01fa 4F       		.byte	0x4f
ARM GAS  C:\Users\Martin\AppData\Local\Temp\ccjlQWOY.s 			page 24


 1083 01fb 01       		.byte	0x1
 1084 01fc 9D000000 		.4byte	0x9d
 1085 0200 00000000 		.4byte	.LFB34
 1086 0204 C0010000 		.4byte	.LFE34
 1087 0208 EF000000 		.4byte	.LLST5
 1088 020c 71020000 		.4byte	0x271
 1089 0210 0D       		.uleb128 0xd
 1090 0211 05020000 		.4byte	.LASF32
 1091 0215 01       		.byte	0x1
 1092 0216 4F       		.byte	0x4f
 1093 0217 71020000 		.4byte	0x271
 1094 021b 02       		.byte	0x2
 1095 021c 91       		.byte	0x91
 1096 021d 5C       		.sleb128 -36
 1097 021e 0F       		.uleb128 0xf
 1098 021f 94000000 		.4byte	.LASF28
 1099 0223 01       		.byte	0x1
 1100 0224 51       		.byte	0x51
 1101 0225 9D000000 		.4byte	0x9d
 1102 0229 02       		.byte	0x2
 1103 022a 91       		.byte	0x91
 1104 022b 70       		.sleb128 -16
 1105 022c 0F       		.uleb128 0xf
 1106 022d 17000000 		.4byte	.LASF33
 1107 0231 01       		.byte	0x1
 1108 0232 51       		.byte	0x51
 1109 0233 9D000000 		.4byte	0x9d
 1110 0237 02       		.byte	0x2
 1111 0238 91       		.byte	0x91
 1112 0239 71       		.sleb128 -15
 1113 023a 10       		.uleb128 0x10
 1114 023b 6D736700 		.ascii	"msg\000"
 1115 023f 01       		.byte	0x1
 1116 0240 52       		.byte	0x52
 1117 0241 27010000 		.4byte	0x127
 1118 0245 02       		.byte	0x2
 1119 0246 91       		.byte	0x91
 1120 0247 60       		.sleb128 -32
 1121 0248 0F       		.uleb128 0xf
 1122 0249 8F020000 		.4byte	.LASF34
 1123 024d 01       		.byte	0x1
 1124 024e 53       		.byte	0x53
 1125 024f 30000000 		.4byte	0x30
 1126 0253 02       		.byte	0x2
 1127 0254 91       		.byte	0x91
 1128 0255 72       		.sleb128 -14
 1129 0256 0F       		.uleb128 0xf
 1130 0257 D9010000 		.4byte	.LASF29
 1131 025b 01       		.byte	0x1
 1132 025c 54       		.byte	0x54
 1133 025d 30000000 		.4byte	0x30
 1134 0261 02       		.byte	0x2
 1135 0262 91       		.byte	0x91
 1136 0263 73       		.sleb128 -13
 1137 0264 10       		.uleb128 0x10
 1138 0265 6900     		.ascii	"i\000"
 1139 0267 01       		.byte	0x1
ARM GAS  C:\Users\Martin\AppData\Local\Temp\ccjlQWOY.s 			page 25


 1140 0268 55       		.byte	0x55
 1141 0269 6C000000 		.4byte	0x6c
 1142 026d 02       		.byte	0x2
 1143 026e 91       		.byte	0x91
 1144 026f 74       		.sleb128 -12
 1145 0270 00       		.byte	0x0
 1146 0271 0A       		.uleb128 0xa
 1147 0272 04       		.byte	0x4
 1148 0273 27010000 		.4byte	0x127
 1149 0277 0E       		.uleb128 0xe
 1150 0278 01       		.byte	0x1
 1151 0279 9E020000 		.4byte	.LASF35
 1152 027d 01       		.byte	0x1
 1153 027e 93       		.byte	0x93
 1154 027f 01       		.byte	0x1
 1155 0280 9D000000 		.4byte	0x9d
 1156 0284 00000000 		.4byte	.LFB35
 1157 0288 32000000 		.4byte	.LFE35
 1158 028c 26010000 		.4byte	.LLST6
 1159 0290 BF020000 		.4byte	0x2bf
 1160 0294 0D       		.uleb128 0xd
 1161 0295 FB000000 		.4byte	.LASF36
 1162 0299 01       		.byte	0x1
 1163 029a 93       		.byte	0x93
 1164 029b 32010000 		.4byte	0x132
 1165 029f 02       		.byte	0x2
 1166 02a0 91       		.byte	0x91
 1167 02a1 6C       		.sleb128 -20
 1168 02a2 0D       		.uleb128 0xd
 1169 02a3 2E000000 		.4byte	.LASF37
 1170 02a7 01       		.byte	0x1
 1171 02a8 93       		.byte	0x93
 1172 02a9 7A000000 		.4byte	0x7a
 1173 02ad 02       		.byte	0x2
 1174 02ae 91       		.byte	0x91
 1175 02af 6B       		.sleb128 -21
 1176 02b0 0F       		.uleb128 0xf
 1177 02b1 94000000 		.4byte	.LASF28
 1178 02b5 01       		.byte	0x1
 1179 02b6 95       		.byte	0x95
 1180 02b7 9D000000 		.4byte	0x9d
 1181 02bb 02       		.byte	0x2
 1182 02bc 91       		.byte	0x91
 1183 02bd 77       		.sleb128 -9
 1184 02be 00       		.byte	0x0
 1185 02bf 0E       		.uleb128 0xe
 1186 02c0 01       		.byte	0x1
 1187 02c1 B6010000 		.4byte	.LASF38
 1188 02c5 01       		.byte	0x1
 1189 02c6 9E       		.byte	0x9e
 1190 02c7 01       		.byte	0x1
 1191 02c8 9D000000 		.4byte	0x9d
 1192 02cc 00000000 		.4byte	.LFB36
 1193 02d0 3E010000 		.4byte	.LFE36
 1194 02d4 5D010000 		.4byte	.LLST7
 1195 02d8 3F030000 		.4byte	0x33f
 1196 02dc 0F       		.uleb128 0xf
ARM GAS  C:\Users\Martin\AppData\Local\Temp\ccjlQWOY.s 			page 26


 1197 02dd 94000000 		.4byte	.LASF28
 1198 02e1 01       		.byte	0x1
 1199 02e2 A0       		.byte	0xa0
 1200 02e3 9D000000 		.4byte	0x9d
 1201 02e7 02       		.byte	0x2
 1202 02e8 91       		.byte	0x91
 1203 02e9 73       		.sleb128 -13
 1204 02ea 0F       		.uleb128 0xf
 1205 02eb AC010000 		.4byte	.LASF39
 1206 02ef 01       		.byte	0x1
 1207 02f0 A0       		.byte	0xa0
 1208 02f1 9D000000 		.4byte	0x9d
 1209 02f5 02       		.byte	0x2
 1210 02f6 91       		.byte	0x91
 1211 02f7 74       		.sleb128 -12
 1212 02f8 0F       		.uleb128 0xf
 1213 02f9 D9010000 		.4byte	.LASF29
 1214 02fd 01       		.byte	0x1
 1215 02fe A1       		.byte	0xa1
 1216 02ff 30000000 		.4byte	0x30
 1217 0303 02       		.byte	0x2
 1218 0304 91       		.byte	0x91
 1219 0305 72       		.sleb128 -14
 1220 0306 0F       		.uleb128 0xf
 1221 0307 21000000 		.4byte	.LASF40
 1222 030b 01       		.byte	0x1
 1223 030c A2       		.byte	0xa2
 1224 030d 30000000 		.4byte	0x30
 1225 0311 02       		.byte	0x2
 1226 0312 91       		.byte	0x91
 1227 0313 75       		.sleb128 -11
 1228 0314 0F       		.uleb128 0xf
 1229 0315 82020000 		.4byte	.LASF41
 1230 0319 01       		.byte	0x1
 1231 031a A3       		.byte	0xa3
 1232 031b 30000000 		.4byte	0x30
 1233 031f 02       		.byte	0x2
 1234 0320 91       		.byte	0x91
 1235 0321 76       		.sleb128 -10
 1236 0322 0F       		.uleb128 0xf
 1237 0323 87000000 		.4byte	.LASF42
 1238 0327 01       		.byte	0x1
 1239 0328 A3       		.byte	0xa3
 1240 0329 30000000 		.4byte	0x30
 1241 032d 02       		.byte	0x2
 1242 032e 91       		.byte	0x91
 1243 032f 77       		.sleb128 -9
 1244 0330 0F       		.uleb128 0xf
 1245 0331 77000000 		.4byte	.LASF43
 1246 0335 01       		.byte	0x1
 1247 0336 A4       		.byte	0xa4
 1248 0337 3F030000 		.4byte	0x33f
 1249 033b 02       		.byte	0x2
 1250 033c 91       		.byte	0x91
 1251 033d 50       		.sleb128 -48
 1252 033e 00       		.byte	0x0
 1253 033f 08       		.uleb128 0x8
ARM GAS  C:\Users\Martin\AppData\Local\Temp\ccjlQWOY.s 			page 27


 1254 0340 30000000 		.4byte	0x30
 1255 0344 4F030000 		.4byte	0x34f
 1256 0348 09       		.uleb128 0x9
 1257 0349 9A000000 		.4byte	0x9a
 1258 034d 1F       		.byte	0x1f
 1259 034e 00       		.byte	0x0
 1260 034f 08       		.uleb128 0x8
 1261 0350 30000000 		.4byte	0x30
 1262 0354 5F030000 		.4byte	0x35f
 1263 0358 09       		.uleb128 0x9
 1264 0359 9A000000 		.4byte	0x9a
 1265 035d FF       		.byte	0xff
 1266 035e 00       		.byte	0x0
 1267 035f 0F       		.uleb128 0xf
 1268 0360 53010000 		.4byte	.LASF44
 1269 0364 01       		.byte	0x1
 1270 0365 15       		.byte	0x15
 1271 0366 4F030000 		.4byte	0x34f
 1272 036a 05       		.byte	0x5
 1273 036b 03       		.byte	0x3
 1274 036c 00000000 		.4byte	BPL_aucReceiveBuffer
 1275 0370 0F       		.uleb128 0xf
 1276 0371 35030000 		.4byte	.LASF45
 1277 0375 01       		.byte	0x1
 1278 0376 16       		.byte	0x16
 1279 0377 4F030000 		.4byte	0x34f
 1280 037b 05       		.byte	0x5
 1281 037c 03       		.byte	0x3
 1282 037d 00010000 		.4byte	BPL_aucTransmitBuffer
 1283 0381 0F       		.uleb128 0xf
 1284 0382 68010000 		.4byte	.LASF46
 1285 0386 01       		.byte	0x1
 1286 0387 18       		.byte	0x18
 1287 0388 30000000 		.4byte	0x30
 1288 038c 05       		.byte	0x5
 1289 038d 03       		.byte	0x3
 1290 038e 00020000 		.4byte	BPL_ucReceiveBufferIndex
 1291 0392 0F       		.uleb128 0xf
 1292 0393 68020000 		.4byte	.LASF47
 1293 0397 01       		.byte	0x1
 1294 0398 19       		.byte	0x19
 1295 0399 30000000 		.4byte	0x30
 1296 039d 05       		.byte	0x5
 1297 039e 03       		.byte	0x3
 1298 039f 01020000 		.4byte	BPL_ucTransmitBufferIndex
 1299 03a3 0F       		.uleb128 0xf
 1300 03a4 C3000000 		.4byte	.LASF48
 1301 03a8 01       		.byte	0x1
 1302 03a9 1B       		.byte	0x1b
 1303 03aa 30000000 		.4byte	0x30
 1304 03ae 05       		.byte	0x5
 1305 03af 03       		.byte	0x3
 1306 03b0 02020000 		.4byte	BPL_CDS5500_ucRxMessageCount
 1307 03b4 11       		.uleb128 0x11
 1308 03b5 E0000000 		.4byte	.LASF54
 1309 03b9 06       		.byte	0x6
 1310 03ba CE06     		.2byte	0x6ce
ARM GAS  C:\Users\Martin\AppData\Local\Temp\ccjlQWOY.s 			page 28


 1311 03bc C2030000 		.4byte	0x3c2
 1312 03c0 01       		.byte	0x1
 1313 03c1 01       		.byte	0x1
 1314 03c2 12       		.uleb128 0x12
 1315 03c3 6C000000 		.4byte	0x6c
 1316 03c7 00       		.byte	0x0
 1317              		.section	.debug_abbrev
 1318 0000 01       		.uleb128 0x1
 1319 0001 11       		.uleb128 0x11
 1320 0002 01       		.byte	0x1
 1321 0003 25       		.uleb128 0x25
 1322 0004 0E       		.uleb128 0xe
 1323 0005 13       		.uleb128 0x13
 1324 0006 0B       		.uleb128 0xb
 1325 0007 03       		.uleb128 0x3
 1326 0008 0E       		.uleb128 0xe
 1327 0009 1B       		.uleb128 0x1b
 1328 000a 0E       		.uleb128 0xe
 1329 000b 11       		.uleb128 0x11
 1330 000c 01       		.uleb128 0x1
 1331 000d 52       		.uleb128 0x52
 1332 000e 01       		.uleb128 0x1
 1333 000f 55       		.uleb128 0x55
 1334 0010 06       		.uleb128 0x6
 1335 0011 10       		.uleb128 0x10
 1336 0012 06       		.uleb128 0x6
 1337 0013 00       		.byte	0x0
 1338 0014 00       		.byte	0x0
 1339 0015 02       		.uleb128 0x2
 1340 0016 24       		.uleb128 0x24
 1341 0017 00       		.byte	0x0
 1342 0018 0B       		.uleb128 0xb
 1343 0019 0B       		.uleb128 0xb
 1344 001a 3E       		.uleb128 0x3e
 1345 001b 0B       		.uleb128 0xb
 1346 001c 03       		.uleb128 0x3
 1347 001d 0E       		.uleb128 0xe
 1348 001e 00       		.byte	0x0
 1349 001f 00       		.byte	0x0
 1350 0020 03       		.uleb128 0x3
 1351 0021 16       		.uleb128 0x16
 1352 0022 00       		.byte	0x0
 1353 0023 03       		.uleb128 0x3
 1354 0024 0E       		.uleb128 0xe
 1355 0025 3A       		.uleb128 0x3a
 1356 0026 0B       		.uleb128 0xb
 1357 0027 3B       		.uleb128 0x3b
 1358 0028 0B       		.uleb128 0xb
 1359 0029 49       		.uleb128 0x49
 1360 002a 13       		.uleb128 0x13
 1361 002b 00       		.byte	0x0
 1362 002c 00       		.byte	0x0
 1363 002d 04       		.uleb128 0x4
 1364 002e 24       		.uleb128 0x24
 1365 002f 00       		.byte	0x0
 1366 0030 0B       		.uleb128 0xb
 1367 0031 0B       		.uleb128 0xb
ARM GAS  C:\Users\Martin\AppData\Local\Temp\ccjlQWOY.s 			page 29


 1368 0032 3E       		.uleb128 0x3e
 1369 0033 0B       		.uleb128 0xb
 1370 0034 03       		.uleb128 0x3
 1371 0035 08       		.uleb128 0x8
 1372 0036 00       		.byte	0x0
 1373 0037 00       		.byte	0x0
 1374 0038 05       		.uleb128 0x5
 1375 0039 24       		.uleb128 0x24
 1376 003a 00       		.byte	0x0
 1377 003b 0B       		.uleb128 0xb
 1378 003c 0B       		.uleb128 0xb
 1379 003d 3E       		.uleb128 0x3e
 1380 003e 0B       		.uleb128 0xb
 1381 003f 00       		.byte	0x0
 1382 0040 00       		.byte	0x0
 1383 0041 06       		.uleb128 0x6
 1384 0042 13       		.uleb128 0x13
 1385 0043 01       		.byte	0x1
 1386 0044 03       		.uleb128 0x3
 1387 0045 0E       		.uleb128 0xe
 1388 0046 0B       		.uleb128 0xb
 1389 0047 0B       		.uleb128 0xb
 1390 0048 3A       		.uleb128 0x3a
 1391 0049 0B       		.uleb128 0xb
 1392 004a 3B       		.uleb128 0x3b
 1393 004b 0B       		.uleb128 0xb
 1394 004c 01       		.uleb128 0x1
 1395 004d 13       		.uleb128 0x13
 1396 004e 00       		.byte	0x0
 1397 004f 00       		.byte	0x0
 1398 0050 07       		.uleb128 0x7
 1399 0051 0D       		.uleb128 0xd
 1400 0052 00       		.byte	0x0
 1401 0053 03       		.uleb128 0x3
 1402 0054 0E       		.uleb128 0xe
 1403 0055 3A       		.uleb128 0x3a
 1404 0056 0B       		.uleb128 0xb
 1405 0057 3B       		.uleb128 0x3b
 1406 0058 0B       		.uleb128 0xb
 1407 0059 49       		.uleb128 0x49
 1408 005a 13       		.uleb128 0x13
 1409 005b 38       		.uleb128 0x38
 1410 005c 0A       		.uleb128 0xa
 1411 005d 00       		.byte	0x0
 1412 005e 00       		.byte	0x0
 1413 005f 08       		.uleb128 0x8
 1414 0060 01       		.uleb128 0x1
 1415 0061 01       		.byte	0x1
 1416 0062 49       		.uleb128 0x49
 1417 0063 13       		.uleb128 0x13
 1418 0064 01       		.uleb128 0x1
 1419 0065 13       		.uleb128 0x13
 1420 0066 00       		.byte	0x0
 1421 0067 00       		.byte	0x0
 1422 0068 09       		.uleb128 0x9
 1423 0069 21       		.uleb128 0x21
 1424 006a 00       		.byte	0x0
ARM GAS  C:\Users\Martin\AppData\Local\Temp\ccjlQWOY.s 			page 30


 1425 006b 49       		.uleb128 0x49
 1426 006c 13       		.uleb128 0x13
 1427 006d 2F       		.uleb128 0x2f
 1428 006e 0B       		.uleb128 0xb
 1429 006f 00       		.byte	0x0
 1430 0070 00       		.byte	0x0
 1431 0071 0A       		.uleb128 0xa
 1432 0072 0F       		.uleb128 0xf
 1433 0073 00       		.byte	0x0
 1434 0074 0B       		.uleb128 0xb
 1435 0075 0B       		.uleb128 0xb
 1436 0076 49       		.uleb128 0x49
 1437 0077 13       		.uleb128 0x13
 1438 0078 00       		.byte	0x0
 1439 0079 00       		.byte	0x0
 1440 007a 0B       		.uleb128 0xb
 1441 007b 2E       		.uleb128 0x2e
 1442 007c 00       		.byte	0x0
 1443 007d 3F       		.uleb128 0x3f
 1444 007e 0C       		.uleb128 0xc
 1445 007f 03       		.uleb128 0x3
 1446 0080 0E       		.uleb128 0xe
 1447 0081 3A       		.uleb128 0x3a
 1448 0082 0B       		.uleb128 0xb
 1449 0083 3B       		.uleb128 0x3b
 1450 0084 0B       		.uleb128 0xb
 1451 0085 27       		.uleb128 0x27
 1452 0086 0C       		.uleb128 0xc
 1453 0087 49       		.uleb128 0x49
 1454 0088 13       		.uleb128 0x13
 1455 0089 11       		.uleb128 0x11
 1456 008a 01       		.uleb128 0x1
 1457 008b 12       		.uleb128 0x12
 1458 008c 01       		.uleb128 0x1
 1459 008d 40       		.uleb128 0x40
 1460 008e 06       		.uleb128 0x6
 1461 008f 00       		.byte	0x0
 1462 0090 00       		.byte	0x0
 1463 0091 0C       		.uleb128 0xc
 1464 0092 2E       		.uleb128 0x2e
 1465 0093 01       		.byte	0x1
 1466 0094 3F       		.uleb128 0x3f
 1467 0095 0C       		.uleb128 0xc
 1468 0096 03       		.uleb128 0x3
 1469 0097 0E       		.uleb128 0xe
 1470 0098 3A       		.uleb128 0x3a
 1471 0099 0B       		.uleb128 0xb
 1472 009a 3B       		.uleb128 0x3b
 1473 009b 0B       		.uleb128 0xb
 1474 009c 27       		.uleb128 0x27
 1475 009d 0C       		.uleb128 0xc
 1476 009e 11       		.uleb128 0x11
 1477 009f 01       		.uleb128 0x1
 1478 00a0 12       		.uleb128 0x12
 1479 00a1 01       		.uleb128 0x1
 1480 00a2 40       		.uleb128 0x40
 1481 00a3 06       		.uleb128 0x6
ARM GAS  C:\Users\Martin\AppData\Local\Temp\ccjlQWOY.s 			page 31


 1482 00a4 01       		.uleb128 0x1
 1483 00a5 13       		.uleb128 0x13
 1484 00a6 00       		.byte	0x0
 1485 00a7 00       		.byte	0x0
 1486 00a8 0D       		.uleb128 0xd
 1487 00a9 05       		.uleb128 0x5
 1488 00aa 00       		.byte	0x0
 1489 00ab 03       		.uleb128 0x3
 1490 00ac 0E       		.uleb128 0xe
 1491 00ad 3A       		.uleb128 0x3a
 1492 00ae 0B       		.uleb128 0xb
 1493 00af 3B       		.uleb128 0x3b
 1494 00b0 0B       		.uleb128 0xb
 1495 00b1 49       		.uleb128 0x49
 1496 00b2 13       		.uleb128 0x13
 1497 00b3 02       		.uleb128 0x2
 1498 00b4 0A       		.uleb128 0xa
 1499 00b5 00       		.byte	0x0
 1500 00b6 00       		.byte	0x0
 1501 00b7 0E       		.uleb128 0xe
 1502 00b8 2E       		.uleb128 0x2e
 1503 00b9 01       		.byte	0x1
 1504 00ba 3F       		.uleb128 0x3f
 1505 00bb 0C       		.uleb128 0xc
 1506 00bc 03       		.uleb128 0x3
 1507 00bd 0E       		.uleb128 0xe
 1508 00be 3A       		.uleb128 0x3a
 1509 00bf 0B       		.uleb128 0xb
 1510 00c0 3B       		.uleb128 0x3b
 1511 00c1 0B       		.uleb128 0xb
 1512 00c2 27       		.uleb128 0x27
 1513 00c3 0C       		.uleb128 0xc
 1514 00c4 49       		.uleb128 0x49
 1515 00c5 13       		.uleb128 0x13
 1516 00c6 11       		.uleb128 0x11
 1517 00c7 01       		.uleb128 0x1
 1518 00c8 12       		.uleb128 0x12
 1519 00c9 01       		.uleb128 0x1
 1520 00ca 40       		.uleb128 0x40
 1521 00cb 06       		.uleb128 0x6
 1522 00cc 01       		.uleb128 0x1
 1523 00cd 13       		.uleb128 0x13
 1524 00ce 00       		.byte	0x0
 1525 00cf 00       		.byte	0x0
 1526 00d0 0F       		.uleb128 0xf
 1527 00d1 34       		.uleb128 0x34
 1528 00d2 00       		.byte	0x0
 1529 00d3 03       		.uleb128 0x3
 1530 00d4 0E       		.uleb128 0xe
 1531 00d5 3A       		.uleb128 0x3a
 1532 00d6 0B       		.uleb128 0xb
 1533 00d7 3B       		.uleb128 0x3b
 1534 00d8 0B       		.uleb128 0xb
 1535 00d9 49       		.uleb128 0x49
 1536 00da 13       		.uleb128 0x13
 1537 00db 02       		.uleb128 0x2
 1538 00dc 0A       		.uleb128 0xa
ARM GAS  C:\Users\Martin\AppData\Local\Temp\ccjlQWOY.s 			page 32


 1539 00dd 00       		.byte	0x0
 1540 00de 00       		.byte	0x0
 1541 00df 10       		.uleb128 0x10
 1542 00e0 34       		.uleb128 0x34
 1543 00e1 00       		.byte	0x0
 1544 00e2 03       		.uleb128 0x3
 1545 00e3 08       		.uleb128 0x8
 1546 00e4 3A       		.uleb128 0x3a
 1547 00e5 0B       		.uleb128 0xb
 1548 00e6 3B       		.uleb128 0x3b
 1549 00e7 0B       		.uleb128 0xb
 1550 00e8 49       		.uleb128 0x49
 1551 00e9 13       		.uleb128 0x13
 1552 00ea 02       		.uleb128 0x2
 1553 00eb 0A       		.uleb128 0xa
 1554 00ec 00       		.byte	0x0
 1555 00ed 00       		.byte	0x0
 1556 00ee 11       		.uleb128 0x11
 1557 00ef 34       		.uleb128 0x34
 1558 00f0 00       		.byte	0x0
 1559 00f1 03       		.uleb128 0x3
 1560 00f2 0E       		.uleb128 0xe
 1561 00f3 3A       		.uleb128 0x3a
 1562 00f4 0B       		.uleb128 0xb
 1563 00f5 3B       		.uleb128 0x3b
 1564 00f6 05       		.uleb128 0x5
 1565 00f7 49       		.uleb128 0x49
 1566 00f8 13       		.uleb128 0x13
 1567 00f9 3F       		.uleb128 0x3f
 1568 00fa 0C       		.uleb128 0xc
 1569 00fb 3C       		.uleb128 0x3c
 1570 00fc 0C       		.uleb128 0xc
 1571 00fd 00       		.byte	0x0
 1572 00fe 00       		.byte	0x0
 1573 00ff 12       		.uleb128 0x12
 1574 0100 35       		.uleb128 0x35
 1575 0101 00       		.byte	0x0
 1576 0102 49       		.uleb128 0x49
 1577 0103 13       		.uleb128 0x13
 1578 0104 00       		.byte	0x0
 1579 0105 00       		.byte	0x0
 1580 0106 00       		.byte	0x0
 1581              		.section	.debug_pubnames,"",%progbits
 1582 0000 D8000000 		.4byte	0xd8
 1583 0004 0200     		.2byte	0x2
 1584 0006 00000000 		.4byte	.Ldebug_info0
 1585 000a C8030000 		.4byte	0x3c8
 1586 000e 38010000 		.4byte	0x138
 1587 0012 42504C5F 		.ascii	"BPL_Init\000"
 1587      496E6974 
 1587      00
 1588 001b 51010000 		.4byte	0x151
 1589 001f 42504C5F 		.ascii	"BPL_CDS5500_ucGetRxMessageCount\000"
 1589      43445335 
 1589      3530305F 
 1589      75634765 
 1589      7452784D 
ARM GAS  C:\Users\Martin\AppData\Local\Temp\ccjlQWOY.s 			page 33


 1590 003f 6A010000 		.4byte	0x16a
 1591 0043 42504C5F 		.ascii	"BPL_CDS5500_ucSetRxMessageCount\000"
 1591      43445335 
 1591      3530305F 
 1591      75635365 
 1591      7452784D 
 1592 0063 92010000 		.4byte	0x192
 1593 0067 42504C5F 		.ascii	"BPL_GetReceiveMsgCount\000"
 1593      47657452 
 1593      65636569 
 1593      76654D73 
 1593      67436F75 
 1594 007e AB010000 		.4byte	0x1ab
 1595 0082 42504C5F 		.ascii	"BPL_GetMessage\000"
 1595      4765744D 
 1595      65737361 
 1595      676500
 1596 0091 F3010000 		.4byte	0x1f3
 1597 0095 42504C5F 		.ascii	"BPL_CDS5500_GetResponse\000"
 1597      43445335 
 1597      3530305F 
 1597      47657452 
 1597      6573706F 
 1598 00ad 77020000 		.4byte	0x277
 1599 00b1 42504C5F 		.ascii	"BPL_TransmitMessage\000"
 1599      5472616E 
 1599      736D6974 
 1599      4D657373 
 1599      61676500 
 1600 00c5 BF020000 		.4byte	0x2bf
 1601 00c9 42504C5F 		.ascii	"BPL_HandleTask\000"
 1601      48616E64 
 1601      6C655461 
 1601      736B00
 1602 00d8 00000000 		.4byte	0x0
 1603              		.section	.debug_aranges,"",%progbits
 1604 0000 54000000 		.4byte	0x54
 1605 0004 0200     		.2byte	0x2
 1606 0006 00000000 		.4byte	.Ldebug_info0
 1607 000a 04       		.byte	0x4
 1608 000b 00       		.byte	0x0
 1609 000c 0000     		.2byte	0x0
 1610 000e 0000     		.2byte	0x0
 1611 0010 00000000 		.4byte	.LFB29
 1612 0014 48000000 		.4byte	.LFE29-.LFB29
 1613 0018 00000000 		.4byte	.LFB30
 1614 001c 16000000 		.4byte	.LFE30-.LFB30
 1615 0020 00000000 		.4byte	.LFB31
 1616 0024 20000000 		.4byte	.LFE31-.LFB31
 1617 0028 00000000 		.4byte	.LFB32
 1618 002c 1A000000 		.4byte	.LFE32-.LFB32
 1619 0030 00000000 		.4byte	.LFB33
 1620 0034 4C000000 		.4byte	.LFE33-.LFB33
 1621 0038 00000000 		.4byte	.LFB34
 1622 003c C0010000 		.4byte	.LFE34-.LFB34
 1623 0040 00000000 		.4byte	.LFB35
 1624 0044 32000000 		.4byte	.LFE35-.LFB35
ARM GAS  C:\Users\Martin\AppData\Local\Temp\ccjlQWOY.s 			page 34


 1625 0048 00000000 		.4byte	.LFB36
 1626 004c 3E010000 		.4byte	.LFE36-.LFB36
 1627 0050 00000000 		.4byte	0x0
 1628 0054 00000000 		.4byte	0x0
 1629              		.section	.debug_ranges,"",%progbits
 1630              	.Ldebug_ranges0:
 1631 0000 00000000 		.4byte	.Ltext0
 1632 0004 00000000 		.4byte	.Letext0
 1633 0008 00000000 		.4byte	.LFB29
 1634 000c 48000000 		.4byte	.LFE29
 1635 0010 00000000 		.4byte	.LFB30
 1636 0014 16000000 		.4byte	.LFE30
 1637 0018 00000000 		.4byte	.LFB31
 1638 001c 20000000 		.4byte	.LFE31
 1639 0020 00000000 		.4byte	.LFB32
 1640 0024 1A000000 		.4byte	.LFE32
 1641 0028 00000000 		.4byte	.LFB33
 1642 002c 4C000000 		.4byte	.LFE33
 1643 0030 00000000 		.4byte	.LFB34
 1644 0034 C0010000 		.4byte	.LFE34
 1645 0038 00000000 		.4byte	.LFB35
 1646 003c 32000000 		.4byte	.LFE35
 1647 0040 00000000 		.4byte	.LFB36
 1648 0044 3E010000 		.4byte	.LFE36
 1649 0048 00000000 		.4byte	0x0
 1650 004c 00000000 		.4byte	0x0
 1651              		.section	.debug_str,"MS",%progbits,1
 1652              	.LASF6:
 1653 0000 6C6F6E67 		.ascii	"long long int\000"
 1653      206C6F6E 
 1653      6720696E 
 1653      7400
 1654              	.LASF21:
 1655 000e 63686563 		.ascii	"checksum\000"
 1655      6B73756D 
 1655      00
 1656              	.LASF33:
 1657 0017 62706C53 		.ascii	"bplStatus\000"
 1657      74617475 
 1657      7300
 1658              	.LASF40:
 1659 0021 75634279 		.ascii	"ucByte\000"
 1659      746500
 1660              	.LASF26:
 1661 0028 75635661 		.ascii	"ucVal\000"
 1661      6C00
 1662              	.LASF37:
 1663 002e 6D73674C 		.ascii	"msgLength\000"
 1663      656E6774 
 1663      6800
 1664              	.LASF27:
 1665 0038 74617267 		.ascii	"target\000"
 1665      657400
 1666              	.LASF22:
 1667 003f 43445335 		.ascii	"CDS5500_MSG\000"
 1667      3530305F 
 1667      4D534700 
ARM GAS  C:\Users\Martin\AppData\Local\Temp\ccjlQWOY.s 			page 35


 1668              	.LASF11:
 1669 004b 666C6F61 		.ascii	"float\000"
 1669      7400
 1670              	.LASF15:
 1671 0051 73746172 		.ascii	"startbyte0\000"
 1671      74627974 
 1671      653000
 1672              	.LASF16:
 1673 005c 73746172 		.ascii	"startbyte1\000"
 1673      74627974 
 1673      653100
 1674              	.LASF14:
 1675 0067 53544154 		.ascii	"STATUS\000"
 1675      555300
 1676              	.LASF23:
 1677 006e 42504C5F 		.ascii	"BPL_Init\000"
 1677      496E6974 
 1677      00
 1678              	.LASF43:
 1679 0077 75634D65 		.ascii	"ucMessageBuffer\000"
 1679      73736167 
 1679      65427566 
 1679      66657200 
 1680              	.LASF42:
 1681 0087 75635374 		.ascii	"ucStartByte2\000"
 1681      61727442 
 1681      79746532 
 1681      00
 1682              	.LASF28:
 1683 0094 72626653 		.ascii	"rbfStatus\000"
 1683      74617475 
 1683      7300
 1684              	.LASF5:
 1685 009e 6C6F6E67 		.ascii	"long unsigned int\000"
 1685      20756E73 
 1685      69676E65 
 1685      6420696E 
 1685      7400
 1686              	.LASF3:
 1687 00b0 73686F72 		.ascii	"short unsigned int\000"
 1687      7420756E 
 1687      7369676E 
 1687      65642069 
 1687      6E7400
 1688              	.LASF48:
 1689 00c3 42504C5F 		.ascii	"BPL_CDS5500_ucRxMessageCount\000"
 1689      43445335 
 1689      3530305F 
 1689      75635278 
 1689      4D657373 
 1690              	.LASF54:
 1691 00e0 49544D5F 		.ascii	"ITM_RxBuffer\000"
 1691      52784275 
 1691      66666572 
 1691      00
 1692              	.LASF1:
 1693 00ed 756E7369 		.ascii	"unsigned char\000"
ARM GAS  C:\Users\Martin\AppData\Local\Temp\ccjlQWOY.s 			page 36


 1693      676E6564 
 1693      20636861 
 1693      7200
 1694              	.LASF36:
 1695 00fb 736F7572 		.ascii	"source\000"
 1695      636500
 1696              	.LASF12:
 1697 0102 646F7562 		.ascii	"double\000"
 1697      6C6500
 1698              	.LASF24:
 1699 0109 42504C5F 		.ascii	"BPL_CDS5500_ucGetRxMessageCount\000"
 1699      43445335 
 1699      3530305F 
 1699      75634765 
 1699      7452784D 
 1700              	.LASF17:
 1701 0129 6D6F746F 		.ascii	"motorId\000"
 1701      72496400 
 1702              	.LASF50:
 1703 0131 2E5C6270 		.ascii	".\\bpl.c\000"
 1703      6C2E6300 
 1704              	.LASF8:
 1705 0139 756E7369 		.ascii	"unsigned int\000"
 1705      676E6564 
 1705      20696E74 
 1705      00
 1706              	.LASF52:
 1707 0146 5F636473 		.ascii	"_cds5500_msg\000"
 1707      35353030 
 1707      5F6D7367 
 1707      00
 1708              	.LASF44:
 1709 0153 42504C5F 		.ascii	"BPL_aucReceiveBuffer\000"
 1709      61756352 
 1709      65636569 
 1709      76654275 
 1709      66666572 
 1710              	.LASF46:
 1711 0168 42504C5F 		.ascii	"BPL_ucReceiveBufferIndex\000"
 1711      75635265 
 1711      63656976 
 1711      65427566 
 1711      66657249 
 1712              	.LASF7:
 1713 0181 6C6F6E67 		.ascii	"long long unsigned int\000"
 1713      206C6F6E 
 1713      6720756E 
 1713      7369676E 
 1713      65642069 
 1714              	.LASF9:
 1715 0198 75696E74 		.ascii	"uint8_t\000"
 1715      385F7400 
 1716              	.LASF0:
 1717 01a0 7369676E 		.ascii	"signed char\000"
 1717      65642063 
 1717      68617200 
 1718              	.LASF39:
ARM GAS  C:\Users\Martin\AppData\Local\Temp\ccjlQWOY.s 			page 37


 1719 01ac 42706C53 		.ascii	"BplStatus\000"
 1719      74617475 
 1719      7300
 1720              	.LASF38:
 1721 01b6 42504C5F 		.ascii	"BPL_HandleTask\000"
 1721      48616E64 
 1721      6C655461 
 1721      736B00
 1722              	.LASF19:
 1723 01c5 696E7374 		.ascii	"instrId\000"
 1723      72496400 
 1724              	.LASF49:
 1725 01cd 474E5520 		.ascii	"GNU C 4.4.1\000"
 1725      4320342E 
 1725      342E3100 
 1726              	.LASF29:
 1727 01d9 75634E75 		.ascii	"ucNumBytes\000"
 1727      6D427974 
 1727      657300
 1728              	.LASF25:
 1729 01e4 42504C5F 		.ascii	"BPL_GetReceiveMsgCount\000"
 1729      47657452 
 1729      65636569 
 1729      76654D73 
 1729      67436F75 
 1730              	.LASF2:
 1731 01fb 73686F72 		.ascii	"short int\000"
 1731      7420696E 
 1731      7400
 1732              	.LASF32:
 1733 0205 74617267 		.ascii	"targetAddr\000"
 1733      65744164 
 1733      647200
 1734              	.LASF10:
 1735 0210 75696E74 		.ascii	"uint8\000"
 1735      3800
 1736              	.LASF53:
 1737 0216 42504C5F 		.ascii	"BPL_CDS5500_ucSetRxMessageCount\000"
 1737      43445335 
 1737      3530305F 
 1737      75635365 
 1737      7452784D 
 1738              	.LASF4:
 1739 0236 6C6F6E67 		.ascii	"long int\000"
 1739      20696E74 
 1739      00
 1740              	.LASF13:
 1741 023f 63686172 		.ascii	"char\000"
 1741      00
 1742              	.LASF31:
 1743 0244 42504C5F 		.ascii	"BPL_CDS5500_GetResponse\000"
 1743      43445335 
 1743      3530305F 
 1743      47657452 
 1743      6573706F 
 1744              	.LASF20:
 1745 025c 696E7374 		.ascii	"instrParams\000"
ARM GAS  C:\Users\Martin\AppData\Local\Temp\ccjlQWOY.s 			page 38


 1745      72506172 
 1745      616D7300 
 1746              	.LASF47:
 1747 0268 42504C5F 		.ascii	"BPL_ucTransmitBufferIndex\000"
 1747      75635472 
 1747      616E736D 
 1747      69744275 
 1747      66666572 
 1748              	.LASF41:
 1749 0282 75635374 		.ascii	"ucStartByte1\000"
 1749      61727442 
 1749      79746531 
 1749      00
 1750              	.LASF34:
 1751 028f 75635465 		.ascii	"ucTempChecksum\000"
 1751      6D704368 
 1751      65636B73 
 1751      756D00
 1752              	.LASF35:
 1753 029e 42504C5F 		.ascii	"BPL_TransmitMessage\000"
 1753      5472616E 
 1753      736D6974 
 1753      4D657373 
 1753      61676500 
 1754              	.LASF18:
 1755 02b2 6C656E67 		.ascii	"length\000"
 1755      746800
 1756              	.LASF51:
 1757 02b9 583A5C47 		.ascii	"X:\\GitHub_roboticscode\\roboticscode\\psoc\\psoc_c"
 1757      69744875 
 1757      625F726F 
 1757      626F7469 
 1757      6373636F 
 1758 02e8 72656174 		.ascii	"reator_2.2\\DrivePlatform3\\DrivePlatform3\\DrivePl"
 1758      6F725F32 
 1758      2E325C44 
 1758      72697665 
 1758      506C6174 
 1759 0318 6174666F 		.ascii	"atform3.cydsn\000"
 1759      726D332E 
 1759      63796473 
 1759      6E00
 1760              	.LASF30:
 1761 0326 42504C5F 		.ascii	"BPL_GetMessage\000"
 1761      4765744D 
 1761      65737361 
 1761      676500
 1762              	.LASF45:
 1763 0335 42504C5F 		.ascii	"BPL_aucTransmitBuffer\000"
 1763      61756354 
 1763      72616E73 
 1763      6D697442 
 1763      75666665 
 1764              		.ident	"GCC: (Sourcery G++ Lite 2010q1-188) 4.4.1"
