ARM GAS  C:\Users\Martin\AppData\Local\Temp\ccWFI6zc.s 			page 1


   1              		.syntax unified
   2              		.cpu cortex-m3
   3              		.fpu softvfp
   4              		.eabi_attribute 20, 1
   5              		.eabi_attribute 21, 1
   6              		.eabi_attribute 23, 3
   7              		.eabi_attribute 24, 1
   8              		.eabi_attribute 25, 1
   9              		.eabi_attribute 26, 1
  10              		.eabi_attribute 30, 6
  11              		.eabi_attribute 18, 4
  12              		.thumb
  13              		.file	"move.c"
  14              		.section	.debug_abbrev,"",%progbits
  15              	.Ldebug_abbrev0:
  16              		.section	.debug_info,"",%progbits
  17              	.Ldebug_info0:
  18              		.section	.debug_line,"",%progbits
  19              	.Ldebug_line0:
  20 0000 41010000 		.text
  20      02000701 
  20      00000201 
  20      FB0E0D00 
  20      01010101 
  21              	.Ltext0:
  22              		.cfi_sections	.debug_frame
  23              		.section	.text.MOV_Init,"ax",%progbits
  24              		.align	2
  25              		.global	MOV_Init
  26              		.thumb
  27              		.thumb_func
  28              		.type	MOV_Init, %function
  29              	MOV_Init:
  30              	.LFB29:
  31              		.file 1 ".\\move.c"
   1:.\move.c      **** /* Copyright (C) <2014> <Martin Schalk>
   2:.\move.c      ****  * All rights reserved.
   3:.\move.c      ****  *
   4:.\move.c      ****  * This software may be modified and distributed under the terms
   5:.\move.c      ****  * of the BSD license.  See the LICENSE file for details.
   6:.\move.c      ****  */
   7:.\move.c      ****  
   8:.\move.c      **** #include <project.h>
   9:.\move.c      **** #include <stdio.h>
  10:.\move.c      **** #include "types.h"
  11:.\move.c      **** #include "move.h"
  12:.\move.c      **** #include "servo_cds5500.h"
  13:.\move.c      **** 
  14:.\move.c      **** //#include "bal.h"
  15:.\move.c      **** #include "global.h"
  16:.\move.c      **** //#include "tmr.h"
  17:.\move.c      **** 
  18:.\move.c      **** //static CDS5500_STATUS Servo1;
  19:.\move.c      **** 
  20:.\move.c      **** 
  21:.\move.c      **** 
  22:.\move.c      **** /*****************************************************************/
ARM GAS  C:\Users\Martin\AppData\Local\Temp\ccWFI6zc.s 			page 2


  23:.\move.c      **** STATUS MOV_Init(void)
  24:.\move.c      **** {
  32              		.loc 1 24 0
  33              		.cfi_startproc
  34              		@ args = 0, pretend = 0, frame = 0
  35              		@ frame_needed = 1, uses_anonymous_args = 0
  36              		@ link register save eliminated.
  37 0000 80B4     		push	{r7}
  38              	.LCFI0:
  39              		.cfi_def_cfa_offset 4
  40 0002 00AF     		add	r7, sp, #0
  41              		.cfi_offset 7, -4
  42              	.LCFI1:
  43              		.cfi_def_cfa_register 7
  25:.\move.c      ****     return SUCCESS;
  44              		.loc 1 25 0
  45 0004 4FF00003 		mov	r3, #0
  26:.\move.c      **** }
  46              		.loc 1 26 0
  47 0008 1846     		mov	r0, r3
  48 000a BD46     		mov	sp, r7
  49 000c 80BC     		pop	{r7}
  50 000e 7047     		bx	lr
  51              		.cfi_endproc
  52              	.LFE29:
  53              		.size	MOV_Init, .-MOV_Init
  54              		.section	.text.MOV_HandleTask,"ax",%progbits
  55              		.align	2
  56              		.global	MOV_HandleTask
  57              		.thumb
  58              		.thumb_func
  59              		.type	MOV_HandleTask, %function
  60              	MOV_HandleTask:
  61              	.LFB30:
  27:.\move.c      **** 
  28:.\move.c      **** /*****************************************************************/
  29:.\move.c      **** STATUS MOV_HandleTask(void)
  30:.\move.c      **** {
  62              		.loc 1 30 0
  63              		.cfi_startproc
  64              		@ args = 0, pretend = 0, frame = 8
  65              		@ frame_needed = 1, uses_anonymous_args = 0
  66              		@ link register save eliminated.
  67 0000 80B4     		push	{r7}
  68              	.LCFI2:
  69              		.cfi_def_cfa_offset 4
  70 0002 83B0     		sub	sp, sp, #12
  71              	.LCFI3:
  72              		.cfi_def_cfa_offset 16
  73 0004 00AF     		add	r7, sp, #0
  74              		.cfi_offset 7, -4
  75              	.LCFI4:
  76              		.cfi_def_cfa_register 7
  31:.\move.c      ****     STATUS balStatus;
  32:.\move.c      **** 
  33:.\move.c      ****     return balStatus;
  77              		.loc 1 33 0
ARM GAS  C:\Users\Martin\AppData\Local\Temp\ccWFI6zc.s 			page 3


  78 0006 FB79     		ldrb	r3, [r7, #7]	@ zero_extendqisi2
  34:.\move.c      **** }
  79              		.loc 1 34 0
  80 0008 1846     		mov	r0, r3
  81 000a 07F10C07 		add	r7, r7, #12
  82 000e BD46     		mov	sp, r7
  83 0010 80BC     		pop	{r7}
  84 0012 7047     		bx	lr
  85              		.cfi_endproc
  86              	.LFE30:
  87              		.size	MOV_HandleTask, .-MOV_HandleTask
  88              		.section	.text.MOV_ucTest,"ax",%progbits
  89              		.align	2
  90              		.global	MOV_ucTest
  91              		.thumb
  92              		.thumb_func
  93              		.type	MOV_ucTest, %function
  94              	MOV_ucTest:
  95              	.LFB31:
  35:.\move.c      **** 
  36:.\move.c      **** /*****************************************************************/
  37:.\move.c      **** /*****************************************************************/
  38:.\move.c      **** #ifdef MOV_MODULE_TEST
  39:.\move.c      **** 
  40:.\move.c      **** void MOV_ucTest(void)
  41:.\move.c      **** {
  96              		.loc 1 41 0
  97              		.cfi_startproc
  98              		@ args = 0, pretend = 0, frame = 8
  99              		@ frame_needed = 1, uses_anonymous_args = 0
 100 0000 80B5     		push	{r7, lr}
 101              	.LCFI5:
 102              		.cfi_def_cfa_offset 8
 103 0002 82B0     		sub	sp, sp, #8
 104              	.LCFI6:
 105              		.cfi_def_cfa_offset 16
 106 0004 00AF     		add	r7, sp, #0
 107              		.cfi_offset 14, -4
 108              		.cfi_offset 7, -8
 109              	.LCFI7:
 110              		.cfi_def_cfa_register 7
  42:.\move.c      ****     STATUS status;
  43:.\move.c      ****     static uint8_t x = 1;
  44:.\move.c      ****     
  45:.\move.c      ****     if (x)
 111              		.loc 1 45 0
 112 0006 40F20003 		movw	r3, #:lower16:x.3547
 113 000a C0F20003 		movt	r3, #:upper16:x.3547
 114 000e 1B78     		ldrb	r3, [r3, #0]	@ zero_extendqisi2
 115 0010 002B     		cmp	r3, #0
 116 0012 03D0     		beq	.L7
  46:.\move.c      ****     {
  47:.\move.c      ****         CDS5500_Ping(CDS5500_SERVO_1);
 117              		.loc 1 47 0
 118 0014 4FF00100 		mov	r0, #1
 119 0018 FFF7FEFF 		bl	CDS5500_Ping
 120              	.L7:
ARM GAS  C:\Users\Martin\AppData\Local\Temp\ccWFI6zc.s 			page 4


  48:.\move.c      ****     }
  49:.\move.c      **** }
 121              		.loc 1 49 0
 122 001c 07F10807 		add	r7, r7, #8
 123 0020 BD46     		mov	sp, r7
 124 0022 80BD     		pop	{r7, pc}
 125              		.cfi_endproc
 126              	.LFE31:
 127              		.size	MOV_ucTest, .-MOV_ucTest
 128              		.data
 129              		.type	x.3547, %object
 130              		.size	x.3547, 1
 131              	x.3547:
 132 0000 01       		.byte	1
 133              		.text
 134              	.Letext0:
 135              		.section	.debug_loc,"",%progbits
 136              	.Ldebug_loc0:
 137              	.LLST0:
 138 0000 00000000 		.4byte	.LFB29
 139 0004 02000000 		.4byte	.LCFI0
 140 0008 0100     		.2byte	0x1
 141 000a 5D       		.byte	0x5d
 142 000b 02000000 		.4byte	.LCFI0
 143 000f 04000000 		.4byte	.LCFI1
 144 0013 0200     		.2byte	0x2
 145 0015 7D       		.byte	0x7d
 146 0016 04       		.sleb128 4
 147 0017 04000000 		.4byte	.LCFI1
 148 001b 10000000 		.4byte	.LFE29
 149 001f 0200     		.2byte	0x2
 150 0021 77       		.byte	0x77
 151 0022 04       		.sleb128 4
 152 0023 00000000 		.4byte	0x0
 153 0027 00000000 		.4byte	0x0
 154              	.LLST1:
 155 002b 00000000 		.4byte	.LFB30
 156 002f 02000000 		.4byte	.LCFI2
 157 0033 0100     		.2byte	0x1
 158 0035 5D       		.byte	0x5d
 159 0036 02000000 		.4byte	.LCFI2
 160 003a 04000000 		.4byte	.LCFI3
 161 003e 0200     		.2byte	0x2
 162 0040 7D       		.byte	0x7d
 163 0041 04       		.sleb128 4
 164 0042 04000000 		.4byte	.LCFI3
 165 0046 06000000 		.4byte	.LCFI4
 166 004a 0200     		.2byte	0x2
 167 004c 7D       		.byte	0x7d
 168 004d 10       		.sleb128 16
 169 004e 06000000 		.4byte	.LCFI4
 170 0052 14000000 		.4byte	.LFE30
 171 0056 0200     		.2byte	0x2
 172 0058 77       		.byte	0x77
 173 0059 10       		.sleb128 16
 174 005a 00000000 		.4byte	0x0
 175 005e 00000000 		.4byte	0x0
ARM GAS  C:\Users\Martin\AppData\Local\Temp\ccWFI6zc.s 			page 5


 176              	.LLST2:
 177 0062 00000000 		.4byte	.LFB31
 178 0066 02000000 		.4byte	.LCFI5
 179 006a 0100     		.2byte	0x1
 180 006c 5D       		.byte	0x5d
 181 006d 02000000 		.4byte	.LCFI5
 182 0071 04000000 		.4byte	.LCFI6
 183 0075 0200     		.2byte	0x2
 184 0077 7D       		.byte	0x7d
 185 0078 08       		.sleb128 8
 186 0079 04000000 		.4byte	.LCFI6
 187 007d 06000000 		.4byte	.LCFI7
 188 0081 0200     		.2byte	0x2
 189 0083 7D       		.byte	0x7d
 190 0084 10       		.sleb128 16
 191 0085 06000000 		.4byte	.LCFI7
 192 0089 24000000 		.4byte	.LFE31
 193 008d 0200     		.2byte	0x2
 194 008f 77       		.byte	0x77
 195 0090 10       		.sleb128 16
 196 0091 00000000 		.4byte	0x0
 197 0095 00000000 		.4byte	0x0
 198              		.file 2 "c:\\program files (x86)\\cypress\\psoc creator\\2.2\\psoc creator\\import\\gnu_cs\\arm\\4
 199              		.file 3 "./Generated_Source/PSoC5/cytypes.h"
 200              		.file 4 ".\\/types.h"
 201              		.file 5 "./Generated_Source/PSoC5/core_cm3.h"
 202              		.section	.debug_info
 203 0000 34010000 		.4byte	0x134
 204 0004 0200     		.2byte	0x2
 205 0006 00000000 		.4byte	.Ldebug_abbrev0
 206 000a 04       		.byte	0x4
 207 000b 01       		.uleb128 0x1
 208 000c FC000000 		.4byte	.LASF17
 209 0010 01       		.byte	0x1
 210 0011 21000000 		.4byte	.LASF18
 211 0015 42000000 		.4byte	.LASF19
 212 0019 00000000 		.4byte	0x0
 213 001d 00000000 		.4byte	0x0
 214 0021 00000000 		.4byte	.Ldebug_ranges0+0x0
 215 0025 00000000 		.4byte	.Ldebug_line0
 216 0029 02       		.uleb128 0x2
 217 002a 01       		.byte	0x1
 218 002b 06       		.byte	0x6
 219 002c 42010000 		.4byte	.LASF0
 220 0030 03       		.uleb128 0x3
 221 0031 AF000000 		.4byte	.LASF9
 222 0035 02       		.byte	0x2
 223 0036 2A       		.byte	0x2a
 224 0037 3B000000 		.4byte	0x3b
 225 003b 02       		.uleb128 0x2
 226 003c 01       		.byte	0x1
 227 003d 08       		.byte	0x8
 228 003e 12010000 		.4byte	.LASF1
 229 0042 02       		.uleb128 0x2
 230 0043 02       		.byte	0x2
 231 0044 05       		.byte	0x5
 232 0045 5D010000 		.4byte	.LASF2
ARM GAS  C:\Users\Martin\AppData\Local\Temp\ccWFI6zc.s 			page 6


 233 0049 02       		.uleb128 0x2
 234 004a 02       		.byte	0x2
 235 004b 07       		.byte	0x7
 236 004c 0E000000 		.4byte	.LASF3
 237 0050 02       		.uleb128 0x2
 238 0051 04       		.byte	0x4
 239 0052 05       		.byte	0x5
 240 0053 25010000 		.4byte	.LASF4
 241 0057 02       		.uleb128 0x2
 242 0058 04       		.byte	0x4
 243 0059 07       		.byte	0x7
 244 005a C4000000 		.4byte	.LASF5
 245 005e 02       		.uleb128 0x2
 246 005f 08       		.byte	0x8
 247 0060 05       		.byte	0x5
 248 0061 00000000 		.4byte	.LASF6
 249 0065 02       		.uleb128 0x2
 250 0066 08       		.byte	0x8
 251 0067 07       		.byte	0x7
 252 0068 D6000000 		.4byte	.LASF7
 253 006c 04       		.uleb128 0x4
 254 006d 04       		.byte	0x4
 255 006e 05       		.byte	0x5
 256 006f 696E7400 		.ascii	"int\000"
 257 0073 02       		.uleb128 0x2
 258 0074 04       		.byte	0x4
 259 0075 07       		.byte	0x7
 260 0076 2A000000 		.4byte	.LASF8
 261 007a 03       		.uleb128 0x3
 262 007b BE000000 		.4byte	.LASF10
 263 007f 03       		.byte	0x3
 264 0080 4C       		.byte	0x4c
 265 0081 3B000000 		.4byte	0x3b
 266 0085 02       		.uleb128 0x2
 267 0086 04       		.byte	0x4
 268 0087 04       		.byte	0x4
 269 0088 57010000 		.4byte	.LASF11
 270 008c 02       		.uleb128 0x2
 271 008d 08       		.byte	0x8
 272 008e 04       		.byte	0x4
 273 008f 2E010000 		.4byte	.LASF12
 274 0093 02       		.uleb128 0x2
 275 0094 01       		.byte	0x1
 276 0095 08       		.byte	0x8
 277 0096 20010000 		.4byte	.LASF13
 278 009a 05       		.uleb128 0x5
 279 009b 04       		.byte	0x4
 280 009c 07       		.byte	0x7
 281 009d 03       		.uleb128 0x3
 282 009e 67010000 		.4byte	.LASF14
 283 00a2 04       		.byte	0x4
 284 00a3 0F       		.byte	0xf
 285 00a4 7A000000 		.4byte	0x7a
 286 00a8 06       		.uleb128 0x6
 287 00a9 01       		.byte	0x1
 288 00aa 4E010000 		.4byte	.LASF20
 289 00ae 01       		.byte	0x1
ARM GAS  C:\Users\Martin\AppData\Local\Temp\ccWFI6zc.s 			page 7


 290 00af 17       		.byte	0x17
 291 00b0 01       		.byte	0x1
 292 00b1 9D000000 		.4byte	0x9d
 293 00b5 00000000 		.4byte	.LFB29
 294 00b9 10000000 		.4byte	.LFE29
 295 00bd 00000000 		.4byte	.LLST0
 296 00c1 07       		.uleb128 0x7
 297 00c2 01       		.byte	0x1
 298 00c3 ED000000 		.4byte	.LASF21
 299 00c7 01       		.byte	0x1
 300 00c8 1D       		.byte	0x1d
 301 00c9 01       		.byte	0x1
 302 00ca 9D000000 		.4byte	0x9d
 303 00ce 00000000 		.4byte	.LFB30
 304 00d2 14000000 		.4byte	.LFE30
 305 00d6 2B000000 		.4byte	.LLST1
 306 00da ED000000 		.4byte	0xed
 307 00de 08       		.uleb128 0x8
 308 00df 08010000 		.4byte	.LASF15
 309 00e3 01       		.byte	0x1
 310 00e4 1F       		.byte	0x1f
 311 00e5 9D000000 		.4byte	0x9d
 312 00e9 02       		.byte	0x2
 313 00ea 91       		.byte	0x91
 314 00eb 77       		.sleb128 -9
 315 00ec 00       		.byte	0x0
 316 00ed 09       		.uleb128 0x9
 317 00ee 01       		.byte	0x1
 318 00ef 37000000 		.4byte	.LASF22
 319 00f3 01       		.byte	0x1
 320 00f4 28       		.byte	0x28
 321 00f5 01       		.byte	0x1
 322 00f6 00000000 		.4byte	.LFB31
 323 00fa 24000000 		.4byte	.LFE31
 324 00fe 62000000 		.4byte	.LLST2
 325 0102 24010000 		.4byte	0x124
 326 0106 08       		.uleb128 0x8
 327 0107 B7000000 		.4byte	.LASF16
 328 010b 01       		.byte	0x1
 329 010c 2A       		.byte	0x2a
 330 010d 9D000000 		.4byte	0x9d
 331 0111 02       		.byte	0x2
 332 0112 91       		.byte	0x91
 333 0113 77       		.sleb128 -9
 334 0114 0A       		.uleb128 0xa
 335 0115 7800     		.ascii	"x\000"
 336 0117 01       		.byte	0x1
 337 0118 2B       		.byte	0x2b
 338 0119 30000000 		.4byte	0x30
 339 011d 05       		.byte	0x5
 340 011e 03       		.byte	0x3
 341 011f 00000000 		.4byte	x.3547
 342 0123 00       		.byte	0x0
 343 0124 0B       		.uleb128 0xb
 344 0125 35010000 		.4byte	.LASF23
 345 0129 05       		.byte	0x5
 346 012a CE06     		.2byte	0x6ce
ARM GAS  C:\Users\Martin\AppData\Local\Temp\ccWFI6zc.s 			page 8


 347 012c 32010000 		.4byte	0x132
 348 0130 01       		.byte	0x1
 349 0131 01       		.byte	0x1
 350 0132 0C       		.uleb128 0xc
 351 0133 6C000000 		.4byte	0x6c
 352 0137 00       		.byte	0x0
 353              		.section	.debug_abbrev
 354 0000 01       		.uleb128 0x1
 355 0001 11       		.uleb128 0x11
 356 0002 01       		.byte	0x1
 357 0003 25       		.uleb128 0x25
 358 0004 0E       		.uleb128 0xe
 359 0005 13       		.uleb128 0x13
 360 0006 0B       		.uleb128 0xb
 361 0007 03       		.uleb128 0x3
 362 0008 0E       		.uleb128 0xe
 363 0009 1B       		.uleb128 0x1b
 364 000a 0E       		.uleb128 0xe
 365 000b 11       		.uleb128 0x11
 366 000c 01       		.uleb128 0x1
 367 000d 52       		.uleb128 0x52
 368 000e 01       		.uleb128 0x1
 369 000f 55       		.uleb128 0x55
 370 0010 06       		.uleb128 0x6
 371 0011 10       		.uleb128 0x10
 372 0012 06       		.uleb128 0x6
 373 0013 00       		.byte	0x0
 374 0014 00       		.byte	0x0
 375 0015 02       		.uleb128 0x2
 376 0016 24       		.uleb128 0x24
 377 0017 00       		.byte	0x0
 378 0018 0B       		.uleb128 0xb
 379 0019 0B       		.uleb128 0xb
 380 001a 3E       		.uleb128 0x3e
 381 001b 0B       		.uleb128 0xb
 382 001c 03       		.uleb128 0x3
 383 001d 0E       		.uleb128 0xe
 384 001e 00       		.byte	0x0
 385 001f 00       		.byte	0x0
 386 0020 03       		.uleb128 0x3
 387 0021 16       		.uleb128 0x16
 388 0022 00       		.byte	0x0
 389 0023 03       		.uleb128 0x3
 390 0024 0E       		.uleb128 0xe
 391 0025 3A       		.uleb128 0x3a
 392 0026 0B       		.uleb128 0xb
 393 0027 3B       		.uleb128 0x3b
 394 0028 0B       		.uleb128 0xb
 395 0029 49       		.uleb128 0x49
 396 002a 13       		.uleb128 0x13
 397 002b 00       		.byte	0x0
 398 002c 00       		.byte	0x0
 399 002d 04       		.uleb128 0x4
 400 002e 24       		.uleb128 0x24
 401 002f 00       		.byte	0x0
 402 0030 0B       		.uleb128 0xb
 403 0031 0B       		.uleb128 0xb
ARM GAS  C:\Users\Martin\AppData\Local\Temp\ccWFI6zc.s 			page 9


 404 0032 3E       		.uleb128 0x3e
 405 0033 0B       		.uleb128 0xb
 406 0034 03       		.uleb128 0x3
 407 0035 08       		.uleb128 0x8
 408 0036 00       		.byte	0x0
 409 0037 00       		.byte	0x0
 410 0038 05       		.uleb128 0x5
 411 0039 24       		.uleb128 0x24
 412 003a 00       		.byte	0x0
 413 003b 0B       		.uleb128 0xb
 414 003c 0B       		.uleb128 0xb
 415 003d 3E       		.uleb128 0x3e
 416 003e 0B       		.uleb128 0xb
 417 003f 00       		.byte	0x0
 418 0040 00       		.byte	0x0
 419 0041 06       		.uleb128 0x6
 420 0042 2E       		.uleb128 0x2e
 421 0043 00       		.byte	0x0
 422 0044 3F       		.uleb128 0x3f
 423 0045 0C       		.uleb128 0xc
 424 0046 03       		.uleb128 0x3
 425 0047 0E       		.uleb128 0xe
 426 0048 3A       		.uleb128 0x3a
 427 0049 0B       		.uleb128 0xb
 428 004a 3B       		.uleb128 0x3b
 429 004b 0B       		.uleb128 0xb
 430 004c 27       		.uleb128 0x27
 431 004d 0C       		.uleb128 0xc
 432 004e 49       		.uleb128 0x49
 433 004f 13       		.uleb128 0x13
 434 0050 11       		.uleb128 0x11
 435 0051 01       		.uleb128 0x1
 436 0052 12       		.uleb128 0x12
 437 0053 01       		.uleb128 0x1
 438 0054 40       		.uleb128 0x40
 439 0055 06       		.uleb128 0x6
 440 0056 00       		.byte	0x0
 441 0057 00       		.byte	0x0
 442 0058 07       		.uleb128 0x7
 443 0059 2E       		.uleb128 0x2e
 444 005a 01       		.byte	0x1
 445 005b 3F       		.uleb128 0x3f
 446 005c 0C       		.uleb128 0xc
 447 005d 03       		.uleb128 0x3
 448 005e 0E       		.uleb128 0xe
 449 005f 3A       		.uleb128 0x3a
 450 0060 0B       		.uleb128 0xb
 451 0061 3B       		.uleb128 0x3b
 452 0062 0B       		.uleb128 0xb
 453 0063 27       		.uleb128 0x27
 454 0064 0C       		.uleb128 0xc
 455 0065 49       		.uleb128 0x49
 456 0066 13       		.uleb128 0x13
 457 0067 11       		.uleb128 0x11
 458 0068 01       		.uleb128 0x1
 459 0069 12       		.uleb128 0x12
 460 006a 01       		.uleb128 0x1
ARM GAS  C:\Users\Martin\AppData\Local\Temp\ccWFI6zc.s 			page 10


 461 006b 40       		.uleb128 0x40
 462 006c 06       		.uleb128 0x6
 463 006d 01       		.uleb128 0x1
 464 006e 13       		.uleb128 0x13
 465 006f 00       		.byte	0x0
 466 0070 00       		.byte	0x0
 467 0071 08       		.uleb128 0x8
 468 0072 34       		.uleb128 0x34
 469 0073 00       		.byte	0x0
 470 0074 03       		.uleb128 0x3
 471 0075 0E       		.uleb128 0xe
 472 0076 3A       		.uleb128 0x3a
 473 0077 0B       		.uleb128 0xb
 474 0078 3B       		.uleb128 0x3b
 475 0079 0B       		.uleb128 0xb
 476 007a 49       		.uleb128 0x49
 477 007b 13       		.uleb128 0x13
 478 007c 02       		.uleb128 0x2
 479 007d 0A       		.uleb128 0xa
 480 007e 00       		.byte	0x0
 481 007f 00       		.byte	0x0
 482 0080 09       		.uleb128 0x9
 483 0081 2E       		.uleb128 0x2e
 484 0082 01       		.byte	0x1
 485 0083 3F       		.uleb128 0x3f
 486 0084 0C       		.uleb128 0xc
 487 0085 03       		.uleb128 0x3
 488 0086 0E       		.uleb128 0xe
 489 0087 3A       		.uleb128 0x3a
 490 0088 0B       		.uleb128 0xb
 491 0089 3B       		.uleb128 0x3b
 492 008a 0B       		.uleb128 0xb
 493 008b 27       		.uleb128 0x27
 494 008c 0C       		.uleb128 0xc
 495 008d 11       		.uleb128 0x11
 496 008e 01       		.uleb128 0x1
 497 008f 12       		.uleb128 0x12
 498 0090 01       		.uleb128 0x1
 499 0091 40       		.uleb128 0x40
 500 0092 06       		.uleb128 0x6
 501 0093 01       		.uleb128 0x1
 502 0094 13       		.uleb128 0x13
 503 0095 00       		.byte	0x0
 504 0096 00       		.byte	0x0
 505 0097 0A       		.uleb128 0xa
 506 0098 34       		.uleb128 0x34
 507 0099 00       		.byte	0x0
 508 009a 03       		.uleb128 0x3
 509 009b 08       		.uleb128 0x8
 510 009c 3A       		.uleb128 0x3a
 511 009d 0B       		.uleb128 0xb
 512 009e 3B       		.uleb128 0x3b
 513 009f 0B       		.uleb128 0xb
 514 00a0 49       		.uleb128 0x49
 515 00a1 13       		.uleb128 0x13
 516 00a2 02       		.uleb128 0x2
 517 00a3 0A       		.uleb128 0xa
ARM GAS  C:\Users\Martin\AppData\Local\Temp\ccWFI6zc.s 			page 11


 518 00a4 00       		.byte	0x0
 519 00a5 00       		.byte	0x0
 520 00a6 0B       		.uleb128 0xb
 521 00a7 34       		.uleb128 0x34
 522 00a8 00       		.byte	0x0
 523 00a9 03       		.uleb128 0x3
 524 00aa 0E       		.uleb128 0xe
 525 00ab 3A       		.uleb128 0x3a
 526 00ac 0B       		.uleb128 0xb
 527 00ad 3B       		.uleb128 0x3b
 528 00ae 05       		.uleb128 0x5
 529 00af 49       		.uleb128 0x49
 530 00b0 13       		.uleb128 0x13
 531 00b1 3F       		.uleb128 0x3f
 532 00b2 0C       		.uleb128 0xc
 533 00b3 3C       		.uleb128 0x3c
 534 00b4 0C       		.uleb128 0xc
 535 00b5 00       		.byte	0x0
 536 00b6 00       		.byte	0x0
 537 00b7 0C       		.uleb128 0xc
 538 00b8 35       		.uleb128 0x35
 539 00b9 00       		.byte	0x0
 540 00ba 49       		.uleb128 0x49
 541 00bb 13       		.uleb128 0x13
 542 00bc 00       		.byte	0x0
 543 00bd 00       		.byte	0x0
 544 00be 00       		.byte	0x0
 545              		.section	.debug_pubnames,"",%progbits
 546 0000 3D000000 		.4byte	0x3d
 547 0004 0200     		.2byte	0x2
 548 0006 00000000 		.4byte	.Ldebug_info0
 549 000a 38010000 		.4byte	0x138
 550 000e A8000000 		.4byte	0xa8
 551 0012 4D4F565F 		.ascii	"MOV_Init\000"
 551      496E6974 
 551      00
 552 001b C1000000 		.4byte	0xc1
 553 001f 4D4F565F 		.ascii	"MOV_HandleTask\000"
 553      48616E64 
 553      6C655461 
 553      736B00
 554 002e ED000000 		.4byte	0xed
 555 0032 4D4F565F 		.ascii	"MOV_ucTest\000"
 555      75635465 
 555      737400
 556 003d 00000000 		.4byte	0x0
 557              		.section	.debug_aranges,"",%progbits
 558 0000 2C000000 		.4byte	0x2c
 559 0004 0200     		.2byte	0x2
 560 0006 00000000 		.4byte	.Ldebug_info0
 561 000a 04       		.byte	0x4
 562 000b 00       		.byte	0x0
 563 000c 0000     		.2byte	0x0
 564 000e 0000     		.2byte	0x0
 565 0010 00000000 		.4byte	.LFB29
 566 0014 10000000 		.4byte	.LFE29-.LFB29
 567 0018 00000000 		.4byte	.LFB30
ARM GAS  C:\Users\Martin\AppData\Local\Temp\ccWFI6zc.s 			page 12


 568 001c 14000000 		.4byte	.LFE30-.LFB30
 569 0020 00000000 		.4byte	.LFB31
 570 0024 24000000 		.4byte	.LFE31-.LFB31
 571 0028 00000000 		.4byte	0x0
 572 002c 00000000 		.4byte	0x0
 573              		.section	.debug_ranges,"",%progbits
 574              	.Ldebug_ranges0:
 575 0000 00000000 		.4byte	.Ltext0
 576 0004 00000000 		.4byte	.Letext0
 577 0008 00000000 		.4byte	.LFB29
 578 000c 10000000 		.4byte	.LFE29
 579 0010 00000000 		.4byte	.LFB30
 580 0014 14000000 		.4byte	.LFE30
 581 0018 00000000 		.4byte	.LFB31
 582 001c 24000000 		.4byte	.LFE31
 583 0020 00000000 		.4byte	0x0
 584 0024 00000000 		.4byte	0x0
 585              		.section	.debug_str,"MS",%progbits,1
 586              	.LASF6:
 587 0000 6C6F6E67 		.ascii	"long long int\000"
 587      206C6F6E 
 587      6720696E 
 587      7400
 588              	.LASF3:
 589 000e 73686F72 		.ascii	"short unsigned int\000"
 589      7420756E 
 589      7369676E 
 589      65642069 
 589      6E7400
 590              	.LASF18:
 591 0021 2E5C6D6F 		.ascii	".\\move.c\000"
 591      76652E63 
 591      00
 592              	.LASF8:
 593 002a 756E7369 		.ascii	"unsigned int\000"
 593      676E6564 
 593      20696E74 
 593      00
 594              	.LASF22:
 595 0037 4D4F565F 		.ascii	"MOV_ucTest\000"
 595      75635465 
 595      737400
 596              	.LASF19:
 597 0042 583A5C47 		.ascii	"X:\\GitHub_roboticscode\\roboticscode\\psoc\\psoc_c"
 597      69744875 
 597      625F726F 
 597      626F7469 
 597      6373636F 
 598 0071 72656174 		.ascii	"reator_2.2\\DrivePlatform3\\DrivePlatform3\\DrivePl"
 598      6F725F32 
 598      2E325C44 
 598      72697665 
 598      506C6174 
 599 00a1 6174666F 		.ascii	"atform3.cydsn\000"
 599      726D332E 
 599      63796473 
 599      6E00
ARM GAS  C:\Users\Martin\AppData\Local\Temp\ccWFI6zc.s 			page 13


 600              	.LASF9:
 601 00af 75696E74 		.ascii	"uint8_t\000"
 601      385F7400 
 602              	.LASF16:
 603 00b7 73746174 		.ascii	"status\000"
 603      757300
 604              	.LASF10:
 605 00be 75696E74 		.ascii	"uint8\000"
 605      3800
 606              	.LASF5:
 607 00c4 6C6F6E67 		.ascii	"long unsigned int\000"
 607      20756E73 
 607      69676E65 
 607      6420696E 
 607      7400
 608              	.LASF7:
 609 00d6 6C6F6E67 		.ascii	"long long unsigned int\000"
 609      206C6F6E 
 609      6720756E 
 609      7369676E 
 609      65642069 
 610              	.LASF21:
 611 00ed 4D4F565F 		.ascii	"MOV_HandleTask\000"
 611      48616E64 
 611      6C655461 
 611      736B00
 612              	.LASF17:
 613 00fc 474E5520 		.ascii	"GNU C 4.4.1\000"
 613      4320342E 
 613      342E3100 
 614              	.LASF15:
 615 0108 62616C53 		.ascii	"balStatus\000"
 615      74617475 
 615      7300
 616              	.LASF1:
 617 0112 756E7369 		.ascii	"unsigned char\000"
 617      676E6564 
 617      20636861 
 617      7200
 618              	.LASF13:
 619 0120 63686172 		.ascii	"char\000"
 619      00
 620              	.LASF4:
 621 0125 6C6F6E67 		.ascii	"long int\000"
 621      20696E74 
 621      00
 622              	.LASF12:
 623 012e 646F7562 		.ascii	"double\000"
 623      6C6500
 624              	.LASF23:
 625 0135 49544D5F 		.ascii	"ITM_RxBuffer\000"
 625      52784275 
 625      66666572 
 625      00
 626              	.LASF0:
 627 0142 7369676E 		.ascii	"signed char\000"
 627      65642063 
ARM GAS  C:\Users\Martin\AppData\Local\Temp\ccWFI6zc.s 			page 14


 627      68617200 
 628              	.LASF20:
 629 014e 4D4F565F 		.ascii	"MOV_Init\000"
 629      496E6974 
 629      00
 630              	.LASF11:
 631 0157 666C6F61 		.ascii	"float\000"
 631      7400
 632              	.LASF2:
 633 015d 73686F72 		.ascii	"short int\000"
 633      7420696E 
 633      7400
 634              	.LASF14:
 635 0167 53544154 		.ascii	"STATUS\000"
 635      555300
 636              		.ident	"GCC: (Sourcery G++ Lite 2010q1-188) 4.4.1"
