ARM GAS  C:\Users\Martin\AppData\Local\Temp\cczE0dJe.s 			page 1


   1              		.syntax unified
   2              		.cpu cortex-m3
   3              		.fpu softvfp
   4              		.eabi_attribute 20, 1
   5              		.eabi_attribute 21, 1
   6              		.eabi_attribute 23, 3
   7              		.eabi_attribute 24, 1
   8              		.eabi_attribute 25, 1
   9              		.eabi_attribute 26, 1
  10              		.eabi_attribute 30, 6
  11              		.eabi_attribute 18, 4
  12              		.thumb
  13              		.file	"servo_cds5500.c"
  14              		.section	.debug_abbrev,"",%progbits
  15              	.Ldebug_abbrev0:
  16              		.section	.debug_info,"",%progbits
  17              	.Ldebug_info0:
  18              		.section	.debug_line,"",%progbits
  19              	.Ldebug_line0:
  20 0000 0C010000 		.text
  20      02008000 
  20      00000201 
  20      FB0E0D00 
  20      01010101 
  21              	.Ltext0:
  22              		.cfi_sections	.debug_frame
  23              		.section	.text.CDS5500_GetChecksum,"ax",%progbits
  24              		.align	2
  25              		.global	CDS5500_GetChecksum
  26              		.thumb
  27              		.thumb_func
  28              		.type	CDS5500_GetChecksum, %function
  29              	CDS5500_GetChecksum:
  30              	.LFB29:
  31              		.file 1 ".\\servo_cds5500.c"
   1:.\servo_cds5500.c **** /* Copyright (C) <2014> <Martin Schalk>
   2:.\servo_cds5500.c ****  * All rights reserved.
   3:.\servo_cds5500.c ****  *
   4:.\servo_cds5500.c ****  * This software may be modified and distributed under the terms
   5:.\servo_cds5500.c ****  * of the BSD license.  See the LICENSE file for details.
   6:.\servo_cds5500.c ****  */
   7:.\servo_cds5500.c **** 
   8:.\servo_cds5500.c **** #include <project.h>
   9:.\servo_cds5500.c **** #include <stdio.h>
  10:.\servo_cds5500.c **** #include "servo_cds5500.h"
  11:.\servo_cds5500.c **** 
  12:.\servo_cds5500.c **** #include "bal.h"
  13:.\servo_cds5500.c **** #include "types.h"
  14:.\servo_cds5500.c **** 
  15:.\servo_cds5500.c **** /*------------------------ LOCAL FUNCTIONS -------------------------------*/
  16:.\servo_cds5500.c **** 
  17:.\servo_cds5500.c **** /**************************************************************************/
  18:.\servo_cds5500.c **** uint8 CDS5500_GetChecksum(CDS5500_MSG* msg)
  19:.\servo_cds5500.c **** {
  32              		.loc 1 19 0
  33              		.cfi_startproc
  34              		@ args = 0, pretend = 0, frame = 16
ARM GAS  C:\Users\Martin\AppData\Local\Temp\cczE0dJe.s 			page 2


  35              		@ frame_needed = 1, uses_anonymous_args = 0
  36              		@ link register save eliminated.
  37 0000 80B4     		push	{r7}
  38              	.LCFI0:
  39              		.cfi_def_cfa_offset 4
  40 0002 85B0     		sub	sp, sp, #20
  41              	.LCFI1:
  42              		.cfi_def_cfa_offset 24
  43 0004 00AF     		add	r7, sp, #0
  44              		.cfi_offset 7, -4
  45              	.LCFI2:
  46              		.cfi_def_cfa_register 7
  47 0006 7860     		str	r0, [r7, #4]
  20:.\servo_cds5500.c **** 	uint8 checksum = 0;
  48              		.loc 1 20 0
  49 0008 4FF00003 		mov	r3, #0
  50 000c BB73     		strb	r3, [r7, #14]
  21:.\servo_cds5500.c ****     uint8 i;
  22:.\servo_cds5500.c ****         
  23:.\servo_cds5500.c ****     /* add first 3 bytes of motor message */    
  24:.\servo_cds5500.c ****     checksum = msg->motorId + msg->length + msg->instrId;
  51              		.loc 1 24 0
  52 000e 7B68     		ldr	r3, [r7, #4]
  53 0010 9A78     		ldrb	r2, [r3, #2]	@ zero_extendqisi2
  54 0012 7B68     		ldr	r3, [r7, #4]
  55 0014 DB78     		ldrb	r3, [r3, #3]	@ zero_extendqisi2
  56 0016 1344     		add	r3, r2, r3
  57 0018 DAB2     		uxtb	r2, r3
  58 001a 7B68     		ldr	r3, [r7, #4]
  59 001c 1B79     		ldrb	r3, [r3, #4]	@ zero_extendqisi2
  60 001e 1344     		add	r3, r2, r3
  61 0020 BB73     		strb	r3, [r7, #14]
  25:.\servo_cds5500.c ****     
  26:.\servo_cds5500.c ****     /* add parameter bytes of motor message */   
  27:.\servo_cds5500.c ****     for (i=0; i<msg->length-CDS5500_COMPLEMENTARY_BYTES; i++)
  62              		.loc 1 27 0
  63 0022 4FF00003 		mov	r3, #0
  64 0026 FB73     		strb	r3, [r7, #15]
  65 0028 0AE0     		b	.L2
  66              	.L3:
  28:.\servo_cds5500.c ****         checksum += msg->instrParams[i];
  67              		.loc 1 28 0
  68 002a FA7B     		ldrb	r2, [r7, #15]	@ zero_extendqisi2
  69 002c 7B68     		ldr	r3, [r7, #4]
  70 002e 1344     		add	r3, r2, r3
  71 0030 5A79     		ldrb	r2, [r3, #5]	@ zero_extendqisi2
  72 0032 BB7B     		ldrb	r3, [r7, #14]
  73 0034 1344     		add	r3, r2, r3
  74 0036 BB73     		strb	r3, [r7, #14]
  75              		.loc 1 27 0
  76 0038 FB7B     		ldrb	r3, [r7, #15]
  77 003a 03F10103 		add	r3, r3, #1
  78 003e FB73     		strb	r3, [r7, #15]
  79              	.L2:
  80 0040 FA7B     		ldrb	r2, [r7, #15]	@ zero_extendqisi2
  81 0042 7B68     		ldr	r3, [r7, #4]
  82 0044 DB78     		ldrb	r3, [r3, #3]	@ zero_extendqisi2
ARM GAS  C:\Users\Martin\AppData\Local\Temp\cczE0dJe.s 			page 3


  83 0046 A3F10203 		sub	r3, r3, #2
  84 004a 9A42     		cmp	r2, r3
  85 004c EDDB     		blt	.L3
  29:.\servo_cds5500.c ****       
  30:.\servo_cds5500.c ****     /* invert checksum */    
  31:.\servo_cds5500.c ****     checksum = ~checksum & 0xFF; //    printf((~(ID + (messageLength) + INST_WRITE + P_GOAL_POSITIO
  86              		.loc 1 31 0
  87 004e BB7B     		ldrb	r3, [r7, #14]
  88 0050 6FEA0303 		mvn	r3, r3
  89 0054 BB73     		strb	r3, [r7, #14]
  32:.\servo_cds5500.c **** 	
  33:.\servo_cds5500.c **** 	return checksum;
  90              		.loc 1 33 0
  91 0056 BB7B     		ldrb	r3, [r7, #14]	@ zero_extendqisi2
  34:.\servo_cds5500.c **** }
  92              		.loc 1 34 0
  93 0058 1846     		mov	r0, r3
  94 005a 07F11407 		add	r7, r7, #20
  95 005e BD46     		mov	sp, r7
  96 0060 80BC     		pop	{r7}
  97 0062 7047     		bx	lr
  98              		.cfi_endproc
  99              	.LFE29:
 100              		.size	CDS5500_GetChecksum, .-CDS5500_GetChecksum
 101              		.section	.text.SendServoMsg,"ax",%progbits
 102              		.align	2
 103              		.thumb
 104              		.thumb_func
 105              		.type	SendServoMsg, %function
 106              	SendServoMsg:
 107              	.LFB30:
  35:.\servo_cds5500.c **** 
  36:.\servo_cds5500.c **** /**************************************************************************/
  37:.\servo_cds5500.c **** static STATUS SendServoMsg(uint8 ucMotorId, uint8 ucInstrId, uint8 ucNumParams, uint8* pucInstrPara
  38:.\servo_cds5500.c **** {
 108              		.loc 1 38 0
 109              		.cfi_startproc
 110              		@ args = 0, pretend = 0, frame = 24
 111              		@ frame_needed = 1, uses_anonymous_args = 0
 112 0000 80B5     		push	{r7, lr}
 113              	.LCFI3:
 114              		.cfi_def_cfa_offset 8
 115 0002 86B0     		sub	sp, sp, #24
 116              	.LCFI4:
 117              		.cfi_def_cfa_offset 32
 118 0004 00AF     		add	r7, sp, #0
 119              		.cfi_offset 14, -4
 120              		.cfi_offset 7, -8
 121              	.LCFI5:
 122              		.cfi_def_cfa_register 7
 123 0006 3B60     		str	r3, [r7, #0]
 124 0008 0346     		mov	r3, r0
 125 000a FB71     		strb	r3, [r7, #7]
 126 000c 0B46     		mov	r3, r1
 127 000e BB71     		strb	r3, [r7, #6]
 128 0010 1346     		mov	r3, r2
 129 0012 7B71     		strb	r3, [r7, #5]
ARM GAS  C:\Users\Martin\AppData\Local\Temp\cczE0dJe.s 			page 4


  39:.\servo_cds5500.c ****     CDS5500_MSG msg;
  40:.\servo_cds5500.c ****     
  41:.\servo_cds5500.c ****     msg.startbyte0      = START_BYTE_0_VALUE;
 130              		.loc 1 41 0
 131 0014 4FF0FF33 		mov	r3, #-1
 132 0018 3B72     		strb	r3, [r7, #8]
  42:.\servo_cds5500.c ****     msg.startbyte1      = START_BYTE_1_VALUE;
 133              		.loc 1 42 0
 134 001a 4FF0FF33 		mov	r3, #-1
 135 001e 7B72     		strb	r3, [r7, #9]
  43:.\servo_cds5500.c ****     msg.motorId         = ucMotorId;
 136              		.loc 1 43 0
 137 0020 FB79     		ldrb	r3, [r7, #7]
 138 0022 BB72     		strb	r3, [r7, #10]
  44:.\servo_cds5500.c ****     msg.instrId         = ucInstrId;
 139              		.loc 1 44 0
 140 0024 BB79     		ldrb	r3, [r7, #6]
 141 0026 3B73     		strb	r3, [r7, #12]
  45:.\servo_cds5500.c ****     
  46:.\servo_cds5500.c ****     if ((ucNumParams > 0) && (pucInstrParams != NULL))
 142              		.loc 1 46 0
 143 0028 7B79     		ldrb	r3, [r7, #5]	@ zero_extendqisi2
 144 002a 002B     		cmp	r3, #0
 145 002c 0CD0     		beq	.L6
 146 002e 3B68     		ldr	r3, [r7, #0]
 147 0030 002B     		cmp	r3, #0
 148 0032 09D0     		beq	.L6
  47:.\servo_cds5500.c ****         memcpy(msg.instrParams, pucInstrParams, ucNumParams);
 149              		.loc 1 47 0
 150 0034 7B79     		ldrb	r3, [r7, #5]	@ zero_extendqisi2
 151 0036 07F10802 		add	r2, r7, #8
 152 003a 02F10502 		add	r2, r2, #5
 153 003e 1046     		mov	r0, r2
 154 0040 3968     		ldr	r1, [r7, #0]
 155 0042 1A46     		mov	r2, r3
 156 0044 FFF7FEFF 		bl	memcpy
 157              	.L6:
  48:.\servo_cds5500.c **** 
  49:.\servo_cds5500.c ****     msg.length          = ucNumParams + 2; //number of params + 1 (instrId) + 1 (checksum)
 158              		.loc 1 49 0
 159 0048 7B79     		ldrb	r3, [r7, #5]
 160 004a 03F10203 		add	r3, r3, #2
 161 004e DBB2     		uxtb	r3, r3
 162 0050 FB72     		strb	r3, [r7, #11]
  50:.\servo_cds5500.c ****     msg.checksum        = CDS5500_GetChecksum(&msg);  
 163              		.loc 1 50 0
 164 0052 07F10803 		add	r3, r7, #8
 165 0056 1846     		mov	r0, r3
 166 0058 FFF7FEFF 		bl	CDS5500_GetChecksum
 167 005c 0346     		mov	r3, r0
 168 005e 7B75     		strb	r3, [r7, #21]
  51:.\servo_cds5500.c ****     
  52:.\servo_cds5500.c ****     return BAL_ServoMsg(&msg);
 169              		.loc 1 52 0
 170 0060 07F10803 		add	r3, r7, #8
 171 0064 1846     		mov	r0, r3
 172 0066 FFF7FEFF 		bl	BAL_ServoMsg
ARM GAS  C:\Users\Martin\AppData\Local\Temp\cczE0dJe.s 			page 5


 173 006a 0346     		mov	r3, r0
  53:.\servo_cds5500.c **** }
 174              		.loc 1 53 0
 175 006c 1846     		mov	r0, r3
 176 006e 07F11807 		add	r7, r7, #24
 177 0072 BD46     		mov	sp, r7
 178 0074 80BD     		pop	{r7, pc}
 179              		.cfi_endproc
 180              	.LFE30:
 181              		.size	SendServoMsg, .-SendServoMsg
 182 0076 00BF     		.section	.text.CDS5500_CheckResponse,"ax",%progbits
 183              		.align	2
 184              		.global	CDS5500_CheckResponse
 185              		.thumb
 186              		.thumb_func
 187              		.type	CDS5500_CheckResponse, %function
 188              	CDS5500_CheckResponse:
 189              	.LFB31:
  54:.\servo_cds5500.c **** 
  55:.\servo_cds5500.c **** /**************************************************************************
  56:.\servo_cds5500.c **** CheckResponse
  57:.\servo_cds5500.c **** http://www.dfrobot.com/image/data/SER0026/CDS55XX_Robot_Servo_User_Manual_EN.pdf
  58:.\servo_cds5500.c **** HEADER ID LENGTH ERROR PARAMETER CHECK SUM
  59:.\servo_cds5500.c **** **************************************************************************/
  60:.\servo_cds5500.c **** STATUS CDS5500_CheckResponse(CDS5500_MSG* response)
  61:.\servo_cds5500.c **** {
 190              		.loc 1 61 0
 191              		.cfi_startproc
 192              		@ args = 0, pretend = 0, frame = 16
 193              		@ frame_needed = 1, uses_anonymous_args = 0
 194 0000 80B5     		push	{r7, lr}
 195              	.LCFI6:
 196              		.cfi_def_cfa_offset 8
 197 0002 84B0     		sub	sp, sp, #16
 198              	.LCFI7:
 199              		.cfi_def_cfa_offset 24
 200 0004 00AF     		add	r7, sp, #0
 201              		.cfi_offset 14, -4
 202              		.cfi_offset 7, -8
 203              	.LCFI8:
 204              		.cfi_def_cfa_register 7
 205 0006 7860     		str	r0, [r7, #4]
  62:.\servo_cds5500.c ****     STATUS status=SUCCESS;
 206              		.loc 1 62 0
 207 0008 4FF00003 		mov	r3, #0
 208 000c 7B73     		strb	r3, [r7, #13]
  63:.\servo_cds5500.c ****     uint8 msgCkecksum = response->checksum;
 209              		.loc 1 63 0
 210 000e 7B68     		ldr	r3, [r7, #4]
 211 0010 5B7B     		ldrb	r3, [r3, #13]
 212 0012 BB73     		strb	r3, [r7, #14]
  64:.\servo_cds5500.c ****     uint8 calcChecksum = CDS5500_GetChecksum(response); 
 213              		.loc 1 64 0
 214 0014 7868     		ldr	r0, [r7, #4]
 215 0016 FFF7FEFF 		bl	CDS5500_GetChecksum
 216 001a 0346     		mov	r3, r0
 217 001c FB73     		strb	r3, [r7, #15]
ARM GAS  C:\Users\Martin\AppData\Local\Temp\cczE0dJe.s 			page 6


  65:.\servo_cds5500.c ****     
  66:.\servo_cds5500.c ****     /* compare calculated with received checksum */
  67:.\servo_cds5500.c ****     if (msgCkecksum != calcChecksum)
 218              		.loc 1 67 0
 219 001e BA7B     		ldrb	r2, [r7, #14]	@ zero_extendqisi2
 220 0020 FB7B     		ldrb	r3, [r7, #15]	@ zero_extendqisi2
 221 0022 9A42     		cmp	r2, r3
 222 0024 02D0     		beq	.L9
  68:.\servo_cds5500.c ****         return CDS5500_ERROR_RECEIVED_CHECKSUM;
 223              		.loc 1 68 0
 224 0026 4FF0FE03 		mov	r3, #254
 225 002a 09E0     		b	.L10
 226              	.L9:
  69:.\servo_cds5500.c ****     
  70:.\servo_cds5500.c ****     /* check if error bits are set */
  71:.\servo_cds5500.c ****     if (response->instrParams[0] & CDS5500_ERROR_INSTRUCTION_BIT) 
 227              		.loc 1 71 0
 228 002c 7B68     		ldr	r3, [r7, #4]
 229 002e 5B79     		ldrb	r3, [r3, #5]	@ zero_extendqisi2
 230 0030 03F04003 		and	r3, r3, #64
 231 0034 002B     		cmp	r3, #0
 232 0036 02D0     		beq	.L11
  72:.\servo_cds5500.c ****         status = CDS5500_ERROR_INSTRUCTION;
 233              		.loc 1 72 0
 234 0038 4FF0FF33 		mov	r3, #-1
 235 003c 7B73     		strb	r3, [r7, #13]
 236              	.L11:
  73:.\servo_cds5500.c ****         
  74:.\servo_cds5500.c ****     return status;
 237              		.loc 1 74 0
 238 003e 7B7B     		ldrb	r3, [r7, #13]	@ zero_extendqisi2
 239              	.L10:
  75:.\servo_cds5500.c **** }
 240              		.loc 1 75 0
 241 0040 1846     		mov	r0, r3
 242 0042 07F11007 		add	r7, r7, #16
 243 0046 BD46     		mov	sp, r7
 244 0048 80BD     		pop	{r7, pc}
 245              		.cfi_endproc
 246              	.LFE31:
 247              		.size	CDS5500_CheckResponse, .-CDS5500_CheckResponse
 248 004a 00BF     		.section	.text.CDS5500_Ping,"ax",%progbits
 249              		.align	2
 250              		.global	CDS5500_Ping
 251              		.thumb
 252              		.thumb_func
 253              		.type	CDS5500_Ping, %function
 254              	CDS5500_Ping:
 255              	.LFB32:
  76:.\servo_cds5500.c **** 
  77:.\servo_cds5500.c **** 
  78:.\servo_cds5500.c **** /**************************************************************************
  79:.\servo_cds5500.c **** Does not command any operations. Used for requesting a status 
  80:.\servo_cds5500.c **** packet or to check the existence of a CDS55xx servo with a specific 
  81:.\servo_cds5500.c **** ID. 
  82:.\servo_cds5500.c **** **************************************************************************/
  83:.\servo_cds5500.c **** void CDS5500_Ping(uint8 motorId)
ARM GAS  C:\Users\Martin\AppData\Local\Temp\cczE0dJe.s 			page 7


  84:.\servo_cds5500.c **** {
 256              		.loc 1 84 0
 257              		.cfi_startproc
 258              		@ args = 0, pretend = 0, frame = 24
 259              		@ frame_needed = 1, uses_anonymous_args = 0
 260 0000 90B5     		push	{r4, r7, lr}
 261              	.LCFI9:
 262              		.cfi_def_cfa_offset 12
 263 0002 87B0     		sub	sp, sp, #28
 264              	.LCFI10:
 265              		.cfi_def_cfa_offset 40
 266 0004 00AF     		add	r7, sp, #0
 267              		.cfi_offset 14, -4
 268              		.cfi_offset 7, -8
 269              		.cfi_offset 4, -12
 270              	.LCFI11:
 271              		.cfi_def_cfa_register 7
 272 0006 0346     		mov	r3, r0
 273 0008 FB71     		strb	r3, [r7, #7]
  85:.\servo_cds5500.c ****     STATUS status;
  86:.\servo_cds5500.c **** 
  87:.\servo_cds5500.c ****     CDS5500_MSG msg = { START_BYTE_0_VALUE, 
  88:.\servo_cds5500.c ****                         START_BYTE_1_VALUE, 
  89:.\servo_cds5500.c ****                         motorId,
  90:.\servo_cds5500.c ****                         CDS5500_MSG_LENGTH_PING,
  91:.\servo_cds5500.c ****                         CDS5500_INST_ID_PING,
  92:.\servo_cds5500.c ****                         {0x00},
  93:.\servo_cds5500.c ****                         0x00,
  94:.\servo_cds5500.c ****                       };
 274              		.loc 1 94 0
 275 000a 07F10803 		add	r3, r7, #8
 276 000e 4FF00002 		mov	r2, #0
 277 0012 1A60     		str	r2, [r3, #0]
 278 0014 03F10403 		add	r3, r3, #4
 279 0018 4FF00002 		mov	r2, #0
 280 001c 1A60     		str	r2, [r3, #0]
 281 001e 03F10403 		add	r3, r3, #4
 282 0022 4FF00002 		mov	r2, #0
 283 0026 1A60     		str	r2, [r3, #0]
 284 0028 03F10403 		add	r3, r3, #4
 285 002c 4FF00002 		mov	r2, #0
 286 0030 1A80     		strh	r2, [r3, #0]	@ movhi
 287 0032 03F10203 		add	r3, r3, #2
 288 0036 4FF0FF33 		mov	r3, #-1
 289 003a 3B72     		strb	r3, [r7, #8]
 290 003c 4FF0FF33 		mov	r3, #-1
 291 0040 7B72     		strb	r3, [r7, #9]
 292 0042 FB79     		ldrb	r3, [r7, #7]
 293 0044 BB72     		strb	r3, [r7, #10]
 294 0046 4FF00203 		mov	r3, #2
 295 004a FB72     		strb	r3, [r7, #11]
 296 004c 4FF00103 		mov	r3, #1
 297 0050 3B73     		strb	r3, [r7, #12]
  95:.\servo_cds5500.c ****     
  96:.\servo_cds5500.c ****     //msg.checksum = CDS5500_GetChecksum(&msg);
  97:.\servo_cds5500.c ****     msg.instrParams[msg.length - CDS5500_COMPLEMENTARY_BYTES] = CDS5500_GetChecksum(&msg);
 298              		.loc 1 97 0
ARM GAS  C:\Users\Martin\AppData\Local\Temp\cczE0dJe.s 			page 8


 299 0052 FB7A     		ldrb	r3, [r7, #11]	@ zero_extendqisi2
 300 0054 A3F10204 		sub	r4, r3, #2
 301 0058 07F10803 		add	r3, r7, #8
 302 005c 1846     		mov	r0, r3
 303 005e FFF7FEFF 		bl	CDS5500_GetChecksum
 304 0062 0346     		mov	r3, r0
 305 0064 1A46     		mov	r2, r3
 306 0066 07F11801 		add	r1, r7, #24
 307 006a 01EB0403 		add	r3, r1, r4
 308 006e 03F80B2C 		strb	r2, [r3, #-11]
  98:.\servo_cds5500.c ****                 
  99:.\servo_cds5500.c ****     // SB0  SB1  MID  LEN  INID PAR CHKS
 100:.\servo_cds5500.c ****     // 0xFF 0xFF 0x01 0x02 0x01 -   0xFB                 
 101:.\servo_cds5500.c ****     status = BAL_ServoMsg(&msg);
 309              		.loc 1 101 0
 310 0072 07F10803 		add	r3, r7, #8
 311 0076 1846     		mov	r0, r3
 312 0078 FFF7FEFF 		bl	BAL_ServoMsg
 313 007c 0346     		mov	r3, r0
 314 007e FB75     		strb	r3, [r7, #23]
 102:.\servo_cds5500.c **** 
 103:.\servo_cds5500.c ****     (void)status;
 104:.\servo_cds5500.c **** }
 315              		.loc 1 104 0
 316 0080 07F11C07 		add	r7, r7, #28
 317 0084 BD46     		mov	sp, r7
 318 0086 90BD     		pop	{r4, r7, pc}
 319              		.cfi_endproc
 320              	.LFE32:
 321              		.size	CDS5500_Ping, .-CDS5500_Ping
 322              		.section	.text.CDS5500_WritePos,"ax",%progbits
 323              		.align	2
 324              		.global	CDS5500_WritePos
 325              		.thumb
 326              		.thumb_func
 327              		.type	CDS5500_WritePos, %function
 328              	CDS5500_WritePos:
 329              	.LFB33:
 105:.\servo_cds5500.c **** 
 106:.\servo_cds5500.c **** 
 107:.\servo_cds5500.c **** 
 108:.\servo_cds5500.c **** /**************************************************************************/
 109:.\servo_cds5500.c **** void CDS5500_WritePos(int id, int position, int velocity)
 110:.\servo_cds5500.c **** {
 330              		.loc 1 110 0
 331              		.cfi_startproc
 332              		@ args = 0, pretend = 0, frame = 24
 333              		@ frame_needed = 1, uses_anonymous_args = 0
 334              		@ link register save eliminated.
 335 0000 80B4     		push	{r7}
 336              	.LCFI12:
 337              		.cfi_def_cfa_offset 4
 338 0002 87B0     		sub	sp, sp, #28
 339              	.LCFI13:
 340              		.cfi_def_cfa_offset 32
 341 0004 00AF     		add	r7, sp, #0
 342              		.cfi_offset 7, -4
ARM GAS  C:\Users\Martin\AppData\Local\Temp\cczE0dJe.s 			page 9


 343              	.LCFI14:
 344              		.cfi_def_cfa_register 7
 345 0006 F860     		str	r0, [r7, #12]
 346 0008 B960     		str	r1, [r7, #8]
 347 000a 7A60     		str	r2, [r7, #4]
 111:.\servo_cds5500.c **** 	int messageLength = 7;
 348              		.loc 1 111 0
 349 000c 4FF00703 		mov	r3, #7
 350 0010 7B61     		str	r3, [r7, #20]
 112:.\servo_cds5500.c ****     (void)messageLength;
 113:.\servo_cds5500.c **** 
 114:.\servo_cds5500.c **** 	/*
 115:.\servo_cds5500.c **** 	printf(startByte0);              // send some data
 116:.\servo_cds5500.c **** 	printf(startByte1);
 117:.\servo_cds5500.c **** 	printf(id);
 118:.\servo_cds5500.c **** 	printf(messageLength);
 119:.\servo_cds5500.c **** 	printf(INST_WRITE);
 120:.\servo_cds5500.c **** 	printf(P_GOAL_POSITION_L);
 121:.\servo_cds5500.c **** 	printf(pos);
 122:.\servo_cds5500.c **** 	printf(pos2);
 123:.\servo_cds5500.c **** 	printf(vel);
 124:.\servo_cds5500.c **** 	printf(vel2);
 125:.\servo_cds5500.c **** 	printf((~(ID + (messageLength) + INST_WRITE + P_GOAL_POSITION_L + pos + pos2 + vel + vel2))&0xFF);
 126:.\servo_cds5500.c **** 	*/
 127:.\servo_cds5500.c **** }
 351              		.loc 1 127 0
 352 0012 07F11C07 		add	r7, r7, #28
 353 0016 BD46     		mov	sp, r7
 354 0018 80BC     		pop	{r7}
 355 001a 7047     		bx	lr
 356              		.cfi_endproc
 357              	.LFE33:
 358              		.size	CDS5500_WritePos, .-CDS5500_WritePos
 359              		.section	.text.ServoTest,"ax",%progbits
 360              		.align	2
 361              		.global	ServoTest
 362              		.thumb
 363              		.thumb_func
 364              		.type	ServoTest, %function
 365              	ServoTest:
 366              	.LFB34:
 128:.\servo_cds5500.c **** 
 129:.\servo_cds5500.c **** /**************************************************************************/
 130:.\servo_cds5500.c **** /*
 131:.\servo_cds5500.c **** void CDS5500:: RegWritePos(int ID, int position, int velocity){
 132:.\servo_cds5500.c **** 	int messageLength = 5;
 133:.\servo_cds5500.c **** 	byte pos2 =  position/255;
 134:.\servo_cds5500.c **** 	byte pos =  position%255;	
 135:.\servo_cds5500.c **** 	
 136:.\servo_cds5500.c **** 	byte vel2 =  velocity/255;
 137:.\servo_cds5500.c **** 	byte vel =  velocity%255;
 138:.\servo_cds5500.c **** 
 139:.\servo_cds5500.c **** 	printf(startByte);              // send some data
 140:.\servo_cds5500.c **** 	printf(startByte);
 141:.\servo_cds5500.c **** 	printf(ID);
 142:.\servo_cds5500.c **** 	printf(messageLength);
 143:.\servo_cds5500.c **** 	printf(INST_REG_WRITE);
ARM GAS  C:\Users\Martin\AppData\Local\Temp\cczE0dJe.s 			page 10


 144:.\servo_cds5500.c **** 	printf(P_GOAL_POSITION_L);
 145:.\servo_cds5500.c **** 	printf(pos);
 146:.\servo_cds5500.c **** 	printf(pos2);
 147:.\servo_cds5500.c **** //	printf(vel);
 148:.\servo_cds5500.c **** //	printf(vel2);
 149:.\servo_cds5500.c **** 	printf((~(ID + (messageLength) + INST_WRITE + P_GOAL_POSITION_L + pos + pos2 + vel + vel2))&0xFF);
 150:.\servo_cds5500.c **** }
 151:.\servo_cds5500.c **** 
 152:.\servo_cds5500.c **** void CDS5500:: RegWriteAction(){
 153:.\servo_cds5500.c **** 	int messageLength = 2;
 154:.\servo_cds5500.c **** 	byte ID =  0xFE; 
 155:.\servo_cds5500.c **** 
 156:.\servo_cds5500.c **** 	printf(startByte);              // send some data
 157:.\servo_cds5500.c **** 	printf(startByte);
 158:.\servo_cds5500.c **** 	printf(ID);
 159:.\servo_cds5500.c **** 	printf(messageLength);
 160:.\servo_cds5500.c **** 	printf(INST_ACTION);
 161:.\servo_cds5500.c **** 	printf((~(ID + (messageLength) + INST_ACTION))&0xFF);
 162:.\servo_cds5500.c **** 
 163:.\servo_cds5500.c **** 
 164:.\servo_cds5500.c **** 
 165:.\servo_cds5500.c **** }
 166:.\servo_cds5500.c **** 
 167:.\servo_cds5500.c **** void CDS5500:: SetID(int ID, int newID){
 168:.\servo_cds5500.c **** 	int messageLength = 4;
 169:.\servo_cds5500.c **** 	printf(startByte);              // send some data
 170:.\servo_cds5500.c **** 	printf(startByte);
 171:.\servo_cds5500.c **** 	printf(ID);
 172:.\servo_cds5500.c **** 	printf(messageLength);
 173:.\servo_cds5500.c **** 	printf(INST_WRITE);
 174:.\servo_cds5500.c **** 	printf(P_ID);
 175:.\servo_cds5500.c **** 	printf(newID);
 176:.\servo_cds5500.c **** 	printf((~(ID + (messageLength) + INST_WRITE+ P_ID + newID))&0xFF);
 177:.\servo_cds5500.c **** }
 178:.\servo_cds5500.c **** 
 179:.\servo_cds5500.c **** void CDS5500:: SetAngleLimit(int ID, int lowerLimit, int upperLimit){
 180:.\servo_cds5500.c **** 	int messageLength = 8;
 181:.\servo_cds5500.c **** 	byte lowerLimitB = lowerLimit%255;
 182:.\servo_cds5500.c **** 	byte lowerLimitS = lowerLimit/255;
 183:.\servo_cds5500.c **** 	byte upperLimitB = upperLimit%255;
 184:.\servo_cds5500.c **** 	byte upperLimitS = upperLimit/255;
 185:.\servo_cds5500.c **** 	printf(startByte);              // send some data
 186:.\servo_cds5500.c **** 	printf(startByte);
 187:.\servo_cds5500.c **** 	printf(ID);
 188:.\servo_cds5500.c **** 	printf(messageLength);
 189:.\servo_cds5500.c **** 	printf(INST_WRITE);
 190:.\servo_cds5500.c **** 	printf(0x08);
 191:.\servo_cds5500.c **** 	printf(upperLimitB);
 192:.\servo_cds5500.c **** 	printf(0x09);
 193:.\servo_cds5500.c **** 	printf(upperLimitS);
 194:.\servo_cds5500.c **** 	printf(0x06);
 195:.\servo_cds5500.c **** 	printf(lowerLimitB);
 196:.\servo_cds5500.c **** 	printf(0x07);
 197:.\servo_cds5500.c **** 	printf(lowerLimitS);	
 198:.\servo_cds5500.c **** 	printf((~(ID + (messageLength) + INST_WRITE+ 0x08 + 0x09 + 0x06 + 0x07 + upperLimitB+ upperLimitS+
 199:.\servo_cds5500.c **** 					 lowerLimitB + lowerLimitS))&0xFF);
 200:.\servo_cds5500.c **** }
ARM GAS  C:\Users\Martin\AppData\Local\Temp\cczE0dJe.s 			page 11


 201:.\servo_cds5500.c **** 
 202:.\servo_cds5500.c **** //void CDS5500:: SyncWritePos(int[] ID, int[] pos; int[] vel){
 203:.\servo_cds5500.c **** //	int messageLength = ()*sizeof(ID);
 204:.\servo_cds5500.c **** //}
 205:.\servo_cds5500.c **** //
 206:.\servo_cds5500.c **** //
 207:.\servo_cds5500.c **** //void CDS5500:: SyncWritePos(int[] ID, int pos; int vel){
 208:.\servo_cds5500.c **** //	
 209:.\servo_cds5500.c **** //}
 210:.\servo_cds5500.c **** //
 211:.\servo_cds5500.c **** 
 212:.\servo_cds5500.c **** void CDS5500:: tempMethod(){
 213:.\servo_cds5500.c **** 	
 214:.\servo_cds5500.c **** 	printf(startByte);              // send some data
 215:.\servo_cds5500.c **** 	printf(startByte);
 216:.\servo_cds5500.c **** 	printf(0x01);
 217:.\servo_cds5500.c **** 	printf(0x05);
 218:.\servo_cds5500.c **** 	printf(0x03);
 219:.\servo_cds5500.c **** 	printf(0x08);
 220:.\servo_cds5500.c **** 	printf(0xFF);
 221:.\servo_cds5500.c **** 	printf(0x01);
 222:.\servo_cds5500.c **** 	printf(0xF4);
 223:.\servo_cds5500.c **** 	printf(0xef);
 224:.\servo_cds5500.c **** 	
 225:.\servo_cds5500.c **** }
 226:.\servo_cds5500.c **** 
 227:.\servo_cds5500.c **** void CDS5500:: Reset(int ID){
 228:.\servo_cds5500.c **** 	printf(startByte);              // send some data
 229:.\servo_cds5500.c **** 	printf(startByte);
 230:.\servo_cds5500.c **** 	printf(ID);
 231:.\servo_cds5500.c **** 	printf(0x02);
 232:.\servo_cds5500.c **** 	printf(0x06);
 233:.\servo_cds5500.c **** 	printf((~(ID + 0x02 +0x06))&0xFF);
 234:.\servo_cds5500.c **** }
 235:.\servo_cds5500.c **** 
 236:.\servo_cds5500.c **** void CDS5500::SetTempLimit(int ID, int temperature){
 237:.\servo_cds5500.c **** 	printf(startByte);              // send some data
 238:.\servo_cds5500.c **** 	printf(startByte);
 239:.\servo_cds5500.c **** 	printf(ID);
 240:.\servo_cds5500.c **** 	printf(0x04);
 241:.\servo_cds5500.c **** 	printf(0x03);
 242:.\servo_cds5500.c **** 	printf(0x0B);
 243:.\servo_cds5500.c **** 	printf(temperature);
 244:.\servo_cds5500.c **** 	printf((~(ID + 0x04 +0x03 + 0x0B + temperature))&0xFF);
 245:.\servo_cds5500.c **** }
 246:.\servo_cds5500.c **** 
 247:.\servo_cds5500.c **** */
 248:.\servo_cds5500.c **** 
 249:.\servo_cds5500.c **** /**************************************************************************/
 250:.\servo_cds5500.c **** void ServoTest(void)
 251:.\servo_cds5500.c **** {
 367              		.loc 1 251 0
 368              		.cfi_startproc
 369              		@ args = 0, pretend = 0, frame = 8
 370              		@ frame_needed = 1, uses_anonymous_args = 0
 371 0000 80B5     		push	{r7, lr}
 372              	.LCFI15:
ARM GAS  C:\Users\Martin\AppData\Local\Temp\cczE0dJe.s 			page 12


 373              		.cfi_def_cfa_offset 8
 374 0002 82B0     		sub	sp, sp, #8
 375              	.LCFI16:
 376              		.cfi_def_cfa_offset 16
 377 0004 00AF     		add	r7, sp, #0
 378              		.cfi_offset 14, -4
 379              		.cfi_offset 7, -8
 380              	.LCFI17:
 381              		.cfi_def_cfa_register 7
 252:.\servo_cds5500.c ****     STATUS status;
 253:.\servo_cds5500.c ****     
 254:.\servo_cds5500.c ****     status = SendServoMsg(  CDS5500_SERVO_1,    CDS5500_INST_LENGTH_PING,   CDS5500_INST_ID_PING,  
 382              		.loc 1 254 0
 383 0006 4FF00100 		mov	r0, #1
 384 000a 4FF00001 		mov	r1, #0
 385 000e 4FF00102 		mov	r2, #1
 386 0012 4FF00003 		mov	r3, #0
 387 0016 FFF7FEFF 		bl	SendServoMsg
 388 001a 0346     		mov	r3, r0
 389 001c FB71     		strb	r3, [r7, #7]
 255:.\servo_cds5500.c ****     /*
 256:.\servo_cds5500.c ****                         HEADER      ID      LENGTH      INSTRUCTION     PARAMETERS
 257:.\servo_cds5500.c ****             SEND:       0XFF 0XFF   0X01    0X02        0X01            0XFB 
 258:.\servo_cds5500.c ****             RETURN:     0XFF 0XFF   0X01    0X02        0X00            0XFC
 259:.\servo_cds5500.c ****     */
 260:.\servo_cds5500.c **** 
 261:.\servo_cds5500.c **** }
 390              		.loc 1 261 0
 391 001e 07F10807 		add	r7, r7, #8
 392 0022 BD46     		mov	sp, r7
 393 0024 80BD     		pop	{r7, pc}
 394              		.cfi_endproc
 395              	.LFE34:
 396              		.size	ServoTest, .-ServoTest
 397 0026 00BF     		.text
 398              	.Letext0:
 399              		.section	.debug_loc,"",%progbits
 400              	.Ldebug_loc0:
 401              	.LLST0:
 402 0000 00000000 		.4byte	.LFB29
 403 0004 02000000 		.4byte	.LCFI0
 404 0008 0100     		.2byte	0x1
 405 000a 5D       		.byte	0x5d
 406 000b 02000000 		.4byte	.LCFI0
 407 000f 04000000 		.4byte	.LCFI1
 408 0013 0200     		.2byte	0x2
 409 0015 7D       		.byte	0x7d
 410 0016 04       		.sleb128 4
 411 0017 04000000 		.4byte	.LCFI1
 412 001b 06000000 		.4byte	.LCFI2
 413 001f 0200     		.2byte	0x2
 414 0021 7D       		.byte	0x7d
 415 0022 18       		.sleb128 24
 416 0023 06000000 		.4byte	.LCFI2
 417 0027 64000000 		.4byte	.LFE29
 418 002b 0200     		.2byte	0x2
 419 002d 77       		.byte	0x77
ARM GAS  C:\Users\Martin\AppData\Local\Temp\cczE0dJe.s 			page 13


 420 002e 18       		.sleb128 24
 421 002f 00000000 		.4byte	0x0
 422 0033 00000000 		.4byte	0x0
 423              	.LLST1:
 424 0037 00000000 		.4byte	.LFB30
 425 003b 02000000 		.4byte	.LCFI3
 426 003f 0100     		.2byte	0x1
 427 0041 5D       		.byte	0x5d
 428 0042 02000000 		.4byte	.LCFI3
 429 0046 04000000 		.4byte	.LCFI4
 430 004a 0200     		.2byte	0x2
 431 004c 7D       		.byte	0x7d
 432 004d 08       		.sleb128 8
 433 004e 04000000 		.4byte	.LCFI4
 434 0052 06000000 		.4byte	.LCFI5
 435 0056 0200     		.2byte	0x2
 436 0058 7D       		.byte	0x7d
 437 0059 20       		.sleb128 32
 438 005a 06000000 		.4byte	.LCFI5
 439 005e 76000000 		.4byte	.LFE30
 440 0062 0200     		.2byte	0x2
 441 0064 77       		.byte	0x77
 442 0065 20       		.sleb128 32
 443 0066 00000000 		.4byte	0x0
 444 006a 00000000 		.4byte	0x0
 445              	.LLST2:
 446 006e 00000000 		.4byte	.LFB31
 447 0072 02000000 		.4byte	.LCFI6
 448 0076 0100     		.2byte	0x1
 449 0078 5D       		.byte	0x5d
 450 0079 02000000 		.4byte	.LCFI6
 451 007d 04000000 		.4byte	.LCFI7
 452 0081 0200     		.2byte	0x2
 453 0083 7D       		.byte	0x7d
 454 0084 08       		.sleb128 8
 455 0085 04000000 		.4byte	.LCFI7
 456 0089 06000000 		.4byte	.LCFI8
 457 008d 0200     		.2byte	0x2
 458 008f 7D       		.byte	0x7d
 459 0090 18       		.sleb128 24
 460 0091 06000000 		.4byte	.LCFI8
 461 0095 4A000000 		.4byte	.LFE31
 462 0099 0200     		.2byte	0x2
 463 009b 77       		.byte	0x77
 464 009c 18       		.sleb128 24
 465 009d 00000000 		.4byte	0x0
 466 00a1 00000000 		.4byte	0x0
 467              	.LLST3:
 468 00a5 00000000 		.4byte	.LFB32
 469 00a9 02000000 		.4byte	.LCFI9
 470 00ad 0100     		.2byte	0x1
 471 00af 5D       		.byte	0x5d
 472 00b0 02000000 		.4byte	.LCFI9
 473 00b4 04000000 		.4byte	.LCFI10
 474 00b8 0200     		.2byte	0x2
 475 00ba 7D       		.byte	0x7d
 476 00bb 0C       		.sleb128 12
ARM GAS  C:\Users\Martin\AppData\Local\Temp\cczE0dJe.s 			page 14


 477 00bc 04000000 		.4byte	.LCFI10
 478 00c0 06000000 		.4byte	.LCFI11
 479 00c4 0200     		.2byte	0x2
 480 00c6 7D       		.byte	0x7d
 481 00c7 28       		.sleb128 40
 482 00c8 06000000 		.4byte	.LCFI11
 483 00cc 88000000 		.4byte	.LFE32
 484 00d0 0200     		.2byte	0x2
 485 00d2 77       		.byte	0x77
 486 00d3 28       		.sleb128 40
 487 00d4 00000000 		.4byte	0x0
 488 00d8 00000000 		.4byte	0x0
 489              	.LLST4:
 490 00dc 00000000 		.4byte	.LFB33
 491 00e0 02000000 		.4byte	.LCFI12
 492 00e4 0100     		.2byte	0x1
 493 00e6 5D       		.byte	0x5d
 494 00e7 02000000 		.4byte	.LCFI12
 495 00eb 04000000 		.4byte	.LCFI13
 496 00ef 0200     		.2byte	0x2
 497 00f1 7D       		.byte	0x7d
 498 00f2 04       		.sleb128 4
 499 00f3 04000000 		.4byte	.LCFI13
 500 00f7 06000000 		.4byte	.LCFI14
 501 00fb 0200     		.2byte	0x2
 502 00fd 7D       		.byte	0x7d
 503 00fe 20       		.sleb128 32
 504 00ff 06000000 		.4byte	.LCFI14
 505 0103 1C000000 		.4byte	.LFE33
 506 0107 0200     		.2byte	0x2
 507 0109 77       		.byte	0x77
 508 010a 20       		.sleb128 32
 509 010b 00000000 		.4byte	0x0
 510 010f 00000000 		.4byte	0x0
 511              	.LLST5:
 512 0113 00000000 		.4byte	.LFB34
 513 0117 02000000 		.4byte	.LCFI15
 514 011b 0100     		.2byte	0x1
 515 011d 5D       		.byte	0x5d
 516 011e 02000000 		.4byte	.LCFI15
 517 0122 04000000 		.4byte	.LCFI16
 518 0126 0200     		.2byte	0x2
 519 0128 7D       		.byte	0x7d
 520 0129 08       		.sleb128 8
 521 012a 04000000 		.4byte	.LCFI16
 522 012e 06000000 		.4byte	.LCFI17
 523 0132 0200     		.2byte	0x2
 524 0134 7D       		.byte	0x7d
 525 0135 10       		.sleb128 16
 526 0136 06000000 		.4byte	.LCFI17
 527 013a 26000000 		.4byte	.LFE34
 528 013e 0200     		.2byte	0x2
 529 0140 77       		.byte	0x77
 530 0141 10       		.sleb128 16
 531 0142 00000000 		.4byte	0x0
 532 0146 00000000 		.4byte	0x0
 533              		.file 2 "./Generated_Source/PSoC5/cytypes.h"
ARM GAS  C:\Users\Martin\AppData\Local\Temp\cczE0dJe.s 			page 15


 534              		.file 3 ".\\/types.h"
 535              		.file 4 ".\\/servo_cds5500.h"
 536              		.file 5 "./Generated_Source/PSoC5/core_cm3.h"
 537              		.section	.debug_info
 538 0000 FF020000 		.4byte	0x2ff
 539 0004 0200     		.2byte	0x2
 540 0006 00000000 		.4byte	.Ldebug_abbrev0
 541 000a 04       		.byte	0x4
 542 000b 01       		.uleb128 0x1
 543 000c 9D010000 		.4byte	.LASF38
 544 0010 01       		.byte	0x1
 545 0011 B4000000 		.4byte	.LASF39
 546 0015 00020000 		.4byte	.LASF40
 547 0019 00000000 		.4byte	0x0
 548 001d 00000000 		.4byte	0x0
 549 0021 00000000 		.4byte	.Ldebug_ranges0+0x0
 550 0025 00000000 		.4byte	.Ldebug_line0
 551 0029 02       		.uleb128 0x2
 552 002a 01       		.byte	0x1
 553 002b 06       		.byte	0x6
 554 002c D7010000 		.4byte	.LASF0
 555 0030 02       		.uleb128 0x2
 556 0031 01       		.byte	0x1
 557 0032 08       		.byte	0x8
 558 0033 A6000000 		.4byte	.LASF1
 559 0037 02       		.uleb128 0x2
 560 0038 02       		.byte	0x2
 561 0039 05       		.byte	0x5
 562 003a 51000000 		.4byte	.LASF2
 563 003e 02       		.uleb128 0x2
 564 003f 02       		.byte	0x2
 565 0040 07       		.byte	0x7
 566 0041 D8000000 		.4byte	.LASF3
 567 0045 02       		.uleb128 0x2
 568 0046 04       		.byte	0x4
 569 0047 05       		.byte	0x5
 570 0048 C5010000 		.4byte	.LASF4
 571 004c 02       		.uleb128 0x2
 572 004d 04       		.byte	0x4
 573 004e 07       		.byte	0x7
 574 004f C6000000 		.4byte	.LASF5
 575 0053 02       		.uleb128 0x2
 576 0054 08       		.byte	0x8
 577 0055 05       		.byte	0x5
 578 0056 00000000 		.4byte	.LASF6
 579 005a 02       		.uleb128 0x2
 580 005b 08       		.byte	0x8
 581 005c 07       		.byte	0x7
 582 005d 5D010000 		.4byte	.LASF7
 583 0061 03       		.uleb128 0x3
 584 0062 04       		.byte	0x4
 585 0063 05       		.byte	0x5
 586 0064 696E7400 		.ascii	"int\000"
 587 0068 02       		.uleb128 0x2
 588 0069 04       		.byte	0x4
 589 006a 07       		.byte	0x7
 590 006b 43010000 		.4byte	.LASF8
ARM GAS  C:\Users\Martin\AppData\Local\Temp\cczE0dJe.s 			page 16


 591 006f 04       		.uleb128 0x4
 592 0070 AE010000 		.4byte	.LASF12
 593 0074 02       		.byte	0x2
 594 0075 4C       		.byte	0x4c
 595 0076 30000000 		.4byte	0x30
 596 007a 02       		.uleb128 0x2
 597 007b 04       		.byte	0x4
 598 007c 04       		.byte	0x4
 599 007d 7B000000 		.4byte	.LASF9
 600 0081 02       		.uleb128 0x2
 601 0082 08       		.byte	0x8
 602 0083 04       		.byte	0x4
 603 0084 04010000 		.4byte	.LASF10
 604 0088 02       		.uleb128 0x2
 605 0089 01       		.byte	0x1
 606 008a 08       		.byte	0x8
 607 008b A9010000 		.4byte	.LASF11
 608 008f 05       		.uleb128 0x5
 609 0090 04       		.byte	0x4
 610 0091 07       		.byte	0x7
 611 0092 04       		.uleb128 0x4
 612 0093 30010000 		.4byte	.LASF13
 613 0097 03       		.byte	0x3
 614 0098 0F       		.byte	0xf
 615 0099 6F000000 		.4byte	0x6f
 616 009d 06       		.uleb128 0x6
 617 009e 50010000 		.4byte	.LASF41
 618 00a2 0E       		.byte	0xe
 619 00a3 04       		.byte	0x4
 620 00a4 52       		.byte	0x52
 621 00a5 0C010000 		.4byte	0x10c
 622 00a9 07       		.uleb128 0x7
 623 00aa 81000000 		.4byte	.LASF14
 624 00ae 04       		.byte	0x4
 625 00af 53       		.byte	0x53
 626 00b0 6F000000 		.4byte	0x6f
 627 00b4 02       		.byte	0x2
 628 00b5 23       		.byte	0x23
 629 00b6 00       		.uleb128 0x0
 630 00b7 07       		.uleb128 0x7
 631 00b8 8C000000 		.4byte	.LASF15
 632 00bc 04       		.byte	0x4
 633 00bd 54       		.byte	0x54
 634 00be 6F000000 		.4byte	0x6f
 635 00c2 02       		.byte	0x2
 636 00c3 23       		.byte	0x23
 637 00c4 01       		.uleb128 0x1
 638 00c5 07       		.uleb128 0x7
 639 00c6 0B010000 		.4byte	.LASF16
 640 00ca 04       		.byte	0x4
 641 00cb 55       		.byte	0x55
 642 00cc 6F000000 		.4byte	0x6f
 643 00d0 02       		.byte	0x2
 644 00d1 23       		.byte	0x23
 645 00d2 02       		.uleb128 0x2
 646 00d3 07       		.uleb128 0x7
 647 00d4 F9010000 		.4byte	.LASF17
ARM GAS  C:\Users\Martin\AppData\Local\Temp\cczE0dJe.s 			page 17


 648 00d8 04       		.byte	0x4
 649 00d9 56       		.byte	0x56
 650 00da 6F000000 		.4byte	0x6f
 651 00de 02       		.byte	0x2
 652 00df 23       		.byte	0x23
 653 00e0 03       		.uleb128 0x3
 654 00e1 07       		.uleb128 0x7
 655 00e2 95010000 		.4byte	.LASF18
 656 00e6 04       		.byte	0x4
 657 00e7 57       		.byte	0x57
 658 00e8 6F000000 		.4byte	0x6f
 659 00ec 02       		.byte	0x2
 660 00ed 23       		.byte	0x23
 661 00ee 04       		.uleb128 0x4
 662 00ef 07       		.uleb128 0x7
 663 00f0 37010000 		.4byte	.LASF19
 664 00f4 04       		.byte	0x4
 665 00f5 58       		.byte	0x58
 666 00f6 0C010000 		.4byte	0x10c
 667 00fa 02       		.byte	0x2
 668 00fb 23       		.byte	0x23
 669 00fc 05       		.uleb128 0x5
 670 00fd 07       		.uleb128 0x7
 671 00fe 0E000000 		.4byte	.LASF20
 672 0102 04       		.byte	0x4
 673 0103 59       		.byte	0x59
 674 0104 6F000000 		.4byte	0x6f
 675 0108 02       		.byte	0x2
 676 0109 23       		.byte	0x23
 677 010a 0D       		.uleb128 0xd
 678 010b 00       		.byte	0x0
 679 010c 08       		.uleb128 0x8
 680 010d 6F000000 		.4byte	0x6f
 681 0111 1C010000 		.4byte	0x11c
 682 0115 09       		.uleb128 0x9
 683 0116 8F000000 		.4byte	0x8f
 684 011a 07       		.byte	0x7
 685 011b 00       		.byte	0x0
 686 011c 04       		.uleb128 0x4
 687 011d 6F000000 		.4byte	.LASF21
 688 0121 04       		.byte	0x4
 689 0122 5A       		.byte	0x5a
 690 0123 9D000000 		.4byte	0x9d
 691 0127 0A       		.uleb128 0xa
 692 0128 04       		.byte	0x4
 693 0129 6F000000 		.4byte	0x6f
 694 012d 0B       		.uleb128 0xb
 695 012e 01       		.byte	0x1
 696 012f 13010000 		.4byte	.LASF26
 697 0133 01       		.byte	0x1
 698 0134 12       		.byte	0x12
 699 0135 01       		.byte	0x1
 700 0136 6F000000 		.4byte	0x6f
 701 013a 00000000 		.4byte	.LFB29
 702 013e 64000000 		.4byte	.LFE29
 703 0142 00000000 		.4byte	.LLST0
 704 0146 73010000 		.4byte	0x173
ARM GAS  C:\Users\Martin\AppData\Local\Temp\cczE0dJe.s 			page 18


 705 014a 0C       		.uleb128 0xc
 706 014b 6D736700 		.ascii	"msg\000"
 707 014f 01       		.byte	0x1
 708 0150 12       		.byte	0x12
 709 0151 73010000 		.4byte	0x173
 710 0155 02       		.byte	0x2
 711 0156 91       		.byte	0x91
 712 0157 6C       		.sleb128 -20
 713 0158 0D       		.uleb128 0xd
 714 0159 0E000000 		.4byte	.LASF20
 715 015d 01       		.byte	0x1
 716 015e 14       		.byte	0x14
 717 015f 6F000000 		.4byte	0x6f
 718 0163 02       		.byte	0x2
 719 0164 91       		.byte	0x91
 720 0165 76       		.sleb128 -10
 721 0166 0E       		.uleb128 0xe
 722 0167 6900     		.ascii	"i\000"
 723 0169 01       		.byte	0x1
 724 016a 15       		.byte	0x15
 725 016b 6F000000 		.4byte	0x6f
 726 016f 02       		.byte	0x2
 727 0170 91       		.byte	0x91
 728 0171 77       		.sleb128 -9
 729 0172 00       		.byte	0x0
 730 0173 0A       		.uleb128 0xa
 731 0174 04       		.byte	0x4
 732 0175 1C010000 		.4byte	0x11c
 733 0179 0F       		.uleb128 0xf
 734 017a 2D000000 		.4byte	.LASF42
 735 017e 01       		.byte	0x1
 736 017f 25       		.byte	0x25
 737 0180 01       		.byte	0x1
 738 0181 92000000 		.4byte	0x92
 739 0185 00000000 		.4byte	.LFB30
 740 0189 76000000 		.4byte	.LFE30
 741 018d 37000000 		.4byte	.LLST1
 742 0191 DC010000 		.4byte	0x1dc
 743 0195 10       		.uleb128 0x10
 744 0196 E3010000 		.4byte	.LASF22
 745 019a 01       		.byte	0x1
 746 019b 25       		.byte	0x25
 747 019c 6F000000 		.4byte	0x6f
 748 01a0 02       		.byte	0x2
 749 01a1 91       		.byte	0x91
 750 01a2 67       		.sleb128 -25
 751 01a3 10       		.uleb128 0x10
 752 01a4 47000000 		.4byte	.LASF23
 753 01a8 01       		.byte	0x1
 754 01a9 25       		.byte	0x25
 755 01aa 6F000000 		.4byte	0x6f
 756 01ae 02       		.byte	0x2
 757 01af 91       		.byte	0x91
 758 01b0 66       		.sleb128 -26
 759 01b1 10       		.uleb128 0x10
 760 01b2 F8000000 		.4byte	.LASF24
 761 01b6 01       		.byte	0x1
ARM GAS  C:\Users\Martin\AppData\Local\Temp\cczE0dJe.s 			page 19


 762 01b7 25       		.byte	0x25
 763 01b8 6F000000 		.4byte	0x6f
 764 01bc 02       		.byte	0x2
 765 01bd 91       		.byte	0x91
 766 01be 65       		.sleb128 -27
 767 01bf 10       		.uleb128 0x10
 768 01c0 97000000 		.4byte	.LASF25
 769 01c4 01       		.byte	0x1
 770 01c5 25       		.byte	0x25
 771 01c6 27010000 		.4byte	0x127
 772 01ca 02       		.byte	0x2
 773 01cb 91       		.byte	0x91
 774 01cc 60       		.sleb128 -32
 775 01cd 0E       		.uleb128 0xe
 776 01ce 6D736700 		.ascii	"msg\000"
 777 01d2 01       		.byte	0x1
 778 01d3 27       		.byte	0x27
 779 01d4 1C010000 		.4byte	0x11c
 780 01d8 02       		.byte	0x2
 781 01d9 91       		.byte	0x91
 782 01da 68       		.sleb128 -24
 783 01db 00       		.byte	0x0
 784 01dc 0B       		.uleb128 0xb
 785 01dd 01       		.byte	0x1
 786 01de 17000000 		.4byte	.LASF27
 787 01e2 01       		.byte	0x1
 788 01e3 3C       		.byte	0x3c
 789 01e4 01       		.byte	0x1
 790 01e5 92000000 		.4byte	0x92
 791 01e9 00000000 		.4byte	.LFB31
 792 01ed 4A000000 		.4byte	.LFE31
 793 01f1 6E000000 		.4byte	.LLST2
 794 01f5 32020000 		.4byte	0x232
 795 01f9 10       		.uleb128 0x10
 796 01fa 7E010000 		.4byte	.LASF28
 797 01fe 01       		.byte	0x1
 798 01ff 3C       		.byte	0x3c
 799 0200 73010000 		.4byte	0x173
 800 0204 02       		.byte	0x2
 801 0205 91       		.byte	0x91
 802 0206 6C       		.sleb128 -20
 803 0207 0D       		.uleb128 0xd
 804 0208 5B000000 		.4byte	.LASF29
 805 020c 01       		.byte	0x1
 806 020d 3E       		.byte	0x3e
 807 020e 92000000 		.4byte	0x92
 808 0212 02       		.byte	0x2
 809 0213 91       		.byte	0x91
 810 0214 75       		.sleb128 -11
 811 0215 0D       		.uleb128 0xd
 812 0216 ED010000 		.4byte	.LASF30
 813 021a 01       		.byte	0x1
 814 021b 3F       		.byte	0x3f
 815 021c 6F000000 		.4byte	0x6f
 816 0220 02       		.byte	0x2
 817 0221 91       		.byte	0x91
 818 0222 76       		.sleb128 -10
ARM GAS  C:\Users\Martin\AppData\Local\Temp\cczE0dJe.s 			page 20


 819 0223 0D       		.uleb128 0xd
 820 0224 62000000 		.4byte	.LASF31
 821 0228 01       		.byte	0x1
 822 0229 40       		.byte	0x40
 823 022a 6F000000 		.4byte	0x6f
 824 022e 02       		.byte	0x2
 825 022f 91       		.byte	0x91
 826 0230 77       		.sleb128 -9
 827 0231 00       		.byte	0x0
 828 0232 11       		.uleb128 0x11
 829 0233 01       		.byte	0x1
 830 0234 3A000000 		.4byte	.LASF32
 831 0238 01       		.byte	0x1
 832 0239 53       		.byte	0x53
 833 023a 01       		.byte	0x1
 834 023b 00000000 		.4byte	.LFB32
 835 023f 88000000 		.4byte	.LFE32
 836 0243 A5000000 		.4byte	.LLST3
 837 0247 76020000 		.4byte	0x276
 838 024b 10       		.uleb128 0x10
 839 024c 0B010000 		.4byte	.LASF16
 840 0250 01       		.byte	0x1
 841 0251 53       		.byte	0x53
 842 0252 6F000000 		.4byte	0x6f
 843 0256 02       		.byte	0x2
 844 0257 91       		.byte	0x91
 845 0258 5F       		.sleb128 -33
 846 0259 0D       		.uleb128 0xd
 847 025a 5B000000 		.4byte	.LASF29
 848 025e 01       		.byte	0x1
 849 025f 55       		.byte	0x55
 850 0260 92000000 		.4byte	0x92
 851 0264 02       		.byte	0x2
 852 0265 91       		.byte	0x91
 853 0266 6F       		.sleb128 -17
 854 0267 0E       		.uleb128 0xe
 855 0268 6D736700 		.ascii	"msg\000"
 856 026c 01       		.byte	0x1
 857 026d 57       		.byte	0x57
 858 026e 1C010000 		.4byte	0x11c
 859 0272 02       		.byte	0x2
 860 0273 91       		.byte	0x91
 861 0274 60       		.sleb128 -32
 862 0275 00       		.byte	0x0
 863 0276 11       		.uleb128 0x11
 864 0277 01       		.byte	0x1
 865 0278 B4010000 		.4byte	.LASF33
 866 027c 01       		.byte	0x1
 867 027d 6D       		.byte	0x6d
 868 027e 01       		.byte	0x1
 869 027f 00000000 		.4byte	.LFB33
 870 0283 1C000000 		.4byte	.LFE33
 871 0287 DC000000 		.4byte	.LLST4
 872 028b C7020000 		.4byte	0x2c7
 873 028f 0C       		.uleb128 0xc
 874 0290 696400   		.ascii	"id\000"
 875 0293 01       		.byte	0x1
ARM GAS  C:\Users\Martin\AppData\Local\Temp\cczE0dJe.s 			page 21


 876 0294 6D       		.byte	0x6d
 877 0295 61000000 		.4byte	0x61
 878 0299 02       		.byte	0x2
 879 029a 91       		.byte	0x91
 880 029b 6C       		.sleb128 -20
 881 029c 10       		.uleb128 0x10
 882 029d 27010000 		.4byte	.LASF34
 883 02a1 01       		.byte	0x1
 884 02a2 6D       		.byte	0x6d
 885 02a3 61000000 		.4byte	0x61
 886 02a7 02       		.byte	0x2
 887 02a8 91       		.byte	0x91
 888 02a9 68       		.sleb128 -24
 889 02aa 10       		.uleb128 0x10
 890 02ab CE010000 		.4byte	.LASF35
 891 02af 01       		.byte	0x1
 892 02b0 6D       		.byte	0x6d
 893 02b1 61000000 		.4byte	0x61
 894 02b5 02       		.byte	0x2
 895 02b6 91       		.byte	0x91
 896 02b7 64       		.sleb128 -28
 897 02b8 0D       		.uleb128 0xd
 898 02b9 87010000 		.4byte	.LASF36
 899 02bd 01       		.byte	0x1
 900 02be 6F       		.byte	0x6f
 901 02bf 61000000 		.4byte	0x61
 902 02c3 02       		.byte	0x2
 903 02c4 91       		.byte	0x91
 904 02c5 74       		.sleb128 -12
 905 02c6 00       		.byte	0x0
 906 02c7 11       		.uleb128 0x11
 907 02c8 01       		.byte	0x1
 908 02c9 74010000 		.4byte	.LASF37
 909 02cd 01       		.byte	0x1
 910 02ce FA       		.byte	0xfa
 911 02cf 01       		.byte	0x1
 912 02d0 00000000 		.4byte	.LFB34
 913 02d4 26000000 		.4byte	.LFE34
 914 02d8 13010000 		.4byte	.LLST5
 915 02dc EF020000 		.4byte	0x2ef
 916 02e0 0D       		.uleb128 0xd
 917 02e1 5B000000 		.4byte	.LASF29
 918 02e5 01       		.byte	0x1
 919 02e6 FC       		.byte	0xfc
 920 02e7 92000000 		.4byte	0x92
 921 02eb 02       		.byte	0x2
 922 02ec 91       		.byte	0x91
 923 02ed 77       		.sleb128 -9
 924 02ee 00       		.byte	0x0
 925 02ef 12       		.uleb128 0x12
 926 02f0 EB000000 		.4byte	.LASF43
 927 02f4 05       		.byte	0x5
 928 02f5 CE06     		.2byte	0x6ce
 929 02f7 FD020000 		.4byte	0x2fd
 930 02fb 01       		.byte	0x1
 931 02fc 01       		.byte	0x1
 932 02fd 13       		.uleb128 0x13
ARM GAS  C:\Users\Martin\AppData\Local\Temp\cczE0dJe.s 			page 22


 933 02fe 61000000 		.4byte	0x61
 934 0302 00       		.byte	0x0
 935              		.section	.debug_abbrev
 936 0000 01       		.uleb128 0x1
 937 0001 11       		.uleb128 0x11
 938 0002 01       		.byte	0x1
 939 0003 25       		.uleb128 0x25
 940 0004 0E       		.uleb128 0xe
 941 0005 13       		.uleb128 0x13
 942 0006 0B       		.uleb128 0xb
 943 0007 03       		.uleb128 0x3
 944 0008 0E       		.uleb128 0xe
 945 0009 1B       		.uleb128 0x1b
 946 000a 0E       		.uleb128 0xe
 947 000b 11       		.uleb128 0x11
 948 000c 01       		.uleb128 0x1
 949 000d 52       		.uleb128 0x52
 950 000e 01       		.uleb128 0x1
 951 000f 55       		.uleb128 0x55
 952 0010 06       		.uleb128 0x6
 953 0011 10       		.uleb128 0x10
 954 0012 06       		.uleb128 0x6
 955 0013 00       		.byte	0x0
 956 0014 00       		.byte	0x0
 957 0015 02       		.uleb128 0x2
 958 0016 24       		.uleb128 0x24
 959 0017 00       		.byte	0x0
 960 0018 0B       		.uleb128 0xb
 961 0019 0B       		.uleb128 0xb
 962 001a 3E       		.uleb128 0x3e
 963 001b 0B       		.uleb128 0xb
 964 001c 03       		.uleb128 0x3
 965 001d 0E       		.uleb128 0xe
 966 001e 00       		.byte	0x0
 967 001f 00       		.byte	0x0
 968 0020 03       		.uleb128 0x3
 969 0021 24       		.uleb128 0x24
 970 0022 00       		.byte	0x0
 971 0023 0B       		.uleb128 0xb
 972 0024 0B       		.uleb128 0xb
 973 0025 3E       		.uleb128 0x3e
 974 0026 0B       		.uleb128 0xb
 975 0027 03       		.uleb128 0x3
 976 0028 08       		.uleb128 0x8
 977 0029 00       		.byte	0x0
 978 002a 00       		.byte	0x0
 979 002b 04       		.uleb128 0x4
 980 002c 16       		.uleb128 0x16
 981 002d 00       		.byte	0x0
 982 002e 03       		.uleb128 0x3
 983 002f 0E       		.uleb128 0xe
 984 0030 3A       		.uleb128 0x3a
 985 0031 0B       		.uleb128 0xb
 986 0032 3B       		.uleb128 0x3b
 987 0033 0B       		.uleb128 0xb
 988 0034 49       		.uleb128 0x49
 989 0035 13       		.uleb128 0x13
ARM GAS  C:\Users\Martin\AppData\Local\Temp\cczE0dJe.s 			page 23


 990 0036 00       		.byte	0x0
 991 0037 00       		.byte	0x0
 992 0038 05       		.uleb128 0x5
 993 0039 24       		.uleb128 0x24
 994 003a 00       		.byte	0x0
 995 003b 0B       		.uleb128 0xb
 996 003c 0B       		.uleb128 0xb
 997 003d 3E       		.uleb128 0x3e
 998 003e 0B       		.uleb128 0xb
 999 003f 00       		.byte	0x0
 1000 0040 00       		.byte	0x0
 1001 0041 06       		.uleb128 0x6
 1002 0042 13       		.uleb128 0x13
 1003 0043 01       		.byte	0x1
 1004 0044 03       		.uleb128 0x3
 1005 0045 0E       		.uleb128 0xe
 1006 0046 0B       		.uleb128 0xb
 1007 0047 0B       		.uleb128 0xb
 1008 0048 3A       		.uleb128 0x3a
 1009 0049 0B       		.uleb128 0xb
 1010 004a 3B       		.uleb128 0x3b
 1011 004b 0B       		.uleb128 0xb
 1012 004c 01       		.uleb128 0x1
 1013 004d 13       		.uleb128 0x13
 1014 004e 00       		.byte	0x0
 1015 004f 00       		.byte	0x0
 1016 0050 07       		.uleb128 0x7
 1017 0051 0D       		.uleb128 0xd
 1018 0052 00       		.byte	0x0
 1019 0053 03       		.uleb128 0x3
 1020 0054 0E       		.uleb128 0xe
 1021 0055 3A       		.uleb128 0x3a
 1022 0056 0B       		.uleb128 0xb
 1023 0057 3B       		.uleb128 0x3b
 1024 0058 0B       		.uleb128 0xb
 1025 0059 49       		.uleb128 0x49
 1026 005a 13       		.uleb128 0x13
 1027 005b 38       		.uleb128 0x38
 1028 005c 0A       		.uleb128 0xa
 1029 005d 00       		.byte	0x0
 1030 005e 00       		.byte	0x0
 1031 005f 08       		.uleb128 0x8
 1032 0060 01       		.uleb128 0x1
 1033 0061 01       		.byte	0x1
 1034 0062 49       		.uleb128 0x49
 1035 0063 13       		.uleb128 0x13
 1036 0064 01       		.uleb128 0x1
 1037 0065 13       		.uleb128 0x13
 1038 0066 00       		.byte	0x0
 1039 0067 00       		.byte	0x0
 1040 0068 09       		.uleb128 0x9
 1041 0069 21       		.uleb128 0x21
 1042 006a 00       		.byte	0x0
 1043 006b 49       		.uleb128 0x49
 1044 006c 13       		.uleb128 0x13
 1045 006d 2F       		.uleb128 0x2f
 1046 006e 0B       		.uleb128 0xb
ARM GAS  C:\Users\Martin\AppData\Local\Temp\cczE0dJe.s 			page 24


 1047 006f 00       		.byte	0x0
 1048 0070 00       		.byte	0x0
 1049 0071 0A       		.uleb128 0xa
 1050 0072 0F       		.uleb128 0xf
 1051 0073 00       		.byte	0x0
 1052 0074 0B       		.uleb128 0xb
 1053 0075 0B       		.uleb128 0xb
 1054 0076 49       		.uleb128 0x49
 1055 0077 13       		.uleb128 0x13
 1056 0078 00       		.byte	0x0
 1057 0079 00       		.byte	0x0
 1058 007a 0B       		.uleb128 0xb
 1059 007b 2E       		.uleb128 0x2e
 1060 007c 01       		.byte	0x1
 1061 007d 3F       		.uleb128 0x3f
 1062 007e 0C       		.uleb128 0xc
 1063 007f 03       		.uleb128 0x3
 1064 0080 0E       		.uleb128 0xe
 1065 0081 3A       		.uleb128 0x3a
 1066 0082 0B       		.uleb128 0xb
 1067 0083 3B       		.uleb128 0x3b
 1068 0084 0B       		.uleb128 0xb
 1069 0085 27       		.uleb128 0x27
 1070 0086 0C       		.uleb128 0xc
 1071 0087 49       		.uleb128 0x49
 1072 0088 13       		.uleb128 0x13
 1073 0089 11       		.uleb128 0x11
 1074 008a 01       		.uleb128 0x1
 1075 008b 12       		.uleb128 0x12
 1076 008c 01       		.uleb128 0x1
 1077 008d 40       		.uleb128 0x40
 1078 008e 06       		.uleb128 0x6
 1079 008f 01       		.uleb128 0x1
 1080 0090 13       		.uleb128 0x13
 1081 0091 00       		.byte	0x0
 1082 0092 00       		.byte	0x0
 1083 0093 0C       		.uleb128 0xc
 1084 0094 05       		.uleb128 0x5
 1085 0095 00       		.byte	0x0
 1086 0096 03       		.uleb128 0x3
 1087 0097 08       		.uleb128 0x8
 1088 0098 3A       		.uleb128 0x3a
 1089 0099 0B       		.uleb128 0xb
 1090 009a 3B       		.uleb128 0x3b
 1091 009b 0B       		.uleb128 0xb
 1092 009c 49       		.uleb128 0x49
 1093 009d 13       		.uleb128 0x13
 1094 009e 02       		.uleb128 0x2
 1095 009f 0A       		.uleb128 0xa
 1096 00a0 00       		.byte	0x0
 1097 00a1 00       		.byte	0x0
 1098 00a2 0D       		.uleb128 0xd
 1099 00a3 34       		.uleb128 0x34
 1100 00a4 00       		.byte	0x0
 1101 00a5 03       		.uleb128 0x3
 1102 00a6 0E       		.uleb128 0xe
 1103 00a7 3A       		.uleb128 0x3a
ARM GAS  C:\Users\Martin\AppData\Local\Temp\cczE0dJe.s 			page 25


 1104 00a8 0B       		.uleb128 0xb
 1105 00a9 3B       		.uleb128 0x3b
 1106 00aa 0B       		.uleb128 0xb
 1107 00ab 49       		.uleb128 0x49
 1108 00ac 13       		.uleb128 0x13
 1109 00ad 02       		.uleb128 0x2
 1110 00ae 0A       		.uleb128 0xa
 1111 00af 00       		.byte	0x0
 1112 00b0 00       		.byte	0x0
 1113 00b1 0E       		.uleb128 0xe
 1114 00b2 34       		.uleb128 0x34
 1115 00b3 00       		.byte	0x0
 1116 00b4 03       		.uleb128 0x3
 1117 00b5 08       		.uleb128 0x8
 1118 00b6 3A       		.uleb128 0x3a
 1119 00b7 0B       		.uleb128 0xb
 1120 00b8 3B       		.uleb128 0x3b
 1121 00b9 0B       		.uleb128 0xb
 1122 00ba 49       		.uleb128 0x49
 1123 00bb 13       		.uleb128 0x13
 1124 00bc 02       		.uleb128 0x2
 1125 00bd 0A       		.uleb128 0xa
 1126 00be 00       		.byte	0x0
 1127 00bf 00       		.byte	0x0
 1128 00c0 0F       		.uleb128 0xf
 1129 00c1 2E       		.uleb128 0x2e
 1130 00c2 01       		.byte	0x1
 1131 00c3 03       		.uleb128 0x3
 1132 00c4 0E       		.uleb128 0xe
 1133 00c5 3A       		.uleb128 0x3a
 1134 00c6 0B       		.uleb128 0xb
 1135 00c7 3B       		.uleb128 0x3b
 1136 00c8 0B       		.uleb128 0xb
 1137 00c9 27       		.uleb128 0x27
 1138 00ca 0C       		.uleb128 0xc
 1139 00cb 49       		.uleb128 0x49
 1140 00cc 13       		.uleb128 0x13
 1141 00cd 11       		.uleb128 0x11
 1142 00ce 01       		.uleb128 0x1
 1143 00cf 12       		.uleb128 0x12
 1144 00d0 01       		.uleb128 0x1
 1145 00d1 40       		.uleb128 0x40
 1146 00d2 06       		.uleb128 0x6
 1147 00d3 01       		.uleb128 0x1
 1148 00d4 13       		.uleb128 0x13
 1149 00d5 00       		.byte	0x0
 1150 00d6 00       		.byte	0x0
 1151 00d7 10       		.uleb128 0x10
 1152 00d8 05       		.uleb128 0x5
 1153 00d9 00       		.byte	0x0
 1154 00da 03       		.uleb128 0x3
 1155 00db 0E       		.uleb128 0xe
 1156 00dc 3A       		.uleb128 0x3a
 1157 00dd 0B       		.uleb128 0xb
 1158 00de 3B       		.uleb128 0x3b
 1159 00df 0B       		.uleb128 0xb
 1160 00e0 49       		.uleb128 0x49
ARM GAS  C:\Users\Martin\AppData\Local\Temp\cczE0dJe.s 			page 26


 1161 00e1 13       		.uleb128 0x13
 1162 00e2 02       		.uleb128 0x2
 1163 00e3 0A       		.uleb128 0xa
 1164 00e4 00       		.byte	0x0
 1165 00e5 00       		.byte	0x0
 1166 00e6 11       		.uleb128 0x11
 1167 00e7 2E       		.uleb128 0x2e
 1168 00e8 01       		.byte	0x1
 1169 00e9 3F       		.uleb128 0x3f
 1170 00ea 0C       		.uleb128 0xc
 1171 00eb 03       		.uleb128 0x3
 1172 00ec 0E       		.uleb128 0xe
 1173 00ed 3A       		.uleb128 0x3a
 1174 00ee 0B       		.uleb128 0xb
 1175 00ef 3B       		.uleb128 0x3b
 1176 00f0 0B       		.uleb128 0xb
 1177 00f1 27       		.uleb128 0x27
 1178 00f2 0C       		.uleb128 0xc
 1179 00f3 11       		.uleb128 0x11
 1180 00f4 01       		.uleb128 0x1
 1181 00f5 12       		.uleb128 0x12
 1182 00f6 01       		.uleb128 0x1
 1183 00f7 40       		.uleb128 0x40
 1184 00f8 06       		.uleb128 0x6
 1185 00f9 01       		.uleb128 0x1
 1186 00fa 13       		.uleb128 0x13
 1187 00fb 00       		.byte	0x0
 1188 00fc 00       		.byte	0x0
 1189 00fd 12       		.uleb128 0x12
 1190 00fe 34       		.uleb128 0x34
 1191 00ff 00       		.byte	0x0
 1192 0100 03       		.uleb128 0x3
 1193 0101 0E       		.uleb128 0xe
 1194 0102 3A       		.uleb128 0x3a
 1195 0103 0B       		.uleb128 0xb
 1196 0104 3B       		.uleb128 0x3b
 1197 0105 05       		.uleb128 0x5
 1198 0106 49       		.uleb128 0x49
 1199 0107 13       		.uleb128 0x13
 1200 0108 3F       		.uleb128 0x3f
 1201 0109 0C       		.uleb128 0xc
 1202 010a 3C       		.uleb128 0x3c
 1203 010b 0C       		.uleb128 0xc
 1204 010c 00       		.byte	0x0
 1205 010d 00       		.byte	0x0
 1206 010e 13       		.uleb128 0x13
 1207 010f 35       		.uleb128 0x35
 1208 0110 00       		.byte	0x0
 1209 0111 49       		.uleb128 0x49
 1210 0112 13       		.uleb128 0x13
 1211 0113 00       		.byte	0x0
 1212 0114 00       		.byte	0x0
 1213 0115 00       		.byte	0x0
 1214              		.section	.debug_pubnames,"",%progbits
 1215 0000 74000000 		.4byte	0x74
 1216 0004 0200     		.2byte	0x2
 1217 0006 00000000 		.4byte	.Ldebug_info0
ARM GAS  C:\Users\Martin\AppData\Local\Temp\cczE0dJe.s 			page 27


 1218 000a 03030000 		.4byte	0x303
 1219 000e 2D010000 		.4byte	0x12d
 1220 0012 43445335 		.ascii	"CDS5500_GetChecksum\000"
 1220      3530305F 
 1220      47657443 
 1220      6865636B 
 1220      73756D00 
 1221 0026 DC010000 		.4byte	0x1dc
 1222 002a 43445335 		.ascii	"CDS5500_CheckResponse\000"
 1222      3530305F 
 1222      43686563 
 1222      6B526573 
 1222      706F6E73 
 1223 0040 32020000 		.4byte	0x232
 1224 0044 43445335 		.ascii	"CDS5500_Ping\000"
 1224      3530305F 
 1224      50696E67 
 1224      00
 1225 0051 76020000 		.4byte	0x276
 1226 0055 43445335 		.ascii	"CDS5500_WritePos\000"
 1226      3530305F 
 1226      57726974 
 1226      65506F73 
 1226      00
 1227 0066 C7020000 		.4byte	0x2c7
 1228 006a 53657276 		.ascii	"ServoTest\000"
 1228      6F546573 
 1228      7400
 1229 0074 00000000 		.4byte	0x0
 1230              		.section	.debug_aranges,"",%progbits
 1231 0000 44000000 		.4byte	0x44
 1232 0004 0200     		.2byte	0x2
 1233 0006 00000000 		.4byte	.Ldebug_info0
 1234 000a 04       		.byte	0x4
 1235 000b 00       		.byte	0x0
 1236 000c 0000     		.2byte	0x0
 1237 000e 0000     		.2byte	0x0
 1238 0010 00000000 		.4byte	.LFB29
 1239 0014 64000000 		.4byte	.LFE29-.LFB29
 1240 0018 00000000 		.4byte	.LFB30
 1241 001c 76000000 		.4byte	.LFE30-.LFB30
 1242 0020 00000000 		.4byte	.LFB31
 1243 0024 4A000000 		.4byte	.LFE31-.LFB31
 1244 0028 00000000 		.4byte	.LFB32
 1245 002c 88000000 		.4byte	.LFE32-.LFB32
 1246 0030 00000000 		.4byte	.LFB33
 1247 0034 1C000000 		.4byte	.LFE33-.LFB33
 1248 0038 00000000 		.4byte	.LFB34
 1249 003c 26000000 		.4byte	.LFE34-.LFB34
 1250 0040 00000000 		.4byte	0x0
 1251 0044 00000000 		.4byte	0x0
 1252              		.section	.debug_ranges,"",%progbits
 1253              	.Ldebug_ranges0:
 1254 0000 00000000 		.4byte	.Ltext0
 1255 0004 00000000 		.4byte	.Letext0
 1256 0008 00000000 		.4byte	.LFB29
 1257 000c 64000000 		.4byte	.LFE29
ARM GAS  C:\Users\Martin\AppData\Local\Temp\cczE0dJe.s 			page 28


 1258 0010 00000000 		.4byte	.LFB30
 1259 0014 76000000 		.4byte	.LFE30
 1260 0018 00000000 		.4byte	.LFB31
 1261 001c 4A000000 		.4byte	.LFE31
 1262 0020 00000000 		.4byte	.LFB32
 1263 0024 88000000 		.4byte	.LFE32
 1264 0028 00000000 		.4byte	.LFB33
 1265 002c 1C000000 		.4byte	.LFE33
 1266 0030 00000000 		.4byte	.LFB34
 1267 0034 26000000 		.4byte	.LFE34
 1268 0038 00000000 		.4byte	0x0
 1269 003c 00000000 		.4byte	0x0
 1270              		.section	.debug_str,"MS",%progbits,1
 1271              	.LASF6:
 1272 0000 6C6F6E67 		.ascii	"long long int\000"
 1272      206C6F6E 
 1272      6720696E 
 1272      7400
 1273              	.LASF20:
 1274 000e 63686563 		.ascii	"checksum\000"
 1274      6B73756D 
 1274      00
 1275              	.LASF27:
 1276 0017 43445335 		.ascii	"CDS5500_CheckResponse\000"
 1276      3530305F 
 1276      43686563 
 1276      6B526573 
 1276      706F6E73 
 1277              	.LASF42:
 1278 002d 53656E64 		.ascii	"SendServoMsg\000"
 1278      53657276 
 1278      6F4D7367 
 1278      00
 1279              	.LASF32:
 1280 003a 43445335 		.ascii	"CDS5500_Ping\000"
 1280      3530305F 
 1280      50696E67 
 1280      00
 1281              	.LASF23:
 1282 0047 7563496E 		.ascii	"ucInstrId\000"
 1282      73747249 
 1282      6400
 1283              	.LASF2:
 1284 0051 73686F72 		.ascii	"short int\000"
 1284      7420696E 
 1284      7400
 1285              	.LASF29:
 1286 005b 73746174 		.ascii	"status\000"
 1286      757300
 1287              	.LASF31:
 1288 0062 63616C63 		.ascii	"calcChecksum\000"
 1288      43686563 
 1288      6B73756D 
 1288      00
 1289              	.LASF21:
 1290 006f 43445335 		.ascii	"CDS5500_MSG\000"
 1290      3530305F 
ARM GAS  C:\Users\Martin\AppData\Local\Temp\cczE0dJe.s 			page 29


 1290      4D534700 
 1291              	.LASF9:
 1292 007b 666C6F61 		.ascii	"float\000"
 1292      7400
 1293              	.LASF14:
 1294 0081 73746172 		.ascii	"startbyte0\000"
 1294      74627974 
 1294      653000
 1295              	.LASF15:
 1296 008c 73746172 		.ascii	"startbyte1\000"
 1296      74627974 
 1296      653100
 1297              	.LASF25:
 1298 0097 70756349 		.ascii	"pucInstrParams\000"
 1298      6E737472 
 1298      50617261 
 1298      6D7300
 1299              	.LASF1:
 1300 00a6 756E7369 		.ascii	"unsigned char\000"
 1300      676E6564 
 1300      20636861 
 1300      7200
 1301              	.LASF39:
 1302 00b4 2E5C7365 		.ascii	".\\servo_cds5500.c\000"
 1302      72766F5F 
 1302      63647335 
 1302      3530302E 
 1302      6300
 1303              	.LASF5:
 1304 00c6 6C6F6E67 		.ascii	"long unsigned int\000"
 1304      20756E73 
 1304      69676E65 
 1304      6420696E 
 1304      7400
 1305              	.LASF3:
 1306 00d8 73686F72 		.ascii	"short unsigned int\000"
 1306      7420756E 
 1306      7369676E 
 1306      65642069 
 1306      6E7400
 1307              	.LASF43:
 1308 00eb 49544D5F 		.ascii	"ITM_RxBuffer\000"
 1308      52784275 
 1308      66666572 
 1308      00
 1309              	.LASF24:
 1310 00f8 75634E75 		.ascii	"ucNumParams\000"
 1310      6D506172 
 1310      616D7300 
 1311              	.LASF10:
 1312 0104 646F7562 		.ascii	"double\000"
 1312      6C6500
 1313              	.LASF16:
 1314 010b 6D6F746F 		.ascii	"motorId\000"
 1314      72496400 
 1315              	.LASF26:
 1316 0113 43445335 		.ascii	"CDS5500_GetChecksum\000"
ARM GAS  C:\Users\Martin\AppData\Local\Temp\cczE0dJe.s 			page 30


 1316      3530305F 
 1316      47657443 
 1316      6865636B 
 1316      73756D00 
 1317              	.LASF34:
 1318 0127 706F7369 		.ascii	"position\000"
 1318      74696F6E 
 1318      00
 1319              	.LASF13:
 1320 0130 53544154 		.ascii	"STATUS\000"
 1320      555300
 1321              	.LASF19:
 1322 0137 696E7374 		.ascii	"instrParams\000"
 1322      72506172 
 1322      616D7300 
 1323              	.LASF8:
 1324 0143 756E7369 		.ascii	"unsigned int\000"
 1324      676E6564 
 1324      20696E74 
 1324      00
 1325              	.LASF41:
 1326 0150 5F636473 		.ascii	"_cds5500_msg\000"
 1326      35353030 
 1326      5F6D7367 
 1326      00
 1327              	.LASF7:
 1328 015d 6C6F6E67 		.ascii	"long long unsigned int\000"
 1328      206C6F6E 
 1328      6720756E 
 1328      7369676E 
 1328      65642069 
 1329              	.LASF37:
 1330 0174 53657276 		.ascii	"ServoTest\000"
 1330      6F546573 
 1330      7400
 1331              	.LASF28:
 1332 017e 72657370 		.ascii	"response\000"
 1332      6F6E7365 
 1332      00
 1333              	.LASF36:
 1334 0187 6D657373 		.ascii	"messageLength\000"
 1334      6167654C 
 1334      656E6774 
 1334      6800
 1335              	.LASF18:
 1336 0195 696E7374 		.ascii	"instrId\000"
 1336      72496400 
 1337              	.LASF38:
 1338 019d 474E5520 		.ascii	"GNU C 4.4.1\000"
 1338      4320342E 
 1338      342E3100 
 1339              	.LASF11:
 1340 01a9 63686172 		.ascii	"char\000"
 1340      00
 1341              	.LASF12:
 1342 01ae 75696E74 		.ascii	"uint8\000"
 1342      3800
ARM GAS  C:\Users\Martin\AppData\Local\Temp\cczE0dJe.s 			page 31


 1343              	.LASF33:
 1344 01b4 43445335 		.ascii	"CDS5500_WritePos\000"
 1344      3530305F 
 1344      57726974 
 1344      65506F73 
 1344      00
 1345              	.LASF4:
 1346 01c5 6C6F6E67 		.ascii	"long int\000"
 1346      20696E74 
 1346      00
 1347              	.LASF35:
 1348 01ce 76656C6F 		.ascii	"velocity\000"
 1348      63697479 
 1348      00
 1349              	.LASF0:
 1350 01d7 7369676E 		.ascii	"signed char\000"
 1350      65642063 
 1350      68617200 
 1351              	.LASF22:
 1352 01e3 75634D6F 		.ascii	"ucMotorId\000"
 1352      746F7249 
 1352      6400
 1353              	.LASF30:
 1354 01ed 6D736743 		.ascii	"msgCkecksum\000"
 1354      6B65636B 
 1354      73756D00 
 1355              	.LASF17:
 1356 01f9 6C656E67 		.ascii	"length\000"
 1356      746800
 1357              	.LASF40:
 1358 0200 583A5C47 		.ascii	"X:\\GitHub_roboticscode\\roboticscode\\psoc\\psoc_c"
 1358      69744875 
 1358      625F726F 
 1358      626F7469 
 1358      6373636F 
 1359 022f 72656174 		.ascii	"reator_2.2\\DrivePlatform3\\DrivePlatform3\\DrivePl"
 1359      6F725F32 
 1359      2E325C44 
 1359      72697665 
 1359      506C6174 
 1360 025f 6174666F 		.ascii	"atform3.cydsn\000"
 1360      726D332E 
 1360      63796473 
 1360      6E00
 1361              		.ident	"GCC: (Sourcery G++ Lite 2010q1-188) 4.4.1"
