ARM GAS  C:\Users\Martin\AppData\Local\Temp\cc0Ed18u.s 			page 1


   1              		.syntax unified
   2              		.cpu cortex-m3
   3              		.fpu softvfp
   4              		.eabi_attribute 20, 1
   5              		.eabi_attribute 21, 1
   6              		.eabi_attribute 23, 3
   7              		.eabi_attribute 24, 1
   8              		.eabi_attribute 25, 1
   9              		.eabi_attribute 26, 1
  10              		.eabi_attribute 30, 6
  11              		.eabi_attribute 18, 4
  12              		.thumb
  13              		.file	"tmr.c"
  14              		.section	.debug_abbrev,"",%progbits
  15              	.Ldebug_abbrev0:
  16              		.section	.debug_info,"",%progbits
  17              	.Ldebug_info0:
  18              		.section	.debug_line,"",%progbits
  19              	.Ldebug_line0:
  20 0000 AA010000 		.text
  20      02001201 
  20      00000201 
  20      FB0E0D00 
  20      01010101 
  21              	.Ltext0:
  22              		.cfi_sections	.debug_frame
  23              		.bss
  24              	TimerOverrun:
  25 0000 00       		.space	1
  26              		.data
  27              		.type	IsFirstExecution, %object
  28              		.size	IsFirstExecution, 1
  29              	IsFirstExecution:
  30 0000 01       		.byte	1
  31              		.bss
  32 0001 000000   		.align	2
  33              	Timer:
  34 0004 00000000 		.space	96
  34      00000000 
  34      00000000 
  34      00000000 
  34      00000000 
  35              		.align	2
  36              	NewTime:
  37 0064 00000000 		.space	4
  38              		.align	2
  39              	OldTime:
  40 0068 00000000 		.space	4
  41              		.section	.text.isr_timer_routine,"ax",%progbits
  42              		.align	2
  43              		.global	isr_timer_routine
  44              		.thumb
  45              		.thumb_func
  46              		.type	isr_timer_routine, %function
  47              	isr_timer_routine:
  48              	.LFB29:
  49              		.file 1 ".\\tmr.c"
ARM GAS  C:\Users\Martin\AppData\Local\Temp\cc0Ed18u.s 			page 2


   1:.\tmr.c       **** /* Copyright (C) <2014> <Martin Schalk>
   2:.\tmr.c       ****  * All rights reserved.
   3:.\tmr.c       ****  *
   4:.\tmr.c       ****  * This software may be modified and distributed under the terms
   5:.\tmr.c       ****  * of the BSD license.  See the LICENSE file for details.
   6:.\tmr.c       ****  */
   7:.\tmr.c       **** 
   8:.\tmr.c       **** 
   9:.\tmr.c       **** #include <project.h>
  10:.\tmr.c       **** #include "types.h"
  11:.\tmr.c       **** #include "timer.h"
  12:.\tmr.c       **** #include "tmr.h"
  13:.\tmr.c       **** #include "error.h"
  14:.\tmr.c       **** #include "global.h"
  15:.\tmr.c       **** 
  16:.\tmr.c       **** static BOOL 	TimerOverrun = FALSE;
  17:.\tmr.c       **** static BOOL     IsFirstExecution = TRUE;
  18:.\tmr.c       **** static TIMER 	Timer[TIMER_NUM];
  19:.\tmr.c       **** static uint32	NewTime, OldTime;
  20:.\tmr.c       **** 
  21:.\tmr.c       **** 
  22:.\tmr.c       **** /*******************************************************/
  23:.\tmr.c       **** CY_ISR(isr_timer_routine)
  24:.\tmr.c       **** {
  50              		.loc 1 24 0
  51              		.cfi_startproc
  52              		@ args = 0, pretend = 0, frame = 0
  53              		@ frame_needed = 1, uses_anonymous_args = 0
  54              		@ link register save eliminated.
  55 0000 80B4     		push	{r7}
  56              	.LCFI0:
  57              		.cfi_def_cfa_offset 4
  58 0002 00AF     		add	r7, sp, #0
  59              		.cfi_offset 7, -4
  60              	.LCFI1:
  61              		.cfi_def_cfa_register 7
  25:.\tmr.c       **** 	TimerOverrun = TRUE;
  62              		.loc 1 25 0
  63 0004 40F20003 		movw	r3, #:lower16:TimerOverrun
  64 0008 C0F20003 		movt	r3, #:upper16:TimerOverrun
  65 000c 4FF00102 		mov	r2, #1
  66 0010 1A70     		strb	r2, [r3, #0]
  26:.\tmr.c       **** }
  67              		.loc 1 26 0
  68 0012 BD46     		mov	sp, r7
  69 0014 80BC     		pop	{r7}
  70 0016 7047     		bx	lr
  71              		.cfi_endproc
  72              	.LFE29:
  73              		.size	isr_timer_routine, .-isr_timer_routine
  74              		.section	.text.TMR_Init,"ax",%progbits
  75              		.align	2
  76              		.global	TMR_Init
  77              		.thumb
  78              		.thumb_func
  79              		.type	TMR_Init, %function
  80              	TMR_Init:
ARM GAS  C:\Users\Martin\AppData\Local\Temp\cc0Ed18u.s 			page 3


  81              	.LFB30:
  27:.\tmr.c       **** 
  28:.\tmr.c       **** 
  29:.\tmr.c       **** /*******************************************************/
  30:.\tmr.c       **** STATUS 	TMR_Init(void)
  31:.\tmr.c       **** {
  82              		.loc 1 31 0
  83              		.cfi_startproc
  84              		@ args = 0, pretend = 0, frame = 0
  85              		@ frame_needed = 1, uses_anonymous_args = 0
  86 0000 80B5     		push	{r7, lr}
  87              	.LCFI2:
  88              		.cfi_def_cfa_offset 8
  89 0002 00AF     		add	r7, sp, #0
  90              		.cfi_offset 14, -4
  91              		.cfi_offset 7, -8
  92              	.LCFI3:
  93              		.cfi_def_cfa_register 7
  32:.\tmr.c       **** 	NewTime = OldTime = 0;
  94              		.loc 1 32 0
  95 0004 40F20003 		movw	r3, #:lower16:OldTime
  96 0008 C0F20003 		movt	r3, #:upper16:OldTime
  97 000c 4FF00002 		mov	r2, #0
  98 0010 1A60     		str	r2, [r3, #0]
  99 0012 40F20003 		movw	r3, #:lower16:OldTime
 100 0016 C0F20003 		movt	r3, #:upper16:OldTime
 101 001a 1A68     		ldr	r2, [r3, #0]
 102 001c 40F20003 		movw	r3, #:lower16:NewTime
 103 0020 C0F20003 		movt	r3, #:upper16:NewTime
 104 0024 1A60     		str	r2, [r3, #0]
  33:.\tmr.c       **** 	memset(Timer, 0, sizeof(Timer));
 105              		.loc 1 33 0
 106 0026 40F20000 		movw	r0, #:lower16:Timer
 107 002a C0F20000 		movt	r0, #:upper16:Timer
 108 002e 4FF00001 		mov	r1, #0
 109 0032 4FF06002 		mov	r2, #96
 110 0036 FFF7FEFF 		bl	memset
  34:.\tmr.c       **** 	
  35:.\tmr.c       **** 	TIMER_Init();
 111              		.loc 1 35 0
 112 003a FFF7FEFF 		bl	TIMER_Init
  36:.\tmr.c       **** 	Isr_timer_SetVector(isr_timer_routine);
 113              		.loc 1 36 0
 114 003e 40F20000 		movw	r0, #:lower16:isr_timer_routine
 115 0042 C0F20000 		movt	r0, #:upper16:isr_timer_routine
 116 0046 FFF7FEFF 		bl	Isr_timer_SetVector
  37:.\tmr.c       **** 	Isr_timer_Start();
 117              		.loc 1 37 0
 118 004a FFF7FEFF 		bl	Isr_timer_Start
  38:.\tmr.c       **** 	TIMER_WritePeriod(TIMER_PERIOD_1000SEC); //clock 1MHz
 119              		.loc 1 38 0
 120 004e 4CF60020 		movw	r0, #:lower16:1000000000
 121 0052 C3F69A30 		movt	r0, #:upper16:1000000000
 122 0056 FFF7FEFF 		bl	TIMER_WritePeriod
  39:.\tmr.c       **** 	TIMER_Enable();
 123              		.loc 1 39 0
 124 005a FFF7FEFF 		bl	TIMER_Enable
ARM GAS  C:\Users\Martin\AppData\Local\Temp\cc0Ed18u.s 			page 4


  40:.\tmr.c       **** 	TIMER_CLOCK_Start();
 125              		.loc 1 40 0
 126 005e FFF7FEFF 		bl	TIMER_CLOCK_Start
  41:.\tmr.c       ****     
  42:.\tmr.c       **** 	return SUCCESS;
 127              		.loc 1 42 0
 128 0062 4FF00003 		mov	r3, #0
  43:.\tmr.c       **** }
 129              		.loc 1 43 0
 130 0066 1846     		mov	r0, r3
 131 0068 80BD     		pop	{r7, pc}
 132              		.cfi_endproc
 133              	.LFE30:
 134              		.size	TMR_Init, .-TMR_Init
 135 006a 00BF     		.section	.text.TMR_SetTimer,"ax",%progbits
 136              		.align	2
 137              		.global	TMR_SetTimer
 138              		.thumb
 139              		.thumb_func
 140              		.type	TMR_SetTimer, %function
 141              	TMR_SetTimer:
 142              	.LFB31:
  44:.\tmr.c       **** 
  45:.\tmr.c       **** /*******************************************************/
  46:.\tmr.c       **** void TMR_SetTimer(uint8 numTimer, uint32 us, TMR_FUNC func, uint8 mode, uint8 status)
  47:.\tmr.c       **** {
 143              		.loc 1 47 0
 144              		.cfi_startproc
 145              		@ args = 4, pretend = 0, frame = 16
 146              		@ frame_needed = 1, uses_anonymous_args = 0
 147              		@ link register save eliminated.
 148 0000 80B4     		push	{r7}
 149              	.LCFI4:
 150              		.cfi_def_cfa_offset 4
 151 0002 85B0     		sub	sp, sp, #20
 152              	.LCFI5:
 153              		.cfi_def_cfa_offset 24
 154 0004 00AF     		add	r7, sp, #0
 155              		.cfi_offset 7, -4
 156              	.LCFI6:
 157              		.cfi_def_cfa_register 7
 158 0006 B960     		str	r1, [r7, #8]
 159 0008 7A60     		str	r2, [r7, #4]
 160 000a 0246     		mov	r2, r0
 161 000c FA73     		strb	r2, [r7, #15]
 162 000e FB70     		strb	r3, [r7, #3]
  48:.\tmr.c       **** 	Timer[numTimer].count = 0;
 163              		.loc 1 48 0
 164 0010 FA7B     		ldrb	r2, [r7, #15]	@ zero_extendqisi2
 165 0012 40F20003 		movw	r3, #:lower16:Timer
 166 0016 C0F20003 		movt	r3, #:upper16:Timer
 167 001a 4FEA0212 		lsl	r2, r2, #4
 168 001e 1344     		add	r3, r2, r3
 169 0020 4FF00002 		mov	r2, #0
 170 0024 1A60     		str	r2, [r3, #0]
  49:.\tmr.c       **** 	Timer[numTimer].value = us;
 171              		.loc 1 49 0
ARM GAS  C:\Users\Martin\AppData\Local\Temp\cc0Ed18u.s 			page 5


 172 0026 FA7B     		ldrb	r2, [r7, #15]	@ zero_extendqisi2
 173 0028 40F20003 		movw	r3, #:lower16:Timer
 174 002c C0F20003 		movt	r3, #:upper16:Timer
 175 0030 4FEA0212 		lsl	r2, r2, #4
 176 0034 1344     		add	r3, r2, r3
 177 0036 03F10403 		add	r3, r3, #4
 178 003a BA68     		ldr	r2, [r7, #8]
 179 003c 1A60     		str	r2, [r3, #0]
  50:.\tmr.c       **** 	Timer[numTimer].func = func;
 180              		.loc 1 50 0
 181 003e FA7B     		ldrb	r2, [r7, #15]	@ zero_extendqisi2
 182 0040 40F20003 		movw	r3, #:lower16:Timer
 183 0044 C0F20003 		movt	r3, #:upper16:Timer
 184 0048 4FEA4202 		lsl	r2, r2, #1
 185 004c 02F10102 		add	r2, r2, #1
 186 0050 7968     		ldr	r1, [r7, #4]
 187 0052 43F83210 		str	r1, [r3, r2, lsl #3]
  51:.\tmr.c       **** 	Timer[numTimer].mode = mode;
 188              		.loc 1 51 0
 189 0056 FB7B     		ldrb	r3, [r7, #15]	@ zero_extendqisi2
 190 0058 40F20002 		movw	r2, #:lower16:Timer
 191 005c C0F20002 		movt	r2, #:upper16:Timer
 192 0060 4FEA4303 		lsl	r3, r3, #1
 193 0064 03F10103 		add	r3, r3, #1
 194 0068 4FEAC303 		lsl	r3, r3, #3
 195 006c 1344     		add	r3, r3, r2
 196 006e FA78     		ldrb	r2, [r7, #3]
 197 0070 1A71     		strb	r2, [r3, #4]
  52:.\tmr.c       **** 	Timer[numTimer].status = status;
 198              		.loc 1 52 0
 199 0072 FB7B     		ldrb	r3, [r7, #15]	@ zero_extendqisi2
 200 0074 40F20002 		movw	r2, #:lower16:Timer
 201 0078 C0F20002 		movt	r2, #:upper16:Timer
 202 007c 4FEA4303 		lsl	r3, r3, #1
 203 0080 03F10103 		add	r3, r3, #1
 204 0084 4FEAC303 		lsl	r3, r3, #3
 205 0088 1344     		add	r3, r3, r2
 206 008a 3A7E     		ldrb	r2, [r7, #24]
 207 008c 5A71     		strb	r2, [r3, #5]
  53:.\tmr.c       **** }
 208              		.loc 1 53 0
 209 008e 07F11407 		add	r7, r7, #20
 210 0092 BD46     		mov	sp, r7
 211 0094 80BC     		pop	{r7}
 212 0096 7047     		bx	lr
 213              		.cfi_endproc
 214              	.LFE31:
 215              		.size	TMR_SetTimer, .-TMR_SetTimer
 216              		.section	.text.TMR_StartTimer,"ax",%progbits
 217              		.align	2
 218              		.global	TMR_StartTimer
 219              		.thumb
 220              		.thumb_func
 221              		.type	TMR_StartTimer, %function
 222              	TMR_StartTimer:
 223              	.LFB32:
  54:.\tmr.c       **** 
ARM GAS  C:\Users\Martin\AppData\Local\Temp\cc0Ed18u.s 			page 6


  55:.\tmr.c       **** /*******************************************************/
  56:.\tmr.c       **** void TMR_StartTimer(uint8 numTimer)
  57:.\tmr.c       **** {
 224              		.loc 1 57 0
 225              		.cfi_startproc
 226              		@ args = 0, pretend = 0, frame = 8
 227              		@ frame_needed = 1, uses_anonymous_args = 0
 228              		@ link register save eliminated.
 229 0000 80B4     		push	{r7}
 230              	.LCFI7:
 231              		.cfi_def_cfa_offset 4
 232 0002 83B0     		sub	sp, sp, #12
 233              	.LCFI8:
 234              		.cfi_def_cfa_offset 16
 235 0004 00AF     		add	r7, sp, #0
 236              		.cfi_offset 7, -4
 237              	.LCFI9:
 238              		.cfi_def_cfa_register 7
 239 0006 0346     		mov	r3, r0
 240 0008 FB71     		strb	r3, [r7, #7]
  58:.\tmr.c       **** 	Timer[numTimer].count = 0;
 241              		.loc 1 58 0
 242 000a FA79     		ldrb	r2, [r7, #7]	@ zero_extendqisi2
 243 000c 40F20003 		movw	r3, #:lower16:Timer
 244 0010 C0F20003 		movt	r3, #:upper16:Timer
 245 0014 4FEA0212 		lsl	r2, r2, #4
 246 0018 1344     		add	r3, r2, r3
 247 001a 4FF00002 		mov	r2, #0
 248 001e 1A60     		str	r2, [r3, #0]
  59:.\tmr.c       **** 	Timer[numTimer].status = TIMER_ENABLED;
 249              		.loc 1 59 0
 250 0020 FB79     		ldrb	r3, [r7, #7]	@ zero_extendqisi2
 251 0022 40F20002 		movw	r2, #:lower16:Timer
 252 0026 C0F20002 		movt	r2, #:upper16:Timer
 253 002a 4FEA4303 		lsl	r3, r3, #1
 254 002e 03F10103 		add	r3, r3, #1
 255 0032 4FEAC303 		lsl	r3, r3, #3
 256 0036 1344     		add	r3, r3, r2
 257 0038 4FF00102 		mov	r2, #1
 258 003c 5A71     		strb	r2, [r3, #5]
  60:.\tmr.c       **** }
 259              		.loc 1 60 0
 260 003e 07F10C07 		add	r7, r7, #12
 261 0042 BD46     		mov	sp, r7
 262 0044 80BC     		pop	{r7}
 263 0046 7047     		bx	lr
 264              		.cfi_endproc
 265              	.LFE32:
 266              		.size	TMR_StartTimer, .-TMR_StartTimer
 267              		.section	.text.TMR_StopTimer,"ax",%progbits
 268              		.align	2
 269              		.global	TMR_StopTimer
 270              		.thumb
 271              		.thumb_func
 272              		.type	TMR_StopTimer, %function
 273              	TMR_StopTimer:
 274              	.LFB33:
ARM GAS  C:\Users\Martin\AppData\Local\Temp\cc0Ed18u.s 			page 7


  61:.\tmr.c       **** 
  62:.\tmr.c       **** /*******************************************************/
  63:.\tmr.c       **** void TMR_StopTimer(uint8 numTimer)
  64:.\tmr.c       **** {
 275              		.loc 1 64 0
 276              		.cfi_startproc
 277              		@ args = 0, pretend = 0, frame = 8
 278              		@ frame_needed = 1, uses_anonymous_args = 0
 279              		@ link register save eliminated.
 280 0000 80B4     		push	{r7}
 281              	.LCFI10:
 282              		.cfi_def_cfa_offset 4
 283 0002 83B0     		sub	sp, sp, #12
 284              	.LCFI11:
 285              		.cfi_def_cfa_offset 16
 286 0004 00AF     		add	r7, sp, #0
 287              		.cfi_offset 7, -4
 288              	.LCFI12:
 289              		.cfi_def_cfa_register 7
 290 0006 0346     		mov	r3, r0
 291 0008 FB71     		strb	r3, [r7, #7]
  65:.\tmr.c       **** 	Timer[numTimer].count = 0;
 292              		.loc 1 65 0
 293 000a FA79     		ldrb	r2, [r7, #7]	@ zero_extendqisi2
 294 000c 40F20003 		movw	r3, #:lower16:Timer
 295 0010 C0F20003 		movt	r3, #:upper16:Timer
 296 0014 4FEA0212 		lsl	r2, r2, #4
 297 0018 1344     		add	r3, r2, r3
 298 001a 4FF00002 		mov	r2, #0
 299 001e 1A60     		str	r2, [r3, #0]
  66:.\tmr.c       **** 	Timer[numTimer].status = TIMER_DISABLED;
 300              		.loc 1 66 0
 301 0020 FB79     		ldrb	r3, [r7, #7]	@ zero_extendqisi2
 302 0022 40F20002 		movw	r2, #:lower16:Timer
 303 0026 C0F20002 		movt	r2, #:upper16:Timer
 304 002a 4FEA4303 		lsl	r3, r3, #1
 305 002e 03F10103 		add	r3, r3, #1
 306 0032 4FEAC303 		lsl	r3, r3, #3
 307 0036 1344     		add	r3, r3, r2
 308 0038 4FF00002 		mov	r2, #0
 309 003c 5A71     		strb	r2, [r3, #5]
  67:.\tmr.c       **** }
 310              		.loc 1 67 0
 311 003e 07F10C07 		add	r7, r7, #12
 312 0042 BD46     		mov	sp, r7
 313 0044 80BC     		pop	{r7}
 314 0046 7047     		bx	lr
 315              		.cfi_endproc
 316              	.LFE33:
 317              		.size	TMR_StopTimer, .-TMR_StopTimer
 318              		.section	.text.TMR_HandleTask,"ax",%progbits
 319              		.align	2
 320              		.global	TMR_HandleTask
 321              		.thumb
 322              		.thumb_func
 323              		.type	TMR_HandleTask, %function
 324              	TMR_HandleTask:
ARM GAS  C:\Users\Martin\AppData\Local\Temp\cc0Ed18u.s 			page 8


 325              	.LFB34:
  68:.\tmr.c       **** 
  69:.\tmr.c       **** 
  70:.\tmr.c       **** /*******************************************************/
  71:.\tmr.c       **** STATUS TMR_HandleTask(void)
  72:.\tmr.c       **** {
 326              		.loc 1 72 0
 327              		.cfi_startproc
 328              		@ args = 0, pretend = 0, frame = 8
 329              		@ frame_needed = 1, uses_anonymous_args = 0
 330 0000 80B5     		push	{r7, lr}
 331              	.LCFI13:
 332              		.cfi_def_cfa_offset 8
 333 0002 82B0     		sub	sp, sp, #8
 334              	.LCFI14:
 335              		.cfi_def_cfa_offset 16
 336 0004 00AF     		add	r7, sp, #0
 337              		.cfi_offset 14, -4
 338              		.cfi_offset 7, -8
 339              	.LCFI15:
 340              		.cfi_def_cfa_register 7
  73:.\tmr.c       **** 	uint8 i;
  74:.\tmr.c       **** 	uint32 timediff;
  75:.\tmr.c       **** 	
  76:.\tmr.c       **** 	/* get new time (down counter) */
  77:.\tmr.c       **** 	NewTime = 0xFFFFFFFF - TIMER_ReadCounter();
 341              		.loc 1 77 0
 342 0006 FFF7FEFF 		bl	TIMER_ReadCounter
 343 000a 0346     		mov	r3, r0
 344 000c 6FEA0302 		mvn	r2, r3
 345 0010 40F20003 		movw	r3, #:lower16:NewTime
 346 0014 C0F20003 		movt	r3, #:upper16:NewTime
 347 0018 1A60     		str	r2, [r3, #0]
  78:.\tmr.c       **** 	
  79:.\tmr.c       ****     if (IsFirstExecution)
 348              		.loc 1 79 0
 349 001a 40F20003 		movw	r3, #:lower16:IsFirstExecution
 350 001e C0F20003 		movt	r3, #:upper16:IsFirstExecution
 351 0022 1B78     		ldrb	r3, [r3, #0]	@ zero_extendqisi2
 352 0024 002B     		cmp	r3, #0
 353 0026 13D0     		beq	.L12
  80:.\tmr.c       ****     {
  81:.\tmr.c       ****         OldTime = NewTime;
 354              		.loc 1 81 0
 355 0028 40F20003 		movw	r3, #:lower16:NewTime
 356 002c C0F20003 		movt	r3, #:upper16:NewTime
 357 0030 1A68     		ldr	r2, [r3, #0]
 358 0032 40F20003 		movw	r3, #:lower16:OldTime
 359 0036 C0F20003 		movt	r3, #:upper16:OldTime
 360 003a 1A60     		str	r2, [r3, #0]
  82:.\tmr.c       ****         IsFirstExecution = FALSE;
 361              		.loc 1 82 0
 362 003c 40F20003 		movw	r3, #:lower16:IsFirstExecution
 363 0040 C0F20003 		movt	r3, #:upper16:IsFirstExecution
 364 0044 4FF00002 		mov	r2, #0
 365 0048 1A70     		strb	r2, [r3, #0]
  83:.\tmr.c       ****         return SUCCESS;
ARM GAS  C:\Users\Martin\AppData\Local\Temp\cc0Ed18u.s 			page 9


 366              		.loc 1 83 0
 367 004a 4FF00003 		mov	r3, #0
 368 004e C5E0     		b	.L13
 369              	.L12:
  84:.\tmr.c       ****     }
  85:.\tmr.c       ****     
  86:.\tmr.c       **** 	/* this variable is set by isr when timer runs over */
  87:.\tmr.c       **** 	if (TimerOverrun == TRUE)
 370              		.loc 1 87 0
 371 0050 40F20003 		movw	r3, #:lower16:TimerOverrun
 372 0054 C0F20003 		movt	r3, #:upper16:TimerOverrun
 373 0058 1B78     		ldrb	r3, [r3, #0]	@ zero_extendqisi2
 374 005a 012B     		cmp	r3, #1
 375 005c 19D1     		bne	.L14
  88:.\tmr.c       **** 	{
  89:.\tmr.c       **** 		timediff = TIMER_PERIOD_1000SEC - OldTime + NewTime;
 376              		.loc 1 89 0
 377 005e 40F20003 		movw	r3, #:lower16:NewTime
 378 0062 C0F20003 		movt	r3, #:upper16:NewTime
 379 0066 1A68     		ldr	r2, [r3, #0]
 380 0068 40F20003 		movw	r3, #:lower16:OldTime
 381 006c C0F20003 		movt	r3, #:upper16:OldTime
 382 0070 1B68     		ldr	r3, [r3, #0]
 383 0072 C3EB0202 		rsb	r2, r3, r2
 384 0076 4CF60023 		movw	r3, #:lower16:1000000000
 385 007a C3F69A33 		movt	r3, #:upper16:1000000000
 386 007e 1344     		add	r3, r2, r3
 387 0080 7B60     		str	r3, [r7, #4]
  90:.\tmr.c       **** 		TimerOverrun = FALSE;
 388              		.loc 1 90 0
 389 0082 40F20003 		movw	r3, #:lower16:TimerOverrun
 390 0086 C0F20003 		movt	r3, #:upper16:TimerOverrun
 391 008a 4FF00002 		mov	r2, #0
 392 008e 1A70     		strb	r2, [r3, #0]
 393 0090 0CE0     		b	.L15
 394              	.L14:
  91:.\tmr.c       **** 	}
  92:.\tmr.c       **** 	else
  93:.\tmr.c       **** 	{
  94:.\tmr.c       **** 		timediff = NewTime - OldTime;
 395              		.loc 1 94 0
 396 0092 40F20003 		movw	r3, #:lower16:NewTime
 397 0096 C0F20003 		movt	r3, #:upper16:NewTime
 398 009a 1A68     		ldr	r2, [r3, #0]
 399 009c 40F20003 		movw	r3, #:lower16:OldTime
 400 00a0 C0F20003 		movt	r3, #:upper16:OldTime
 401 00a4 1B68     		ldr	r3, [r3, #0]
 402 00a6 C3EB0203 		rsb	r3, r3, r2
 403 00aa 7B60     		str	r3, [r7, #4]
 404              	.L15:
  95:.\tmr.c       **** 	}
  96:.\tmr.c       **** 	
  97:.\tmr.c       **** 	OldTime = NewTime;
 405              		.loc 1 97 0
 406 00ac 40F20003 		movw	r3, #:lower16:NewTime
 407 00b0 C0F20003 		movt	r3, #:upper16:NewTime
 408 00b4 1A68     		ldr	r2, [r3, #0]
ARM GAS  C:\Users\Martin\AppData\Local\Temp\cc0Ed18u.s 			page 10


 409 00b6 40F20003 		movw	r3, #:lower16:OldTime
 410 00ba C0F20003 		movt	r3, #:upper16:OldTime
 411 00be 1A60     		str	r2, [r3, #0]
  98:.\tmr.c       **** 	
  99:.\tmr.c       **** 	/* update timers */
 100:.\tmr.c       **** 	for (i=0; i<TIMER_NUM; i++)
 412              		.loc 1 100 0
 413 00c0 4FF00003 		mov	r3, #0
 414 00c4 FB70     		strb	r3, [r7, #3]
 415 00c6 83E0     		b	.L16
 416              	.L21:
 101:.\tmr.c       **** 	{
 102:.\tmr.c       **** 		if (Timer[i].status == TIMER_ENABLED)
 417              		.loc 1 102 0
 418 00c8 FB78     		ldrb	r3, [r7, #3]	@ zero_extendqisi2
 419 00ca 40F20002 		movw	r2, #:lower16:Timer
 420 00ce C0F20002 		movt	r2, #:upper16:Timer
 421 00d2 4FEA4303 		lsl	r3, r3, #1
 422 00d6 03F10103 		add	r3, r3, #1
 423 00da 4FEAC303 		lsl	r3, r3, #3
 424 00de 1344     		add	r3, r3, r2
 425 00e0 5B79     		ldrb	r3, [r3, #5]	@ zero_extendqisi2
 426 00e2 012B     		cmp	r3, #1
 427 00e4 70D1     		bne	.L17
 103:.\tmr.c       **** 		{
 104:.\tmr.c       **** 			/* increase timer */
 105:.\tmr.c       **** 			Timer[i].count += timediff;
 428              		.loc 1 105 0
 429 00e6 F978     		ldrb	r1, [r7, #3]	@ zero_extendqisi2
 430 00e8 FA78     		ldrb	r2, [r7, #3]	@ zero_extendqisi2
 431 00ea 40F20003 		movw	r3, #:lower16:Timer
 432 00ee C0F20003 		movt	r3, #:upper16:Timer
 433 00f2 4FEA0212 		lsl	r2, r2, #4
 434 00f6 1344     		add	r3, r2, r3
 435 00f8 1A68     		ldr	r2, [r3, #0]
 436 00fa 7B68     		ldr	r3, [r7, #4]
 437 00fc 1A44     		add	r2, r2, r3
 438 00fe 40F20003 		movw	r3, #:lower16:Timer
 439 0102 C0F20003 		movt	r3, #:upper16:Timer
 440 0106 4FEA0111 		lsl	r1, r1, #4
 441 010a 0B44     		add	r3, r1, r3
 442 010c 1A60     		str	r2, [r3, #0]
 106:.\tmr.c       **** 			if (Timer[i].count >= Timer[i].value)
 443              		.loc 1 106 0
 444 010e FA78     		ldrb	r2, [r7, #3]	@ zero_extendqisi2
 445 0110 40F20003 		movw	r3, #:lower16:Timer
 446 0114 C0F20003 		movt	r3, #:upper16:Timer
 447 0118 4FEA0212 		lsl	r2, r2, #4
 448 011c 1344     		add	r3, r2, r3
 449 011e 1A68     		ldr	r2, [r3, #0]
 450 0120 F978     		ldrb	r1, [r7, #3]	@ zero_extendqisi2
 451 0122 40F20003 		movw	r3, #:lower16:Timer
 452 0126 C0F20003 		movt	r3, #:upper16:Timer
 453 012a 4FEA0111 		lsl	r1, r1, #4
 454 012e 0B44     		add	r3, r1, r3
 455 0130 03F10403 		add	r3, r3, #4
 456 0134 1B68     		ldr	r3, [r3, #0]
ARM GAS  C:\Users\Martin\AppData\Local\Temp\cc0Ed18u.s 			page 11


 457 0136 9A42     		cmp	r2, r3
 458 0138 46D3     		bcc	.L17
 107:.\tmr.c       **** 			{
 108:.\tmr.c       **** 				/* call timer down function */
 109:.\tmr.c       ****                 if (Timer[i].func != NULL)
 459              		.loc 1 109 0
 460 013a FA78     		ldrb	r2, [r7, #3]	@ zero_extendqisi2
 461 013c 40F20003 		movw	r3, #:lower16:Timer
 462 0140 C0F20003 		movt	r3, #:upper16:Timer
 463 0144 4FEA4202 		lsl	r2, r2, #1
 464 0148 02F10102 		add	r2, r2, #1
 465 014c 53F83230 		ldr	r3, [r3, r2, lsl #3]
 466 0150 002B     		cmp	r3, #0
 467 0152 0CD0     		beq	.L18
 110:.\tmr.c       ****                 {
 111:.\tmr.c       ****                     Timer[i].func();
 468              		.loc 1 111 0
 469 0154 FA78     		ldrb	r2, [r7, #3]	@ zero_extendqisi2
 470 0156 40F20003 		movw	r3, #:lower16:Timer
 471 015a C0F20003 		movt	r3, #:upper16:Timer
 472 015e 4FEA4202 		lsl	r2, r2, #1
 473 0162 02F10102 		add	r2, r2, #1
 474 0166 53F83230 		ldr	r3, [r3, r2, lsl #3]
 475 016a 9847     		blx	r3
 476 016c 03E0     		b	.L19
 477              	.L18:
 112:.\tmr.c       ****                 }
 113:.\tmr.c       ****                 else
 114:.\tmr.c       ****                 {
 115:.\tmr.c       ****                     ERR_Error(ERROR_WARNING);
 478              		.loc 1 115 0
 479 016e 4FF0FD00 		mov	r0, #253
 480 0172 FFF7FEFF 		bl	ERR_Error
 481              	.L19:
 116:.\tmr.c       ****                 }
 117:.\tmr.c       ****                 
 118:.\tmr.c       ****                 
 119:.\tmr.c       **** 				if (Timer[i].mode != TIMER_MODE_CONTINUOUS)
 482              		.loc 1 119 0
 483 0176 FB78     		ldrb	r3, [r7, #3]	@ zero_extendqisi2
 484 0178 40F20002 		movw	r2, #:lower16:Timer
 485 017c C0F20002 		movt	r2, #:upper16:Timer
 486 0180 4FEA4303 		lsl	r3, r3, #1
 487 0184 03F10103 		add	r3, r3, #1
 488 0188 4FEAC303 		lsl	r3, r3, #3
 489 018c 1344     		add	r3, r3, r2
 490 018e 1B79     		ldrb	r3, [r3, #4]	@ zero_extendqisi2
 491 0190 022B     		cmp	r3, #2
 492 0192 0ED0     		beq	.L20
 120:.\tmr.c       **** 				{
 121:.\tmr.c       **** 					Timer[i].status = TIMER_DISABLED;
 493              		.loc 1 121 0
 494 0194 FB78     		ldrb	r3, [r7, #3]	@ zero_extendqisi2
 495 0196 40F20002 		movw	r2, #:lower16:Timer
 496 019a C0F20002 		movt	r2, #:upper16:Timer
 497 019e 4FEA4303 		lsl	r3, r3, #1
 498 01a2 03F10103 		add	r3, r3, #1
ARM GAS  C:\Users\Martin\AppData\Local\Temp\cc0Ed18u.s 			page 12


 499 01a6 4FEAC303 		lsl	r3, r3, #3
 500 01aa 1344     		add	r3, r3, r2
 501 01ac 4FF00002 		mov	r2, #0
 502 01b0 5A71     		strb	r2, [r3, #5]
 503              	.L20:
 122:.\tmr.c       **** 				}
 123:.\tmr.c       **** 				Timer[i].count = 0;
 504              		.loc 1 123 0
 505 01b2 FA78     		ldrb	r2, [r7, #3]	@ zero_extendqisi2
 506 01b4 40F20003 		movw	r3, #:lower16:Timer
 507 01b8 C0F20003 		movt	r3, #:upper16:Timer
 508 01bc 4FEA0212 		lsl	r2, r2, #4
 509 01c0 1344     		add	r3, r2, r3
 510 01c2 4FF00002 		mov	r2, #0
 511 01c6 1A60     		str	r2, [r3, #0]
 512              	.L17:
 513              		.loc 1 100 0
 514 01c8 FB78     		ldrb	r3, [r7, #3]
 515 01ca 03F10103 		add	r3, r3, #1
 516 01ce FB70     		strb	r3, [r7, #3]
 517              	.L16:
 518 01d0 FB78     		ldrb	r3, [r7, #3]	@ zero_extendqisi2
 519 01d2 052B     		cmp	r3, #5
 520 01d4 7FF678AF 		bls	.L21
 124:.\tmr.c       **** 			}
 125:.\tmr.c       **** 		}
 126:.\tmr.c       **** 	}
 127:.\tmr.c       **** 	
 128:.\tmr.c       **** 	return SUCCESS;
 521              		.loc 1 128 0
 522 01d8 4FF00003 		mov	r3, #0
 523              	.L13:
 129:.\tmr.c       **** }
 524              		.loc 1 129 0
 525 01dc 1846     		mov	r0, r3
 526 01de 07F10807 		add	r7, r7, #8
 527 01e2 BD46     		mov	sp, r7
 528 01e4 80BD     		pop	{r7, pc}
 529              		.cfi_endproc
 530              	.LFE34:
 531              		.size	TMR_HandleTask, .-TMR_HandleTask
 532 01e6 00BF     		.text
 533              	.Letext0:
 534              		.section	.debug_loc,"",%progbits
 535              	.Ldebug_loc0:
 536              	.LLST0:
 537 0000 00000000 		.4byte	.LFB29
 538 0004 02000000 		.4byte	.LCFI0
 539 0008 0100     		.2byte	0x1
 540 000a 5D       		.byte	0x5d
 541 000b 02000000 		.4byte	.LCFI0
 542 000f 04000000 		.4byte	.LCFI1
 543 0013 0200     		.2byte	0x2
 544 0015 7D       		.byte	0x7d
 545 0016 04       		.sleb128 4
 546 0017 04000000 		.4byte	.LCFI1
 547 001b 18000000 		.4byte	.LFE29
ARM GAS  C:\Users\Martin\AppData\Local\Temp\cc0Ed18u.s 			page 13


 548 001f 0200     		.2byte	0x2
 549 0021 77       		.byte	0x77
 550 0022 04       		.sleb128 4
 551 0023 00000000 		.4byte	0x0
 552 0027 00000000 		.4byte	0x0
 553              	.LLST1:
 554 002b 00000000 		.4byte	.LFB30
 555 002f 02000000 		.4byte	.LCFI2
 556 0033 0100     		.2byte	0x1
 557 0035 5D       		.byte	0x5d
 558 0036 02000000 		.4byte	.LCFI2
 559 003a 04000000 		.4byte	.LCFI3
 560 003e 0200     		.2byte	0x2
 561 0040 7D       		.byte	0x7d
 562 0041 08       		.sleb128 8
 563 0042 04000000 		.4byte	.LCFI3
 564 0046 6A000000 		.4byte	.LFE30
 565 004a 0200     		.2byte	0x2
 566 004c 77       		.byte	0x77
 567 004d 08       		.sleb128 8
 568 004e 00000000 		.4byte	0x0
 569 0052 00000000 		.4byte	0x0
 570              	.LLST2:
 571 0056 00000000 		.4byte	.LFB31
 572 005a 02000000 		.4byte	.LCFI4
 573 005e 0100     		.2byte	0x1
 574 0060 5D       		.byte	0x5d
 575 0061 02000000 		.4byte	.LCFI4
 576 0065 04000000 		.4byte	.LCFI5
 577 0069 0200     		.2byte	0x2
 578 006b 7D       		.byte	0x7d
 579 006c 04       		.sleb128 4
 580 006d 04000000 		.4byte	.LCFI5
 581 0071 06000000 		.4byte	.LCFI6
 582 0075 0200     		.2byte	0x2
 583 0077 7D       		.byte	0x7d
 584 0078 18       		.sleb128 24
 585 0079 06000000 		.4byte	.LCFI6
 586 007d 98000000 		.4byte	.LFE31
 587 0081 0200     		.2byte	0x2
 588 0083 77       		.byte	0x77
 589 0084 18       		.sleb128 24
 590 0085 00000000 		.4byte	0x0
 591 0089 00000000 		.4byte	0x0
 592              	.LLST3:
 593 008d 00000000 		.4byte	.LFB32
 594 0091 02000000 		.4byte	.LCFI7
 595 0095 0100     		.2byte	0x1
 596 0097 5D       		.byte	0x5d
 597 0098 02000000 		.4byte	.LCFI7
 598 009c 04000000 		.4byte	.LCFI8
 599 00a0 0200     		.2byte	0x2
 600 00a2 7D       		.byte	0x7d
 601 00a3 04       		.sleb128 4
 602 00a4 04000000 		.4byte	.LCFI8
 603 00a8 06000000 		.4byte	.LCFI9
 604 00ac 0200     		.2byte	0x2
ARM GAS  C:\Users\Martin\AppData\Local\Temp\cc0Ed18u.s 			page 14


 605 00ae 7D       		.byte	0x7d
 606 00af 10       		.sleb128 16
 607 00b0 06000000 		.4byte	.LCFI9
 608 00b4 48000000 		.4byte	.LFE32
 609 00b8 0200     		.2byte	0x2
 610 00ba 77       		.byte	0x77
 611 00bb 10       		.sleb128 16
 612 00bc 00000000 		.4byte	0x0
 613 00c0 00000000 		.4byte	0x0
 614              	.LLST4:
 615 00c4 00000000 		.4byte	.LFB33
 616 00c8 02000000 		.4byte	.LCFI10
 617 00cc 0100     		.2byte	0x1
 618 00ce 5D       		.byte	0x5d
 619 00cf 02000000 		.4byte	.LCFI10
 620 00d3 04000000 		.4byte	.LCFI11
 621 00d7 0200     		.2byte	0x2
 622 00d9 7D       		.byte	0x7d
 623 00da 04       		.sleb128 4
 624 00db 04000000 		.4byte	.LCFI11
 625 00df 06000000 		.4byte	.LCFI12
 626 00e3 0200     		.2byte	0x2
 627 00e5 7D       		.byte	0x7d
 628 00e6 10       		.sleb128 16
 629 00e7 06000000 		.4byte	.LCFI12
 630 00eb 48000000 		.4byte	.LFE33
 631 00ef 0200     		.2byte	0x2
 632 00f1 77       		.byte	0x77
 633 00f2 10       		.sleb128 16
 634 00f3 00000000 		.4byte	0x0
 635 00f7 00000000 		.4byte	0x0
 636              	.LLST5:
 637 00fb 00000000 		.4byte	.LFB34
 638 00ff 02000000 		.4byte	.LCFI13
 639 0103 0100     		.2byte	0x1
 640 0105 5D       		.byte	0x5d
 641 0106 02000000 		.4byte	.LCFI13
 642 010a 04000000 		.4byte	.LCFI14
 643 010e 0200     		.2byte	0x2
 644 0110 7D       		.byte	0x7d
 645 0111 08       		.sleb128 8
 646 0112 04000000 		.4byte	.LCFI14
 647 0116 06000000 		.4byte	.LCFI15
 648 011a 0200     		.2byte	0x2
 649 011c 7D       		.byte	0x7d
 650 011d 10       		.sleb128 16
 651 011e 06000000 		.4byte	.LCFI15
 652 0122 E6010000 		.4byte	.LFE34
 653 0126 0200     		.2byte	0x2
 654 0128 77       		.byte	0x77
 655 0129 10       		.sleb128 16
 656 012a 00000000 		.4byte	0x0
 657 012e 00000000 		.4byte	0x0
 658              		.file 2 "c:\\program files (x86)\\cypress\\psoc creator\\2.2\\psoc creator\\import\\gnu_cs\\arm\\4
 659              		.file 3 "./Generated_Source/PSoC5/cytypes.h"
 660              		.file 4 ".\\/types.h"
 661              		.file 5 ".\\/tmr.h"
ARM GAS  C:\Users\Martin\AppData\Local\Temp\cc0Ed18u.s 			page 15


 662              		.file 6 "./Generated_Source/PSoC5/core_cm3.h"
 663              		.section	.debug_info
 664 0000 F0020000 		.4byte	0x2f0
 665 0004 0200     		.2byte	0x2
 666 0006 00000000 		.4byte	.Ldebug_abbrev0
 667 000a 04       		.byte	0x4
 668 000b 01       		.uleb128 0x1
 669 000c 7E010000 		.4byte	.LASF41
 670 0010 01       		.byte	0x1
 671 0011 0E000000 		.4byte	.LASF42
 672 0015 EA010000 		.4byte	.LASF43
 673 0019 00000000 		.4byte	0x0
 674 001d 00000000 		.4byte	0x0
 675 0021 00000000 		.4byte	.Ldebug_ranges0+0x0
 676 0025 00000000 		.4byte	.Ldebug_line0
 677 0029 02       		.uleb128 0x2
 678 002a 01       		.byte	0x1
 679 002b 06       		.byte	0x6
 680 002c D3010000 		.4byte	.LASF0
 681 0030 03       		.uleb128 0x3
 682 0031 4F010000 		.4byte	.LASF9
 683 0035 02       		.byte	0x2
 684 0036 2A       		.byte	0x2a
 685 0037 3B000000 		.4byte	0x3b
 686 003b 02       		.uleb128 0x2
 687 003c 01       		.byte	0x1
 688 003d 08       		.byte	0x8
 689 003e 75000000 		.4byte	.LASF1
 690 0042 02       		.uleb128 0x2
 691 0043 02       		.byte	0x2
 692 0044 05       		.byte	0x5
 693 0045 B0010000 		.4byte	.LASF2
 694 0049 02       		.uleb128 0x2
 695 004a 02       		.byte	0x2
 696 004b 07       		.byte	0x7
 697 004c A3000000 		.4byte	.LASF3
 698 0050 02       		.uleb128 0x2
 699 0051 04       		.byte	0x4
 700 0052 05       		.byte	0x5
 701 0053 CA010000 		.4byte	.LASF4
 702 0057 02       		.uleb128 0x2
 703 0058 04       		.byte	0x4
 704 0059 07       		.byte	0x7
 705 005a 91000000 		.4byte	.LASF5
 706 005e 02       		.uleb128 0x2
 707 005f 08       		.byte	0x8
 708 0060 05       		.byte	0x5
 709 0061 00000000 		.4byte	.LASF6
 710 0065 02       		.uleb128 0x2
 711 0066 08       		.byte	0x8
 712 0067 07       		.byte	0x7
 713 0068 38010000 		.4byte	.LASF7
 714 006c 04       		.uleb128 0x4
 715 006d 04       		.byte	0x4
 716 006e 05       		.byte	0x5
 717 006f 696E7400 		.ascii	"int\000"
 718 0073 02       		.uleb128 0x2
ARM GAS  C:\Users\Martin\AppData\Local\Temp\cc0Ed18u.s 			page 16


 719 0074 04       		.byte	0x4
 720 0075 07       		.byte	0x7
 721 0076 11010000 		.4byte	.LASF8
 722 007a 03       		.uleb128 0x3
 723 007b C4010000 		.4byte	.LASF10
 724 007f 03       		.byte	0x3
 725 0080 4C       		.byte	0x4c
 726 0081 3B000000 		.4byte	0x3b
 727 0085 03       		.uleb128 0x3
 728 0086 0A010000 		.4byte	.LASF11
 729 008a 03       		.byte	0x3
 730 008b 4E       		.byte	0x4e
 731 008c 57000000 		.4byte	0x57
 732 0090 02       		.uleb128 0x2
 733 0091 04       		.byte	0x4
 734 0092 04       		.byte	0x4
 735 0093 6F000000 		.4byte	.LASF12
 736 0097 02       		.uleb128 0x2
 737 0098 08       		.byte	0x8
 738 0099 04       		.byte	0x4
 739 009a 4E000000 		.4byte	.LASF13
 740 009e 02       		.uleb128 0x2
 741 009f 01       		.byte	0x1
 742 00a0 08       		.byte	0x8
 743 00a1 97010000 		.4byte	.LASF14
 744 00a5 05       		.uleb128 0x5
 745 00a6 04       		.byte	0x4
 746 00a7 AB000000 		.4byte	0xab
 747 00ab 06       		.uleb128 0x6
 748 00ac 01       		.byte	0x1
 749 00ad 07       		.uleb128 0x7
 750 00ae 04       		.byte	0x4
 751 00af 07       		.byte	0x7
 752 00b0 03       		.uleb128 0x3
 753 00b1 A9010000 		.4byte	.LASF15
 754 00b5 04       		.byte	0x4
 755 00b6 0F       		.byte	0xf
 756 00b7 7A000000 		.4byte	0x7a
 757 00bb 03       		.uleb128 0x3
 758 00bc 49000000 		.4byte	.LASF16
 759 00c0 04       		.byte	0x4
 760 00c1 10       		.byte	0x10
 761 00c2 30000000 		.4byte	0x30
 762 00c6 08       		.uleb128 0x8
 763 00c7 DF010000 		.4byte	.LASF44
 764 00cb 01       		.byte	0x1
 765 00cc 05       		.byte	0x5
 766 00cd 19       		.byte	0x19
 767 00ce FD000000 		.4byte	0xfd
 768 00d2 09       		.uleb128 0x9
 769 00d3 25000000 		.4byte	.LASF17
 770 00d7 00       		.sleb128 0
 771 00d8 09       		.uleb128 0x9
 772 00d9 2D000000 		.4byte	.LASF18
 773 00dd 01       		.sleb128 1
 774 00de 09       		.uleb128 0x9
 775 00df E4000000 		.4byte	.LASF19
ARM GAS  C:\Users\Martin\AppData\Local\Temp\cc0Ed18u.s 			page 17


 776 00e3 02       		.sleb128 2
 777 00e4 09       		.uleb128 0x9
 778 00e5 EC000000 		.4byte	.LASF20
 779 00e9 03       		.sleb128 3
 780 00ea 09       		.uleb128 0x9
 781 00eb 41000000 		.4byte	.LASF21
 782 00ef 04       		.sleb128 4
 783 00f0 09       		.uleb128 0x9
 784 00f1 F9000000 		.4byte	.LASF22
 785 00f5 05       		.sleb128 5
 786 00f6 09       		.uleb128 0x9
 787 00f7 BA010000 		.4byte	.LASF23
 788 00fb 06       		.sleb128 6
 789 00fc 00       		.byte	0x0
 790 00fd 03       		.uleb128 0x3
 791 00fe 2F010000 		.4byte	.LASF24
 792 0102 05       		.byte	0x5
 793 0103 24       		.byte	0x24
 794 0104 A5000000 		.4byte	0xa5
 795 0108 0A       		.uleb128 0xa
 796 0109 77010000 		.4byte	.LASF45
 797 010d 10       		.byte	0x10
 798 010e 05       		.byte	0x5
 799 010f 28       		.byte	0x28
 800 0110 5B010000 		.4byte	0x15b
 801 0114 0B       		.uleb128 0xb
 802 0115 3B000000 		.4byte	.LASF25
 803 0119 05       		.byte	0x5
 804 011a 29       		.byte	0x29
 805 011b 85000000 		.4byte	0x85
 806 011f 02       		.byte	0x2
 807 0120 23       		.byte	0x23
 808 0121 00       		.uleb128 0x0
 809 0122 0B       		.uleb128 0xb
 810 0123 35000000 		.4byte	.LASF26
 811 0127 05       		.byte	0x5
 812 0128 2A       		.byte	0x2a
 813 0129 85000000 		.4byte	0x85
 814 012d 02       		.byte	0x2
 815 012e 23       		.byte	0x23
 816 012f 04       		.uleb128 0x4
 817 0130 0B       		.uleb128 0xb
 818 0131 F4000000 		.4byte	.LASF27
 819 0135 05       		.byte	0x5
 820 0136 2B       		.byte	0x2b
 821 0137 FD000000 		.4byte	0xfd
 822 013b 02       		.byte	0x2
 823 013c 23       		.byte	0x23
 824 013d 08       		.uleb128 0x8
 825 013e 0B       		.uleb128 0xb
 826 013f 5D010000 		.4byte	.LASF28
 827 0143 05       		.byte	0x5
 828 0144 2C       		.byte	0x2c
 829 0145 7A000000 		.4byte	0x7a
 830 0149 02       		.byte	0x2
 831 014a 23       		.byte	0x23
 832 014b 0C       		.uleb128 0xc
ARM GAS  C:\Users\Martin\AppData\Local\Temp\cc0Ed18u.s 			page 18


 833 014c 0B       		.uleb128 0xb
 834 014d 1E000000 		.4byte	.LASF29
 835 0151 05       		.byte	0x5
 836 0152 2D       		.byte	0x2d
 837 0153 7A000000 		.4byte	0x7a
 838 0157 02       		.byte	0x2
 839 0158 23       		.byte	0x23
 840 0159 0D       		.uleb128 0xd
 841 015a 00       		.byte	0x0
 842 015b 03       		.uleb128 0x3
 843 015c 57010000 		.4byte	.LASF30
 844 0160 05       		.byte	0x5
 845 0161 2E       		.byte	0x2e
 846 0162 08010000 		.4byte	0x108
 847 0166 0C       		.uleb128 0xc
 848 0167 01       		.byte	0x1
 849 0168 B6000000 		.4byte	.LASF46
 850 016c 01       		.byte	0x1
 851 016d 17       		.byte	0x17
 852 016e 01       		.byte	0x1
 853 016f 00000000 		.4byte	.LFB29
 854 0173 18000000 		.4byte	.LFE29
 855 0177 00000000 		.4byte	.LLST0
 856 017b 0D       		.uleb128 0xd
 857 017c 01       		.byte	0x1
 858 017d 01010000 		.4byte	.LASF47
 859 0181 01       		.byte	0x1
 860 0182 1E       		.byte	0x1e
 861 0183 01       		.byte	0x1
 862 0184 B0000000 		.4byte	0xb0
 863 0188 00000000 		.4byte	.LFB30
 864 018c 6A000000 		.4byte	.LFE30
 865 0190 2B000000 		.4byte	.LLST1
 866 0194 0E       		.uleb128 0xe
 867 0195 01       		.byte	0x1
 868 0196 9C010000 		.4byte	.LASF32
 869 019a 01       		.byte	0x1
 870 019b 2E       		.byte	0x2e
 871 019c 01       		.byte	0x1
 872 019d 00000000 		.4byte	.LFB31
 873 01a1 98000000 		.4byte	.LFE31
 874 01a5 56000000 		.4byte	.LLST2
 875 01a9 F3010000 		.4byte	0x1f3
 876 01ad 0F       		.uleb128 0xf
 877 01ae 66000000 		.4byte	.LASF31
 878 01b2 01       		.byte	0x1
 879 01b3 2E       		.byte	0x2e
 880 01b4 7A000000 		.4byte	0x7a
 881 01b8 02       		.byte	0x2
 882 01b9 91       		.byte	0x91
 883 01ba 77       		.sleb128 -9
 884 01bb 10       		.uleb128 0x10
 885 01bc 757300   		.ascii	"us\000"
 886 01bf 01       		.byte	0x1
 887 01c0 2E       		.byte	0x2e
 888 01c1 85000000 		.4byte	0x85
 889 01c5 02       		.byte	0x2
ARM GAS  C:\Users\Martin\AppData\Local\Temp\cc0Ed18u.s 			page 19


 890 01c6 91       		.byte	0x91
 891 01c7 70       		.sleb128 -16
 892 01c8 0F       		.uleb128 0xf
 893 01c9 F4000000 		.4byte	.LASF27
 894 01cd 01       		.byte	0x1
 895 01ce 2E       		.byte	0x2e
 896 01cf FD000000 		.4byte	0xfd
 897 01d3 02       		.byte	0x2
 898 01d4 91       		.byte	0x91
 899 01d5 6C       		.sleb128 -20
 900 01d6 0F       		.uleb128 0xf
 901 01d7 5D010000 		.4byte	.LASF28
 902 01db 01       		.byte	0x1
 903 01dc 2E       		.byte	0x2e
 904 01dd 7A000000 		.4byte	0x7a
 905 01e1 02       		.byte	0x2
 906 01e2 91       		.byte	0x91
 907 01e3 6B       		.sleb128 -21
 908 01e4 0F       		.uleb128 0xf
 909 01e5 1E000000 		.4byte	.LASF29
 910 01e9 01       		.byte	0x1
 911 01ea 2E       		.byte	0x2e
 912 01eb 7A000000 		.4byte	0x7a
 913 01ef 02       		.byte	0x2
 914 01f0 91       		.byte	0x91
 915 01f1 00       		.sleb128 0
 916 01f2 00       		.byte	0x0
 917 01f3 0E       		.uleb128 0xe
 918 01f4 01       		.byte	0x1
 919 01f5 68010000 		.4byte	.LASF33
 920 01f9 01       		.byte	0x1
 921 01fa 38       		.byte	0x38
 922 01fb 01       		.byte	0x1
 923 01fc 00000000 		.4byte	.LFB32
 924 0200 48000000 		.4byte	.LFE32
 925 0204 8D000000 		.4byte	.LLST3
 926 0208 1B020000 		.4byte	0x21b
 927 020c 0F       		.uleb128 0xf
 928 020d 66000000 		.4byte	.LASF31
 929 0211 01       		.byte	0x1
 930 0212 38       		.byte	0x38
 931 0213 7A000000 		.4byte	0x7a
 932 0217 02       		.byte	0x2
 933 0218 91       		.byte	0x91
 934 0219 77       		.sleb128 -9
 935 021a 00       		.byte	0x0
 936 021b 0E       		.uleb128 0xe
 937 021c 01       		.byte	0x1
 938 021d 83000000 		.4byte	.LASF34
 939 0221 01       		.byte	0x1
 940 0222 3F       		.byte	0x3f
 941 0223 01       		.byte	0x1
 942 0224 00000000 		.4byte	.LFB33
 943 0228 48000000 		.4byte	.LFE33
 944 022c C4000000 		.4byte	.LLST4
 945 0230 43020000 		.4byte	0x243
 946 0234 0F       		.uleb128 0xf
ARM GAS  C:\Users\Martin\AppData\Local\Temp\cc0Ed18u.s 			page 20


 947 0235 66000000 		.4byte	.LASF31
 948 0239 01       		.byte	0x1
 949 023a 3F       		.byte	0x3f
 950 023b 7A000000 		.4byte	0x7a
 951 023f 02       		.byte	0x2
 952 0240 91       		.byte	0x91
 953 0241 77       		.sleb128 -9
 954 0242 00       		.byte	0x0
 955 0243 11       		.uleb128 0x11
 956 0244 01       		.byte	0x1
 957 0245 D5000000 		.4byte	.LASF48
 958 0249 01       		.byte	0x1
 959 024a 47       		.byte	0x47
 960 024b 01       		.byte	0x1
 961 024c B0000000 		.4byte	0xb0
 962 0250 00000000 		.4byte	.LFB34
 963 0254 E6010000 		.4byte	.LFE34
 964 0258 FB000000 		.4byte	.LLST5
 965 025c 7B020000 		.4byte	0x27b
 966 0260 12       		.uleb128 0x12
 967 0261 6900     		.ascii	"i\000"
 968 0263 01       		.byte	0x1
 969 0264 49       		.byte	0x49
 970 0265 7A000000 		.4byte	0x7a
 971 0269 02       		.byte	0x2
 972 026a 91       		.byte	0x91
 973 026b 73       		.sleb128 -13
 974 026c 13       		.uleb128 0x13
 975 026d 55000000 		.4byte	.LASF35
 976 0271 01       		.byte	0x1
 977 0272 4A       		.byte	0x4a
 978 0273 85000000 		.4byte	0x85
 979 0277 02       		.byte	0x2
 980 0278 91       		.byte	0x91
 981 0279 74       		.sleb128 -12
 982 027a 00       		.byte	0x0
 983 027b 13       		.uleb128 0x13
 984 027c 8A010000 		.4byte	.LASF36
 985 0280 01       		.byte	0x1
 986 0281 10       		.byte	0x10
 987 0282 BB000000 		.4byte	0xbb
 988 0286 05       		.byte	0x5
 989 0287 03       		.byte	0x3
 990 0288 00000000 		.4byte	TimerOverrun
 991 028c 13       		.uleb128 0x13
 992 028d 1E010000 		.4byte	.LASF37
 993 0291 01       		.byte	0x1
 994 0292 11       		.byte	0x11
 995 0293 BB000000 		.4byte	0xbb
 996 0297 05       		.byte	0x5
 997 0298 03       		.byte	0x3
 998 0299 00000000 		.4byte	IsFirstExecution
 999 029d 14       		.uleb128 0x14
 1000 029e 5B010000 		.4byte	0x15b
 1001 02a2 AD020000 		.4byte	0x2ad
 1002 02a6 15       		.uleb128 0x15
 1003 02a7 AD000000 		.4byte	0xad
ARM GAS  C:\Users\Martin\AppData\Local\Temp\cc0Ed18u.s 			page 21


 1004 02ab 05       		.byte	0x5
 1005 02ac 00       		.byte	0x0
 1006 02ad 13       		.uleb128 0x13
 1007 02ae 62010000 		.4byte	.LASF38
 1008 02b2 01       		.byte	0x1
 1009 02b3 12       		.byte	0x12
 1010 02b4 9D020000 		.4byte	0x29d
 1011 02b8 05       		.byte	0x5
 1012 02b9 03       		.byte	0x3
 1013 02ba 04000000 		.4byte	Timer
 1014 02be 13       		.uleb128 0x13
 1015 02bf 5E000000 		.4byte	.LASF39
 1016 02c3 01       		.byte	0x1
 1017 02c4 13       		.byte	0x13
 1018 02c5 85000000 		.4byte	0x85
 1019 02c9 05       		.byte	0x5
 1020 02ca 03       		.byte	0x3
 1021 02cb 64000000 		.4byte	NewTime
 1022 02cf 13       		.uleb128 0x13
 1023 02d0 16000000 		.4byte	.LASF40
 1024 02d4 01       		.byte	0x1
 1025 02d5 13       		.byte	0x13
 1026 02d6 85000000 		.4byte	0x85
 1027 02da 05       		.byte	0x5
 1028 02db 03       		.byte	0x3
 1029 02dc 68000000 		.4byte	OldTime
 1030 02e0 16       		.uleb128 0x16
 1031 02e1 C8000000 		.4byte	.LASF49
 1032 02e5 06       		.byte	0x6
 1033 02e6 CE06     		.2byte	0x6ce
 1034 02e8 EE020000 		.4byte	0x2ee
 1035 02ec 01       		.byte	0x1
 1036 02ed 01       		.byte	0x1
 1037 02ee 17       		.uleb128 0x17
 1038 02ef 6C000000 		.4byte	0x6c
 1039 02f3 00       		.byte	0x0
 1040              		.section	.debug_abbrev
 1041 0000 01       		.uleb128 0x1
 1042 0001 11       		.uleb128 0x11
 1043 0002 01       		.byte	0x1
 1044 0003 25       		.uleb128 0x25
 1045 0004 0E       		.uleb128 0xe
 1046 0005 13       		.uleb128 0x13
 1047 0006 0B       		.uleb128 0xb
 1048 0007 03       		.uleb128 0x3
 1049 0008 0E       		.uleb128 0xe
 1050 0009 1B       		.uleb128 0x1b
 1051 000a 0E       		.uleb128 0xe
 1052 000b 11       		.uleb128 0x11
 1053 000c 01       		.uleb128 0x1
 1054 000d 52       		.uleb128 0x52
 1055 000e 01       		.uleb128 0x1
 1056 000f 55       		.uleb128 0x55
 1057 0010 06       		.uleb128 0x6
 1058 0011 10       		.uleb128 0x10
 1059 0012 06       		.uleb128 0x6
 1060 0013 00       		.byte	0x0
ARM GAS  C:\Users\Martin\AppData\Local\Temp\cc0Ed18u.s 			page 22


 1061 0014 00       		.byte	0x0
 1062 0015 02       		.uleb128 0x2
 1063 0016 24       		.uleb128 0x24
 1064 0017 00       		.byte	0x0
 1065 0018 0B       		.uleb128 0xb
 1066 0019 0B       		.uleb128 0xb
 1067 001a 3E       		.uleb128 0x3e
 1068 001b 0B       		.uleb128 0xb
 1069 001c 03       		.uleb128 0x3
 1070 001d 0E       		.uleb128 0xe
 1071 001e 00       		.byte	0x0
 1072 001f 00       		.byte	0x0
 1073 0020 03       		.uleb128 0x3
 1074 0021 16       		.uleb128 0x16
 1075 0022 00       		.byte	0x0
 1076 0023 03       		.uleb128 0x3
 1077 0024 0E       		.uleb128 0xe
 1078 0025 3A       		.uleb128 0x3a
 1079 0026 0B       		.uleb128 0xb
 1080 0027 3B       		.uleb128 0x3b
 1081 0028 0B       		.uleb128 0xb
 1082 0029 49       		.uleb128 0x49
 1083 002a 13       		.uleb128 0x13
 1084 002b 00       		.byte	0x0
 1085 002c 00       		.byte	0x0
 1086 002d 04       		.uleb128 0x4
 1087 002e 24       		.uleb128 0x24
 1088 002f 00       		.byte	0x0
 1089 0030 0B       		.uleb128 0xb
 1090 0031 0B       		.uleb128 0xb
 1091 0032 3E       		.uleb128 0x3e
 1092 0033 0B       		.uleb128 0xb
 1093 0034 03       		.uleb128 0x3
 1094 0035 08       		.uleb128 0x8
 1095 0036 00       		.byte	0x0
 1096 0037 00       		.byte	0x0
 1097 0038 05       		.uleb128 0x5
 1098 0039 0F       		.uleb128 0xf
 1099 003a 00       		.byte	0x0
 1100 003b 0B       		.uleb128 0xb
 1101 003c 0B       		.uleb128 0xb
 1102 003d 49       		.uleb128 0x49
 1103 003e 13       		.uleb128 0x13
 1104 003f 00       		.byte	0x0
 1105 0040 00       		.byte	0x0
 1106 0041 06       		.uleb128 0x6
 1107 0042 15       		.uleb128 0x15
 1108 0043 00       		.byte	0x0
 1109 0044 27       		.uleb128 0x27
 1110 0045 0C       		.uleb128 0xc
 1111 0046 00       		.byte	0x0
 1112 0047 00       		.byte	0x0
 1113 0048 07       		.uleb128 0x7
 1114 0049 24       		.uleb128 0x24
 1115 004a 00       		.byte	0x0
 1116 004b 0B       		.uleb128 0xb
 1117 004c 0B       		.uleb128 0xb
ARM GAS  C:\Users\Martin\AppData\Local\Temp\cc0Ed18u.s 			page 23


 1118 004d 3E       		.uleb128 0x3e
 1119 004e 0B       		.uleb128 0xb
 1120 004f 00       		.byte	0x0
 1121 0050 00       		.byte	0x0
 1122 0051 08       		.uleb128 0x8
 1123 0052 04       		.uleb128 0x4
 1124 0053 01       		.byte	0x1
 1125 0054 03       		.uleb128 0x3
 1126 0055 0E       		.uleb128 0xe
 1127 0056 0B       		.uleb128 0xb
 1128 0057 0B       		.uleb128 0xb
 1129 0058 3A       		.uleb128 0x3a
 1130 0059 0B       		.uleb128 0xb
 1131 005a 3B       		.uleb128 0x3b
 1132 005b 0B       		.uleb128 0xb
 1133 005c 01       		.uleb128 0x1
 1134 005d 13       		.uleb128 0x13
 1135 005e 00       		.byte	0x0
 1136 005f 00       		.byte	0x0
 1137 0060 09       		.uleb128 0x9
 1138 0061 28       		.uleb128 0x28
 1139 0062 00       		.byte	0x0
 1140 0063 03       		.uleb128 0x3
 1141 0064 0E       		.uleb128 0xe
 1142 0065 1C       		.uleb128 0x1c
 1143 0066 0D       		.uleb128 0xd
 1144 0067 00       		.byte	0x0
 1145 0068 00       		.byte	0x0
 1146 0069 0A       		.uleb128 0xa
 1147 006a 13       		.uleb128 0x13
 1148 006b 01       		.byte	0x1
 1149 006c 03       		.uleb128 0x3
 1150 006d 0E       		.uleb128 0xe
 1151 006e 0B       		.uleb128 0xb
 1152 006f 0B       		.uleb128 0xb
 1153 0070 3A       		.uleb128 0x3a
 1154 0071 0B       		.uleb128 0xb
 1155 0072 3B       		.uleb128 0x3b
 1156 0073 0B       		.uleb128 0xb
 1157 0074 01       		.uleb128 0x1
 1158 0075 13       		.uleb128 0x13
 1159 0076 00       		.byte	0x0
 1160 0077 00       		.byte	0x0
 1161 0078 0B       		.uleb128 0xb
 1162 0079 0D       		.uleb128 0xd
 1163 007a 00       		.byte	0x0
 1164 007b 03       		.uleb128 0x3
 1165 007c 0E       		.uleb128 0xe
 1166 007d 3A       		.uleb128 0x3a
 1167 007e 0B       		.uleb128 0xb
 1168 007f 3B       		.uleb128 0x3b
 1169 0080 0B       		.uleb128 0xb
 1170 0081 49       		.uleb128 0x49
 1171 0082 13       		.uleb128 0x13
 1172 0083 38       		.uleb128 0x38
 1173 0084 0A       		.uleb128 0xa
 1174 0085 00       		.byte	0x0
ARM GAS  C:\Users\Martin\AppData\Local\Temp\cc0Ed18u.s 			page 24


 1175 0086 00       		.byte	0x0
 1176 0087 0C       		.uleb128 0xc
 1177 0088 2E       		.uleb128 0x2e
 1178 0089 00       		.byte	0x0
 1179 008a 3F       		.uleb128 0x3f
 1180 008b 0C       		.uleb128 0xc
 1181 008c 03       		.uleb128 0x3
 1182 008d 0E       		.uleb128 0xe
 1183 008e 3A       		.uleb128 0x3a
 1184 008f 0B       		.uleb128 0xb
 1185 0090 3B       		.uleb128 0x3b
 1186 0091 0B       		.uleb128 0xb
 1187 0092 27       		.uleb128 0x27
 1188 0093 0C       		.uleb128 0xc
 1189 0094 11       		.uleb128 0x11
 1190 0095 01       		.uleb128 0x1
 1191 0096 12       		.uleb128 0x12
 1192 0097 01       		.uleb128 0x1
 1193 0098 40       		.uleb128 0x40
 1194 0099 06       		.uleb128 0x6
 1195 009a 00       		.byte	0x0
 1196 009b 00       		.byte	0x0
 1197 009c 0D       		.uleb128 0xd
 1198 009d 2E       		.uleb128 0x2e
 1199 009e 00       		.byte	0x0
 1200 009f 3F       		.uleb128 0x3f
 1201 00a0 0C       		.uleb128 0xc
 1202 00a1 03       		.uleb128 0x3
 1203 00a2 0E       		.uleb128 0xe
 1204 00a3 3A       		.uleb128 0x3a
 1205 00a4 0B       		.uleb128 0xb
 1206 00a5 3B       		.uleb128 0x3b
 1207 00a6 0B       		.uleb128 0xb
 1208 00a7 27       		.uleb128 0x27
 1209 00a8 0C       		.uleb128 0xc
 1210 00a9 49       		.uleb128 0x49
 1211 00aa 13       		.uleb128 0x13
 1212 00ab 11       		.uleb128 0x11
 1213 00ac 01       		.uleb128 0x1
 1214 00ad 12       		.uleb128 0x12
 1215 00ae 01       		.uleb128 0x1
 1216 00af 40       		.uleb128 0x40
 1217 00b0 06       		.uleb128 0x6
 1218 00b1 00       		.byte	0x0
 1219 00b2 00       		.byte	0x0
 1220 00b3 0E       		.uleb128 0xe
 1221 00b4 2E       		.uleb128 0x2e
 1222 00b5 01       		.byte	0x1
 1223 00b6 3F       		.uleb128 0x3f
 1224 00b7 0C       		.uleb128 0xc
 1225 00b8 03       		.uleb128 0x3
 1226 00b9 0E       		.uleb128 0xe
 1227 00ba 3A       		.uleb128 0x3a
 1228 00bb 0B       		.uleb128 0xb
 1229 00bc 3B       		.uleb128 0x3b
 1230 00bd 0B       		.uleb128 0xb
 1231 00be 27       		.uleb128 0x27
ARM GAS  C:\Users\Martin\AppData\Local\Temp\cc0Ed18u.s 			page 25


 1232 00bf 0C       		.uleb128 0xc
 1233 00c0 11       		.uleb128 0x11
 1234 00c1 01       		.uleb128 0x1
 1235 00c2 12       		.uleb128 0x12
 1236 00c3 01       		.uleb128 0x1
 1237 00c4 40       		.uleb128 0x40
 1238 00c5 06       		.uleb128 0x6
 1239 00c6 01       		.uleb128 0x1
 1240 00c7 13       		.uleb128 0x13
 1241 00c8 00       		.byte	0x0
 1242 00c9 00       		.byte	0x0
 1243 00ca 0F       		.uleb128 0xf
 1244 00cb 05       		.uleb128 0x5
 1245 00cc 00       		.byte	0x0
 1246 00cd 03       		.uleb128 0x3
 1247 00ce 0E       		.uleb128 0xe
 1248 00cf 3A       		.uleb128 0x3a
 1249 00d0 0B       		.uleb128 0xb
 1250 00d1 3B       		.uleb128 0x3b
 1251 00d2 0B       		.uleb128 0xb
 1252 00d3 49       		.uleb128 0x49
 1253 00d4 13       		.uleb128 0x13
 1254 00d5 02       		.uleb128 0x2
 1255 00d6 0A       		.uleb128 0xa
 1256 00d7 00       		.byte	0x0
 1257 00d8 00       		.byte	0x0
 1258 00d9 10       		.uleb128 0x10
 1259 00da 05       		.uleb128 0x5
 1260 00db 00       		.byte	0x0
 1261 00dc 03       		.uleb128 0x3
 1262 00dd 08       		.uleb128 0x8
 1263 00de 3A       		.uleb128 0x3a
 1264 00df 0B       		.uleb128 0xb
 1265 00e0 3B       		.uleb128 0x3b
 1266 00e1 0B       		.uleb128 0xb
 1267 00e2 49       		.uleb128 0x49
 1268 00e3 13       		.uleb128 0x13
 1269 00e4 02       		.uleb128 0x2
 1270 00e5 0A       		.uleb128 0xa
 1271 00e6 00       		.byte	0x0
 1272 00e7 00       		.byte	0x0
 1273 00e8 11       		.uleb128 0x11
 1274 00e9 2E       		.uleb128 0x2e
 1275 00ea 01       		.byte	0x1
 1276 00eb 3F       		.uleb128 0x3f
 1277 00ec 0C       		.uleb128 0xc
 1278 00ed 03       		.uleb128 0x3
 1279 00ee 0E       		.uleb128 0xe
 1280 00ef 3A       		.uleb128 0x3a
 1281 00f0 0B       		.uleb128 0xb
 1282 00f1 3B       		.uleb128 0x3b
 1283 00f2 0B       		.uleb128 0xb
 1284 00f3 27       		.uleb128 0x27
 1285 00f4 0C       		.uleb128 0xc
 1286 00f5 49       		.uleb128 0x49
 1287 00f6 13       		.uleb128 0x13
 1288 00f7 11       		.uleb128 0x11
ARM GAS  C:\Users\Martin\AppData\Local\Temp\cc0Ed18u.s 			page 26


 1289 00f8 01       		.uleb128 0x1
 1290 00f9 12       		.uleb128 0x12
 1291 00fa 01       		.uleb128 0x1
 1292 00fb 40       		.uleb128 0x40
 1293 00fc 06       		.uleb128 0x6
 1294 00fd 01       		.uleb128 0x1
 1295 00fe 13       		.uleb128 0x13
 1296 00ff 00       		.byte	0x0
 1297 0100 00       		.byte	0x0
 1298 0101 12       		.uleb128 0x12
 1299 0102 34       		.uleb128 0x34
 1300 0103 00       		.byte	0x0
 1301 0104 03       		.uleb128 0x3
 1302 0105 08       		.uleb128 0x8
 1303 0106 3A       		.uleb128 0x3a
 1304 0107 0B       		.uleb128 0xb
 1305 0108 3B       		.uleb128 0x3b
 1306 0109 0B       		.uleb128 0xb
 1307 010a 49       		.uleb128 0x49
 1308 010b 13       		.uleb128 0x13
 1309 010c 02       		.uleb128 0x2
 1310 010d 0A       		.uleb128 0xa
 1311 010e 00       		.byte	0x0
 1312 010f 00       		.byte	0x0
 1313 0110 13       		.uleb128 0x13
 1314 0111 34       		.uleb128 0x34
 1315 0112 00       		.byte	0x0
 1316 0113 03       		.uleb128 0x3
 1317 0114 0E       		.uleb128 0xe
 1318 0115 3A       		.uleb128 0x3a
 1319 0116 0B       		.uleb128 0xb
 1320 0117 3B       		.uleb128 0x3b
 1321 0118 0B       		.uleb128 0xb
 1322 0119 49       		.uleb128 0x49
 1323 011a 13       		.uleb128 0x13
 1324 011b 02       		.uleb128 0x2
 1325 011c 0A       		.uleb128 0xa
 1326 011d 00       		.byte	0x0
 1327 011e 00       		.byte	0x0
 1328 011f 14       		.uleb128 0x14
 1329 0120 01       		.uleb128 0x1
 1330 0121 01       		.byte	0x1
 1331 0122 49       		.uleb128 0x49
 1332 0123 13       		.uleb128 0x13
 1333 0124 01       		.uleb128 0x1
 1334 0125 13       		.uleb128 0x13
 1335 0126 00       		.byte	0x0
 1336 0127 00       		.byte	0x0
 1337 0128 15       		.uleb128 0x15
 1338 0129 21       		.uleb128 0x21
 1339 012a 00       		.byte	0x0
 1340 012b 49       		.uleb128 0x49
 1341 012c 13       		.uleb128 0x13
 1342 012d 2F       		.uleb128 0x2f
 1343 012e 0B       		.uleb128 0xb
 1344 012f 00       		.byte	0x0
 1345 0130 00       		.byte	0x0
ARM GAS  C:\Users\Martin\AppData\Local\Temp\cc0Ed18u.s 			page 27


 1346 0131 16       		.uleb128 0x16
 1347 0132 34       		.uleb128 0x34
 1348 0133 00       		.byte	0x0
 1349 0134 03       		.uleb128 0x3
 1350 0135 0E       		.uleb128 0xe
 1351 0136 3A       		.uleb128 0x3a
 1352 0137 0B       		.uleb128 0xb
 1353 0138 3B       		.uleb128 0x3b
 1354 0139 05       		.uleb128 0x5
 1355 013a 49       		.uleb128 0x49
 1356 013b 13       		.uleb128 0x13
 1357 013c 3F       		.uleb128 0x3f
 1358 013d 0C       		.uleb128 0xc
 1359 013e 3C       		.uleb128 0x3c
 1360 013f 0C       		.uleb128 0xc
 1361 0140 00       		.byte	0x0
 1362 0141 00       		.byte	0x0
 1363 0142 17       		.uleb128 0x17
 1364 0143 35       		.uleb128 0x35
 1365 0144 00       		.byte	0x0
 1366 0145 49       		.uleb128 0x49
 1367 0146 13       		.uleb128 0x13
 1368 0147 00       		.byte	0x0
 1369 0148 00       		.byte	0x0
 1370 0149 00       		.byte	0x0
 1371              		.section	.debug_pubnames,"",%progbits
 1372 0000 7A000000 		.4byte	0x7a
 1373 0004 0200     		.2byte	0x2
 1374 0006 00000000 		.4byte	.Ldebug_info0
 1375 000a F4020000 		.4byte	0x2f4
 1376 000e 66010000 		.4byte	0x166
 1377 0012 6973725F 		.ascii	"isr_timer_routine\000"
 1377      74696D65 
 1377      725F726F 
 1377      7574696E 
 1377      6500
 1378 0024 7B010000 		.4byte	0x17b
 1379 0028 544D525F 		.ascii	"TMR_Init\000"
 1379      496E6974 
 1379      00
 1380 0031 94010000 		.4byte	0x194
 1381 0035 544D525F 		.ascii	"TMR_SetTimer\000"
 1381      53657454 
 1381      696D6572 
 1381      00
 1382 0042 F3010000 		.4byte	0x1f3
 1383 0046 544D525F 		.ascii	"TMR_StartTimer\000"
 1383      53746172 
 1383      7454696D 
 1383      657200
 1384 0055 1B020000 		.4byte	0x21b
 1385 0059 544D525F 		.ascii	"TMR_StopTimer\000"
 1385      53746F70 
 1385      54696D65 
 1385      7200
 1386 0067 43020000 		.4byte	0x243
 1387 006b 544D525F 		.ascii	"TMR_HandleTask\000"
ARM GAS  C:\Users\Martin\AppData\Local\Temp\cc0Ed18u.s 			page 28


 1387      48616E64 
 1387      6C655461 
 1387      736B00
 1388 007a 00000000 		.4byte	0x0
 1389              		.section	.debug_aranges,"",%progbits
 1390 0000 44000000 		.4byte	0x44
 1391 0004 0200     		.2byte	0x2
 1392 0006 00000000 		.4byte	.Ldebug_info0
 1393 000a 04       		.byte	0x4
 1394 000b 00       		.byte	0x0
 1395 000c 0000     		.2byte	0x0
 1396 000e 0000     		.2byte	0x0
 1397 0010 00000000 		.4byte	.LFB29
 1398 0014 18000000 		.4byte	.LFE29-.LFB29
 1399 0018 00000000 		.4byte	.LFB30
 1400 001c 6A000000 		.4byte	.LFE30-.LFB30
 1401 0020 00000000 		.4byte	.LFB31
 1402 0024 98000000 		.4byte	.LFE31-.LFB31
 1403 0028 00000000 		.4byte	.LFB32
 1404 002c 48000000 		.4byte	.LFE32-.LFB32
 1405 0030 00000000 		.4byte	.LFB33
 1406 0034 48000000 		.4byte	.LFE33-.LFB33
 1407 0038 00000000 		.4byte	.LFB34
 1408 003c E6010000 		.4byte	.LFE34-.LFB34
 1409 0040 00000000 		.4byte	0x0
 1410 0044 00000000 		.4byte	0x0
 1411              		.section	.debug_ranges,"",%progbits
 1412              	.Ldebug_ranges0:
 1413 0000 00000000 		.4byte	.Ltext0
 1414 0004 00000000 		.4byte	.Letext0
 1415 0008 00000000 		.4byte	.LFB29
 1416 000c 18000000 		.4byte	.LFE29
 1417 0010 00000000 		.4byte	.LFB30
 1418 0014 6A000000 		.4byte	.LFE30
 1419 0018 00000000 		.4byte	.LFB31
 1420 001c 98000000 		.4byte	.LFE31
 1421 0020 00000000 		.4byte	.LFB32
 1422 0024 48000000 		.4byte	.LFE32
 1423 0028 00000000 		.4byte	.LFB33
 1424 002c 48000000 		.4byte	.LFE33
 1425 0030 00000000 		.4byte	.LFB34
 1426 0034 E6010000 		.4byte	.LFE34
 1427 0038 00000000 		.4byte	0x0
 1428 003c 00000000 		.4byte	0x0
 1429              		.section	.debug_str,"MS",%progbits,1
 1430              	.LASF6:
 1431 0000 6C6F6E67 		.ascii	"long long int\000"
 1431      206C6F6E 
 1431      6720696E 
 1431      7400
 1432              	.LASF42:
 1433 000e 2E5C746D 		.ascii	".\\tmr.c\000"
 1433      722E6300 
 1434              	.LASF40:
 1435 0016 4F6C6454 		.ascii	"OldTime\000"
 1435      696D6500 
 1436              	.LASF29:
ARM GAS  C:\Users\Martin\AppData\Local\Temp\cc0Ed18u.s 			page 29


 1437 001e 73746174 		.ascii	"status\000"
 1437      757300
 1438              	.LASF17:
 1439 0025 54494D45 		.ascii	"TIMER_0\000"
 1439      525F3000 
 1440              	.LASF18:
 1441 002d 54494D45 		.ascii	"TIMER_1\000"
 1441      525F3100 
 1442              	.LASF26:
 1443 0035 76616C75 		.ascii	"value\000"
 1443      6500
 1444              	.LASF25:
 1445 003b 636F756E 		.ascii	"count\000"
 1445      7400
 1446              	.LASF21:
 1447 0041 54494D45 		.ascii	"TIMER_4\000"
 1447      525F3400 
 1448              	.LASF16:
 1449 0049 424F4F4C 		.ascii	"BOOL\000"
 1449      00
 1450              	.LASF13:
 1451 004e 646F7562 		.ascii	"double\000"
 1451      6C6500
 1452              	.LASF35:
 1453 0055 74696D65 		.ascii	"timediff\000"
 1453      64696666 
 1453      00
 1454              	.LASF39:
 1455 005e 4E657754 		.ascii	"NewTime\000"
 1455      696D6500 
 1456              	.LASF31:
 1457 0066 6E756D54 		.ascii	"numTimer\000"
 1457      696D6572 
 1457      00
 1458              	.LASF12:
 1459 006f 666C6F61 		.ascii	"float\000"
 1459      7400
 1460              	.LASF1:
 1461 0075 756E7369 		.ascii	"unsigned char\000"
 1461      676E6564 
 1461      20636861 
 1461      7200
 1462              	.LASF34:
 1463 0083 544D525F 		.ascii	"TMR_StopTimer\000"
 1463      53746F70 
 1463      54696D65 
 1463      7200
 1464              	.LASF5:
 1465 0091 6C6F6E67 		.ascii	"long unsigned int\000"
 1465      20756E73 
 1465      69676E65 
 1465      6420696E 
 1465      7400
 1466              	.LASF3:
 1467 00a3 73686F72 		.ascii	"short unsigned int\000"
 1467      7420756E 
 1467      7369676E 
ARM GAS  C:\Users\Martin\AppData\Local\Temp\cc0Ed18u.s 			page 30


 1467      65642069 
 1467      6E7400
 1468              	.LASF46:
 1469 00b6 6973725F 		.ascii	"isr_timer_routine\000"
 1469      74696D65 
 1469      725F726F 
 1469      7574696E 
 1469      6500
 1470              	.LASF49:
 1471 00c8 49544D5F 		.ascii	"ITM_RxBuffer\000"
 1471      52784275 
 1471      66666572 
 1471      00
 1472              	.LASF48:
 1473 00d5 544D525F 		.ascii	"TMR_HandleTask\000"
 1473      48616E64 
 1473      6C655461 
 1473      736B00
 1474              	.LASF19:
 1475 00e4 54494D45 		.ascii	"TIMER_2\000"
 1475      525F3200 
 1476              	.LASF20:
 1477 00ec 54494D45 		.ascii	"TIMER_3\000"
 1477      525F3300 
 1478              	.LASF27:
 1479 00f4 66756E63 		.ascii	"func\000"
 1479      00
 1480              	.LASF22:
 1481 00f9 54494D45 		.ascii	"TIMER_5\000"
 1481      525F3500 
 1482              	.LASF47:
 1483 0101 544D525F 		.ascii	"TMR_Init\000"
 1483      496E6974 
 1483      00
 1484              	.LASF11:
 1485 010a 75696E74 		.ascii	"uint32\000"
 1485      333200
 1486              	.LASF8:
 1487 0111 756E7369 		.ascii	"unsigned int\000"
 1487      676E6564 
 1487      20696E74 
 1487      00
 1488              	.LASF37:
 1489 011e 49734669 		.ascii	"IsFirstExecution\000"
 1489      72737445 
 1489      78656375 
 1489      74696F6E 
 1489      00
 1490              	.LASF24:
 1491 012f 544D525F 		.ascii	"TMR_FUNC\000"
 1491      46554E43 
 1491      00
 1492              	.LASF7:
 1493 0138 6C6F6E67 		.ascii	"long long unsigned int\000"
 1493      206C6F6E 
 1493      6720756E 
 1493      7369676E 
ARM GAS  C:\Users\Martin\AppData\Local\Temp\cc0Ed18u.s 			page 31


 1493      65642069 
 1494              	.LASF9:
 1495 014f 75696E74 		.ascii	"uint8_t\000"
 1495      385F7400 
 1496              	.LASF30:
 1497 0157 54494D45 		.ascii	"TIMER\000"
 1497      5200
 1498              	.LASF28:
 1499 015d 6D6F6465 		.ascii	"mode\000"
 1499      00
 1500              	.LASF38:
 1501 0162 54696D65 		.ascii	"Timer\000"
 1501      7200
 1502              	.LASF33:
 1503 0168 544D525F 		.ascii	"TMR_StartTimer\000"
 1503      53746172 
 1503      7454696D 
 1503      657200
 1504              	.LASF45:
 1505 0177 5F74696D 		.ascii	"_timer\000"
 1505      657200
 1506              	.LASF41:
 1507 017e 474E5520 		.ascii	"GNU C 4.4.1\000"
 1507      4320342E 
 1507      342E3100 
 1508              	.LASF36:
 1509 018a 54696D65 		.ascii	"TimerOverrun\000"
 1509      724F7665 
 1509      7272756E 
 1509      00
 1510              	.LASF14:
 1511 0197 63686172 		.ascii	"char\000"
 1511      00
 1512              	.LASF32:
 1513 019c 544D525F 		.ascii	"TMR_SetTimer\000"
 1513      53657454 
 1513      696D6572 
 1513      00
 1514              	.LASF15:
 1515 01a9 53544154 		.ascii	"STATUS\000"
 1515      555300
 1516              	.LASF2:
 1517 01b0 73686F72 		.ascii	"short int\000"
 1517      7420696E 
 1517      7400
 1518              	.LASF23:
 1519 01ba 54494D45 		.ascii	"TIMER_NUM\000"
 1519      525F4E55 
 1519      4D00
 1520              	.LASF10:
 1521 01c4 75696E74 		.ascii	"uint8\000"
 1521      3800
 1522              	.LASF4:
 1523 01ca 6C6F6E67 		.ascii	"long int\000"
 1523      20696E74 
 1523      00
 1524              	.LASF0:
ARM GAS  C:\Users\Martin\AppData\Local\Temp\cc0Ed18u.s 			page 32


 1525 01d3 7369676E 		.ascii	"signed char\000"
 1525      65642063 
 1525      68617200 
 1526              	.LASF44:
 1527 01df 5F74696D 		.ascii	"_timer_idx\000"
 1527      65725F69 
 1527      647800
 1528              	.LASF43:
 1529 01ea 583A5C47 		.ascii	"X:\\GitHub_roboticscode\\roboticscode\\psoc\\psoc_c"
 1529      69744875 
 1529      625F726F 
 1529      626F7469 
 1529      6373636F 
 1530 0219 72656174 		.ascii	"reator_2.2\\DrivePlatform3\\DrivePlatform3\\DrivePl"
 1530      6F725F32 
 1530      2E325C44 
 1530      72697665 
 1530      506C6174 
 1531 0249 6174666F 		.ascii	"atform3.cydsn\000"
 1531      726D332E 
 1531      63796473 
 1531      6E00
 1532              		.ident	"GCC: (Sourcery G++ Lite 2010q1-188) 4.4.1"
