ARM GAS  C:\Users\Martin\AppData\Local\Temp\ccxokQfa.s 			page 1


   1              		.syntax unified
   2              		.cpu cortex-m3
   3              		.fpu softvfp
   4              		.eabi_attribute 20, 1
   5              		.eabi_attribute 21, 1
   6              		.eabi_attribute 23, 3
   7              		.eabi_attribute 24, 1
   8              		.eabi_attribute 25, 1
   9              		.eabi_attribute 26, 1
  10              		.eabi_attribute 30, 6
  11              		.eabi_attribute 34, 1
  12              		.eabi_attribute 18, 4
  13              		.thumb
  14              		.file	"main.c"
  15              		.text
  16              	.Ltext0:
  17              		.cfi_sections	.debug_frame
  18              		.section	.text.main,"ax",%progbits
  19              		.align	2
  20              		.global	main
  21              		.thumb
  22              		.thumb_func
  23              		.type	main, %function
  24              	main:
  25              	.LFB56:
  26              		.file 1 ".\\main.c"
   1:.\main.c      **** /* Copyright (C) <2014> <Martin Schalk>
   2:.\main.c      ****  * All rights reserved.
   3:.\main.c      ****  *
   4:.\main.c      ****  * This software may be modified and distributed under the terms
   5:.\main.c      ****  * of the BSD license.  See the LICENSE file for details.
   6:.\main.c      ****  */
   7:.\main.c      **** 
   8:.\main.c      **** #include <project.h>
   9:.\main.c      **** #include "servo_cds5500.h"
  10:.\main.c      **** #include "hal.h"
  11:.\main.c      **** #include "bpl.h"
  12:.\main.c      **** #include "tmr.h"
  13:.\main.c      **** #include "test.h"
  14:.\main.c      **** 
  15:.\main.c      **** #include "global.h"
  16:.\main.c      **** 
  17:.\main.c      **** int main()
  18:.\main.c      **** {
  27              		.loc 1 18 0
  28              		.cfi_startproc
  29              		@ args = 0, pretend = 0, frame = 8
  30              		@ frame_needed = 1, uses_anonymous_args = 0
  31 0000 80B5     		push	{r7, lr}
  32              	.LCFI0:
  33              		.cfi_def_cfa_offset 8
  34              		.cfi_offset 7, -8
  35              		.cfi_offset 14, -4
  36 0002 82B0     		sub	sp, sp, #8
  37              	.LCFI1:
  38              		.cfi_def_cfa_offset 16
  39 0004 00AF     		add	r7, sp, #0
ARM GAS  C:\Users\Martin\AppData\Local\Temp\ccxokQfa.s 			page 2


  40              	.LCFI2:
  41              		.cfi_def_cfa_register 7
  19:.\main.c      **** 	STATUS status;
  20:.\main.c      **** 	
  21:.\main.c      **** 	/* Initialization */
  22:.\main.c      **** 	/* -------------- */
  23:.\main.c      **** 	CyGlobalIntEnable; /* Enable interrupts */
  42              		.loc 1 23 0
  43              	@ 23 ".\main.c" 1
  44 0006 62B6     		CPSIE   i
  45              	@ 0 "" 2
  24:.\main.c      **** 	status = HAL_Init();
  46              		.loc 1 24 0
  47              		.thumb
  48 0008 FFF7FEFF 		bl	HAL_Init
  49 000c 0346     		mov	r3, r0
  50 000e FB71     		strb	r3, [r7, #7]
  25:.\main.c      **** 	status = TMR_Init();
  51              		.loc 1 25 0
  52 0010 FFF7FEFF 		bl	TMR_Init
  53 0014 0346     		mov	r3, r0
  54 0016 FB71     		strb	r3, [r7, #7]
  26:.\main.c      **** #ifdef TEST_UART
  27:.\main.c      **** 	TST_Init();
  55              		.loc 1 27 0
  56 0018 FFF7FEFF 		bl	TST_Init
  57              	.L2:
  28:.\main.c      **** #endif
  29:.\main.c      **** 
  30:.\main.c      ****     for(;;)
  31:.\main.c      ****     {
  32:.\main.c      ****         /* Bus handler */
  33:.\main.c      **** 		BPL_HandleTask();
  58              		.loc 1 33 0 discriminator 1
  59 001c FFF7FEFF 		bl	BPL_HandleTask
  34:.\main.c      **** 		
  35:.\main.c      **** 		/* Timer Handler */
  36:.\main.c      **** 		TMR_HandleTask();
  60              		.loc 1 36 0 discriminator 1
  61 0020 FFF7FEFF 		bl	TMR_HandleTask
  37:.\main.c      ****     }
  62              		.loc 1 37 0 discriminator 1
  63 0024 FAE7     		b	.L2
  64              		.cfi_endproc
  65              	.LFE56:
  66              		.size	main, .-main
  67 0026 00BF     		.text
  68              	.Letext0:
  69              		.file 2 "c:\\program files (x86)\\cypress\\psoc creator\\3.0\\psoc creator\\import\\gnu_cs\\arm\\4
  70              		.file 3 "./Generated_Source/PSoC5/cytypes.h"
  71              		.file 4 "./Generated_Source/PSoC5/core_cm3.h"
  72              		.section	.debug_info,"",%progbits
  73              	.Ldebug_info0:
  74 0000 DD000000 		.4byte	0xdd
  75 0004 0200     		.2byte	0x2
  76 0006 00000000 		.4byte	.Ldebug_abbrev0
  77 000a 04       		.byte	0x4
ARM GAS  C:\Users\Martin\AppData\Local\Temp\ccxokQfa.s 			page 3


  78 000b 01       		.uleb128 0x1
  79 000c 69000000 		.4byte	.LASF15
  80 0010 01       		.byte	0x1
  81 0011 CE000000 		.4byte	.LASF16
  82 0015 DE000000 		.4byte	.LASF17
  83 0019 00000000 		.4byte	.Ldebug_ranges0+0
  84 001d 00000000 		.4byte	0
  85 0021 00000000 		.4byte	0
  86 0025 00000000 		.4byte	.Ldebug_line0
  87 0029 02       		.uleb128 0x2
  88 002a 01       		.byte	0x1
  89 002b 06       		.byte	0x6
  90 002c 26010000 		.4byte	.LASF0
  91 0030 02       		.uleb128 0x2
  92 0031 01       		.byte	0x1
  93 0032 08       		.byte	0x8
  94 0033 B2000000 		.4byte	.LASF1
  95 0037 02       		.uleb128 0x2
  96 0038 02       		.byte	0x2
  97 0039 05       		.byte	0x5
  98 003a 38010000 		.4byte	.LASF2
  99 003e 02       		.uleb128 0x2
 100 003f 02       		.byte	0x2
 101 0040 07       		.byte	0x7
 102 0041 0E000000 		.4byte	.LASF3
 103 0045 03       		.uleb128 0x3
 104 0046 42010000 		.4byte	.LASF9
 105 004a 02       		.byte	0x2
 106 004b 4F       		.byte	0x4f
 107 004c 50000000 		.4byte	0x50
 108 0050 02       		.uleb128 0x2
 109 0051 04       		.byte	0x4
 110 0052 05       		.byte	0x5
 111 0053 C5000000 		.4byte	.LASF4
 112 0057 02       		.uleb128 0x2
 113 0058 04       		.byte	0x4
 114 0059 07       		.byte	0x7
 115 005a 40000000 		.4byte	.LASF5
 116 005e 02       		.uleb128 0x2
 117 005f 08       		.byte	0x8
 118 0060 05       		.byte	0x5
 119 0061 00000000 		.4byte	.LASF6
 120 0065 02       		.uleb128 0x2
 121 0066 08       		.byte	0x8
 122 0067 07       		.byte	0x7
 123 0068 52000000 		.4byte	.LASF7
 124 006c 04       		.uleb128 0x4
 125 006d 04       		.byte	0x4
 126 006e 05       		.byte	0x5
 127 006f 696E7400 		.ascii	"int\000"
 128 0073 02       		.uleb128 0x2
 129 0074 04       		.byte	0x4
 130 0075 07       		.byte	0x7
 131 0076 21000000 		.4byte	.LASF8
 132 007a 03       		.uleb128 0x3
 133 007b 3A000000 		.4byte	.LASF10
 134 007f 03       		.byte	0x3
ARM GAS  C:\Users\Martin\AppData\Local\Temp\ccxokQfa.s 			page 4


 135 0080 5B       		.byte	0x5b
 136 0081 30000000 		.4byte	0x30
 137 0085 02       		.uleb128 0x2
 138 0086 04       		.byte	0x4
 139 0087 04       		.byte	0x4
 140 0088 32010000 		.4byte	.LASF11
 141 008c 02       		.uleb128 0x2
 142 008d 08       		.byte	0x8
 143 008e 04       		.byte	0x4
 144 008f D7000000 		.4byte	.LASF12
 145 0093 02       		.uleb128 0x2
 146 0094 01       		.byte	0x1
 147 0095 08       		.byte	0x8
 148 0096 C0000000 		.4byte	.LASF13
 149 009a 02       		.uleb128 0x2
 150 009b 04       		.byte	0x4
 151 009c 07       		.byte	0x7
 152 009d 4A010000 		.4byte	.LASF14
 153 00a1 05       		.uleb128 0x5
 154 00a2 01       		.byte	0x1
 155 00a3 2E000000 		.4byte	.LASF18
 156 00a7 01       		.byte	0x1
 157 00a8 11       		.byte	0x11
 158 00a9 6C000000 		.4byte	0x6c
 159 00ad 00000000 		.4byte	.LFB56
 160 00b1 26000000 		.4byte	.LFE56
 161 00b5 00000000 		.4byte	.LLST0
 162 00b9 01       		.byte	0x1
 163 00ba CD000000 		.4byte	0xcd
 164 00be 06       		.uleb128 0x6
 165 00bf 33000000 		.4byte	.LASF19
 166 00c3 01       		.byte	0x1
 167 00c4 13       		.byte	0x13
 168 00c5 7A000000 		.4byte	0x7a
 169 00c9 02       		.byte	0x2
 170 00ca 91       		.byte	0x91
 171 00cb 77       		.sleb128 -9
 172 00cc 00       		.byte	0
 173 00cd 07       		.uleb128 0x7
 174 00ce 19010000 		.4byte	.LASF20
 175 00d2 04       		.byte	0x4
 176 00d3 1606     		.2byte	0x616
 177 00d5 DB000000 		.4byte	0xdb
 178 00d9 01       		.byte	0x1
 179 00da 01       		.byte	0x1
 180 00db 08       		.uleb128 0x8
 181 00dc 45000000 		.4byte	0x45
 182 00e0 00       		.byte	0
 183              		.section	.debug_abbrev,"",%progbits
 184              	.Ldebug_abbrev0:
 185 0000 01       		.uleb128 0x1
 186 0001 11       		.uleb128 0x11
 187 0002 01       		.byte	0x1
 188 0003 25       		.uleb128 0x25
 189 0004 0E       		.uleb128 0xe
 190 0005 13       		.uleb128 0x13
 191 0006 0B       		.uleb128 0xb
ARM GAS  C:\Users\Martin\AppData\Local\Temp\ccxokQfa.s 			page 5


 192 0007 03       		.uleb128 0x3
 193 0008 0E       		.uleb128 0xe
 194 0009 1B       		.uleb128 0x1b
 195 000a 0E       		.uleb128 0xe
 196 000b 55       		.uleb128 0x55
 197 000c 06       		.uleb128 0x6
 198 000d 11       		.uleb128 0x11
 199 000e 01       		.uleb128 0x1
 200 000f 52       		.uleb128 0x52
 201 0010 01       		.uleb128 0x1
 202 0011 10       		.uleb128 0x10
 203 0012 06       		.uleb128 0x6
 204 0013 00       		.byte	0
 205 0014 00       		.byte	0
 206 0015 02       		.uleb128 0x2
 207 0016 24       		.uleb128 0x24
 208 0017 00       		.byte	0
 209 0018 0B       		.uleb128 0xb
 210 0019 0B       		.uleb128 0xb
 211 001a 3E       		.uleb128 0x3e
 212 001b 0B       		.uleb128 0xb
 213 001c 03       		.uleb128 0x3
 214 001d 0E       		.uleb128 0xe
 215 001e 00       		.byte	0
 216 001f 00       		.byte	0
 217 0020 03       		.uleb128 0x3
 218 0021 16       		.uleb128 0x16
 219 0022 00       		.byte	0
 220 0023 03       		.uleb128 0x3
 221 0024 0E       		.uleb128 0xe
 222 0025 3A       		.uleb128 0x3a
 223 0026 0B       		.uleb128 0xb
 224 0027 3B       		.uleb128 0x3b
 225 0028 0B       		.uleb128 0xb
 226 0029 49       		.uleb128 0x49
 227 002a 13       		.uleb128 0x13
 228 002b 00       		.byte	0
 229 002c 00       		.byte	0
 230 002d 04       		.uleb128 0x4
 231 002e 24       		.uleb128 0x24
 232 002f 00       		.byte	0
 233 0030 0B       		.uleb128 0xb
 234 0031 0B       		.uleb128 0xb
 235 0032 3E       		.uleb128 0x3e
 236 0033 0B       		.uleb128 0xb
 237 0034 03       		.uleb128 0x3
 238 0035 08       		.uleb128 0x8
 239 0036 00       		.byte	0
 240 0037 00       		.byte	0
 241 0038 05       		.uleb128 0x5
 242 0039 2E       		.uleb128 0x2e
 243 003a 01       		.byte	0x1
 244 003b 3F       		.uleb128 0x3f
 245 003c 0C       		.uleb128 0xc
 246 003d 03       		.uleb128 0x3
 247 003e 0E       		.uleb128 0xe
 248 003f 3A       		.uleb128 0x3a
ARM GAS  C:\Users\Martin\AppData\Local\Temp\ccxokQfa.s 			page 6


 249 0040 0B       		.uleb128 0xb
 250 0041 3B       		.uleb128 0x3b
 251 0042 0B       		.uleb128 0xb
 252 0043 49       		.uleb128 0x49
 253 0044 13       		.uleb128 0x13
 254 0045 11       		.uleb128 0x11
 255 0046 01       		.uleb128 0x1
 256 0047 12       		.uleb128 0x12
 257 0048 01       		.uleb128 0x1
 258 0049 40       		.uleb128 0x40
 259 004a 06       		.uleb128 0x6
 260 004b 9642     		.uleb128 0x2116
 261 004d 0C       		.uleb128 0xc
 262 004e 01       		.uleb128 0x1
 263 004f 13       		.uleb128 0x13
 264 0050 00       		.byte	0
 265 0051 00       		.byte	0
 266 0052 06       		.uleb128 0x6
 267 0053 34       		.uleb128 0x34
 268 0054 00       		.byte	0
 269 0055 03       		.uleb128 0x3
 270 0056 0E       		.uleb128 0xe
 271 0057 3A       		.uleb128 0x3a
 272 0058 0B       		.uleb128 0xb
 273 0059 3B       		.uleb128 0x3b
 274 005a 0B       		.uleb128 0xb
 275 005b 49       		.uleb128 0x49
 276 005c 13       		.uleb128 0x13
 277 005d 02       		.uleb128 0x2
 278 005e 0A       		.uleb128 0xa
 279 005f 00       		.byte	0
 280 0060 00       		.byte	0
 281 0061 07       		.uleb128 0x7
 282 0062 34       		.uleb128 0x34
 283 0063 00       		.byte	0
 284 0064 03       		.uleb128 0x3
 285 0065 0E       		.uleb128 0xe
 286 0066 3A       		.uleb128 0x3a
 287 0067 0B       		.uleb128 0xb
 288 0068 3B       		.uleb128 0x3b
 289 0069 05       		.uleb128 0x5
 290 006a 49       		.uleb128 0x49
 291 006b 13       		.uleb128 0x13
 292 006c 3F       		.uleb128 0x3f
 293 006d 0C       		.uleb128 0xc
 294 006e 3C       		.uleb128 0x3c
 295 006f 0C       		.uleb128 0xc
 296 0070 00       		.byte	0
 297 0071 00       		.byte	0
 298 0072 08       		.uleb128 0x8
 299 0073 35       		.uleb128 0x35
 300 0074 00       		.byte	0
 301 0075 49       		.uleb128 0x49
 302 0076 13       		.uleb128 0x13
 303 0077 00       		.byte	0
 304 0078 00       		.byte	0
 305 0079 00       		.byte	0
ARM GAS  C:\Users\Martin\AppData\Local\Temp\ccxokQfa.s 			page 7


 306              		.section	.debug_loc,"",%progbits
 307              	.Ldebug_loc0:
 308              	.LLST0:
 309 0000 00000000 		.4byte	.LFB56
 310 0004 02000000 		.4byte	.LCFI0
 311 0008 0200     		.2byte	0x2
 312 000a 7D       		.byte	0x7d
 313 000b 00       		.sleb128 0
 314 000c 02000000 		.4byte	.LCFI0
 315 0010 04000000 		.4byte	.LCFI1
 316 0014 0200     		.2byte	0x2
 317 0016 7D       		.byte	0x7d
 318 0017 08       		.sleb128 8
 319 0018 04000000 		.4byte	.LCFI1
 320 001c 06000000 		.4byte	.LCFI2
 321 0020 0200     		.2byte	0x2
 322 0022 7D       		.byte	0x7d
 323 0023 10       		.sleb128 16
 324 0024 06000000 		.4byte	.LCFI2
 325 0028 26000000 		.4byte	.LFE56
 326 002c 0200     		.2byte	0x2
 327 002e 77       		.byte	0x77
 328 002f 10       		.sleb128 16
 329 0030 00000000 		.4byte	0
 330 0034 00000000 		.4byte	0
 331              		.section	.debug_aranges,"",%progbits
 332 0000 1C000000 		.4byte	0x1c
 333 0004 0200     		.2byte	0x2
 334 0006 00000000 		.4byte	.Ldebug_info0
 335 000a 04       		.byte	0x4
 336 000b 00       		.byte	0
 337 000c 0000     		.2byte	0
 338 000e 0000     		.2byte	0
 339 0010 00000000 		.4byte	.LFB56
 340 0014 26000000 		.4byte	.LFE56-.LFB56
 341 0018 00000000 		.4byte	0
 342 001c 00000000 		.4byte	0
 343              		.section	.debug_ranges,"",%progbits
 344              	.Ldebug_ranges0:
 345 0000 00000000 		.4byte	.LFB56
 346 0004 26000000 		.4byte	.LFE56
 347 0008 00000000 		.4byte	0
 348 000c 00000000 		.4byte	0
 349              		.section	.debug_line,"",%progbits
 350              	.Ldebug_line0:
 351 0000 21010000 		.section	.debug_str,"MS",%progbits,1
 351      0200F900 
 351      00000201 
 351      FB0E0D00 
 351      01010101 
 352              	.LASF6:
 353 0000 6C6F6E67 		.ascii	"long long int\000"
 353      206C6F6E 
 353      6720696E 
 353      7400
 354              	.LASF3:
 355 000e 73686F72 		.ascii	"short unsigned int\000"
ARM GAS  C:\Users\Martin\AppData\Local\Temp\ccxokQfa.s 			page 8


 355      7420756E 
 355      7369676E 
 355      65642069 
 355      6E7400
 356              	.LASF8:
 357 0021 756E7369 		.ascii	"unsigned int\000"
 357      676E6564 
 357      20696E74 
 357      00
 358              	.LASF18:
 359 002e 6D61696E 		.ascii	"main\000"
 359      00
 360              	.LASF19:
 361 0033 73746174 		.ascii	"status\000"
 361      757300
 362              	.LASF10:
 363 003a 75696E74 		.ascii	"uint8\000"
 363      3800
 364              	.LASF5:
 365 0040 6C6F6E67 		.ascii	"long unsigned int\000"
 365      20756E73 
 365      69676E65 
 365      6420696E 
 365      7400
 366              	.LASF7:
 367 0052 6C6F6E67 		.ascii	"long long unsigned int\000"
 367      206C6F6E 
 367      6720756E 
 367      7369676E 
 367      65642069 
 368              	.LASF15:
 369 0069 474E5520 		.ascii	"GNU C 4.7.3 20130312 (release) [ARM/embedded-4_7-br"
 369      4320342E 
 369      372E3320 
 369      32303133 
 369      30333132 
 370 009c 616E6368 		.ascii	"anch revision 196615]\000"
 370      20726576 
 370      6973696F 
 370      6E203139 
 370      36363135 
 371              	.LASF1:
 372 00b2 756E7369 		.ascii	"unsigned char\000"
 372      676E6564 
 372      20636861 
 372      7200
 373              	.LASF13:
 374 00c0 63686172 		.ascii	"char\000"
 374      00
 375              	.LASF4:
 376 00c5 6C6F6E67 		.ascii	"long int\000"
 376      20696E74 
 376      00
 377              	.LASF16:
 378 00ce 2E5C6D61 		.ascii	".\\main.c\000"
 378      696E2E63 
 378      00
ARM GAS  C:\Users\Martin\AppData\Local\Temp\ccxokQfa.s 			page 9


 379              	.LASF12:
 380 00d7 646F7562 		.ascii	"double\000"
 380      6C6500
 381              	.LASF17:
 382 00de 583A5C72 		.ascii	"X:\\roboticscode\\trunk\\Servo\\SW\\ServoMotor\\Ser"
 382      6F626F74 
 382      69637363 
 382      6F64655C 
 382      7472756E 
 383 010b 766F4D6F 		.ascii	"voMotor.cydsn\000"
 383      746F722E 
 383      63796473 
 383      6E00
 384              	.LASF20:
 385 0119 49544D5F 		.ascii	"ITM_RxBuffer\000"
 385      52784275 
 385      66666572 
 385      00
 386              	.LASF0:
 387 0126 7369676E 		.ascii	"signed char\000"
 387      65642063 
 387      68617200 
 388              	.LASF11:
 389 0132 666C6F61 		.ascii	"float\000"
 389      7400
 390              	.LASF2:
 391 0138 73686F72 		.ascii	"short int\000"
 391      7420696E 
 391      7400
 392              	.LASF9:
 393 0142 696E7433 		.ascii	"int32_t\000"
 393      325F7400 
 394              	.LASF14:
 395 014a 73697A65 		.ascii	"sizetype\000"
 395      74797065 
 395      00
 396              		.ident	"GCC: (GNU Tools for ARM Embedded Processors) 4.7.3 20130312 (release) [ARM/embedded-4_7-br
