ARM GAS  C:\Users\Martin\AppData\Local\Temp\cc2VSIu0.s 			page 1


   1              		.syntax unified
   2              		.cpu cortex-m3
   3              		.fpu softvfp
   4              		.eabi_attribute 20, 1
   5              		.eabi_attribute 21, 1
   6              		.eabi_attribute 23, 3
   7              		.eabi_attribute 24, 1
   8              		.eabi_attribute 25, 1
   9              		.eabi_attribute 26, 1
  10              		.eabi_attribute 30, 6
  11              		.eabi_attribute 34, 1
  12              		.eabi_attribute 18, 4
  13              		.thumb
  14              		.file	"cymetadata.c"
  15              		.text
  16              	.Ltext0:
  17              		.cfi_sections	.debug_frame
  18              		.global	cy_meta_configecc
  19              		.section	.cyconfigecc,"a",%progbits
  20              		.align	2
  21              		.type	cy_meta_configecc, %object
  22              		.size	cy_meta_configecc, 1780
  23              	cy_meta_configecc:
  24 0000 02       		.byte	2
  25 0001 52       		.byte	82
  26 0002 00       		.byte	0
  27 0003 40       		.byte	64
  28 0004 03       		.byte	3
  29 0005 64       		.byte	100
  30 0006 00       		.byte	0
  31 0007 40       		.byte	64
  32 0008 02       		.byte	2
  33 0009 65       		.byte	101
  34 000a 00       		.byte	0
  35 000b 40       		.byte	64
  36 000c 5C       		.byte	92
  37 000d 02       		.byte	2
  38 000e 01       		.byte	1
  39 000f 40       		.byte	64
  40 0010 39       		.byte	57
  41 0011 03       		.byte	3
  42 0012 01       		.byte	1
  43 0013 40       		.byte	64
  44 0014 4C       		.byte	76
  45 0015 04       		.byte	4
  46 0016 01       		.byte	1
  47 0017 40       		.byte	64
  48 0018 42       		.byte	66
  49 0019 05       		.byte	5
  50 001a 01       		.byte	1
  51 001b 40       		.byte	64
  52 001c 1A       		.byte	26
  53 001d 06       		.byte	6
  54 001e 01       		.byte	1
  55 001f 40       		.byte	64
  56 0020 4A       		.byte	74
  57 0021 07       		.byte	7
ARM GAS  C:\Users\Martin\AppData\Local\Temp\cc2VSIu0.s 			page 2


  58 0022 01       		.byte	1
  59 0023 40       		.byte	64
  60 0024 5E       		.byte	94
  61 0025 14       		.byte	20
  62 0026 01       		.byte	1
  63 0027 40       		.byte	64
  64 0028 4B       		.byte	75
  65 0029 15       		.byte	21
  66 002a 01       		.byte	1
  67 002b 40       		.byte	64
  68 002c 60       		.byte	96
  69 002d 16       		.byte	22
  70 002e 01       		.byte	1
  71 002f 40       		.byte	64
  72 0030 42       		.byte	66
  73 0031 17       		.byte	23
  74 0032 01       		.byte	1
  75 0033 40       		.byte	64
  76 0034 08       		.byte	8
  77 0035 40       		.byte	64
  78 0036 01       		.byte	1
  79 0037 40       		.byte	64
  80 0038 0B       		.byte	11
  81 0039 41       		.byte	65
  82 003a 01       		.byte	1
  83 003b 40       		.byte	64
  84 003c 06       		.byte	6
  85 003d 42       		.byte	66
  86 003e 01       		.byte	1
  87 003f 40       		.byte	64
  88 0040 03       		.byte	3
  89 0041 43       		.byte	67
  90 0042 01       		.byte	1
  91 0043 40       		.byte	64
  92 0044 05       		.byte	5
  93 0045 48       		.byte	72
  94 0046 01       		.byte	1
  95 0047 40       		.byte	64
  96 0048 04       		.byte	4
  97 0049 49       		.byte	73
  98 004a 01       		.byte	1
  99 004b 40       		.byte	64
 100 004c 05       		.byte	5
 101 004d 50       		.byte	80
 102 004e 01       		.byte	1
 103 004f 40       		.byte	64
 104 0050 02       		.byte	2
 105 0051 51       		.byte	81
 106 0052 01       		.byte	1
 107 0053 40       		.byte	64
 108 0054 20       		.byte	32
 109 0055 02       		.byte	2
 110 0056 24       		.byte	36
 111 0057 01       		.byte	1
 112 0058 83       		.byte	-125
 113 0059 0F       		.byte	15
 114 005a 85       		.byte	-123
ARM GAS  C:\Users\Martin\AppData\Local\Temp\cc2VSIu0.s 			page 3


 115 005b 38       		.byte	56
 116 005c 86       		.byte	-122
 117 005d 72       		.byte	114
 118 005e 85       		.byte	-123
 119 005f 0F       		.byte	15
 120 0060 87       		.byte	-121
 121 0061 0D       		.byte	13
 122 0062 01       		.byte	1
 123 0063 03       		.byte	3
 124 0064 03       		.byte	3
 125 0065 04       		.byte	4
 126 0066 0B       		.byte	11
 127 0067 0E       		.byte	14
 128 0068 0C       		.byte	12
 129 0069 02       		.byte	2
 130 006a 15       		.byte	21
 131 006b 03       		.byte	3
 132 006c 16       		.byte	22
 133 006d 04       		.byte	4
 134 006e 17       		.byte	23
 135 006f 04       		.byte	4
 136 0070 18       		.byte	24
 137 0071 01       		.byte	1
 138 0072 1D       		.byte	29
 139 0073 03       		.byte	3
 140 0074 1F       		.byte	31
 141 0075 0C       		.byte	12
 142 0076 21       		.byte	33
 143 0077 09       		.byte	9
 144 0078 24       		.byte	36
 145 0079 06       		.byte	6
 146 007a 2C       		.byte	44
 147 007b 06       		.byte	6
 148 007c 30       		.byte	48
 149 007d 06       		.byte	6
 150 007e 31       		.byte	49
 151 007f 0F       		.byte	15
 152 0080 34       		.byte	52
 153 0081 01       		.byte	1
 154 0082 38       		.byte	56
 155 0083 02       		.byte	2
 156 0084 3B       		.byte	59
 157 0085 02       		.byte	2
 158 0086 3E       		.byte	62
 159 0087 11       		.byte	17
 160 0088 40       		.byte	64
 161 0089 12       		.byte	18
 162 008a 41       		.byte	65
 163 008b 03       		.byte	3
 164 008c 45       		.byte	69
 165 008d E0       		.byte	-32
 166 008e 47       		.byte	71
 167 008f CB       		.byte	-53
 168 0090 48       		.byte	72
 169 0091 32       		.byte	50
 170 0092 49       		.byte	73
 171 0093 FF       		.byte	-1
ARM GAS  C:\Users\Martin\AppData\Local\Temp\cc2VSIu0.s 			page 4


 172 0094 4A       		.byte	74
 173 0095 FF       		.byte	-1
 174 0096 4B       		.byte	75
 175 0097 FF       		.byte	-1
 176 0098 4E       		.byte	78
 177 0099 F0       		.byte	-16
 178 009a 4F       		.byte	79
 179 009b 44       		.byte	68
 180 009c 50       		.byte	80
 181 009d 0C       		.byte	12
 182 009e 58       		.byte	88
 183 009f 04       		.byte	4
 184 00a0 59       		.byte	89
 185 00a1 04       		.byte	4
 186 00a2 5A       		.byte	90
 187 00a3 04       		.byte	4
 188 00a4 5C       		.byte	92
 189 00a5 20       		.byte	32
 190 00a6 5D       		.byte	93
 191 00a7 02       		.byte	2
 192 00a8 5F       		.byte	95
 193 00a9 01       		.byte	1
 194 00aa 66       		.byte	102
 195 00ab C0       		.byte	-64
 196 00ac 6A       		.byte	106
 197 00ad 40       		.byte	64
 198 00ae 6B       		.byte	107
 199 00af 02       		.byte	2
 200 00b0 80       		.byte	-128
 201 00b1 10       		.byte	16
 202 00b2 81       		.byte	-127
 203 00b3 04       		.byte	4
 204 00b4 86       		.byte	-122
 205 00b5 0E       		.byte	14
 206 00b6 87       		.byte	-121
 207 00b7 01       		.byte	1
 208 00b8 8B       		.byte	-117
 209 00b9 06       		.byte	6
 210 00ba 8D       		.byte	-115
 211 00bb 01       		.byte	1
 212 00bc 90       		.byte	-112
 213 00bd 02       		.byte	2
 214 00be 92       		.byte	-110
 215 00bf 04       		.byte	4
 216 00c0 97       		.byte	-105
 217 00c1 0E       		.byte	14
 218 00c2 98       		.byte	-104
 219 00c3 02       		.byte	2
 220 00c4 99       		.byte	-103
 221 00c5 01       		.byte	1
 222 00c6 9A       		.byte	-102
 223 00c7 0C       		.byte	12
 224 00c8 9C       		.byte	-100
 225 00c9 08       		.byte	8
 226 00ca 9E       		.byte	-98
 227 00cb 02       		.byte	2
 228 00cc 9F       		.byte	-97
ARM GAS  C:\Users\Martin\AppData\Local\Temp\cc2VSIu0.s 			page 5


 229 00cd 0A       		.byte	10
 230 00ce A0       		.byte	-96
 231 00cf 08       		.byte	8
 232 00d0 A3       		.byte	-93
 233 00d1 01       		.byte	1
 234 00d2 A4       		.byte	-92
 235 00d3 01       		.byte	1
 236 00d4 AB       		.byte	-85
 237 00d5 01       		.byte	1
 238 00d6 AD       		.byte	-83
 239 00d7 0C       		.byte	12
 240 00d8 B2       		.byte	-78
 241 00d9 10       		.byte	16
 242 00da B4       		.byte	-76
 243 00db 01       		.byte	1
 244 00dc B5       		.byte	-75
 245 00dd 0E       		.byte	14
 246 00de B6       		.byte	-74
 247 00df 0E       		.byte	14
 248 00e0 B7       		.byte	-73
 249 00e1 01       		.byte	1
 250 00e2 BA       		.byte	-70
 251 00e3 80       		.byte	-128
 252 00e4 BB       		.byte	-69
 253 00e5 20       		.byte	32
 254 00e6 BE       		.byte	-66
 255 00e7 04       		.byte	4
 256 00e8 BF       		.byte	-65
 257 00e9 40       		.byte	64
 258 00ea C0       		.byte	-64
 259 00eb 04       		.byte	4
 260 00ec C5       		.byte	-59
 261 00ed 51       		.byte	81
 262 00ee C8       		.byte	-56
 263 00ef 03       		.byte	3
 264 00f0 C9       		.byte	-55
 265 00f1 FF       		.byte	-1
 266 00f2 CA       		.byte	-54
 267 00f3 07       		.byte	7
 268 00f4 CB       		.byte	-53
 269 00f5 FF       		.byte	-1
 270 00f6 CC       		.byte	-52
 271 00f7 40       		.byte	64
 272 00f8 CD       		.byte	-51
 273 00f9 20       		.byte	32
 274 00fa CE       		.byte	-50
 275 00fb F0       		.byte	-16
 276 00fc CF       		.byte	-49
 277 00fd 05       		.byte	5
 278 00fe D0       		.byte	-48
 279 00ff 08       		.byte	8
 280 0100 D4       		.byte	-44
 281 0101 01       		.byte	1
 282 0102 D6       		.byte	-42
 283 0103 04       		.byte	4
 284 0104 D8       		.byte	-40
 285 0105 04       		.byte	4
ARM GAS  C:\Users\Martin\AppData\Local\Temp\cc2VSIu0.s 			page 6


 286 0106 D9       		.byte	-39
 287 0107 04       		.byte	4
 288 0108 DA       		.byte	-38
 289 0109 04       		.byte	4
 290 010a DB       		.byte	-37
 291 010b 04       		.byte	4
 292 010c DC       		.byte	-36
 293 010d 22       		.byte	34
 294 010e DD       		.byte	-35
 295 010f 12       		.byte	18
 296 0110 DF       		.byte	-33
 297 0111 01       		.byte	1
 298 0112 E0       		.byte	-32
 299 0113 40       		.byte	64
 300 0114 E1       		.byte	-31
 301 0115 A8       		.byte	-88
 302 0116 E2       		.byte	-30
 303 0117 40       		.byte	64
 304 0118 E3       		.byte	-29
 305 0119 20       		.byte	32
 306 011a 00       		.byte	0
 307 011b 04       		.byte	4
 308 011c 01       		.byte	1
 309 011d 02       		.byte	2
 310 011e 05       		.byte	5
 311 011f 40       		.byte	64
 312 0120 08       		.byte	8
 313 0121 02       		.byte	2
 314 0122 0A       		.byte	10
 315 0123 02       		.byte	2
 316 0124 0B       		.byte	11
 317 0125 04       		.byte	4
 318 0126 0C       		.byte	12
 319 0127 20       		.byte	32
 320 0128 0F       		.byte	15
 321 0129 20       		.byte	32
 322 012a 10       		.byte	16
 323 012b A0       		.byte	-96
 324 012c 14       		.byte	20
 325 012d 02       		.byte	2
 326 012e 17       		.byte	23
 327 012f 48       		.byte	72
 328 0130 18       		.byte	24
 329 0131 04       		.byte	4
 330 0132 19       		.byte	25
 331 0133 44       		.byte	68
 332 0134 1A       		.byte	26
 333 0135 0A       		.byte	10
 334 0136 1B       		.byte	27
 335 0137 90       		.byte	-112
 336 0138 1D       		.byte	29
 337 0139 20       		.byte	32
 338 013a 1E       		.byte	30
 339 013b 40       		.byte	64
 340 013c 21       		.byte	33
 341 013d 10       		.byte	16
 342 013e 22       		.byte	34
ARM GAS  C:\Users\Martin\AppData\Local\Temp\cc2VSIu0.s 			page 7


 343 013f 40       		.byte	64
 344 0140 23       		.byte	35
 345 0141 0C       		.byte	12
 346 0142 27       		.byte	39
 347 0143 40       		.byte	64
 348 0144 29       		.byte	41
 349 0145 60       		.byte	96
 350 0146 2A       		.byte	42
 351 0147 03       		.byte	3
 352 0148 2F       		.byte	47
 353 0149 80       		.byte	-128
 354 014a 32       		.byte	50
 355 014b 14       		.byte	20
 356 014c 33       		.byte	51
 357 014d 40       		.byte	64
 358 014e 37       		.byte	55
 359 014f 48       		.byte	72
 360 0150 38       		.byte	56
 361 0151 80       		.byte	-128
 362 0152 39       		.byte	57
 363 0153 20       		.byte	32
 364 0154 3B       		.byte	59
 365 0155 0A       		.byte	10
 366 0156 3C       		.byte	60
 367 0157 02       		.byte	2
 368 0158 3F       		.byte	63
 369 0159 20       		.byte	32
 370 015a 42       		.byte	66
 371 015b 40       		.byte	64
 372 015c 45       		.byte	69
 373 015d 20       		.byte	32
 374 015e 47       		.byte	71
 375 015f 48       		.byte	72
 376 0160 48       		.byte	72
 377 0161 A0       		.byte	-96
 378 0162 4B       		.byte	75
 379 0163 02       		.byte	2
 380 0164 4D       		.byte	77
 381 0165 01       		.byte	1
 382 0166 54       		.byte	84
 383 0167 01       		.byte	1
 384 0168 57       		.byte	87
 385 0169 04       		.byte	4
 386 016a 58       		.byte	88
 387 016b 20       		.byte	32
 388 016c 59       		.byte	89
 389 016d 07       		.byte	7
 390 016e 5A       		.byte	90
 391 016f 80       		.byte	-128
 392 0170 60       		.byte	96
 393 0171 80       		.byte	-128
 394 0172 64       		.byte	100
 395 0173 01       		.byte	1
 396 0174 67       		.byte	103
 397 0175 02       		.byte	2
 398 0176 84       		.byte	-124
 399 0177 80       		.byte	-128
ARM GAS  C:\Users\Martin\AppData\Local\Temp\cc2VSIu0.s 			page 8


 400 0178 87       		.byte	-121
 401 0179 40       		.byte	64
 402 017a C0       		.byte	-64
 403 017b 8C       		.byte	-116
 404 017c C2       		.byte	-62
 405 017d 6B       		.byte	107
 406 017e C4       		.byte	-60
 407 017f AC       		.byte	-84
 408 0180 CA       		.byte	-54
 409 0181 8D       		.byte	-115
 410 0182 CC       		.byte	-52
 411 0183 5E       		.byte	94
 412 0184 CE       		.byte	-50
 413 0185 AF       		.byte	-81
 414 0186 D0       		.byte	-48
 415 0187 71       		.byte	113
 416 0188 D6       		.byte	-42
 417 0189 0F       		.byte	15
 418 018a D8       		.byte	-40
 419 018b 01       		.byte	1
 420 018c 01       		.byte	1
 421 018d 03       		.byte	3
 422 018e 03       		.byte	3
 423 018f 04       		.byte	4
 424 0190 05       		.byte	5
 425 0191 09       		.byte	9
 426 0192 06       		.byte	6
 427 0193 05       		.byte	5
 428 0194 0D       		.byte	13
 429 0195 10       		.byte	16
 430 0196 12       		.byte	18
 431 0197 03       		.byte	3
 432 0198 14       		.byte	20
 433 0199 06       		.byte	6
 434 019a 19       		.byte	25
 435 019b 03       		.byte	3
 436 019c 1A       		.byte	26
 437 019d 07       		.byte	7
 438 019e 1B       		.byte	27
 439 019f 0C       		.byte	12
 440 01a0 1D       		.byte	29
 441 01a1 03       		.byte	3
 442 01a2 1F       		.byte	31
 443 01a3 04       		.byte	4
 444 01a4 24       		.byte	36
 445 01a5 02       		.byte	2
 446 01a6 2B       		.byte	43
 447 01a7 0E       		.byte	14
 448 01a8 2C       		.byte	44
 449 01a9 08       		.byte	8
 450 01aa 30       		.byte	48
 451 01ab 07       		.byte	7
 452 01ac 33       		.byte	51
 453 01ad 10       		.byte	16
 454 01ae 34       		.byte	52
 455 01af 08       		.byte	8
 456 01b0 35       		.byte	53
ARM GAS  C:\Users\Martin\AppData\Local\Temp\cc2VSIu0.s 			page 9


 457 01b1 0F       		.byte	15
 458 01b2 3A       		.byte	58
 459 01b3 02       		.byte	2
 460 01b4 3B       		.byte	59
 461 01b5 20       		.byte	32
 462 01b6 3F       		.byte	63
 463 01b7 04       		.byte	4
 464 01b8 40       		.byte	64
 465 01b9 23       		.byte	35
 466 01ba 41       		.byte	65
 467 01bb 04       		.byte	4
 468 01bc 45       		.byte	69
 469 01bd EB       		.byte	-21
 470 01be 47       		.byte	71
 471 01bf C0       		.byte	-64
 472 01c0 48       		.byte	72
 473 01c1 23       		.byte	35
 474 01c2 49       		.byte	73
 475 01c3 FF       		.byte	-1
 476 01c4 4A       		.byte	74
 477 01c5 FF       		.byte	-1
 478 01c6 4B       		.byte	75
 479 01c7 FF       		.byte	-1
 480 01c8 4E       		.byte	78
 481 01c9 F0       		.byte	-16
 482 01ca 4F       		.byte	79
 483 01cb 44       		.byte	68
 484 01cc 50       		.byte	80
 485 01cd 0C       		.byte	12
 486 01ce 58       		.byte	88
 487 01cf 04       		.byte	4
 488 01d0 59       		.byte	89
 489 01d1 04       		.byte	4
 490 01d2 5A       		.byte	90
 491 01d3 04       		.byte	4
 492 01d4 5C       		.byte	92
 493 01d5 11       		.byte	17
 494 01d6 5D       		.byte	93
 495 01d7 01       		.byte	1
 496 01d8 5F       		.byte	95
 497 01d9 01       		.byte	1
 498 01da 66       		.byte	102
 499 01db C0       		.byte	-64
 500 01dc 6A       		.byte	106
 501 01dd 40       		.byte	64
 502 01de 6B       		.byte	107
 503 01df 02       		.byte	2
 504 01e0 81       		.byte	-127
 505 01e1 24       		.byte	36
 506 01e2 83       		.byte	-125
 507 01e3 52       		.byte	82
 508 01e4 84       		.byte	-124
 509 01e5 01       		.byte	1
 510 01e6 85       		.byte	-123
 511 01e7 29       		.byte	41
 512 01e8 86       		.byte	-122
 513 01e9 02       		.byte	2
ARM GAS  C:\Users\Martin\AppData\Local\Temp\cc2VSIu0.s 			page 10


 514 01ea 87       		.byte	-121
 515 01eb 44       		.byte	68
 516 01ec 89       		.byte	-119
 517 01ed 03       		.byte	3
 518 01ee 8C       		.byte	-116
 519 01ef 01       		.byte	1
 520 01f0 8D       		.byte	-115
 521 01f1 03       		.byte	3
 522 01f2 8E       		.byte	-114
 523 01f3 06       		.byte	6
 524 01f4 93       		.byte	-109
 525 01f5 03       		.byte	3
 526 01f6 94       		.byte	-108
 527 01f7 04       		.byte	4
 528 01f8 95       		.byte	-107
 529 01f9 07       		.byte	7
 530 01fa 96       		.byte	-106
 531 01fb 01       		.byte	1
 532 01fc 97       		.byte	-105
 533 01fd 18       		.byte	24
 534 01fe 9A       		.byte	-102
 535 01ff 07       		.byte	7
 536 0200 9B       		.byte	-101
 537 0201 03       		.byte	3
 538 0202 A3       		.byte	-93
 539 0203 03       		.byte	3
 540 0204 A4       		.byte	-92
 541 0205 04       		.byte	4
 542 0206 A5       		.byte	-91
 543 0207 7C       		.byte	124
 544 0208 A9       		.byte	-87
 545 0209 7C       		.byte	124
 546 020a B1       		.byte	-79
 547 020b 03       		.byte	3
 548 020c B2       		.byte	-78
 549 020d 07       		.byte	7
 550 020e B3       		.byte	-77
 551 020f 60       		.byte	96
 552 0210 B5       		.byte	-75
 553 0211 1C       		.byte	28
 554 0212 BA       		.byte	-70
 555 0213 08       		.byte	8
 556 0214 D4       		.byte	-44
 557 0215 18       		.byte	24
 558 0216 D6       		.byte	-42
 559 0217 04       		.byte	4
 560 0218 D8       		.byte	-40
 561 0219 04       		.byte	4
 562 021a D9       		.byte	-39
 563 021b 04       		.byte	4
 564 021c DB       		.byte	-37
 565 021d 04       		.byte	4
 566 021e DC       		.byte	-36
 567 021f 21       		.byte	33
 568 0220 DD       		.byte	-35
 569 0221 20       		.byte	32
 570 0222 DF       		.byte	-33
ARM GAS  C:\Users\Martin\AppData\Local\Temp\cc2VSIu0.s 			page 11


 571 0223 01       		.byte	1
 572 0224 00       		.byte	0
 573 0225 04       		.byte	4
 574 0226 04       		.byte	4
 575 0227 84       		.byte	-124
 576 0228 09       		.byte	9
 577 0229 08       		.byte	8
 578 022a 0A       		.byte	10
 579 022b 84       		.byte	-124
 580 022c 0D       		.byte	13
 581 022d 08       		.byte	8
 582 022e 0E       		.byte	14
 583 022f 04       		.byte	4
 584 0230 10       		.byte	16
 585 0231 10       		.byte	16
 586 0232 11       		.byte	17
 587 0233 40       		.byte	64
 588 0234 12       		.byte	18
 589 0235 20       		.byte	32
 590 0236 14       		.byte	20
 591 0237 10       		.byte	16
 592 0238 18       		.byte	24
 593 0239 80       		.byte	-128
 594 023a 19       		.byte	25
 595 023b 20       		.byte	32
 596 023c 1A       		.byte	26
 597 023d 84       		.byte	-124
 598 023e 1B       		.byte	27
 599 023f 02       		.byte	2
 600 0240 1D       		.byte	29
 601 0241 08       		.byte	8
 602 0242 1F       		.byte	31
 603 0243 04       		.byte	4
 604 0244 20       		.byte	32
 605 0245 04       		.byte	4
 606 0246 21       		.byte	33
 607 0247 04       		.byte	4
 608 0248 22       		.byte	34
 609 0249 10       		.byte	16
 610 024a 25       		.byte	37
 611 024b 04       		.byte	4
 612 024c 26       		.byte	38
 613 024d 01       		.byte	1
 614 024e 27       		.byte	39
 615 024f 08       		.byte	8
 616 0250 29       		.byte	41
 617 0251 20       		.byte	32
 618 0252 2C       		.byte	44
 619 0253 40       		.byte	64
 620 0254 2F       		.byte	47
 621 0255 28       		.byte	40
 622 0256 32       		.byte	50
 623 0257 50       		.byte	80
 624 0258 36       		.byte	54
 625 0259 10       		.byte	16
 626 025a 37       		.byte	55
 627 025b 09       		.byte	9
ARM GAS  C:\Users\Martin\AppData\Local\Temp\cc2VSIu0.s 			page 12


 628 025c 39       		.byte	57
 629 025d C0       		.byte	-64
 630 025e 3A       		.byte	58
 631 025f 01       		.byte	1
 632 0260 3B       		.byte	59
 633 0261 08       		.byte	8
 634 0262 3D       		.byte	61
 635 0263 1A       		.byte	26
 636 0264 3F       		.byte	63
 637 0265 40       		.byte	64
 638 0266 40       		.byte	64
 639 0267 04       		.byte	4
 640 0268 41       		.byte	65
 641 0269 04       		.byte	4
 642 026a 43       		.byte	67
 643 026b 02       		.byte	2
 644 026c 48       		.byte	72
 645 026d 20       		.byte	32
 646 026e 49       		.byte	73
 647 026f 01       		.byte	1
 648 0270 52       		.byte	82
 649 0271 01       		.byte	1
 650 0272 5E       		.byte	94
 651 0273 02       		.byte	2
 652 0274 64       		.byte	100
 653 0275 04       		.byte	4
 654 0276 66       		.byte	102
 655 0277 80       		.byte	-128
 656 0278 67       		.byte	103
 657 0279 80       		.byte	-128
 658 027a 86       		.byte	-122
 659 027b 01       		.byte	1
 660 027c 91       		.byte	-111
 661 027d 01       		.byte	1
 662 027e 93       		.byte	-109
 663 027f 04       		.byte	4
 664 0280 94       		.byte	-108
 665 0281 80       		.byte	-128
 666 0282 96       		.byte	-106
 667 0283 20       		.byte	32
 668 0284 97       		.byte	-105
 669 0285 88       		.byte	-120
 670 0286 98       		.byte	-104
 671 0287 03       		.byte	3
 672 0288 99       		.byte	-103
 673 0289 40       		.byte	64
 674 028a 9D       		.byte	-99
 675 028b 21       		.byte	33
 676 028c 9E       		.byte	-98
 677 028d 01       		.byte	1
 678 028e A0       		.byte	-96
 679 028f 01       		.byte	1
 680 0290 A3       		.byte	-93
 681 0291 14       		.byte	20
 682 0292 B0       		.byte	-80
 683 0293 20       		.byte	32
 684 0294 B2       		.byte	-78
ARM GAS  C:\Users\Martin\AppData\Local\Temp\cc2VSIu0.s 			page 13


 685 0295 02       		.byte	2
 686 0296 C0       		.byte	-64
 687 0297 A4       		.byte	-92
 688 0298 C2       		.byte	-62
 689 0299 6E       		.byte	110
 690 029a C4       		.byte	-60
 691 029b 25       		.byte	37
 692 029c CA       		.byte	-54
 693 029d E4       		.byte	-28
 694 029e CC       		.byte	-52
 695 029f EC       		.byte	-20
 696 02a0 CE       		.byte	-50
 697 02a1 FB       		.byte	-5
 698 02a2 D0       		.byte	-48
 699 02a3 07       		.byte	7
 700 02a4 D6       		.byte	-42
 701 02a5 80       		.byte	-128
 702 02a6 D8       		.byte	-40
 703 02a7 B0       		.byte	-80
 704 02a8 84       		.byte	-124
 705 02a9 03       		.byte	3
 706 02aa 90       		.byte	-112
 707 02ab 03       		.byte	3
 708 02ac 94       		.byte	-108
 709 02ad 01       		.byte	1
 710 02ae 9A       		.byte	-102
 711 02af 02       		.byte	2
 712 02b0 B6       		.byte	-74
 713 02b1 03       		.byte	3
 714 02b2 B8       		.byte	-72
 715 02b3 80       		.byte	-128
 716 02b4 BE       		.byte	-66
 717 02b5 40       		.byte	64
 718 02b6 C0       		.byte	-64
 719 02b7 05       		.byte	5
 720 02b8 C6       		.byte	-58
 721 02b9 51       		.byte	81
 722 02ba C8       		.byte	-56
 723 02bb 0C       		.byte	12
 724 02bc C9       		.byte	-55
 725 02bd FF       		.byte	-1
 726 02be CA       		.byte	-54
 727 02bf 07       		.byte	7
 728 02c0 CB       		.byte	-53
 729 02c1 FF       		.byte	-1
 730 02c2 CC       		.byte	-52
 731 02c3 40       		.byte	64
 732 02c4 CD       		.byte	-51
 733 02c5 20       		.byte	32
 734 02c6 CE       		.byte	-50
 735 02c7 F0       		.byte	-16
 736 02c8 CF       		.byte	-49
 737 02c9 05       		.byte	5
 738 02ca D0       		.byte	-48
 739 02cb 08       		.byte	8
 740 02cc D8       		.byte	-40
 741 02cd 04       		.byte	4
ARM GAS  C:\Users\Martin\AppData\Local\Temp\cc2VSIu0.s 			page 14


 742 02ce DA       		.byte	-38
 743 02cf 04       		.byte	4
 744 02d0 DD       		.byte	-35
 745 02d1 01       		.byte	1
 746 02d2 DF       		.byte	-33
 747 02d3 01       		.byte	1
 748 02d4 E0       		.byte	-32
 749 02d5 40       		.byte	64
 750 02d6 E1       		.byte	-31
 751 02d7 A8       		.byte	-88
 752 02d8 E2       		.byte	-30
 753 02d9 40       		.byte	64
 754 02da E3       		.byte	-29
 755 02db 20       		.byte	32
 756 02dc 00       		.byte	0
 757 02dd 04       		.byte	4
 758 02de 04       		.byte	4
 759 02df 02       		.byte	2
 760 02e0 06       		.byte	6
 761 02e1 14       		.byte	20
 762 02e2 09       		.byte	9
 763 02e3 08       		.byte	8
 764 02e4 0A       		.byte	10
 765 02e5 94       		.byte	-108
 766 02e6 0C       		.byte	12
 767 02e7 80       		.byte	-128
 768 02e8 0D       		.byte	13
 769 02e9 02       		.byte	2
 770 02ea 0E       		.byte	14
 771 02eb 28       		.byte	40
 772 02ec 10       		.byte	16
 773 02ed 80       		.byte	-128
 774 02ee 12       		.byte	18
 775 02ef 40       		.byte	64
 776 02f0 14       		.byte	20
 777 02f1 40       		.byte	64
 778 02f2 15       		.byte	21
 779 02f3 40       		.byte	64
 780 02f4 17       		.byte	23
 781 02f5 14       		.byte	20
 782 02f6 19       		.byte	25
 783 02f7 80       		.byte	-128
 784 02f8 1D       		.byte	29
 785 02f9 02       		.byte	2
 786 02fa 1F       		.byte	31
 787 02fb 10       		.byte	16
 788 02fc 25       		.byte	37
 789 02fd 01       		.byte	1
 790 02fe 26       		.byte	38
 791 02ff 01       		.byte	1
 792 0300 27       		.byte	39
 793 0301 A0       		.byte	-96
 794 0302 2C       		.byte	44
 795 0303 20       		.byte	32
 796 0304 2D       		.byte	45
 797 0305 20       		.byte	32
 798 0306 2F       		.byte	47
ARM GAS  C:\Users\Martin\AppData\Local\Temp\cc2VSIu0.s 			page 15


 799 0307 02       		.byte	2
 800 0308 35       		.byte	53
 801 0309 01       		.byte	1
 802 030a 36       		.byte	54
 803 030b 20       		.byte	32
 804 030c 37       		.byte	55
 805 030d 88       		.byte	-120
 806 030e 3D       		.byte	61
 807 030f 88       		.byte	-120
 808 0310 3E       		.byte	62
 809 0311 90       		.byte	-112
 810 0312 45       		.byte	69
 811 0313 02       		.byte	2
 812 0314 46       		.byte	70
 813 0315 20       		.byte	32
 814 0316 47       		.byte	71
 815 0317 21       		.byte	33
 816 0318 49       		.byte	73
 817 0319 90       		.byte	-112
 818 031a 4A       		.byte	74
 819 031b 0C       		.byte	12
 820 031c 4C       		.byte	76
 821 031d 01       		.byte	1
 822 031e 4D       		.byte	77
 823 031f 10       		.byte	16
 824 0320 4E       		.byte	78
 825 0321 08       		.byte	8
 826 0322 4F       		.byte	79
 827 0323 40       		.byte	64
 828 0324 51       		.byte	81
 829 0325 40       		.byte	64
 830 0326 52       		.byte	82
 831 0327 20       		.byte	32
 832 0328 56       		.byte	86
 833 0329 0A       		.byte	10
 834 032a 5F       		.byte	95
 835 032b 10       		.byte	16
 836 032c 6D       		.byte	109
 837 032d 40       		.byte	64
 838 032e 6F       		.byte	111
 839 032f 3C       		.byte	60
 840 0330 74       		.byte	116
 841 0331 80       		.byte	-128
 842 0332 76       		.byte	118
 843 0333 14       		.byte	20
 844 0334 81       		.byte	-127
 845 0335 04       		.byte	4
 846 0336 82       		.byte	-126
 847 0337 01       		.byte	1
 848 0338 90       		.byte	-112
 849 0339 04       		.byte	4
 850 033a 91       		.byte	-111
 851 033b 01       		.byte	1
 852 033c 92       		.byte	-110
 853 033d 84       		.byte	-124
 854 033e 93       		.byte	-109
 855 033f 04       		.byte	4
ARM GAS  C:\Users\Martin\AppData\Local\Temp\cc2VSIu0.s 			page 16


 856 0340 95       		.byte	-107
 857 0341 90       		.byte	-112
 858 0342 96       		.byte	-106
 859 0343 02       		.byte	2
 860 0344 97       		.byte	-105
 861 0345 40       		.byte	64
 862 0346 98       		.byte	-104
 863 0347 03       		.byte	3
 864 0348 99       		.byte	-103
 865 0349 60       		.byte	96
 866 034a 9B       		.byte	-101
 867 034b 08       		.byte	8
 868 034c 9C       		.byte	-100
 869 034d 44       		.byte	68
 870 034e 9E       		.byte	-98
 871 034f 80       		.byte	-128
 872 0350 9F       		.byte	-97
 873 0351 01       		.byte	1
 874 0352 A0       		.byte	-96
 875 0353 21       		.byte	33
 876 0354 A1       		.byte	-95
 877 0355 0C       		.byte	12
 878 0356 A3       		.byte	-93
 879 0357 16       		.byte	22
 880 0358 A5       		.byte	-91
 881 0359 01       		.byte	1
 882 035a A6       		.byte	-90
 883 035b 30       		.byte	48
 884 035c A7       		.byte	-89
 885 035d 28       		.byte	40
 886 035e C0       		.byte	-64
 887 035f 74       		.byte	116
 888 0360 C2       		.byte	-62
 889 0361 FE       		.byte	-2
 890 0362 C4       		.byte	-60
 891 0363 F0       		.byte	-16
 892 0364 CA       		.byte	-54
 893 0365 70       		.byte	112
 894 0366 CC       		.byte	-52
 895 0367 F0       		.byte	-16
 896 0368 CE       		.byte	-50
 897 0369 60       		.byte	96
 898 036a D0       		.byte	-48
 899 036b E0       		.byte	-32
 900 036c D2       		.byte	-46
 901 036d 38       		.byte	56
 902 036e D6       		.byte	-42
 903 036f 20       		.byte	32
 904 0370 00       		.byte	0
 905 0371 01       		.byte	1
 906 0372 01       		.byte	1
 907 0373 01       		.byte	1
 908 0374 09       		.byte	9
 909 0375 01       		.byte	1
 910 0376 16       		.byte	22
 911 0377 01       		.byte	1
 912 0378 18       		.byte	24
ARM GAS  C:\Users\Martin\AppData\Local\Temp\cc2VSIu0.s 			page 17


 913 0379 01       		.byte	1
 914 037a 19       		.byte	25
 915 037b 01       		.byte	1
 916 037c 1D       		.byte	29
 917 037d 01       		.byte	1
 918 037e 22       		.byte	34
 919 037f 01       		.byte	1
 920 0380 30       		.byte	48
 921 0381 01       		.byte	1
 922 0382 33       		.byte	51
 923 0383 01       		.byte	1
 924 0384 38       		.byte	56
 925 0385 02       		.byte	2
 926 0386 3B       		.byte	59
 927 0387 80       		.byte	-128
 928 0388 3F       		.byte	63
 929 0389 04       		.byte	4
 930 038a 40       		.byte	64
 931 038b 46       		.byte	70
 932 038c 49       		.byte	73
 933 038d FF       		.byte	-1
 934 038e 4A       		.byte	74
 935 038f FF       		.byte	-1
 936 0390 4B       		.byte	75
 937 0391 FF       		.byte	-1
 938 0392 4F       		.byte	79
 939 0393 01       		.byte	1
 940 0394 50       		.byte	80
 941 0395 18       		.byte	24
 942 0396 52       		.byte	82
 943 0397 80       		.byte	-128
 944 0398 58       		.byte	88
 945 0399 04       		.byte	4
 946 039a 59       		.byte	89
 947 039b 04       		.byte	4
 948 039c 5A       		.byte	90
 949 039d 04       		.byte	4
 950 039e 5B       		.byte	91
 951 039f 04       		.byte	4
 952 03a0 5C       		.byte	92
 953 03a1 22       		.byte	34
 954 03a2 5F       		.byte	95
 955 03a3 01       		.byte	1
 956 03a4 60       		.byte	96
 957 03a5 40       		.byte	64
 958 03a6 62       		.byte	98
 959 03a7 40       		.byte	64
 960 03a8 64       		.byte	100
 961 03a9 40       		.byte	64
 962 03aa 65       		.byte	101
 963 03ab 40       		.byte	64
 964 03ac 66       		.byte	102
 965 03ad 80       		.byte	-128
 966 03ae 68       		.byte	104
 967 03af 80       		.byte	-128
 968 03b0 6A       		.byte	106
 969 03b1 80       		.byte	-128
ARM GAS  C:\Users\Martin\AppData\Local\Temp\cc2VSIu0.s 			page 18


 970 03b2 6C       		.byte	108
 971 03b3 80       		.byte	-128
 972 03b4 6E       		.byte	110
 973 03b5 80       		.byte	-128
 974 03b6 80       		.byte	-128
 975 03b7 04       		.byte	4
 976 03b8 81       		.byte	-127
 977 03b9 3E       		.byte	62
 978 03ba 84       		.byte	-124
 979 03bb 06       		.byte	6
 980 03bc 85       		.byte	-123
 981 03bd 30       		.byte	48
 982 03be 88       		.byte	-120
 983 03bf 01       		.byte	1
 984 03c0 89       		.byte	-119
 985 03c1 10       		.byte	16
 986 03c2 8A       		.byte	-118
 987 03c3 06       		.byte	6
 988 03c4 8C       		.byte	-116
 989 03c5 08       		.byte	8
 990 03c6 8D       		.byte	-115
 991 03c7 20       		.byte	32
 992 03c8 92       		.byte	-110
 993 03c9 01       		.byte	1
 994 03ca 93       		.byte	-109
 995 03cb 08       		.byte	8
 996 03cc 97       		.byte	-105
 997 03cd 08       		.byte	8
 998 03ce 98       		.byte	-104
 999 03cf 06       		.byte	6
 1000 03d0 9A       		.byte	-102
 1001 03d1 01       		.byte	1
 1002 03d2 9B       		.byte	-101
 1003 03d3 06       		.byte	6
 1004 03d4 9C       		.byte	-100
 1005 03d5 07       		.byte	7
 1006 03d6 9D       		.byte	-99
 1007 03d7 38       		.byte	56
 1008 03d8 9F       		.byte	-97
 1009 03d9 04       		.byte	4
 1010 03da A0       		.byte	-96
 1011 03db 07       		.byte	7
 1012 03dc A3       		.byte	-93
 1013 03dd 01       		.byte	1
 1014 03de A5       		.byte	-91
 1015 03df 0E       		.byte	14
 1016 03e0 A7       		.byte	-89
 1017 03e1 30       		.byte	48
 1018 03e2 A8       		.byte	-88
 1019 03e3 02       		.byte	2
 1020 03e4 A9       		.byte	-87
 1021 03e5 38       		.byte	56
 1022 03e6 AB       		.byte	-85
 1023 03e7 02       		.byte	2
 1024 03e8 AF       		.byte	-81
 1025 03e9 01       		.byte	1
 1026 03ea B2       		.byte	-78
ARM GAS  C:\Users\Martin\AppData\Local\Temp\cc2VSIu0.s 			page 19


 1027 03eb 07       		.byte	7
 1028 03ec B4       		.byte	-76
 1029 03ed 08       		.byte	8
 1030 03ee B5       		.byte	-75
 1031 03ef 01       		.byte	1
 1032 03f0 B7       		.byte	-73
 1033 03f1 3E       		.byte	62
 1034 03f2 BB       		.byte	-69
 1035 03f3 80       		.byte	-128
 1036 03f4 BE       		.byte	-66
 1037 03f5 10       		.byte	16
 1038 03f6 BF       		.byte	-65
 1039 03f7 10       		.byte	16
 1040 03f8 C0       		.byte	-64
 1041 03f9 46       		.byte	70
 1042 03fa C9       		.byte	-55
 1043 03fb FF       		.byte	-1
 1044 03fc CA       		.byte	-54
 1045 03fd FF       		.byte	-1
 1046 03fe CB       		.byte	-53
 1047 03ff FF       		.byte	-1
 1048 0400 CD       		.byte	-51
 1049 0401 83       		.byte	-125
 1050 0402 CE       		.byte	-50
 1051 0403 03       		.byte	3
 1052 0404 CF       		.byte	-49
 1053 0405 01       		.byte	1
 1054 0406 D0       		.byte	-48
 1055 0407 18       		.byte	24
 1056 0408 D4       		.byte	-44
 1057 0409 01       		.byte	1
 1058 040a D6       		.byte	-42
 1059 040b 04       		.byte	4
 1060 040c D8       		.byte	-40
 1061 040d 04       		.byte	4
 1062 040e D9       		.byte	-39
 1063 040f 04       		.byte	4
 1064 0410 DA       		.byte	-38
 1065 0411 04       		.byte	4
 1066 0412 DB       		.byte	-37
 1067 0413 04       		.byte	4
 1068 0414 DC       		.byte	-36
 1069 0415 22       		.byte	34
 1070 0416 DD       		.byte	-35
 1071 0417 20       		.byte	32
 1072 0418 DF       		.byte	-33
 1073 0419 01       		.byte	1
 1074 041a E0       		.byte	-32
 1075 041b 40       		.byte	64
 1076 041c E2       		.byte	-30
 1077 041d 40       		.byte	64
 1078 041e E4       		.byte	-28
 1079 041f 40       		.byte	64
 1080 0420 E5       		.byte	-27
 1081 0421 40       		.byte	64
 1082 0422 E6       		.byte	-26
 1083 0423 80       		.byte	-128
ARM GAS  C:\Users\Martin\AppData\Local\Temp\cc2VSIu0.s 			page 20


 1084 0424 E8       		.byte	-24
 1085 0425 80       		.byte	-128
 1086 0426 EA       		.byte	-22
 1087 0427 80       		.byte	-128
 1088 0428 EC       		.byte	-20
 1089 0429 80       		.byte	-128
 1090 042a EE       		.byte	-18
 1091 042b 80       		.byte	-128
 1092 042c 00       		.byte	0
 1093 042d 01       		.byte	1
 1094 042e 04       		.byte	4
 1095 042f 04       		.byte	4
 1096 0430 05       		.byte	5
 1097 0431 10       		.byte	16
 1098 0432 06       		.byte	6
 1099 0433 50       		.byte	80
 1100 0434 07       		.byte	7
 1101 0435 02       		.byte	2
 1102 0436 08       		.byte	8
 1103 0437 10       		.byte	16
 1104 0438 0B       		.byte	11
 1105 0439 20       		.byte	32
 1106 043a 0C       		.byte	12
 1107 043b 40       		.byte	64
 1108 043c 0D       		.byte	13
 1109 043d 12       		.byte	18
 1110 043e 12       		.byte	18
 1111 043f 80       		.byte	-128
 1112 0440 15       		.byte	21
 1113 0441 12       		.byte	18
 1114 0442 16       		.byte	22
 1115 0443 04       		.byte	4
 1116 0444 1B       		.byte	27
 1117 0445 02       		.byte	2
 1118 0446 1E       		.byte	30
 1119 0447 08       		.byte	8
 1120 0448 1F       		.byte	31
 1121 0449 04       		.byte	4
 1122 044a 20       		.byte	32
 1123 044b 01       		.byte	1
 1124 044c 23       		.byte	35
 1125 044d 10       		.byte	16
 1126 044e 25       		.byte	37
 1127 044f 20       		.byte	32
 1128 0450 26       		.byte	38
 1129 0451 80       		.byte	-128
 1130 0452 2C       		.byte	44
 1131 0453 10       		.byte	16
 1132 0454 2E       		.byte	46
 1133 0455 22       		.byte	34
 1134 0456 2F       		.byte	47
 1135 0457 02       		.byte	2
 1136 0458 30       		.byte	48
 1137 0459 50       		.byte	80
 1138 045a 31       		.byte	49
 1139 045b 10       		.byte	16
 1140 045c 32       		.byte	50
ARM GAS  C:\Users\Martin\AppData\Local\Temp\cc2VSIu0.s 			page 21


 1141 045d 80       		.byte	-128
 1142 045e 35       		.byte	53
 1143 045f 04       		.byte	4
 1144 0460 36       		.byte	54
 1145 0461 81       		.byte	-127
 1146 0462 37       		.byte	55
 1147 0463 20       		.byte	32
 1148 0464 38       		.byte	56
 1149 0465 03       		.byte	3
 1150 0466 39       		.byte	57
 1151 0467 22       		.byte	34
 1152 0468 3A       		.byte	58
 1153 0469 60       		.byte	96
 1154 046a 3B       		.byte	59
 1155 046b 60       		.byte	96
 1156 046c 3C       		.byte	60
 1157 046d 05       		.byte	5
 1158 046e 3D       		.byte	61
 1159 046f 10       		.byte	16
 1160 0470 3F       		.byte	63
 1161 0471 40       		.byte	64
 1162 0472 42       		.byte	66
 1163 0473 80       		.byte	-128
 1164 0474 46       		.byte	70
 1165 0475 80       		.byte	-128
 1166 0476 48       		.byte	72
 1167 0477 08       		.byte	8
 1168 0478 4C       		.byte	76
 1169 0479 08       		.byte	8
 1170 047a 5C       		.byte	92
 1171 047b 60       		.byte	96
 1172 047c 5D       		.byte	93
 1173 047d 01       		.byte	1
 1174 047e 5E       		.byte	94
 1175 047f 08       		.byte	8
 1176 0480 5F       		.byte	95
 1177 0481 02       		.byte	2
 1178 0482 67       		.byte	103
 1179 0483 80       		.byte	-128
 1180 0484 70       		.byte	112
 1181 0485 02       		.byte	2
 1182 0486 72       		.byte	114
 1183 0487 80       		.byte	-128
 1184 0488 81       		.byte	-127
 1185 0489 02       		.byte	2
 1186 048a 83       		.byte	-125
 1187 048b 20       		.byte	32
 1188 048c 84       		.byte	-124
 1189 048d 21       		.byte	33
 1190 048e 87       		.byte	-121
 1191 048f 40       		.byte	64
 1192 0490 88       		.byte	-120
 1193 0491 04       		.byte	4
 1194 0492 89       		.byte	-119
 1195 0493 20       		.byte	32
 1196 0494 90       		.byte	-112
 1197 0495 40       		.byte	64
ARM GAS  C:\Users\Martin\AppData\Local\Temp\cc2VSIu0.s 			page 22


 1198 0496 91       		.byte	-111
 1199 0497 01       		.byte	1
 1200 0498 93       		.byte	-109
 1201 0499 20       		.byte	32
 1202 049a 94       		.byte	-108
 1203 049b 02       		.byte	2
 1204 049c 97       		.byte	-105
 1205 049d 18       		.byte	24
 1206 049e 99       		.byte	-103
 1207 049f 14       		.byte	20
 1208 04a0 9A       		.byte	-102
 1209 04a1 56       		.byte	86
 1210 04a2 9C       		.byte	-100
 1211 04a3 44       		.byte	68
 1212 04a4 A0       		.byte	-96
 1213 04a5 09       		.byte	9
 1214 04a6 A1       		.byte	-95
 1215 04a7 02       		.byte	2
 1216 04a8 A2       		.byte	-94
 1217 04a9 01       		.byte	1
 1218 04aa A4       		.byte	-92
 1219 04ab 02       		.byte	2
 1220 04ac AC       		.byte	-84
 1221 04ad 84       		.byte	-124
 1222 04ae C0       		.byte	-64
 1223 04af F8       		.byte	-8
 1224 04b0 C2       		.byte	-62
 1225 04b1 D6       		.byte	-42
 1226 04b2 C4       		.byte	-60
 1227 04b3 58       		.byte	88
 1228 04b4 CA       		.byte	-54
 1229 04b5 F0       		.byte	-16
 1230 04b6 CC       		.byte	-52
 1231 04b7 FC       		.byte	-4
 1232 04b8 CE       		.byte	-50
 1233 04b9 F5       		.byte	-11
 1234 04ba D0       		.byte	-48
 1235 04bb 81       		.byte	-127
 1236 04bc D2       		.byte	-46
 1237 04bd 24       		.byte	36
 1238 04be D6       		.byte	-42
 1239 04bf F0       		.byte	-16
 1240 04c0 D8       		.byte	-40
 1241 04c1 80       		.byte	-128
 1242 04c2 00       		.byte	0
 1243 04c3 0F       		.byte	15
 1244 04c4 03       		.byte	3
 1245 04c5 02       		.byte	2
 1246 04c6 04       		.byte	4
 1247 04c7 0C       		.byte	12
 1248 04c8 05       		.byte	5
 1249 04c9 02       		.byte	2
 1250 04ca 08       		.byte	8
 1251 04cb 03       		.byte	3
 1252 04cc 0A       		.byte	10
 1253 04cd 0C       		.byte	12
 1254 04ce 0B       		.byte	11
ARM GAS  C:\Users\Martin\AppData\Local\Temp\cc2VSIu0.s 			page 23


 1255 04cf 02       		.byte	2
 1256 04d0 0C       		.byte	12
 1257 04d1 01       		.byte	1
 1258 04d2 11       		.byte	17
 1259 04d3 02       		.byte	2
 1260 04d4 12       		.byte	18
 1261 04d5 03       		.byte	3
 1262 04d6 14       		.byte	20
 1263 04d7 0F       		.byte	15
 1264 04d8 1C       		.byte	28
 1265 04d9 08       		.byte	8
 1266 04da 1F       		.byte	31
 1267 04db 02       		.byte	2
 1268 04dc 20       		.byte	32
 1269 04dd 0C       		.byte	12
 1270 04de 22       		.byte	34
 1271 04df 03       		.byte	3
 1272 04e0 24       		.byte	36
 1273 04e1 03       		.byte	3
 1274 04e2 27       		.byte	39
 1275 04e3 01       		.byte	1
 1276 04e4 28       		.byte	40
 1277 04e5 04       		.byte	4
 1278 04e6 2B       		.byte	43
 1279 04e7 01       		.byte	1
 1280 04e8 2C       		.byte	44
 1281 04e9 10       		.byte	16
 1282 04ea 2E       		.byte	46
 1283 04eb 02       		.byte	2
 1284 04ec 31       		.byte	49
 1285 04ed 02       		.byte	2
 1286 04ee 32       		.byte	50
 1287 04ef 10       		.byte	16
 1288 04f0 34       		.byte	52
 1289 04f1 0F       		.byte	15
 1290 04f2 37       		.byte	55
 1291 04f3 01       		.byte	1
 1292 04f4 3A       		.byte	58
 1293 04f5 20       		.byte	32
 1294 04f6 3F       		.byte	63
 1295 04f7 41       		.byte	65
 1296 04f8 40       		.byte	64
 1297 04f9 56       		.byte	86
 1298 04fa 49       		.byte	73
 1299 04fb FF       		.byte	-1
 1300 04fc 4A       		.byte	74
 1301 04fd FF       		.byte	-1
 1302 04fe 4B       		.byte	75
 1303 04ff FF       		.byte	-1
 1304 0500 4D       		.byte	77
 1305 0501 83       		.byte	-125
 1306 0502 4E       		.byte	78
 1307 0503 03       		.byte	3
 1308 0504 4F       		.byte	79
 1309 0505 01       		.byte	1
 1310 0506 50       		.byte	80
 1311 0507 18       		.byte	24
ARM GAS  C:\Users\Martin\AppData\Local\Temp\cc2VSIu0.s 			page 24


 1312 0508 58       		.byte	88
 1313 0509 04       		.byte	4
 1314 050a 59       		.byte	89
 1315 050b 04       		.byte	4
 1316 050c 5A       		.byte	90
 1317 050d 04       		.byte	4
 1318 050e 5C       		.byte	92
 1319 050f 02       		.byte	2
 1320 0510 5F       		.byte	95
 1321 0511 01       		.byte	1
 1322 0512 60       		.byte	96
 1323 0513 40       		.byte	64
 1324 0514 62       		.byte	98
 1325 0515 40       		.byte	64
 1326 0516 64       		.byte	100
 1327 0517 40       		.byte	64
 1328 0518 65       		.byte	101
 1329 0519 40       		.byte	64
 1330 051a 66       		.byte	102
 1331 051b 80       		.byte	-128
 1332 051c 68       		.byte	104
 1333 051d 80       		.byte	-128
 1334 051e 6A       		.byte	106
 1335 051f 80       		.byte	-128
 1336 0520 6C       		.byte	108
 1337 0521 80       		.byte	-128
 1338 0522 6E       		.byte	110
 1339 0523 80       		.byte	-128
 1340 0524 85       		.byte	-123
 1341 0525 18       		.byte	24
 1342 0526 87       		.byte	-121
 1343 0527 22       		.byte	34
 1344 0528 88       		.byte	-120
 1345 0529 01       		.byte	1
 1346 052a 8B       		.byte	-117
 1347 052b 06       		.byte	6
 1348 052c 93       		.byte	-109
 1349 052d 20       		.byte	32
 1350 052e 97       		.byte	-105
 1351 052f 01       		.byte	1
 1352 0530 9D       		.byte	-99
 1353 0531 38       		.byte	56
 1354 0532 9F       		.byte	-97
 1355 0533 04       		.byte	4
 1356 0534 A1       		.byte	-95
 1357 0535 20       		.byte	32
 1358 0536 A3       		.byte	-93
 1359 0537 18       		.byte	24
 1360 0538 A5       		.byte	-91
 1361 0539 12       		.byte	18
 1362 053a A7       		.byte	-89
 1363 053b 20       		.byte	32
 1364 053c A9       		.byte	-87
 1365 053d 28       		.byte	40
 1366 053e AF       		.byte	-81
 1367 053f 01       		.byte	1
 1368 0540 B3       		.byte	-77
ARM GAS  C:\Users\Martin\AppData\Local\Temp\cc2VSIu0.s 			page 25


 1369 0541 3E       		.byte	62
 1370 0542 B5       		.byte	-75
 1371 0543 01       		.byte	1
 1372 0544 B6       		.byte	-74
 1373 0545 01       		.byte	1
 1374 0546 BE       		.byte	-66
 1375 0547 40       		.byte	64
 1376 0548 BF       		.byte	-65
 1377 0549 10       		.byte	16
 1378 054a C0       		.byte	-64
 1379 054b 56       		.byte	86
 1380 054c C5       		.byte	-59
 1381 054d EC       		.byte	-20
 1382 054e C7       		.byte	-57
 1383 054f 02       		.byte	2
 1384 0550 C8       		.byte	-56
 1385 0551 13       		.byte	19
 1386 0552 C9       		.byte	-55
 1387 0553 FF       		.byte	-1
 1388 0554 CA       		.byte	-54
 1389 0555 FF       		.byte	-1
 1390 0556 CB       		.byte	-53
 1391 0557 FF       		.byte	-1
 1392 0558 CD       		.byte	-51
 1393 0559 83       		.byte	-125
 1394 055a CE       		.byte	-50
 1395 055b 03       		.byte	3
 1396 055c CF       		.byte	-49
 1397 055d 01       		.byte	1
 1398 055e D0       		.byte	-48
 1399 055f 18       		.byte	24
 1400 0560 D4       		.byte	-44
 1401 0561 01       		.byte	1
 1402 0562 D6       		.byte	-42
 1403 0563 04       		.byte	4
 1404 0564 D8       		.byte	-40
 1405 0565 04       		.byte	4
 1406 0566 D9       		.byte	-39
 1407 0567 04       		.byte	4
 1408 0568 DA       		.byte	-38
 1409 0569 04       		.byte	4
 1410 056a DB       		.byte	-37
 1411 056b 04       		.byte	4
 1412 056c DC       		.byte	-36
 1413 056d 20       		.byte	32
 1414 056e DF       		.byte	-33
 1415 056f 01       		.byte	1
 1416 0570 E0       		.byte	-32
 1417 0571 40       		.byte	64
 1418 0572 E2       		.byte	-30
 1419 0573 40       		.byte	64
 1420 0574 E4       		.byte	-28
 1421 0575 40       		.byte	64
 1422 0576 E5       		.byte	-27
 1423 0577 40       		.byte	64
 1424 0578 E6       		.byte	-26
 1425 0579 80       		.byte	-128
ARM GAS  C:\Users\Martin\AppData\Local\Temp\cc2VSIu0.s 			page 26


 1426 057a E8       		.byte	-24
 1427 057b 80       		.byte	-128
 1428 057c EA       		.byte	-22
 1429 057d 80       		.byte	-128
 1430 057e EC       		.byte	-20
 1431 057f 80       		.byte	-128
 1432 0580 EE       		.byte	-18
 1433 0581 80       		.byte	-128
 1434 0582 00       		.byte	0
 1435 0583 10       		.byte	16
 1436 0584 04       		.byte	4
 1437 0585 02       		.byte	2
 1438 0586 05       		.byte	5
 1439 0587 10       		.byte	16
 1440 0588 06       		.byte	6
 1441 0589 11       		.byte	17
 1442 058a 0A       		.byte	10
 1443 058b 10       		.byte	16
 1444 058c 0B       		.byte	11
 1445 058d 20       		.byte	32
 1446 058e 0C       		.byte	12
 1447 058f 80       		.byte	-128
 1448 0590 0D       		.byte	13
 1449 0591 02       		.byte	2
 1450 0592 0E       		.byte	14
 1451 0593 30       		.byte	48
 1452 0594 14       		.byte	20
 1453 0595 40       		.byte	64
 1454 0596 16       		.byte	22
 1455 0597 04       		.byte	4
 1456 0598 17       		.byte	23
 1457 0599 88       		.byte	-120
 1458 059a 1A       		.byte	26
 1459 059b 02       		.byte	2
 1460 059c 1D       		.byte	29
 1461 059d 14       		.byte	20
 1462 059e 20       		.byte	32
 1463 059f 18       		.byte	24
 1464 05a0 24       		.byte	36
 1465 05a1 40       		.byte	64
 1466 05a2 25       		.byte	37
 1467 05a3 40       		.byte	64
 1468 05a4 29       		.byte	41
 1469 05a5 82       		.byte	-126
 1470 05a6 2B       		.byte	43
 1471 05a7 14       		.byte	20
 1472 05a8 2E       		.byte	46
 1473 05a9 28       		.byte	40
 1474 05aa 2F       		.byte	47
 1475 05ab 04       		.byte	4
 1476 05ac 30       		.byte	48
 1477 05ad 09       		.byte	9
 1478 05ae 31       		.byte	49
 1479 05af 40       		.byte	64
 1480 05b0 34       		.byte	52
 1481 05b1 02       		.byte	2
 1482 05b2 35       		.byte	53
ARM GAS  C:\Users\Martin\AppData\Local\Temp\cc2VSIu0.s 			page 27


 1483 05b3 42       		.byte	66
 1484 05b4 38       		.byte	56
 1485 05b5 10       		.byte	16
 1486 05b6 3B       		.byte	59
 1487 05b7 04       		.byte	4
 1488 05b8 3C       		.byte	60
 1489 05b9 02       		.byte	2
 1490 05ba 3F       		.byte	63
 1491 05bb 24       		.byte	36
 1492 05bc 48       		.byte	72
 1493 05bd 0A       		.byte	10
 1494 05be 49       		.byte	73
 1495 05bf 89       		.byte	-119
 1496 05c0 4C       		.byte	76
 1497 05c1 0A       		.byte	10
 1498 05c2 50       		.byte	80
 1499 05c3 08       		.byte	8
 1500 05c4 58       		.byte	88
 1501 05c5 80       		.byte	-128
 1502 05c6 59       		.byte	89
 1503 05c7 09       		.byte	9
 1504 05c8 63       		.byte	99
 1505 05c9 40       		.byte	64
 1506 05ca 87       		.byte	-121
 1507 05cb 40       		.byte	64
 1508 05cc 91       		.byte	-111
 1509 05cd 01       		.byte	1
 1510 05ce 93       		.byte	-109
 1511 05cf 24       		.byte	36
 1512 05d0 94       		.byte	-108
 1513 05d1 02       		.byte	2
 1514 05d2 96       		.byte	-106
 1515 05d3 02       		.byte	2
 1516 05d4 97       		.byte	-105
 1517 05d5 10       		.byte	16
 1518 05d6 98       		.byte	-104
 1519 05d7 03       		.byte	3
 1520 05d8 99       		.byte	-103
 1521 05d9 40       		.byte	64
 1522 05da 9A       		.byte	-102
 1523 05db 5F       		.byte	95
 1524 05dc 9B       		.byte	-101
 1525 05dd 88       		.byte	-120
 1526 05de 9C       		.byte	-100
 1527 05df 44       		.byte	68
 1528 05e0 9D       		.byte	-99
 1529 05e1 10       		.byte	16
 1530 05e2 9E       		.byte	-98
 1531 05e3 20       		.byte	32
 1532 05e4 A0       		.byte	-96
 1533 05e5 81       		.byte	-127
 1534 05e6 A1       		.byte	-95
 1535 05e7 02       		.byte	2
 1536 05e8 A2       		.byte	-94
 1537 05e9 01       		.byte	1
 1538 05ea A3       		.byte	-93
 1539 05eb 14       		.byte	20
ARM GAS  C:\Users\Martin\AppData\Local\Temp\cc2VSIu0.s 			page 28


 1540 05ec A5       		.byte	-91
 1541 05ed 40       		.byte	64
 1542 05ee A6       		.byte	-90
 1543 05ef 10       		.byte	16
 1544 05f0 A8       		.byte	-88
 1545 05f1 04       		.byte	4
 1546 05f2 A9       		.byte	-87
 1547 05f3 01       		.byte	1
 1548 05f4 C0       		.byte	-64
 1549 05f5 F2       		.byte	-14
 1550 05f6 C2       		.byte	-62
 1551 05f7 B0       		.byte	-80
 1552 05f8 C4       		.byte	-60
 1553 05f9 F0       		.byte	-16
 1554 05fa CA       		.byte	-54
 1555 05fb 6F       		.byte	111
 1556 05fc CC       		.byte	-52
 1557 05fd 9B       		.byte	-101
 1558 05fe CE       		.byte	-50
 1559 05ff E6       		.byte	-26
 1560 0600 D2       		.byte	-46
 1561 0601 3C       		.byte	60
 1562 0602 D6       		.byte	-42
 1563 0603 0B       		.byte	11
 1564 0604 D8       		.byte	-40
 1565 0605 01       		.byte	1
 1566 0606 31       		.byte	49
 1567 0607 20       		.byte	32
 1568 0608 33       		.byte	51
 1569 0609 02       		.byte	2
 1570 060a 36       		.byte	54
 1571 060b 48       		.byte	72
 1572 060c 3B       		.byte	59
 1573 060d 10       		.byte	16
 1574 060e 56       		.byte	86
 1575 060f 08       		.byte	8
 1576 0610 CC       		.byte	-52
 1577 0611 F0       		.byte	-16
 1578 0612 CE       		.byte	-50
 1579 0613 10       		.byte	16
 1580 0614 D4       		.byte	-44
 1581 0615 40       		.byte	64
 1582 0616 32       		.byte	50
 1583 0617 20       		.byte	32
 1584 0618 85       		.byte	-123
 1585 0619 20       		.byte	32
 1586 061a 86       		.byte	-122
 1587 061b 28       		.byte	40
 1588 061c 97       		.byte	-105
 1589 061d 10       		.byte	16
 1590 061e 9E       		.byte	-98
 1591 061f 08       		.byte	8
 1592 0620 A5       		.byte	-91
 1593 0621 20       		.byte	32
 1594 0622 A6       		.byte	-90
 1595 0623 48       		.byte	72
 1596 0624 A7       		.byte	-89
ARM GAS  C:\Users\Martin\AppData\Local\Temp\cc2VSIu0.s 			page 29


 1597 0625 02       		.byte	2
 1598 0626 CC       		.byte	-52
 1599 0627 10       		.byte	16
 1600 0628 E2       		.byte	-30
 1601 0629 10       		.byte	16
 1602 062a E6       		.byte	-26
 1603 062b 40       		.byte	64
 1604 062c 86       		.byte	-122
 1605 062d 08       		.byte	8
 1606 062e 97       		.byte	-105
 1607 062f 10       		.byte	16
 1608 0630 9E       		.byte	-98
 1609 0631 08       		.byte	8
 1610 0632 A6       		.byte	-90
 1611 0633 40       		.byte	64
 1612 0634 A7       		.byte	-89
 1613 0635 02       		.byte	2
 1614 0636 E6       		.byte	-26
 1615 0637 40       		.byte	64
 1616 0638 97       		.byte	-105
 1617 0639 10       		.byte	16
 1618 063a A6       		.byte	-90
 1619 063b 40       		.byte	64
 1620 063c A7       		.byte	-89
 1621 063d 02       		.byte	2
 1622 063e 86       		.byte	-122
 1623 063f 40       		.byte	64
 1624 0640 97       		.byte	-105
 1625 0641 10       		.byte	16
 1626 0642 A6       		.byte	-90
 1627 0643 40       		.byte	64
 1628 0644 A7       		.byte	-89
 1629 0645 02       		.byte	2
 1630 0646 E6       		.byte	-26
 1631 0647 40       		.byte	64
 1632 0648 87       		.byte	-121
 1633 0649 12       		.byte	18
 1634 064a 97       		.byte	-105
 1635 064b 10       		.byte	16
 1636 064c A7       		.byte	-89
 1637 064d 02       		.byte	2
 1638 064e E2       		.byte	-30
 1639 064f 10       		.byte	16
 1640 0650 00       		.byte	0
 1641 0651 06       		.byte	6
 1642 0652 08       		.byte	8
 1643 0653 06       		.byte	6
 1644 0654 0A       		.byte	10
 1645 0655 06       		.byte	6
 1646 0656 10       		.byte	16
 1647 0657 05       		.byte	5
 1648 0658 1A       		.byte	26
 1649 0659 05       		.byte	5
 1650 065a 00       		.byte	0
 1651 065b FF       		.byte	-1
 1652 065c 01       		.byte	1
 1653 065d 0F       		.byte	15
ARM GAS  C:\Users\Martin\AppData\Local\Temp\cc2VSIu0.s 			page 30


 1654 065e 00       		.byte	0
 1655 065f 00       		.byte	0
 1656 0660 0E       		.byte	14
 1657 0661 00       		.byte	0
 1658 0662 00       		.byte	0
 1659 0663 00       		.byte	0
 1660 0664 0C       		.byte	12
 1661 0665 00       		.byte	0
 1662 0666 00       		.byte	0
 1663 0667 40       		.byte	64
 1664 0668 04       		.byte	4
 1665 0669 1C       		.byte	28
 1666 066a 00       		.byte	0
 1667 066b 02       		.byte	2
 1668 066c 00       		.byte	0
 1669 066d 00       		.byte	0
 1670 066e 00       		.byte	0
 1671 066f 00       		.byte	0
 1672 0670 00       		.byte	0
 1673 0671 10       		.byte	16
 1674 0672 02       		.byte	2
 1675 0673 0C       		.byte	12
 1676 0674 0C       		.byte	12
 1677 0675 00       		.byte	0
 1678 0676 02       		.byte	2
 1679 0677 20       		.byte	32
 1680 0678 02       		.byte	2
 1681 0679 00       		.byte	0
 1682 067a 0C       		.byte	12
 1683 067b 10       		.byte	16
 1684 067c 08       		.byte	8
 1685 067d 40       		.byte	64
 1686 067e 00       		.byte	0
 1687 067f 03       		.byte	3
 1688 0680 0C       		.byte	12
 1689 0681 00       		.byte	0
 1690 0682 02       		.byte	2
 1691 0683 00       		.byte	0
 1692 0684 01       		.byte	1
 1693 0685 14       		.byte	20
 1694 0686 00       		.byte	0
 1695 0687 00       		.byte	0
 1696 0688 01       		.byte	1
 1697 0689 09       		.byte	9
 1698 068a 00       		.byte	0
 1699 068b 10       		.byte	16
 1700 068c 01       		.byte	1
 1701 068d 0C       		.byte	12
 1702 068e 00       		.byte	0
 1703 068f 11       		.byte	17
 1704 0690 01       		.byte	1
 1705 0691 1F       		.byte	31
 1706 0692 00       		.byte	0
 1707 0693 60       		.byte	96
 1708 0694 0E       		.byte	14
 1709 0695 00       		.byte	0
 1710 0696 00       		.byte	0
ARM GAS  C:\Users\Martin\AppData\Local\Temp\cc2VSIu0.s 			page 31


 1711 0697 00       		.byte	0
 1712 0698 00       		.byte	0
 1713 0699 00       		.byte	0
 1714 069a 20       		.byte	32
 1715 069b 00       		.byte	0
 1716 069c 00       		.byte	0
 1717 069d 00       		.byte	0
 1718 069e 00       		.byte	0
 1719 069f 04       		.byte	4
 1720 06a0 64       		.byte	100
 1721 06a1 05       		.byte	5
 1722 06a2 03       		.byte	3
 1723 06a3 00       		.byte	0
 1724 06a4 02       		.byte	2
 1725 06a5 00       		.byte	0
 1726 06a6 00       		.byte	0
 1727 06a7 EC       		.byte	-20
 1728 06a8 30       		.byte	48
 1729 06a9 FF       		.byte	-1
 1730 06aa FF       		.byte	-1
 1731 06ab FF       		.byte	-1
 1732 06ac 62       		.byte	98
 1733 06ad A0       		.byte	-96
 1734 06ae F0       		.byte	-16
 1735 06af 41       		.byte	65
 1736 06b0 0C       		.byte	12
 1737 06b1 00       		.byte	0
 1738 06b2 00       		.byte	0
 1739 06b3 00       		.byte	0
 1740 06b4 00       		.byte	0
 1741 06b5 00       		.byte	0
 1742 06b6 02       		.byte	2
 1743 06b7 11       		.byte	17
 1744 06b8 04       		.byte	4
 1745 06b9 04       		.byte	4
 1746 06ba 04       		.byte	4
 1747 06bb 04       		.byte	4
 1748 06bc 12       		.byte	18
 1749 06bd 22       		.byte	34
 1750 06be 00       		.byte	0
 1751 06bf 01       		.byte	1
 1752 06c0 00       		.byte	0
 1753 06c1 00       		.byte	0
 1754 06c2 00       		.byte	0
 1755 06c3 00       		.byte	0
 1756 06c4 00       		.byte	0
 1757 06c5 00       		.byte	0
 1758 06c6 40       		.byte	64
 1759 06c7 02       		.byte	2
 1760 06c8 00       		.byte	0
 1761 06c9 10       		.byte	16
 1762 06ca 30       		.byte	48
 1763 06cb 10       		.byte	16
 1764 06cc 00       		.byte	0
 1765 06cd 10       		.byte	16
 1766 06ce 10       		.byte	16
 1767 06cf 12       		.byte	18
ARM GAS  C:\Users\Martin\AppData\Local\Temp\cc2VSIu0.s 			page 32


 1768 06d0 00       		.byte	0
 1769 06d1 00       		.byte	0
 1770 06d2 00       		.byte	0
 1771 06d3 00       		.byte	0
 1772 06d4 00       		.byte	0
 1773 06d5 00       		.byte	0
 1774 06d6 00       		.byte	0
 1775 06d7 00       		.byte	0
 1776 06d8 00       		.byte	0
 1777 06d9 00       		.byte	0
 1778 06da 00       		.byte	0
 1779 06db 00       		.byte	0
 1780 06dc 00       		.byte	0
 1781 06dd 00       		.byte	0
 1782 06de 00       		.byte	0
 1783 06df 00       		.byte	0
 1784 06e0 00       		.byte	0
 1785 06e1 01       		.byte	1
 1786 06e2 01       		.byte	1
 1787 06e3 00       		.byte	0
 1788 06e4 00       		.byte	0
 1789 06e5 00       		.byte	0
 1790 06e6 00       		.byte	0
 1791 06e7 00       		.byte	0
 1792 06e8 02       		.byte	2
 1793 06e9 00       		.byte	0
 1794 06ea 01       		.byte	1
 1795 06eb 02       		.byte	2
 1796 06ec 02       		.byte	2
 1797 06ed 00       		.byte	0
 1798 06ee 02       		.byte	2
 1799 06ef 00       		.byte	0
 1800 06f0 00       		.byte	0
 1801 06f1 00       		.byte	0
 1802 06f2 00       		.byte	0
 1803 06f3 00       		.byte	0
 1804              		.global	cy_meta_custnvl
 1805              		.section	.cycustnvl,"a",%progbits
 1806              		.align	2
 1807              		.type	cy_meta_custnvl, %object
 1808              		.size	cy_meta_custnvl, 4
 1809              	cy_meta_custnvl:
 1810 0000 00       		.byte	0
 1811 0001 00       		.byte	0
 1812 0002 40       		.byte	64
 1813 0003 05       		.byte	5
 1814              		.global	cy_meta_wonvl
 1815              		.section	.cywolatch,"a",%progbits
 1816              		.align	2
 1817              		.type	cy_meta_wonvl, %object
 1818              		.size	cy_meta_wonvl, 4
 1819              	cy_meta_wonvl:
 1820 0000 BC       		.byte	-68
 1821 0001 90       		.byte	-112
 1822 0002 AC       		.byte	-84
 1823 0003 AF       		.byte	-81
 1824              		.global	cy_meta_flashprotect
ARM GAS  C:\Users\Martin\AppData\Local\Temp\cc2VSIu0.s 			page 33


 1825              		.section	.cyflashprotect,"a",%progbits
 1826              		.align	2
 1827              		.type	cy_meta_flashprotect, %object
 1828              		.size	cy_meta_flashprotect, 256
 1829              	cy_meta_flashprotect:
 1830 0000 00000000 		.space	256
 1830      00000000 
 1830      00000000 
 1830      00000000 
 1830      00000000 
 1831              		.global	cy_metadata
 1832              		.section	.cymeta,"a",%progbits
 1833              		.align	2
 1834              		.type	cy_metadata, %object
 1835              		.size	cy_metadata, 12
 1836              	cy_metadata:
 1837 0000 00       		.byte	0
 1838 0001 01       		.byte	1
 1839 0002 2E       		.byte	46
 1840 0003 12       		.byte	18
 1841 0004 30       		.byte	48
 1842 0005 69       		.byte	105
 1843 0006 00       		.byte	0
 1844 0007 01       		.byte	1
 1845 0008 00       		.byte	0
 1846 0009 00       		.byte	0
 1847 000a 00       		.byte	0
 1848 000b 00       		.byte	0
 1849              		.text
 1850              	.Letext0:
 1851              		.file 1 ".\\Generated_Source\\PSoC5\\cymetadata.c"
 1852              		.file 2 ".\\Generated_Source\\PSoC5\\cytypes.h"
 1853              		.section	.debug_info,"",%progbits
 1854              	.Ldebug_info0:
 1855 0000 3F010000 		.4byte	0x13f
 1856 0004 0200     		.2byte	0x2
 1857 0006 00000000 		.4byte	.Ldebug_abbrev0
 1858 000a 04       		.byte	0x4
 1859 000b 01       		.uleb128 0x1
 1860 000c 42010000 		.4byte	.LASF18
 1861 0010 01       		.byte	0x1
 1862 0011 00000000 		.4byte	.LASF19
 1863 0015 F2000000 		.4byte	.LASF20
 1864 0019 00000000 		.4byte	.Ldebug_line0
 1865 001d 02       		.uleb128 0x2
 1866 001e 01       		.byte	0x1
 1867 001f 06       		.byte	0x6
 1868 0020 94010000 		.4byte	.LASF0
 1869 0024 02       		.uleb128 0x2
 1870 0025 01       		.byte	0x1
 1871 0026 08       		.byte	0x8
 1872 0027 38000000 		.4byte	.LASF1
 1873 002b 02       		.uleb128 0x2
 1874 002c 02       		.byte	0x2
 1875 002d 05       		.byte	0x5
 1876 002e 32010000 		.4byte	.LASF2
 1877 0032 02       		.uleb128 0x2
ARM GAS  C:\Users\Martin\AppData\Local\Temp\cc2VSIu0.s 			page 34


 1878 0033 02       		.byte	0x2
 1879 0034 07       		.byte	0x7
 1880 0035 58000000 		.4byte	.LASF3
 1881 0039 02       		.uleb128 0x2
 1882 003a 04       		.byte	0x4
 1883 003b 05       		.byte	0x5
 1884 003c 8B010000 		.4byte	.LASF4
 1885 0040 02       		.uleb128 0x2
 1886 0041 04       		.byte	0x4
 1887 0042 07       		.byte	0x7
 1888 0043 46000000 		.4byte	.LASF5
 1889 0047 02       		.uleb128 0x2
 1890 0048 08       		.byte	0x8
 1891 0049 05       		.byte	0x5
 1892 004a E4000000 		.4byte	.LASF6
 1893 004e 02       		.uleb128 0x2
 1894 004f 08       		.byte	0x8
 1895 0050 07       		.byte	0x7
 1896 0051 A1000000 		.4byte	.LASF7
 1897 0055 03       		.uleb128 0x3
 1898 0056 04       		.byte	0x4
 1899 0057 05       		.byte	0x5
 1900 0058 696E7400 		.ascii	"int\000"
 1901 005c 02       		.uleb128 0x2
 1902 005d 04       		.byte	0x4
 1903 005e 07       		.byte	0x7
 1904 005f 94000000 		.4byte	.LASF8
 1905 0063 04       		.uleb128 0x4
 1906 0064 3C010000 		.4byte	.LASF21
 1907 0068 02       		.byte	0x2
 1908 0069 5B       		.byte	0x5b
 1909 006a 24000000 		.4byte	0x24
 1910 006e 02       		.uleb128 0x2
 1911 006f 04       		.byte	0x4
 1912 0070 04       		.byte	0x4
 1913 0071 32000000 		.4byte	.LASF9
 1914 0075 02       		.uleb128 0x2
 1915 0076 08       		.byte	0x8
 1916 0077 04       		.byte	0x4
 1917 0078 6B000000 		.4byte	.LASF10
 1918 007c 02       		.uleb128 0x2
 1919 007d 01       		.byte	0x1
 1920 007e 08       		.byte	0x8
 1921 007f 2D010000 		.4byte	.LASF11
 1922 0083 05       		.uleb128 0x5
 1923 0084 63000000 		.4byte	0x63
 1924 0088 94000000 		.4byte	0x94
 1925 008c 06       		.uleb128 0x6
 1926 008d 94000000 		.4byte	0x94
 1927 0091 F306     		.2byte	0x6f3
 1928 0093 00       		.byte	0
 1929 0094 02       		.uleb128 0x2
 1930 0095 04       		.byte	0x4
 1931 0096 07       		.byte	0x7
 1932 0097 DB000000 		.4byte	.LASF12
 1933 009b 07       		.uleb128 0x7
 1934 009c 82000000 		.4byte	.LASF13
ARM GAS  C:\Users\Martin\AppData\Local\Temp\cc2VSIu0.s 			page 35


 1935 00a0 01       		.byte	0x1
 1936 00a1 1C       		.byte	0x1c
 1937 00a2 AD000000 		.4byte	0xad
 1938 00a6 01       		.byte	0x1
 1939 00a7 05       		.byte	0x5
 1940 00a8 03       		.byte	0x3
 1941 00a9 00000000 		.4byte	cy_meta_configecc
 1942 00ad 08       		.uleb128 0x8
 1943 00ae 83000000 		.4byte	0x83
 1944 00b2 05       		.uleb128 0x5
 1945 00b3 63000000 		.4byte	0x63
 1946 00b7 C2000000 		.4byte	0xc2
 1947 00bb 09       		.uleb128 0x9
 1948 00bc 94000000 		.4byte	0x94
 1949 00c0 03       		.byte	0x3
 1950 00c1 00       		.byte	0
 1951 00c2 0A       		.uleb128 0xa
 1952 00c3 72000000 		.4byte	.LASF14
 1953 00c7 01       		.byte	0x1
 1954 00c8 0501     		.2byte	0x105
 1955 00ca D5000000 		.4byte	0xd5
 1956 00ce 01       		.byte	0x1
 1957 00cf 05       		.byte	0x5
 1958 00d0 03       		.byte	0x3
 1959 00d1 00000000 		.4byte	cy_meta_custnvl
 1960 00d5 08       		.uleb128 0x8
 1961 00d6 B2000000 		.4byte	0xb2
 1962 00da 0A       		.uleb128 0xa
 1963 00db CD000000 		.4byte	.LASF15
 1964 00df 01       		.byte	0x1
 1965 00e0 1001     		.2byte	0x110
 1966 00e2 ED000000 		.4byte	0xed
 1967 00e6 01       		.byte	0x1
 1968 00e7 05       		.byte	0x5
 1969 00e8 03       		.byte	0x3
 1970 00e9 00000000 		.4byte	cy_meta_wonvl
 1971 00ed 08       		.uleb128 0x8
 1972 00ee B2000000 		.4byte	0xb2
 1973 00f2 05       		.uleb128 0x5
 1974 00f3 63000000 		.4byte	0x63
 1975 00f7 02010000 		.4byte	0x102
 1976 00fb 09       		.uleb128 0x9
 1977 00fc 94000000 		.4byte	0x94
 1978 0100 FF       		.byte	0xff
 1979 0101 00       		.byte	0
 1980 0102 0A       		.uleb128 0xa
 1981 0103 B8000000 		.4byte	.LASF16
 1982 0107 01       		.byte	0x1
 1983 0108 1B01     		.2byte	0x11b
 1984 010a 15010000 		.4byte	0x115
 1985 010e 01       		.byte	0x1
 1986 010f 05       		.byte	0x5
 1987 0110 03       		.byte	0x3
 1988 0111 00000000 		.4byte	cy_meta_flashprotect
 1989 0115 08       		.uleb128 0x8
 1990 0116 F2000000 		.4byte	0xf2
 1991 011a 05       		.uleb128 0x5
ARM GAS  C:\Users\Martin\AppData\Local\Temp\cc2VSIu0.s 			page 36


 1992 011b 63000000 		.4byte	0x63
 1993 011f 2A010000 		.4byte	0x12a
 1994 0123 09       		.uleb128 0x9
 1995 0124 94000000 		.4byte	0x94
 1996 0128 0B       		.byte	0xb
 1997 0129 00       		.byte	0
 1998 012a 0A       		.uleb128 0xa
 1999 012b 26000000 		.4byte	.LASF17
 2000 012f 01       		.byte	0x1
 2001 0130 4501     		.2byte	0x145
 2002 0132 3D010000 		.4byte	0x13d
 2003 0136 01       		.byte	0x1
 2004 0137 05       		.byte	0x5
 2005 0138 03       		.byte	0x3
 2006 0139 00000000 		.4byte	cy_metadata
 2007 013d 08       		.uleb128 0x8
 2008 013e 1A010000 		.4byte	0x11a
 2009 0142 00       		.byte	0
 2010              		.section	.debug_abbrev,"",%progbits
 2011              	.Ldebug_abbrev0:
 2012 0000 01       		.uleb128 0x1
 2013 0001 11       		.uleb128 0x11
 2014 0002 01       		.byte	0x1
 2015 0003 25       		.uleb128 0x25
 2016 0004 0E       		.uleb128 0xe
 2017 0005 13       		.uleb128 0x13
 2018 0006 0B       		.uleb128 0xb
 2019 0007 03       		.uleb128 0x3
 2020 0008 0E       		.uleb128 0xe
 2021 0009 1B       		.uleb128 0x1b
 2022 000a 0E       		.uleb128 0xe
 2023 000b 10       		.uleb128 0x10
 2024 000c 06       		.uleb128 0x6
 2025 000d 00       		.byte	0
 2026 000e 00       		.byte	0
 2027 000f 02       		.uleb128 0x2
 2028 0010 24       		.uleb128 0x24
 2029 0011 00       		.byte	0
 2030 0012 0B       		.uleb128 0xb
 2031 0013 0B       		.uleb128 0xb
 2032 0014 3E       		.uleb128 0x3e
 2033 0015 0B       		.uleb128 0xb
 2034 0016 03       		.uleb128 0x3
 2035 0017 0E       		.uleb128 0xe
 2036 0018 00       		.byte	0
 2037 0019 00       		.byte	0
 2038 001a 03       		.uleb128 0x3
 2039 001b 24       		.uleb128 0x24
 2040 001c 00       		.byte	0
 2041 001d 0B       		.uleb128 0xb
 2042 001e 0B       		.uleb128 0xb
 2043 001f 3E       		.uleb128 0x3e
 2044 0020 0B       		.uleb128 0xb
 2045 0021 03       		.uleb128 0x3
 2046 0022 08       		.uleb128 0x8
 2047 0023 00       		.byte	0
 2048 0024 00       		.byte	0
ARM GAS  C:\Users\Martin\AppData\Local\Temp\cc2VSIu0.s 			page 37


 2049 0025 04       		.uleb128 0x4
 2050 0026 16       		.uleb128 0x16
 2051 0027 00       		.byte	0
 2052 0028 03       		.uleb128 0x3
 2053 0029 0E       		.uleb128 0xe
 2054 002a 3A       		.uleb128 0x3a
 2055 002b 0B       		.uleb128 0xb
 2056 002c 3B       		.uleb128 0x3b
 2057 002d 0B       		.uleb128 0xb
 2058 002e 49       		.uleb128 0x49
 2059 002f 13       		.uleb128 0x13
 2060 0030 00       		.byte	0
 2061 0031 00       		.byte	0
 2062 0032 05       		.uleb128 0x5
 2063 0033 01       		.uleb128 0x1
 2064 0034 01       		.byte	0x1
 2065 0035 49       		.uleb128 0x49
 2066 0036 13       		.uleb128 0x13
 2067 0037 01       		.uleb128 0x1
 2068 0038 13       		.uleb128 0x13
 2069 0039 00       		.byte	0
 2070 003a 00       		.byte	0
 2071 003b 06       		.uleb128 0x6
 2072 003c 21       		.uleb128 0x21
 2073 003d 00       		.byte	0
 2074 003e 49       		.uleb128 0x49
 2075 003f 13       		.uleb128 0x13
 2076 0040 2F       		.uleb128 0x2f
 2077 0041 05       		.uleb128 0x5
 2078 0042 00       		.byte	0
 2079 0043 00       		.byte	0
 2080 0044 07       		.uleb128 0x7
 2081 0045 34       		.uleb128 0x34
 2082 0046 00       		.byte	0
 2083 0047 03       		.uleb128 0x3
 2084 0048 0E       		.uleb128 0xe
 2085 0049 3A       		.uleb128 0x3a
 2086 004a 0B       		.uleb128 0xb
 2087 004b 3B       		.uleb128 0x3b
 2088 004c 0B       		.uleb128 0xb
 2089 004d 49       		.uleb128 0x49
 2090 004e 13       		.uleb128 0x13
 2091 004f 3F       		.uleb128 0x3f
 2092 0050 0C       		.uleb128 0xc
 2093 0051 02       		.uleb128 0x2
 2094 0052 0A       		.uleb128 0xa
 2095 0053 00       		.byte	0
 2096 0054 00       		.byte	0
 2097 0055 08       		.uleb128 0x8
 2098 0056 26       		.uleb128 0x26
 2099 0057 00       		.byte	0
 2100 0058 49       		.uleb128 0x49
 2101 0059 13       		.uleb128 0x13
 2102 005a 00       		.byte	0
 2103 005b 00       		.byte	0
 2104 005c 09       		.uleb128 0x9
 2105 005d 21       		.uleb128 0x21
ARM GAS  C:\Users\Martin\AppData\Local\Temp\cc2VSIu0.s 			page 38


 2106 005e 00       		.byte	0
 2107 005f 49       		.uleb128 0x49
 2108 0060 13       		.uleb128 0x13
 2109 0061 2F       		.uleb128 0x2f
 2110 0062 0B       		.uleb128 0xb
 2111 0063 00       		.byte	0
 2112 0064 00       		.byte	0
 2113 0065 0A       		.uleb128 0xa
 2114 0066 34       		.uleb128 0x34
 2115 0067 00       		.byte	0
 2116 0068 03       		.uleb128 0x3
 2117 0069 0E       		.uleb128 0xe
 2118 006a 3A       		.uleb128 0x3a
 2119 006b 0B       		.uleb128 0xb
 2120 006c 3B       		.uleb128 0x3b
 2121 006d 05       		.uleb128 0x5
 2122 006e 49       		.uleb128 0x49
 2123 006f 13       		.uleb128 0x13
 2124 0070 3F       		.uleb128 0x3f
 2125 0071 0C       		.uleb128 0xc
 2126 0072 02       		.uleb128 0x2
 2127 0073 0A       		.uleb128 0xa
 2128 0074 00       		.byte	0
 2129 0075 00       		.byte	0
 2130 0076 00       		.byte	0
 2131              		.section	.debug_aranges,"",%progbits
 2132 0000 14000000 		.4byte	0x14
 2133 0004 0200     		.2byte	0x2
 2134 0006 00000000 		.4byte	.Ldebug_info0
 2135 000a 04       		.byte	0x4
 2136 000b 00       		.byte	0
 2137 000c 0000     		.2byte	0
 2138 000e 0000     		.2byte	0
 2139 0010 00000000 		.4byte	0
 2140 0014 00000000 		.4byte	0
 2141              		.section	.debug_line,"",%progbits
 2142              	.Ldebug_line0:
 2143 0000 4F000000 		.section	.debug_str,"MS",%progbits,1
 2143      02004900 
 2143      00000201 
 2143      FB0E0D00 
 2143      01010101 
 2144              	.LASF19:
 2145 0000 2E5C4765 		.ascii	".\\Generated_Source\\PSoC5\\cymetadata.c\000"
 2145      6E657261 
 2145      7465645F 
 2145      536F7572 
 2145      63655C50 
 2146              	.LASF17:
 2147 0026 63795F6D 		.ascii	"cy_metadata\000"
 2147      65746164 
 2147      61746100 
 2148              	.LASF9:
 2149 0032 666C6F61 		.ascii	"float\000"
 2149      7400
 2150              	.LASF1:
 2151 0038 756E7369 		.ascii	"unsigned char\000"
ARM GAS  C:\Users\Martin\AppData\Local\Temp\cc2VSIu0.s 			page 39


 2151      676E6564 
 2151      20636861 
 2151      7200
 2152              	.LASF5:
 2153 0046 6C6F6E67 		.ascii	"long unsigned int\000"
 2153      20756E73 
 2153      69676E65 
 2153      6420696E 
 2153      7400
 2154              	.LASF3:
 2155 0058 73686F72 		.ascii	"short unsigned int\000"
 2155      7420756E 
 2155      7369676E 
 2155      65642069 
 2155      6E7400
 2156              	.LASF10:
 2157 006b 646F7562 		.ascii	"double\000"
 2157      6C6500
 2158              	.LASF14:
 2159 0072 63795F6D 		.ascii	"cy_meta_custnvl\000"
 2159      6574615F 
 2159      63757374 
 2159      6E766C00 
 2160              	.LASF13:
 2161 0082 63795F6D 		.ascii	"cy_meta_configecc\000"
 2161      6574615F 
 2161      636F6E66 
 2161      69676563 
 2161      6300
 2162              	.LASF8:
 2163 0094 756E7369 		.ascii	"unsigned int\000"
 2163      676E6564 
 2163      20696E74 
 2163      00
 2164              	.LASF7:
 2165 00a1 6C6F6E67 		.ascii	"long long unsigned int\000"
 2165      206C6F6E 
 2165      6720756E 
 2165      7369676E 
 2165      65642069 
 2166              	.LASF16:
 2167 00b8 63795F6D 		.ascii	"cy_meta_flashprotect\000"
 2167      6574615F 
 2167      666C6173 
 2167      6870726F 
 2167      74656374 
 2168              	.LASF15:
 2169 00cd 63795F6D 		.ascii	"cy_meta_wonvl\000"
 2169      6574615F 
 2169      776F6E76 
 2169      6C00
 2170              	.LASF12:
 2171 00db 73697A65 		.ascii	"sizetype\000"
 2171      74797065 
 2171      00
 2172              	.LASF6:
 2173 00e4 6C6F6E67 		.ascii	"long long int\000"
ARM GAS  C:\Users\Martin\AppData\Local\Temp\cc2VSIu0.s 			page 40


 2173      206C6F6E 
 2173      6720696E 
 2173      7400
 2174              	.LASF20:
 2175 00f2 583A5C72 		.ascii	"X:\\roboticscode\\trunk\\Servo\\SW\\ServoMotor\\Ser"
 2175      6F626F74 
 2175      69637363 
 2175      6F64655C 
 2175      7472756E 
 2176 011f 766F4D6F 		.ascii	"voMotor.cydsn\000"
 2176      746F722E 
 2176      63796473 
 2176      6E00
 2177              	.LASF11:
 2178 012d 63686172 		.ascii	"char\000"
 2178      00
 2179              	.LASF2:
 2180 0132 73686F72 		.ascii	"short int\000"
 2180      7420696E 
 2180      7400
 2181              	.LASF21:
 2182 013c 75696E74 		.ascii	"uint8\000"
 2182      3800
 2183              	.LASF18:
 2184 0142 474E5520 		.ascii	"GNU C 4.7.3 20130312 (release) [ARM/embedded-4_7-br"
 2184      4320342E 
 2184      372E3320 
 2184      32303133 
 2184      30333132 
 2185 0175 616E6368 		.ascii	"anch revision 196615]\000"
 2185      20726576 
 2185      6973696F 
 2185      6E203139 
 2185      36363135 
 2186              	.LASF4:
 2187 018b 6C6F6E67 		.ascii	"long int\000"
 2187      20696E74 
 2187      00
 2188              	.LASF0:
 2189 0194 7369676E 		.ascii	"signed char\000"
 2189      65642063 
 2189      68617200 
 2190              		.ident	"GCC: (GNU Tools for ARM Embedded Processors) 4.7.3 20130312 (release) [ARM/embedded-4_7-br
