ARM GAS  C:\Users\Martin\AppData\Local\Temp\cck9lzCa.s 			page 1


   1              		.syntax unified
   2              		.cpu cortex-m3
   3              		.fpu softvfp
   4              		.eabi_attribute 20, 1
   5              		.eabi_attribute 21, 1
   6              		.eabi_attribute 23, 3
   7              		.eabi_attribute 24, 1
   8              		.eabi_attribute 25, 1
   9              		.eabi_attribute 26, 1
  10              		.eabi_attribute 30, 6
  11              		.eabi_attribute 34, 1
  12              		.eabi_attribute 18, 4
  13              		.thumb
  14              		.file	"hal.c"
  15              		.text
  16              	.Ltext0:
  17              		.cfi_sections	.debug_frame
  18              		.bss
  19              	HalStatus:
  20 0000 00       		.space	1
  21              	RxCount:
  22 0001 00       		.space	1
  23              	TxCount:
  24 0002 00       		.space	1
  25              		.section	.text.HAL_GetHalStatus,"ax",%progbits
  26              		.align	2
  27              		.global	HAL_GetHalStatus
  28              		.thumb
  29              		.thumb_func
  30              		.type	HAL_GetHalStatus, %function
  31              	HAL_GetHalStatus:
  32              	.LFB56:
  33              		.file 1 ".\\hal.c"
   1:.\hal.c       **** /* Copyright (C) <2014> <Martin Schalk>
   2:.\hal.c       ****  * All rights reserved.
   3:.\hal.c       ****  *
   4:.\hal.c       ****  * This software may be modified and distributed under the terms
   5:.\hal.c       ****  * of the BSD license.  See the LICENSE file for details.
   6:.\hal.c       ****  */
   7:.\hal.c       **** 
   8:.\hal.c       **** #include "global.h"
   9:.\hal.c       **** #include "types.h"
  10:.\hal.c       **** #include "hal.h"
  11:.\hal.c       **** 
  12:.\hal.c       **** 
  13:.\hal.c       **** 
  14:.\hal.c       **** static STATUS HalStatus = HAL_TRANSMISSION_READY;
  15:.\hal.c       **** static uint8 RxCount;
  16:.\hal.c       **** static uint8 TxCount;
  17:.\hal.c       **** 
  18:.\hal.c       **** /*******************************************************/
  19:.\hal.c       **** STATUS HAL_GetHalStatus(void)
  20:.\hal.c       **** {
  34              		.loc 1 20 0
  35              		.cfi_startproc
  36              		@ args = 0, pretend = 0, frame = 0
  37              		@ frame_needed = 1, uses_anonymous_args = 0
ARM GAS  C:\Users\Martin\AppData\Local\Temp\cck9lzCa.s 			page 2


  38              		@ link register save eliminated.
  39 0000 80B4     		push	{r7}
  40              	.LCFI0:
  41              		.cfi_def_cfa_offset 4
  42              		.cfi_offset 7, -4
  43 0002 00AF     		add	r7, sp, #0
  44              	.LCFI1:
  45              		.cfi_def_cfa_register 7
  21:.\hal.c       **** 	return HalStatus;
  46              		.loc 1 21 0
  47 0004 40F20003 		movw	r3, #:lower16:HalStatus
  48 0008 C0F20003 		movt	r3, #:upper16:HalStatus
  49 000c 1B78     		ldrb	r3, [r3, #0]	@ zero_extendqisi2
  22:.\hal.c       **** }
  50              		.loc 1 22 0
  51 000e 1846     		mov	r0, r3
  52 0010 BD46     		mov	sp, r7
  53 0012 80BC     		pop	{r7}
  54 0014 7047     		bx	lr
  55              		.cfi_endproc
  56              	.LFE56:
  57              		.size	HAL_GetHalStatus, .-HAL_GetHalStatus
  58 0016 00BF     		.section	.text.HAL_SetHalStatus,"ax",%progbits
  59              		.align	2
  60              		.global	HAL_SetHalStatus
  61              		.thumb
  62              		.thumb_func
  63              		.type	HAL_SetHalStatus, %function
  64              	HAL_SetHalStatus:
  65              	.LFB57:
  23:.\hal.c       **** 
  24:.\hal.c       **** /*******************************************************/
  25:.\hal.c       **** void HAL_SetHalStatus(STATUS value)
  26:.\hal.c       **** {
  66              		.loc 1 26 0
  67              		.cfi_startproc
  68              		@ args = 0, pretend = 0, frame = 8
  69              		@ frame_needed = 1, uses_anonymous_args = 0
  70              		@ link register save eliminated.
  71 0000 80B4     		push	{r7}
  72              	.LCFI2:
  73              		.cfi_def_cfa_offset 4
  74              		.cfi_offset 7, -4
  75 0002 83B0     		sub	sp, sp, #12
  76              	.LCFI3:
  77              		.cfi_def_cfa_offset 16
  78 0004 00AF     		add	r7, sp, #0
  79              	.LCFI4:
  80              		.cfi_def_cfa_register 7
  81 0006 0346     		mov	r3, r0
  82 0008 FB71     		strb	r3, [r7, #7]
  27:.\hal.c       **** 	HalStatus = value;
  83              		.loc 1 27 0
  84 000a 40F20003 		movw	r3, #:lower16:HalStatus
  85 000e C0F20003 		movt	r3, #:upper16:HalStatus
  86 0012 FA79     		ldrb	r2, [r7, #7]
  87 0014 1A70     		strb	r2, [r3, #0]
ARM GAS  C:\Users\Martin\AppData\Local\Temp\cck9lzCa.s 			page 3


  28:.\hal.c       **** }
  88              		.loc 1 28 0
  89 0016 07F10C07 		add	r7, r7, #12
  90 001a BD46     		mov	sp, r7
  91 001c 80BC     		pop	{r7}
  92 001e 7047     		bx	lr
  93              		.cfi_endproc
  94              	.LFE57:
  95              		.size	HAL_SetHalStatus, .-HAL_SetHalStatus
  96              		.section	.text.isr_rx_routine,"ax",%progbits
  97              		.align	2
  98              		.global	isr_rx_routine
  99              		.thumb
 100              		.thumb_func
 101              		.type	isr_rx_routine, %function
 102              	isr_rx_routine:
 103              	.LFB58:
  29:.\hal.c       **** 
  30:.\hal.c       **** /*******************************************************/
  31:.\hal.c       **** CY_ISR(isr_rx_routine)
  32:.\hal.c       **** {
 104              		.loc 1 32 0
 105              		.cfi_startproc
 106              		@ args = 0, pretend = 0, frame = 0
 107              		@ frame_needed = 1, uses_anonymous_args = 0
 108              		@ link register save eliminated.
 109 0000 80B4     		push	{r7}
 110              	.LCFI5:
 111              		.cfi_def_cfa_offset 4
 112              		.cfi_offset 7, -4
 113 0002 00AF     		add	r7, sp, #0
 114              	.LCFI6:
 115              		.cfi_def_cfa_register 7
  33:.\hal.c       **** 	RxCount++;
 116              		.loc 1 33 0
 117 0004 40F20003 		movw	r3, #:lower16:RxCount
 118 0008 C0F20003 		movt	r3, #:upper16:RxCount
 119 000c 1B78     		ldrb	r3, [r3, #0]	@ zero_extendqisi2
 120 000e 03F10103 		add	r3, r3, #1
 121 0012 DAB2     		uxtb	r2, r3
 122 0014 40F20003 		movw	r3, #:lower16:RxCount
 123 0018 C0F20003 		movt	r3, #:upper16:RxCount
 124 001c 1A70     		strb	r2, [r3, #0]
  34:.\hal.c       **** }
 125              		.loc 1 34 0
 126 001e BD46     		mov	sp, r7
 127 0020 80BC     		pop	{r7}
 128 0022 7047     		bx	lr
 129              		.cfi_endproc
 130              	.LFE58:
 131              		.size	isr_rx_routine, .-isr_rx_routine
 132              		.section	.text.isr_tx_routine,"ax",%progbits
 133              		.align	2
 134              		.global	isr_tx_routine
 135              		.thumb
 136              		.thumb_func
 137              		.type	isr_tx_routine, %function
ARM GAS  C:\Users\Martin\AppData\Local\Temp\cck9lzCa.s 			page 4


 138              	isr_tx_routine:
 139              	.LFB59:
  35:.\hal.c       **** 
  36:.\hal.c       **** /*******************************************************/
  37:.\hal.c       **** CY_ISR(isr_tx_routine)
  38:.\hal.c       **** {
 140              		.loc 1 38 0
 141              		.cfi_startproc
 142              		@ args = 0, pretend = 0, frame = 0
 143              		@ frame_needed = 1, uses_anonymous_args = 0
 144 0000 80B5     		push	{r7, lr}
 145              	.LCFI7:
 146              		.cfi_def_cfa_offset 8
 147              		.cfi_offset 7, -8
 148              		.cfi_offset 14, -4
 149 0002 00AF     		add	r7, sp, #0
 150              	.LCFI8:
 151              		.cfi_def_cfa_register 7
  39:.\hal.c       **** 	TxCount--;
 152              		.loc 1 39 0
 153 0004 40F20003 		movw	r3, #:lower16:TxCount
 154 0008 C0F20003 		movt	r3, #:upper16:TxCount
 155 000c 1B78     		ldrb	r3, [r3, #0]	@ zero_extendqisi2
 156 000e 03F1FF33 		add	r3, r3, #-1
 157 0012 DAB2     		uxtb	r2, r3
 158 0014 40F20003 		movw	r3, #:lower16:TxCount
 159 0018 C0F20003 		movt	r3, #:upper16:TxCount
 160 001c 1A70     		strb	r2, [r3, #0]
  40:.\hal.c       **** 	if ((TxCount == 0) && (HalStatus == HAL_TRANSMISSION_READY))
 161              		.loc 1 40 0
 162 001e 40F20003 		movw	r3, #:lower16:TxCount
 163 0022 C0F20003 		movt	r3, #:upper16:TxCount
 164 0026 1B78     		ldrb	r3, [r3, #0]	@ zero_extendqisi2
 165 0028 002B     		cmp	r3, #0
 166 002a 08D1     		bne	.L5
 167              		.loc 1 40 0 is_stmt 0 discriminator 1
 168 002c 40F20003 		movw	r3, #:lower16:HalStatus
 169 0030 C0F20003 		movt	r3, #:upper16:HalStatus
 170 0034 1B78     		ldrb	r3, [r3, #0]	@ zero_extendqisi2
 171 0036 002B     		cmp	r3, #0
 172 0038 01D1     		bne	.L5
  41:.\hal.c       **** 		UART_EnableRxInt();
 173              		.loc 1 41 0 is_stmt 1
 174 003a FFF7FEFF 		bl	UART_EnableRxInt
 175              	.L5:
  42:.\hal.c       **** }
 176              		.loc 1 42 0
 177 003e 80BD     		pop	{r7, pc}
 178              		.cfi_endproc
 179              	.LFE59:
 180              		.size	isr_tx_routine, .-isr_tx_routine
 181              		.section	.text.HAL_Init,"ax",%progbits
 182              		.align	2
 183              		.global	HAL_Init
 184              		.thumb
 185              		.thumb_func
 186              		.type	HAL_Init, %function
ARM GAS  C:\Users\Martin\AppData\Local\Temp\cck9lzCa.s 			page 5


 187              	HAL_Init:
 188              	.LFB60:
  43:.\hal.c       **** 
  44:.\hal.c       **** /*******************************************************/
  45:.\hal.c       **** STATUS 	HAL_Init(void)
  46:.\hal.c       **** {
 189              		.loc 1 46 0
 190              		.cfi_startproc
 191              		@ args = 0, pretend = 0, frame = 0
 192              		@ frame_needed = 1, uses_anonymous_args = 0
 193 0000 80B5     		push	{r7, lr}
 194              	.LCFI9:
 195              		.cfi_def_cfa_offset 8
 196              		.cfi_offset 7, -8
 197              		.cfi_offset 14, -4
 198 0002 00AF     		add	r7, sp, #0
 199              	.LCFI10:
 200              		.cfi_def_cfa_register 7
  47:.\hal.c       **** 	RxCount = 0;
 201              		.loc 1 47 0
 202 0004 40F20003 		movw	r3, #:lower16:RxCount
 203 0008 C0F20003 		movt	r3, #:upper16:RxCount
 204 000c 4FF00002 		mov	r2, #0
 205 0010 1A70     		strb	r2, [r3, #0]
  48:.\hal.c       **** 	UART_Start();
 206              		.loc 1 48 0
 207 0012 FFF7FEFF 		bl	UART_Start
  49:.\hal.c       **** 	Isr_rx_SetVector(isr_rx_routine);
 208              		.loc 1 49 0
 209 0016 40F20000 		movw	r0, #:lower16:isr_rx_routine
 210 001a C0F20000 		movt	r0, #:upper16:isr_rx_routine
 211 001e FFF7FEFF 		bl	Isr_rx_SetVector
  50:.\hal.c       **** 	Isr_tx_SetVector(isr_tx_routine);
 212              		.loc 1 50 0
 213 0022 40F20000 		movw	r0, #:lower16:isr_tx_routine
 214 0026 C0F20000 		movt	r0, #:upper16:isr_tx_routine
 215 002a FFF7FEFF 		bl	Isr_tx_SetVector
  51:.\hal.c       **** 	Isr_rx_Start();
 216              		.loc 1 51 0
 217 002e FFF7FEFF 		bl	Isr_rx_Start
  52:.\hal.c       **** 	Isr_tx_Start();	
 218              		.loc 1 52 0
 219 0032 FFF7FEFF 		bl	Isr_tx_Start
  53:.\hal.c       **** 	Isr_rx_Enable();
 220              		.loc 1 53 0
 221 0036 FFF7FEFF 		bl	Isr_rx_Enable
  54:.\hal.c       **** 	Isr_tx_Enable();
 222              		.loc 1 54 0
 223 003a FFF7FEFF 		bl	Isr_tx_Enable
  55:.\hal.c       **** 	UART_EnableRxInt();
 224              		.loc 1 55 0
 225 003e FFF7FEFF 		bl	UART_EnableRxInt
  56:.\hal.c       **** 	UART_EnableTxInt();
 226              		.loc 1 56 0
 227 0042 FFF7FEFF 		bl	UART_EnableTxInt
  57:.\hal.c       **** 	
  58:.\hal.c       **** 	return SUCCESS;
ARM GAS  C:\Users\Martin\AppData\Local\Temp\cck9lzCa.s 			page 6


 228              		.loc 1 58 0
 229 0046 4FF00003 		mov	r3, #0
  59:.\hal.c       **** }
 230              		.loc 1 59 0
 231 004a 1846     		mov	r0, r3
 232 004c 80BD     		pop	{r7, pc}
 233              		.cfi_endproc
 234              	.LFE60:
 235              		.size	HAL_Init, .-HAL_Init
 236 004e 00BF     		.section	.text.HAL_GetRxIsrCount,"ax",%progbits
 237              		.align	2
 238              		.global	HAL_GetRxIsrCount
 239              		.thumb
 240              		.thumb_func
 241              		.type	HAL_GetRxIsrCount, %function
 242              	HAL_GetRxIsrCount:
 243              	.LFB61:
  60:.\hal.c       **** 
  61:.\hal.c       **** /*******************************************************/
  62:.\hal.c       **** uint8 	HAL_GetRxIsrCount()
  63:.\hal.c       **** {
 244              		.loc 1 63 0
 245              		.cfi_startproc
 246              		@ args = 0, pretend = 0, frame = 0
 247              		@ frame_needed = 1, uses_anonymous_args = 0
 248              		@ link register save eliminated.
 249 0000 80B4     		push	{r7}
 250              	.LCFI11:
 251              		.cfi_def_cfa_offset 4
 252              		.cfi_offset 7, -4
 253 0002 00AF     		add	r7, sp, #0
 254              	.LCFI12:
 255              		.cfi_def_cfa_register 7
  64:.\hal.c       **** 	return RxCount;
 256              		.loc 1 64 0
 257 0004 40F20003 		movw	r3, #:lower16:RxCount
 258 0008 C0F20003 		movt	r3, #:upper16:RxCount
 259 000c 1B78     		ldrb	r3, [r3, #0]	@ zero_extendqisi2
  65:.\hal.c       **** }
 260              		.loc 1 65 0
 261 000e 1846     		mov	r0, r3
 262 0010 BD46     		mov	sp, r7
 263 0012 80BC     		pop	{r7}
 264 0014 7047     		bx	lr
 265              		.cfi_endproc
 266              	.LFE61:
 267              		.size	HAL_GetRxIsrCount, .-HAL_GetRxIsrCount
 268 0016 00BF     		.section	.text.HAL_GetRxBufferCount,"ax",%progbits
 269              		.align	2
 270              		.global	HAL_GetRxBufferCount
 271              		.thumb
 272              		.thumb_func
 273              		.type	HAL_GetRxBufferCount, %function
 274              	HAL_GetRxBufferCount:
 275              	.LFB62:
  66:.\hal.c       **** 
  67:.\hal.c       **** /*******************************************************/
ARM GAS  C:\Users\Martin\AppData\Local\Temp\cck9lzCa.s 			page 7


  68:.\hal.c       **** uint8 	HAL_GetRxBufferCount()
  69:.\hal.c       **** {
 276              		.loc 1 69 0
 277              		.cfi_startproc
 278              		@ args = 0, pretend = 0, frame = 0
 279              		@ frame_needed = 1, uses_anonymous_args = 0
 280 0000 80B5     		push	{r7, lr}
 281              	.LCFI13:
 282              		.cfi_def_cfa_offset 8
 283              		.cfi_offset 7, -8
 284              		.cfi_offset 14, -4
 285 0002 00AF     		add	r7, sp, #0
 286              	.LCFI14:
 287              		.cfi_def_cfa_register 7
  70:.\hal.c       **** 	return UART_GetRxBufferSize();
 288              		.loc 1 70 0
 289 0004 FFF7FEFF 		bl	UART_GetRxBufferSize
 290 0008 0346     		mov	r3, r0
  71:.\hal.c       **** }
 291              		.loc 1 71 0
 292 000a 1846     		mov	r0, r3
 293 000c 80BD     		pop	{r7, pc}
 294              		.cfi_endproc
 295              	.LFE62:
 296              		.size	HAL_GetRxBufferCount, .-HAL_GetRxBufferCount
 297 000e 00BF     		.section	.text.HAL_GetByte,"ax",%progbits
 298              		.align	2
 299              		.global	HAL_GetByte
 300              		.thumb
 301              		.thumb_func
 302              		.type	HAL_GetByte, %function
 303              	HAL_GetByte:
 304              	.LFB63:
  72:.\hal.c       **** 
  73:.\hal.c       **** 
  74:.\hal.c       **** /* check, if FIFO has data available.*/
  75:.\hal.c       **** 	//if ((UART_ReadRxStatus() & UART_RX_STS_FIFO_NOTEMPTY) == UART_RX_STS_FIFO_NOTEMPTY)
  76:.\hal.c       **** /*******************************************************/
  77:.\hal.c       **** uint8 	HAL_GetByte()
  78:.\hal.c       **** {
 305              		.loc 1 78 0
 306              		.cfi_startproc
 307              		@ args = 0, pretend = 0, frame = 8
 308              		@ frame_needed = 1, uses_anonymous_args = 0
 309 0000 80B5     		push	{r7, lr}
 310              	.LCFI15:
 311              		.cfi_def_cfa_offset 8
 312              		.cfi_offset 7, -8
 313              		.cfi_offset 14, -4
 314 0002 82B0     		sub	sp, sp, #8
 315              	.LCFI16:
 316              		.cfi_def_cfa_offset 16
 317 0004 00AF     		add	r7, sp, #0
 318              	.LCFI17:
 319              		.cfi_def_cfa_register 7
  79:.\hal.c       **** 	uint8 value;
  80:.\hal.c       **** 	
ARM GAS  C:\Users\Martin\AppData\Local\Temp\cck9lzCa.s 			page 8


  81:.\hal.c       **** 	UART_DisableRxInt();
 320              		.loc 1 81 0
 321 0006 FFF7FEFF 		bl	UART_DisableRxInt
  82:.\hal.c       **** 	
  83:.\hal.c       **** 	/* chech if data available */
  84:.\hal.c       **** 	if (UART_GetRxBufferSize > 0)
  85:.\hal.c       **** 	{
  86:.\hal.c       **** 		value = UART_ReadRxData();
 322              		.loc 1 86 0
 323 000a FFF7FEFF 		bl	UART_ReadRxData
 324 000e 0346     		mov	r3, r0
 325 0010 FB71     		strb	r3, [r7, #7]
  87:.\hal.c       **** 		RxCount--;
 326              		.loc 1 87 0
 327 0012 40F20003 		movw	r3, #:lower16:RxCount
 328 0016 C0F20003 		movt	r3, #:upper16:RxCount
 329 001a 1B78     		ldrb	r3, [r3, #0]	@ zero_extendqisi2
 330 001c 03F1FF33 		add	r3, r3, #-1
 331 0020 DAB2     		uxtb	r2, r3
 332 0022 40F20003 		movw	r3, #:lower16:RxCount
 333 0026 C0F20003 		movt	r3, #:upper16:RxCount
 334 002a 1A70     		strb	r2, [r3, #0]
  88:.\hal.c       **** 	}
  89:.\hal.c       **** 	else
  90:.\hal.c       **** 	{
  91:.\hal.c       **** 		value = 0;
  92:.\hal.c       **** 	}
  93:.\hal.c       **** 
  94:.\hal.c       **** 	UART_EnableRxInt();
 335              		.loc 1 94 0
 336 002c FFF7FEFF 		bl	UART_EnableRxInt
  95:.\hal.c       **** 	
  96:.\hal.c       **** 	return value;
 337              		.loc 1 96 0
 338 0030 FB79     		ldrb	r3, [r7, #7]	@ zero_extendqisi2
  97:.\hal.c       **** }
 339              		.loc 1 97 0
 340 0032 1846     		mov	r0, r3
 341 0034 07F10807 		add	r7, r7, #8
 342 0038 BD46     		mov	sp, r7
 343 003a 80BD     		pop	{r7, pc}
 344              		.cfi_endproc
 345              	.LFE63:
 346              		.size	HAL_GetByte, .-HAL_GetByte
 347              		.section	.text.HAL_TransmitByte,"ax",%progbits
 348              		.align	2
 349              		.global	HAL_TransmitByte
 350              		.thumb
 351              		.thumb_func
 352              		.type	HAL_TransmitByte, %function
 353              	HAL_TransmitByte:
 354              	.LFB64:
  98:.\hal.c       **** 
  99:.\hal.c       **** /*******************************************************/
 100:.\hal.c       **** STATUS 	HAL_TransmitByte(uint8 value)
 101:.\hal.c       **** {
 355              		.loc 1 101 0
ARM GAS  C:\Users\Martin\AppData\Local\Temp\cck9lzCa.s 			page 9


 356              		.cfi_startproc
 357              		@ args = 0, pretend = 0, frame = 8
 358              		@ frame_needed = 1, uses_anonymous_args = 0
 359 0000 80B5     		push	{r7, lr}
 360              	.LCFI18:
 361              		.cfi_def_cfa_offset 8
 362              		.cfi_offset 7, -8
 363              		.cfi_offset 14, -4
 364 0002 82B0     		sub	sp, sp, #8
 365              	.LCFI19:
 366              		.cfi_def_cfa_offset 16
 367 0004 00AF     		add	r7, sp, #0
 368              	.LCFI20:
 369              		.cfi_def_cfa_register 7
 370 0006 0346     		mov	r3, r0
 371 0008 FB71     		strb	r3, [r7, #7]
 102:.\hal.c       **** 	UART_DisableRxInt();
 372              		.loc 1 102 0
 373 000a FFF7FEFF 		bl	UART_DisableRxInt
 103:.\hal.c       **** 	HalStatus = HAL_TRANSMISSION_BUSY;
 374              		.loc 1 103 0
 375 000e 40F20003 		movw	r3, #:lower16:HalStatus
 376 0012 C0F20003 		movt	r3, #:upper16:HalStatus
 377 0016 4FF00102 		mov	r2, #1
 378 001a 1A70     		strb	r2, [r3, #0]
 104:.\hal.c       **** 	
 105:.\hal.c       **** 	/* wait until uart read to transmitted */
 106:.\hal.c       **** 	while (UART_ReadTxStatus() != UART_TX_STS_COMPLETE)
 379              		.loc 1 106 0
 380 001c 00BF     		nop
 381              	.L16:
 382              		.loc 1 106 0 is_stmt 0 discriminator 1
 383 001e FFF7FEFF 		bl	UART_ReadTxStatus
 384 0022 0346     		mov	r3, r0
 385 0024 012B     		cmp	r3, #1
 386 0026 FAD1     		bne	.L16
 107:.\hal.c       **** 	;
 108:.\hal.c       **** 	TxCount++;
 387              		.loc 1 108 0 is_stmt 1
 388 0028 40F20003 		movw	r3, #:lower16:TxCount
 389 002c C0F20003 		movt	r3, #:upper16:TxCount
 390 0030 1B78     		ldrb	r3, [r3, #0]	@ zero_extendqisi2
 391 0032 03F10103 		add	r3, r3, #1
 392 0036 DAB2     		uxtb	r2, r3
 393 0038 40F20003 		movw	r3, #:lower16:TxCount
 394 003c C0F20003 		movt	r3, #:upper16:TxCount
 395 0040 1A70     		strb	r2, [r3, #0]
 109:.\hal.c       **** 	UART_WriteTxData(value);
 396              		.loc 1 109 0
 397 0042 FB79     		ldrb	r3, [r7, #7]	@ zero_extendqisi2
 398 0044 1846     		mov	r0, r3
 399 0046 FFF7FEFF 		bl	UART_WriteTxData
 110:.\hal.c       **** 	
 111:.\hal.c       **** 	HalStatus = HAL_TRANSMISSION_READY;
 400              		.loc 1 111 0
 401 004a 40F20003 		movw	r3, #:lower16:HalStatus
 402 004e C0F20003 		movt	r3, #:upper16:HalStatus
ARM GAS  C:\Users\Martin\AppData\Local\Temp\cck9lzCa.s 			page 10


 403 0052 4FF00002 		mov	r2, #0
 404 0056 1A70     		strb	r2, [r3, #0]
 112:.\hal.c       **** 	
 113:.\hal.c       **** 	return SUCCESS;
 405              		.loc 1 113 0
 406 0058 4FF00003 		mov	r3, #0
 114:.\hal.c       **** }
 407              		.loc 1 114 0
 408 005c 1846     		mov	r0, r3
 409 005e 07F10807 		add	r7, r7, #8
 410 0062 BD46     		mov	sp, r7
 411 0064 80BD     		pop	{r7, pc}
 412              		.cfi_endproc
 413              	.LFE64:
 414              		.size	HAL_TransmitByte, .-HAL_TransmitByte
 415 0066 00BF     		.section	.text.HAL_TransmitArray,"ax",%progbits
 416              		.align	2
 417              		.global	HAL_TransmitArray
 418              		.thumb
 419              		.thumb_func
 420              		.type	HAL_TransmitArray, %function
 421              	HAL_TransmitArray:
 422              	.LFB65:
 115:.\hal.c       **** 
 116:.\hal.c       **** /*******************************************************/
 117:.\hal.c       **** STATUS 	HAL_TransmitArray(const uint8* source, uint8 numBytes)
 118:.\hal.c       **** {
 423              		.loc 1 118 0
 424              		.cfi_startproc
 425              		@ args = 0, pretend = 0, frame = 8
 426              		@ frame_needed = 1, uses_anonymous_args = 0
 427 0000 80B5     		push	{r7, lr}
 428              	.LCFI21:
 429              		.cfi_def_cfa_offset 8
 430              		.cfi_offset 7, -8
 431              		.cfi_offset 14, -4
 432 0002 82B0     		sub	sp, sp, #8
 433              	.LCFI22:
 434              		.cfi_def_cfa_offset 16
 435 0004 00AF     		add	r7, sp, #0
 436              	.LCFI23:
 437              		.cfi_def_cfa_register 7
 438 0006 7860     		str	r0, [r7, #4]
 439 0008 0B46     		mov	r3, r1
 440 000a FB70     		strb	r3, [r7, #3]
 119:.\hal.c       **** 	UART_DisableRxInt();
 441              		.loc 1 119 0
 442 000c FFF7FEFF 		bl	UART_DisableRxInt
 120:.\hal.c       **** 	HalStatus = HAL_TRANSMISSION_BUSY;
 443              		.loc 1 120 0
 444 0010 40F20003 		movw	r3, #:lower16:HalStatus
 445 0014 C0F20003 		movt	r3, #:upper16:HalStatus
 446 0018 4FF00102 		mov	r2, #1
 447 001c 1A70     		strb	r2, [r3, #0]
 121:.\hal.c       **** 	TxCount += numBytes;
 448              		.loc 1 121 0
 449 001e 40F20003 		movw	r3, #:lower16:TxCount
ARM GAS  C:\Users\Martin\AppData\Local\Temp\cck9lzCa.s 			page 11


 450 0022 C0F20003 		movt	r3, #:upper16:TxCount
 451 0026 1A78     		ldrb	r2, [r3, #0]	@ zero_extendqisi2
 452 0028 FB78     		ldrb	r3, [r7, #3]
 453 002a D318     		adds	r3, r2, r3
 454 002c DAB2     		uxtb	r2, r3
 455 002e 40F20003 		movw	r3, #:lower16:TxCount
 456 0032 C0F20003 		movt	r3, #:upper16:TxCount
 457 0036 1A70     		strb	r2, [r3, #0]
 122:.\hal.c       **** 	UART_PutArray(source, numBytes); //function can be interrupted by <isr_tx_routine>
 458              		.loc 1 122 0
 459 0038 FB78     		ldrb	r3, [r7, #3]	@ zero_extendqisi2
 460 003a 7868     		ldr	r0, [r7, #4]
 461 003c 1946     		mov	r1, r3
 462 003e FFF7FEFF 		bl	UART_PutArray
 123:.\hal.c       **** 	HalStatus = HAL_TRANSMISSION_READY;
 463              		.loc 1 123 0
 464 0042 40F20003 		movw	r3, #:lower16:HalStatus
 465 0046 C0F20003 		movt	r3, #:upper16:HalStatus
 466 004a 4FF00002 		mov	r2, #0
 467 004e 1A70     		strb	r2, [r3, #0]
 124:.\hal.c       **** 	// UART_EnableRxInt(); => done in <isr_tx_routine> if last byte transmitted
 125:.\hal.c       **** 	return SUCCESS;
 468              		.loc 1 125 0
 469 0050 4FF00003 		mov	r3, #0
 126:.\hal.c       **** }
 470              		.loc 1 126 0
 471 0054 1846     		mov	r0, r3
 472 0056 07F10807 		add	r7, r7, #8
 473 005a BD46     		mov	sp, r7
 474 005c 80BD     		pop	{r7, pc}
 475              		.cfi_endproc
 476              	.LFE65:
 477              		.size	HAL_TransmitArray, .-HAL_TransmitArray
 478 005e 00BF     		.text
 479              	.Letext0:
 480              		.file 2 "c:\\program files (x86)\\cypress\\psoc creator\\3.0\\psoc creator\\import\\gnu_cs\\arm\\4
 481              		.file 3 "./Generated_Source/PSoC5/cytypes.h"
 482              		.file 4 "./Generated_Source/PSoC5/core_cm3.h"
 483              		.section	.debug_info,"",%progbits
 484              	.Ldebug_info0:
 485 0000 3E020000 		.4byte	0x23e
 486 0004 0200     		.2byte	0x2
 487 0006 00000000 		.4byte	.Ldebug_abbrev0
 488 000a 04       		.byte	0x4
 489 000b 01       		.uleb128 0x1
 490 000c 77010000 		.4byte	.LASF31
 491 0010 01       		.byte	0x1
 492 0011 6F010000 		.4byte	.LASF32
 493 0015 4D000000 		.4byte	.LASF33
 494 0019 00000000 		.4byte	.Ldebug_ranges0+0
 495 001d 00000000 		.4byte	0
 496 0021 00000000 		.4byte	0
 497 0025 00000000 		.4byte	.Ldebug_line0
 498 0029 02       		.uleb128 0x2
 499 002a 01       		.byte	0x1
 500 002b 06       		.byte	0x6
 501 002c 41000000 		.4byte	.LASF0
ARM GAS  C:\Users\Martin\AppData\Local\Temp\cck9lzCa.s 			page 12


 502 0030 02       		.uleb128 0x2
 503 0031 01       		.byte	0x1
 504 0032 08       		.byte	0x8
 505 0033 DB000000 		.4byte	.LASF1
 506 0037 02       		.uleb128 0x2
 507 0038 02       		.byte	0x2
 508 0039 05       		.byte	0x5
 509 003a 65010000 		.4byte	.LASF2
 510 003e 02       		.uleb128 0x2
 511 003f 02       		.byte	0x2
 512 0040 07       		.byte	0x7
 513 0041 AC000000 		.4byte	.LASF3
 514 0045 03       		.uleb128 0x3
 515 0046 21000000 		.4byte	.LASF9
 516 004a 02       		.byte	0x2
 517 004b 4F       		.byte	0x4f
 518 004c 50000000 		.4byte	0x50
 519 0050 02       		.uleb128 0x2
 520 0051 04       		.byte	0x4
 521 0052 05       		.byte	0x5
 522 0053 12000000 		.4byte	.LASF4
 523 0057 02       		.uleb128 0x2
 524 0058 04       		.byte	0x4
 525 0059 07       		.byte	0x7
 526 005a 88000000 		.4byte	.LASF5
 527 005e 02       		.uleb128 0x2
 528 005f 08       		.byte	0x8
 529 0060 05       		.byte	0x5
 530 0061 4A010000 		.4byte	.LASF6
 531 0065 02       		.uleb128 0x2
 532 0066 08       		.byte	0x8
 533 0067 07       		.byte	0x7
 534 0068 FD000000 		.4byte	.LASF7
 535 006c 04       		.uleb128 0x4
 536 006d 04       		.byte	0x4
 537 006e 05       		.byte	0x5
 538 006f 696E7400 		.ascii	"int\000"
 539 0073 02       		.uleb128 0x2
 540 0074 04       		.byte	0x4
 541 0075 07       		.byte	0x7
 542 0076 F0000000 		.4byte	.LASF8
 543 007a 03       		.uleb128 0x3
 544 007b 1B000000 		.4byte	.LASF10
 545 007f 03       		.byte	0x3
 546 0080 5B       		.byte	0x5b
 547 0081 30000000 		.4byte	0x30
 548 0085 02       		.uleb128 0x2
 549 0086 04       		.byte	0x4
 550 0087 04       		.byte	0x4
 551 0088 3B000000 		.4byte	.LASF11
 552 008c 02       		.uleb128 0x2
 553 008d 08       		.byte	0x8
 554 008e 04       		.byte	0x4
 555 008f E9000000 		.4byte	.LASF12
 556 0093 02       		.uleb128 0x2
 557 0094 01       		.byte	0x1
 558 0095 08       		.byte	0x8
ARM GAS  C:\Users\Martin\AppData\Local\Temp\cck9lzCa.s 			page 13


 559 0096 60010000 		.4byte	.LASF13
 560 009a 02       		.uleb128 0x2
 561 009b 04       		.byte	0x4
 562 009c 07       		.byte	0x7
 563 009d 41010000 		.4byte	.LASF14
 564 00a1 05       		.uleb128 0x5
 565 00a2 01       		.byte	0x1
 566 00a3 D3010000 		.4byte	.LASF17
 567 00a7 01       		.byte	0x1
 568 00a8 13       		.byte	0x13
 569 00a9 01       		.byte	0x1
 570 00aa 7A000000 		.4byte	0x7a
 571 00ae 00000000 		.4byte	.LFB56
 572 00b2 16000000 		.4byte	.LFE56
 573 00b6 00000000 		.4byte	.LLST0
 574 00ba 01       		.byte	0x1
 575 00bb 06       		.uleb128 0x6
 576 00bc 01       		.byte	0x1
 577 00bd 04020000 		.4byte	.LASF21
 578 00c1 01       		.byte	0x1
 579 00c2 19       		.byte	0x19
 580 00c3 01       		.byte	0x1
 581 00c4 00000000 		.4byte	.LFB57
 582 00c8 20000000 		.4byte	.LFE57
 583 00cc 2C000000 		.4byte	.LLST1
 584 00d0 01       		.byte	0x1
 585 00d1 E4000000 		.4byte	0xe4
 586 00d5 07       		.uleb128 0x7
 587 00d6 0C000000 		.4byte	.LASF23
 588 00da 01       		.byte	0x1
 589 00db 19       		.byte	0x19
 590 00dc 7A000000 		.4byte	0x7a
 591 00e0 02       		.byte	0x2
 592 00e1 91       		.byte	0x91
 593 00e2 77       		.sleb128 -9
 594 00e3 00       		.byte	0
 595 00e4 08       		.uleb128 0x8
 596 00e5 01       		.byte	0x1
 597 00e6 32010000 		.4byte	.LASF15
 598 00ea 01       		.byte	0x1
 599 00eb 1F       		.byte	0x1f
 600 00ec 01       		.byte	0x1
 601 00ed 00000000 		.4byte	.LFB58
 602 00f1 24000000 		.4byte	.LFE58
 603 00f5 64000000 		.4byte	.LLST2
 604 00f9 01       		.byte	0x1
 605 00fa 09       		.uleb128 0x9
 606 00fb 01       		.byte	0x1
 607 00fc BF000000 		.4byte	.LASF16
 608 0100 01       		.byte	0x1
 609 0101 25       		.byte	0x25
 610 0102 01       		.byte	0x1
 611 0103 00000000 		.4byte	.LFB59
 612 0107 40000000 		.4byte	.LFE59
 613 010b 90000000 		.4byte	.LLST3
 614 010f 01       		.byte	0x1
 615 0110 0A       		.uleb128 0xa
ARM GAS  C:\Users\Martin\AppData\Local\Temp\cck9lzCa.s 			page 14


 616 0111 01       		.byte	0x1
 617 0112 C0010000 		.4byte	.LASF18
 618 0116 01       		.byte	0x1
 619 0117 2D       		.byte	0x2d
 620 0118 01       		.byte	0x1
 621 0119 7A000000 		.4byte	0x7a
 622 011d 00000000 		.4byte	.LFB60
 623 0121 4E000000 		.4byte	.LFE60
 624 0125 BC000000 		.4byte	.LLST4
 625 0129 01       		.byte	0x1
 626 012a 0B       		.uleb128 0xb
 627 012b 01       		.byte	0x1
 628 012c 9A000000 		.4byte	.LASF19
 629 0130 01       		.byte	0x1
 630 0131 3E       		.byte	0x3e
 631 0132 7A000000 		.4byte	0x7a
 632 0136 00000000 		.4byte	.LFB61
 633 013a 16000000 		.4byte	.LFE61
 634 013e E8000000 		.4byte	.LLST5
 635 0142 01       		.byte	0x1
 636 0143 0C       		.uleb128 0xc
 637 0144 01       		.byte	0x1
 638 0145 14010000 		.4byte	.LASF20
 639 0149 01       		.byte	0x1
 640 014a 44       		.byte	0x44
 641 014b 7A000000 		.4byte	0x7a
 642 014f 00000000 		.4byte	.LFB62
 643 0153 0E000000 		.4byte	.LFE62
 644 0157 14010000 		.4byte	.LLST6
 645 015b 01       		.byte	0x1
 646 015c 0D       		.uleb128 0xd
 647 015d 01       		.byte	0x1
 648 015e 00000000 		.4byte	.LASF22
 649 0162 01       		.byte	0x1
 650 0163 4D       		.byte	0x4d
 651 0164 7A000000 		.4byte	0x7a
 652 0168 00000000 		.4byte	.LFB63
 653 016c 3C000000 		.4byte	.LFE63
 654 0170 40010000 		.4byte	.LLST7
 655 0174 01       		.byte	0x1
 656 0175 88010000 		.4byte	0x188
 657 0179 0E       		.uleb128 0xe
 658 017a 0C000000 		.4byte	.LASF23
 659 017e 01       		.byte	0x1
 660 017f 4F       		.byte	0x4f
 661 0180 7A000000 		.4byte	0x7a
 662 0184 02       		.byte	0x2
 663 0185 91       		.byte	0x91
 664 0186 77       		.sleb128 -9
 665 0187 00       		.byte	0
 666 0188 0F       		.uleb128 0xf
 667 0189 01       		.byte	0x1
 668 018a E4010000 		.4byte	.LASF24
 669 018e 01       		.byte	0x1
 670 018f 64       		.byte	0x64
 671 0190 01       		.byte	0x1
 672 0191 7A000000 		.4byte	0x7a
ARM GAS  C:\Users\Martin\AppData\Local\Temp\cck9lzCa.s 			page 15


 673 0195 00000000 		.4byte	.LFB64
 674 0199 66000000 		.4byte	.LFE64
 675 019d 78010000 		.4byte	.LLST8
 676 01a1 01       		.byte	0x1
 677 01a2 B5010000 		.4byte	0x1b5
 678 01a6 07       		.uleb128 0x7
 679 01a7 0C000000 		.4byte	.LASF23
 680 01ab 01       		.byte	0x1
 681 01ac 64       		.byte	0x64
 682 01ad 7A000000 		.4byte	0x7a
 683 01b1 02       		.byte	0x2
 684 01b2 91       		.byte	0x91
 685 01b3 77       		.sleb128 -9
 686 01b4 00       		.byte	0
 687 01b5 0F       		.uleb128 0xf
 688 01b6 01       		.byte	0x1
 689 01b7 29000000 		.4byte	.LASF25
 690 01bb 01       		.byte	0x1
 691 01bc 75       		.byte	0x75
 692 01bd 01       		.byte	0x1
 693 01be 7A000000 		.4byte	0x7a
 694 01c2 00000000 		.4byte	.LFB65
 695 01c6 5E000000 		.4byte	.LFE65
 696 01ca B0010000 		.4byte	.LLST9
 697 01ce 01       		.byte	0x1
 698 01cf F0010000 		.4byte	0x1f0
 699 01d3 07       		.uleb128 0x7
 700 01d4 FD010000 		.4byte	.LASF26
 701 01d8 01       		.byte	0x1
 702 01d9 75       		.byte	0x75
 703 01da F0010000 		.4byte	0x1f0
 704 01de 02       		.byte	0x2
 705 01df 91       		.byte	0x91
 706 01e0 74       		.sleb128 -12
 707 01e1 07       		.uleb128 0x7
 708 01e2 29010000 		.4byte	.LASF27
 709 01e6 01       		.byte	0x1
 710 01e7 75       		.byte	0x75
 711 01e8 7A000000 		.4byte	0x7a
 712 01ec 02       		.byte	0x2
 713 01ed 91       		.byte	0x91
 714 01ee 73       		.sleb128 -13
 715 01ef 00       		.byte	0
 716 01f0 10       		.uleb128 0x10
 717 01f1 04       		.byte	0x4
 718 01f2 F6010000 		.4byte	0x1f6
 719 01f6 11       		.uleb128 0x11
 720 01f7 7A000000 		.4byte	0x7a
 721 01fb 0E       		.uleb128 0xe
 722 01fc C9010000 		.4byte	.LASF28
 723 0200 01       		.byte	0x1
 724 0201 0E       		.byte	0xe
 725 0202 7A000000 		.4byte	0x7a
 726 0206 05       		.byte	0x5
 727 0207 03       		.byte	0x3
 728 0208 00000000 		.4byte	HalStatus
 729 020c 0E       		.uleb128 0xe
ARM GAS  C:\Users\Martin\AppData\Local\Temp\cck9lzCa.s 			page 16


 730 020d 58010000 		.4byte	.LASF29
 731 0211 01       		.byte	0x1
 732 0212 0F       		.byte	0xf
 733 0213 7A000000 		.4byte	0x7a
 734 0217 05       		.byte	0x5
 735 0218 03       		.byte	0x3
 736 0219 01000000 		.4byte	RxCount
 737 021d 0E       		.uleb128 0xe
 738 021e F5010000 		.4byte	.LASF30
 739 0222 01       		.byte	0x1
 740 0223 10       		.byte	0x10
 741 0224 7A000000 		.4byte	0x7a
 742 0228 05       		.byte	0x5
 743 0229 03       		.byte	0x3
 744 022a 02000000 		.4byte	TxCount
 745 022e 12       		.uleb128 0x12
 746 022f CE000000 		.4byte	.LASF34
 747 0233 04       		.byte	0x4
 748 0234 1606     		.2byte	0x616
 749 0236 3C020000 		.4byte	0x23c
 750 023a 01       		.byte	0x1
 751 023b 01       		.byte	0x1
 752 023c 13       		.uleb128 0x13
 753 023d 45000000 		.4byte	0x45
 754 0241 00       		.byte	0
 755              		.section	.debug_abbrev,"",%progbits
 756              	.Ldebug_abbrev0:
 757 0000 01       		.uleb128 0x1
 758 0001 11       		.uleb128 0x11
 759 0002 01       		.byte	0x1
 760 0003 25       		.uleb128 0x25
 761 0004 0E       		.uleb128 0xe
 762 0005 13       		.uleb128 0x13
 763 0006 0B       		.uleb128 0xb
 764 0007 03       		.uleb128 0x3
 765 0008 0E       		.uleb128 0xe
 766 0009 1B       		.uleb128 0x1b
 767 000a 0E       		.uleb128 0xe
 768 000b 55       		.uleb128 0x55
 769 000c 06       		.uleb128 0x6
 770 000d 11       		.uleb128 0x11
 771 000e 01       		.uleb128 0x1
 772 000f 52       		.uleb128 0x52
 773 0010 01       		.uleb128 0x1
 774 0011 10       		.uleb128 0x10
 775 0012 06       		.uleb128 0x6
 776 0013 00       		.byte	0
 777 0014 00       		.byte	0
 778 0015 02       		.uleb128 0x2
 779 0016 24       		.uleb128 0x24
 780 0017 00       		.byte	0
 781 0018 0B       		.uleb128 0xb
 782 0019 0B       		.uleb128 0xb
 783 001a 3E       		.uleb128 0x3e
 784 001b 0B       		.uleb128 0xb
 785 001c 03       		.uleb128 0x3
 786 001d 0E       		.uleb128 0xe
ARM GAS  C:\Users\Martin\AppData\Local\Temp\cck9lzCa.s 			page 17


 787 001e 00       		.byte	0
 788 001f 00       		.byte	0
 789 0020 03       		.uleb128 0x3
 790 0021 16       		.uleb128 0x16
 791 0022 00       		.byte	0
 792 0023 03       		.uleb128 0x3
 793 0024 0E       		.uleb128 0xe
 794 0025 3A       		.uleb128 0x3a
 795 0026 0B       		.uleb128 0xb
 796 0027 3B       		.uleb128 0x3b
 797 0028 0B       		.uleb128 0xb
 798 0029 49       		.uleb128 0x49
 799 002a 13       		.uleb128 0x13
 800 002b 00       		.byte	0
 801 002c 00       		.byte	0
 802 002d 04       		.uleb128 0x4
 803 002e 24       		.uleb128 0x24
 804 002f 00       		.byte	0
 805 0030 0B       		.uleb128 0xb
 806 0031 0B       		.uleb128 0xb
 807 0032 3E       		.uleb128 0x3e
 808 0033 0B       		.uleb128 0xb
 809 0034 03       		.uleb128 0x3
 810 0035 08       		.uleb128 0x8
 811 0036 00       		.byte	0
 812 0037 00       		.byte	0
 813 0038 05       		.uleb128 0x5
 814 0039 2E       		.uleb128 0x2e
 815 003a 00       		.byte	0
 816 003b 3F       		.uleb128 0x3f
 817 003c 0C       		.uleb128 0xc
 818 003d 03       		.uleb128 0x3
 819 003e 0E       		.uleb128 0xe
 820 003f 3A       		.uleb128 0x3a
 821 0040 0B       		.uleb128 0xb
 822 0041 3B       		.uleb128 0x3b
 823 0042 0B       		.uleb128 0xb
 824 0043 27       		.uleb128 0x27
 825 0044 0C       		.uleb128 0xc
 826 0045 49       		.uleb128 0x49
 827 0046 13       		.uleb128 0x13
 828 0047 11       		.uleb128 0x11
 829 0048 01       		.uleb128 0x1
 830 0049 12       		.uleb128 0x12
 831 004a 01       		.uleb128 0x1
 832 004b 40       		.uleb128 0x40
 833 004c 06       		.uleb128 0x6
 834 004d 9742     		.uleb128 0x2117
 835 004f 0C       		.uleb128 0xc
 836 0050 00       		.byte	0
 837 0051 00       		.byte	0
 838 0052 06       		.uleb128 0x6
 839 0053 2E       		.uleb128 0x2e
 840 0054 01       		.byte	0x1
 841 0055 3F       		.uleb128 0x3f
 842 0056 0C       		.uleb128 0xc
 843 0057 03       		.uleb128 0x3
ARM GAS  C:\Users\Martin\AppData\Local\Temp\cck9lzCa.s 			page 18


 844 0058 0E       		.uleb128 0xe
 845 0059 3A       		.uleb128 0x3a
 846 005a 0B       		.uleb128 0xb
 847 005b 3B       		.uleb128 0x3b
 848 005c 0B       		.uleb128 0xb
 849 005d 27       		.uleb128 0x27
 850 005e 0C       		.uleb128 0xc
 851 005f 11       		.uleb128 0x11
 852 0060 01       		.uleb128 0x1
 853 0061 12       		.uleb128 0x12
 854 0062 01       		.uleb128 0x1
 855 0063 40       		.uleb128 0x40
 856 0064 06       		.uleb128 0x6
 857 0065 9742     		.uleb128 0x2117
 858 0067 0C       		.uleb128 0xc
 859 0068 01       		.uleb128 0x1
 860 0069 13       		.uleb128 0x13
 861 006a 00       		.byte	0
 862 006b 00       		.byte	0
 863 006c 07       		.uleb128 0x7
 864 006d 05       		.uleb128 0x5
 865 006e 00       		.byte	0
 866 006f 03       		.uleb128 0x3
 867 0070 0E       		.uleb128 0xe
 868 0071 3A       		.uleb128 0x3a
 869 0072 0B       		.uleb128 0xb
 870 0073 3B       		.uleb128 0x3b
 871 0074 0B       		.uleb128 0xb
 872 0075 49       		.uleb128 0x49
 873 0076 13       		.uleb128 0x13
 874 0077 02       		.uleb128 0x2
 875 0078 0A       		.uleb128 0xa
 876 0079 00       		.byte	0
 877 007a 00       		.byte	0
 878 007b 08       		.uleb128 0x8
 879 007c 2E       		.uleb128 0x2e
 880 007d 00       		.byte	0
 881 007e 3F       		.uleb128 0x3f
 882 007f 0C       		.uleb128 0xc
 883 0080 03       		.uleb128 0x3
 884 0081 0E       		.uleb128 0xe
 885 0082 3A       		.uleb128 0x3a
 886 0083 0B       		.uleb128 0xb
 887 0084 3B       		.uleb128 0x3b
 888 0085 0B       		.uleb128 0xb
 889 0086 27       		.uleb128 0x27
 890 0087 0C       		.uleb128 0xc
 891 0088 11       		.uleb128 0x11
 892 0089 01       		.uleb128 0x1
 893 008a 12       		.uleb128 0x12
 894 008b 01       		.uleb128 0x1
 895 008c 40       		.uleb128 0x40
 896 008d 06       		.uleb128 0x6
 897 008e 9742     		.uleb128 0x2117
 898 0090 0C       		.uleb128 0xc
 899 0091 00       		.byte	0
 900 0092 00       		.byte	0
ARM GAS  C:\Users\Martin\AppData\Local\Temp\cck9lzCa.s 			page 19


 901 0093 09       		.uleb128 0x9
 902 0094 2E       		.uleb128 0x2e
 903 0095 00       		.byte	0
 904 0096 3F       		.uleb128 0x3f
 905 0097 0C       		.uleb128 0xc
 906 0098 03       		.uleb128 0x3
 907 0099 0E       		.uleb128 0xe
 908 009a 3A       		.uleb128 0x3a
 909 009b 0B       		.uleb128 0xb
 910 009c 3B       		.uleb128 0x3b
 911 009d 0B       		.uleb128 0xb
 912 009e 27       		.uleb128 0x27
 913 009f 0C       		.uleb128 0xc
 914 00a0 11       		.uleb128 0x11
 915 00a1 01       		.uleb128 0x1
 916 00a2 12       		.uleb128 0x12
 917 00a3 01       		.uleb128 0x1
 918 00a4 40       		.uleb128 0x40
 919 00a5 06       		.uleb128 0x6
 920 00a6 9642     		.uleb128 0x2116
 921 00a8 0C       		.uleb128 0xc
 922 00a9 00       		.byte	0
 923 00aa 00       		.byte	0
 924 00ab 0A       		.uleb128 0xa
 925 00ac 2E       		.uleb128 0x2e
 926 00ad 00       		.byte	0
 927 00ae 3F       		.uleb128 0x3f
 928 00af 0C       		.uleb128 0xc
 929 00b0 03       		.uleb128 0x3
 930 00b1 0E       		.uleb128 0xe
 931 00b2 3A       		.uleb128 0x3a
 932 00b3 0B       		.uleb128 0xb
 933 00b4 3B       		.uleb128 0x3b
 934 00b5 0B       		.uleb128 0xb
 935 00b6 27       		.uleb128 0x27
 936 00b7 0C       		.uleb128 0xc
 937 00b8 49       		.uleb128 0x49
 938 00b9 13       		.uleb128 0x13
 939 00ba 11       		.uleb128 0x11
 940 00bb 01       		.uleb128 0x1
 941 00bc 12       		.uleb128 0x12
 942 00bd 01       		.uleb128 0x1
 943 00be 40       		.uleb128 0x40
 944 00bf 06       		.uleb128 0x6
 945 00c0 9642     		.uleb128 0x2116
 946 00c2 0C       		.uleb128 0xc
 947 00c3 00       		.byte	0
 948 00c4 00       		.byte	0
 949 00c5 0B       		.uleb128 0xb
 950 00c6 2E       		.uleb128 0x2e
 951 00c7 00       		.byte	0
 952 00c8 3F       		.uleb128 0x3f
 953 00c9 0C       		.uleb128 0xc
 954 00ca 03       		.uleb128 0x3
 955 00cb 0E       		.uleb128 0xe
 956 00cc 3A       		.uleb128 0x3a
 957 00cd 0B       		.uleb128 0xb
ARM GAS  C:\Users\Martin\AppData\Local\Temp\cck9lzCa.s 			page 20


 958 00ce 3B       		.uleb128 0x3b
 959 00cf 0B       		.uleb128 0xb
 960 00d0 49       		.uleb128 0x49
 961 00d1 13       		.uleb128 0x13
 962 00d2 11       		.uleb128 0x11
 963 00d3 01       		.uleb128 0x1
 964 00d4 12       		.uleb128 0x12
 965 00d5 01       		.uleb128 0x1
 966 00d6 40       		.uleb128 0x40
 967 00d7 06       		.uleb128 0x6
 968 00d8 9742     		.uleb128 0x2117
 969 00da 0C       		.uleb128 0xc
 970 00db 00       		.byte	0
 971 00dc 00       		.byte	0
 972 00dd 0C       		.uleb128 0xc
 973 00de 2E       		.uleb128 0x2e
 974 00df 00       		.byte	0
 975 00e0 3F       		.uleb128 0x3f
 976 00e1 0C       		.uleb128 0xc
 977 00e2 03       		.uleb128 0x3
 978 00e3 0E       		.uleb128 0xe
 979 00e4 3A       		.uleb128 0x3a
 980 00e5 0B       		.uleb128 0xb
 981 00e6 3B       		.uleb128 0x3b
 982 00e7 0B       		.uleb128 0xb
 983 00e8 49       		.uleb128 0x49
 984 00e9 13       		.uleb128 0x13
 985 00ea 11       		.uleb128 0x11
 986 00eb 01       		.uleb128 0x1
 987 00ec 12       		.uleb128 0x12
 988 00ed 01       		.uleb128 0x1
 989 00ee 40       		.uleb128 0x40
 990 00ef 06       		.uleb128 0x6
 991 00f0 9642     		.uleb128 0x2116
 992 00f2 0C       		.uleb128 0xc
 993 00f3 00       		.byte	0
 994 00f4 00       		.byte	0
 995 00f5 0D       		.uleb128 0xd
 996 00f6 2E       		.uleb128 0x2e
 997 00f7 01       		.byte	0x1
 998 00f8 3F       		.uleb128 0x3f
 999 00f9 0C       		.uleb128 0xc
 1000 00fa 03       		.uleb128 0x3
 1001 00fb 0E       		.uleb128 0xe
 1002 00fc 3A       		.uleb128 0x3a
 1003 00fd 0B       		.uleb128 0xb
 1004 00fe 3B       		.uleb128 0x3b
 1005 00ff 0B       		.uleb128 0xb
 1006 0100 49       		.uleb128 0x49
 1007 0101 13       		.uleb128 0x13
 1008 0102 11       		.uleb128 0x11
 1009 0103 01       		.uleb128 0x1
 1010 0104 12       		.uleb128 0x12
 1011 0105 01       		.uleb128 0x1
 1012 0106 40       		.uleb128 0x40
 1013 0107 06       		.uleb128 0x6
 1014 0108 9642     		.uleb128 0x2116
ARM GAS  C:\Users\Martin\AppData\Local\Temp\cck9lzCa.s 			page 21


 1015 010a 0C       		.uleb128 0xc
 1016 010b 01       		.uleb128 0x1
 1017 010c 13       		.uleb128 0x13
 1018 010d 00       		.byte	0
 1019 010e 00       		.byte	0
 1020 010f 0E       		.uleb128 0xe
 1021 0110 34       		.uleb128 0x34
 1022 0111 00       		.byte	0
 1023 0112 03       		.uleb128 0x3
 1024 0113 0E       		.uleb128 0xe
 1025 0114 3A       		.uleb128 0x3a
 1026 0115 0B       		.uleb128 0xb
 1027 0116 3B       		.uleb128 0x3b
 1028 0117 0B       		.uleb128 0xb
 1029 0118 49       		.uleb128 0x49
 1030 0119 13       		.uleb128 0x13
 1031 011a 02       		.uleb128 0x2
 1032 011b 0A       		.uleb128 0xa
 1033 011c 00       		.byte	0
 1034 011d 00       		.byte	0
 1035 011e 0F       		.uleb128 0xf
 1036 011f 2E       		.uleb128 0x2e
 1037 0120 01       		.byte	0x1
 1038 0121 3F       		.uleb128 0x3f
 1039 0122 0C       		.uleb128 0xc
 1040 0123 03       		.uleb128 0x3
 1041 0124 0E       		.uleb128 0xe
 1042 0125 3A       		.uleb128 0x3a
 1043 0126 0B       		.uleb128 0xb
 1044 0127 3B       		.uleb128 0x3b
 1045 0128 0B       		.uleb128 0xb
 1046 0129 27       		.uleb128 0x27
 1047 012a 0C       		.uleb128 0xc
 1048 012b 49       		.uleb128 0x49
 1049 012c 13       		.uleb128 0x13
 1050 012d 11       		.uleb128 0x11
 1051 012e 01       		.uleb128 0x1
 1052 012f 12       		.uleb128 0x12
 1053 0130 01       		.uleb128 0x1
 1054 0131 40       		.uleb128 0x40
 1055 0132 06       		.uleb128 0x6
 1056 0133 9642     		.uleb128 0x2116
 1057 0135 0C       		.uleb128 0xc
 1058 0136 01       		.uleb128 0x1
 1059 0137 13       		.uleb128 0x13
 1060 0138 00       		.byte	0
 1061 0139 00       		.byte	0
 1062 013a 10       		.uleb128 0x10
 1063 013b 0F       		.uleb128 0xf
 1064 013c 00       		.byte	0
 1065 013d 0B       		.uleb128 0xb
 1066 013e 0B       		.uleb128 0xb
 1067 013f 49       		.uleb128 0x49
 1068 0140 13       		.uleb128 0x13
 1069 0141 00       		.byte	0
 1070 0142 00       		.byte	0
 1071 0143 11       		.uleb128 0x11
ARM GAS  C:\Users\Martin\AppData\Local\Temp\cck9lzCa.s 			page 22


 1072 0144 26       		.uleb128 0x26
 1073 0145 00       		.byte	0
 1074 0146 49       		.uleb128 0x49
 1075 0147 13       		.uleb128 0x13
 1076 0148 00       		.byte	0
 1077 0149 00       		.byte	0
 1078 014a 12       		.uleb128 0x12
 1079 014b 34       		.uleb128 0x34
 1080 014c 00       		.byte	0
 1081 014d 03       		.uleb128 0x3
 1082 014e 0E       		.uleb128 0xe
 1083 014f 3A       		.uleb128 0x3a
 1084 0150 0B       		.uleb128 0xb
 1085 0151 3B       		.uleb128 0x3b
 1086 0152 05       		.uleb128 0x5
 1087 0153 49       		.uleb128 0x49
 1088 0154 13       		.uleb128 0x13
 1089 0155 3F       		.uleb128 0x3f
 1090 0156 0C       		.uleb128 0xc
 1091 0157 3C       		.uleb128 0x3c
 1092 0158 0C       		.uleb128 0xc
 1093 0159 00       		.byte	0
 1094 015a 00       		.byte	0
 1095 015b 13       		.uleb128 0x13
 1096 015c 35       		.uleb128 0x35
 1097 015d 00       		.byte	0
 1098 015e 49       		.uleb128 0x49
 1099 015f 13       		.uleb128 0x13
 1100 0160 00       		.byte	0
 1101 0161 00       		.byte	0
 1102 0162 00       		.byte	0
 1103              		.section	.debug_loc,"",%progbits
 1104              	.Ldebug_loc0:
 1105              	.LLST0:
 1106 0000 00000000 		.4byte	.LFB56
 1107 0004 02000000 		.4byte	.LCFI0
 1108 0008 0200     		.2byte	0x2
 1109 000a 7D       		.byte	0x7d
 1110 000b 00       		.sleb128 0
 1111 000c 02000000 		.4byte	.LCFI0
 1112 0010 04000000 		.4byte	.LCFI1
 1113 0014 0200     		.2byte	0x2
 1114 0016 7D       		.byte	0x7d
 1115 0017 04       		.sleb128 4
 1116 0018 04000000 		.4byte	.LCFI1
 1117 001c 16000000 		.4byte	.LFE56
 1118 0020 0200     		.2byte	0x2
 1119 0022 77       		.byte	0x77
 1120 0023 04       		.sleb128 4
 1121 0024 00000000 		.4byte	0
 1122 0028 00000000 		.4byte	0
 1123              	.LLST1:
 1124 002c 00000000 		.4byte	.LFB57
 1125 0030 02000000 		.4byte	.LCFI2
 1126 0034 0200     		.2byte	0x2
 1127 0036 7D       		.byte	0x7d
 1128 0037 00       		.sleb128 0
ARM GAS  C:\Users\Martin\AppData\Local\Temp\cck9lzCa.s 			page 23


 1129 0038 02000000 		.4byte	.LCFI2
 1130 003c 04000000 		.4byte	.LCFI3
 1131 0040 0200     		.2byte	0x2
 1132 0042 7D       		.byte	0x7d
 1133 0043 04       		.sleb128 4
 1134 0044 04000000 		.4byte	.LCFI3
 1135 0048 06000000 		.4byte	.LCFI4
 1136 004c 0200     		.2byte	0x2
 1137 004e 7D       		.byte	0x7d
 1138 004f 10       		.sleb128 16
 1139 0050 06000000 		.4byte	.LCFI4
 1140 0054 20000000 		.4byte	.LFE57
 1141 0058 0200     		.2byte	0x2
 1142 005a 77       		.byte	0x77
 1143 005b 10       		.sleb128 16
 1144 005c 00000000 		.4byte	0
 1145 0060 00000000 		.4byte	0
 1146              	.LLST2:
 1147 0064 00000000 		.4byte	.LFB58
 1148 0068 02000000 		.4byte	.LCFI5
 1149 006c 0200     		.2byte	0x2
 1150 006e 7D       		.byte	0x7d
 1151 006f 00       		.sleb128 0
 1152 0070 02000000 		.4byte	.LCFI5
 1153 0074 04000000 		.4byte	.LCFI6
 1154 0078 0200     		.2byte	0x2
 1155 007a 7D       		.byte	0x7d
 1156 007b 04       		.sleb128 4
 1157 007c 04000000 		.4byte	.LCFI6
 1158 0080 24000000 		.4byte	.LFE58
 1159 0084 0200     		.2byte	0x2
 1160 0086 77       		.byte	0x77
 1161 0087 04       		.sleb128 4
 1162 0088 00000000 		.4byte	0
 1163 008c 00000000 		.4byte	0
 1164              	.LLST3:
 1165 0090 00000000 		.4byte	.LFB59
 1166 0094 02000000 		.4byte	.LCFI7
 1167 0098 0200     		.2byte	0x2
 1168 009a 7D       		.byte	0x7d
 1169 009b 00       		.sleb128 0
 1170 009c 02000000 		.4byte	.LCFI7
 1171 00a0 04000000 		.4byte	.LCFI8
 1172 00a4 0200     		.2byte	0x2
 1173 00a6 7D       		.byte	0x7d
 1174 00a7 08       		.sleb128 8
 1175 00a8 04000000 		.4byte	.LCFI8
 1176 00ac 40000000 		.4byte	.LFE59
 1177 00b0 0200     		.2byte	0x2
 1178 00b2 77       		.byte	0x77
 1179 00b3 08       		.sleb128 8
 1180 00b4 00000000 		.4byte	0
 1181 00b8 00000000 		.4byte	0
 1182              	.LLST4:
 1183 00bc 00000000 		.4byte	.LFB60
 1184 00c0 02000000 		.4byte	.LCFI9
 1185 00c4 0200     		.2byte	0x2
ARM GAS  C:\Users\Martin\AppData\Local\Temp\cck9lzCa.s 			page 24


 1186 00c6 7D       		.byte	0x7d
 1187 00c7 00       		.sleb128 0
 1188 00c8 02000000 		.4byte	.LCFI9
 1189 00cc 04000000 		.4byte	.LCFI10
 1190 00d0 0200     		.2byte	0x2
 1191 00d2 7D       		.byte	0x7d
 1192 00d3 08       		.sleb128 8
 1193 00d4 04000000 		.4byte	.LCFI10
 1194 00d8 4E000000 		.4byte	.LFE60
 1195 00dc 0200     		.2byte	0x2
 1196 00de 77       		.byte	0x77
 1197 00df 08       		.sleb128 8
 1198 00e0 00000000 		.4byte	0
 1199 00e4 00000000 		.4byte	0
 1200              	.LLST5:
 1201 00e8 00000000 		.4byte	.LFB61
 1202 00ec 02000000 		.4byte	.LCFI11
 1203 00f0 0200     		.2byte	0x2
 1204 00f2 7D       		.byte	0x7d
 1205 00f3 00       		.sleb128 0
 1206 00f4 02000000 		.4byte	.LCFI11
 1207 00f8 04000000 		.4byte	.LCFI12
 1208 00fc 0200     		.2byte	0x2
 1209 00fe 7D       		.byte	0x7d
 1210 00ff 04       		.sleb128 4
 1211 0100 04000000 		.4byte	.LCFI12
 1212 0104 16000000 		.4byte	.LFE61
 1213 0108 0200     		.2byte	0x2
 1214 010a 77       		.byte	0x77
 1215 010b 04       		.sleb128 4
 1216 010c 00000000 		.4byte	0
 1217 0110 00000000 		.4byte	0
 1218              	.LLST6:
 1219 0114 00000000 		.4byte	.LFB62
 1220 0118 02000000 		.4byte	.LCFI13
 1221 011c 0200     		.2byte	0x2
 1222 011e 7D       		.byte	0x7d
 1223 011f 00       		.sleb128 0
 1224 0120 02000000 		.4byte	.LCFI13
 1225 0124 04000000 		.4byte	.LCFI14
 1226 0128 0200     		.2byte	0x2
 1227 012a 7D       		.byte	0x7d
 1228 012b 08       		.sleb128 8
 1229 012c 04000000 		.4byte	.LCFI14
 1230 0130 0E000000 		.4byte	.LFE62
 1231 0134 0200     		.2byte	0x2
 1232 0136 77       		.byte	0x77
 1233 0137 08       		.sleb128 8
 1234 0138 00000000 		.4byte	0
 1235 013c 00000000 		.4byte	0
 1236              	.LLST7:
 1237 0140 00000000 		.4byte	.LFB63
 1238 0144 02000000 		.4byte	.LCFI15
 1239 0148 0200     		.2byte	0x2
 1240 014a 7D       		.byte	0x7d
 1241 014b 00       		.sleb128 0
 1242 014c 02000000 		.4byte	.LCFI15
ARM GAS  C:\Users\Martin\AppData\Local\Temp\cck9lzCa.s 			page 25


 1243 0150 04000000 		.4byte	.LCFI16
 1244 0154 0200     		.2byte	0x2
 1245 0156 7D       		.byte	0x7d
 1246 0157 08       		.sleb128 8
 1247 0158 04000000 		.4byte	.LCFI16
 1248 015c 06000000 		.4byte	.LCFI17
 1249 0160 0200     		.2byte	0x2
 1250 0162 7D       		.byte	0x7d
 1251 0163 10       		.sleb128 16
 1252 0164 06000000 		.4byte	.LCFI17
 1253 0168 3C000000 		.4byte	.LFE63
 1254 016c 0200     		.2byte	0x2
 1255 016e 77       		.byte	0x77
 1256 016f 10       		.sleb128 16
 1257 0170 00000000 		.4byte	0
 1258 0174 00000000 		.4byte	0
 1259              	.LLST8:
 1260 0178 00000000 		.4byte	.LFB64
 1261 017c 02000000 		.4byte	.LCFI18
 1262 0180 0200     		.2byte	0x2
 1263 0182 7D       		.byte	0x7d
 1264 0183 00       		.sleb128 0
 1265 0184 02000000 		.4byte	.LCFI18
 1266 0188 04000000 		.4byte	.LCFI19
 1267 018c 0200     		.2byte	0x2
 1268 018e 7D       		.byte	0x7d
 1269 018f 08       		.sleb128 8
 1270 0190 04000000 		.4byte	.LCFI19
 1271 0194 06000000 		.4byte	.LCFI20
 1272 0198 0200     		.2byte	0x2
 1273 019a 7D       		.byte	0x7d
 1274 019b 10       		.sleb128 16
 1275 019c 06000000 		.4byte	.LCFI20
 1276 01a0 66000000 		.4byte	.LFE64
 1277 01a4 0200     		.2byte	0x2
 1278 01a6 77       		.byte	0x77
 1279 01a7 10       		.sleb128 16
 1280 01a8 00000000 		.4byte	0
 1281 01ac 00000000 		.4byte	0
 1282              	.LLST9:
 1283 01b0 00000000 		.4byte	.LFB65
 1284 01b4 02000000 		.4byte	.LCFI21
 1285 01b8 0200     		.2byte	0x2
 1286 01ba 7D       		.byte	0x7d
 1287 01bb 00       		.sleb128 0
 1288 01bc 02000000 		.4byte	.LCFI21
 1289 01c0 04000000 		.4byte	.LCFI22
 1290 01c4 0200     		.2byte	0x2
 1291 01c6 7D       		.byte	0x7d
 1292 01c7 08       		.sleb128 8
 1293 01c8 04000000 		.4byte	.LCFI22
 1294 01cc 06000000 		.4byte	.LCFI23
 1295 01d0 0200     		.2byte	0x2
 1296 01d2 7D       		.byte	0x7d
 1297 01d3 10       		.sleb128 16
 1298 01d4 06000000 		.4byte	.LCFI23
 1299 01d8 5E000000 		.4byte	.LFE65
ARM GAS  C:\Users\Martin\AppData\Local\Temp\cck9lzCa.s 			page 26


 1300 01dc 0200     		.2byte	0x2
 1301 01de 77       		.byte	0x77
 1302 01df 10       		.sleb128 16
 1303 01e0 00000000 		.4byte	0
 1304 01e4 00000000 		.4byte	0
 1305              		.section	.debug_aranges,"",%progbits
 1306 0000 64000000 		.4byte	0x64
 1307 0004 0200     		.2byte	0x2
 1308 0006 00000000 		.4byte	.Ldebug_info0
 1309 000a 04       		.byte	0x4
 1310 000b 00       		.byte	0
 1311 000c 0000     		.2byte	0
 1312 000e 0000     		.2byte	0
 1313 0010 00000000 		.4byte	.LFB56
 1314 0014 16000000 		.4byte	.LFE56-.LFB56
 1315 0018 00000000 		.4byte	.LFB57
 1316 001c 20000000 		.4byte	.LFE57-.LFB57
 1317 0020 00000000 		.4byte	.LFB58
 1318 0024 24000000 		.4byte	.LFE58-.LFB58
 1319 0028 00000000 		.4byte	.LFB59
 1320 002c 40000000 		.4byte	.LFE59-.LFB59
 1321 0030 00000000 		.4byte	.LFB60
 1322 0034 4E000000 		.4byte	.LFE60-.LFB60
 1323 0038 00000000 		.4byte	.LFB61
 1324 003c 16000000 		.4byte	.LFE61-.LFB61
 1325 0040 00000000 		.4byte	.LFB62
 1326 0044 0E000000 		.4byte	.LFE62-.LFB62
 1327 0048 00000000 		.4byte	.LFB63
 1328 004c 3C000000 		.4byte	.LFE63-.LFB63
 1329 0050 00000000 		.4byte	.LFB64
 1330 0054 66000000 		.4byte	.LFE64-.LFB64
 1331 0058 00000000 		.4byte	.LFB65
 1332 005c 5E000000 		.4byte	.LFE65-.LFB65
 1333 0060 00000000 		.4byte	0
 1334 0064 00000000 		.4byte	0
 1335              		.section	.debug_ranges,"",%progbits
 1336              	.Ldebug_ranges0:
 1337 0000 00000000 		.4byte	.LFB56
 1338 0004 16000000 		.4byte	.LFE56
 1339 0008 00000000 		.4byte	.LFB57
 1340 000c 20000000 		.4byte	.LFE57
 1341 0010 00000000 		.4byte	.LFB58
 1342 0014 24000000 		.4byte	.LFE58
 1343 0018 00000000 		.4byte	.LFB59
 1344 001c 40000000 		.4byte	.LFE59
 1345 0020 00000000 		.4byte	.LFB60
 1346 0024 4E000000 		.4byte	.LFE60
 1347 0028 00000000 		.4byte	.LFB61
 1348 002c 16000000 		.4byte	.LFE61
 1349 0030 00000000 		.4byte	.LFB62
 1350 0034 0E000000 		.4byte	.LFE62
 1351 0038 00000000 		.4byte	.LFB63
 1352 003c 3C000000 		.4byte	.LFE63
 1353 0040 00000000 		.4byte	.LFB64
 1354 0044 66000000 		.4byte	.LFE64
 1355 0048 00000000 		.4byte	.LFB65
 1356 004c 5E000000 		.4byte	.LFE65
ARM GAS  C:\Users\Martin\AppData\Local\Temp\cck9lzCa.s 			page 27


 1357 0050 00000000 		.4byte	0
 1358 0054 00000000 		.4byte	0
 1359              		.section	.debug_line,"",%progbits
 1360              	.Ldebug_line0:
 1361 0000 D5010000 		.section	.debug_str,"MS",%progbits,1
 1361      0200F800 
 1361      00000201 
 1361      FB0E0D00 
 1361      01010101 
 1362              	.LASF22:
 1363 0000 48414C5F 		.ascii	"HAL_GetByte\000"
 1363      47657442 
 1363      79746500 
 1364              	.LASF23:
 1365 000c 76616C75 		.ascii	"value\000"
 1365      6500
 1366              	.LASF4:
 1367 0012 6C6F6E67 		.ascii	"long int\000"
 1367      20696E74 
 1367      00
 1368              	.LASF10:
 1369 001b 75696E74 		.ascii	"uint8\000"
 1369      3800
 1370              	.LASF9:
 1371 0021 696E7433 		.ascii	"int32_t\000"
 1371      325F7400 
 1372              	.LASF25:
 1373 0029 48414C5F 		.ascii	"HAL_TransmitArray\000"
 1373      5472616E 
 1373      736D6974 
 1373      41727261 
 1373      7900
 1374              	.LASF11:
 1375 003b 666C6F61 		.ascii	"float\000"
 1375      7400
 1376              	.LASF0:
 1377 0041 7369676E 		.ascii	"signed char\000"
 1377      65642063 
 1377      68617200 
 1378              	.LASF33:
 1379 004d 583A5C72 		.ascii	"X:\\roboticscode\\trunk\\Servo\\SW\\ServoMotor\\Ser"
 1379      6F626F74 
 1379      69637363 
 1379      6F64655C 
 1379      7472756E 
 1380 007a 766F4D6F 		.ascii	"voMotor.cydsn\000"
 1380      746F722E 
 1380      63796473 
 1380      6E00
 1381              	.LASF5:
 1382 0088 6C6F6E67 		.ascii	"long unsigned int\000"
 1382      20756E73 
 1382      69676E65 
 1382      6420696E 
 1382      7400
 1383              	.LASF19:
 1384 009a 48414C5F 		.ascii	"HAL_GetRxIsrCount\000"
ARM GAS  C:\Users\Martin\AppData\Local\Temp\cck9lzCa.s 			page 28


 1384      47657452 
 1384      78497372 
 1384      436F756E 
 1384      7400
 1385              	.LASF3:
 1386 00ac 73686F72 		.ascii	"short unsigned int\000"
 1386      7420756E 
 1386      7369676E 
 1386      65642069 
 1386      6E7400
 1387              	.LASF16:
 1388 00bf 6973725F 		.ascii	"isr_tx_routine\000"
 1388      74785F72 
 1388      6F757469 
 1388      6E6500
 1389              	.LASF34:
 1390 00ce 49544D5F 		.ascii	"ITM_RxBuffer\000"
 1390      52784275 
 1390      66666572 
 1390      00
 1391              	.LASF1:
 1392 00db 756E7369 		.ascii	"unsigned char\000"
 1392      676E6564 
 1392      20636861 
 1392      7200
 1393              	.LASF12:
 1394 00e9 646F7562 		.ascii	"double\000"
 1394      6C6500
 1395              	.LASF8:
 1396 00f0 756E7369 		.ascii	"unsigned int\000"
 1396      676E6564 
 1396      20696E74 
 1396      00
 1397              	.LASF7:
 1398 00fd 6C6F6E67 		.ascii	"long long unsigned int\000"
 1398      206C6F6E 
 1398      6720756E 
 1398      7369676E 
 1398      65642069 
 1399              	.LASF20:
 1400 0114 48414C5F 		.ascii	"HAL_GetRxBufferCount\000"
 1400      47657452 
 1400      78427566 
 1400      66657243 
 1400      6F756E74 
 1401              	.LASF27:
 1402 0129 6E756D42 		.ascii	"numBytes\000"
 1402      79746573 
 1402      00
 1403              	.LASF15:
 1404 0132 6973725F 		.ascii	"isr_rx_routine\000"
 1404      72785F72 
 1404      6F757469 
 1404      6E6500
 1405              	.LASF14:
 1406 0141 73697A65 		.ascii	"sizetype\000"
 1406      74797065 
ARM GAS  C:\Users\Martin\AppData\Local\Temp\cck9lzCa.s 			page 29


 1406      00
 1407              	.LASF6:
 1408 014a 6C6F6E67 		.ascii	"long long int\000"
 1408      206C6F6E 
 1408      6720696E 
 1408      7400
 1409              	.LASF29:
 1410 0158 5278436F 		.ascii	"RxCount\000"
 1410      756E7400 
 1411              	.LASF13:
 1412 0160 63686172 		.ascii	"char\000"
 1412      00
 1413              	.LASF2:
 1414 0165 73686F72 		.ascii	"short int\000"
 1414      7420696E 
 1414      7400
 1415              	.LASF32:
 1416 016f 2E5C6861 		.ascii	".\\hal.c\000"
 1416      6C2E6300 
 1417              	.LASF31:
 1418 0177 474E5520 		.ascii	"GNU C 4.7.3 20130312 (release) [ARM/embedded-4_7-br"
 1418      4320342E 
 1418      372E3320 
 1418      32303133 
 1418      30333132 
 1419 01aa 616E6368 		.ascii	"anch revision 196615]\000"
 1419      20726576 
 1419      6973696F 
 1419      6E203139 
 1419      36363135 
 1420              	.LASF18:
 1421 01c0 48414C5F 		.ascii	"HAL_Init\000"
 1421      496E6974 
 1421      00
 1422              	.LASF28:
 1423 01c9 48616C53 		.ascii	"HalStatus\000"
 1423      74617475 
 1423      7300
 1424              	.LASF17:
 1425 01d3 48414C5F 		.ascii	"HAL_GetHalStatus\000"
 1425      47657448 
 1425      616C5374 
 1425      61747573 
 1425      00
 1426              	.LASF24:
 1427 01e4 48414C5F 		.ascii	"HAL_TransmitByte\000"
 1427      5472616E 
 1427      736D6974 
 1427      42797465 
 1427      00
 1428              	.LASF30:
 1429 01f5 5478436F 		.ascii	"TxCount\000"
 1429      756E7400 
 1430              	.LASF26:
 1431 01fd 736F7572 		.ascii	"source\000"
 1431      636500
 1432              	.LASF21:
ARM GAS  C:\Users\Martin\AppData\Local\Temp\cck9lzCa.s 			page 30


 1433 0204 48414C5F 		.ascii	"HAL_SetHalStatus\000"
 1433      53657448 
 1433      616C5374 
 1433      61747573 
 1433      00
 1434              		.ident	"GCC: (GNU Tools for ARM Embedded Processors) 4.7.3 20130312 (release) [ARM/embedded-4_7-br
