--------------- Build Started: 08/19/2014 22:38:01 Project: ServoMotor, Configuration: ARM GCC 4.7.3 Debug ---------------
cydsfit.exe "-.appdatapath" "C:\Users\Martin\AppData\Local\Cypress Semiconductor\PSoC Creator\3.0" "-.fdsnotice" "-.fdswarpdepfile=warp_dependencies.txt" "-.fdselabdepfile=elab_dependencies.txt" "-.fdsbldfile=generated_files.txt" "-p" "X:\roboticscode\trunk\Servo\SW\ServoMotor\ServoMotor.cydsn\ServoMotor.cyprj" "-d" "CY8C5868AXI-LP035" "-s" "X:\roboticscode\trunk\Servo\SW\ServoMotor\ServoMotor.cydsn\Generated_Source\PSoC5" "--" "-yv2" "-v3" "-ygs" "-q10" "-o2" "-.fftcfgtype=LE"
Elaborating Design...
HDL Generation ...
Synthesis ...
Place and Route ...
Tech mapping ...
Info: mpr.M0037: Unused pieces of the design have been optimized out. See the Tech mapping section of the report file for details. (App=cydsfit)
Analog Placement ...
Analog Routing ...
Analog Code Generation ...
Digital Placement ...
Digital Routing ...
Bitstream Generation ...
Static timing analysis ...
API Generation ...
Dependency Generation ...
Clean Temporary Files ...
arm-none-eabi-gcc.exe -I. -I./Generated_Source/PSoC5 -Wno-main -mcpu=cortex-m3 -mthumb -Wall -g -D DEBUG -Wa,-alh=.\CortexM3\ARM_GCC_473\Debug\test.lst -ffunction-sections -c .\test.c -o .\CortexM3\ARM_GCC_473\Debug\test.o
arm-none-eabi-ar.exe -rs .\CortexM3\ARM_GCC_473\Debug\ServoMotor.a .\CortexM3\ARM_GCC_473\Debug\cyfitter_cfg.o .\CortexM3\ARM_GCC_473\Debug\CyBootAsmGnu.o .\CortexM3\ARM_GCC_473\Debug\CyDmac.o .\CortexM3\ARM_GCC_473\Debug\CyFlash.o .\CortexM3\ARM_GCC_473\Debug\CyLib.o .\CortexM3\ARM_GCC_473\Debug\cyPm.o .\CortexM3\ARM_GCC_473\Debug\CySpc.o .\CortexM3\ARM_GCC_473\Debug\cyutils.o .\CortexM3\ARM_GCC_473\Debug\UART.o .\CortexM3\ARM_GCC_473\Debug\UART_PM.o .\CortexM3\ARM_GCC_473\Debug\UART_INT.o .\CortexM3\ARM_GCC_473\Debug\UART_BOOT.o .\CortexM3\ARM_GCC_473\Debug\UART_IntClock.o .\CortexM3\ARM_GCC_473\Debug\Isr_rx.o .\CortexM3\ARM_GCC_473\Debug\Isr_tx.o .\CortexM3\ARM_GCC_473\Debug\UART_TEST.o .\CortexM3\ARM_GCC_473\Debug\UART_TEST_PM.o .\CortexM3\ARM_GCC_473\Debug\UART_TEST_INT.o .\CortexM3\ARM_GCC_473\Debug\UART_TEST_BOOT.o .\CortexM3\ARM_GCC_473\Debug\TIMER.o .\CortexM3\ARM_GCC_473\Debug\TIMER_PM.o .\CortexM3\ARM_GCC_473\Debug\UART_TEST_IntClock.o .\CortexM3\ARM_GCC_473\Debug\TIMER_CLOCK.o .\CortexM3\ARM_GCC_473\Debug\Isr_timer.o .\CortexM3\ARM_GCC_473\Debug\DEBUG_LED_1.o
arm-none-eabi-ar.exe: creating .\CortexM3\ARM_GCC_473\Debug\ServoMotor.a
arm-none-eabi-gcc.exe -mthumb -march=armv7-m -mfix-cortex-m3-ldrd -T .\Generated_Source\PSoC5\cm3gcc.ld -g -Wl,-Map,.\CortexM3\ARM_GCC_473\Debug\ServoMotor.map -specs=nano.specs -Wl,--gc-sections -Wl,--start-group -o .\CortexM3\ARM_GCC_473\Debug\ServoMotor.elf .\CortexM3\ARM_GCC_473\Debug\main.o .\CortexM3\ARM_GCC_473\Debug\servo_cds5500.o .\CortexM3\ARM_GCC_473\Debug\bus.o .\CortexM3\ARM_GCC_473\Debug\bal.o .\CortexM3\ARM_GCC_473\Debug\hal.o .\CortexM3\ARM_GCC_473\Debug\bpl.o .\CortexM3\ARM_GCC_473\Debug\tmr.o .\CortexM3\ARM_GCC_473\Debug\test.o .\CortexM3\ARM_GCC_473\Debug\cymetadata.o .\CortexM3\ARM_GCC_473\Debug\Cm3Start.o .\CortexM3\ARM_GCC_473\Debug\ServoMotor.a "C:\Program Files (x86)\Cypress\PSoC Creator\3.0\PSoC Creator\psoc\content\cycomponentlibrary\CyComponentLibrary.cylib\CortexM3\ARM_GCC_473\Debug\CyComponentLibrary.a" -Wl,--end-group
cyelftool.exe -C X:\roboticscode\trunk\Servo\SW\ServoMotor\ServoMotor.cydsn\CortexM3\ARM_GCC_473\Debug\ServoMotor.elf --flash_size 262144 --flash_row_size 256
cyelftool.exe -S X:\roboticscode\trunk\Servo\SW\ServoMotor\ServoMotor.cydsn\CortexM3\ARM_GCC_473\Debug\ServoMotor.elf
Flash used: 6558 of 262144 bytes (2,5%).
SRAM used: 21605 of 65536 bytes (33,0%).
--------------- Build Succeeded: 08/19/2014 22:38:17 ---------------
