--------------- Rebuild Started: 08/30/2014 15:23:43 Project: DrivePlatform, Configuration: ARM GCC 4.4.1 Debug ---------------
Deleting file ".\CortexM3\ARM_GCC_441\Debug\bal.o"
Deleting file ".\CortexM3\ARM_GCC_441\Debug\bpl.o"
Deleting file ".\CortexM3\ARM_GCC_441\Debug\bus.o"
Deleting file ".\CortexM3\ARM_GCC_441\Debug\hal.o"
Deleting file ".\CortexM3\ARM_GCC_441\Debug\servo_cds5500.o"
Deleting file ".\CortexM3\ARM_GCC_441\Debug\test.o"
Deleting file ".\CortexM3\ARM_GCC_441\Debug\tmr.o"
Deleting file ".\CortexM3\ARM_GCC_441\Debug\Isr_timer.o"
Deleting file ".\CortexM3\ARM_GCC_441\Debug\DEBUG_LED_1.o"
Deleting file ".\CortexM3\ARM_GCC_441\Debug\TIMER.o"
Deleting file ".\CortexM3\ARM_GCC_441\Debug\TIMER_PM.o"
Deleting file ".\CortexM3\ARM_GCC_441\Debug\TIMER_CLOCK.o"
Deleting file ".\CortexM3\ARM_GCC_441\Debug\UART_TEST.o"
Deleting file ".\CortexM3\ARM_GCC_441\Debug\UART_TEST_PM.o"
Deleting file ".\CortexM3\ARM_GCC_441\Debug\UART_TEST_INT.o"
Deleting file ".\CortexM3\ARM_GCC_441\Debug\UART_TEST_BOOT.o"
Deleting file ".\CortexM3\ARM_GCC_441\Debug\UART.o"
Deleting file ".\CortexM3\ARM_GCC_441\Debug\UART_PM.o"
Deleting file ".\CortexM3\ARM_GCC_441\Debug\UART_INT.o"
Deleting file ".\CortexM3\ARM_GCC_441\Debug\UART_BOOT.o"
Deleting file ".\CortexM3\ARM_GCC_441\Debug\Isr_rx.o"
Deleting file ".\CortexM3\ARM_GCC_441\Debug\Isr_tx.o"
Deleting file ".\CortexM3\ARM_GCC_441\Debug\UART_TEST_IntClock.o"
Deleting file ".\CortexM3\ARM_GCC_441\Debug\UART_IntClock.o"
Deleting file ".\CortexM3\ARM_GCC_441\Debug\Cm3Start.o"
Deleting file ".\CortexM3\ARM_GCC_441\Debug\core_cm3.o"
Deleting file ".\CortexM3\ARM_GCC_441\Debug\CyBootAsmGnu.o"
Deleting file ".\CortexM3\ARM_GCC_441\Debug\CyDmac.o"
Deleting file ".\CortexM3\ARM_GCC_441\Debug\CyFlash.o"
Deleting file ".\CortexM3\ARM_GCC_441\Debug\CyLib.o"
Deleting file ".\CortexM3\ARM_GCC_441\Debug\cyPm.o"
Deleting file ".\CortexM3\ARM_GCC_441\Debug\CySpc.o"
Deleting file ".\CortexM3\ARM_GCC_441\Debug\cyutils.o"
Deleting file ".\CortexM3\ARM_GCC_441\Debug\cyfitter_cfg.o"
Deleting file ".\CortexM3\ARM_GCC_441\Debug\DrivePlatform.map"
Deleting file ".\DrivePlatform.cycdx"
Deleting file ".\DrivePlatform.svd"
Deleting file ".\DrivePlatform.rpt"
Deleting file ".\DrivePlatform_timing.html"
Deleting file ".\CortexM3\ARM_GCC_441\Debug\.deps\C_FILE.P"
Deleting file ".\CortexM3\ARM_GCC_441\Debug\.deps\ARM_C_FILE.P"
Deleting file ".\CortexM3\ARM_GCC_441\Debug\.deps\GNU_ARM_ASM_FILE.P"
cydsfit.exe "-.appdatapath" "C:\Users\Martin\AppData\Local\Cypress Semiconductor\PSoC Creator\2.2" "-.fdsnotice" "-.fdswarpdepfile=warp_dependencies.txt" "-.fdselabdepfile=elab_dependencies.txt" "-.fdsbldfile=generated_files.txt" "-p" "X:\roboticscode\trunk\psoc\psoc_creator_2.2\Drive_Platform\DrivePlatform.cydsn\DrivePlatform.cyprj" "-d" "CY8C5568AXI-060" "-s" "X:\roboticscode\trunk\psoc\psoc_creator_2.2\Drive_Platform\DrivePlatform.cydsn\Generated_Source\PSoC5" "--" "-yv2" "-v3" "-ygs" "-q10" "-o2" "-.fftcfgtype=LE"
Elaborating Design...
ADD: prj.M0246: information: PSoC 5LP provides many improvements over PSoC 5. Learn more about migrating to PSoC 5LP at www.cypress.com/go/PSoC5LP
 * DrivePlatform ()
ADD: pft.M0028: warning: Clock Warning: (UART_TEST_IntClock's accuracy range '923.077 kHz 単 5.000%, (876.923 kHz - 969.231 kHz)' is not within the specified tolerance range '921.600 kHz 単 2.000%, (903.168 kHz - 940.032 kHz)'.).
 * C:\Program Files (x86)\Cypress\PSoC Creator\2.2\PSoC Creator\psoc\content\cycomponentlibrary\CyComponentLibrary.cylib\UART_v2_30\UART_v2_30.cysch (Instance: IntClock)
 * X:\roboticscode\trunk\psoc\psoc_creator_2.2\Drive_Platform\DrivePlatform.cydsn\DrivePlatform.cydwr (UART_TEST_IntClock)
ADD: pft.M0028: warning: Clock Warning: (UART_IntClock's accuracy range '461.538 kHz 単 5.000%, (438.462 kHz - 484.615 kHz)' is not within the specified tolerance range '460.800 kHz 単 2.000%, (451.584 kHz - 470.016 kHz)'.).
 * C:\Program Files (x86)\Cypress\PSoC Creator\2.2\PSoC Creator\psoc\content\cycomponentlibrary\CyComponentLibrary.cylib\UART_v2_30\UART_v2_30.cysch (Instance: IntClock)
 * X:\roboticscode\trunk\psoc\psoc_creator_2.2\Drive_Platform\DrivePlatform.cydsn\DrivePlatform.cydwr (UART_IntClock)
HDL Generation ...
Synthesis ...
Place and Route ...
Tech mapping ...
ADD: pft.M0040: information: The following 3 pin(s) will be assigned a location by the fitter: DEBUG_LED_1(0), Rx_1(0), Tx_1(0)
Info: mpr.M0037: Unused pieces of the design have been optimized out. See the Tech mapping section of the report file for details. (App=cydsfit)
Analog Placement ...
Analog Routing ...
Analog Code Generation ...
Digital Placement ...
Digital Routing ...
Bitstream Generation ...
Static timing analysis ...
API Generation ...
Dependency Generation ...
Clean Temporary Files ...
arm-none-eabi-gcc.exe -I. -Wno-main -I./Generated_Source/PSoC5 -mcpu=cortex-m3 -mthumb -Wall -g -D DEBUG -Wa,-alh=.\CortexM3\ARM_GCC_441\Debug\bal.lst -ffunction-sections -c .\bal.c -o .\CortexM3\ARM_GCC_441\Debug\bal.o
arm-none-eabi-gcc.exe -I. -Wno-main -I./Generated_Source/PSoC5 -mcpu=cortex-m3 -mthumb -Wall -g -D DEBUG -Wa,-alh=.\CortexM3\ARM_GCC_441\Debug\bpl.lst -ffunction-sections -c .\bpl.c -o .\CortexM3\ARM_GCC_441\Debug\bpl.o
arm-none-eabi-gcc.exe -I. -Wno-main -I./Generated_Source/PSoC5 -mcpu=cortex-m3 -mthumb -Wall -g -D DEBUG -Wa,-alh=.\CortexM3\ARM_GCC_441\Debug\bus.lst -ffunction-sections -c .\bus.c -o .\CortexM3\ARM_GCC_441\Debug\bus.o
arm-none-eabi-gcc.exe -I. -Wno-main -I./Generated_Source/PSoC5 -mcpu=cortex-m3 -mthumb -Wall -g -D DEBUG -Wa,-alh=.\CortexM3\ARM_GCC_441\Debug\hal.lst -ffunction-sections -c .\hal.c -o .\CortexM3\ARM_GCC_441\Debug\hal.o
arm-none-eabi-gcc.exe -I. -Wno-main -I./Generated_Source/PSoC5 -mcpu=cortex-m3 -mthumb -Wall -g -D DEBUG -Wa,-alh=.\CortexM3\ARM_GCC_441\Debug\servo_cds5500.lst -ffunction-sections -c .\servo_cds5500.c -o .\CortexM3\ARM_GCC_441\Debug\servo_cds5500.o
arm-none-eabi-gcc.exe -I. -Wno-main -I./Generated_Source/PSoC5 -mcpu=cortex-m3 -mthumb -Wall -g -D DEBUG -Wa,-alh=.\CortexM3\ARM_GCC_441\Debug\test.lst -ffunction-sections -c .\test.c -o .\CortexM3\ARM_GCC_441\Debug\test.o
arm-none-eabi-gcc.exe -I. -Wno-main -I./Generated_Source/PSoC5 -mcpu=cortex-m3 -mthumb -Wall -g -D DEBUG -Wa,-alh=.\CortexM3\ARM_GCC_441\Debug\tmr.lst -ffunction-sections -c .\tmr.c -o .\CortexM3\ARM_GCC_441\Debug\tmr.o
arm-none-eabi-gcc.exe -I. -Wno-main -I./Generated_Source/PSoC5 -mcpu=cortex-m3 -mthumb -Wall -g -D DEBUG -Wa,-alh=.\CortexM3\ARM_GCC_441\Debug\Isr_timer.lst -ffunction-sections -c .\Generated_Source\PSoC5\Isr_timer.c -o .\CortexM3\ARM_GCC_441\Debug\Isr_timer.o
arm-none-eabi-gcc.exe -I. -Wno-main -I./Generated_Source/PSoC5 -mcpu=cortex-m3 -mthumb -Wall -g -D DEBUG -Wa,-alh=.\CortexM3\ARM_GCC_441\Debug\DEBUG_LED_1.lst -ffunction-sections -c .\Generated_Source\PSoC5\DEBUG_LED_1.c -o .\CortexM3\ARM_GCC_441\Debug\DEBUG_LED_1.o
arm-none-eabi-gcc.exe -I. -Wno-main -I./Generated_Source/PSoC5 -mcpu=cortex-m3 -mthumb -Wall -g -D DEBUG -Wa,-alh=.\CortexM3\ARM_GCC_441\Debug\TIMER.lst -ffunction-sections -c .\Generated_Source\PSoC5\TIMER.c -o .\CortexM3\ARM_GCC_441\Debug\TIMER.o
arm-none-eabi-gcc.exe -I. -Wno-main -I./Generated_Source/PSoC5 -mcpu=cortex-m3 -mthumb -Wall -g -D DEBUG -Wa,-alh=.\CortexM3\ARM_GCC_441\Debug\TIMER_PM.lst -ffunction-sections -c .\Generated_Source\PSoC5\TIMER_PM.c -o .\CortexM3\ARM_GCC_441\Debug\TIMER_PM.o
arm-none-eabi-gcc.exe -I. -Wno-main -I./Generated_Source/PSoC5 -mcpu=cortex-m3 -mthumb -Wall -g -D DEBUG -Wa,-alh=.\CortexM3\ARM_GCC_441\Debug\TIMER_CLOCK.lst -ffunction-sections -c .\Generated_Source\PSoC5\TIMER_CLOCK.c -o .\CortexM3\ARM_GCC_441\Debug\TIMER_CLOCK.o
arm-none-eabi-gcc.exe -I. -Wno-main -I./Generated_Source/PSoC5 -mcpu=cortex-m3 -mthumb -Wall -g -D DEBUG -Wa,-alh=.\CortexM3\ARM_GCC_441\Debug\UART_TEST.lst -ffunction-sections -c .\Generated_Source\PSoC5\UART_TEST.c -o .\CortexM3\ARM_GCC_441\Debug\UART_TEST.o
arm-none-eabi-gcc.exe -I. -Wno-main -I./Generated_Source/PSoC5 -mcpu=cortex-m3 -mthumb -Wall -g -D DEBUG -Wa,-alh=.\CortexM3\ARM_GCC_441\Debug\UART_TEST_PM.lst -ffunction-sections -c .\Generated_Source\PSoC5\UART_TEST_PM.c -o .\CortexM3\ARM_GCC_441\Debug\UART_TEST_PM.o
arm-none-eabi-gcc.exe -I. -Wno-main -I./Generated_Source/PSoC5 -mcpu=cortex-m3 -mthumb -Wall -g -D DEBUG -Wa,-alh=.\CortexM3\ARM_GCC_441\Debug\UART_TEST_INT.lst -ffunction-sections -c .\Generated_Source\PSoC5\UART_TEST_INT.c -o .\CortexM3\ARM_GCC_441\Debug\UART_TEST_INT.o
arm-none-eabi-gcc.exe -I. -Wno-main -I./Generated_Source/PSoC5 -mcpu=cortex-m3 -mthumb -Wall -g -D DEBUG -Wa,-alh=.\CortexM3\ARM_GCC_441\Debug\UART_TEST_BOOT.lst -ffunction-sections -c .\Generated_Source\PSoC5\UART_TEST_BOOT.c -o .\CortexM3\ARM_GCC_441\Debug\UART_TEST_BOOT.o
arm-none-eabi-gcc.exe -I. -Wno-main -I./Generated_Source/PSoC5 -mcpu=cortex-m3 -mthumb -Wall -g -D DEBUG -Wa,-alh=.\CortexM3\ARM_GCC_441\Debug\UART.lst -ffunction-sections -c .\Generated_Source\PSoC5\UART.c -o .\CortexM3\ARM_GCC_441\Debug\UART.o
arm-none-eabi-gcc.exe -I. -Wno-main -I./Generated_Source/PSoC5 -mcpu=cortex-m3 -mthumb -Wall -g -D DEBUG -Wa,-alh=.\CortexM3\ARM_GCC_441\Debug\UART_PM.lst -ffunction-sections -c .\Generated_Source\PSoC5\UART_PM.c -o .\CortexM3\ARM_GCC_441\Debug\UART_PM.o
arm-none-eabi-gcc.exe -I. -Wno-main -I./Generated_Source/PSoC5 -mcpu=cortex-m3 -mthumb -Wall -g -D DEBUG -Wa,-alh=.\CortexM3\ARM_GCC_441\Debug\UART_INT.lst -ffunction-sections -c .\Generated_Source\PSoC5\UART_INT.c -o .\CortexM3\ARM_GCC_441\Debug\UART_INT.o
arm-none-eabi-gcc.exe -I. -Wno-main -I./Generated_Source/PSoC5 -mcpu=cortex-m3 -mthumb -Wall -g -D DEBUG -Wa,-alh=.\CortexM3\ARM_GCC_441\Debug\UART_BOOT.lst -ffunction-sections -c .\Generated_Source\PSoC5\UART_BOOT.c -o .\CortexM3\ARM_GCC_441\Debug\UART_BOOT.o
arm-none-eabi-gcc.exe -I. -Wno-main -I./Generated_Source/PSoC5 -mcpu=cortex-m3 -mthumb -Wall -g -D DEBUG -Wa,-alh=.\CortexM3\ARM_GCC_441\Debug\Isr_rx.lst -ffunction-sections -c .\Generated_Source\PSoC5\Isr_rx.c -o .\CortexM3\ARM_GCC_441\Debug\Isr_rx.o
arm-none-eabi-gcc.exe -I. -Wno-main -I./Generated_Source/PSoC5 -mcpu=cortex-m3 -mthumb -Wall -g -D DEBUG -Wa,-alh=.\CortexM3\ARM_GCC_441\Debug\Isr_tx.lst -ffunction-sections -c .\Generated_Source\PSoC5\Isr_tx.c -o .\CortexM3\ARM_GCC_441\Debug\Isr_tx.o
arm-none-eabi-gcc.exe -I. -Wno-main -I./Generated_Source/PSoC5 -mcpu=cortex-m3 -mthumb -Wall -g -D DEBUG -Wa,-alh=.\CortexM3\ARM_GCC_441\Debug\UART_TEST_IntClock.lst -ffunction-sections -c .\Generated_Source\PSoC5\UART_TEST_IntClock.c -o .\CortexM3\ARM_GCC_441\Debug\UART_TEST_IntClock.o
arm-none-eabi-gcc.exe -I. -Wno-main -I./Generated_Source/PSoC5 -mcpu=cortex-m3 -mthumb -Wall -g -D DEBUG -Wa,-alh=.\CortexM3\ARM_GCC_441\Debug\UART_IntClock.lst -ffunction-sections -c .\Generated_Source\PSoC5\UART_IntClock.c -o .\CortexM3\ARM_GCC_441\Debug\UART_IntClock.o
arm-none-eabi-gcc.exe -I. -Wno-main -I./Generated_Source/PSoC5 -mcpu=cortex-m3 -mthumb -Wall -g -D DEBUG -Wa,-alh=.\CortexM3\ARM_GCC_441\Debug\Cm3Start.lst -ffunction-sections -c .\Generated_Source\PSoC5\Cm3Start.c -o .\CortexM3\ARM_GCC_441\Debug\Cm3Start.o
arm-none-eabi-gcc.exe -I. -Wno-main -I./Generated_Source/PSoC5 -mcpu=cortex-m3 -mthumb -Wall -g -D DEBUG -Wa,-alh=.\CortexM3\ARM_GCC_441\Debug\core_cm3.lst -ffunction-sections -c .\Generated_Source\PSoC5\core_cm3.c -o .\CortexM3\ARM_GCC_441\Debug\core_cm3.o
arm-none-eabi-as.exe -I. -I./Generated_Source/PSoC5 -mcpu=cortex-m3 -mthumb -g -alh=.\CortexM3\ARM_GCC_441\Debug/CyBootAsmGnu.lst -o .\CortexM3\ARM_GCC_441\Debug\CyBootAsmGnu.o .\Generated_Source\PSoC5\CyBootAsmGnu.s
arm-none-eabi-gcc.exe -I. -Wno-main -I./Generated_Source/PSoC5 -mcpu=cortex-m3 -mthumb -Wall -g -D DEBUG -Wa,-alh=.\CortexM3\ARM_GCC_441\Debug\CyDmac.lst -ffunction-sections -c .\Generated_Source\PSoC5\CyDmac.c -o .\CortexM3\ARM_GCC_441\Debug\CyDmac.o
arm-none-eabi-gcc.exe -I. -Wno-main -I./Generated_Source/PSoC5 -mcpu=cortex-m3 -mthumb -Wall -g -D DEBUG -Wa,-alh=.\CortexM3\ARM_GCC_441\Debug\CyFlash.lst -ffunction-sections -c .\Generated_Source\PSoC5\CyFlash.c -o .\CortexM3\ARM_GCC_441\Debug\CyFlash.o
arm-none-eabi-gcc.exe -I. -Wno-main -I./Generated_Source/PSoC5 -mcpu=cortex-m3 -mthumb -Wall -g -D DEBUG -Wa,-alh=.\CortexM3\ARM_GCC_441\Debug\CyLib.lst -ffunction-sections -c .\Generated_Source\PSoC5\CyLib.c -o .\CortexM3\ARM_GCC_441\Debug\CyLib.o
arm-none-eabi-gcc.exe -I. -Wno-main -I./Generated_Source/PSoC5 -mcpu=cortex-m3 -mthumb -Wall -g -D DEBUG -Wa,-alh=.\CortexM3\ARM_GCC_441\Debug\cyPm.lst -ffunction-sections -c .\Generated_Source\PSoC5\cyPm.c -o .\CortexM3\ARM_GCC_441\Debug\cyPm.o
arm-none-eabi-gcc.exe -I. -Wno-main -I./Generated_Source/PSoC5 -mcpu=cortex-m3 -mthumb -Wall -g -D DEBUG -Wa,-alh=.\CortexM3\ARM_GCC_441\Debug\CySpc.lst -ffunction-sections -c .\Generated_Source\PSoC5\CySpc.c -o .\CortexM3\ARM_GCC_441\Debug\CySpc.o
arm-none-eabi-gcc.exe -I. -Wno-main -I./Generated_Source/PSoC5 -mcpu=cortex-m3 -mthumb -Wall -g -D DEBUG -Wa,-alh=.\CortexM3\ARM_GCC_441\Debug\cyutils.lst -ffunction-sections -c .\Generated_Source\PSoC5\cyutils.c -o .\CortexM3\ARM_GCC_441\Debug\cyutils.o
arm-none-eabi-gcc.exe -I. -Wno-main -I./Generated_Source/PSoC5 -mcpu=cortex-m3 -mthumb -Wall -g -D DEBUG -Wa,-alh=.\CortexM3\ARM_GCC_441\Debug\cyfitter_cfg.lst -ffunction-sections -c .\Generated_Source\PSoC5\cyfitter_cfg.c -o .\CortexM3\ARM_GCC_441\Debug\cyfitter_cfg.o
arm-none-eabi-ar.exe -rs .\CortexM3\ARM_GCC_441\Debug\DrivePlatform.a .\CortexM3\ARM_GCC_441\Debug\Isr_timer.o .\CortexM3\ARM_GCC_441\Debug\DEBUG_LED_1.o .\CortexM3\ARM_GCC_441\Debug\TIMER.o .\CortexM3\ARM_GCC_441\Debug\TIMER_PM.o .\CortexM3\ARM_GCC_441\Debug\TIMER_CLOCK.o .\CortexM3\ARM_GCC_441\Debug\UART_TEST.o .\CortexM3\ARM_GCC_441\Debug\UART_TEST_PM.o .\CortexM3\ARM_GCC_441\Debug\UART_TEST_INT.o .\CortexM3\ARM_GCC_441\Debug\UART_TEST_BOOT.o .\CortexM3\ARM_GCC_441\Debug\UART.o .\CortexM3\ARM_GCC_441\Debug\UART_PM.o .\CortexM3\ARM_GCC_441\Debug\UART_INT.o .\CortexM3\ARM_GCC_441\Debug\UART_BOOT.o .\CortexM3\ARM_GCC_441\Debug\Isr_rx.o .\CortexM3\ARM_GCC_441\Debug\Isr_tx.o .\CortexM3\ARM_GCC_441\Debug\UART_TEST_IntClock.o .\CortexM3\ARM_GCC_441\Debug\UART_IntClock.o .\CortexM3\ARM_GCC_441\Debug\core_cm3.o .\CortexM3\ARM_GCC_441\Debug\CyBootAsmGnu.o .\CortexM3\ARM_GCC_441\Debug\CyDmac.o .\CortexM3\ARM_GCC_441\Debug\CyFlash.o .\CortexM3\ARM_GCC_441\Debug\CyLib.o .\CortexM3\ARM_GCC_441\Debug\cyPm.o .\CortexM3\ARM_GCC_441\Debug\CySpc.o .\CortexM3\ARM_GCC_441\Debug\cyutils.o .\CortexM3\ARM_GCC_441\Debug\cyfitter_cfg.o
arm-none-eabi-ar.exe: creating .\CortexM3\ARM_GCC_441\Debug\DrivePlatform.a
arm-none-eabi-gcc.exe -mthumb -march=armv7-m -mfix-cortex-m3-ldrd -T .\Generated_Source\PSoC5\cm3gcc.ld -g -Wl,-Map,.\CortexM3\ARM_GCC_441\Debug\DrivePlatform.map -Wl,--gc-sections -Wl,--start-group -o .\CortexM3\ARM_GCC_441\Debug\DrivePlatform.elf .\CortexM3\ARM_GCC_441\Debug\bal.o .\CortexM3\ARM_GCC_441\Debug\bpl.o .\CortexM3\ARM_GCC_441\Debug\bus.o .\CortexM3\ARM_GCC_441\Debug\hal.o .\CortexM3\ARM_GCC_441\Debug\servo_cds5500.o .\CortexM3\ARM_GCC_441\Debug\test.o .\CortexM3\ARM_GCC_441\Debug\tmr.o .\CortexM3\ARM_GCC_441\Debug\Cm3Start.o .\CortexM3\ARM_GCC_441\Debug\DrivePlatform.a "C:\Program Files (x86)\Cypress\PSoC Creator\2.2\PSoC Creator\psoc\content\cycomponentlibrary\CyComponentLibrary.cylib\CortexM3\ARM_GCC_441\Debug\CyComponentLibrary.a" -Wl,--end-group
c:/program files (x86)/cypress/psoc creator/2.2/psoc creator/import/gnu_cs/arm/4.4.1/bin/../lib/gcc/arm-none-eabi/4.4.1/../../../../arm-none-eabi/lib/thumb2\libcs3.a(start_c.o): In function `__cs3_premain':
start_c.c:(.text+0x14): undefined reference to `main'
collect2: ld returned 1 exit status
The command 'arm-none-eabi-gcc.exe' failed with exit code '1'.
--------------- Rebuild Failed: 08/30/2014 15:24:14 ---------------
