ARM GAS  C:\Users\Martin\AppData\Local\Temp\ccqRx9Vh.s 			page 1


   1              		.syntax unified
   2              		.cpu cortex-m3
   3              		.fpu softvfp
   4              		.eabi_attribute 20, 1
   5              		.eabi_attribute 21, 1
   6              		.eabi_attribute 23, 3
   7              		.eabi_attribute 24, 1
   8              		.eabi_attribute 25, 1
   9              		.eabi_attribute 26, 1
  10              		.eabi_attribute 30, 6
  11              		.eabi_attribute 18, 4
  12              		.thumb
  13              		.file	"main.c"
  14              		.section	.debug_abbrev,"",%progbits
  15              	.Ldebug_abbrev0:
  16              		.section	.debug_info,"",%progbits
  17              	.Ldebug_info0:
  18              		.section	.debug_line,"",%progbits
  19              	.Ldebug_line0:
  20 0000 7D000000 		.text
  20      02006000 
  20      00000201 
  20      FB0E0D00 
  20      01010101 
  21              	.Ltext0:
  22              		.cfi_sections	.debug_frame
  23              		.section	.text.main,"ax",%progbits
  24              		.align	2
  25              		.global	main
  26              		.thumb
  27              		.thumb_func
  28              		.type	main, %function
  29              	main:
  30              	.LFB29:
  31              		.file 1 ".\\main.c"
   1:.\main.c      **** /* Copyright (C) <2014> <Martin Schalk>
   2:.\main.c      ****  * All rights reserved.
   3:.\main.c      ****  *
   4:.\main.c      ****  * This software may be modified and distributed under the terms
   5:.\main.c      ****  * of the BSD license.  See the LICENSE file for details.
   6:.\main.c      ****  */
   7:.\main.c      **** 
   8:.\main.c      **** #include <project.h>
   9:.\main.c      **** #include "servo_cds5500.h"
  10:.\main.c      **** #include "hal.h"
  11:.\main.c      **** #include "bpl.h"
  12:.\main.c      **** #include "tmr.h"
  13:.\main.c      **** #include "test.h"
  14:.\main.c      **** 
  15:.\main.c      **** #include "global.h"
  16:.\main.c      **** 
  17:.\main.c      **** int main()
  18:.\main.c      **** {
  32              		.loc 1 18 0
  33              		.cfi_startproc
  34              		@ args = 0, pretend = 0, frame = 8
  35              		@ frame_needed = 1, uses_anonymous_args = 0
ARM GAS  C:\Users\Martin\AppData\Local\Temp\ccqRx9Vh.s 			page 2


  36 0000 80B5     		push	{r7, lr}
  37              	.LCFI0:
  38              		.cfi_def_cfa_offset 8
  39 0002 82B0     		sub	sp, sp, #8
  40              	.LCFI1:
  41              		.cfi_def_cfa_offset 16
  42 0004 00AF     		add	r7, sp, #0
  43              		.cfi_offset 14, -4
  44              		.cfi_offset 7, -8
  45              	.LCFI2:
  46              		.cfi_def_cfa_register 7
  19:.\main.c      **** 	STATUS status;
  20:.\main.c      **** 	
  21:.\main.c      **** 	/* Initialization */
  22:.\main.c      **** 	/* -------------- */
  23:.\main.c      **** 	CyGlobalIntEnable; /* Enable interrupts */
  47              		.loc 1 23 0
  48              	@ 23 ".\main.c" 1
  49 0006 62B6     		CPSIE   i
  50              	@ 0 "" 2
  24:.\main.c      **** 	status = HAL_Init();
  51              		.loc 1 24 0
  52              		.thumb
  53 0008 FFF7FEFF 		bl	HAL_Init
  54 000c 0346     		mov	r3, r0
  55 000e FB71     		strb	r3, [r7, #7]
  25:.\main.c      **** 	status = TMR_Init();
  56              		.loc 1 25 0
  57 0010 FFF7FEFF 		bl	TMR_Init
  58 0014 0346     		mov	r3, r0
  59 0016 FB71     		strb	r3, [r7, #7]
  26:.\main.c      **** #ifdef TEST_UART
  27:.\main.c      **** 	TST_Init();
  60              		.loc 1 27 0
  61 0018 FFF7FEFF 		bl	TST_Init
  62              	.L2:
  28:.\main.c      **** #endif
  29:.\main.c      **** 
  30:.\main.c      ****     for(;;)
  31:.\main.c      ****     {
  32:.\main.c      ****         /* Bus handler */
  33:.\main.c      **** 		BPL_HandleTask();
  63              		.loc 1 33 0
  64 001c FFF7FEFF 		bl	BPL_HandleTask
  34:.\main.c      ****         
  35:.\main.c      ****         /* Bus abstraction layer handler (not yet containing any functionality) */
  36:.\main.c      ****         BAL_Handler();
  65              		.loc 1 36 0
  66 0020 FFF7FEFF 		bl	BAL_Handler
  37:.\main.c      **** 		
  38:.\main.c      **** 		/* Timer Handler */
  39:.\main.c      **** 		TMR_HandleTask();
  67              		.loc 1 39 0
  68 0024 FFF7FEFF 		bl	TMR_HandleTask
  40:.\main.c      ****     }
  69              		.loc 1 40 0
  70 0028 F8E7     		b	.L2
ARM GAS  C:\Users\Martin\AppData\Local\Temp\ccqRx9Vh.s 			page 3


  71              		.cfi_endproc
  72              	.LFE29:
  73              		.size	main, .-main
  74 002a 00BF     		.text
  75              	.Letext0:
  76              		.section	.debug_loc,"",%progbits
  77              	.Ldebug_loc0:
  78              	.LLST0:
  79 0000 00000000 		.4byte	.LFB29
  80 0004 02000000 		.4byte	.LCFI0
  81 0008 0100     		.2byte	0x1
  82 000a 5D       		.byte	0x5d
  83 000b 02000000 		.4byte	.LCFI0
  84 000f 04000000 		.4byte	.LCFI1
  85 0013 0200     		.2byte	0x2
  86 0015 7D       		.byte	0x7d
  87 0016 08       		.sleb128 8
  88 0017 04000000 		.4byte	.LCFI1
  89 001b 06000000 		.4byte	.LCFI2
  90 001f 0200     		.2byte	0x2
  91 0021 7D       		.byte	0x7d
  92 0022 10       		.sleb128 16
  93 0023 06000000 		.4byte	.LCFI2
  94 0027 2A000000 		.4byte	.LFE29
  95 002b 0200     		.2byte	0x2
  96 002d 77       		.byte	0x77
  97 002e 10       		.sleb128 16
  98 002f 00000000 		.4byte	0x0
  99 0033 00000000 		.4byte	0x0
 100              		.file 2 "./Generated_Source/PSoC5/cytypes.h"
 101              		.file 3 "./types.h"
 102              		.file 4 "./Generated_Source/PSoC5/core_cm3.h"
 103              		.section	.debug_info
 104 0000 D8000000 		.4byte	0xd8
 105 0004 0200     		.2byte	0x2
 106 0006 00000000 		.4byte	.Ldebug_abbrev0
 107 000a 04       		.byte	0x4
 108 000b 01       		.uleb128 0x1
 109 000c A5000000 		.4byte	.LASF14
 110 0010 01       		.byte	0x1
 111 0011 10010000 		.4byte	.LASF15
 112 0015 56000000 		.4byte	.LASF16
 113 0019 00000000 		.4byte	0x0
 114 001d 00000000 		.4byte	0x0
 115 0021 00000000 		.4byte	.Ldebug_ranges0+0x0
 116 0025 00000000 		.4byte	.Ldebug_line0
 117 0029 02       		.uleb128 0x2
 118 002a 01       		.byte	0x1
 119 002b 06       		.byte	0x6
 120 002c FE000000 		.4byte	.LASF0
 121 0030 02       		.uleb128 0x2
 122 0031 01       		.byte	0x1
 123 0032 08       		.byte	0x8
 124 0033 B1000000 		.4byte	.LASF1
 125 0037 02       		.uleb128 0x2
 126 0038 02       		.byte	0x2
 127 0039 05       		.byte	0x5
ARM GAS  C:\Users\Martin\AppData\Local\Temp\ccqRx9Vh.s 			page 4


 128 003a D1000000 		.4byte	.LASF2
 129 003e 02       		.uleb128 0x2
 130 003f 02       		.byte	0x2
 131 0040 07       		.byte	0x7
 132 0041 EB000000 		.4byte	.LASF3
 133 0045 02       		.uleb128 0x2
 134 0046 04       		.byte	0x4
 135 0047 05       		.byte	0x5
 136 0048 E2000000 		.4byte	.LASF4
 137 004c 02       		.uleb128 0x2
 138 004d 04       		.byte	0x4
 139 004e 07       		.byte	0x7
 140 004f 2D000000 		.4byte	.LASF5
 141 0053 02       		.uleb128 0x2
 142 0054 08       		.byte	0x8
 143 0055 05       		.byte	0x5
 144 0056 00000000 		.4byte	.LASF6
 145 005a 02       		.uleb128 0x2
 146 005b 08       		.byte	0x8
 147 005c 07       		.byte	0x7
 148 005d 3F000000 		.4byte	.LASF7
 149 0061 03       		.uleb128 0x3
 150 0062 04       		.byte	0x4
 151 0063 05       		.byte	0x5
 152 0064 696E7400 		.ascii	"int\000"
 153 0068 02       		.uleb128 0x2
 154 0069 04       		.byte	0x4
 155 006a 07       		.byte	0x7
 156 006b 0E000000 		.4byte	.LASF8
 157 006f 04       		.uleb128 0x4
 158 0070 27000000 		.4byte	.LASF12
 159 0074 02       		.byte	0x2
 160 0075 4C       		.byte	0x4c
 161 0076 30000000 		.4byte	0x30
 162 007a 02       		.uleb128 0x2
 163 007b 04       		.byte	0x4
 164 007c 04       		.byte	0x4
 165 007d 0A010000 		.4byte	.LASF9
 166 0081 02       		.uleb128 0x2
 167 0082 08       		.byte	0x8
 168 0083 04       		.byte	0x4
 169 0084 DB000000 		.4byte	.LASF10
 170 0088 02       		.uleb128 0x2
 171 0089 01       		.byte	0x1
 172 008a 08       		.byte	0x8
 173 008b BF000000 		.4byte	.LASF11
 174 008f 05       		.uleb128 0x5
 175 0090 04       		.byte	0x4
 176 0091 07       		.byte	0x7
 177 0092 04       		.uleb128 0x4
 178 0093 19010000 		.4byte	.LASF13
 179 0097 03       		.byte	0x3
 180 0098 0E       		.byte	0xe
 181 0099 6F000000 		.4byte	0x6f
 182 009d 06       		.uleb128 0x6
 183 009e 01       		.byte	0x1
 184 009f 1B000000 		.4byte	.LASF17
ARM GAS  C:\Users\Martin\AppData\Local\Temp\ccqRx9Vh.s 			page 5


 185 00a3 01       		.byte	0x1
 186 00a4 11       		.byte	0x11
 187 00a5 61000000 		.4byte	0x61
 188 00a9 00000000 		.4byte	.LFB29
 189 00ad 2A000000 		.4byte	.LFE29
 190 00b1 00000000 		.4byte	.LLST0
 191 00b5 C8000000 		.4byte	0xc8
 192 00b9 07       		.uleb128 0x7
 193 00ba 20000000 		.4byte	.LASF18
 194 00be 01       		.byte	0x1
 195 00bf 13       		.byte	0x13
 196 00c0 92000000 		.4byte	0x92
 197 00c4 02       		.byte	0x2
 198 00c5 91       		.byte	0x91
 199 00c6 77       		.sleb128 -9
 200 00c7 00       		.byte	0x0
 201 00c8 08       		.uleb128 0x8
 202 00c9 C4000000 		.4byte	.LASF19
 203 00cd 04       		.byte	0x4
 204 00ce CE06     		.2byte	0x6ce
 205 00d0 D6000000 		.4byte	0xd6
 206 00d4 01       		.byte	0x1
 207 00d5 01       		.byte	0x1
 208 00d6 09       		.uleb128 0x9
 209 00d7 61000000 		.4byte	0x61
 210 00db 00       		.byte	0x0
 211              		.section	.debug_abbrev
 212 0000 01       		.uleb128 0x1
 213 0001 11       		.uleb128 0x11
 214 0002 01       		.byte	0x1
 215 0003 25       		.uleb128 0x25
 216 0004 0E       		.uleb128 0xe
 217 0005 13       		.uleb128 0x13
 218 0006 0B       		.uleb128 0xb
 219 0007 03       		.uleb128 0x3
 220 0008 0E       		.uleb128 0xe
 221 0009 1B       		.uleb128 0x1b
 222 000a 0E       		.uleb128 0xe
 223 000b 11       		.uleb128 0x11
 224 000c 01       		.uleb128 0x1
 225 000d 52       		.uleb128 0x52
 226 000e 01       		.uleb128 0x1
 227 000f 55       		.uleb128 0x55
 228 0010 06       		.uleb128 0x6
 229 0011 10       		.uleb128 0x10
 230 0012 06       		.uleb128 0x6
 231 0013 00       		.byte	0x0
 232 0014 00       		.byte	0x0
 233 0015 02       		.uleb128 0x2
 234 0016 24       		.uleb128 0x24
 235 0017 00       		.byte	0x0
 236 0018 0B       		.uleb128 0xb
 237 0019 0B       		.uleb128 0xb
 238 001a 3E       		.uleb128 0x3e
 239 001b 0B       		.uleb128 0xb
 240 001c 03       		.uleb128 0x3
 241 001d 0E       		.uleb128 0xe
ARM GAS  C:\Users\Martin\AppData\Local\Temp\ccqRx9Vh.s 			page 6


 242 001e 00       		.byte	0x0
 243 001f 00       		.byte	0x0
 244 0020 03       		.uleb128 0x3
 245 0021 24       		.uleb128 0x24
 246 0022 00       		.byte	0x0
 247 0023 0B       		.uleb128 0xb
 248 0024 0B       		.uleb128 0xb
 249 0025 3E       		.uleb128 0x3e
 250 0026 0B       		.uleb128 0xb
 251 0027 03       		.uleb128 0x3
 252 0028 08       		.uleb128 0x8
 253 0029 00       		.byte	0x0
 254 002a 00       		.byte	0x0
 255 002b 04       		.uleb128 0x4
 256 002c 16       		.uleb128 0x16
 257 002d 00       		.byte	0x0
 258 002e 03       		.uleb128 0x3
 259 002f 0E       		.uleb128 0xe
 260 0030 3A       		.uleb128 0x3a
 261 0031 0B       		.uleb128 0xb
 262 0032 3B       		.uleb128 0x3b
 263 0033 0B       		.uleb128 0xb
 264 0034 49       		.uleb128 0x49
 265 0035 13       		.uleb128 0x13
 266 0036 00       		.byte	0x0
 267 0037 00       		.byte	0x0
 268 0038 05       		.uleb128 0x5
 269 0039 24       		.uleb128 0x24
 270 003a 00       		.byte	0x0
 271 003b 0B       		.uleb128 0xb
 272 003c 0B       		.uleb128 0xb
 273 003d 3E       		.uleb128 0x3e
 274 003e 0B       		.uleb128 0xb
 275 003f 00       		.byte	0x0
 276 0040 00       		.byte	0x0
 277 0041 06       		.uleb128 0x6
 278 0042 2E       		.uleb128 0x2e
 279 0043 01       		.byte	0x1
 280 0044 3F       		.uleb128 0x3f
 281 0045 0C       		.uleb128 0xc
 282 0046 03       		.uleb128 0x3
 283 0047 0E       		.uleb128 0xe
 284 0048 3A       		.uleb128 0x3a
 285 0049 0B       		.uleb128 0xb
 286 004a 3B       		.uleb128 0x3b
 287 004b 0B       		.uleb128 0xb
 288 004c 49       		.uleb128 0x49
 289 004d 13       		.uleb128 0x13
 290 004e 11       		.uleb128 0x11
 291 004f 01       		.uleb128 0x1
 292 0050 12       		.uleb128 0x12
 293 0051 01       		.uleb128 0x1
 294 0052 40       		.uleb128 0x40
 295 0053 06       		.uleb128 0x6
 296 0054 01       		.uleb128 0x1
 297 0055 13       		.uleb128 0x13
 298 0056 00       		.byte	0x0
ARM GAS  C:\Users\Martin\AppData\Local\Temp\ccqRx9Vh.s 			page 7


 299 0057 00       		.byte	0x0
 300 0058 07       		.uleb128 0x7
 301 0059 34       		.uleb128 0x34
 302 005a 00       		.byte	0x0
 303 005b 03       		.uleb128 0x3
 304 005c 0E       		.uleb128 0xe
 305 005d 3A       		.uleb128 0x3a
 306 005e 0B       		.uleb128 0xb
 307 005f 3B       		.uleb128 0x3b
 308 0060 0B       		.uleb128 0xb
 309 0061 49       		.uleb128 0x49
 310 0062 13       		.uleb128 0x13
 311 0063 02       		.uleb128 0x2
 312 0064 0A       		.uleb128 0xa
 313 0065 00       		.byte	0x0
 314 0066 00       		.byte	0x0
 315 0067 08       		.uleb128 0x8
 316 0068 34       		.uleb128 0x34
 317 0069 00       		.byte	0x0
 318 006a 03       		.uleb128 0x3
 319 006b 0E       		.uleb128 0xe
 320 006c 3A       		.uleb128 0x3a
 321 006d 0B       		.uleb128 0xb
 322 006e 3B       		.uleb128 0x3b
 323 006f 05       		.uleb128 0x5
 324 0070 49       		.uleb128 0x49
 325 0071 13       		.uleb128 0x13
 326 0072 3F       		.uleb128 0x3f
 327 0073 0C       		.uleb128 0xc
 328 0074 3C       		.uleb128 0x3c
 329 0075 0C       		.uleb128 0xc
 330 0076 00       		.byte	0x0
 331 0077 00       		.byte	0x0
 332 0078 09       		.uleb128 0x9
 333 0079 35       		.uleb128 0x35
 334 007a 00       		.byte	0x0
 335 007b 49       		.uleb128 0x49
 336 007c 13       		.uleb128 0x13
 337 007d 00       		.byte	0x0
 338 007e 00       		.byte	0x0
 339 007f 00       		.byte	0x0
 340              		.section	.debug_pubnames,"",%progbits
 341 0000 17000000 		.4byte	0x17
 342 0004 0200     		.2byte	0x2
 343 0006 00000000 		.4byte	.Ldebug_info0
 344 000a DC000000 		.4byte	0xdc
 345 000e 9D000000 		.4byte	0x9d
 346 0012 6D61696E 		.ascii	"main\000"
 346      00
 347 0017 00000000 		.4byte	0x0
 348              		.section	.debug_aranges,"",%progbits
 349 0000 1C000000 		.4byte	0x1c
 350 0004 0200     		.2byte	0x2
 351 0006 00000000 		.4byte	.Ldebug_info0
 352 000a 04       		.byte	0x4
 353 000b 00       		.byte	0x0
 354 000c 0000     		.2byte	0x0
ARM GAS  C:\Users\Martin\AppData\Local\Temp\ccqRx9Vh.s 			page 8


 355 000e 0000     		.2byte	0x0
 356 0010 00000000 		.4byte	.LFB29
 357 0014 2A000000 		.4byte	.LFE29-.LFB29
 358 0018 00000000 		.4byte	0x0
 359 001c 00000000 		.4byte	0x0
 360              		.section	.debug_ranges,"",%progbits
 361              	.Ldebug_ranges0:
 362 0000 00000000 		.4byte	.Ltext0
 363 0004 00000000 		.4byte	.Letext0
 364 0008 00000000 		.4byte	.LFB29
 365 000c 2A000000 		.4byte	.LFE29
 366 0010 00000000 		.4byte	0x0
 367 0014 00000000 		.4byte	0x0
 368              		.section	.debug_str,"MS",%progbits,1
 369              	.LASF6:
 370 0000 6C6F6E67 		.ascii	"long long int\000"
 370      206C6F6E 
 370      6720696E 
 370      7400
 371              	.LASF8:
 372 000e 756E7369 		.ascii	"unsigned int\000"
 372      676E6564 
 372      20696E74 
 372      00
 373              	.LASF17:
 374 001b 6D61696E 		.ascii	"main\000"
 374      00
 375              	.LASF18:
 376 0020 73746174 		.ascii	"status\000"
 376      757300
 377              	.LASF12:
 378 0027 75696E74 		.ascii	"uint8\000"
 378      3800
 379              	.LASF5:
 380 002d 6C6F6E67 		.ascii	"long unsigned int\000"
 380      20756E73 
 380      69676E65 
 380      6420696E 
 380      7400
 381              	.LASF7:
 382 003f 6C6F6E67 		.ascii	"long long unsigned int\000"
 382      206C6F6E 
 382      6720756E 
 382      7369676E 
 382      65642069 
 383              	.LASF16:
 384 0056 583A5C72 		.ascii	"X:\\roboticscode\\trunk\\psoc\\psoc_creator_2.2\\Dr"
 384      6F626F74 
 384      69637363 
 384      6F64655C 
 384      7472756E 
 385 0084 6976655F 		.ascii	"ive_Platform\\DrivePlatform.cydsn\000"
 385      506C6174 
 385      666F726D 
 385      5C447269 
 385      7665506C 
 386              	.LASF14:
ARM GAS  C:\Users\Martin\AppData\Local\Temp\ccqRx9Vh.s 			page 9


 387 00a5 474E5520 		.ascii	"GNU C 4.4.1\000"
 387      4320342E 
 387      342E3100 
 388              	.LASF1:
 389 00b1 756E7369 		.ascii	"unsigned char\000"
 389      676E6564 
 389      20636861 
 389      7200
 390              	.LASF11:
 391 00bf 63686172 		.ascii	"char\000"
 391      00
 392              	.LASF19:
 393 00c4 49544D5F 		.ascii	"ITM_RxBuffer\000"
 393      52784275 
 393      66666572 
 393      00
 394              	.LASF2:
 395 00d1 73686F72 		.ascii	"short int\000"
 395      7420696E 
 395      7400
 396              	.LASF10:
 397 00db 646F7562 		.ascii	"double\000"
 397      6C6500
 398              	.LASF4:
 399 00e2 6C6F6E67 		.ascii	"long int\000"
 399      20696E74 
 399      00
 400              	.LASF3:
 401 00eb 73686F72 		.ascii	"short unsigned int\000"
 401      7420756E 
 401      7369676E 
 401      65642069 
 401      6E7400
 402              	.LASF0:
 403 00fe 7369676E 		.ascii	"signed char\000"
 403      65642063 
 403      68617200 
 404              	.LASF9:
 405 010a 666C6F61 		.ascii	"float\000"
 405      7400
 406              	.LASF15:
 407 0110 2E5C6D61 		.ascii	".\\main.c\000"
 407      696E2E63 
 407      00
 408              	.LASF13:
 409 0119 53544154 		.ascii	"STATUS\000"
 409      555300
 410              		.ident	"GCC: (Sourcery G++ Lite 2010q1-188) 4.4.1"
