ARM GAS  C:\Users\Martin\AppData\Local\Temp\ccTzQddw.s 			page 1


   1              		.syntax unified
   2              		.cpu cortex-m3
   3              		.fpu softvfp
   4              		.eabi_attribute 20, 1
   5              		.eabi_attribute 21, 1
   6              		.eabi_attribute 23, 3
   7              		.eabi_attribute 24, 1
   8              		.eabi_attribute 25, 1
   9              		.eabi_attribute 26, 1
  10              		.eabi_attribute 30, 6
  11              		.eabi_attribute 18, 4
  12              		.thumb
  13              		.file	"bal.c"
  14              		.section	.debug_abbrev,"",%progbits
  15              	.Ldebug_abbrev0:
  16              		.section	.debug_info,"",%progbits
  17              	.Ldebug_info0:
  18              		.section	.debug_line,"",%progbits
  19              	.Ldebug_line0:
  20 0000 DF000000 		.text
  20      02008200 
  20      00000201 
  20      FB0E0D00 
  20      01010101 
  21              	.Ltext0:
  22              		.cfi_sections	.debug_frame
  23              		.section	.text.BAL_SendMsg,"ax",%progbits
  24              		.align	2
  25              		.global	BAL_SendMsg
  26              		.thumb
  27              		.thumb_func
  28              		.type	BAL_SendMsg, %function
  29              	BAL_SendMsg:
  30              	.LFB29:
  31              		.file 1 ".\\bal.c"
   1:.\bal.c       **** /* Copyright (C) <2014> <Martin Schalk>
   2:.\bal.c       ****  * All rights reserved.
   3:.\bal.c       ****  *
   4:.\bal.c       ****  * This software may be modified and distributed under the terms
   5:.\bal.c       ****  * of the BSD license.  See the LICENSE file for details.
   6:.\bal.c       ****  */
   7:.\bal.c       **** 
   8:.\bal.c       **** #include "bal.h"
   9:.\bal.c       **** #include "bpl.h"
  10:.\bal.c       **** #include "servo_cds5500.h"
  11:.\bal.c       **** #include <project.h>
  12:.\bal.c       **** #include "global.h"
  13:.\bal.c       **** #include <stdio.h>
  14:.\bal.c       **** 
  15:.\bal.c       **** //static uint8 MsgReceiveBuffer[BAL_MSG_RECEIVE_BUFFER_SIZE];
  16:.\bal.c       **** //static uint8 MsgTransmitBuffer[BAL_MSG_RECEIVE_BUFFER_SIZE];
  17:.\bal.c       **** 
  18:.\bal.c       **** /*****************************************************************/
  19:.\bal.c       **** STATUS BAL_SendMsg(BAL_MSG* msg)
  20:.\bal.c       **** {
  32              		.loc 1 20 0
  33              		.cfi_startproc
ARM GAS  C:\Users\Martin\AppData\Local\Temp\ccTzQddw.s 			page 2


  34              		@ args = 0, pretend = 0, frame = 24
  35              		@ frame_needed = 1, uses_anonymous_args = 0
  36 0000 2DE9F043 		push	{r4, r5, r6, r7, r8, r9, lr}
  37              	.LCFI0:
  38              		.cfi_def_cfa_offset 28
  39 0004 87B0     		sub	sp, sp, #28
  40              	.LCFI1:
  41              		.cfi_def_cfa_offset 56
  42 0006 00AF     		add	r7, sp, #0
  43              		.cfi_offset 14, -4
  44              		.cfi_offset 9, -8
  45              		.cfi_offset 8, -12
  46              		.cfi_offset 7, -16
  47              		.cfi_offset 6, -20
  48              		.cfi_offset 5, -24
  49              		.cfi_offset 4, -28
  50              	.LCFI2:
  51              		.cfi_def_cfa_register 7
  52 0008 7860     		str	r0, [r7, #4]
  53              		.loc 1 20 0
  54 000a 6946     		mov	r1, sp
  55 000c 0E46     		mov	r6, r1
  21:.\bal.c       ****     STATUS status;
  22:.\bal.c       ****     uint8 buffer[3+msg->length];
  56              		.loc 1 22 0
  57 000e 7968     		ldr	r1, [r7, #4]
  58 0010 8978     		ldrb	r1, [r1, #2]	@ zero_extendqisi2
  59 0012 01F1030C 		add	ip, r1, #3
  60 0016 0CF1FF31 		add	r1, ip, #-1
  61 001a F960     		str	r1, [r7, #12]
  62 001c 6146     		mov	r1, ip
  63 001e 0846     		mov	r0, r1
  64 0020 4FF00001 		mov	r1, #0
  65 0024 4FF0FF38 		mov	r8, #-1
  66 0028 4FF00F09 		mov	r9, #15
  67 002c 00EA0800 		and	r0, r0, r8
  68 0030 01EA0901 		and	r1, r1, r9
  69 0034 4FEA507E 		lsr	lr, r0, #29
  70 0038 4FEAC105 		lsl	r5, r1, #3
  71 003c 4EEA0505 		orr	r5, lr, r5
  72 0040 4FEAC004 		lsl	r4, r0, #3
  73 0044 4FF0FF30 		mov	r0, #-1
  74 0048 4FF00F01 		mov	r1, #15
  75 004c 04EA0004 		and	r4, r4, r0
  76 0050 05EA0105 		and	r5, r5, r1
  77 0054 6146     		mov	r1, ip
  78 0056 0846     		mov	r0, r1
  79 0058 4FF00001 		mov	r1, #0
  80 005c 4FF0FF34 		mov	r4, #-1
  81 0060 4FF00F05 		mov	r5, #15
  82 0064 00EA0400 		and	r0, r0, r4
  83 0068 01EA0501 		and	r1, r1, r5
  84 006c 4FEA507E 		lsr	lr, r0, #29
  85 0070 4FEAC103 		lsl	r3, r1, #3
  86 0074 4EEA0303 		orr	r3, lr, r3
  87 0078 4FEAC002 		lsl	r2, r0, #3
  88 007c 4FF0FF30 		mov	r0, #-1
ARM GAS  C:\Users\Martin\AppData\Local\Temp\ccTzQddw.s 			page 3


  89 0080 4FF00F01 		mov	r1, #15
  90 0084 02EA0002 		and	r2, r2, r0
  91 0088 03EA0103 		and	r3, r3, r1
  92 008c 6346     		mov	r3, ip
  93 008e 03F10703 		add	r3, r3, #7
  94 0092 03F10703 		add	r3, r3, #7
  95 0096 4FEAD303 		lsr	r3, r3, #3
  96 009a 4FEAC303 		lsl	r3, r3, #3
  97 009e ADEB030D 		sub	sp, sp, r3
  98 00a2 6B46     		mov	r3, sp
  99 00a4 03F10703 		add	r3, r3, #7
 100 00a8 4FEAD303 		lsr	r3, r3, #3
 101 00ac 4FEAC303 		lsl	r3, r3, #3
 102 00b0 3B61     		str	r3, [r7, #16]
  23:.\bal.c       ****     
  24:.\bal.c       ****     buffer[0] = (uint8)(msg->id << 8);
 103              		.loc 1 24 0
 104 00b2 3B69     		ldr	r3, [r7, #16]
 105 00b4 4FF00002 		mov	r2, #0
 106 00b8 1A70     		strb	r2, [r3, #0]
  25:.\bal.c       ****     buffer[1] = (uint8)(msg->id);
 107              		.loc 1 25 0
 108 00ba 7B68     		ldr	r3, [r7, #4]
 109 00bc 1B88     		ldrh	r3, [r3, #0]
 110 00be DAB2     		uxtb	r2, r3
 111 00c0 3B69     		ldr	r3, [r7, #16]
 112 00c2 5A70     		strb	r2, [r3, #1]
  26:.\bal.c       ****     buffer[2] = msg->length;
 113              		.loc 1 26 0
 114 00c4 7B68     		ldr	r3, [r7, #4]
 115 00c6 9A78     		ldrb	r2, [r3, #2]	@ zero_extendqisi2
 116 00c8 3B69     		ldr	r3, [r7, #16]
 117 00ca 9A70     		strb	r2, [r3, #2]
  27:.\bal.c       ****     memcpy(&buffer[3], msg->content, msg->length);
 118              		.loc 1 27 0
 119 00cc 3B69     		ldr	r3, [r7, #16]
 120 00ce 03F10301 		add	r1, r3, #3
 121 00d2 7B68     		ldr	r3, [r7, #4]
 122 00d4 5A68     		ldr	r2, [r3, #4]
 123 00d6 7B68     		ldr	r3, [r7, #4]
 124 00d8 9B78     		ldrb	r3, [r3, #2]	@ zero_extendqisi2
 125 00da 0846     		mov	r0, r1
 126 00dc 1146     		mov	r1, r2
 127 00de 1A46     		mov	r2, r3
 128 00e0 FFF7FEFF 		bl	memcpy
  28:.\bal.c       ****     
  29:.\bal.c       ****     status = BPL_TransmitMessage(buffer, msg->length + 3);
 129              		.loc 1 29 0
 130 00e4 3A69     		ldr	r2, [r7, #16]
 131 00e6 7B68     		ldr	r3, [r7, #4]
 132 00e8 9B78     		ldrb	r3, [r3, #2]	@ zero_extendqisi2
 133 00ea 03F10303 		add	r3, r3, #3
 134 00ee DBB2     		uxtb	r3, r3
 135 00f0 1046     		mov	r0, r2
 136 00f2 1946     		mov	r1, r3
 137 00f4 FFF7FEFF 		bl	BPL_TransmitMessage
 138 00f8 0346     		mov	r3, r0
ARM GAS  C:\Users\Martin\AppData\Local\Temp\ccTzQddw.s 			page 4


 139 00fa FB75     		strb	r3, [r7, #23]
  30:.\bal.c       ****     
  31:.\bal.c       **** 	return SUCCESS;
 140              		.loc 1 31 0
 141 00fc 4FF00003 		mov	r3, #0
 142 0100 B546     		mov	sp, r6
  32:.\bal.c       **** }
 143              		.loc 1 32 0
 144 0102 1846     		mov	r0, r3
 145 0104 07F11C07 		add	r7, r7, #28
 146 0108 BD46     		mov	sp, r7
 147 010a BDE8F083 		pop	{r4, r5, r6, r7, r8, r9, pc}
 148              		.cfi_endproc
 149              	.LFE29:
 150              		.size	BAL_SendMsg, .-BAL_SendMsg
 151 010e 00BF     		.section	.text.BAL_SendServoMsg,"ax",%progbits
 152              		.align	2
 153              		.global	BAL_SendServoMsg
 154              		.thumb
 155              		.thumb_func
 156              		.type	BAL_SendServoMsg, %function
 157              	BAL_SendServoMsg:
 158              	.LFB30:
  33:.\bal.c       **** 
  34:.\bal.c       **** /*****************************************************************/
  35:.\bal.c       **** STATUS BAL_SendServoMsg(CDS5500_MSG* msg)
  36:.\bal.c       **** {
 159              		.loc 1 36 0
 160              		.cfi_startproc
 161              		@ args = 0, pretend = 0, frame = 24
 162              		@ frame_needed = 1, uses_anonymous_args = 0
 163 0000 2DE9F043 		push	{r4, r5, r6, r7, r8, r9, lr}
 164              	.LCFI3:
 165              		.cfi_def_cfa_offset 28
 166 0004 87B0     		sub	sp, sp, #28
 167              	.LCFI4:
 168              		.cfi_def_cfa_offset 56
 169 0006 00AF     		add	r7, sp, #0
 170              		.cfi_offset 14, -4
 171              		.cfi_offset 9, -8
 172              		.cfi_offset 8, -12
 173              		.cfi_offset 7, -16
 174              		.cfi_offset 6, -20
 175              		.cfi_offset 5, -24
 176              		.cfi_offset 4, -28
 177              	.LCFI5:
 178              		.cfi_def_cfa_register 7
 179 0008 7860     		str	r0, [r7, #4]
 180              		.loc 1 36 0
 181 000a 6946     		mov	r1, sp
 182 000c 0E46     		mov	r6, r1
  37:.\bal.c       ****     STATUS status;
  38:.\bal.c       ****     uint8 buffer[4+msg->length];
 183              		.loc 1 38 0
 184 000e 7968     		ldr	r1, [r7, #4]
 185 0010 C978     		ldrb	r1, [r1, #3]	@ zero_extendqisi2
 186 0012 01F1040C 		add	ip, r1, #4
ARM GAS  C:\Users\Martin\AppData\Local\Temp\ccTzQddw.s 			page 5


 187 0016 0CF1FF31 		add	r1, ip, #-1
 188 001a F960     		str	r1, [r7, #12]
 189 001c 6146     		mov	r1, ip
 190 001e 0846     		mov	r0, r1
 191 0020 4FF00001 		mov	r1, #0
 192 0024 4FF0FF38 		mov	r8, #-1
 193 0028 4FF00F09 		mov	r9, #15
 194 002c 00EA0800 		and	r0, r0, r8
 195 0030 01EA0901 		and	r1, r1, r9
 196 0034 4FEA507E 		lsr	lr, r0, #29
 197 0038 4FEAC105 		lsl	r5, r1, #3
 198 003c 4EEA0505 		orr	r5, lr, r5
 199 0040 4FEAC004 		lsl	r4, r0, #3
 200 0044 4FF0FF30 		mov	r0, #-1
 201 0048 4FF00F01 		mov	r1, #15
 202 004c 04EA0004 		and	r4, r4, r0
 203 0050 05EA0105 		and	r5, r5, r1
 204 0054 6146     		mov	r1, ip
 205 0056 0846     		mov	r0, r1
 206 0058 4FF00001 		mov	r1, #0
 207 005c 4FF0FF34 		mov	r4, #-1
 208 0060 4FF00F05 		mov	r5, #15
 209 0064 00EA0400 		and	r0, r0, r4
 210 0068 01EA0501 		and	r1, r1, r5
 211 006c 4FEA507E 		lsr	lr, r0, #29
 212 0070 4FEAC103 		lsl	r3, r1, #3
 213 0074 4EEA0303 		orr	r3, lr, r3
 214 0078 4FEAC002 		lsl	r2, r0, #3
 215 007c 4FF0FF30 		mov	r0, #-1
 216 0080 4FF00F01 		mov	r1, #15
 217 0084 02EA0002 		and	r2, r2, r0
 218 0088 03EA0103 		and	r3, r3, r1
 219 008c 6346     		mov	r3, ip
 220 008e 03F10703 		add	r3, r3, #7
 221 0092 03F10703 		add	r3, r3, #7
 222 0096 4FEAD303 		lsr	r3, r3, #3
 223 009a 4FEAC303 		lsl	r3, r3, #3
 224 009e ADEB030D 		sub	sp, sp, r3
 225 00a2 6B46     		mov	r3, sp
 226 00a4 03F10703 		add	r3, r3, #7
 227 00a8 4FEAD303 		lsr	r3, r3, #3
 228 00ac 4FEAC303 		lsl	r3, r3, #3
 229 00b0 3B61     		str	r3, [r7, #16]
  39:.\bal.c       ****     
  40:.\bal.c       ****     buffer[0] = msg->startbyte0;
 230              		.loc 1 40 0
 231 00b2 7B68     		ldr	r3, [r7, #4]
 232 00b4 1A78     		ldrb	r2, [r3, #0]	@ zero_extendqisi2
 233 00b6 3B69     		ldr	r3, [r7, #16]
 234 00b8 1A70     		strb	r2, [r3, #0]
  41:.\bal.c       ****     buffer[1] = msg->startbyte1;
 235              		.loc 1 41 0
 236 00ba 7B68     		ldr	r3, [r7, #4]
 237 00bc 5A78     		ldrb	r2, [r3, #1]	@ zero_extendqisi2
 238 00be 3B69     		ldr	r3, [r7, #16]
 239 00c0 5A70     		strb	r2, [r3, #1]
  42:.\bal.c       ****     buffer[2] = msg->motorId;
ARM GAS  C:\Users\Martin\AppData\Local\Temp\ccTzQddw.s 			page 6


 240              		.loc 1 42 0
 241 00c2 7B68     		ldr	r3, [r7, #4]
 242 00c4 9A78     		ldrb	r2, [r3, #2]	@ zero_extendqisi2
 243 00c6 3B69     		ldr	r3, [r7, #16]
 244 00c8 9A70     		strb	r2, [r3, #2]
  43:.\bal.c       ****     buffer[3] = msg->length;
 245              		.loc 1 43 0
 246 00ca 7B68     		ldr	r3, [r7, #4]
 247 00cc DA78     		ldrb	r2, [r3, #3]	@ zero_extendqisi2
 248 00ce 3B69     		ldr	r3, [r7, #16]
 249 00d0 DA70     		strb	r2, [r3, #3]
  44:.\bal.c       ****     memcpy(&buffer[4], msg->instruction, msg->length);
 250              		.loc 1 44 0
 251 00d2 3B69     		ldr	r3, [r7, #16]
 252 00d4 03F10401 		add	r1, r3, #4
 253 00d8 7B68     		ldr	r3, [r7, #4]
 254 00da 03F10402 		add	r2, r3, #4
 255 00de 7B68     		ldr	r3, [r7, #4]
 256 00e0 DB78     		ldrb	r3, [r3, #3]	@ zero_extendqisi2
 257 00e2 0846     		mov	r0, r1
 258 00e4 1146     		mov	r1, r2
 259 00e6 1A46     		mov	r2, r3
 260 00e8 FFF7FEFF 		bl	memcpy
  45:.\bal.c       ****         
  46:.\bal.c       ****     buffer[4+msg->length] = msg->checksum;
 261              		.loc 1 46 0
 262 00ec 7B68     		ldr	r3, [r7, #4]
 263 00ee DB78     		ldrb	r3, [r3, #3]	@ zero_extendqisi2
 264 00f0 03F10403 		add	r3, r3, #4
 265 00f4 7A68     		ldr	r2, [r7, #4]
 266 00f6 117B     		ldrb	r1, [r2, #12]	@ zero_extendqisi2
 267 00f8 3A69     		ldr	r2, [r7, #16]
 268 00fa D154     		strb	r1, [r2, r3]
  47:.\bal.c       ****     
  48:.\bal.c       ****     status = BPL_TransmitMessage(buffer, msg->length + 4);
 269              		.loc 1 48 0
 270 00fc 3A69     		ldr	r2, [r7, #16]
 271 00fe 7B68     		ldr	r3, [r7, #4]
 272 0100 DB78     		ldrb	r3, [r3, #3]	@ zero_extendqisi2
 273 0102 03F10403 		add	r3, r3, #4
 274 0106 DBB2     		uxtb	r3, r3
 275 0108 1046     		mov	r0, r2
 276 010a 1946     		mov	r1, r3
 277 010c FFF7FEFF 		bl	BPL_TransmitMessage
 278 0110 0346     		mov	r3, r0
 279 0112 FB75     		strb	r3, [r7, #23]
  49:.\bal.c       ****     
  50:.\bal.c       **** 	return SUCCESS;
 280              		.loc 1 50 0
 281 0114 4FF00003 		mov	r3, #0
 282 0118 B546     		mov	sp, r6
  51:.\bal.c       **** }
 283              		.loc 1 51 0
 284 011a 1846     		mov	r0, r3
 285 011c 07F11C07 		add	r7, r7, #28
 286 0120 BD46     		mov	sp, r7
 287 0122 BDE8F083 		pop	{r4, r5, r6, r7, r8, r9, pc}
ARM GAS  C:\Users\Martin\AppData\Local\Temp\ccTzQddw.s 			page 7


 288              		.cfi_endproc
 289              	.LFE30:
 290              		.size	BAL_SendServoMsg, .-BAL_SendServoMsg
 291 0126 00BF     		.section	.text.BAL_Init,"ax",%progbits
 292              		.align	2
 293              		.global	BAL_Init
 294              		.thumb
 295              		.thumb_func
 296              		.type	BAL_Init, %function
 297              	BAL_Init:
 298              	.LFB31:
  52:.\bal.c       **** 
  53:.\bal.c       **** /*****************************************************************/
  54:.\bal.c       **** STATUS BAL_Init(void)
  55:.\bal.c       **** {
 299              		.loc 1 55 0
 300              		.cfi_startproc
 301              		@ args = 0, pretend = 0, frame = 0
 302              		@ frame_needed = 1, uses_anonymous_args = 0
 303              		@ link register save eliminated.
 304 0000 80B4     		push	{r7}
 305              	.LCFI6:
 306              		.cfi_def_cfa_offset 4
 307 0002 00AF     		add	r7, sp, #0
 308              		.cfi_offset 7, -4
 309              	.LCFI7:
 310              		.cfi_def_cfa_register 7
  56:.\bal.c       **** 	
  57:.\bal.c       **** 	
  58:.\bal.c       **** 	return SUCCESS;
 311              		.loc 1 58 0
 312 0004 4FF00003 		mov	r3, #0
  59:.\bal.c       **** }
 313              		.loc 1 59 0
 314 0008 1846     		mov	r0, r3
 315 000a BD46     		mov	sp, r7
 316 000c 80BC     		pop	{r7}
 317 000e 7047     		bx	lr
 318              		.cfi_endproc
 319              	.LFE31:
 320              		.size	BAL_Init, .-BAL_Init
 321              		.section	.text.BAL_Handler,"ax",%progbits
 322              		.align	2
 323              		.global	BAL_Handler
 324              		.thumb
 325              		.thumb_func
 326              		.type	BAL_Handler, %function
 327              	BAL_Handler:
 328              	.LFB32:
  60:.\bal.c       **** 
  61:.\bal.c       **** 
  62:.\bal.c       **** /*****************************************************************/
  63:.\bal.c       **** void BAL_Handler(void)
  64:.\bal.c       **** {
 329              		.loc 1 64 0
 330              		.cfi_startproc
 331              		@ args = 0, pretend = 0, frame = 0
ARM GAS  C:\Users\Martin\AppData\Local\Temp\ccTzQddw.s 			page 8


 332              		@ frame_needed = 1, uses_anonymous_args = 0
 333              		@ link register save eliminated.
 334 0000 80B4     		push	{r7}
 335              	.LCFI8:
 336              		.cfi_def_cfa_offset 4
 337 0002 00AF     		add	r7, sp, #0
 338              		.cfi_offset 7, -4
 339              	.LCFI9:
 340              		.cfi_def_cfa_register 7
  65:.\bal.c       **** 
  66:.\bal.c       **** }
 341              		.loc 1 66 0
 342 0004 BD46     		mov	sp, r7
 343 0006 80BC     		pop	{r7}
 344 0008 7047     		bx	lr
 345              		.cfi_endproc
 346              	.LFE32:
 347              		.size	BAL_Handler, .-BAL_Handler
 348 000a 00BF     		.text
 349              	.Letext0:
 350              		.section	.debug_loc,"",%progbits
 351              	.Ldebug_loc0:
 352              	.LLST0:
 353 0000 00000000 		.4byte	.LFB29
 354 0004 04000000 		.4byte	.LCFI0
 355 0008 0100     		.2byte	0x1
 356 000a 5D       		.byte	0x5d
 357 000b 04000000 		.4byte	.LCFI0
 358 000f 06000000 		.4byte	.LCFI1
 359 0013 0200     		.2byte	0x2
 360 0015 7D       		.byte	0x7d
 361 0016 1C       		.sleb128 28
 362 0017 06000000 		.4byte	.LCFI1
 363 001b 08000000 		.4byte	.LCFI2
 364 001f 0200     		.2byte	0x2
 365 0021 7D       		.byte	0x7d
 366 0022 38       		.sleb128 56
 367 0023 08000000 		.4byte	.LCFI2
 368 0027 0E010000 		.4byte	.LFE29
 369 002b 0200     		.2byte	0x2
 370 002d 77       		.byte	0x77
 371 002e 38       		.sleb128 56
 372 002f 00000000 		.4byte	0x0
 373 0033 00000000 		.4byte	0x0
 374              	.LLST1:
 375 0037 00000000 		.4byte	.LFB30
 376 003b 04000000 		.4byte	.LCFI3
 377 003f 0100     		.2byte	0x1
 378 0041 5D       		.byte	0x5d
 379 0042 04000000 		.4byte	.LCFI3
 380 0046 06000000 		.4byte	.LCFI4
 381 004a 0200     		.2byte	0x2
 382 004c 7D       		.byte	0x7d
 383 004d 1C       		.sleb128 28
 384 004e 06000000 		.4byte	.LCFI4
 385 0052 08000000 		.4byte	.LCFI5
 386 0056 0200     		.2byte	0x2
ARM GAS  C:\Users\Martin\AppData\Local\Temp\ccTzQddw.s 			page 9


 387 0058 7D       		.byte	0x7d
 388 0059 38       		.sleb128 56
 389 005a 08000000 		.4byte	.LCFI5
 390 005e 26010000 		.4byte	.LFE30
 391 0062 0200     		.2byte	0x2
 392 0064 77       		.byte	0x77
 393 0065 38       		.sleb128 56
 394 0066 00000000 		.4byte	0x0
 395 006a 00000000 		.4byte	0x0
 396              	.LLST2:
 397 006e 00000000 		.4byte	.LFB31
 398 0072 02000000 		.4byte	.LCFI6
 399 0076 0100     		.2byte	0x1
 400 0078 5D       		.byte	0x5d
 401 0079 02000000 		.4byte	.LCFI6
 402 007d 04000000 		.4byte	.LCFI7
 403 0081 0200     		.2byte	0x2
 404 0083 7D       		.byte	0x7d
 405 0084 04       		.sleb128 4
 406 0085 04000000 		.4byte	.LCFI7
 407 0089 10000000 		.4byte	.LFE31
 408 008d 0200     		.2byte	0x2
 409 008f 77       		.byte	0x77
 410 0090 04       		.sleb128 4
 411 0091 00000000 		.4byte	0x0
 412 0095 00000000 		.4byte	0x0
 413              	.LLST3:
 414 0099 00000000 		.4byte	.LFB32
 415 009d 02000000 		.4byte	.LCFI8
 416 00a1 0100     		.2byte	0x1
 417 00a3 5D       		.byte	0x5d
 418 00a4 02000000 		.4byte	.LCFI8
 419 00a8 04000000 		.4byte	.LCFI9
 420 00ac 0200     		.2byte	0x2
 421 00ae 7D       		.byte	0x7d
 422 00af 04       		.sleb128 4
 423 00b0 04000000 		.4byte	.LCFI9
 424 00b4 0A000000 		.4byte	.LFE32
 425 00b8 0200     		.2byte	0x2
 426 00ba 77       		.byte	0x77
 427 00bb 04       		.sleb128 4
 428 00bc 00000000 		.4byte	0x0
 429 00c0 00000000 		.4byte	0x0
 430              		.file 2 "./Generated_Source/PSoC5/cytypes.h"
 431              		.file 3 ".\\/types.h"
 432              		.file 4 ".\\/servo_cds5500.h"
 433              		.file 5 ".\\/bal.h"
 434              		.file 6 "./Generated_Source/PSoC5/core_cm3.h"
 435              		.section	.debug_info
 436 0000 6D020000 		.4byte	0x26d
 437 0004 0200     		.2byte	0x2
 438 0006 00000000 		.4byte	.Ldebug_abbrev0
 439 000a 04       		.byte	0x4
 440 000b 01       		.uleb128 0x1
 441 000c 72010000 		.4byte	.LASF30
 442 0010 01       		.byte	0x1
 443 0011 E2000000 		.4byte	.LASF31
ARM GAS  C:\Users\Martin\AppData\Local\Temp\ccTzQddw.s 			page 10


 444 0015 81000000 		.4byte	.LASF32
 445 0019 00000000 		.4byte	0x0
 446 001d 00000000 		.4byte	0x0
 447 0021 00000000 		.4byte	.Ldebug_ranges0+0x0
 448 0025 00000000 		.4byte	.Ldebug_line0
 449 0029 02       		.uleb128 0x2
 450 002a 01       		.byte	0x1
 451 002b 06       		.byte	0x6
 452 002c A5010000 		.4byte	.LASF0
 453 0030 02       		.uleb128 0x2
 454 0031 01       		.byte	0x1
 455 0032 08       		.byte	0x8
 456 0033 73000000 		.4byte	.LASF1
 457 0037 02       		.uleb128 0x2
 458 0038 02       		.byte	0x2
 459 0039 05       		.byte	0x5
 460 003a 2C000000 		.4byte	.LASF2
 461 003e 02       		.uleb128 0x2
 462 003f 02       		.byte	0x2
 463 0040 07       		.byte	0x7
 464 0041 EA000000 		.4byte	.LASF3
 465 0045 02       		.uleb128 0x2
 466 0046 04       		.byte	0x4
 467 0047 05       		.byte	0x5
 468 0048 9C010000 		.4byte	.LASF4
 469 004c 02       		.uleb128 0x2
 470 004d 04       		.byte	0x4
 471 004e 07       		.byte	0x7
 472 004f D0000000 		.4byte	.LASF5
 473 0053 02       		.uleb128 0x2
 474 0054 08       		.byte	0x8
 475 0055 05       		.byte	0x5
 476 0056 00000000 		.4byte	.LASF6
 477 005a 02       		.uleb128 0x2
 478 005b 08       		.byte	0x8
 479 005c 07       		.byte	0x7
 480 005d 41010000 		.4byte	.LASF7
 481 0061 03       		.uleb128 0x3
 482 0062 04       		.byte	0x4
 483 0063 05       		.byte	0x5
 484 0064 696E7400 		.ascii	"int\000"
 485 0068 02       		.uleb128 0x2
 486 0069 04       		.byte	0x4
 487 006a 07       		.byte	0x7
 488 006b 2C010000 		.4byte	.LASF8
 489 006f 04       		.uleb128 0x4
 490 0070 8A010000 		.4byte	.LASF9
 491 0074 02       		.byte	0x2
 492 0075 4C       		.byte	0x4c
 493 0076 30000000 		.4byte	0x30
 494 007a 04       		.uleb128 0x4
 495 007b 1A010000 		.4byte	.LASF10
 496 007f 02       		.byte	0x2
 497 0080 4D       		.byte	0x4d
 498 0081 3E000000 		.4byte	0x3e
 499 0085 02       		.uleb128 0x2
 500 0086 04       		.byte	0x4
ARM GAS  C:\Users\Martin\AppData\Local\Temp\ccTzQddw.s 			page 11


 501 0087 04       		.byte	0x4
 502 0088 50000000 		.4byte	.LASF11
 503 008c 02       		.uleb128 0x2
 504 008d 08       		.byte	0x8
 505 008e 04       		.byte	0x4
 506 008f 36000000 		.4byte	.LASF12
 507 0093 02       		.uleb128 0x2
 508 0094 01       		.byte	0x1
 509 0095 08       		.byte	0x8
 510 0096 7E010000 		.4byte	.LASF13
 511 009a 05       		.uleb128 0x5
 512 009b 04       		.byte	0x4
 513 009c 07       		.byte	0x7
 514 009d 04       		.uleb128 0x4
 515 009e 6C000000 		.4byte	.LASF14
 516 00a2 03       		.byte	0x3
 517 00a3 0E       		.byte	0xe
 518 00a4 6F000000 		.4byte	0x6f
 519 00a8 06       		.uleb128 0x6
 520 00a9 21010000 		.4byte	.LASF22
 521 00ad 0D       		.byte	0xd
 522 00ae 04       		.byte	0x4
 523 00af 46       		.byte	0x46
 524 00b0 09010000 		.4byte	0x109
 525 00b4 07       		.uleb128 0x7
 526 00b5 56000000 		.4byte	.LASF15
 527 00b9 04       		.byte	0x4
 528 00ba 47       		.byte	0x47
 529 00bb 6F000000 		.4byte	0x6f
 530 00bf 02       		.byte	0x2
 531 00c0 23       		.byte	0x23
 532 00c1 00       		.uleb128 0x0
 533 00c2 07       		.uleb128 0x7
 534 00c3 61000000 		.4byte	.LASF16
 535 00c7 04       		.byte	0x4
 536 00c8 48       		.byte	0x48
 537 00c9 6F000000 		.4byte	0x6f
 538 00cd 02       		.byte	0x2
 539 00ce 23       		.byte	0x23
 540 00cf 01       		.uleb128 0x1
 541 00d0 07       		.uleb128 0x7
 542 00d1 12010000 		.4byte	.LASF17
 543 00d5 04       		.byte	0x4
 544 00d6 49       		.byte	0x49
 545 00d7 6F000000 		.4byte	0x6f
 546 00db 02       		.byte	0x2
 547 00dc 23       		.byte	0x23
 548 00dd 02       		.uleb128 0x2
 549 00de 07       		.uleb128 0x7
 550 00df BD010000 		.4byte	.LASF18
 551 00e3 04       		.byte	0x4
 552 00e4 4A       		.byte	0x4a
 553 00e5 6F000000 		.4byte	0x6f
 554 00e9 02       		.byte	0x2
 555 00ea 23       		.byte	0x23
 556 00eb 03       		.uleb128 0x3
 557 00ec 07       		.uleb128 0x7
ARM GAS  C:\Users\Martin\AppData\Local\Temp\ccTzQddw.s 			page 12


 558 00ed 90010000 		.4byte	.LASF19
 559 00f1 04       		.byte	0x4
 560 00f2 4B       		.byte	0x4b
 561 00f3 09010000 		.4byte	0x109
 562 00f7 02       		.byte	0x2
 563 00f8 23       		.byte	0x23
 564 00f9 04       		.uleb128 0x4
 565 00fa 07       		.uleb128 0x7
 566 00fb 17000000 		.4byte	.LASF20
 567 00ff 04       		.byte	0x4
 568 0100 4C       		.byte	0x4c
 569 0101 6F000000 		.4byte	0x6f
 570 0105 02       		.byte	0x2
 571 0106 23       		.byte	0x23
 572 0107 0C       		.uleb128 0xc
 573 0108 00       		.byte	0x0
 574 0109 08       		.uleb128 0x8
 575 010a 6F000000 		.4byte	0x6f
 576 010e 19010000 		.4byte	0x119
 577 0112 09       		.uleb128 0x9
 578 0113 9A000000 		.4byte	0x9a
 579 0117 07       		.byte	0x7
 580 0118 00       		.byte	0x0
 581 0119 04       		.uleb128 0x4
 582 011a 44000000 		.4byte	.LASF21
 583 011e 04       		.byte	0x4
 584 011f 4D       		.byte	0x4d
 585 0120 A8000000 		.4byte	0xa8
 586 0124 06       		.uleb128 0x6
 587 0125 69010000 		.4byte	.LASF23
 588 0129 08       		.byte	0x8
 589 012a 05       		.byte	0x5
 590 012b 25       		.byte	0x25
 591 012c 5A010000 		.4byte	0x15a
 592 0130 0A       		.uleb128 0xa
 593 0131 696400   		.ascii	"id\000"
 594 0134 05       		.byte	0x5
 595 0135 26       		.byte	0x26
 596 0136 7A000000 		.4byte	0x7a
 597 013a 02       		.byte	0x2
 598 013b 23       		.byte	0x23
 599 013c 00       		.uleb128 0x0
 600 013d 07       		.uleb128 0x7
 601 013e BD010000 		.4byte	.LASF18
 602 0142 05       		.byte	0x5
 603 0143 27       		.byte	0x27
 604 0144 6F000000 		.4byte	0x6f
 605 0148 02       		.byte	0x2
 606 0149 23       		.byte	0x23
 607 014a 02       		.uleb128 0x2
 608 014b 07       		.uleb128 0x7
 609 014c 39010000 		.4byte	.LASF24
 610 0150 05       		.byte	0x5
 611 0151 28       		.byte	0x28
 612 0152 5A010000 		.4byte	0x15a
 613 0156 02       		.byte	0x2
 614 0157 23       		.byte	0x23
ARM GAS  C:\Users\Martin\AppData\Local\Temp\ccTzQddw.s 			page 13


 615 0158 04       		.uleb128 0x4
 616 0159 00       		.byte	0x0
 617 015a 0B       		.uleb128 0xb
 618 015b 04       		.byte	0x4
 619 015c 6F000000 		.4byte	0x6f
 620 0160 04       		.uleb128 0x4
 621 0161 0A010000 		.4byte	.LASF25
 622 0165 05       		.byte	0x5
 623 0166 29       		.byte	0x29
 624 0167 24010000 		.4byte	0x124
 625 016b 0C       		.uleb128 0xc
 626 016c 01       		.byte	0x1
 627 016d B1010000 		.4byte	.LASF28
 628 0171 01       		.byte	0x1
 629 0172 13       		.byte	0x13
 630 0173 01       		.byte	0x1
 631 0174 9D000000 		.4byte	0x9d
 632 0178 00000000 		.4byte	.LFB29
 633 017c 0E010000 		.4byte	.LFE29
 634 0180 00000000 		.4byte	.LLST0
 635 0184 B4010000 		.4byte	0x1b4
 636 0188 0D       		.uleb128 0xd
 637 0189 6D736700 		.ascii	"msg\000"
 638 018d 01       		.byte	0x1
 639 018e 13       		.byte	0x13
 640 018f B4010000 		.4byte	0x1b4
 641 0193 02       		.byte	0x2
 642 0194 91       		.byte	0x91
 643 0195 4C       		.sleb128 -52
 644 0196 0E       		.uleb128 0xe
 645 0197 3D000000 		.4byte	.LASF26
 646 019b 01       		.byte	0x1
 647 019c 15       		.byte	0x15
 648 019d 9D000000 		.4byte	0x9d
 649 01a1 02       		.byte	0x2
 650 01a2 91       		.byte	0x91
 651 01a3 5F       		.sleb128 -33
 652 01a4 0E       		.uleb128 0xe
 653 01a5 83010000 		.4byte	.LASF27
 654 01a9 01       		.byte	0x1
 655 01aa 16       		.byte	0x16
 656 01ab BA010000 		.4byte	0x1ba
 657 01af 03       		.byte	0x3
 658 01b0 91       		.byte	0x91
 659 01b1 58       		.sleb128 -40
 660 01b2 06       		.byte	0x6
 661 01b3 00       		.byte	0x0
 662 01b4 0B       		.uleb128 0xb
 663 01b5 04       		.byte	0x4
 664 01b6 60010000 		.4byte	0x160
 665 01ba 08       		.uleb128 0x8
 666 01bb 6F000000 		.4byte	0x6f
 667 01bf CD010000 		.4byte	0x1cd
 668 01c3 0F       		.uleb128 0xf
 669 01c4 9A000000 		.4byte	0x9a
 670 01c8 03       		.byte	0x3
 671 01c9 91       		.byte	0x91
ARM GAS  C:\Users\Martin\AppData\Local\Temp\ccTzQddw.s 			page 14


 672 01ca 54       		.sleb128 -44
 673 01cb 06       		.byte	0x6
 674 01cc 00       		.byte	0x0
 675 01cd 0C       		.uleb128 0xc
 676 01ce 01       		.byte	0x1
 677 01cf 58010000 		.4byte	.LASF29
 678 01d3 01       		.byte	0x1
 679 01d4 23       		.byte	0x23
 680 01d5 01       		.byte	0x1
 681 01d6 9D000000 		.4byte	0x9d
 682 01da 00000000 		.4byte	.LFB30
 683 01de 26010000 		.4byte	.LFE30
 684 01e2 37000000 		.4byte	.LLST1
 685 01e6 16020000 		.4byte	0x216
 686 01ea 0D       		.uleb128 0xd
 687 01eb 6D736700 		.ascii	"msg\000"
 688 01ef 01       		.byte	0x1
 689 01f0 23       		.byte	0x23
 690 01f1 16020000 		.4byte	0x216
 691 01f5 02       		.byte	0x2
 692 01f6 91       		.byte	0x91
 693 01f7 4C       		.sleb128 -52
 694 01f8 0E       		.uleb128 0xe
 695 01f9 3D000000 		.4byte	.LASF26
 696 01fd 01       		.byte	0x1
 697 01fe 25       		.byte	0x25
 698 01ff 9D000000 		.4byte	0x9d
 699 0203 02       		.byte	0x2
 700 0204 91       		.byte	0x91
 701 0205 5F       		.sleb128 -33
 702 0206 0E       		.uleb128 0xe
 703 0207 83010000 		.4byte	.LASF27
 704 020b 01       		.byte	0x1
 705 020c 26       		.byte	0x26
 706 020d 1C020000 		.4byte	0x21c
 707 0211 03       		.byte	0x3
 708 0212 91       		.byte	0x91
 709 0213 58       		.sleb128 -40
 710 0214 06       		.byte	0x6
 711 0215 00       		.byte	0x0
 712 0216 0B       		.uleb128 0xb
 713 0217 04       		.byte	0x4
 714 0218 19010000 		.4byte	0x119
 715 021c 08       		.uleb128 0x8
 716 021d 6F000000 		.4byte	0x6f
 717 0221 2F020000 		.4byte	0x22f
 718 0225 0F       		.uleb128 0xf
 719 0226 9A000000 		.4byte	0x9a
 720 022a 03       		.byte	0x3
 721 022b 91       		.byte	0x91
 722 022c 54       		.sleb128 -44
 723 022d 06       		.byte	0x6
 724 022e 00       		.byte	0x0
 725 022f 10       		.uleb128 0x10
 726 0230 01       		.byte	0x1
 727 0231 0E000000 		.4byte	.LASF33
 728 0235 01       		.byte	0x1
ARM GAS  C:\Users\Martin\AppData\Local\Temp\ccTzQddw.s 			page 15


 729 0236 36       		.byte	0x36
 730 0237 01       		.byte	0x1
 731 0238 9D000000 		.4byte	0x9d
 732 023c 00000000 		.4byte	.LFB31
 733 0240 10000000 		.4byte	.LFE31
 734 0244 6E000000 		.4byte	.LLST2
 735 0248 11       		.uleb128 0x11
 736 0249 01       		.byte	0x1
 737 024a 20000000 		.4byte	.LASF34
 738 024e 01       		.byte	0x1
 739 024f 3F       		.byte	0x3f
 740 0250 01       		.byte	0x1
 741 0251 00000000 		.4byte	.LFB32
 742 0255 0A000000 		.4byte	.LFE32
 743 0259 99000000 		.4byte	.LLST3
 744 025d 12       		.uleb128 0x12
 745 025e FD000000 		.4byte	.LASF35
 746 0262 06       		.byte	0x6
 747 0263 CE06     		.2byte	0x6ce
 748 0265 6B020000 		.4byte	0x26b
 749 0269 01       		.byte	0x1
 750 026a 01       		.byte	0x1
 751 026b 13       		.uleb128 0x13
 752 026c 61000000 		.4byte	0x61
 753 0270 00       		.byte	0x0
 754              		.section	.debug_abbrev
 755 0000 01       		.uleb128 0x1
 756 0001 11       		.uleb128 0x11
 757 0002 01       		.byte	0x1
 758 0003 25       		.uleb128 0x25
 759 0004 0E       		.uleb128 0xe
 760 0005 13       		.uleb128 0x13
 761 0006 0B       		.uleb128 0xb
 762 0007 03       		.uleb128 0x3
 763 0008 0E       		.uleb128 0xe
 764 0009 1B       		.uleb128 0x1b
 765 000a 0E       		.uleb128 0xe
 766 000b 11       		.uleb128 0x11
 767 000c 01       		.uleb128 0x1
 768 000d 52       		.uleb128 0x52
 769 000e 01       		.uleb128 0x1
 770 000f 55       		.uleb128 0x55
 771 0010 06       		.uleb128 0x6
 772 0011 10       		.uleb128 0x10
 773 0012 06       		.uleb128 0x6
 774 0013 00       		.byte	0x0
 775 0014 00       		.byte	0x0
 776 0015 02       		.uleb128 0x2
 777 0016 24       		.uleb128 0x24
 778 0017 00       		.byte	0x0
 779 0018 0B       		.uleb128 0xb
 780 0019 0B       		.uleb128 0xb
 781 001a 3E       		.uleb128 0x3e
 782 001b 0B       		.uleb128 0xb
 783 001c 03       		.uleb128 0x3
 784 001d 0E       		.uleb128 0xe
 785 001e 00       		.byte	0x0
ARM GAS  C:\Users\Martin\AppData\Local\Temp\ccTzQddw.s 			page 16


 786 001f 00       		.byte	0x0
 787 0020 03       		.uleb128 0x3
 788 0021 24       		.uleb128 0x24
 789 0022 00       		.byte	0x0
 790 0023 0B       		.uleb128 0xb
 791 0024 0B       		.uleb128 0xb
 792 0025 3E       		.uleb128 0x3e
 793 0026 0B       		.uleb128 0xb
 794 0027 03       		.uleb128 0x3
 795 0028 08       		.uleb128 0x8
 796 0029 00       		.byte	0x0
 797 002a 00       		.byte	0x0
 798 002b 04       		.uleb128 0x4
 799 002c 16       		.uleb128 0x16
 800 002d 00       		.byte	0x0
 801 002e 03       		.uleb128 0x3
 802 002f 0E       		.uleb128 0xe
 803 0030 3A       		.uleb128 0x3a
 804 0031 0B       		.uleb128 0xb
 805 0032 3B       		.uleb128 0x3b
 806 0033 0B       		.uleb128 0xb
 807 0034 49       		.uleb128 0x49
 808 0035 13       		.uleb128 0x13
 809 0036 00       		.byte	0x0
 810 0037 00       		.byte	0x0
 811 0038 05       		.uleb128 0x5
 812 0039 24       		.uleb128 0x24
 813 003a 00       		.byte	0x0
 814 003b 0B       		.uleb128 0xb
 815 003c 0B       		.uleb128 0xb
 816 003d 3E       		.uleb128 0x3e
 817 003e 0B       		.uleb128 0xb
 818 003f 00       		.byte	0x0
 819 0040 00       		.byte	0x0
 820 0041 06       		.uleb128 0x6
 821 0042 13       		.uleb128 0x13
 822 0043 01       		.byte	0x1
 823 0044 03       		.uleb128 0x3
 824 0045 0E       		.uleb128 0xe
 825 0046 0B       		.uleb128 0xb
 826 0047 0B       		.uleb128 0xb
 827 0048 3A       		.uleb128 0x3a
 828 0049 0B       		.uleb128 0xb
 829 004a 3B       		.uleb128 0x3b
 830 004b 0B       		.uleb128 0xb
 831 004c 01       		.uleb128 0x1
 832 004d 13       		.uleb128 0x13
 833 004e 00       		.byte	0x0
 834 004f 00       		.byte	0x0
 835 0050 07       		.uleb128 0x7
 836 0051 0D       		.uleb128 0xd
 837 0052 00       		.byte	0x0
 838 0053 03       		.uleb128 0x3
 839 0054 0E       		.uleb128 0xe
 840 0055 3A       		.uleb128 0x3a
 841 0056 0B       		.uleb128 0xb
 842 0057 3B       		.uleb128 0x3b
ARM GAS  C:\Users\Martin\AppData\Local\Temp\ccTzQddw.s 			page 17


 843 0058 0B       		.uleb128 0xb
 844 0059 49       		.uleb128 0x49
 845 005a 13       		.uleb128 0x13
 846 005b 38       		.uleb128 0x38
 847 005c 0A       		.uleb128 0xa
 848 005d 00       		.byte	0x0
 849 005e 00       		.byte	0x0
 850 005f 08       		.uleb128 0x8
 851 0060 01       		.uleb128 0x1
 852 0061 01       		.byte	0x1
 853 0062 49       		.uleb128 0x49
 854 0063 13       		.uleb128 0x13
 855 0064 01       		.uleb128 0x1
 856 0065 13       		.uleb128 0x13
 857 0066 00       		.byte	0x0
 858 0067 00       		.byte	0x0
 859 0068 09       		.uleb128 0x9
 860 0069 21       		.uleb128 0x21
 861 006a 00       		.byte	0x0
 862 006b 49       		.uleb128 0x49
 863 006c 13       		.uleb128 0x13
 864 006d 2F       		.uleb128 0x2f
 865 006e 0B       		.uleb128 0xb
 866 006f 00       		.byte	0x0
 867 0070 00       		.byte	0x0
 868 0071 0A       		.uleb128 0xa
 869 0072 0D       		.uleb128 0xd
 870 0073 00       		.byte	0x0
 871 0074 03       		.uleb128 0x3
 872 0075 08       		.uleb128 0x8
 873 0076 3A       		.uleb128 0x3a
 874 0077 0B       		.uleb128 0xb
 875 0078 3B       		.uleb128 0x3b
 876 0079 0B       		.uleb128 0xb
 877 007a 49       		.uleb128 0x49
 878 007b 13       		.uleb128 0x13
 879 007c 38       		.uleb128 0x38
 880 007d 0A       		.uleb128 0xa
 881 007e 00       		.byte	0x0
 882 007f 00       		.byte	0x0
 883 0080 0B       		.uleb128 0xb
 884 0081 0F       		.uleb128 0xf
 885 0082 00       		.byte	0x0
 886 0083 0B       		.uleb128 0xb
 887 0084 0B       		.uleb128 0xb
 888 0085 49       		.uleb128 0x49
 889 0086 13       		.uleb128 0x13
 890 0087 00       		.byte	0x0
 891 0088 00       		.byte	0x0
 892 0089 0C       		.uleb128 0xc
 893 008a 2E       		.uleb128 0x2e
 894 008b 01       		.byte	0x1
 895 008c 3F       		.uleb128 0x3f
 896 008d 0C       		.uleb128 0xc
 897 008e 03       		.uleb128 0x3
 898 008f 0E       		.uleb128 0xe
 899 0090 3A       		.uleb128 0x3a
ARM GAS  C:\Users\Martin\AppData\Local\Temp\ccTzQddw.s 			page 18


 900 0091 0B       		.uleb128 0xb
 901 0092 3B       		.uleb128 0x3b
 902 0093 0B       		.uleb128 0xb
 903 0094 27       		.uleb128 0x27
 904 0095 0C       		.uleb128 0xc
 905 0096 49       		.uleb128 0x49
 906 0097 13       		.uleb128 0x13
 907 0098 11       		.uleb128 0x11
 908 0099 01       		.uleb128 0x1
 909 009a 12       		.uleb128 0x12
 910 009b 01       		.uleb128 0x1
 911 009c 40       		.uleb128 0x40
 912 009d 06       		.uleb128 0x6
 913 009e 01       		.uleb128 0x1
 914 009f 13       		.uleb128 0x13
 915 00a0 00       		.byte	0x0
 916 00a1 00       		.byte	0x0
 917 00a2 0D       		.uleb128 0xd
 918 00a3 05       		.uleb128 0x5
 919 00a4 00       		.byte	0x0
 920 00a5 03       		.uleb128 0x3
 921 00a6 08       		.uleb128 0x8
 922 00a7 3A       		.uleb128 0x3a
 923 00a8 0B       		.uleb128 0xb
 924 00a9 3B       		.uleb128 0x3b
 925 00aa 0B       		.uleb128 0xb
 926 00ab 49       		.uleb128 0x49
 927 00ac 13       		.uleb128 0x13
 928 00ad 02       		.uleb128 0x2
 929 00ae 0A       		.uleb128 0xa
 930 00af 00       		.byte	0x0
 931 00b0 00       		.byte	0x0
 932 00b1 0E       		.uleb128 0xe
 933 00b2 34       		.uleb128 0x34
 934 00b3 00       		.byte	0x0
 935 00b4 03       		.uleb128 0x3
 936 00b5 0E       		.uleb128 0xe
 937 00b6 3A       		.uleb128 0x3a
 938 00b7 0B       		.uleb128 0xb
 939 00b8 3B       		.uleb128 0x3b
 940 00b9 0B       		.uleb128 0xb
 941 00ba 49       		.uleb128 0x49
 942 00bb 13       		.uleb128 0x13
 943 00bc 02       		.uleb128 0x2
 944 00bd 0A       		.uleb128 0xa
 945 00be 00       		.byte	0x0
 946 00bf 00       		.byte	0x0
 947 00c0 0F       		.uleb128 0xf
 948 00c1 21       		.uleb128 0x21
 949 00c2 00       		.byte	0x0
 950 00c3 49       		.uleb128 0x49
 951 00c4 13       		.uleb128 0x13
 952 00c5 2F       		.uleb128 0x2f
 953 00c6 0A       		.uleb128 0xa
 954 00c7 00       		.byte	0x0
 955 00c8 00       		.byte	0x0
 956 00c9 10       		.uleb128 0x10
ARM GAS  C:\Users\Martin\AppData\Local\Temp\ccTzQddw.s 			page 19


 957 00ca 2E       		.uleb128 0x2e
 958 00cb 00       		.byte	0x0
 959 00cc 3F       		.uleb128 0x3f
 960 00cd 0C       		.uleb128 0xc
 961 00ce 03       		.uleb128 0x3
 962 00cf 0E       		.uleb128 0xe
 963 00d0 3A       		.uleb128 0x3a
 964 00d1 0B       		.uleb128 0xb
 965 00d2 3B       		.uleb128 0x3b
 966 00d3 0B       		.uleb128 0xb
 967 00d4 27       		.uleb128 0x27
 968 00d5 0C       		.uleb128 0xc
 969 00d6 49       		.uleb128 0x49
 970 00d7 13       		.uleb128 0x13
 971 00d8 11       		.uleb128 0x11
 972 00d9 01       		.uleb128 0x1
 973 00da 12       		.uleb128 0x12
 974 00db 01       		.uleb128 0x1
 975 00dc 40       		.uleb128 0x40
 976 00dd 06       		.uleb128 0x6
 977 00de 00       		.byte	0x0
 978 00df 00       		.byte	0x0
 979 00e0 11       		.uleb128 0x11
 980 00e1 2E       		.uleb128 0x2e
 981 00e2 00       		.byte	0x0
 982 00e3 3F       		.uleb128 0x3f
 983 00e4 0C       		.uleb128 0xc
 984 00e5 03       		.uleb128 0x3
 985 00e6 0E       		.uleb128 0xe
 986 00e7 3A       		.uleb128 0x3a
 987 00e8 0B       		.uleb128 0xb
 988 00e9 3B       		.uleb128 0x3b
 989 00ea 0B       		.uleb128 0xb
 990 00eb 27       		.uleb128 0x27
 991 00ec 0C       		.uleb128 0xc
 992 00ed 11       		.uleb128 0x11
 993 00ee 01       		.uleb128 0x1
 994 00ef 12       		.uleb128 0x12
 995 00f0 01       		.uleb128 0x1
 996 00f1 40       		.uleb128 0x40
 997 00f2 06       		.uleb128 0x6
 998 00f3 00       		.byte	0x0
 999 00f4 00       		.byte	0x0
 1000 00f5 12       		.uleb128 0x12
 1001 00f6 34       		.uleb128 0x34
 1002 00f7 00       		.byte	0x0
 1003 00f8 03       		.uleb128 0x3
 1004 00f9 0E       		.uleb128 0xe
 1005 00fa 3A       		.uleb128 0x3a
 1006 00fb 0B       		.uleb128 0xb
 1007 00fc 3B       		.uleb128 0x3b
 1008 00fd 05       		.uleb128 0x5
 1009 00fe 49       		.uleb128 0x49
 1010 00ff 13       		.uleb128 0x13
 1011 0100 3F       		.uleb128 0x3f
 1012 0101 0C       		.uleb128 0xc
 1013 0102 3C       		.uleb128 0x3c
ARM GAS  C:\Users\Martin\AppData\Local\Temp\ccTzQddw.s 			page 20


 1014 0103 0C       		.uleb128 0xc
 1015 0104 00       		.byte	0x0
 1016 0105 00       		.byte	0x0
 1017 0106 13       		.uleb128 0x13
 1018 0107 35       		.uleb128 0x35
 1019 0108 00       		.byte	0x0
 1020 0109 49       		.uleb128 0x49
 1021 010a 13       		.uleb128 0x13
 1022 010b 00       		.byte	0x0
 1023 010c 00       		.byte	0x0
 1024 010d 00       		.byte	0x0
 1025              		.section	.debug_pubnames,"",%progbits
 1026 0000 50000000 		.4byte	0x50
 1027 0004 0200     		.2byte	0x2
 1028 0006 00000000 		.4byte	.Ldebug_info0
 1029 000a 71020000 		.4byte	0x271
 1030 000e 6B010000 		.4byte	0x16b
 1031 0012 42414C5F 		.ascii	"BAL_SendMsg\000"
 1031      53656E64 
 1031      4D736700 
 1032 001e CD010000 		.4byte	0x1cd
 1033 0022 42414C5F 		.ascii	"BAL_SendServoMsg\000"
 1033      53656E64 
 1033      53657276 
 1033      6F4D7367 
 1033      00
 1034 0033 2F020000 		.4byte	0x22f
 1035 0037 42414C5F 		.ascii	"BAL_Init\000"
 1035      496E6974 
 1035      00
 1036 0040 48020000 		.4byte	0x248
 1037 0044 42414C5F 		.ascii	"BAL_Handler\000"
 1037      48616E64 
 1037      6C657200 
 1038 0050 00000000 		.4byte	0x0
 1039              		.section	.debug_aranges,"",%progbits
 1040 0000 34000000 		.4byte	0x34
 1041 0004 0200     		.2byte	0x2
 1042 0006 00000000 		.4byte	.Ldebug_info0
 1043 000a 04       		.byte	0x4
 1044 000b 00       		.byte	0x0
 1045 000c 0000     		.2byte	0x0
 1046 000e 0000     		.2byte	0x0
 1047 0010 00000000 		.4byte	.LFB29
 1048 0014 0E010000 		.4byte	.LFE29-.LFB29
 1049 0018 00000000 		.4byte	.LFB30
 1050 001c 26010000 		.4byte	.LFE30-.LFB30
 1051 0020 00000000 		.4byte	.LFB31
 1052 0024 10000000 		.4byte	.LFE31-.LFB31
 1053 0028 00000000 		.4byte	.LFB32
 1054 002c 0A000000 		.4byte	.LFE32-.LFB32
 1055 0030 00000000 		.4byte	0x0
 1056 0034 00000000 		.4byte	0x0
 1057              		.section	.debug_ranges,"",%progbits
 1058              	.Ldebug_ranges0:
 1059 0000 00000000 		.4byte	.Ltext0
 1060 0004 00000000 		.4byte	.Letext0
ARM GAS  C:\Users\Martin\AppData\Local\Temp\ccTzQddw.s 			page 21


 1061 0008 00000000 		.4byte	.LFB29
 1062 000c 0E010000 		.4byte	.LFE29
 1063 0010 00000000 		.4byte	.LFB30
 1064 0014 26010000 		.4byte	.LFE30
 1065 0018 00000000 		.4byte	.LFB31
 1066 001c 10000000 		.4byte	.LFE31
 1067 0020 00000000 		.4byte	.LFB32
 1068 0024 0A000000 		.4byte	.LFE32
 1069 0028 00000000 		.4byte	0x0
 1070 002c 00000000 		.4byte	0x0
 1071              		.section	.debug_str,"MS",%progbits,1
 1072              	.LASF6:
 1073 0000 6C6F6E67 		.ascii	"long long int\000"
 1073      206C6F6E 
 1073      6720696E 
 1073      7400
 1074              	.LASF33:
 1075 000e 42414C5F 		.ascii	"BAL_Init\000"
 1075      496E6974 
 1075      00
 1076              	.LASF20:
 1077 0017 63686563 		.ascii	"checksum\000"
 1077      6B73756D 
 1077      00
 1078              	.LASF34:
 1079 0020 42414C5F 		.ascii	"BAL_Handler\000"
 1079      48616E64 
 1079      6C657200 
 1080              	.LASF2:
 1081 002c 73686F72 		.ascii	"short int\000"
 1081      7420696E 
 1081      7400
 1082              	.LASF12:
 1083 0036 646F7562 		.ascii	"double\000"
 1083      6C6500
 1084              	.LASF26:
 1085 003d 73746174 		.ascii	"status\000"
 1085      757300
 1086              	.LASF21:
 1087 0044 43445335 		.ascii	"CDS5500_MSG\000"
 1087      3530305F 
 1087      4D534700 
 1088              	.LASF11:
 1089 0050 666C6F61 		.ascii	"float\000"
 1089      7400
 1090              	.LASF15:
 1091 0056 73746172 		.ascii	"startbyte0\000"
 1091      74627974 
 1091      653000
 1092              	.LASF16:
 1093 0061 73746172 		.ascii	"startbyte1\000"
 1093      74627974 
 1093      653100
 1094              	.LASF14:
 1095 006c 53544154 		.ascii	"STATUS\000"
 1095      555300
 1096              	.LASF1:
ARM GAS  C:\Users\Martin\AppData\Local\Temp\ccTzQddw.s 			page 22


 1097 0073 756E7369 		.ascii	"unsigned char\000"
 1097      676E6564 
 1097      20636861 
 1097      7200
 1098              	.LASF32:
 1099 0081 583A5C72 		.ascii	"X:\\roboticscode\\trunk\\psoc\\psoc_creator_2.2\\Dr"
 1099      6F626F74 
 1099      69637363 
 1099      6F64655C 
 1099      7472756E 
 1100 00af 6976655F 		.ascii	"ive_Platform\\DrivePlatform.cydsn\000"
 1100      506C6174 
 1100      666F726D 
 1100      5C447269 
 1100      7665506C 
 1101              	.LASF5:
 1102 00d0 6C6F6E67 		.ascii	"long unsigned int\000"
 1102      20756E73 
 1102      69676E65 
 1102      6420696E 
 1102      7400
 1103              	.LASF31:
 1104 00e2 2E5C6261 		.ascii	".\\bal.c\000"
 1104      6C2E6300 
 1105              	.LASF3:
 1106 00ea 73686F72 		.ascii	"short unsigned int\000"
 1106      7420756E 
 1106      7369676E 
 1106      65642069 
 1106      6E7400
 1107              	.LASF35:
 1108 00fd 49544D5F 		.ascii	"ITM_RxBuffer\000"
 1108      52784275 
 1108      66666572 
 1108      00
 1109              	.LASF25:
 1110 010a 42414C5F 		.ascii	"BAL_MSG\000"
 1110      4D534700 
 1111              	.LASF17:
 1112 0112 6D6F746F 		.ascii	"motorId\000"
 1112      72496400 
 1113              	.LASF10:
 1114 011a 75696E74 		.ascii	"uint16\000"
 1114      313600
 1115              	.LASF22:
 1116 0121 5F736572 		.ascii	"_servo_msg\000"
 1116      766F5F6D 
 1116      736700
 1117              	.LASF8:
 1118 012c 756E7369 		.ascii	"unsigned int\000"
 1118      676E6564 
 1118      20696E74 
 1118      00
 1119              	.LASF24:
 1120 0139 636F6E74 		.ascii	"content\000"
 1120      656E7400 
 1121              	.LASF7:
ARM GAS  C:\Users\Martin\AppData\Local\Temp\ccTzQddw.s 			page 23


 1122 0141 6C6F6E67 		.ascii	"long long unsigned int\000"
 1122      206C6F6E 
 1122      6720756E 
 1122      7369676E 
 1122      65642069 
 1123              	.LASF29:
 1124 0158 42414C5F 		.ascii	"BAL_SendServoMsg\000"
 1124      53656E64 
 1124      53657276 
 1124      6F4D7367 
 1124      00
 1125              	.LASF23:
 1126 0169 5F62616C 		.ascii	"_bal_msg\000"
 1126      5F6D7367 
 1126      00
 1127              	.LASF30:
 1128 0172 474E5520 		.ascii	"GNU C 4.4.1\000"
 1128      4320342E 
 1128      342E3100 
 1129              	.LASF13:
 1130 017e 63686172 		.ascii	"char\000"
 1130      00
 1131              	.LASF27:
 1132 0183 62756666 		.ascii	"buffer\000"
 1132      657200
 1133              	.LASF9:
 1134 018a 75696E74 		.ascii	"uint8\000"
 1134      3800
 1135              	.LASF19:
 1136 0190 696E7374 		.ascii	"instruction\000"
 1136      72756374 
 1136      696F6E00 
 1137              	.LASF4:
 1138 019c 6C6F6E67 		.ascii	"long int\000"
 1138      20696E74 
 1138      00
 1139              	.LASF0:
 1140 01a5 7369676E 		.ascii	"signed char\000"
 1140      65642063 
 1140      68617200 
 1141              	.LASF28:
 1142 01b1 42414C5F 		.ascii	"BAL_SendMsg\000"
 1142      53656E64 
 1142      4D736700 
 1143              	.LASF18:
 1144 01bd 6C656E67 		.ascii	"length\000"
 1144      746800
 1145              		.ident	"GCC: (Sourcery G++ Lite 2010q1-188) 4.4.1"
