ARM GAS  C:\Users\Martin\AppData\Local\Temp\cceVIziY.s 			page 1


   1              		.syntax unified
   2              		.cpu cortex-m3
   3              		.fpu softvfp
   4              		.eabi_attribute 20, 1
   5              		.eabi_attribute 21, 1
   6              		.eabi_attribute 23, 3
   7              		.eabi_attribute 24, 1
   8              		.eabi_attribute 25, 1
   9              		.eabi_attribute 26, 1
  10              		.eabi_attribute 30, 6
  11              		.eabi_attribute 18, 4
  12              		.thumb
  13              		.file	"servo_cds5500.c"
  14              		.section	.debug_abbrev,"",%progbits
  15              	.Ldebug_abbrev0:
  16              		.section	.debug_info,"",%progbits
  17              	.Ldebug_info0:
  18              		.section	.debug_line,"",%progbits
  19              	.Ldebug_line0:
  20 0000 E0000000 		.text
  20      02007F00 
  20      00000201 
  20      FB0E0D00 
  20      01010101 
  21              	.Ltext0:
  22              		.cfi_sections	.debug_frame
  23              		.section	.text.Checksum,"ax",%progbits
  24              		.align	2
  25              		.thumb
  26              		.thumb_func
  27              		.type	Checksum, %function
  28              	Checksum:
  29              	.LFB29:
  30              		.file 1 ".\\servo_cds5500.c"
   1:.\servo_cds5500.c **** /* Copyright (C) <2014> <Martin Schalk>
   2:.\servo_cds5500.c ****  * All rights reserved.
   3:.\servo_cds5500.c ****  *
   4:.\servo_cds5500.c ****  * This software may be modified and distributed under the terms
   5:.\servo_cds5500.c ****  * of the BSD license.  See the LICENSE file for details.
   6:.\servo_cds5500.c ****  */
   7:.\servo_cds5500.c **** 
   8:.\servo_cds5500.c **** #include <project.h>
   9:.\servo_cds5500.c **** #include "servo_cds5500.h"
  10:.\servo_cds5500.c **** #include <stdio.h>
  11:.\servo_cds5500.c **** #include "bal.h"
  12:.\servo_cds5500.c **** 
  13:.\servo_cds5500.c **** 
  14:.\servo_cds5500.c **** /*------------------------ LOCAL FUNCTIONS -------------------------------*/
  15:.\servo_cds5500.c **** 
  16:.\servo_cds5500.c **** /**************************************************************************/
  17:.\servo_cds5500.c **** static uint8 Checksum(CDS5500_MSG* msg)
  18:.\servo_cds5500.c **** {
  31              		.loc 1 18 0
  32              		.cfi_startproc
  33              		@ args = 0, pretend = 0, frame = 16
  34              		@ frame_needed = 1, uses_anonymous_args = 0
  35              		@ link register save eliminated.
ARM GAS  C:\Users\Martin\AppData\Local\Temp\cceVIziY.s 			page 2


  36 0000 80B4     		push	{r7}
  37              	.LCFI0:
  38              		.cfi_def_cfa_offset 4
  39 0002 85B0     		sub	sp, sp, #20
  40              	.LCFI1:
  41              		.cfi_def_cfa_offset 24
  42 0004 00AF     		add	r7, sp, #0
  43              		.cfi_offset 7, -4
  44              	.LCFI2:
  45              		.cfi_def_cfa_register 7
  46 0006 7860     		str	r0, [r7, #4]
  19:.\servo_cds5500.c **** 	uint8 checksum = 0;
  47              		.loc 1 19 0
  48 0008 4FF00003 		mov	r3, #0
  49 000c BB73     		strb	r3, [r7, #14]
  20:.\servo_cds5500.c ****     uint8 i;
  21:.\servo_cds5500.c ****         
  22:.\servo_cds5500.c ****     /* add first two bytes of motor message */    
  23:.\servo_cds5500.c ****     checksum = msg->motorId + msg->length;
  50              		.loc 1 23 0
  51 000e 7B68     		ldr	r3, [r7, #4]
  52 0010 9A78     		ldrb	r2, [r3, #2]	@ zero_extendqisi2
  53 0012 7B68     		ldr	r3, [r7, #4]
  54 0014 DB78     		ldrb	r3, [r3, #3]	@ zero_extendqisi2
  55 0016 1344     		add	r3, r2, r3
  56 0018 BB73     		strb	r3, [r7, #14]
  24:.\servo_cds5500.c ****     
  25:.\servo_cds5500.c ****     /* add rest bytes of motor message */   
  26:.\servo_cds5500.c ****     for (i=0; i<msg->length-1; i++)
  57              		.loc 1 26 0
  58 001a 4FF00003 		mov	r3, #0
  59 001e FB73     		strb	r3, [r7, #15]
  60 0020 0AE0     		b	.L2
  61              	.L3:
  27:.\servo_cds5500.c ****         checksum += msg->instruction[i];
  62              		.loc 1 27 0
  63 0022 FA7B     		ldrb	r2, [r7, #15]	@ zero_extendqisi2
  64 0024 7B68     		ldr	r3, [r7, #4]
  65 0026 1344     		add	r3, r2, r3
  66 0028 1A79     		ldrb	r2, [r3, #4]	@ zero_extendqisi2
  67 002a BB7B     		ldrb	r3, [r7, #14]
  68 002c 1344     		add	r3, r2, r3
  69 002e BB73     		strb	r3, [r7, #14]
  70              		.loc 1 26 0
  71 0030 FB7B     		ldrb	r3, [r7, #15]
  72 0032 03F10103 		add	r3, r3, #1
  73 0036 FB73     		strb	r3, [r7, #15]
  74              	.L2:
  75 0038 FA7B     		ldrb	r2, [r7, #15]	@ zero_extendqisi2
  76 003a 7B68     		ldr	r3, [r7, #4]
  77 003c DB78     		ldrb	r3, [r3, #3]	@ zero_extendqisi2
  78 003e 03F1FF33 		add	r3, r3, #-1
  79 0042 9A42     		cmp	r2, r3
  80 0044 EDDB     		blt	.L3
  28:.\servo_cds5500.c ****         
  29:.\servo_cds5500.c ****     /* invert checksum */    
  30:.\servo_cds5500.c ****     checksum = ~checksum & 0xFF; //    printf((~(ID + (messageLength) + INST_WRITE + P_GOAL_POSITIO
ARM GAS  C:\Users\Martin\AppData\Local\Temp\cceVIziY.s 			page 3


  81              		.loc 1 30 0
  82 0046 BB7B     		ldrb	r3, [r7, #14]
  83 0048 6FEA0303 		mvn	r3, r3
  84 004c BB73     		strb	r3, [r7, #14]
  31:.\servo_cds5500.c **** 		
  32:.\servo_cds5500.c **** 	return checksum;
  85              		.loc 1 32 0
  86 004e BB7B     		ldrb	r3, [r7, #14]	@ zero_extendqisi2
  33:.\servo_cds5500.c **** }
  87              		.loc 1 33 0
  88 0050 1846     		mov	r0, r3
  89 0052 07F11407 		add	r7, r7, #20
  90 0056 BD46     		mov	sp, r7
  91 0058 80BC     		pop	{r7}
  92 005a 7047     		bx	lr
  93              		.cfi_endproc
  94              	.LFE29:
  95              		.size	Checksum, .-Checksum
  96              		.section	.text.Ping,"ax",%progbits
  97              		.align	2
  98              		.global	Ping
  99              		.thumb
 100              		.thumb_func
 101              		.type	Ping, %function
 102              	Ping:
 103              	.LFB30:
  34:.\servo_cds5500.c **** 
  35:.\servo_cds5500.c **** /**************************************************************************
  36:.\servo_cds5500.c **** Does not command any operations. Used for requesting a status 
  37:.\servo_cds5500.c **** packet or to check the existence of a CDS55xx servo with a specific 
  38:.\servo_cds5500.c **** ID. 
  39:.\servo_cds5500.c **** **************************************************************************/
  40:.\servo_cds5500.c **** void Ping(uint8 id)
  41:.\servo_cds5500.c **** {
 104              		.loc 1 41 0
 105              		.cfi_startproc
 106              		@ args = 0, pretend = 0, frame = 24
 107              		@ frame_needed = 1, uses_anonymous_args = 0
 108 0000 80B5     		push	{r7, lr}
 109              	.LCFI3:
 110              		.cfi_def_cfa_offset 8
 111 0002 86B0     		sub	sp, sp, #24
 112              	.LCFI4:
 113              		.cfi_def_cfa_offset 32
 114 0004 00AF     		add	r7, sp, #0
 115              		.cfi_offset 14, -4
 116              		.cfi_offset 7, -8
 117              	.LCFI5:
 118              		.cfi_def_cfa_register 7
 119 0006 0346     		mov	r3, r0
 120 0008 FB71     		strb	r3, [r7, #7]
  42:.\servo_cds5500.c ****     STATUS status;
  43:.\servo_cds5500.c **** 
  44:.\servo_cds5500.c ****     CDS5500_MSG msg = { START_BYTE_0_VALUE, 
  45:.\servo_cds5500.c ****                         START_BYTE_1_VALUE, 
  46:.\servo_cds5500.c ****                         id,
  47:.\servo_cds5500.c ****                         INST_PING_LENGTH,
ARM GAS  C:\Users\Martin\AppData\Local\Temp\cceVIziY.s 			page 4


  48:.\servo_cds5500.c ****                         {INST_PING},
  49:.\servo_cds5500.c ****                         0x00,
  50:.\servo_cds5500.c ****                       };
 121              		.loc 1 50 0
 122 000a 07F10803 		add	r3, r7, #8
 123 000e 4FF00002 		mov	r2, #0
 124 0012 1A60     		str	r2, [r3, #0]
 125 0014 03F10403 		add	r3, r3, #4
 126 0018 4FF00002 		mov	r2, #0
 127 001c 1A60     		str	r2, [r3, #0]
 128 001e 03F10403 		add	r3, r3, #4
 129 0022 4FF00002 		mov	r2, #0
 130 0026 1A60     		str	r2, [r3, #0]
 131 0028 03F10403 		add	r3, r3, #4
 132 002c 4FF00002 		mov	r2, #0
 133 0030 1A70     		strb	r2, [r3, #0]
 134 0032 03F10103 		add	r3, r3, #1
 135 0036 4FF0FF33 		mov	r3, #-1
 136 003a 3B72     		strb	r3, [r7, #8]
 137 003c 4FF0FF33 		mov	r3, #-1
 138 0040 7B72     		strb	r3, [r7, #9]
 139 0042 FB79     		ldrb	r3, [r7, #7]
 140 0044 BB72     		strb	r3, [r7, #10]
 141 0046 4FF00203 		mov	r3, #2
 142 004a FB72     		strb	r3, [r7, #11]
 143 004c 4FF00103 		mov	r3, #1
 144 0050 3B73     		strb	r3, [r7, #12]
  51:.\servo_cds5500.c ****                       
  52:.\servo_cds5500.c ****     msg.checksum = Checksum(&msg);       
 145              		.loc 1 52 0
 146 0052 07F10803 		add	r3, r7, #8
 147 0056 1846     		mov	r0, r3
 148 0058 FFF7FEFF 		bl	Checksum
 149 005c 0346     		mov	r3, r0
 150 005e 3B75     		strb	r3, [r7, #20]
  53:.\servo_cds5500.c ****     
  54:.\servo_cds5500.c ****     /* 0XFF 0XFF 0X01 0X02 0X01 0XFB */                  
  55:.\servo_cds5500.c ****     status = BAL_SendServoMsg(&msg);
 151              		.loc 1 55 0
 152 0060 07F10803 		add	r3, r7, #8
 153 0064 1846     		mov	r0, r3
 154 0066 FFF7FEFF 		bl	BAL_SendServoMsg
 155 006a 0346     		mov	r3, r0
 156 006c FB75     		strb	r3, [r7, #23]
  56:.\servo_cds5500.c ****     (void)status;
  57:.\servo_cds5500.c **** }
 157              		.loc 1 57 0
 158 006e 07F11807 		add	r7, r7, #24
 159 0072 BD46     		mov	sp, r7
 160 0074 80BD     		pop	{r7, pc}
 161              		.cfi_endproc
 162              	.LFE30:
 163              		.size	Ping, .-Ping
 164 0076 00BF     		.section	.text.CheckResponse,"ax",%progbits
 165              		.align	2
 166              		.global	CheckResponse
 167              		.thumb
ARM GAS  C:\Users\Martin\AppData\Local\Temp\cceVIziY.s 			page 5


 168              		.thumb_func
 169              		.type	CheckResponse, %function
 170              	CheckResponse:
 171              	.LFB31:
  58:.\servo_cds5500.c **** 
  59:.\servo_cds5500.c **** /**************************************************************************
  60:.\servo_cds5500.c **** CheckResponse
  61:.\servo_cds5500.c **** //http://www.dfrobot.com/image/data/SER0026/CDS55XX_Robot_Servo_User_Manual_EN.pdf
  62:.\servo_cds5500.c **** HEADER ID LENGTH ERROR PARAMETER CHECK SUM
  63:.\servo_cds5500.c **** **************************************************************************/
  64:.\servo_cds5500.c **** STATUS CheckResponse(CDS5500_MSG* response)
  65:.\servo_cds5500.c **** {
 172              		.loc 1 65 0
 173              		.cfi_startproc
 174              		@ args = 0, pretend = 0, frame = 16
 175              		@ frame_needed = 1, uses_anonymous_args = 0
 176 0000 80B5     		push	{r7, lr}
 177              	.LCFI6:
 178              		.cfi_def_cfa_offset 8
 179 0002 84B0     		sub	sp, sp, #16
 180              	.LCFI7:
 181              		.cfi_def_cfa_offset 24
 182 0004 00AF     		add	r7, sp, #0
 183              		.cfi_offset 14, -4
 184              		.cfi_offset 7, -8
 185              	.LCFI8:
 186              		.cfi_def_cfa_register 7
 187 0006 7860     		str	r0, [r7, #4]
  66:.\servo_cds5500.c ****     STATUS status=SUCCESS;
 188              		.loc 1 66 0
 189 0008 4FF00003 		mov	r3, #0
 190 000c 7B73     		strb	r3, [r7, #13]
  67:.\servo_cds5500.c ****     uint8 msgCkecksum = response->checksum;
 191              		.loc 1 67 0
 192 000e 7B68     		ldr	r3, [r7, #4]
 193 0010 1B7B     		ldrb	r3, [r3, #12]
 194 0012 BB73     		strb	r3, [r7, #14]
  68:.\servo_cds5500.c ****     uint8 calcChecksum = Checksum(response); 
 195              		.loc 1 68 0
 196 0014 7868     		ldr	r0, [r7, #4]
 197 0016 FFF7FEFF 		bl	Checksum
 198 001a 0346     		mov	r3, r0
 199 001c FB73     		strb	r3, [r7, #15]
  69:.\servo_cds5500.c ****     
  70:.\servo_cds5500.c ****     /* compare calculated with received checksum */
  71:.\servo_cds5500.c ****     if (msgCkecksum != calcChecksum)
 200              		.loc 1 71 0
 201 001e BA7B     		ldrb	r2, [r7, #14]	@ zero_extendqisi2
 202 0020 FB7B     		ldrb	r3, [r7, #15]	@ zero_extendqisi2
 203 0022 9A42     		cmp	r2, r3
 204 0024 02D0     		beq	.L8
  72:.\servo_cds5500.c ****         return ERROR_RECEIVED_CHECKSUM;
 205              		.loc 1 72 0
 206 0026 4FF0FE03 		mov	r3, #254
 207 002a 09E0     		b	.L9
 208              	.L8:
  73:.\servo_cds5500.c ****     
ARM GAS  C:\Users\Martin\AppData\Local\Temp\cceVIziY.s 			page 6


  74:.\servo_cds5500.c ****     /* check if error bits are set */
  75:.\servo_cds5500.c ****     if (response->instruction[0] & CDS5500_ERROR_INSTRUCTION_BIT) 
 209              		.loc 1 75 0
 210 002c 7B68     		ldr	r3, [r7, #4]
 211 002e 1B79     		ldrb	r3, [r3, #4]	@ zero_extendqisi2
 212 0030 03F04003 		and	r3, r3, #64
 213 0034 002B     		cmp	r3, #0
 214 0036 02D0     		beq	.L10
  76:.\servo_cds5500.c ****         status = ERROR_INSTRUCTION;
 215              		.loc 1 76 0
 216 0038 4FF0FF33 		mov	r3, #-1
 217 003c 7B73     		strb	r3, [r7, #13]
 218              	.L10:
  77:.\servo_cds5500.c ****         
  78:.\servo_cds5500.c ****     return status;
 219              		.loc 1 78 0
 220 003e 7B7B     		ldrb	r3, [r7, #13]	@ zero_extendqisi2
 221              	.L9:
  79:.\servo_cds5500.c **** }
 222              		.loc 1 79 0
 223 0040 1846     		mov	r0, r3
 224 0042 07F11007 		add	r7, r7, #16
 225 0046 BD46     		mov	sp, r7
 226 0048 80BD     		pop	{r7, pc}
 227              		.cfi_endproc
 228              	.LFE31:
 229              		.size	CheckResponse, .-CheckResponse
 230 004a 00BF     		.section	.text.WritePos,"ax",%progbits
 231              		.align	2
 232              		.global	WritePos
 233              		.thumb
 234              		.thumb_func
 235              		.type	WritePos, %function
 236              	WritePos:
 237              	.LFB32:
  80:.\servo_cds5500.c **** 
  81:.\servo_cds5500.c **** /**************************************************************************
  82:.\servo_cds5500.c **** **************************************************************************/
  83:.\servo_cds5500.c **** void WritePos(int id, int position, int velocity)
  84:.\servo_cds5500.c **** {
 238              		.loc 1 84 0
 239              		.cfi_startproc
 240              		@ args = 0, pretend = 0, frame = 24
 241              		@ frame_needed = 1, uses_anonymous_args = 0
 242              		@ link register save eliminated.
 243 0000 80B4     		push	{r7}
 244              	.LCFI9:
 245              		.cfi_def_cfa_offset 4
 246 0002 87B0     		sub	sp, sp, #28
 247              	.LCFI10:
 248              		.cfi_def_cfa_offset 32
 249 0004 00AF     		add	r7, sp, #0
 250              		.cfi_offset 7, -4
 251              	.LCFI11:
 252              		.cfi_def_cfa_register 7
 253 0006 F860     		str	r0, [r7, #12]
 254 0008 B960     		str	r1, [r7, #8]
ARM GAS  C:\Users\Martin\AppData\Local\Temp\cceVIziY.s 			page 7


 255 000a 7A60     		str	r2, [r7, #4]
  85:.\servo_cds5500.c **** 	int messageLength = 7;
 256              		.loc 1 85 0
 257 000c 4FF00703 		mov	r3, #7
 258 0010 7B61     		str	r3, [r7, #20]
  86:.\servo_cds5500.c ****     (void)messageLength;
  87:.\servo_cds5500.c **** 
  88:.\servo_cds5500.c **** 	/*
  89:.\servo_cds5500.c **** 	printf(startByte0);              // send some data
  90:.\servo_cds5500.c **** 	printf(startByte1);
  91:.\servo_cds5500.c **** 	printf(id);
  92:.\servo_cds5500.c **** 	printf(messageLength);
  93:.\servo_cds5500.c **** 	printf(INST_WRITE);
  94:.\servo_cds5500.c **** 	printf(P_GOAL_POSITION_L);
  95:.\servo_cds5500.c **** 	printf(pos);
  96:.\servo_cds5500.c **** 	printf(pos2);
  97:.\servo_cds5500.c **** 	printf(vel);
  98:.\servo_cds5500.c **** 	printf(vel2);
  99:.\servo_cds5500.c **** 	printf((~(ID + (messageLength) + INST_WRITE + P_GOAL_POSITION_L + pos + pos2 + vel + vel2))&0xFF);
 100:.\servo_cds5500.c **** 	*/
 101:.\servo_cds5500.c **** }
 259              		.loc 1 101 0
 260 0012 07F11C07 		add	r7, r7, #28
 261 0016 BD46     		mov	sp, r7
 262 0018 80BC     		pop	{r7}
 263 001a 7047     		bx	lr
 264              		.cfi_endproc
 265              	.LFE32:
 266              		.size	WritePos, .-WritePos
 267              		.text
 268              	.Letext0:
 269              		.section	.debug_loc,"",%progbits
 270              	.Ldebug_loc0:
 271              	.LLST0:
 272 0000 00000000 		.4byte	.LFB29
 273 0004 02000000 		.4byte	.LCFI0
 274 0008 0100     		.2byte	0x1
 275 000a 5D       		.byte	0x5d
 276 000b 02000000 		.4byte	.LCFI0
 277 000f 04000000 		.4byte	.LCFI1
 278 0013 0200     		.2byte	0x2
 279 0015 7D       		.byte	0x7d
 280 0016 04       		.sleb128 4
 281 0017 04000000 		.4byte	.LCFI1
 282 001b 06000000 		.4byte	.LCFI2
 283 001f 0200     		.2byte	0x2
 284 0021 7D       		.byte	0x7d
 285 0022 18       		.sleb128 24
 286 0023 06000000 		.4byte	.LCFI2
 287 0027 5C000000 		.4byte	.LFE29
 288 002b 0200     		.2byte	0x2
 289 002d 77       		.byte	0x77
 290 002e 18       		.sleb128 24
 291 002f 00000000 		.4byte	0x0
 292 0033 00000000 		.4byte	0x0
 293              	.LLST1:
 294 0037 00000000 		.4byte	.LFB30
ARM GAS  C:\Users\Martin\AppData\Local\Temp\cceVIziY.s 			page 8


 295 003b 02000000 		.4byte	.LCFI3
 296 003f 0100     		.2byte	0x1
 297 0041 5D       		.byte	0x5d
 298 0042 02000000 		.4byte	.LCFI3
 299 0046 04000000 		.4byte	.LCFI4
 300 004a 0200     		.2byte	0x2
 301 004c 7D       		.byte	0x7d
 302 004d 08       		.sleb128 8
 303 004e 04000000 		.4byte	.LCFI4
 304 0052 06000000 		.4byte	.LCFI5
 305 0056 0200     		.2byte	0x2
 306 0058 7D       		.byte	0x7d
 307 0059 20       		.sleb128 32
 308 005a 06000000 		.4byte	.LCFI5
 309 005e 76000000 		.4byte	.LFE30
 310 0062 0200     		.2byte	0x2
 311 0064 77       		.byte	0x77
 312 0065 20       		.sleb128 32
 313 0066 00000000 		.4byte	0x0
 314 006a 00000000 		.4byte	0x0
 315              	.LLST2:
 316 006e 00000000 		.4byte	.LFB31
 317 0072 02000000 		.4byte	.LCFI6
 318 0076 0100     		.2byte	0x1
 319 0078 5D       		.byte	0x5d
 320 0079 02000000 		.4byte	.LCFI6
 321 007d 04000000 		.4byte	.LCFI7
 322 0081 0200     		.2byte	0x2
 323 0083 7D       		.byte	0x7d
 324 0084 08       		.sleb128 8
 325 0085 04000000 		.4byte	.LCFI7
 326 0089 06000000 		.4byte	.LCFI8
 327 008d 0200     		.2byte	0x2
 328 008f 7D       		.byte	0x7d
 329 0090 18       		.sleb128 24
 330 0091 06000000 		.4byte	.LCFI8
 331 0095 4A000000 		.4byte	.LFE31
 332 0099 0200     		.2byte	0x2
 333 009b 77       		.byte	0x77
 334 009c 18       		.sleb128 24
 335 009d 00000000 		.4byte	0x0
 336 00a1 00000000 		.4byte	0x0
 337              	.LLST3:
 338 00a5 00000000 		.4byte	.LFB32
 339 00a9 02000000 		.4byte	.LCFI9
 340 00ad 0100     		.2byte	0x1
 341 00af 5D       		.byte	0x5d
 342 00b0 02000000 		.4byte	.LCFI9
 343 00b4 04000000 		.4byte	.LCFI10
 344 00b8 0200     		.2byte	0x2
 345 00ba 7D       		.byte	0x7d
 346 00bb 04       		.sleb128 4
 347 00bc 04000000 		.4byte	.LCFI10
 348 00c0 06000000 		.4byte	.LCFI11
 349 00c4 0200     		.2byte	0x2
 350 00c6 7D       		.byte	0x7d
 351 00c7 20       		.sleb128 32
ARM GAS  C:\Users\Martin\AppData\Local\Temp\cceVIziY.s 			page 9


 352 00c8 06000000 		.4byte	.LCFI11
 353 00cc 1C000000 		.4byte	.LFE32
 354 00d0 0200     		.2byte	0x2
 355 00d2 77       		.byte	0x77
 356 00d3 20       		.sleb128 32
 357 00d4 00000000 		.4byte	0x0
 358 00d8 00000000 		.4byte	0x0
 359              		.file 2 "./Generated_Source/PSoC5/cytypes.h"
 360              		.file 3 "./types.h"
 361              		.file 4 ".\\/servo_cds5500.h"
 362              		.file 5 "./Generated_Source/PSoC5/core_cm3.h"
 363              		.section	.debug_info
 364 0000 5E020000 		.4byte	0x25e
 365 0004 0200     		.2byte	0x2
 366 0006 00000000 		.4byte	.Ldebug_abbrev0
 367 000a 04       		.byte	0x4
 368 000b 01       		.uleb128 0x1
 369 000c 7A010000 		.4byte	.LASF30
 370 0010 01       		.byte	0x1
 371 0011 76000000 		.4byte	.LASF31
 372 0015 88000000 		.4byte	.LASF32
 373 0019 00000000 		.4byte	0x0
 374 001d 00000000 		.4byte	0x0
 375 0021 00000000 		.4byte	.Ldebug_ranges0+0x0
 376 0025 00000000 		.4byte	.Ldebug_line0
 377 0029 02       		.uleb128 0x2
 378 002a 01       		.byte	0x1
 379 002b 06       		.byte	0x6
 380 002c BD010000 		.4byte	.LASF0
 381 0030 02       		.uleb128 0x2
 382 0031 01       		.byte	0x1
 383 0032 08       		.byte	0x8
 384 0033 09010000 		.4byte	.LASF1
 385 0037 02       		.uleb128 0x2
 386 0038 02       		.byte	0x2
 387 0039 05       		.byte	0x5
 388 003a 17000000 		.4byte	.LASF2
 389 003e 02       		.uleb128 0x2
 390 003f 02       		.byte	0x2
 391 0040 07       		.byte	0x7
 392 0041 E9000000 		.4byte	.LASF3
 393 0045 02       		.uleb128 0x2
 394 0046 04       		.byte	0x4
 395 0047 05       		.byte	0x5
 396 0048 AB010000 		.4byte	.LASF4
 397 004c 02       		.uleb128 0x2
 398 004d 04       		.byte	0x4
 399 004e 07       		.byte	0x7
 400 004f D7000000 		.4byte	.LASF5
 401 0053 02       		.uleb128 0x2
 402 0054 08       		.byte	0x8
 403 0055 05       		.byte	0x5
 404 0056 00000000 		.4byte	.LASF6
 405 005a 02       		.uleb128 0x2
 406 005b 08       		.byte	0x8
 407 005c 07       		.byte	0x7
 408 005d 47010000 		.4byte	.LASF7
ARM GAS  C:\Users\Martin\AppData\Local\Temp\cceVIziY.s 			page 10


 409 0061 03       		.uleb128 0x3
 410 0062 04       		.byte	0x4
 411 0063 05       		.byte	0x5
 412 0064 696E7400 		.ascii	"int\000"
 413 0068 02       		.uleb128 0x2
 414 0069 04       		.byte	0x4
 415 006a 07       		.byte	0x7
 416 006b 3A010000 		.4byte	.LASF8
 417 006f 04       		.uleb128 0x4
 418 0070 99010000 		.4byte	.LASF12
 419 0074 02       		.byte	0x2
 420 0075 4C       		.byte	0x4c
 421 0076 30000000 		.4byte	0x30
 422 007a 02       		.uleb128 0x2
 423 007b 04       		.byte	0x4
 424 007c 04       		.byte	0x4
 425 007d 4A000000 		.4byte	.LASF9
 426 0081 02       		.uleb128 0x2
 427 0082 08       		.byte	0x8
 428 0083 04       		.byte	0x4
 429 0084 17010000 		.4byte	.LASF10
 430 0088 02       		.uleb128 0x2
 431 0089 01       		.byte	0x1
 432 008a 08       		.byte	0x8
 433 008b 86010000 		.4byte	.LASF11
 434 008f 05       		.uleb128 0x5
 435 0090 04       		.byte	0x4
 436 0091 07       		.byte	0x7
 437 0092 04       		.uleb128 0x4
 438 0093 66000000 		.4byte	.LASF13
 439 0097 03       		.byte	0x3
 440 0098 0E       		.byte	0xe
 441 0099 6F000000 		.4byte	0x6f
 442 009d 06       		.uleb128 0x6
 443 009e 2F010000 		.4byte	.LASF33
 444 00a2 0D       		.byte	0xd
 445 00a3 04       		.byte	0x4
 446 00a4 46       		.byte	0x46
 447 00a5 FE000000 		.4byte	0xfe
 448 00a9 07       		.uleb128 0x7
 449 00aa 50000000 		.4byte	.LASF14
 450 00ae 04       		.byte	0x4
 451 00af 47       		.byte	0x47
 452 00b0 6F000000 		.4byte	0x6f
 453 00b4 02       		.byte	0x2
 454 00b5 23       		.byte	0x23
 455 00b6 00       		.uleb128 0x0
 456 00b7 07       		.uleb128 0x7
 457 00b8 5B000000 		.4byte	.LASF15
 458 00bc 04       		.byte	0x4
 459 00bd 48       		.byte	0x48
 460 00be 6F000000 		.4byte	0x6f
 461 00c2 02       		.byte	0x2
 462 00c3 23       		.byte	0x23
 463 00c4 01       		.uleb128 0x1
 464 00c5 07       		.uleb128 0x7
 465 00c6 1E010000 		.4byte	.LASF16
ARM GAS  C:\Users\Martin\AppData\Local\Temp\cceVIziY.s 			page 11


 466 00ca 04       		.byte	0x4
 467 00cb 49       		.byte	0x49
 468 00cc 6F000000 		.4byte	0x6f
 469 00d0 02       		.byte	0x2
 470 00d1 23       		.byte	0x23
 471 00d2 02       		.uleb128 0x2
 472 00d3 07       		.uleb128 0x7
 473 00d4 D5010000 		.4byte	.LASF17
 474 00d8 04       		.byte	0x4
 475 00d9 4A       		.byte	0x4a
 476 00da 6F000000 		.4byte	0x6f
 477 00de 02       		.byte	0x2
 478 00df 23       		.byte	0x23
 479 00e0 03       		.uleb128 0x3
 480 00e1 07       		.uleb128 0x7
 481 00e2 9F010000 		.4byte	.LASF18
 482 00e6 04       		.byte	0x4
 483 00e7 4B       		.byte	0x4b
 484 00e8 FE000000 		.4byte	0xfe
 485 00ec 02       		.byte	0x2
 486 00ed 23       		.byte	0x23
 487 00ee 04       		.uleb128 0x4
 488 00ef 07       		.uleb128 0x7
 489 00f0 0E000000 		.4byte	.LASF19
 490 00f4 04       		.byte	0x4
 491 00f5 4C       		.byte	0x4c
 492 00f6 6F000000 		.4byte	0x6f
 493 00fa 02       		.byte	0x2
 494 00fb 23       		.byte	0x23
 495 00fc 0C       		.uleb128 0xc
 496 00fd 00       		.byte	0x0
 497 00fe 08       		.uleb128 0x8
 498 00ff 6F000000 		.4byte	0x6f
 499 0103 0E010000 		.4byte	0x10e
 500 0107 09       		.uleb128 0x9
 501 0108 8F000000 		.4byte	0x8f
 502 010c 07       		.byte	0x7
 503 010d 00       		.byte	0x0
 504 010e 04       		.uleb128 0x4
 505 010f 3E000000 		.4byte	.LASF20
 506 0113 04       		.byte	0x4
 507 0114 4D       		.byte	0x4d
 508 0115 9D000000 		.4byte	0x9d
 509 0119 0A       		.uleb128 0xa
 510 011a 6D000000 		.4byte	.LASF34
 511 011e 01       		.byte	0x1
 512 011f 11       		.byte	0x11
 513 0120 01       		.byte	0x1
 514 0121 6F000000 		.4byte	0x6f
 515 0125 00000000 		.4byte	.LFB29
 516 0129 5C000000 		.4byte	.LFE29
 517 012d 00000000 		.4byte	.LLST0
 518 0131 5E010000 		.4byte	0x15e
 519 0135 0B       		.uleb128 0xb
 520 0136 6D736700 		.ascii	"msg\000"
 521 013a 01       		.byte	0x1
 522 013b 11       		.byte	0x11
ARM GAS  C:\Users\Martin\AppData\Local\Temp\cceVIziY.s 			page 12


 523 013c 5E010000 		.4byte	0x15e
 524 0140 02       		.byte	0x2
 525 0141 91       		.byte	0x91
 526 0142 6C       		.sleb128 -20
 527 0143 0C       		.uleb128 0xc
 528 0144 0E000000 		.4byte	.LASF19
 529 0148 01       		.byte	0x1
 530 0149 13       		.byte	0x13
 531 014a 6F000000 		.4byte	0x6f
 532 014e 02       		.byte	0x2
 533 014f 91       		.byte	0x91
 534 0150 76       		.sleb128 -10
 535 0151 0D       		.uleb128 0xd
 536 0152 6900     		.ascii	"i\000"
 537 0154 01       		.byte	0x1
 538 0155 14       		.byte	0x14
 539 0156 6F000000 		.4byte	0x6f
 540 015a 02       		.byte	0x2
 541 015b 91       		.byte	0x91
 542 015c 77       		.sleb128 -9
 543 015d 00       		.byte	0x0
 544 015e 0E       		.uleb128 0xe
 545 015f 04       		.byte	0x4
 546 0160 0E010000 		.4byte	0x10e
 547 0164 0F       		.uleb128 0xf
 548 0165 01       		.byte	0x1
 549 0166 67010000 		.4byte	.LASF25
 550 016a 01       		.byte	0x1
 551 016b 28       		.byte	0x28
 552 016c 01       		.byte	0x1
 553 016d 00000000 		.4byte	.LFB30
 554 0171 76000000 		.4byte	.LFE30
 555 0175 37000000 		.4byte	.LLST1
 556 0179 A7010000 		.4byte	0x1a7
 557 017d 0B       		.uleb128 0xb
 558 017e 696400   		.ascii	"id\000"
 559 0181 01       		.byte	0x1
 560 0182 28       		.byte	0x28
 561 0183 6F000000 		.4byte	0x6f
 562 0187 02       		.byte	0x2
 563 0188 91       		.byte	0x91
 564 0189 67       		.sleb128 -25
 565 018a 0C       		.uleb128 0xc
 566 018b 21000000 		.4byte	.LASF21
 567 018f 01       		.byte	0x1
 568 0190 2A       		.byte	0x2a
 569 0191 92000000 		.4byte	0x92
 570 0195 02       		.byte	0x2
 571 0196 91       		.byte	0x91
 572 0197 77       		.sleb128 -9
 573 0198 0D       		.uleb128 0xd
 574 0199 6D736700 		.ascii	"msg\000"
 575 019d 01       		.byte	0x1
 576 019e 2C       		.byte	0x2c
 577 019f 0E010000 		.4byte	0x10e
 578 01a3 02       		.byte	0x2
 579 01a4 91       		.byte	0x91
ARM GAS  C:\Users\Martin\AppData\Local\Temp\cceVIziY.s 			page 13


 580 01a5 68       		.sleb128 -24
 581 01a6 00       		.byte	0x0
 582 01a7 10       		.uleb128 0x10
 583 01a8 01       		.byte	0x1
 584 01a9 8B010000 		.4byte	.LASF35
 585 01ad 01       		.byte	0x1
 586 01ae 40       		.byte	0x40
 587 01af 01       		.byte	0x1
 588 01b0 92000000 		.4byte	0x92
 589 01b4 00000000 		.4byte	.LFB31
 590 01b8 4A000000 		.4byte	.LFE31
 591 01bc 6E000000 		.4byte	.LLST2
 592 01c0 FD010000 		.4byte	0x1fd
 593 01c4 11       		.uleb128 0x11
 594 01c5 5E010000 		.4byte	.LASF22
 595 01c9 01       		.byte	0x1
 596 01ca 40       		.byte	0x40
 597 01cb 5E010000 		.4byte	0x15e
 598 01cf 02       		.byte	0x2
 599 01d0 91       		.byte	0x91
 600 01d1 6C       		.sleb128 -20
 601 01d2 0C       		.uleb128 0xc
 602 01d3 21000000 		.4byte	.LASF21
 603 01d7 01       		.byte	0x1
 604 01d8 42       		.byte	0x42
 605 01d9 92000000 		.4byte	0x92
 606 01dd 02       		.byte	0x2
 607 01de 91       		.byte	0x91
 608 01df 75       		.sleb128 -11
 609 01e0 0C       		.uleb128 0xc
 610 01e1 C9010000 		.4byte	.LASF23
 611 01e5 01       		.byte	0x1
 612 01e6 43       		.byte	0x43
 613 01e7 6F000000 		.4byte	0x6f
 614 01eb 02       		.byte	0x2
 615 01ec 91       		.byte	0x91
 616 01ed 76       		.sleb128 -10
 617 01ee 0C       		.uleb128 0xc
 618 01ef 31000000 		.4byte	.LASF24
 619 01f3 01       		.byte	0x1
 620 01f4 44       		.byte	0x44
 621 01f5 6F000000 		.4byte	0x6f
 622 01f9 02       		.byte	0x2
 623 01fa 91       		.byte	0x91
 624 01fb 77       		.sleb128 -9
 625 01fc 00       		.byte	0x0
 626 01fd 0F       		.uleb128 0xf
 627 01fe 01       		.byte	0x1
 628 01ff 28000000 		.4byte	.LASF26
 629 0203 01       		.byte	0x1
 630 0204 53       		.byte	0x53
 631 0205 01       		.byte	0x1
 632 0206 00000000 		.4byte	.LFB32
 633 020a 1C000000 		.4byte	.LFE32
 634 020e A5000000 		.4byte	.LLST3
 635 0212 4E020000 		.4byte	0x24e
 636 0216 0B       		.uleb128 0xb
ARM GAS  C:\Users\Martin\AppData\Local\Temp\cceVIziY.s 			page 14


 637 0217 696400   		.ascii	"id\000"
 638 021a 01       		.byte	0x1
 639 021b 53       		.byte	0x53
 640 021c 61000000 		.4byte	0x61
 641 0220 02       		.byte	0x2
 642 0221 91       		.byte	0x91
 643 0222 6C       		.sleb128 -20
 644 0223 11       		.uleb128 0x11
 645 0224 26010000 		.4byte	.LASF27
 646 0228 01       		.byte	0x1
 647 0229 53       		.byte	0x53
 648 022a 61000000 		.4byte	0x61
 649 022e 02       		.byte	0x2
 650 022f 91       		.byte	0x91
 651 0230 68       		.sleb128 -24
 652 0231 11       		.uleb128 0x11
 653 0232 B4010000 		.4byte	.LASF28
 654 0236 01       		.byte	0x1
 655 0237 53       		.byte	0x53
 656 0238 61000000 		.4byte	0x61
 657 023c 02       		.byte	0x2
 658 023d 91       		.byte	0x91
 659 023e 64       		.sleb128 -28
 660 023f 0C       		.uleb128 0xc
 661 0240 6C010000 		.4byte	.LASF29
 662 0244 01       		.byte	0x1
 663 0245 55       		.byte	0x55
 664 0246 61000000 		.4byte	0x61
 665 024a 02       		.byte	0x2
 666 024b 91       		.byte	0x91
 667 024c 74       		.sleb128 -12
 668 024d 00       		.byte	0x0
 669 024e 12       		.uleb128 0x12
 670 024f FC000000 		.4byte	.LASF36
 671 0253 05       		.byte	0x5
 672 0254 CE06     		.2byte	0x6ce
 673 0256 5C020000 		.4byte	0x25c
 674 025a 01       		.byte	0x1
 675 025b 01       		.byte	0x1
 676 025c 13       		.uleb128 0x13
 677 025d 61000000 		.4byte	0x61
 678 0261 00       		.byte	0x0
 679              		.section	.debug_abbrev
 680 0000 01       		.uleb128 0x1
 681 0001 11       		.uleb128 0x11
 682 0002 01       		.byte	0x1
 683 0003 25       		.uleb128 0x25
 684 0004 0E       		.uleb128 0xe
 685 0005 13       		.uleb128 0x13
 686 0006 0B       		.uleb128 0xb
 687 0007 03       		.uleb128 0x3
 688 0008 0E       		.uleb128 0xe
 689 0009 1B       		.uleb128 0x1b
 690 000a 0E       		.uleb128 0xe
 691 000b 11       		.uleb128 0x11
 692 000c 01       		.uleb128 0x1
 693 000d 52       		.uleb128 0x52
ARM GAS  C:\Users\Martin\AppData\Local\Temp\cceVIziY.s 			page 15


 694 000e 01       		.uleb128 0x1
 695 000f 55       		.uleb128 0x55
 696 0010 06       		.uleb128 0x6
 697 0011 10       		.uleb128 0x10
 698 0012 06       		.uleb128 0x6
 699 0013 00       		.byte	0x0
 700 0014 00       		.byte	0x0
 701 0015 02       		.uleb128 0x2
 702 0016 24       		.uleb128 0x24
 703 0017 00       		.byte	0x0
 704 0018 0B       		.uleb128 0xb
 705 0019 0B       		.uleb128 0xb
 706 001a 3E       		.uleb128 0x3e
 707 001b 0B       		.uleb128 0xb
 708 001c 03       		.uleb128 0x3
 709 001d 0E       		.uleb128 0xe
 710 001e 00       		.byte	0x0
 711 001f 00       		.byte	0x0
 712 0020 03       		.uleb128 0x3
 713 0021 24       		.uleb128 0x24
 714 0022 00       		.byte	0x0
 715 0023 0B       		.uleb128 0xb
 716 0024 0B       		.uleb128 0xb
 717 0025 3E       		.uleb128 0x3e
 718 0026 0B       		.uleb128 0xb
 719 0027 03       		.uleb128 0x3
 720 0028 08       		.uleb128 0x8
 721 0029 00       		.byte	0x0
 722 002a 00       		.byte	0x0
 723 002b 04       		.uleb128 0x4
 724 002c 16       		.uleb128 0x16
 725 002d 00       		.byte	0x0
 726 002e 03       		.uleb128 0x3
 727 002f 0E       		.uleb128 0xe
 728 0030 3A       		.uleb128 0x3a
 729 0031 0B       		.uleb128 0xb
 730 0032 3B       		.uleb128 0x3b
 731 0033 0B       		.uleb128 0xb
 732 0034 49       		.uleb128 0x49
 733 0035 13       		.uleb128 0x13
 734 0036 00       		.byte	0x0
 735 0037 00       		.byte	0x0
 736 0038 05       		.uleb128 0x5
 737 0039 24       		.uleb128 0x24
 738 003a 00       		.byte	0x0
 739 003b 0B       		.uleb128 0xb
 740 003c 0B       		.uleb128 0xb
 741 003d 3E       		.uleb128 0x3e
 742 003e 0B       		.uleb128 0xb
 743 003f 00       		.byte	0x0
 744 0040 00       		.byte	0x0
 745 0041 06       		.uleb128 0x6
 746 0042 13       		.uleb128 0x13
 747 0043 01       		.byte	0x1
 748 0044 03       		.uleb128 0x3
 749 0045 0E       		.uleb128 0xe
 750 0046 0B       		.uleb128 0xb
ARM GAS  C:\Users\Martin\AppData\Local\Temp\cceVIziY.s 			page 16


 751 0047 0B       		.uleb128 0xb
 752 0048 3A       		.uleb128 0x3a
 753 0049 0B       		.uleb128 0xb
 754 004a 3B       		.uleb128 0x3b
 755 004b 0B       		.uleb128 0xb
 756 004c 01       		.uleb128 0x1
 757 004d 13       		.uleb128 0x13
 758 004e 00       		.byte	0x0
 759 004f 00       		.byte	0x0
 760 0050 07       		.uleb128 0x7
 761 0051 0D       		.uleb128 0xd
 762 0052 00       		.byte	0x0
 763 0053 03       		.uleb128 0x3
 764 0054 0E       		.uleb128 0xe
 765 0055 3A       		.uleb128 0x3a
 766 0056 0B       		.uleb128 0xb
 767 0057 3B       		.uleb128 0x3b
 768 0058 0B       		.uleb128 0xb
 769 0059 49       		.uleb128 0x49
 770 005a 13       		.uleb128 0x13
 771 005b 38       		.uleb128 0x38
 772 005c 0A       		.uleb128 0xa
 773 005d 00       		.byte	0x0
 774 005e 00       		.byte	0x0
 775 005f 08       		.uleb128 0x8
 776 0060 01       		.uleb128 0x1
 777 0061 01       		.byte	0x1
 778 0062 49       		.uleb128 0x49
 779 0063 13       		.uleb128 0x13
 780 0064 01       		.uleb128 0x1
 781 0065 13       		.uleb128 0x13
 782 0066 00       		.byte	0x0
 783 0067 00       		.byte	0x0
 784 0068 09       		.uleb128 0x9
 785 0069 21       		.uleb128 0x21
 786 006a 00       		.byte	0x0
 787 006b 49       		.uleb128 0x49
 788 006c 13       		.uleb128 0x13
 789 006d 2F       		.uleb128 0x2f
 790 006e 0B       		.uleb128 0xb
 791 006f 00       		.byte	0x0
 792 0070 00       		.byte	0x0
 793 0071 0A       		.uleb128 0xa
 794 0072 2E       		.uleb128 0x2e
 795 0073 01       		.byte	0x1
 796 0074 03       		.uleb128 0x3
 797 0075 0E       		.uleb128 0xe
 798 0076 3A       		.uleb128 0x3a
 799 0077 0B       		.uleb128 0xb
 800 0078 3B       		.uleb128 0x3b
 801 0079 0B       		.uleb128 0xb
 802 007a 27       		.uleb128 0x27
 803 007b 0C       		.uleb128 0xc
 804 007c 49       		.uleb128 0x49
 805 007d 13       		.uleb128 0x13
 806 007e 11       		.uleb128 0x11
 807 007f 01       		.uleb128 0x1
ARM GAS  C:\Users\Martin\AppData\Local\Temp\cceVIziY.s 			page 17


 808 0080 12       		.uleb128 0x12
 809 0081 01       		.uleb128 0x1
 810 0082 40       		.uleb128 0x40
 811 0083 06       		.uleb128 0x6
 812 0084 01       		.uleb128 0x1
 813 0085 13       		.uleb128 0x13
 814 0086 00       		.byte	0x0
 815 0087 00       		.byte	0x0
 816 0088 0B       		.uleb128 0xb
 817 0089 05       		.uleb128 0x5
 818 008a 00       		.byte	0x0
 819 008b 03       		.uleb128 0x3
 820 008c 08       		.uleb128 0x8
 821 008d 3A       		.uleb128 0x3a
 822 008e 0B       		.uleb128 0xb
 823 008f 3B       		.uleb128 0x3b
 824 0090 0B       		.uleb128 0xb
 825 0091 49       		.uleb128 0x49
 826 0092 13       		.uleb128 0x13
 827 0093 02       		.uleb128 0x2
 828 0094 0A       		.uleb128 0xa
 829 0095 00       		.byte	0x0
 830 0096 00       		.byte	0x0
 831 0097 0C       		.uleb128 0xc
 832 0098 34       		.uleb128 0x34
 833 0099 00       		.byte	0x0
 834 009a 03       		.uleb128 0x3
 835 009b 0E       		.uleb128 0xe
 836 009c 3A       		.uleb128 0x3a
 837 009d 0B       		.uleb128 0xb
 838 009e 3B       		.uleb128 0x3b
 839 009f 0B       		.uleb128 0xb
 840 00a0 49       		.uleb128 0x49
 841 00a1 13       		.uleb128 0x13
 842 00a2 02       		.uleb128 0x2
 843 00a3 0A       		.uleb128 0xa
 844 00a4 00       		.byte	0x0
 845 00a5 00       		.byte	0x0
 846 00a6 0D       		.uleb128 0xd
 847 00a7 34       		.uleb128 0x34
 848 00a8 00       		.byte	0x0
 849 00a9 03       		.uleb128 0x3
 850 00aa 08       		.uleb128 0x8
 851 00ab 3A       		.uleb128 0x3a
 852 00ac 0B       		.uleb128 0xb
 853 00ad 3B       		.uleb128 0x3b
 854 00ae 0B       		.uleb128 0xb
 855 00af 49       		.uleb128 0x49
 856 00b0 13       		.uleb128 0x13
 857 00b1 02       		.uleb128 0x2
 858 00b2 0A       		.uleb128 0xa
 859 00b3 00       		.byte	0x0
 860 00b4 00       		.byte	0x0
 861 00b5 0E       		.uleb128 0xe
 862 00b6 0F       		.uleb128 0xf
 863 00b7 00       		.byte	0x0
 864 00b8 0B       		.uleb128 0xb
ARM GAS  C:\Users\Martin\AppData\Local\Temp\cceVIziY.s 			page 18


 865 00b9 0B       		.uleb128 0xb
 866 00ba 49       		.uleb128 0x49
 867 00bb 13       		.uleb128 0x13
 868 00bc 00       		.byte	0x0
 869 00bd 00       		.byte	0x0
 870 00be 0F       		.uleb128 0xf
 871 00bf 2E       		.uleb128 0x2e
 872 00c0 01       		.byte	0x1
 873 00c1 3F       		.uleb128 0x3f
 874 00c2 0C       		.uleb128 0xc
 875 00c3 03       		.uleb128 0x3
 876 00c4 0E       		.uleb128 0xe
 877 00c5 3A       		.uleb128 0x3a
 878 00c6 0B       		.uleb128 0xb
 879 00c7 3B       		.uleb128 0x3b
 880 00c8 0B       		.uleb128 0xb
 881 00c9 27       		.uleb128 0x27
 882 00ca 0C       		.uleb128 0xc
 883 00cb 11       		.uleb128 0x11
 884 00cc 01       		.uleb128 0x1
 885 00cd 12       		.uleb128 0x12
 886 00ce 01       		.uleb128 0x1
 887 00cf 40       		.uleb128 0x40
 888 00d0 06       		.uleb128 0x6
 889 00d1 01       		.uleb128 0x1
 890 00d2 13       		.uleb128 0x13
 891 00d3 00       		.byte	0x0
 892 00d4 00       		.byte	0x0
 893 00d5 10       		.uleb128 0x10
 894 00d6 2E       		.uleb128 0x2e
 895 00d7 01       		.byte	0x1
 896 00d8 3F       		.uleb128 0x3f
 897 00d9 0C       		.uleb128 0xc
 898 00da 03       		.uleb128 0x3
 899 00db 0E       		.uleb128 0xe
 900 00dc 3A       		.uleb128 0x3a
 901 00dd 0B       		.uleb128 0xb
 902 00de 3B       		.uleb128 0x3b
 903 00df 0B       		.uleb128 0xb
 904 00e0 27       		.uleb128 0x27
 905 00e1 0C       		.uleb128 0xc
 906 00e2 49       		.uleb128 0x49
 907 00e3 13       		.uleb128 0x13
 908 00e4 11       		.uleb128 0x11
 909 00e5 01       		.uleb128 0x1
 910 00e6 12       		.uleb128 0x12
 911 00e7 01       		.uleb128 0x1
 912 00e8 40       		.uleb128 0x40
 913 00e9 06       		.uleb128 0x6
 914 00ea 01       		.uleb128 0x1
 915 00eb 13       		.uleb128 0x13
 916 00ec 00       		.byte	0x0
 917 00ed 00       		.byte	0x0
 918 00ee 11       		.uleb128 0x11
 919 00ef 05       		.uleb128 0x5
 920 00f0 00       		.byte	0x0
 921 00f1 03       		.uleb128 0x3
ARM GAS  C:\Users\Martin\AppData\Local\Temp\cceVIziY.s 			page 19


 922 00f2 0E       		.uleb128 0xe
 923 00f3 3A       		.uleb128 0x3a
 924 00f4 0B       		.uleb128 0xb
 925 00f5 3B       		.uleb128 0x3b
 926 00f6 0B       		.uleb128 0xb
 927 00f7 49       		.uleb128 0x49
 928 00f8 13       		.uleb128 0x13
 929 00f9 02       		.uleb128 0x2
 930 00fa 0A       		.uleb128 0xa
 931 00fb 00       		.byte	0x0
 932 00fc 00       		.byte	0x0
 933 00fd 12       		.uleb128 0x12
 934 00fe 34       		.uleb128 0x34
 935 00ff 00       		.byte	0x0
 936 0100 03       		.uleb128 0x3
 937 0101 0E       		.uleb128 0xe
 938 0102 3A       		.uleb128 0x3a
 939 0103 0B       		.uleb128 0xb
 940 0104 3B       		.uleb128 0x3b
 941 0105 05       		.uleb128 0x5
 942 0106 49       		.uleb128 0x49
 943 0107 13       		.uleb128 0x13
 944 0108 3F       		.uleb128 0x3f
 945 0109 0C       		.uleb128 0xc
 946 010a 3C       		.uleb128 0x3c
 947 010b 0C       		.uleb128 0xc
 948 010c 00       		.byte	0x0
 949 010d 00       		.byte	0x0
 950 010e 13       		.uleb128 0x13
 951 010f 35       		.uleb128 0x35
 952 0110 00       		.byte	0x0
 953 0111 49       		.uleb128 0x49
 954 0112 13       		.uleb128 0x13
 955 0113 00       		.byte	0x0
 956 0114 00       		.byte	0x0
 957 0115 00       		.byte	0x0
 958              		.section	.debug_pubnames,"",%progbits
 959 0000 36000000 		.4byte	0x36
 960 0004 0200     		.2byte	0x2
 961 0006 00000000 		.4byte	.Ldebug_info0
 962 000a 62020000 		.4byte	0x262
 963 000e 64010000 		.4byte	0x164
 964 0012 50696E67 		.ascii	"Ping\000"
 964      00
 965 0017 A7010000 		.4byte	0x1a7
 966 001b 43686563 		.ascii	"CheckResponse\000"
 966      6B526573 
 966      706F6E73 
 966      6500
 967 0029 FD010000 		.4byte	0x1fd
 968 002d 57726974 		.ascii	"WritePos\000"
 968      65506F73 
 968      00
 969 0036 00000000 		.4byte	0x0
 970              		.section	.debug_aranges,"",%progbits
 971 0000 34000000 		.4byte	0x34
 972 0004 0200     		.2byte	0x2
ARM GAS  C:\Users\Martin\AppData\Local\Temp\cceVIziY.s 			page 20


 973 0006 00000000 		.4byte	.Ldebug_info0
 974 000a 04       		.byte	0x4
 975 000b 00       		.byte	0x0
 976 000c 0000     		.2byte	0x0
 977 000e 0000     		.2byte	0x0
 978 0010 00000000 		.4byte	.LFB29
 979 0014 5C000000 		.4byte	.LFE29-.LFB29
 980 0018 00000000 		.4byte	.LFB30
 981 001c 76000000 		.4byte	.LFE30-.LFB30
 982 0020 00000000 		.4byte	.LFB31
 983 0024 4A000000 		.4byte	.LFE31-.LFB31
 984 0028 00000000 		.4byte	.LFB32
 985 002c 1C000000 		.4byte	.LFE32-.LFB32
 986 0030 00000000 		.4byte	0x0
 987 0034 00000000 		.4byte	0x0
 988              		.section	.debug_ranges,"",%progbits
 989              	.Ldebug_ranges0:
 990 0000 00000000 		.4byte	.Ltext0
 991 0004 00000000 		.4byte	.Letext0
 992 0008 00000000 		.4byte	.LFB29
 993 000c 5C000000 		.4byte	.LFE29
 994 0010 00000000 		.4byte	.LFB30
 995 0014 76000000 		.4byte	.LFE30
 996 0018 00000000 		.4byte	.LFB31
 997 001c 4A000000 		.4byte	.LFE31
 998 0020 00000000 		.4byte	.LFB32
 999 0024 1C000000 		.4byte	.LFE32
 1000 0028 00000000 		.4byte	0x0
 1001 002c 00000000 		.4byte	0x0
 1002              		.section	.debug_str,"MS",%progbits,1
 1003              	.LASF6:
 1004 0000 6C6F6E67 		.ascii	"long long int\000"
 1004      206C6F6E 
 1004      6720696E 
 1004      7400
 1005              	.LASF19:
 1006 000e 63686563 		.ascii	"checksum\000"
 1006      6B73756D 
 1006      00
 1007              	.LASF2:
 1008 0017 73686F72 		.ascii	"short int\000"
 1008      7420696E 
 1008      7400
 1009              	.LASF21:
 1010 0021 73746174 		.ascii	"status\000"
 1010      757300
 1011              	.LASF26:
 1012 0028 57726974 		.ascii	"WritePos\000"
 1012      65506F73 
 1012      00
 1013              	.LASF24:
 1014 0031 63616C63 		.ascii	"calcChecksum\000"
 1014      43686563 
 1014      6B73756D 
 1014      00
 1015              	.LASF20:
 1016 003e 43445335 		.ascii	"CDS5500_MSG\000"
ARM GAS  C:\Users\Martin\AppData\Local\Temp\cceVIziY.s 			page 21


 1016      3530305F 
 1016      4D534700 
 1017              	.LASF9:
 1018 004a 666C6F61 		.ascii	"float\000"
 1018      7400
 1019              	.LASF14:
 1020 0050 73746172 		.ascii	"startbyte0\000"
 1020      74627974 
 1020      653000
 1021              	.LASF15:
 1022 005b 73746172 		.ascii	"startbyte1\000"
 1022      74627974 
 1022      653100
 1023              	.LASF13:
 1024 0066 53544154 		.ascii	"STATUS\000"
 1024      555300
 1025              	.LASF34:
 1026 006d 43686563 		.ascii	"Checksum\000"
 1026      6B73756D 
 1026      00
 1027              	.LASF31:
 1028 0076 2E5C7365 		.ascii	".\\servo_cds5500.c\000"
 1028      72766F5F 
 1028      63647335 
 1028      3530302E 
 1028      6300
 1029              	.LASF32:
 1030 0088 583A5C72 		.ascii	"X:\\roboticscode\\trunk\\psoc\\psoc_creator_2.2\\Dr"
 1030      6F626F74 
 1030      69637363 
 1030      6F64655C 
 1030      7472756E 
 1031 00b6 6976655F 		.ascii	"ive_Platform\\DrivePlatform.cydsn\000"
 1031      506C6174 
 1031      666F726D 
 1031      5C447269 
 1031      7665506C 
 1032              	.LASF5:
 1033 00d7 6C6F6E67 		.ascii	"long unsigned int\000"
 1033      20756E73 
 1033      69676E65 
 1033      6420696E 
 1033      7400
 1034              	.LASF3:
 1035 00e9 73686F72 		.ascii	"short unsigned int\000"
 1035      7420756E 
 1035      7369676E 
 1035      65642069 
 1035      6E7400
 1036              	.LASF36:
 1037 00fc 49544D5F 		.ascii	"ITM_RxBuffer\000"
 1037      52784275 
 1037      66666572 
 1037      00
 1038              	.LASF1:
 1039 0109 756E7369 		.ascii	"unsigned char\000"
 1039      676E6564 
ARM GAS  C:\Users\Martin\AppData\Local\Temp\cceVIziY.s 			page 22


 1039      20636861 
 1039      7200
 1040              	.LASF10:
 1041 0117 646F7562 		.ascii	"double\000"
 1041      6C6500
 1042              	.LASF16:
 1043 011e 6D6F746F 		.ascii	"motorId\000"
 1043      72496400 
 1044              	.LASF27:
 1045 0126 706F7369 		.ascii	"position\000"
 1045      74696F6E 
 1045      00
 1046              	.LASF33:
 1047 012f 5F736572 		.ascii	"_servo_msg\000"
 1047      766F5F6D 
 1047      736700
 1048              	.LASF8:
 1049 013a 756E7369 		.ascii	"unsigned int\000"
 1049      676E6564 
 1049      20696E74 
 1049      00
 1050              	.LASF7:
 1051 0147 6C6F6E67 		.ascii	"long long unsigned int\000"
 1051      206C6F6E 
 1051      6720756E 
 1051      7369676E 
 1051      65642069 
 1052              	.LASF22:
 1053 015e 72657370 		.ascii	"response\000"
 1053      6F6E7365 
 1053      00
 1054              	.LASF25:
 1055 0167 50696E67 		.ascii	"Ping\000"
 1055      00
 1056              	.LASF29:
 1057 016c 6D657373 		.ascii	"messageLength\000"
 1057      6167654C 
 1057      656E6774 
 1057      6800
 1058              	.LASF30:
 1059 017a 474E5520 		.ascii	"GNU C 4.4.1\000"
 1059      4320342E 
 1059      342E3100 
 1060              	.LASF11:
 1061 0186 63686172 		.ascii	"char\000"
 1061      00
 1062              	.LASF35:
 1063 018b 43686563 		.ascii	"CheckResponse\000"
 1063      6B526573 
 1063      706F6E73 
 1063      6500
 1064              	.LASF12:
 1065 0199 75696E74 		.ascii	"uint8\000"
 1065      3800
 1066              	.LASF18:
 1067 019f 696E7374 		.ascii	"instruction\000"
 1067      72756374 
ARM GAS  C:\Users\Martin\AppData\Local\Temp\cceVIziY.s 			page 23


 1067      696F6E00 
 1068              	.LASF4:
 1069 01ab 6C6F6E67 		.ascii	"long int\000"
 1069      20696E74 
 1069      00
 1070              	.LASF28:
 1071 01b4 76656C6F 		.ascii	"velocity\000"
 1071      63697479 
 1071      00
 1072              	.LASF0:
 1073 01bd 7369676E 		.ascii	"signed char\000"
 1073      65642063 
 1073      68617200 
 1074              	.LASF23:
 1075 01c9 6D736743 		.ascii	"msgCkecksum\000"
 1075      6B65636B 
 1075      73756D00 
 1076              	.LASF17:
 1077 01d5 6C656E67 		.ascii	"length\000"
 1077      746800
 1078              		.ident	"GCC: (Sourcery G++ Lite 2010q1-188) 4.4.1"
