ARM GAS  C:\Users\Martin\AppData\Local\Temp\ccshij1b.s 			page 1


   1              		.syntax unified
   2              		.cpu cortex-m3
   3              		.fpu softvfp
   4              		.eabi_attribute 20, 1
   5              		.eabi_attribute 21, 1
   6              		.eabi_attribute 23, 3
   7              		.eabi_attribute 24, 1
   8              		.eabi_attribute 25, 1
   9              		.eabi_attribute 26, 1
  10              		.eabi_attribute 30, 6
  11              		.eabi_attribute 34, 1
  12              		.eabi_attribute 18, 4
  13              		.thumb
  14              		.file	"main.c"
  15              		.text
  16              	.Ltext0:
  17              		.cfi_sections	.debug_frame
  18              		.section	.text.main,"ax",%progbits
  19              		.align	2
  20              		.global	main
  21              		.thumb
  22              		.thumb_func
  23              		.type	main, %function
  24              	main:
  25              	.LFB56:
  26              		.file 1 ".\\main.c"
   1:.\main.c      **** /* Copyright (C) <2014> <Martin Schalk>
   2:.\main.c      ****  * All rights reserved.
   3:.\main.c      ****  *
   4:.\main.c      ****  * This software may be modified and distributed under the terms
   5:.\main.c      ****  * of the BSD license.  See the LICENSE file for details.
   6:.\main.c      ****  */
   7:.\main.c      **** 
   8:.\main.c      **** #include <project.h>
   9:.\main.c      **** #include "servo_cds5500.h"
  10:.\main.c      **** #include "hal.h"
  11:.\main.c      **** #include "bpl.h"
  12:.\main.c      **** #include "tmr.h"
  13:.\main.c      **** 
  14:.\main.c      **** #include "global.h"
  15:.\main.c      **** 
  16:.\main.c      **** int main()
  17:.\main.c      **** {
  27              		.loc 1 17 0
  28              		.cfi_startproc
  29              		@ args = 0, pretend = 0, frame = 8
  30              		@ frame_needed = 1, uses_anonymous_args = 0
  31 0000 80B5     		push	{r7, lr}
  32              	.LCFI0:
  33              		.cfi_def_cfa_offset 8
  34              		.cfi_offset 7, -8
  35              		.cfi_offset 14, -4
  36 0002 82B0     		sub	sp, sp, #8
  37              	.LCFI1:
  38              		.cfi_def_cfa_offset 16
  39 0004 00AF     		add	r7, sp, #0
  40              	.LCFI2:
ARM GAS  C:\Users\Martin\AppData\Local\Temp\ccshij1b.s 			page 2


  41              		.cfi_def_cfa_register 7
  18:.\main.c      **** 	STATUS status;
  19:.\main.c      **** 	
  20:.\main.c      **** 	/* Initialization */
  21:.\main.c      **** 	/* -------------- */
  22:.\main.c      **** 	CyGlobalIntEnable; /* Enable interrupts */
  42              		.loc 1 22 0
  43              	@ 22 ".\main.c" 1
  44 0006 62B6     		CPSIE   i
  45              	@ 0 "" 2
  23:.\main.c      **** 	status = HAL_Init();
  46              		.loc 1 23 0
  47              		.thumb
  48 0008 FFF7FEFF 		bl	HAL_Init
  49 000c 0346     		mov	r3, r0
  50 000e FB71     		strb	r3, [r7, #7]
  24:.\main.c      **** 	status = TMR_Init();
  51              		.loc 1 24 0
  52 0010 FFF7FEFF 		bl	TMR_Init
  53 0014 0346     		mov	r3, r0
  54 0016 FB71     		strb	r3, [r7, #7]
  25:.\main.c      **** #ifdef TEST_UART
  26:.\main.c      **** 	status = TST_Init();
  55              		.loc 1 26 0
  56 0018 FFF7FEFF 		bl	TST_Init
  57 001c 0346     		mov	r3, r0
  58 001e FB71     		strb	r3, [r7, #7]
  59              	.L2:
  27:.\main.c      **** #endif
  28:.\main.c      **** 
  29:.\main.c      ****     for(;;)
  30:.\main.c      ****     {
  31:.\main.c      ****         /* Bus handler */
  32:.\main.c      **** 		BPL_HandleTask();
  60              		.loc 1 32 0 discriminator 1
  61 0020 FFF7FEFF 		bl	BPL_HandleTask
  33:.\main.c      **** 		
  34:.\main.c      **** 		/* Timer Handler */
  35:.\main.c      **** 		TMR_HandleTask();
  62              		.loc 1 35 0 discriminator 1
  63 0024 FFF7FEFF 		bl	TMR_HandleTask
  36:.\main.c      ****     }
  64              		.loc 1 36 0 discriminator 1
  65 0028 FAE7     		b	.L2
  66              		.cfi_endproc
  67              	.LFE56:
  68              		.size	main, .-main
  69 002a 00BF     		.text
  70              	.Letext0:
  71              		.file 2 "c:\\program files (x86)\\cypress\\psoc creator\\3.0\\psoc creator\\import\\gnu_cs\\arm\\4
  72              		.file 3 "./Generated_Source/PSoC5/cytypes.h"
  73              		.file 4 "./Generated_Source/PSoC5/core_cm3.h"
  74              		.section	.debug_info,"",%progbits
  75              	.Ldebug_info0:
  76 0000 EC000000 		.4byte	0xec
  77 0004 0200     		.2byte	0x2
  78 0006 00000000 		.4byte	.Ldebug_abbrev0
ARM GAS  C:\Users\Martin\AppData\Local\Temp\ccshij1b.s 			page 3


  79 000a 04       		.byte	0x4
  80 000b 01       		.uleb128 0x1
  81 000c 69000000 		.4byte	.LASF15
  82 0010 01       		.byte	0x1
  83 0011 CE000000 		.4byte	.LASF16
  84 0015 DE000000 		.4byte	.LASF17
  85 0019 00000000 		.4byte	.Ldebug_ranges0+0
  86 001d 00000000 		.4byte	0
  87 0021 00000000 		.4byte	0
  88 0025 00000000 		.4byte	.Ldebug_line0
  89 0029 02       		.uleb128 0x2
  90 002a 01       		.byte	0x1
  91 002b 06       		.byte	0x6
  92 002c 26010000 		.4byte	.LASF0
  93 0030 02       		.uleb128 0x2
  94 0031 01       		.byte	0x1
  95 0032 08       		.byte	0x8
  96 0033 B2000000 		.4byte	.LASF1
  97 0037 02       		.uleb128 0x2
  98 0038 02       		.byte	0x2
  99 0039 05       		.byte	0x5
 100 003a 41010000 		.4byte	.LASF2
 101 003e 02       		.uleb128 0x2
 102 003f 02       		.byte	0x2
 103 0040 07       		.byte	0x7
 104 0041 0E000000 		.4byte	.LASF3
 105 0045 03       		.uleb128 0x3
 106 0046 4B010000 		.4byte	.LASF9
 107 004a 02       		.byte	0x2
 108 004b 4F       		.byte	0x4f
 109 004c 50000000 		.4byte	0x50
 110 0050 02       		.uleb128 0x2
 111 0051 04       		.byte	0x4
 112 0052 05       		.byte	0x5
 113 0053 C5000000 		.4byte	.LASF4
 114 0057 02       		.uleb128 0x2
 115 0058 04       		.byte	0x4
 116 0059 07       		.byte	0x7
 117 005a 40000000 		.4byte	.LASF5
 118 005e 02       		.uleb128 0x2
 119 005f 08       		.byte	0x8
 120 0060 05       		.byte	0x5
 121 0061 00000000 		.4byte	.LASF6
 122 0065 02       		.uleb128 0x2
 123 0066 08       		.byte	0x8
 124 0067 07       		.byte	0x7
 125 0068 52000000 		.4byte	.LASF7
 126 006c 04       		.uleb128 0x4
 127 006d 04       		.byte	0x4
 128 006e 05       		.byte	0x5
 129 006f 696E7400 		.ascii	"int\000"
 130 0073 02       		.uleb128 0x2
 131 0074 04       		.byte	0x4
 132 0075 07       		.byte	0x7
 133 0076 21000000 		.4byte	.LASF8
 134 007a 03       		.uleb128 0x3
 135 007b 3A000000 		.4byte	.LASF10
ARM GAS  C:\Users\Martin\AppData\Local\Temp\ccshij1b.s 			page 4


 136 007f 03       		.byte	0x3
 137 0080 5B       		.byte	0x5b
 138 0081 30000000 		.4byte	0x30
 139 0085 02       		.uleb128 0x2
 140 0086 04       		.byte	0x4
 141 0087 04       		.byte	0x4
 142 0088 3B010000 		.4byte	.LASF11
 143 008c 02       		.uleb128 0x2
 144 008d 08       		.byte	0x8
 145 008e 04       		.byte	0x4
 146 008f D7000000 		.4byte	.LASF12
 147 0093 02       		.uleb128 0x2
 148 0094 01       		.byte	0x1
 149 0095 08       		.byte	0x8
 150 0096 C0000000 		.4byte	.LASF13
 151 009a 02       		.uleb128 0x2
 152 009b 04       		.byte	0x4
 153 009c 07       		.byte	0x7
 154 009d 53010000 		.4byte	.LASF14
 155 00a1 05       		.uleb128 0x5
 156 00a2 01       		.byte	0x1
 157 00a3 2E000000 		.4byte	.LASF18
 158 00a7 01       		.byte	0x1
 159 00a8 10       		.byte	0x10
 160 00a9 6C000000 		.4byte	0x6c
 161 00ad 00000000 		.4byte	.LFB56
 162 00b1 2A000000 		.4byte	.LFE56
 163 00b5 00000000 		.4byte	.LLST0
 164 00b9 01       		.byte	0x1
 165 00ba DC000000 		.4byte	0xdc
 166 00be 06       		.uleb128 0x6
 167 00bf 33000000 		.4byte	.LASF19
 168 00c3 01       		.byte	0x1
 169 00c4 12       		.byte	0x12
 170 00c5 7A000000 		.4byte	0x7a
 171 00c9 02       		.byte	0x2
 172 00ca 91       		.byte	0x91
 173 00cb 77       		.sleb128 -9
 174 00cc 07       		.uleb128 0x7
 175 00cd 01       		.byte	0x1
 176 00ce 32010000 		.4byte	.LASF20
 177 00d2 01       		.byte	0x1
 178 00d3 1A       		.byte	0x1a
 179 00d4 6C000000 		.4byte	0x6c
 180 00d8 01       		.byte	0x1
 181 00d9 08       		.uleb128 0x8
 182 00da 00       		.byte	0
 183 00db 00       		.byte	0
 184 00dc 09       		.uleb128 0x9
 185 00dd 19010000 		.4byte	.LASF21
 186 00e1 04       		.byte	0x4
 187 00e2 1606     		.2byte	0x616
 188 00e4 EA000000 		.4byte	0xea
 189 00e8 01       		.byte	0x1
 190 00e9 01       		.byte	0x1
 191 00ea 0A       		.uleb128 0xa
 192 00eb 45000000 		.4byte	0x45
ARM GAS  C:\Users\Martin\AppData\Local\Temp\ccshij1b.s 			page 5


 193 00ef 00       		.byte	0
 194              		.section	.debug_abbrev,"",%progbits
 195              	.Ldebug_abbrev0:
 196 0000 01       		.uleb128 0x1
 197 0001 11       		.uleb128 0x11
 198 0002 01       		.byte	0x1
 199 0003 25       		.uleb128 0x25
 200 0004 0E       		.uleb128 0xe
 201 0005 13       		.uleb128 0x13
 202 0006 0B       		.uleb128 0xb
 203 0007 03       		.uleb128 0x3
 204 0008 0E       		.uleb128 0xe
 205 0009 1B       		.uleb128 0x1b
 206 000a 0E       		.uleb128 0xe
 207 000b 55       		.uleb128 0x55
 208 000c 06       		.uleb128 0x6
 209 000d 11       		.uleb128 0x11
 210 000e 01       		.uleb128 0x1
 211 000f 52       		.uleb128 0x52
 212 0010 01       		.uleb128 0x1
 213 0011 10       		.uleb128 0x10
 214 0012 06       		.uleb128 0x6
 215 0013 00       		.byte	0
 216 0014 00       		.byte	0
 217 0015 02       		.uleb128 0x2
 218 0016 24       		.uleb128 0x24
 219 0017 00       		.byte	0
 220 0018 0B       		.uleb128 0xb
 221 0019 0B       		.uleb128 0xb
 222 001a 3E       		.uleb128 0x3e
 223 001b 0B       		.uleb128 0xb
 224 001c 03       		.uleb128 0x3
 225 001d 0E       		.uleb128 0xe
 226 001e 00       		.byte	0
 227 001f 00       		.byte	0
 228 0020 03       		.uleb128 0x3
 229 0021 16       		.uleb128 0x16
 230 0022 00       		.byte	0
 231 0023 03       		.uleb128 0x3
 232 0024 0E       		.uleb128 0xe
 233 0025 3A       		.uleb128 0x3a
 234 0026 0B       		.uleb128 0xb
 235 0027 3B       		.uleb128 0x3b
 236 0028 0B       		.uleb128 0xb
 237 0029 49       		.uleb128 0x49
 238 002a 13       		.uleb128 0x13
 239 002b 00       		.byte	0
 240 002c 00       		.byte	0
 241 002d 04       		.uleb128 0x4
 242 002e 24       		.uleb128 0x24
 243 002f 00       		.byte	0
 244 0030 0B       		.uleb128 0xb
 245 0031 0B       		.uleb128 0xb
 246 0032 3E       		.uleb128 0x3e
 247 0033 0B       		.uleb128 0xb
 248 0034 03       		.uleb128 0x3
 249 0035 08       		.uleb128 0x8
ARM GAS  C:\Users\Martin\AppData\Local\Temp\ccshij1b.s 			page 6


 250 0036 00       		.byte	0
 251 0037 00       		.byte	0
 252 0038 05       		.uleb128 0x5
 253 0039 2E       		.uleb128 0x2e
 254 003a 01       		.byte	0x1
 255 003b 3F       		.uleb128 0x3f
 256 003c 0C       		.uleb128 0xc
 257 003d 03       		.uleb128 0x3
 258 003e 0E       		.uleb128 0xe
 259 003f 3A       		.uleb128 0x3a
 260 0040 0B       		.uleb128 0xb
 261 0041 3B       		.uleb128 0x3b
 262 0042 0B       		.uleb128 0xb
 263 0043 49       		.uleb128 0x49
 264 0044 13       		.uleb128 0x13
 265 0045 11       		.uleb128 0x11
 266 0046 01       		.uleb128 0x1
 267 0047 12       		.uleb128 0x12
 268 0048 01       		.uleb128 0x1
 269 0049 40       		.uleb128 0x40
 270 004a 06       		.uleb128 0x6
 271 004b 9642     		.uleb128 0x2116
 272 004d 0C       		.uleb128 0xc
 273 004e 01       		.uleb128 0x1
 274 004f 13       		.uleb128 0x13
 275 0050 00       		.byte	0
 276 0051 00       		.byte	0
 277 0052 06       		.uleb128 0x6
 278 0053 34       		.uleb128 0x34
 279 0054 00       		.byte	0
 280 0055 03       		.uleb128 0x3
 281 0056 0E       		.uleb128 0xe
 282 0057 3A       		.uleb128 0x3a
 283 0058 0B       		.uleb128 0xb
 284 0059 3B       		.uleb128 0x3b
 285 005a 0B       		.uleb128 0xb
 286 005b 49       		.uleb128 0x49
 287 005c 13       		.uleb128 0x13
 288 005d 02       		.uleb128 0x2
 289 005e 0A       		.uleb128 0xa
 290 005f 00       		.byte	0
 291 0060 00       		.byte	0
 292 0061 07       		.uleb128 0x7
 293 0062 2E       		.uleb128 0x2e
 294 0063 01       		.byte	0x1
 295 0064 3F       		.uleb128 0x3f
 296 0065 0C       		.uleb128 0xc
 297 0066 03       		.uleb128 0x3
 298 0067 0E       		.uleb128 0xe
 299 0068 3A       		.uleb128 0x3a
 300 0069 0B       		.uleb128 0xb
 301 006a 3B       		.uleb128 0x3b
 302 006b 0B       		.uleb128 0xb
 303 006c 49       		.uleb128 0x49
 304 006d 13       		.uleb128 0x13
 305 006e 3C       		.uleb128 0x3c
 306 006f 0C       		.uleb128 0xc
ARM GAS  C:\Users\Martin\AppData\Local\Temp\ccshij1b.s 			page 7


 307 0070 00       		.byte	0
 308 0071 00       		.byte	0
 309 0072 08       		.uleb128 0x8
 310 0073 18       		.uleb128 0x18
 311 0074 00       		.byte	0
 312 0075 00       		.byte	0
 313 0076 00       		.byte	0
 314 0077 09       		.uleb128 0x9
 315 0078 34       		.uleb128 0x34
 316 0079 00       		.byte	0
 317 007a 03       		.uleb128 0x3
 318 007b 0E       		.uleb128 0xe
 319 007c 3A       		.uleb128 0x3a
 320 007d 0B       		.uleb128 0xb
 321 007e 3B       		.uleb128 0x3b
 322 007f 05       		.uleb128 0x5
 323 0080 49       		.uleb128 0x49
 324 0081 13       		.uleb128 0x13
 325 0082 3F       		.uleb128 0x3f
 326 0083 0C       		.uleb128 0xc
 327 0084 3C       		.uleb128 0x3c
 328 0085 0C       		.uleb128 0xc
 329 0086 00       		.byte	0
 330 0087 00       		.byte	0
 331 0088 0A       		.uleb128 0xa
 332 0089 35       		.uleb128 0x35
 333 008a 00       		.byte	0
 334 008b 49       		.uleb128 0x49
 335 008c 13       		.uleb128 0x13
 336 008d 00       		.byte	0
 337 008e 00       		.byte	0
 338 008f 00       		.byte	0
 339              		.section	.debug_loc,"",%progbits
 340              	.Ldebug_loc0:
 341              	.LLST0:
 342 0000 00000000 		.4byte	.LFB56
 343 0004 02000000 		.4byte	.LCFI0
 344 0008 0200     		.2byte	0x2
 345 000a 7D       		.byte	0x7d
 346 000b 00       		.sleb128 0
 347 000c 02000000 		.4byte	.LCFI0
 348 0010 04000000 		.4byte	.LCFI1
 349 0014 0200     		.2byte	0x2
 350 0016 7D       		.byte	0x7d
 351 0017 08       		.sleb128 8
 352 0018 04000000 		.4byte	.LCFI1
 353 001c 06000000 		.4byte	.LCFI2
 354 0020 0200     		.2byte	0x2
 355 0022 7D       		.byte	0x7d
 356 0023 10       		.sleb128 16
 357 0024 06000000 		.4byte	.LCFI2
 358 0028 2A000000 		.4byte	.LFE56
 359 002c 0200     		.2byte	0x2
 360 002e 77       		.byte	0x77
 361 002f 10       		.sleb128 16
 362 0030 00000000 		.4byte	0
 363 0034 00000000 		.4byte	0
ARM GAS  C:\Users\Martin\AppData\Local\Temp\ccshij1b.s 			page 8


 364              		.section	.debug_aranges,"",%progbits
 365 0000 1C000000 		.4byte	0x1c
 366 0004 0200     		.2byte	0x2
 367 0006 00000000 		.4byte	.Ldebug_info0
 368 000a 04       		.byte	0x4
 369 000b 00       		.byte	0
 370 000c 0000     		.2byte	0
 371 000e 0000     		.2byte	0
 372 0010 00000000 		.4byte	.LFB56
 373 0014 2A000000 		.4byte	.LFE56-.LFB56
 374 0018 00000000 		.4byte	0
 375 001c 00000000 		.4byte	0
 376              		.section	.debug_ranges,"",%progbits
 377              	.Ldebug_ranges0:
 378 0000 00000000 		.4byte	.LFB56
 379 0004 2A000000 		.4byte	.LFE56
 380 0008 00000000 		.4byte	0
 381 000c 00000000 		.4byte	0
 382              		.section	.debug_line,"",%progbits
 383              	.Ldebug_line0:
 384 0000 21010000 		.section	.debug_str,"MS",%progbits,1
 384      0200F900 
 384      00000201 
 384      FB0E0D00 
 384      01010101 
 385              	.LASF6:
 386 0000 6C6F6E67 		.ascii	"long long int\000"
 386      206C6F6E 
 386      6720696E 
 386      7400
 387              	.LASF3:
 388 000e 73686F72 		.ascii	"short unsigned int\000"
 388      7420756E 
 388      7369676E 
 388      65642069 
 388      6E7400
 389              	.LASF8:
 390 0021 756E7369 		.ascii	"unsigned int\000"
 390      676E6564 
 390      20696E74 
 390      00
 391              	.LASF18:
 392 002e 6D61696E 		.ascii	"main\000"
 392      00
 393              	.LASF19:
 394 0033 73746174 		.ascii	"status\000"
 394      757300
 395              	.LASF10:
 396 003a 75696E74 		.ascii	"uint8\000"
 396      3800
 397              	.LASF5:
 398 0040 6C6F6E67 		.ascii	"long unsigned int\000"
 398      20756E73 
 398      69676E65 
 398      6420696E 
 398      7400
 399              	.LASF7:
ARM GAS  C:\Users\Martin\AppData\Local\Temp\ccshij1b.s 			page 9


 400 0052 6C6F6E67 		.ascii	"long long unsigned int\000"
 400      206C6F6E 
 400      6720756E 
 400      7369676E 
 400      65642069 
 401              	.LASF15:
 402 0069 474E5520 		.ascii	"GNU C 4.7.3 20130312 (release) [ARM/embedded-4_7-br"
 402      4320342E 
 402      372E3320 
 402      32303133 
 402      30333132 
 403 009c 616E6368 		.ascii	"anch revision 196615]\000"
 403      20726576 
 403      6973696F 
 403      6E203139 
 403      36363135 
 404              	.LASF1:
 405 00b2 756E7369 		.ascii	"unsigned char\000"
 405      676E6564 
 405      20636861 
 405      7200
 406              	.LASF13:
 407 00c0 63686172 		.ascii	"char\000"
 407      00
 408              	.LASF4:
 409 00c5 6C6F6E67 		.ascii	"long int\000"
 409      20696E74 
 409      00
 410              	.LASF16:
 411 00ce 2E5C6D61 		.ascii	".\\main.c\000"
 411      696E2E63 
 411      00
 412              	.LASF12:
 413 00d7 646F7562 		.ascii	"double\000"
 413      6C6500
 414              	.LASF17:
 415 00de 583A5C72 		.ascii	"X:\\roboticscode\\trunk\\Servo\\SW\\ServoMotor\\Ser"
 415      6F626F74 
 415      69637363 
 415      6F64655C 
 415      7472756E 
 416 010b 766F4D6F 		.ascii	"voMotor.cydsn\000"
 416      746F722E 
 416      63796473 
 416      6E00
 417              	.LASF21:
 418 0119 49544D5F 		.ascii	"ITM_RxBuffer\000"
 418      52784275 
 418      66666572 
 418      00
 419              	.LASF0:
 420 0126 7369676E 		.ascii	"signed char\000"
 420      65642063 
 420      68617200 
 421              	.LASF20:
 422 0132 5453545F 		.ascii	"TST_Init\000"
 422      496E6974 
ARM GAS  C:\Users\Martin\AppData\Local\Temp\ccshij1b.s 			page 10


 422      00
 423              	.LASF11:
 424 013b 666C6F61 		.ascii	"float\000"
 424      7400
 425              	.LASF2:
 426 0141 73686F72 		.ascii	"short int\000"
 426      7420696E 
 426      7400
 427              	.LASF9:
 428 014b 696E7433 		.ascii	"int32_t\000"
 428      325F7400 
 429              	.LASF14:
 430 0153 73697A65 		.ascii	"sizetype\000"
 430      74797065 
 430      00
 431              		.ident	"GCC: (GNU Tools for ARM Embedded Processors) 4.7.3 20130312 (release) [ARM/embedded-4_7-br
